scripts/cpa.sh -heap 10000M -predicateAnalysis-ABElfb-debug -setprop cpa.impacted.eliminate=true -disable-java-assertions -outputpath /home/yqs17/blazer/cpachecker-inc-pred/output-us-precise-cfa/39_7a.mtd--mtdoops.ko.set/032.329ad39.39_7a.cil_safe.i -isIncPred -spec /home/yqs17/blazer/cpachecker-inc-pred/LDVErrorLabel.spc -stats -setprop cpa.impacted.pre_invariants.file=/home/yqs17/blazer/cpachecker-inc-pred/output-us-precise-cfa/39_7a.mtd--mtdoops.ko.set/031.7e1f0dc.39_7a.cil_safe.i/impacted-invariants.txt -setprop analysis.prev.program=/home/yqs17/blazer/cpachecker-inc-pred/programs/drivers--mtd--mtdoops.ko/031.7e1f0dc.39_7a.cil_safe.i -entryfunction ldv_main0_sequence_infinite_withcheck_stateful /home/yqs17/blazer/cpachecker-inc-pred/programs/drivers--mtd--mtdoops.ko/032.329ad39.39_7a.cil_safe.i


--------------------------------------------------------------------------------


Running CPAchecker with Java heap of size 10000M.
Running CPAchecker with the following extra VM options:  -Djava.io.tmpdir=/tmp/BenchExec_run_m24s8gvb/tmp
Number of modified edges: 1
Begin analysis 
Read invariant objects done
ImpactedCPA statistics
----------------------
  Number of invariants partial hits:                            0
  Number of invariants hits:                                    32
  Number of invariants trys:                                    42
  Number of invariants bots:                                    10
  Number of invariants not valid:                               0
  Initial reached size:                                         795
  Input invariants file size:                                   1461
  Max impacted number of variables:                             0
  Number of last version invariants:                            43
  Number of this version invariants:                            0
  CPU time for invariant read:                                      0.230s
  CPU time for invariant write:                                     0.000s
  Time for invariant write:                                         0.000s
  Time for invariant read:                                          0.119s

AutomatonAnalysis (SVCOMP) statistics
-------------------------------------
Number of states:                                  1
Total time for successor computation:                  0.009s
Automaton transfers with branching:                0
Automaton transfer successors:                          568 (count: 568, min: 1, max: 1, avg: 1.00) [1 x 568]

CPA algorithm statistics
------------------------
Number of iterations:            559
Max size of waitlist:            7
Average size of waitlist:        1
Number of computed successors:   568
Max successors for one state:    2
Number of times merged:          0
Number of times stopped:         3
Number of times abs stopped:     19
Number of times nonAbs stopped:  332
Number of coverage check (part): 351
Number of times doAbstraction node:  74
Number of times breaked:         1

Total time for CPA algorithm:         0.073s (Max:     0.073s)
CPU time for CPA algorithm:           0.630s
  Time for choose from waitlist:      0.000s
  Time for precision adjustment:      0.006s
  Time for transfer relation:         0.042s
  Time for merge operator:            0.001s
  Time for stop operator:             0.004s
  Time for adding to reached set:     0.003s

PredicateCPA statistics
-----------------------
Read Precision Time:                0.000s
Precision file size:                0
Write Precision Time:               0.001s
Number of abstractions:            32 (3% of all post computations)
  Times abstraction was reused:    0
  Because of function entry/exit:  60 (188%)
  Because of loop head:            14 (44%)
  Because of join nodes:           0 (0%)
  Because of threshold:            0 (0%)
  Times precision was empty:       0 (0%)
  Times precision was {false}:     0 (0%)
  Times result was cached:         13 (20%)
  Times cartesian abs was used:    0 (0%)
  Times boolean abs was used:      51 (80%)
  Times result was 'false':        0 (0%)
Number of strengthen sat checks:   0
Number of coverage checks:         351
  BDD entailment checks:           19
Number of SMT sat checks:          827
  trivial:                         430
  cached:                          246

Max ABE block size:                       20
Number of predicates discovered:          4
Number of abstraction locations:          0
Max number of predicates per location:    0
Avg number of predicates per location:    0
Total predicates per abstraction:         176
Max number of predicates per abstraction: 4
Avg number of predicates per abstraction: 3.45
Number of irrelevant predicates:          0 (0%)
Number of preds handled by boolean abs:   176 (100%)
  Total number of models for allsat:      51
  Max number of models for allsat:        1
  Avg number of models for allsat:        1.00

Number of path formula cache hits:   204 (17%)

Time for post operator:                  1.146s
  Time for path formula creation:        0.379s
    Actual computation:                  0.357s
Time for strengthen operator:            0.003s
Time for prec operator:                  0.306s
  Time for abstraction:                  0.107s (Max:     0.013s, Count: 32)
    Boolean abstraction:                 0.126s
    Solving time:                        0.065s (Max:     0.009s)
    Model enumeration time:              0.000s
    Time for BDD construction:           0.001s (Max:     0.001s)
Time for merge operator:                 0.073s
Time for coverage check:                 0.000s
  Time for BDD entailment checks:        0.000s
Total time for SMT solver (w/o itp):     0.595s

Number of BDD nodes:                               210
Size of BDD node table:                            466043
Size of BDD cache:                                 46619
Size of BDD node cleanup queue:                          77 (count: 5027, min: 0, max: 77, avg: 0.02)
Time for BDD node cleanup:                             0.000s
Time for BDD garbage collection:                       0.000s (in 0 runs)

PrecisionBootstrap statistics
-----------------------------
Init. function predicates:                         0
Init. global predicates:                           0
Init. location predicates:                         0

ImpactedCPA statistics
----------------------
  Number of invariants partial hits:                            0
  Number of invariants hits:                                    32
  Number of invariants trys:                                    42
  Number of invariants bots:                                    10
  Number of invariants not valid:                               0
  Initial reached size:                                         795
  Input invariants file size:                                   1461
  Max impacted number of variables:                             0
  Number of last version invariants:                            43
  Number of this version invariants:                            41
  CPU time for invariant read:                                      0.230s
  CPU time for invariant write:                                     0.040s
  Time for invariant write:                                         0.022s
  Time for invariant read:                                          0.119s

AutomatonAnalysis (SVCOMP) statistics
-------------------------------------
Number of states:                                  1
Total time for successor computation:                  0.004s
Automaton transfers with branching:                0
Automaton transfer successors:                         1125 (count: 1125, min: 1, max: 1, avg: 1.00) [1 x 1125]

CPA algorithm statistics
------------------------
Number of iterations:            250
Max size of waitlist:            28
Average size of waitlist:        13
Number of computed successors:   301
Max successors for one state:    2
Number of times merged:          146
Number of times stopped:         165
Number of times abs stopped:     19
Number of times nonAbs stopped:  332
Number of coverage check (part): 351
Number of times doAbstraction node:  74
Number of times breaked:         0

Total time for CPA algorithm:         0.248s (Max:     0.248s)
CPU time for CPA algorithm:           0.630s
  Time for choose from waitlist:      0.000s
  Time for precision adjustment:      0.114s
  Time for transfer relation:         0.068s
  Time for merge operator:            0.052s
  Time for stop operator:             0.004s
  Time for adding to reached set:     0.000s

Predicate-Abstraction Refiner statistics
----------------------------------------
  Predicate creation:                                  0.000s
  Precision update:                                    0.000s
  ARG update:                                          0.000s

Length of refined path (in blocks):                       0 (count: 0, min: 0, max: 0, avg: 0.00)
Number of affected states:                                0 (count: 0, min: 0, max: 0, avg: 0.00)
Length (states) of path with itp 'true':                  0 (count: 0, min: 0, max: 0, avg: 0.00)
Length (states) of path with itp non-trivial itp:         0 (count: 0, min: 0, max: 0, avg: 0.00)
Length (states) of path with itp 'false':                 0 (count: 0, min: 0, max: 0, avg: 0.00)
Different non-trivial interpolants along paths:           0 (count: 0, min: 0, max: 0, avg: 0.00)
Equal non-trivial interpolants along paths:               0 (count: 0, min: 0, max: 0, avg: 0.00)
Different precisions along paths:                         0 (count: 0, min: 0, max: 0, avg: 0.00)
Equal precisions along paths:                             0 (count: 0, min: 0, max: 0, avg: 0.00)
Number of refs with location-based cutoff:                0

CEGAR algorithm statistics
--------------------------
Number of refinements:                0
Refinement times:             0
First time for refinement:             0.249s
Last time for refinement:              0.249s
Average time for analysis:          0.249s
Number of analysis:                1

Code Coverage
-----------------------------
  Visited lines:          1992
  Total lines:            5
  Line coverage:          398.400

CPAchecker general statistics
-----------------------------
Number of program locations:     1471
Number of CFA edges:             1624
Number of relevant variables:    188
Number of functions:             65
Number of loops:                 5
Size of reached set:             931
  Number of reached locations:   848 (58%)
    Avg states per location:     1
    Max states per location:     4 (at node N495)
  Number of reached functions:   20 (31%)
  Number of partitions:          929
    Avg size of partitions:      1
    Max size of partitions:      2 (with key [N98 (entry of function mark_page_unused in /work/ldvuser/novikov/work/current--X--drivers/mtd/mtdoops.ko--X--defaultlinux--X--39_7a--X--cpachecker/linux/csd_deg_dscv/11/dscv_tempdir/dscv/ri/39_7a/drivers/mtd/mtdoops.c.prepared, lines 121-131), -129615436, Init])
  Number of target states:       0

Time for analysis setup:                   5.379s
  Time for cfa diff:                   2.129s
  Time for loading CPAs:                   0.359s
  Time for impacted traverse:              0.007s
  Time for loading parser:        0.031s
  Time for CFA construction:      0.994s
    Time for parsing file(s):     0.329s
    Time for AST to CFA:          0.347s
    Time for CFA sanity check:    0.000s
    Time for post-processing:     0.198s
      Time for var class.:        0.000s
Time for normal Analysis:                         0.249s
CPU time for analysis:                     3.510s
CPU time for impacted:                     0.540s
CPU time for normal analysis:              0.490s
CPU time for init:                         3.020s

Time for Garbage Collector:       0.165s (in 6 runs)
Garbage Collector(s) used:    PS MarkSweep, PS Scavenge
Used heap memory:                171MB (   163 MiB) max;     62MB (    59 MiB) avg;    189MB (   180 MiB) peak
Used non-heap memory:             35MB (    33 MiB) max;     26MB (    25 MiB) avg;     37MB (    35 MiB) peak
Used in PS Old Gen pool:          19MB (    18 MiB) max;      8MB (     8 MiB) avg;     23MB (    22 MiB) peak
Allocated heap memory:           253MB (   242 MiB) max;    202MB (   192 MiB) avg
Allocated non-heap memory:        37MB (    35 MiB) max;     27MB (    26 MiB) avg
Total process virtual memory:  13307MB ( 12691 MiB) max;  13283MB ( 12668 MiB) avg

Verification result: TRUE. No property violation found by chosen configuration.
More details about the verification run can be found in the directory "/home/yqs17/blazer/cpachecker-inc-pred/output-us-precise-cfa/39_7a.mtd--mtdoops.ko.set/032.329ad39.39_7a.cil_safe.i".
