scripts/cpa.sh -heap 10000M -predicateAnalysis-ABElfb-debug -setprop cpa.impacted.eliminate=true -disable-java-assertions -outputpath /home/yqs17/blazer/cpachecker-inc-pred/output-us-precise-cfa/08_1a.scsi--dmx3191d.ko.set/006.6f03979.08_1a.cil_safe.i -isIncPred -spec /home/yqs17/blazer/cpachecker-inc-pred/LDVErrorLabel.spc -stats -setprop cpa.impacted.pre_invariants.file=/home/yqs17/blazer/cpachecker-inc-pred/output-us-precise-cfa/08_1a.scsi--dmx3191d.ko.set/005.6070d81.08_1a.cil_safe.i/impacted-invariants.txt -setprop analysis.prev.program=/home/yqs17/blazer/cpachecker-inc-pred/programs/drivers--scsi--dmx3191d.ko/005.6070d81.08_1a.cil_safe.i -entryfunction ldv_main0_sequence_infinite_withcheck_stateful /home/yqs17/blazer/cpachecker-inc-pred/programs/drivers--scsi--dmx3191d.ko/006.6f03979.08_1a.cil_safe.i


--------------------------------------------------------------------------------


Running CPAchecker with Java heap of size 10000M.
Running CPAchecker with the following extra VM options:  -Djava.io.tmpdir=/tmp/BenchExec_run_gszhbmpb/tmp
Number of modified edges: 175
Begin analysis 
Read invariant objects done
ImpactedCPA statistics
----------------------
  Number of invariants partial hits:                            0
  Number of invariants hits:                                    23
  Number of invariants trys:                                    31
  Number of invariants bots:                                    8
  Number of invariants not valid:                               0
  Initial reached size:                                         1016
  Input invariants file size:                                   1807
  Max impacted number of variables:                             0
  Number of last version invariants:                            83
  Number of this version invariants:                            0
  CPU time for invariant read:                                      0.520s
  CPU time for invariant write:                                     0.000s
  Time for invariant write:                                         0.000s
  Time for invariant read:                                          0.280s

AutomatonAnalysis (SVCOMP) statistics
-------------------------------------
Number of states:                                  1
Total time for successor computation:                  0.017s
Automaton transfers with branching:                0
Automaton transfer successors:                          832 (count: 832, min: 1, max: 1, avg: 1.00) [1 x 832]

CPA algorithm statistics
------------------------
Number of iterations:            828
Max size of waitlist:            4
Average size of waitlist:        1
Number of computed successors:   832
Max successors for one state:    2
Number of times merged:          0
Number of times stopped:         1
Number of times abs stopped:     84
Number of times nonAbs stopped:  146
Number of coverage check (part): 230
Number of times doAbstraction node:  385
Number of times breaked:         1

Total time for CPA algorithm:         0.110s (Max:     0.110s)
CPU time for CPA algorithm:           2.250s
  Time for choose from waitlist:      0.002s
  Time for precision adjustment:      0.013s
  Time for transfer relation:         0.061s
  Time for merge operator:            0.000s
  Time for stop operator:             0.009s
  Time for adding to reached set:     0.004s

PredicateCPA statistics
-----------------------
Read Precision Time:                0.000s
Precision file size:                4927
Write Precision Time:               0.006s
Number of abstractions:            354 (14% of all post computations)
  Times abstraction was reused:    0
  Because of function entry/exit:  310 (88%)
  Because of loop head:            75 (21%)
  Because of join nodes:           0 (0%)
  Because of threshold:            0 (0%)
  Times precision was empty:       0 (0%)
  Times precision was {false}:     0 (0%)
  Times result was cached:         246 (65%)
  Times cartesian abs was used:    0 (0%)
  Times boolean abs was used:      131 (35%)
  Times result was 'false':        2 (1%)
Number of strengthen sat checks:   0
Number of coverage checks:         230
  BDD entailment checks:           84
Number of SMT sat checks:          1033
  trivial:                         710
  cached:                          221

Max ABE block size:                       14
Number of predicates discovered:          4
Number of abstraction locations:          0
Max number of predicates per location:    0
Avg number of predicates per location:    0
Total predicates per abstraction:         477
Max number of predicates per abstraction: 4
Avg number of predicates per abstraction: 3.64
Number of irrelevant predicates:          0 (0%)
Number of preds handled by boolean abs:   477 (100%)
  Total number of models for allsat:      237
  Max number of models for allsat:        2
  Avg number of models for allsat:        1.81

Number of path formula cache hits:   739 (27%)

Time for post operator:                  0.805s
  Time for path formula creation:        0.406s
    Actual computation:                  0.351s
Time for strengthen operator:            0.018s
Time for prec operator:                  0.743s
  Time for abstraction:                  0.544s (Max:     0.025s, Count: 354)
    Boolean abstraction:                 0.269s
    Solving time:                        0.088s (Max:     0.012s)
    Model enumeration time:              0.041s
    Time for BDD construction:           0.018s (Max:     0.001s)
Time for merge operator:                 0.013s
Time for coverage check:                 0.002s
  Time for BDD entailment checks:        0.002s
Total time for SMT solver (w/o itp):     0.381s

Number of BDD nodes:                               222
Size of BDD node table:                            466043
Size of BDD cache:                                 46619
Size of BDD node cleanup queue:                         210 (count: 8336, min: 0, max: 210, avg: 0.03)
Time for BDD node cleanup:                             0.005s
Time for BDD garbage collection:                       0.000s (in 0 runs)

PrecisionBootstrap statistics
-----------------------------
Init. function predicates:                         0
Init. global predicates:                           0
Init. location predicates:                         0

ImpactedCPA statistics
----------------------
  Number of invariants partial hits:                            0
  Number of invariants hits:                                    23
  Number of invariants trys:                                    31
  Number of invariants bots:                                    8
  Number of invariants not valid:                               0
  Initial reached size:                                         1016
  Input invariants file size:                                   1807
  Max impacted number of variables:                             0
  Number of last version invariants:                            83
  Number of this version invariants:                            82
  CPU time for invariant read:                                      0.520s
  CPU time for invariant write:                                     0.050s
  Time for invariant write:                                         0.025s
  Time for invariant read:                                          0.280s

AutomatonAnalysis (SVCOMP) statistics
-------------------------------------
Number of states:                                  1
Total time for successor computation:                  0.007s
Automaton transfers with branching:                0
Automaton transfer successors:                         2578 (count: 2578, min: 1, max: 1, avg: 1.00) [1 x 2578]

CPA algorithm statistics
------------------------
Number of iterations:            1438
Max size of waitlist:            24
Average size of waitlist:        17
Number of computed successors:   1546
Max successors for one state:    2
Number of times merged:          64
Number of times stopped:         148
Number of times abs stopped:     84
Number of times nonAbs stopped:  146
Number of coverage check (part): 230
Number of times doAbstraction node:  385
Number of times breaked:         0

Total time for CPA algorithm:         1.031s (Max:     1.031s)
CPU time for CPA algorithm:           2.250s
  Time for choose from waitlist:      0.017s
  Time for precision adjustment:      0.588s
  Time for transfer relation:         0.337s
  Time for merge operator:            0.020s
  Time for stop operator:             0.014s
  Time for adding to reached set:     0.012s

Predicate-Abstraction Refiner statistics
----------------------------------------
  Predicate creation:                                  0.000s
  Precision update:                                    0.000s
  ARG update:                                          0.000s

Length of refined path (in blocks):                       0 (count: 0, min: 0, max: 0, avg: 0.00)
Number of affected states:                                0 (count: 0, min: 0, max: 0, avg: 0.00)
Length (states) of path with itp 'true':                  0 (count: 0, min: 0, max: 0, avg: 0.00)
Length (states) of path with itp non-trivial itp:         0 (count: 0, min: 0, max: 0, avg: 0.00)
Length (states) of path with itp 'false':                 0 (count: 0, min: 0, max: 0, avg: 0.00)
Different non-trivial interpolants along paths:           0 (count: 0, min: 0, max: 0, avg: 0.00)
Equal non-trivial interpolants along paths:               0 (count: 0, min: 0, max: 0, avg: 0.00)
Different precisions along paths:                         0 (count: 0, min: 0, max: 0, avg: 0.00)
Equal precisions along paths:                             0 (count: 0, min: 0, max: 0, avg: 0.00)
Number of refs with location-based cutoff:                0

CEGAR algorithm statistics
--------------------------
Number of refinements:                0
Refinement times:             0
First time for refinement:             1.031s
Last time for refinement:              1.031s
Average time for analysis:          1.031s
Number of analysis:                1

Code Coverage
-----------------------------
  Visited lines:          4026
  Total lines:            12
  Line coverage:          335.500

CPAchecker general statistics
-----------------------------
Number of program locations:     2253
Number of CFA edges:             2752
Number of relevant variables:    311
Number of functions:             54
Number of loops:                 19
Size of reached set:             2412
  Number of reached locations:   1275 (57%)
    Avg states per location:     1
    Max states per location:     35 (at node N64)
  Number of reached functions:   23 (43%)
  Number of partitions:          2349
    Avg size of partitions:      1
    Max size of partitions:      5 (with key [N70 (entry of function inb in /work/ldvuser/novikov/inst/current/envs/linux/linux/arch/x86/include/asm/io.h, lines 308-318), 1518203266, Init])
  Number of target states:       0

Time for analysis setup:                  25.984s
  Time for cfa diff:                  22.512s
  Time for loading CPAs:                   0.437s
  Time for impacted traverse:              0.017s
  Time for loading parser:        0.036s
  Time for CFA construction:      1.562s
    Time for parsing file(s):     0.471s
    Time for AST to CFA:          0.536s
    Time for CFA sanity check:    0.000s
    Time for post-processing:     0.370s
      Time for var class.:        0.000s
Time for normal Analysis:                         1.032s
CPU time for analysis:                     3.770s
CPU time for impacted:                     0.670s
CPU time for normal analysis:              2.040s
CPU time for init:                         1.730s

Time for Garbage Collector:       0.204s (in 7 runs)
Garbage Collector(s) used:    PS MarkSweep, PS Scavenge
Used heap memory:                176MB (   168 MiB) max;     86MB (    82 MiB) avg;    201MB (   191 MiB) peak
Used non-heap memory:             34MB (    32 MiB) max;     26MB (    25 MiB) avg;     35MB (    34 MiB) peak
Used in PS Old Gen pool:          24MB (    23 MiB) max;     15MB (    14 MiB) avg;     32MB (    31 MiB) peak
Allocated heap memory:           392MB (   374 MiB) max;    195MB (   186 MiB) avg
Allocated non-heap memory:        36MB (    35 MiB) max;     27MB (    26 MiB) avg
Total process virtual memory:  13307MB ( 12691 MiB) max;  13295MB ( 12679 MiB) avg

Verification result: TRUE. No property violation found by chosen configuration.
More details about the verification run can be found in the directory "/home/yqs17/blazer/cpachecker-inc-pred/output-us-precise-cfa/08_1a.scsi--dmx3191d.ko.set/006.6f03979.08_1a.cil_safe.i".
