scripts/cpa.sh -heap 10000M -predicateAnalysis-ABElfb-debug -setprop cpa.impacted.eliminate=true -disable-java-assertions -outputpath /home/yqs17/blazer/cpachecker-inc-pred/output-us-precise-cfa/32_1.auxdisplay--cfag12864b.ko.set/003.450c622.32_1.cil_safe.i -stats -spec /home/yqs17/blazer/cpachecker-inc-pred/LDVErrorLabel.spc -entryfunction ldv_main0_sequence_infinite_withcheck_stateful /home/yqs17/blazer/cpachecker-inc-pred/programs/drivers--auxdisplay--cfag12864b.ko/003.450c622.32_1.cil_safe.i


--------------------------------------------------------------------------------


Running CPAchecker with Java heap of size 10000M.
Running CPAchecker with the following extra VM options:  -Djava.io.tmpdir=/tmp/BenchExec_run_998lhafy/tmp
Begin analysis 
PredicateCPA statistics
-----------------------
Read Precision Time:                0.000s
Precision file size:                2684
Write Precision Time:               0.004s
Number of abstractions:            1555 (27% of all post computations)
  Times abstraction was reused:    0
  Because of function entry/exit:  1497 (96%)
  Because of loop head:            58 (4%)
  Because of join nodes:           0 (0%)
  Because of threshold:            0 (0%)
  Times precision was empty:       681 (44%)
  Times precision was {false}:     45 (3%)
  Times result was cached:         617 (40%)
  Times cartesian abs was used:    0 (0%)
  Times boolean abs was used:      212 (14%)
  Times result was 'false':        27 (2%)
Number of strengthen sat checks:   10
  Times result was 'false':        0 (0%)
Number of coverage checks:         635
  BDD entailment checks:           119
Number of SMT sat checks:          10
  trivial:                         10
  cached:                          0

Max ABE block size:                       18
Number of predicates discovered:          8
Number of abstraction locations:          0
Max number of predicates per location:    0
Avg number of predicates per location:    0
Total predicates per abstraction:         491
Max number of predicates per abstraction: 5
Avg number of predicates per abstraction: 1.91
Number of irrelevant predicates:          136 (28%)
Number of preds handled by boolean abs:   355 (72%)
  Total number of models for allsat:      215
  Max number of models for allsat:        2
  Avg number of models for allsat:        1.01

Number of path formula cache hits:   5897 (81%)

Time for post operator:                  0.610s
  Time for path formula creation:        0.321s
    Actual computation:                  0.252s
Time for strengthen operator:            0.034s
  Time for satisfiability checks:        0.000s
Time for prec operator:                  0.729s
  Time for abstraction:                  0.592s (Max:     0.024s, Count: 1555)
    Boolean abstraction:                 0.165s
    Solving time:                        0.082s (Max:     0.010s)
    Model enumeration time:              0.012s
    Time for BDD construction:           0.006s (Max:     0.001s)
Time for merge operator:                 0.028s
Time for coverage check:                 0.009s
  Time for BDD entailment checks:        0.008s
Total time for SMT solver (w/o itp):     0.094s

Number of BDD nodes:                               243
Size of BDD node table:                            466043
Size of BDD cache:                                 46619
Size of BDD node cleanup queue:                         246 (count: 4329, min: 0, max: 216, avg: 0.06)
Time for BDD node cleanup:                             0.003s
Time for BDD garbage collection:                       0.000s (in 0 runs)

PrecisionBootstrap statistics
-----------------------------
Init. function predicates:                         0
Init. global predicates:                           0
Init. location predicates:                         0

ImpactedCPA statistics
----------------------
  Number of invariants partial hits:                            0
  Number of invariants hits:                                    0
  Number of invariants trys:                                    0
  Number of invariants bots:                                    0
  Number of invariants not valid:                               0
  Initial reached size:                                         1
  Input invariants file size:                                   0
  Max impacted number of variables:                             0
  Number of last version invariants:                            0
  Number of this version invariants:                            63
  CPU time for invariant read:                                      0.000s
  CPU time for invariant write:                                     0.100s
  Time for invariant write:                                         0.047s
  Time for invariant read:                                          0.000s

AutomatonAnalysis (SVCOMP) statistics
-------------------------------------
Number of states:                                  1
Total time for successor computation:                  0.035s
Automaton transfers with branching:                0
Automaton transfer successors:                         5758 (count: 5758, min: 1, max: 1, avg: 1.00) [1 x 5758]

CPA algorithm statistics
------------------------
Number of iterations:            5358
Max size of waitlist:            9
Average size of waitlist:        5
Number of computed successors:   5758
Max successors for one state:    2
Number of times merged:          258
Number of times stopped:         358
Number of times abs stopped:     100
Number of times nonAbs stopped:  516
Number of coverage check (part): 635
Number of times doAbstraction node:  1555
Number of times breaked:         10

Total time for CPA algorithm:         2.085s (Max:     0.429s)
CPU time for CPA algorithm:           4.080s
  Time for choose from waitlist:      0.026s
  Time for precision adjustment:      0.810s
  Time for transfer relation:         0.928s
  Time for merge operator:            0.055s
  Time for stop operator:             0.047s
  Time for adding to reached set:     0.071s

Predicate-Abstraction Refiner statistics
----------------------------------------
Avg. length of target path (in blocks):                 768 (count: 10, min: 7, max: 146, avg: 76.80)
Number of infeasible sliced prefixes:                     0 (count: 0, min: 0, max: 0, avg: 0.00)

Time for refinement:                                   1.519s
  Counterexample analysis:                1.438s (Max:     0.268s, Calls: 10)
    Refinement sat check:                 0.246s
    Interpolant computation:              0.000s
  Error path post-processing:                          0.000s
  Path-formulas extraction:                            0.001s
  Building the counterexample trace:                   1.438s
  Extracting precise counterexample:                   0.000s
  Extracting infeasible sliced prefixes:               0.000s
  Selecting infeasible sliced prefixes:                0.000s
  Predicate creation:                                  0.010s
  Precision update:                                    0.010s
  ARG update:                                          0.038s

Length of refined path (in blocks):                     674 (count: 10, min: 6, max: 145, avg: 67.40)
Number of affected states:                              278 (count: 10, min: 1, max: 109, avg: 27.80)
Length (states) of path with itp 'true':                386 (count: 10, min: 0, max: 110, avg: 38.60)
Length (states) of path with itp non-trivial itp:       278 (count: 10, min: 1, max: 109, avg: 27.80)
Length (states) of path with itp 'false':                10 (count: 10, min: 1, max: 1, avg: 1.00)
Different non-trivial interpolants along paths:           0 (count: 10, min: 0, max: 0, avg: 0.00)
Equal non-trivial interpolants along paths:             268 (count: 10, min: 0, max: 108, avg: 26.80)
Different precisions along paths:                         0 (count: 0, min: 0, max: 0, avg: 0.00)
Equal precisions along paths:                             0 (count: 0, min: 0, max: 0, avg: 0.00)
Number of refs with location-based cutoff:                0

CEGAR algorithm statistics
--------------------------
Number of refinements:                10
Number of successful refinements:     10
Number of failed refinements:         0
Max. size of reached set before ref.: 1033
Max. size of reached set after ref.:  868
Avg. size of reached set before ref.: 883.70
Avg. size of reached set after ref.:  449.60

Total time for CEGAR algorithm:       3.627s
CPU time for CEGAR algorithm:         7.150s
Time for refinements:                 1.540s
CPU time for refinements:             3.070s
Average time for refinement:          0.154s
Max time for refinement:              0.274s
First time for refinement:             0.189s
Last time for refinement:              0.087s
Average time for analysis:          0.189s
Number of analysis:                11

Code Coverage
-----------------------------
  Visited lines:          633
  Total lines:            10
  Line coverage:          63.300

CPAchecker general statistics
-----------------------------
Number of program locations:     632
Number of CFA edges:             753
Number of relevant variables:    49
Number of functions:             41
Number of loops:                 7
Size of reached set:             1033
  Number of reached locations:   433 (69%)
    Avg states per location:     2
    Max states per location:     39 (at node N30)
  Number of reached functions:   22 (54%)
  Number of partitions:          1030
    Avg size of partitions:      1
    Max size of partitions:      2 (with key [N150 (before /work/ldvuser/novikov/work/current--X--drivers/auxdisplay/cfag12864b.ko--X--defaultlinux--X--32_1--X--cpachecker/linux/csd_deg_dscv/11/dscv_tempdir/dscv/ri/32_1/drivers/auxdisplay/cfag12864b.c, lines 209-239), Function cfag12864b_clear called from node N325, stack depth 3 [4cc65c2], stack [ldv_main0_sequence_infinite_withcheck_stateful, cfag12864b_init, cfag12864b_clear], Init])
  Number of target states:       0

Time for analysis setup:                   1.223s
  Time for cfa diff:                   0.000s
  Time for loading CPAs:                   0.351s
  Time for impacted traverse:              0.004s
  Time for loading parser:        0.021s
  Time for CFA construction:      0.756s
    Time for parsing file(s):     0.247s
    Time for AST to CFA:          0.268s
    Time for CFA sanity check:    0.001s
    Time for post-processing:     0.152s
      Time for var class.:        0.000s
Time for normal Analysis:                         3.627s
CPU time for analysis:                     7.150s
CPU time for impacted:                     0.000s
CPU time for normal analysis:              7.160s
CPU time for init:                         0.000s

Time for Garbage Collector:       0.180s (in 6 runs)
Garbage Collector(s) used:    PS MarkSweep, PS Scavenge
Used heap memory:                153MB (   146 MiB) max;     58MB (    55 MiB) avg;    177MB (   169 MiB) peak
Used non-heap memory:             35MB (    34 MiB) max;     28MB (    27 MiB) avg;     36MB (    34 MiB) peak
Used in PS Old Gen pool:          19MB (    18 MiB) max;     10MB (     9 MiB) avg;     19MB (    18 MiB) peak
Allocated heap memory:           270MB (   258 MiB) max;    204MB (   194 MiB) avg
Allocated non-heap memory:        36MB (    35 MiB) max;     29MB (    28 MiB) avg
Total process virtual memory:  13240MB ( 12627 MiB) max;  13237MB ( 12624 MiB) avg

Verification result: TRUE. No property violation found by chosen configuration.
More details about the verification run can be found in the directory "/home/yqs17/blazer/cpachecker-inc-pred/output-us-precise-cfa/32_1.auxdisplay--cfag12864b.ko.set/003.450c622.32_1.cil_safe.i".
