scripts/cpa.sh -heap 10000M -predicateAnalysis-ABElfb-debug -setprop cpa.impacted.eliminate=true -disable-java-assertions -outputpath /home/yqs17/blazer/cpachecker-inc-pred/output-us-precise-cfa/43_1a.gpu--drm--i915--i915.ko.set/004.585fb11.43_1a.cil_safe.i -isIncPred -spec /home/yqs17/blazer/cpachecker-inc-pred/LDVErrorLabel.spc -stats -setprop cpa.impacted.pre_invariants.file=/home/yqs17/blazer/cpachecker-inc-pred/output-us-precise-cfa/43_1a.gpu--drm--i915--i915.ko.set/003.962d4fd.43_1a.cil_safe.i/impacted-invariants.txt -setprop analysis.prev.program=/home/yqs17/blazer/cpachecker-inc-pred/programs/drivers--gpu--drm--i915--i915.ko/003.962d4fd.43_1a.cil_safe.i -entryfunction ldv_main0_sequence_infinite_withcheck_stateful /home/yqs17/blazer/cpachecker-inc-pred/programs/drivers--gpu--drm--i915--i915.ko/004.585fb11.43_1a.cil_safe.i


--------------------------------------------------------------------------------


Running CPAchecker with Java heap of size 10000M.
Running CPAchecker with the following extra VM options:  -Djava.io.tmpdir=/tmp/BenchExec_run_fos1i86h/tmp
Number of modified edges: 20
Begin analysis 
Read invariant objects done
PredicateCPA statistics
-----------------------
Read Precision Time:                0.000s
Precision file size:                312
Write Precision Time:               0.004s
Number of abstractions:            583 (18% of all post computations)
  Times abstraction was reused:    0
  Because of function entry/exit:  559 (96%)
  Because of loop head:            47 (8%)
  Because of join nodes:           0 (0%)
  Because of threshold:            0 (0%)
  Times precision was empty:       0 (0%)
  Times precision was {false}:     0 (0%)
  Times result was cached:         206 (34%)
  Times cartesian abs was used:    0 (0%)
  Times boolean abs was used:      394 (66%)
  Times result was 'false':        0 (0%)
Number of strengthen sat checks:   0
Number of coverage checks:         377
  BDD entailment checks:           59
Number of SMT sat checks:          917
  trivial:                         631
  cached:                          240

Max ABE block size:                       21
Number of predicates discovered:          1
Number of abstraction locations:          0
Max number of predicates per location:    0
Avg number of predicates per location:    0
Total predicates per abstraction:         394
Max number of predicates per abstraction: 1
Avg number of predicates per abstraction: 1.00
Number of irrelevant predicates:          0 (0%)
Number of preds handled by boolean abs:   394 (100%)
  Total number of models for allsat:      394
  Max number of models for allsat:        1
  Avg number of models for allsat:        1.00

Number of path formula cache hits:   163 (5%)

Time for post operator:                  1.013s
  Time for path formula creation:        0.723s
    Actual computation:                  0.678s
Time for strengthen operator:            0.016s
Time for prec operator:                  0.561s
  Time for abstraction:                  0.422s (Max:     0.024s, Count: 583)
    Boolean abstraction:                 0.162s
    Solving time:                        0.085s (Max:     0.014s)
    Model enumeration time:              0.011s
    Time for BDD construction:           0.031s (Max:     0.008s)
Time for merge operator:                 0.058s
Time for coverage check:                 0.000s
  Time for BDD entailment checks:        0.000s
Total time for SMT solver (w/o itp):     0.225s

Number of BDD nodes:                               202
Size of BDD node table:                            466043
Size of BDD cache:                                 46619
Size of BDD node cleanup queue:                           0 (count: 18124, min: 0, max: 0, avg: 0.00)
Time for BDD node cleanup:                             0.005s
Time for BDD garbage collection:                       0.000s (in 0 runs)

PrecisionBootstrap statistics
-----------------------------
Init. function predicates:                         0
Init. global predicates:                           0
Init. location predicates:                         0

ImpactedCPA statistics
----------------------
  Number of invariants partial hits:                            0
  Number of invariants hits:                                    17
  Number of invariants trys:                                    23
  Number of invariants bots:                                    6
  Number of invariants not valid:                               0
  Initial reached size:                                         910
  Input invariants file size:                                   1945
  Max impacted number of variables:                             0
  Number of last version invariants:                            266
  Number of this version invariants:                            241
  CPU time for invariant read:                                      0.730s
  CPU time for invariant write:                                     0.060s
  Time for invariant write:                                         0.033s
  Time for invariant read:                                          0.379s

AutomatonAnalysis (SVCOMP) statistics
-------------------------------------
Number of states:                                  1
Total time for successor computation:                  0.036s
Automaton transfers with branching:                0
Automaton transfer successors:                         3311 (count: 3311, min: 1, max: 1, avg: 1.00) [1 x 3311]

CPA algorithm statistics
------------------------
Number of iterations:            2204
Max size of waitlist:            15
Average size of waitlist:        8
Number of computed successors:   2394
Max successors for one state:    2
Number of times merged:          157
Number of times stopped:         216
Number of times abs stopped:     59
Number of times nonAbs stopped:  318
Number of coverage check (part): 377
Number of times doAbstraction node:  606
Number of times breaked:         0

Total time for CPA algorithm:         1.499s (Max:     1.499s)
CPU time for CPA algorithm:           2.990s
  Time for choose from waitlist:      0.006s
  Time for precision adjustment:      0.506s
  Time for transfer relation:         0.787s
  Time for merge operator:            0.082s
  Time for stop operator:             0.017s
  Time for adding to reached set:     0.021s

Predicate-Abstraction Refiner statistics
----------------------------------------
  Predicate creation:                                  0.000s
  Precision update:                                    0.000s
  ARG update:                                          0.000s

Length of refined path (in blocks):                       0 (count: 0, min: 0, max: 0, avg: 0.00)
Number of affected states:                                0 (count: 0, min: 0, max: 0, avg: 0.00)
Length (states) of path with itp 'true':                  0 (count: 0, min: 0, max: 0, avg: 0.00)
Length (states) of path with itp non-trivial itp:         0 (count: 0, min: 0, max: 0, avg: 0.00)
Length (states) of path with itp 'false':                 0 (count: 0, min: 0, max: 0, avg: 0.00)
Different non-trivial interpolants along paths:           0 (count: 0, min: 0, max: 0, avg: 0.00)
Equal non-trivial interpolants along paths:               0 (count: 0, min: 0, max: 0, avg: 0.00)
Different precisions along paths:                         0 (count: 0, min: 0, max: 0, avg: 0.00)
Equal precisions along paths:                             0 (count: 0, min: 0, max: 0, avg: 0.00)
Number of refs with location-based cutoff:                0

CEGAR algorithm statistics
--------------------------
Number of refinements:                0
Refinement times:             0
First time for refinement:             1.499s
Last time for refinement:              1.499s
Average time for analysis:          1.499s
Number of analysis:                1

Code Coverage
-----------------------------
  Visited lines:          3708
  Total lines:            10
  Line coverage:          370.800

CPAchecker general statistics
-----------------------------
Number of program locations:     4721
Number of CFA edges:             5986
Number of relevant variables:    897
Number of functions:             131
Number of loops:                 37
Size of reached set:             3088
  Number of reached locations:   1661 (35%)
    Avg states per location:     1
    Max states per location:     97 (at node N12)
  Number of reached functions:   20 (15%)
  Number of partitions:          3060
    Avg size of partitions:      1
    Max size of partitions:      4 (with key [N13 (entry of function readl in include/asm/io.h, lines 20-30), -1387065524, Init])
  Number of target states:       0

Time for analysis setup:                  11.520s
  Time for cfa diff:                   7.621s
  Time for loading CPAs:                   0.387s
  Time for impacted traverse:              0.018s
  Time for loading parser:        0.033s
  Time for CFA construction:      2.249s
    Time for parsing file(s):     0.524s
    Time for AST to CFA:          0.797s
    Time for CFA sanity check:    0.000s
    Time for post-processing:     0.686s
      Time for var class.:        0.000s
Time for normal Analysis:                         1.499s
CPU time for analysis:                     4.340s
CPU time for impacted:                     0.000s
CPU time for normal analysis:              3.000s
CPU time for init:                         1.340s

Time for Garbage Collector:       0.290s (in 7 runs)
Garbage Collector(s) used:    PS MarkSweep, PS Scavenge
Used heap memory:                229MB (   219 MiB) max;    117MB (   112 MiB) avg;    276MB (   264 MiB) peak
Used non-heap memory:             36MB (    34 MiB) max;     28MB (    26 MiB) avg;     37MB (    36 MiB) peak
Used in PS Old Gen pool:          44MB (    42 MiB) max;     22MB (    21 MiB) avg;     44MB (    42 MiB) peak
Allocated heap memory:           438MB (   418 MiB) max;    280MB (   267 MiB) avg
Allocated non-heap memory:        38MB (    36 MiB) max;     29MB (    27 MiB) avg
Total process virtual memory:  13307MB ( 12691 MiB) max;  13283MB ( 12668 MiB) avg

Verification result: TRUE. No property violation found by chosen configuration.
More details about the verification run can be found in the directory "/home/yqs17/blazer/cpachecker-inc-pred/output-us-precise-cfa/43_1a.gpu--drm--i915--i915.ko.set/004.585fb11.43_1a.cil_safe.i".
