scripts/cpa.sh -heap 10000M -predicateAnalysis-ABElfb-debug -setprop cpa.impacted.eliminate=true -disable-java-assertions -outputpath /home/yqs17/blazer/cpachecker-inc-pred/output-us-precise-cfa/32_7a.block--drbd--drbd.ko.set/025.a393db6.32_7a.cil_safe.i -isIncPred -spec /home/yqs17/blazer/cpachecker-inc-pred/LDVErrorLabel.spc -stats -setprop cpa.impacted.pre_invariants.file=/home/yqs17/blazer/cpachecker-inc-pred/output-us-precise-cfa/32_7a.block--drbd--drbd.ko.set/024.b10d96c.32_7a.cil_safe.i/impacted-invariants.txt -setprop analysis.prev.program=/home/yqs17/blazer/cpachecker-inc-pred/programs/drivers--block--drbd--drbd.ko/024.b10d96c.32_7a.cil_safe.i -entryfunction ldv_main1_sequence_infinite_withcheck_stateful /home/yqs17/blazer/cpachecker-inc-pred/programs/drivers--block--drbd--drbd.ko/025.a393db6.32_7a.cil_safe.i


--------------------------------------------------------------------------------


Running CPAchecker with Java heap of size 10000M.
Running CPAchecker with the following extra VM options:  -Djava.io.tmpdir=/tmp/BenchExec_run_y7jltkyn/tmp
Number of modified edges: 14
Begin analysis 
Read invariant objects done
ImpactedCPA statistics
----------------------
  Number of invariants partial hits:                            0
  Number of invariants hits:                                    13
  Number of invariants trys:                                    14
  Number of invariants bots:                                    1
  Number of invariants not valid:                               0
  Initial reached size:                                         2001
  Input invariants file size:                                   3970
  Max impacted number of variables:                             0
  Number of last version invariants:                            706
  Number of this version invariants:                            0
  CPU time for invariant read:                                      0.900s
  CPU time for invariant write:                                     0.000s
  Time for invariant write:                                         0.000s
  Time for invariant read:                                          0.468s

AutomatonAnalysis (SVCOMP) statistics
-------------------------------------
Number of states:                                  1
Total time for successor computation:                  0.017s
Automaton transfers with branching:                0
Automaton transfer successors:                         1976 (count: 1976, min: 1, max: 1, avg: 1.00) [1 x 1976]

CPA algorithm statistics
------------------------
Number of iterations:            1970
Max size of waitlist:            5
Average size of waitlist:        1
Number of computed successors:   1976
Max successors for one state:    2
Number of times merged:          0
Number of times stopped:         3
Number of times abs stopped:     4
Number of times nonAbs stopped:  24
Number of coverage check (part): 28
Number of times doAbstraction node:  16
Number of times breaked:         1

Total time for CPA algorithm:         0.202s (Max:     0.202s)
CPU time for CPA algorithm:           0.420s
  Time for choose from waitlist:      0.004s
  Time for precision adjustment:      0.025s
  Time for transfer relation:         0.121s
  Time for merge operator:            0.001s
  Time for stop operator:             0.012s
  Time for adding to reached set:     0.009s

PredicateCPA statistics
-----------------------
Read Precision Time:                0.000s
Precision file size:                569
Write Precision Time:               0.005s
Number of abstractions:            2 (0% of all post computations)
  Times abstraction was reused:    0
  Because of function entry/exit:  12 (600%)
  Because of loop head:            4 (200%)
  Because of join nodes:           0 (0%)
  Because of threshold:            0 (0%)
  Times precision was empty:       0 (0%)
  Times precision was {false}:     0 (0%)
  Times result was cached:         2 (13%)
  Times cartesian abs was used:    0 (0%)
  Times boolean abs was used:      13 (87%)
  Times result was 'false':        0 (0%)
Number of strengthen sat checks:   0
Number of coverage checks:         28
  BDD entailment checks:           4
Number of SMT sat checks:          2008
  trivial:                         1006
  cached:                          931

Max ABE block size:                       2
Number of predicates discovered:          4
Number of abstraction locations:          0
Max number of predicates per location:    0
Avg number of predicates per location:    0
Total predicates per abstraction:         39
Max number of predicates per abstraction: 4
Avg number of predicates per abstraction: 3.00
Number of irrelevant predicates:          0 (0%)
Number of preds handled by boolean abs:   39 (100%)
  Total number of models for allsat:      13
  Max number of models for allsat:        1
  Avg number of models for allsat:        1.00

Number of path formula cache hits:   19 (1%)

Time for post operator:                  2.207s
  Time for path formula creation:        0.442s
    Actual computation:                  0.413s
Time for strengthen operator:            0.006s
Time for prec operator:                  0.940s
  Time for abstraction:                  0.004s (Max:     0.002s, Count: 2)
    Boolean abstraction:                 0.871s
    Solving time:                        0.038s (Max:     0.033s)
    Model enumeration time:              0.010s
    Time for BDD construction:           0.003s (Max:     0.001s)
Time for merge operator:                 0.006s
Time for coverage check:                 0.000s
  Time for BDD entailment checks:        0.000s
Total time for SMT solver (w/o itp):     1.252s

Number of BDD nodes:                               211
Size of BDD node table:                            466043
Size of BDD cache:                                 46619
Size of BDD node cleanup queue:                           0 (count: 95916, min: 0, max: 0, avg: 0.00)
Time for BDD node cleanup:                             0.014s
Time for BDD garbage collection:                       0.000s (in 0 runs)

PrecisionBootstrap statistics
-----------------------------
Init. function predicates:                         0
Init. global predicates:                           0
Init. location predicates:                         0

ImpactedCPA statistics
----------------------
  Number of invariants partial hits:                            0
  Number of invariants hits:                                    13
  Number of invariants trys:                                    14
  Number of invariants bots:                                    1
  Number of invariants not valid:                               0
  Initial reached size:                                         2001
  Input invariants file size:                                   3970
  Max impacted number of variables:                             0
  Number of last version invariants:                            706
  Number of this version invariants:                            11
  CPU time for invariant read:                                      0.900s
  CPU time for invariant write:                                     0.130s
  Time for invariant write:                                         0.065s
  Time for invariant read:                                          0.468s

AutomatonAnalysis (SVCOMP) statistics
-------------------------------------
Number of states:                                  1
Total time for successor computation:                  0.008s
Automaton transfers with branching:                0
Automaton transfer successors:                         2017 (count: 2017, min: 1, max: 1, avg: 1.00) [1 x 2017]

CPA algorithm statistics
------------------------
Number of iterations:            12
Max size of waitlist:            3
Average size of waitlist:        2
Number of computed successors:   12
Max successors for one state:    2
Number of times merged:          10
Number of times stopped:         12
Number of times abs stopped:     4
Number of times nonAbs stopped:  24
Number of coverage check (part): 28
Number of times doAbstraction node:  16
Number of times breaked:         0

Total time for CPA algorithm:         0.009s (Max:     0.009s)
CPU time for CPA algorithm:           0.420s
  Time for choose from waitlist:      0.000s
  Time for precision adjustment:      0.004s
  Time for transfer relation:         0.002s
  Time for merge operator:            0.003s
  Time for stop operator:             0.000s
  Time for adding to reached set:     0.000s

Predicate-Abstraction Refiner statistics
----------------------------------------
  Predicate creation:                                  0.000s
  Precision update:                                    0.000s
  ARG update:                                          0.000s

Length of refined path (in blocks):                       0 (count: 0, min: 0, max: 0, avg: 0.00)
Number of affected states:                                0 (count: 0, min: 0, max: 0, avg: 0.00)
Length (states) of path with itp 'true':                  0 (count: 0, min: 0, max: 0, avg: 0.00)
Length (states) of path with itp non-trivial itp:         0 (count: 0, min: 0, max: 0, avg: 0.00)
Length (states) of path with itp 'false':                 0 (count: 0, min: 0, max: 0, avg: 0.00)
Different non-trivial interpolants along paths:           0 (count: 0, min: 0, max: 0, avg: 0.00)
Equal non-trivial interpolants along paths:               0 (count: 0, min: 0, max: 0, avg: 0.00)
Different precisions along paths:                         0 (count: 0, min: 0, max: 0, avg: 0.00)
Equal precisions along paths:                             0 (count: 0, min: 0, max: 0, avg: 0.00)
Number of refs with location-based cutoff:                0

CEGAR algorithm statistics
--------------------------
Number of refinements:                0
Refinement times:             0
First time for refinement:             0.010s
Last time for refinement:              0.010s
Average time for analysis:          0.010s
Number of analysis:                1

Code Coverage
-----------------------------
  Visited lines:          5847
  Total lines:            13
  Line coverage:          449.769

CPAchecker general statistics
-----------------------------
Number of program locations:     31422
Number of CFA edges:             43360
Number of relevant variables:    6997
Number of functions:             754
Number of loops:                 176
Size of reached set:             2001
  Number of reached locations:   1997 (6%)
    Avg states per location:     1
    Max states per location:     2 (at node N2966)
  Number of reached functions:   6 (1%)
  Number of partitions:          2001
    Avg size of partitions:      1
    Max size of partitions:      1
  Number of target states:       0

Time for analysis setup:                  58.877s
  Time for cfa diff:                  47.114s
  Time for loading CPAs:                   0.766s
  Time for impacted traverse:              0.077s
  Time for loading parser:        0.027s
  Time for CFA construction:      6.639s
    Time for parsing file(s):     1.171s
    Time for AST to CFA:          2.055s
    Time for CFA sanity check:    0.001s
    Time for post-processing:     2.840s
      Time for var class.:        0.000s
Time for normal Analysis:                         0.010s
CPU time for analysis:                     6.680s
CPU time for impacted:                     1.160s
CPU time for normal analysis:              0.020s
CPU time for init:                         6.660s

Time for Garbage Collector:       2.333s (in 16 runs)
Garbage Collector(s) used:    PS MarkSweep, PS Scavenge
Used heap memory:                556MB (   530 MiB) max;    236MB (   225 MiB) avg;    558MB (   532 MiB) peak
Used non-heap memory:             45MB (    43 MiB) max;     32MB (    31 MiB) avg;     45MB (    43 MiB) peak
Used in PS Old Gen pool:          86MB (    82 MiB) max;     80MB (    76 MiB) avg;     86MB (    82 MiB) peak
Allocated heap memory:           791MB (   754 MiB) max;    520MB (   496 MiB) avg
Allocated non-heap memory:        46MB (    44 MiB) max;     34MB (    32 MiB) avg
Total process virtual memory:  13309MB ( 12693 MiB) max;  13289MB ( 12674 MiB) avg

Verification result: TRUE. No property violation found by chosen configuration.
More details about the verification run can be found in the directory "/home/yqs17/blazer/cpachecker-inc-pred/output-us-precise-cfa/32_7a.block--drbd--drbd.ko.set/025.a393db6.32_7a.cil_safe.i".
