scripts/cpa.sh -heap 10000M -predicateAnalysis-ABElfb-debug -setprop cpa.impacted.eliminate=true -disable-java-assertions -outputpath /home/yqs17/blazer/cpachecker-inc-pred/output-us-precise-cfa/32_7a.usb--serial--cp210x.ko.set/004.b7c7cbc.32_7a.cil_safe.i -isIncPred -spec /home/yqs17/blazer/cpachecker-inc-pred/LDVErrorLabel.spc -stats -setprop cpa.impacted.pre_invariants.file=/home/yqs17/blazer/cpachecker-inc-pred/output-us-precise-cfa/32_7a.usb--serial--cp210x.ko.set/003.335f851.32_7a.cil_safe.i/impacted-invariants.txt -setprop analysis.prev.program=/home/yqs17/blazer/cpachecker-inc-pred/programs/drivers--usb--serial--cp210x.ko/003.335f851.32_7a.cil_safe.i -entryfunction ldv_main0_sequence_infinite_withcheck_stateful /home/yqs17/blazer/cpachecker-inc-pred/programs/drivers--usb--serial--cp210x.ko/004.b7c7cbc.32_7a.cil_safe.i


--------------------------------------------------------------------------------


Running CPAchecker with Java heap of size 10000M.
Running CPAchecker with the following extra VM options:  -Djava.io.tmpdir=/tmp/BenchExec_run_uqvm2k0z/tmp
Number of modified edges: 10
Begin analysis 
Read invariant objects done
PredicateCPA statistics
-----------------------
Read Precision Time:                0.000s
Precision file size:                8390
Write Precision Time:               0.003s
Number of abstractions:            4130 (15% of all post computations)
  Times abstraction was reused:    0
  Because of function entry/exit:  3719 (90%)
  Because of loop head:            486 (12%)
  Because of join nodes:           0 (0%)
  Because of threshold:            0 (0%)
  Times precision was empty:       0 (0%)
  Times precision was {false}:     0 (0%)
  Times result was cached:         3062 (73%)
  Times cartesian abs was used:    0 (0%)
  Times boolean abs was used:      1120 (27%)
  Times result was 'false':        8 (0%)
Number of strengthen sat checks:   1
  Times result was 'false':        0 (0%)
Number of coverage checks:         5162
  BDD entailment checks:           1062
Number of SMT sat checks:          1238
  trivial:                         522
  cached:                          386

Max ABE block size:                       35
Number of predicates discovered:          6
Number of abstraction locations:          0
Max number of predicates per location:    0
Avg number of predicates per location:    0
Total predicates per abstraction:         4764
Max number of predicates per abstraction: 5
Avg number of predicates per abstraction: 4.25
Number of irrelevant predicates:          41 (1%)
Number of preds handled by boolean abs:   4723 (99%)
  Total number of models for allsat:      1577
  Max number of models for allsat:        3
  Avg number of models for allsat:        1.41

Number of path formula cache hits:   20448 (66%)

Time for post operator:                  3.949s
  Time for path formula creation:        1.912s
    Actual computation:                  1.655s
Time for strengthen operator:            0.072s
  Time for satisfiability checks:        0.000s
Time for prec operator:                  3.827s
  Time for abstraction:                  3.082s (Max:     0.059s, Count: 4130)
    Boolean abstraction:                 1.048s
    Solving time:                        0.418s (Max:     0.010s)
    Model enumeration time:              0.118s
    Time for BDD construction:           0.059s (Max:     0.004s)
Time for merge operator:                 0.421s
Time for coverage check:                 0.009s
  Time for BDD entailment checks:        0.004s
Total time for SMT solver (w/o itp):     1.230s

Number of BDD nodes:                               263
Size of BDD node table:                            466043
Size of BDD cache:                                 46619
Size of BDD node cleanup queue:                         993 (count: 14570, min: 0, max: 349, avg: 0.07)
Time for BDD node cleanup:                             0.007s
Time for BDD garbage collection:                       0.000s (in 0 runs)

PrecisionBootstrap statistics
-----------------------------
Init. function predicates:                         0
Init. global predicates:                           0
Init. location predicates:                         0

ImpactedCPA statistics
----------------------
  Number of invariants partial hits:                            0
  Number of invariants hits:                                    52
  Number of invariants trys:                                    75
  Number of invariants bots:                                    24
  Number of invariants not valid:                               1
  Initial reached size:                                         1148
  Input invariants file size:                                   2789
  Max impacted number of variables:                             0
  Number of last version invariants:                            97
  Number of this version invariants:                            98
  CPU time for invariant read:                                      0.440s
  CPU time for invariant write:                                     0.070s
  Time for invariant write:                                         0.035s
  Time for invariant read:                                          0.226s

AutomatonAnalysis (SVCOMP) statistics
-------------------------------------
Number of states:                                  1
Total time for successor computation:                  0.088s
Automaton transfers with branching:                0
Automaton transfer successors:                        27076 (count: 27076, min: 1, max: 1, avg: 1.00) [1 x 27076]

CPA algorithm statistics
------------------------
Number of iterations:            22938
Max size of waitlist:            55
Average size of waitlist:        27
Number of computed successors:   25842
Max successors for one state:    2
Number of times merged:          1987
Number of times stopped:         3001
Number of times abs stopped:     1014
Number of times nonAbs stopped:  4100
Number of coverage check (part): 5162
Number of times doAbstraction node:  4205
Number of times breaked:         1

Total time for CPA algorithm:         8.267s (Max:     4.692s)
CPU time for CPA algorithm:          16.480s
  Time for choose from waitlist:      0.065s
  Time for precision adjustment:      3.625s
  Time for transfer relation:         3.344s
  Time for merge operator:            0.477s
  Time for stop operator:             0.132s
  Time for adding to reached set:     0.130s

Predicate-Abstraction Refiner statistics
----------------------------------------
Avg. length of target path (in blocks):                  26 (count: 1, min: 26, max: 26, avg: 26.00)
Number of infeasible sliced prefixes:                     0 (count: 0, min: 0, max: 0, avg: 0.00)

Time for refinement:                                   0.201s
  Counterexample analysis:                0.133s (Max:     0.133s, Calls: 1)
    Refinement sat check:                 0.019s
    Interpolant computation:              0.000s
  Error path post-processing:                          0.000s
  Path-formulas extraction:                            0.000s
  Building the counterexample trace:                   0.133s
  Extracting precise counterexample:                   0.000s
  Extracting infeasible sliced prefixes:               0.000s
  Selecting infeasible sliced prefixes:                0.000s
  Predicate creation:                                  0.001s
  Precision update:                                    0.002s
  ARG update:                                          0.060s

Length of refined path (in blocks):                      22 (count: 1, min: 22, max: 22, avg: 22.00)
Number of affected states:                               21 (count: 1, min: 21, max: 21, avg: 21.00)
Length (states) of path with itp 'true':                  0 (count: 1, min: 0, max: 0, avg: 0.00)
Length (states) of path with itp non-trivial itp:        21 (count: 1, min: 21, max: 21, avg: 21.00)
Length (states) of path with itp 'false':                 1 (count: 1, min: 1, max: 1, avg: 1.00)
Different non-trivial interpolants along paths:           0 (count: 1, min: 0, max: 0, avg: 0.00)
Equal non-trivial interpolants along paths:              20 (count: 1, min: 20, max: 20, avg: 20.00)
Different precisions along paths:                         0 (count: 0, min: 0, max: 0, avg: 0.00)
Equal precisions along paths:                             0 (count: 0, min: 0, max: 0, avg: 0.00)
Number of refs with location-based cutoff:                0

CEGAR algorithm statistics
--------------------------
Number of refinements:                1
Number of successful refinements:     1
Number of failed refinements:         0
Max. size of reached set before ref.: 12096
Max. size of reached set after ref.:  629
Avg. size of reached set before ref.: 12096.00
Avg. size of reached set after ref.:  629.00

Total time for CEGAR algorithm:       8.476s
CPU time for CEGAR algorithm:        16.890s
Time for refinements:                 0.208s
CPU time for refinements:             0.410s
Average time for refinement:          0.208s
Max time for refinement:              0.208s
First time for refinement:             4.134s
Last time for refinement:              3.576s
Average time for analysis:          4.134s
Number of analysis:                2

Code Coverage
-----------------------------
  Visited lines:          3687
  Total lines:            29
  Line coverage:          127.138

CPAchecker general statistics
-----------------------------
Number of program locations:     1763
Number of CFA edges:             2068
Number of relevant variables:    192
Number of functions:             45
Number of loops:                 6
Size of reached set:             12514
  Number of reached locations:   1561 (89%)
    Avg states per location:     8
    Max states per location:     305 (at node N235)
  Number of reached functions:   32 (71%)
  Number of partitions:          12015
    Avg size of partitions:      1
    Max size of partitions:      8 (with key [N240 (entry of function cp2101_get_config in /work/ldvuser/novikov/work/current--X--drivers/usb/serial/cp210x.ko--X--defaultlinux--X--32_7a--X--cpachecker/linux/csd_deg_dscv/11/dscv_tempdir/dscv/ri/32_7a/drivers/usb/serial/cp210x.c.prepared, lines 220-300), 824954808, Init])
  Number of target states:       0

Time for analysis setup:                   8.610s
  Time for cfa diff:                   4.079s
  Time for loading CPAs:                   0.376s
  Time for impacted traverse:              0.010s
  Time for loading parser:        0.023s
  Time for CFA construction:      1.473s
    Time for parsing file(s):     0.468s
    Time for AST to CFA:          0.539s
    Time for CFA sanity check:    0.000s
    Time for post-processing:     0.321s
      Time for var class.:        0.000s
Time for normal Analysis:                         8.476s
CPU time for analysis:                    21.280s
CPU time for impacted:                     0.000s
CPU time for normal analysis:             16.890s
CPU time for init:                         4.390s

Time for Garbage Collector:       0.426s (in 11 runs)
Garbage Collector(s) used:    PS MarkSweep, PS Scavenge
Used heap memory:                530MB (   505 MiB) max;    145MB (   138 MiB) avg;    545MB (   519 MiB) peak
Used non-heap memory:             40MB (    38 MiB) max;     32MB (    31 MiB) avg;     41MB (    39 MiB) peak
Used in PS Old Gen pool:          33MB (    31 MiB) max;     18MB (    17 MiB) avg;     33MB (    32 MiB) peak
Allocated heap memory:           802MB (   765 MiB) max;    378MB (   360 MiB) avg
Allocated non-heap memory:        41MB (    39 MiB) max;     34MB (    32 MiB) avg
Total process virtual memory:  13309MB ( 12693 MiB) max;  13296MB ( 12680 MiB) avg

Verification result: TRUE. No property violation found by chosen configuration.
More details about the verification run can be found in the directory "/home/yqs17/blazer/cpachecker-inc-pred/output-us-precise-cfa/32_7a.usb--serial--cp210x.ko.set/004.b7c7cbc.32_7a.cil_safe.i".
