scripts/cpa.sh -heap 10000M -predicateAnalysis-ABElfb-debug -setprop cpa.impacted.eliminate=true -disable-java-assertions -outputpath /home/yqs17/blazer/cpachecker-inc-pred/output-us-precise-cfa/32_7a.video--backlight--lms283gf05.ko.set/000.5036cc4.32_7a.cil_safe.i -stats -spec /home/yqs17/blazer/cpachecker-inc-pred/LDVErrorLabel.spc -entryfunction ldv_main0_sequence_infinite_withcheck_stateful /home/yqs17/blazer/cpachecker-inc-pred/programs/drivers--video--backlight--lms283gf05.ko/000.5036cc4.32_7a.cil_safe.i


--------------------------------------------------------------------------------


Running CPAchecker with Java heap of size 10000M.
Running CPAchecker with the following extra VM options:  -Djava.io.tmpdir=/tmp/BenchExec_run_1whg2ngj/tmp
Begin analysis 
PredicateCPA statistics
-----------------------
Read Precision Time:                0.000s
Precision file size:                7868
Write Precision Time:               0.004s
Number of abstractions:            23913 (21% of all post computations)
  Times abstraction was reused:    0
  Because of function entry/exit:  19460 (81%)
  Because of loop head:            4453 (19%)
  Because of join nodes:           0 (0%)
  Because of threshold:            0 (0%)
  Times precision was empty:       4724 (20%)
  Times precision was {false}:     292 (1%)
  Times result was cached:         17424 (73%)
  Times cartesian abs was used:    0 (0%)
  Times boolean abs was used:      1473 (6%)
  Times result was 'false':        821 (3%)
Number of strengthen sat checks:   32
  Times result was 'false':        0 (0%)
Number of coverage checks:         8699
  BDD entailment checks:           6603
Number of SMT sat checks:          32
  trivial:                         32
  cached:                          0

Max ABE block size:                       22
Number of predicates discovered:          20
Number of abstraction locations:          0
Max number of predicates per location:    0
Avg number of predicates per location:    0
Total predicates per abstraction:         7851
Max number of predicates per abstraction: 10
Avg number of predicates per abstraction: 4.45
Number of irrelevant predicates:          3957 (50%)
Number of preds handled by boolean abs:   3894 (50%)
  Total number of models for allsat:      1770
  Max number of models for allsat:        4
  Avg number of models for allsat:        1.20

Number of path formula cache hits:   114793 (86%)

Time for post operator:                  4.541s
  Time for path formula creation:        2.148s
    Actual computation:                  1.636s
Time for strengthen operator:            0.106s
  Time for satisfiability checks:        0.001s
Time for prec operator:                  4.486s
  Time for abstraction:                  3.605s (Max:     0.032s, Count: 23913)
    Boolean abstraction:                 0.545s
    Solving time:                        0.283s (Max:     0.016s)
    Model enumeration time:              0.075s
    Time for BDD construction:           0.029s (Max:     0.004s)
Time for merge operator:                 0.047s
Time for coverage check:                 0.024s
  Time for BDD entailment checks:        0.022s
Total time for SMT solver (w/o itp):     0.358s

Number of BDD nodes:                               1251
Size of BDD node table:                            466043
Size of BDD cache:                                 46619
Size of BDD node cleanup queue:                        1884 (count: 23676, min: 0, max: 406, avg: 0.08)
Time for BDD node cleanup:                             0.007s
Time for BDD garbage collection:                       0.000s (in 0 runs)

PrecisionBootstrap statistics
-----------------------------
Init. function predicates:                         0
Init. global predicates:                           0
Init. location predicates:                         0

ImpactedCPA statistics
----------------------
  Number of invariants partial hits:                            0
  Number of invariants hits:                                    0
  Number of invariants trys:                                    0
  Number of invariants bots:                                    0
  Number of invariants not valid:                               0
  Initial reached size:                                         1
  Input invariants file size:                                   0
  Max impacted number of variables:                             0
  Number of last version invariants:                            0
  Number of this version invariants:                            62
  CPU time for invariant read:                                      0.000s
  CPU time for invariant write:                                     0.110s
  Time for invariant write:                                         0.062s
  Time for invariant read:                                          0.000s

AutomatonAnalysis (SVCOMP) statistics
-------------------------------------
Number of states:                                  1
Total time for successor computation:                  0.101s
Automaton transfers with branching:                0
Automaton transfer successors:                       112232 (count: 112232, min: 1, max: 1, avg: 1.00) [1 x 112232]

CPA algorithm statistics
------------------------
Number of iterations:            107254
Max size of waitlist:            23
Average size of waitlist:        13
Number of computed successors:   112232
Max successors for one state:    2
Number of times merged:          1048
Number of times stopped:         4122
Number of times abs stopped:     3074
Number of times nonAbs stopped:  2096
Number of coverage check (part): 8699
Number of times doAbstraction node:  23913
Number of times breaked:         32

Total time for CPA algorithm:        12.211s (Max:     1.024s)
CPU time for CPA algorithm:          24.270s
  Time for choose from waitlist:      0.092s
  Time for precision adjustment:      4.800s
  Time for transfer relation:         5.797s
  Time for merge operator:            0.127s
  Time for stop operator:             0.241s
  Time for adding to reached set:     0.358s

Predicate-Abstraction Refiner statistics
----------------------------------------
Avg. length of target path (in blocks):                 964 (count: 32, min: 12, max: 50, avg: 30.13)
Number of infeasible sliced prefixes:                     0 (count: 0, min: 0, max: 0, avg: 0.00)

Time for refinement:                                   2.189s
  Counterexample analysis:                1.682s (Max:     0.190s, Calls: 32)
    Refinement sat check:                 0.424s
    Interpolant computation:              0.000s
  Error path post-processing:                          0.000s
  Path-formulas extraction:                            0.001s
  Building the counterexample trace:                   1.683s
  Extracting precise counterexample:                   0.000s
  Extracting infeasible sliced prefixes:               0.000s
  Selecting infeasible sliced prefixes:                0.000s
  Predicate creation:                                  0.014s
  Precision update:                                    0.016s
  ARG update:                                          0.436s

Length of refined path (in blocks):                     825 (count: 32, min: 6, max: 44, avg: 25.78)
Number of affected states:                              660 (count: 32, min: 1, max: 43, avg: 20.63)
Length (states) of path with itp 'true':                133 (count: 32, min: 0, max: 24, avg: 4.16)
Length (states) of path with itp non-trivial itp:       660 (count: 32, min: 1, max: 43, avg: 20.63)
Length (states) of path with itp 'false':                32 (count: 32, min: 1, max: 1, avg: 1.00)
Different non-trivial interpolants along paths:          12 (count: 32, min: 0, max: 2, avg: 0.38)
Equal non-trivial interpolants along paths:             616 (count: 32, min: 0, max: 40, avg: 19.25)
Different precisions along paths:                         0 (count: 0, min: 0, max: 0, avg: 0.00)
Equal precisions along paths:                             0 (count: 0, min: 0, max: 0, avg: 0.00)
Number of refs with location-based cutoff:                0

CEGAR algorithm statistics
--------------------------
Number of refinements:                32
Number of successful refinements:     32
Number of failed refinements:         0
Max. size of reached set before ref.: 6579
Max. size of reached set after ref.:  5039
Avg. size of reached set before ref.: 4429.00
Avg. size of reached set after ref.:  1174.97

Total time for CEGAR algorithm:      14.477s
CPU time for CEGAR algorithm:        28.720s
Time for refinements:                 2.260s
CPU time for refinements:             4.450s
Average time for refinement:          0.070s
Max time for refinement:              0.206s
First time for refinement:             0.370s
Last time for refinement:              0.238s
Average time for analysis:          0.370s
Number of analysis:                33

Code Coverage
-----------------------------
  Visited lines:          2955
  Total lines:            5
  Line coverage:          591.000

CPAchecker general statistics
-----------------------------
Number of program locations:     1354
Number of CFA edges:             1496
Number of relevant variables:    148
Number of functions:             60
Number of loops:                 8
Size of reached set:             3161
  Number of reached locations:   952 (70%)
    Avg states per location:     3
    Max states per location:     26 (at node N24)
  Number of reached functions:   25 (42%)
  Number of partitions:          3133
    Avg size of partitions:      1
    Max size of partitions:      3 (with key [N570 (before /work/ldvuser/novikov/work/current--X--drivers/video/backlight/lms283gf05.ko--X--defaultlinux--X--32_7a--X--cpachecker/linux/csd_deg_dscv/11/dscv_tempdir/dscv/ri/32_7a/drivers/video/backlight/lms283gf05.c.prepared, line 366), Function ldv_main0_sequence_infinite_withcheck_stateful called from node N512, stack depth 1 [64712be], stack [ldv_main0_sequence_infinite_withcheck_stateful], Init])
  Number of target states:       0

Time for analysis setup:                   1.711s
  Time for cfa diff:                   0.000s
  Time for loading CPAs:                   0.331s
  Time for impacted traverse:              0.005s
  Time for loading parser:        0.026s
  Time for CFA construction:      1.265s
    Time for parsing file(s):     0.373s
    Time for AST to CFA:          0.479s
    Time for CFA sanity check:    0.000s
    Time for post-processing:     0.260s
      Time for var class.:        0.000s
Time for normal Analysis:                        14.477s
CPU time for analysis:                    28.720s
CPU time for impacted:                     0.000s
CPU time for normal analysis:             28.720s
CPU time for init:                         0.000s

Time for Garbage Collector:       0.474s (in 17 runs)
Garbage Collector(s) used:    PS MarkSweep, PS Scavenge
Used heap memory:                690MB (   658 MiB) max;    198MB (   188 MiB) avg;    706MB (   674 MiB) peak
Used non-heap memory:             39MB (    37 MiB) max;     34MB (    32 MiB) avg;     41MB (    39 MiB) peak
Used in PS Old Gen pool:          26MB (    25 MiB) max;     22MB (    21 MiB) avg;     28MB (    26 MiB) peak
Allocated heap memory:           975MB (   930 MiB) max;    471MB (   449 MiB) avg
Allocated non-heap memory:        42MB (    40 MiB) max;     36MB (    35 MiB) avg
Total process virtual memory:  13242MB ( 12628 MiB) max;  13239MB ( 12625 MiB) avg

Verification result: TRUE. No property violation found by chosen configuration.
More details about the verification run can be found in the directory "/home/yqs17/blazer/cpachecker-inc-pred/output-us-precise-cfa/32_7a.video--backlight--lms283gf05.ko.set/000.5036cc4.32_7a.cil_safe.i".
