scripts/cpa.sh -heap 10000M -predicateAnalysis-ABElfb-debug -setprop cpa.impacted.eliminate=true -disable-java-assertions -outputpath /home/yqs17/blazer/cpachecker-inc-pred/output-us-precise-cfa/32_1.mtd--mtdoops.ko.set/012.f0482ee.32_1.cil_safe.i -isIncPred -spec /home/yqs17/blazer/cpachecker-inc-pred/LDVErrorLabel.spc -stats -setprop cpa.impacted.pre_invariants.file=/home/yqs17/blazer/cpachecker-inc-pred/output-us-precise-cfa/32_1.mtd--mtdoops.ko.set/011.ecd5b31.32_1.cil_safe.i/impacted-invariants.txt -setprop analysis.prev.program=/home/yqs17/blazer/cpachecker-inc-pred/programs/drivers--mtd--mtdoops.ko/011.ecd5b31.32_1.cil_safe.i -entryfunction ldv_main0_sequence_infinite_withcheck_stateful /home/yqs17/blazer/cpachecker-inc-pred/programs/drivers--mtd--mtdoops.ko/012.f0482ee.32_1.cil_safe.i


--------------------------------------------------------------------------------


Running CPAchecker with Java heap of size 10000M.
Running CPAchecker with the following extra VM options:  -Djava.io.tmpdir=/tmp/BenchExec_run_4nw5m26e/tmp
Number of modified edges: 15
Begin analysis 
Read invariant objects done
ImpactedCPA statistics
----------------------
  Number of invariants partial hits:                            0
  Number of invariants hits:                                    25
  Number of invariants trys:                                    38
  Number of invariants bots:                                    14
  Number of invariants not valid:                               1
  Initial reached size:                                         715
  Input invariants file size:                                   1004
  Max impacted number of variables:                             0
  Number of last version invariants:                            30
  Number of this version invariants:                            0
  CPU time for invariant read:                                      0.200s
  CPU time for invariant write:                                     0.000s
  Time for invariant write:                                         0.000s
  Time for invariant read:                                          0.108s

AutomatonAnalysis (SVCOMP) statistics
-------------------------------------
Number of states:                                  1
Total time for successor computation:                  0.004s
Automaton transfers with branching:                0
Automaton transfer successors:                          434 (count: 434, min: 1, max: 1, avg: 1.00) [1 x 434]

CPA algorithm statistics
------------------------
Number of iterations:            429
Max size of waitlist:            5
Average size of waitlist:        1
Number of computed successors:   434
Max successors for one state:    2
Number of times merged:          0
Number of times stopped:         1
Number of times abs stopped:     12
Number of times nonAbs stopped:  276
Number of coverage check (part): 288
Number of times doAbstraction node:  52
Number of times breaked:         1

Total time for CPA algorithm:         0.074s (Max:     0.074s)
CPU time for CPA algorithm:           0.330s
  Time for choose from waitlist:      0.000s
  Time for precision adjustment:      0.010s
  Time for transfer relation:         0.041s
  Time for merge operator:            0.001s
  Time for stop operator:             0.005s
  Time for adding to reached set:     0.003s

PredicateCPA statistics
-----------------------
Read Precision Time:                0.000s
Precision file size:                0
Write Precision Time:               0.002s
Number of abstractions:            14 (2% of all post computations)
  Times abstraction was reused:    0
  Because of function entry/exit:  37 (264%)
  Because of loop head:            15 (107%)
  Because of join nodes:           0 (0%)
  Because of threshold:            0 (0%)
  Times precision was empty:       0 (0%)
  Times precision was {false}:     1 (3%)
  Times result was cached:         7 (18%)
  Times cartesian abs was used:    0 (0%)
  Times boolean abs was used:      31 (79%)
  Times result was 'false':        0 (0%)
Number of strengthen sat checks:   0
Number of coverage checks:         288
  BDD entailment checks:           12
Number of SMT sat checks:          766
  trivial:                         340
  cached:                          251

Max ABE block size:                       18
Number of predicates discovered:          3
Number of abstraction locations:          0
Max number of predicates per location:    0
Avg number of predicates per location:    0
Total predicates per abstraction:         51
Max number of predicates per abstraction: 3
Avg number of predicates per abstraction: 1.59
Number of irrelevant predicates:          8 (16%)
Number of preds handled by boolean abs:   43 (84%)
  Total number of models for allsat:      31
  Max number of models for allsat:        1
  Avg number of models for allsat:        1.00

Number of path formula cache hits:   169 (18%)

Time for post operator:                  1.083s
  Time for path formula creation:        0.356s
    Actual computation:                  0.319s
Time for strengthen operator:            0.003s
Time for prec operator:                  0.185s
  Time for abstraction:                  0.022s (Max:     0.007s, Count: 14)
    Boolean abstraction:                 0.052s
    Solving time:                        0.028s (Max:     0.005s)
    Model enumeration time:              0.001s
    Time for BDD construction:           0.002s (Max:     0.001s)
Time for merge operator:                 0.052s
Time for coverage check:                 0.000s
  Time for BDD entailment checks:        0.000s
Total time for SMT solver (w/o itp):     0.603s

Number of BDD nodes:                               203
Size of BDD node table:                            466043
Size of BDD cache:                                 46619
Size of BDD node cleanup queue:                           0 (count: 3379, min: 0, max: 0, avg: 0.00)
Time for BDD node cleanup:                             0.002s
Time for BDD garbage collection:                       0.000s (in 0 runs)

PrecisionBootstrap statistics
-----------------------------
Init. function predicates:                         0
Init. global predicates:                           0
Init. location predicates:                         0

ImpactedCPA statistics
----------------------
  Number of invariants partial hits:                            0
  Number of invariants hits:                                    25
  Number of invariants trys:                                    38
  Number of invariants bots:                                    14
  Number of invariants not valid:                               1
  Initial reached size:                                         715
  Input invariants file size:                                   1004
  Max impacted number of variables:                             0
  Number of last version invariants:                            30
  Number of this version invariants:                            25
  CPU time for invariant read:                                      0.200s
  CPU time for invariant write:                                     0.040s
  Time for invariant write:                                         0.018s
  Time for invariant read:                                          0.108s

AutomatonAnalysis (SVCOMP) statistics
-------------------------------------
Number of states:                                  1
Total time for successor computation:                  0.012s
Automaton transfers with branching:                0
Automaton transfer successors:                          892 (count: 892, min: 1, max: 1, avg: 1.00) [1 x 892]

CPA algorithm statistics
------------------------
Number of iterations:            111
Max size of waitlist:            17
Average size of waitlist:        10
Number of computed successors:   129
Max successors for one state:    2
Number of times merged:          103
Number of times stopped:         115
Number of times abs stopped:     12
Number of times nonAbs stopped:  276
Number of coverage check (part): 288
Number of times doAbstraction node:  52
Number of times breaked:         0

Total time for CPA algorithm:         0.095s (Max:     0.095s)
CPU time for CPA algorithm:           0.330s
  Time for choose from waitlist:      0.000s
  Time for precision adjustment:      0.032s
  Time for transfer relation:         0.015s
  Time for merge operator:            0.034s
  Time for stop operator:             0.011s
  Time for adding to reached set:     0.000s

Predicate-Abstraction Refiner statistics
----------------------------------------
  Predicate creation:                                  0.000s
  Precision update:                                    0.000s
  ARG update:                                          0.000s

Length of refined path (in blocks):                       0 (count: 0, min: 0, max: 0, avg: 0.00)
Number of affected states:                                0 (count: 0, min: 0, max: 0, avg: 0.00)
Length (states) of path with itp 'true':                  0 (count: 0, min: 0, max: 0, avg: 0.00)
Length (states) of path with itp non-trivial itp:         0 (count: 0, min: 0, max: 0, avg: 0.00)
Length (states) of path with itp 'false':                 0 (count: 0, min: 0, max: 0, avg: 0.00)
Different non-trivial interpolants along paths:           0 (count: 0, min: 0, max: 0, avg: 0.00)
Equal non-trivial interpolants along paths:               0 (count: 0, min: 0, max: 0, avg: 0.00)
Different precisions along paths:                         0 (count: 0, min: 0, max: 0, avg: 0.00)
Equal precisions along paths:                             0 (count: 0, min: 0, max: 0, avg: 0.00)
Number of refs with location-based cutoff:                0

CEGAR algorithm statistics
--------------------------
Number of refinements:                0
Refinement times:             0
First time for refinement:             0.095s
Last time for refinement:              0.095s
Average time for analysis:          0.095s
Number of analysis:                1

Code Coverage
-----------------------------
  Visited lines:          1806
  Total lines:            15
  Line coverage:          120.400

CPAchecker general statistics
-----------------------------
Number of program locations:     1002
Number of CFA edges:             1122
Number of relevant variables:    94
Number of functions:             30
Number of loops:                 4
Size of reached set:             729
  Number of reached locations:   714 (71%)
    Avg states per location:     1
    Max states per location:     6 (at node N616)
  Number of reached functions:   12 (40%)
  Number of partitions:          729
    Avg size of partitions:      1
    Max size of partitions:      1
  Number of target states:       0

Time for analysis setup:                   5.398s
  Time for cfa diff:                   2.288s
  Time for loading CPAs:                   0.377s
  Time for impacted traverse:              0.008s
  Time for loading parser:        0.027s
  Time for CFA construction:      1.014s
    Time for parsing file(s):     0.302s
    Time for AST to CFA:          0.358s
    Time for CFA sanity check:    0.001s
    Time for post-processing:     0.214s
      Time for var class.:        0.000s
Time for normal Analysis:                         0.096s
CPU time for analysis:                     2.880s
CPU time for impacted:                     0.540s
CPU time for normal analysis:              0.200s
CPU time for init:                         2.690s

Time for Garbage Collector:       0.146s (in 5 runs)
Garbage Collector(s) used:    PS MarkSweep, PS Scavenge
Used heap memory:                118MB (   113 MiB) max;     47MB (    45 MiB) avg;    140MB (   133 MiB) peak
Used non-heap memory:             34MB (    33 MiB) max;     25MB (    24 MiB) avg;     36MB (    34 MiB) peak
Used in PS Old Gen pool:          22MB (    21 MiB) max;      8MB (     8 MiB) avg;     22MB (    21 MiB) peak
Allocated heap memory:           255MB (   244 MiB) max;    197MB (   188 MiB) avg
Allocated non-heap memory:        37MB (    35 MiB) max;     26MB (    25 MiB) avg
Total process virtual memory:  13307MB ( 12691 MiB) max;  13282MB ( 12667 MiB) avg

Verification result: TRUE. No property violation found by chosen configuration.
More details about the verification run can be found in the directory "/home/yqs17/blazer/cpachecker-inc-pred/output-us-precise-cfa/32_1.mtd--mtdoops.ko.set/012.f0482ee.32_1.cil_safe.i".
