scripts/cpa.sh -heap 10000M -predicateAnalysis-ABElfb-debug -setprop cpa.impacted.eliminate=true -disable-java-assertions -outputpath /home/yqs17/blazer/cpachecker-inc-pred/output-us-precise-cfa/32_1.gpu--drm--i915--i915.ko.set/025.ba1eb1d.32_1.cil_safe.i -isIncPred -spec /home/yqs17/blazer/cpachecker-inc-pred/LDVErrorLabel.spc -stats -setprop cpa.impacted.pre_invariants.file=/home/yqs17/blazer/cpachecker-inc-pred/output-us-precise-cfa/32_1.gpu--drm--i915--i915.ko.set/024.50aa253.32_1.cil_safe.i/impacted-invariants.txt -setprop analysis.prev.program=/home/yqs17/blazer/cpachecker-inc-pred/programs/drivers--gpu--drm--i915--i915.ko/024.50aa253.32_1.cil_safe.i -entryfunction ldv_main0_sequence_infinite_withcheck_stateful /home/yqs17/blazer/cpachecker-inc-pred/programs/drivers--gpu--drm--i915--i915.ko/025.ba1eb1d.32_1.cil_safe.i


--------------------------------------------------------------------------------


Running CPAchecker with Java heap of size 10000M.
Running CPAchecker with the following extra VM options:  -Djava.io.tmpdir=/tmp/BenchExec_run_i8rnnviq/tmp
Number of modified edges: 3
Begin analysis 
Read invariant objects done
ImpactedCPA statistics
----------------------
  Number of invariants partial hits:                            0
  Number of invariants hits:                                    13
  Number of invariants trys:                                    17
  Number of invariants bots:                                    6
  Number of invariants not valid:                               2
  Initial reached size:                                         1049
  Input invariants file size:                                   1660
  Max impacted number of variables:                             0
  Number of last version invariants:                            125
  Number of this version invariants:                            0
  CPU time for invariant read:                                      0.720s
  CPU time for invariant write:                                     0.000s
  Time for invariant write:                                         0.000s
  Time for invariant read:                                          0.389s

AutomatonAnalysis (SVCOMP) statistics
-------------------------------------
Number of states:                                  1
Total time for successor computation:                  0.018s
Automaton transfers with branching:                0
Automaton transfer successors:                         1005 (count: 1005, min: 1, max: 1, avg: 1.00) [1 x 1005]

CPA algorithm statistics
------------------------
Number of iterations:            1002
Max size of waitlist:            4
Average size of waitlist:        1
Number of computed successors:   1005
Max successors for one state:    2
Number of times merged:          0
Number of times stopped:         0
Number of times abs stopped:     3
Number of times nonAbs stopped:  12
Number of coverage check (part): 15
Number of times doAbstraction node:  20
Number of times breaked:         1

Total time for CPA algorithm:         0.143s (Max:     0.143s)
CPU time for CPA algorithm:           0.290s
  Time for choose from waitlist:      0.006s
  Time for precision adjustment:      0.010s
  Time for transfer relation:         0.071s
  Time for stop operator:             0.017s
  Time for adding to reached set:     0.002s

PredicateCPA statistics
-----------------------
Read Precision Time:                0.000s
Precision file size:                720
Write Precision Time:               0.002s
Number of abstractions:            3 (0% of all post computations)
  Times abstraction was reused:    0
  Because of function entry/exit:  14 (467%)
  Because of loop head:            6 (200%)
  Because of join nodes:           0 (0%)
  Because of threshold:            0 (0%)
  Times precision was empty:       0 (0%)
  Times precision was {false}:     2 (13%)
  Times result was cached:         3 (19%)
  Times cartesian abs was used:    0 (0%)
  Times boolean abs was used:      11 (69%)
  Times result was 'false':        0 (0%)
Number of strengthen sat checks:   0
Number of coverage checks:         15
  BDD entailment checks:           3
Number of SMT sat checks:          1057
  trivial:                         616
  cached:                          406

Max ABE block size:                       0
Number of predicates discovered:          2
Number of abstraction locations:          0
Max number of predicates per location:    0
Avg number of predicates per location:    0
Total predicates per abstraction:         13
Max number of predicates per abstraction: 1
Avg number of predicates per abstraction: 1.00
Number of irrelevant predicates:          2 (15%)
Number of preds handled by boolean abs:   11 (85%)
  Total number of models for allsat:      11
  Max number of models for allsat:        1
  Avg number of models for allsat:        1.00

Number of path formula cache hits:   11 (1%)

Time for post operator:                  0.513s
  Time for path formula creation:        0.193s
    Actual computation:                  0.177s
Time for strengthen operator:            0.007s
Time for prec operator:                  0.115s
  Time for abstraction:                  0.001s (Max:     0.001s, Count: 3)
    Boolean abstraction:                 0.045s
    Solving time:                        0.025s (Max:     0.014s)
    Model enumeration time:              0.001s
    Time for BDD construction:           0.013s (Max:     0.012s)
Time for merge operator:                 0.004s
Time for coverage check:                 0.000s
  Time for BDD entailment checks:        0.000s
Total time for SMT solver (w/o itp):     0.196s

Number of BDD nodes:                               202
Size of BDD node table:                            466043
Size of BDD cache:                                 46619
Size of BDD node cleanup queue:                           0 (count: 27551, min: 0, max: 0, avg: 0.00)
Time for BDD node cleanup:                             0.003s
Time for BDD garbage collection:                       0.000s (in 0 runs)

PrecisionBootstrap statistics
-----------------------------
Init. function predicates:                         0
Init. global predicates:                           0
Init. location predicates:                         0

ImpactedCPA statistics
----------------------
  Number of invariants partial hits:                            0
  Number of invariants hits:                                    13
  Number of invariants trys:                                    17
  Number of invariants bots:                                    6
  Number of invariants not valid:                               2
  Initial reached size:                                         1049
  Input invariants file size:                                   1660
  Max impacted number of variables:                             0
  Number of last version invariants:                            125
  Number of this version invariants:                            11
  CPU time for invariant read:                                      0.720s
  CPU time for invariant write:                                     0.090s
  Time for invariant write:                                         0.042s
  Time for invariant read:                                          0.389s

AutomatonAnalysis (SVCOMP) statistics
-------------------------------------
Number of states:                                  1
Total time for successor computation:                  0.008s
Automaton transfers with branching:                0
Automaton transfer successors:                         1063 (count: 1063, min: 1, max: 1, avg: 1.00) [1 x 1063]

CPA algorithm statistics
------------------------
Number of iterations:            8
Max size of waitlist:            4
Average size of waitlist:        2
Number of computed successors:   7
Max successors for one state:    1
Number of times merged:          4
Number of times stopped:         7
Number of times abs stopped:     3
Number of times nonAbs stopped:  12
Number of coverage check (part): 15
Number of times doAbstraction node:  20
Number of times breaked:         0

Total time for CPA algorithm:         0.008s (Max:     0.008s)
CPU time for CPA algorithm:           0.290s
  Time for choose from waitlist:      0.000s
  Time for precision adjustment:      0.002s
  Time for transfer relation:         0.001s
  Time for merge operator:            0.001s
  Time for stop operator:             0.004s
  Time for adding to reached set:     0.000s

Predicate-Abstraction Refiner statistics
----------------------------------------
  Predicate creation:                                  0.000s
  Precision update:                                    0.000s
  ARG update:                                          0.000s

Length of refined path (in blocks):                       0 (count: 0, min: 0, max: 0, avg: 0.00)
Number of affected states:                                0 (count: 0, min: 0, max: 0, avg: 0.00)
Length (states) of path with itp 'true':                  0 (count: 0, min: 0, max: 0, avg: 0.00)
Length (states) of path with itp non-trivial itp:         0 (count: 0, min: 0, max: 0, avg: 0.00)
Length (states) of path with itp 'false':                 0 (count: 0, min: 0, max: 0, avg: 0.00)
Different non-trivial interpolants along paths:           0 (count: 0, min: 0, max: 0, avg: 0.00)
Equal non-trivial interpolants along paths:               0 (count: 0, min: 0, max: 0, avg: 0.00)
Different precisions along paths:                         0 (count: 0, min: 0, max: 0, avg: 0.00)
Equal precisions along paths:                             0 (count: 0, min: 0, max: 0, avg: 0.00)
Number of refs with location-based cutoff:                0

CEGAR algorithm statistics
--------------------------
Number of refinements:                0
Refinement times:             0
First time for refinement:             0.008s
Last time for refinement:              0.008s
Average time for analysis:          0.008s
Number of analysis:                1

Code Coverage
-----------------------------
  Visited lines:          3597
  Total lines:            15
  Line coverage:          239.800

CPAchecker general statistics
-----------------------------
Number of program locations:     8997
Number of CFA edges:             11499
Number of relevant variables:    1427
Number of functions:             216
Number of loops:                 65
Size of reached set:             1049
  Number of reached locations:   1046 (12%)
    Avg states per location:     1
    Max states per location:     3 (at node N89)
  Number of reached functions:   6 (3%)
  Number of partitions:          1049
    Avg size of partitions:      1
    Max size of partitions:      1
  Number of target states:       0

Time for analysis setup:                  22.178s
  Time for cfa diff:                  16.902s
  Time for loading CPAs:                   0.561s
  Time for impacted traverse:              0.032s
  Time for loading parser:        0.038s
  Time for CFA construction:      3.171s
    Time for parsing file(s):     0.659s
    Time for AST to CFA:          1.238s
    Time for CFA sanity check:    0.001s
    Time for post-processing:     0.934s
      Time for var class.:        0.000s
Time for normal Analysis:                         0.009s
CPU time for analysis:                     1.530s
CPU time for impacted:                     1.010s
CPU time for normal analysis:              0.020s
CPU time for init:                         1.520s

Time for Garbage Collector:       0.433s (in 8 runs)
Garbage Collector(s) used:    PS MarkSweep, PS Scavenge
Used heap memory:                202MB (   192 MiB) max;     72MB (    68 MiB) avg;    231MB (   220 MiB) peak
Used non-heap memory:             36MB (    35 MiB) max;     28MB (    27 MiB) avg;     37MB (    35 MiB) peak
Used in PS Old Gen pool:          43MB (    41 MiB) max;     37MB (    35 MiB) avg;     47MB (    45 MiB) peak
Allocated heap memory:           446MB (   426 MiB) max;    394MB (   375 MiB) avg
Allocated non-heap memory:        38MB (    36 MiB) max;     29MB (    28 MiB) avg
Total process virtual memory:  13307MB ( 12691 MiB) max;  13286MB ( 12670 MiB) avg

Verification result: TRUE. No property violation found by chosen configuration.
More details about the verification run can be found in the directory "/home/yqs17/blazer/cpachecker-inc-pred/output-us-precise-cfa/32_1.gpu--drm--i915--i915.ko.set/025.ba1eb1d.32_1.cil_safe.i".
