scripts/cpa.sh -heap 10000M -predicateAnalysis-ABElfb-debug -setprop cpa.impacted.eliminate=true -disable-java-assertions -outputpath /home/yqs17/blazer/cpachecker-inc-pred/output-us-precise-cfa/08_1a.usb--serial--spcp8x5.ko.set/006.c197a8d.08_1a.cil_safe.i -isIncPred -spec /home/yqs17/blazer/cpachecker-inc-pred/LDVErrorLabel.spc -stats -setprop cpa.impacted.pre_invariants.file=/home/yqs17/blazer/cpachecker-inc-pred/output-us-precise-cfa/08_1a.usb--serial--spcp8x5.ko.set/005.4a90f09.08_1a.cil_safe.i/impacted-invariants.txt -setprop analysis.prev.program=/home/yqs17/blazer/cpachecker-inc-pred/programs/drivers--usb--serial--spcp8x5.ko/005.4a90f09.08_1a.cil_safe.i -entryfunction ldv_main0_sequence_infinite_withcheck_stateful /home/yqs17/blazer/cpachecker-inc-pred/programs/drivers--usb--serial--spcp8x5.ko/006.c197a8d.08_1a.cil_safe.i


--------------------------------------------------------------------------------


Running CPAchecker with Java heap of size 10000M.
Running CPAchecker with the following extra VM options:  -Djava.io.tmpdir=/tmp/BenchExec_run_0fthhv6s/tmp
Number of modified edges: 31
Begin analysis 
Read invariant objects done
ImpactedCPA statistics
----------------------
  Number of invariants partial hits:                            0
  Number of invariants hits:                                    37
  Number of invariants trys:                                    56
  Number of invariants bots:                                    19
  Number of invariants not valid:                               0
  Initial reached size:                                         1058
  Input invariants file size:                                   1977
  Max impacted number of variables:                             0
  Number of last version invariants:                            135
  Number of this version invariants:                            0
  CPU time for invariant read:                                      0.570s
  CPU time for invariant write:                                     0.000s
  Time for invariant write:                                         0.000s
  Time for invariant read:                                          0.309s

AutomatonAnalysis (SVCOMP) statistics
-------------------------------------
Number of states:                                  1
Total time for successor computation:                  0.006s
Automaton transfers with branching:                0
Automaton transfer successors:                          665 (count: 665, min: 1, max: 1, avg: 1.00) [1 x 665]

CPA algorithm statistics
------------------------
Number of iterations:            659
Max size of waitlist:            6
Average size of waitlist:        1
Number of computed successors:   665
Max successors for one state:    2
Number of times merged:          0
Number of times stopped:         1
Number of times abs stopped:     239
Number of times nonAbs stopped:  984
Number of coverage check (part): 1223
Number of times doAbstraction node:  876
Number of times breaked:         1

Total time for CPA algorithm:         0.088s (Max:     0.088s)
CPU time for CPA algorithm:           6.040s
  Time for choose from waitlist:      0.002s
  Time for precision adjustment:      0.014s
  Time for transfer relation:         0.049s
  Time for merge operator:            0.001s
  Time for stop operator:             0.009s
  Time for adding to reached set:     0.004s

PredicateCPA statistics
-----------------------
Read Precision Time:                0.000s
Precision file size:                0
Write Precision Time:               0.002s
Number of abstractions:            820 (12% of all post computations)
  Times abstraction was reused:    0
  Because of function entry/exit:  835 (102%)
  Because of loop head:            41 (5%)
  Because of join nodes:           0 (0%)
  Because of threshold:            0 (0%)
  Times precision was empty:       0 (0%)
  Times precision was {false}:     0 (0%)
  Times result was cached:         254 (30%)
  Times cartesian abs was used:    0 (0%)
  Times boolean abs was used:      603 (70%)
  Times result was 'false':        0 (0%)
Number of strengthen sat checks:   0
Number of coverage checks:         1223
  BDD entailment checks:           239
Number of SMT sat checks:          1091
  trivial:                         519
  cached:                          410

Max ABE block size:                       58
Number of predicates discovered:          4
Number of abstraction locations:          0
Max number of predicates per location:    0
Avg number of predicates per location:    0
Total predicates per abstraction:         2318
Max number of predicates per abstraction: 4
Avg number of predicates per abstraction: 3.84
Number of irrelevant predicates:          963 (42%)
Number of preds handled by boolean abs:   1355 (58%)
  Total number of models for allsat:      903
  Max number of models for allsat:        3
  Avg number of models for allsat:        1.50

Number of path formula cache hits:   294 (4%)

Time for post operator:                  1.704s
  Time for path formula creation:        1.062s
    Actual computation:                  0.978s
Time for strengthen operator:            0.020s
Time for prec operator:                  1.379s
  Time for abstraction:                  1.081s (Max:     0.061s, Count: 820)
    Boolean abstraction:                 0.492s
    Solving time:                        0.178s (Max:     0.013s)
    Model enumeration time:              0.102s
    Time for BDD construction:           0.020s (Max:     0.002s)
Time for merge operator:                 0.329s
Time for coverage check:                 0.006s
  Time for BDD entailment checks:        0.003s
Total time for SMT solver (w/o itp):     0.602s

Number of BDD nodes:                               239
Size of BDD node table:                            466043
Size of BDD cache:                                 46619
Size of BDD node cleanup queue:                         461 (count: 12060, min: 0, max: 274, avg: 0.04)
Time for BDD node cleanup:                             0.002s
Time for BDD garbage collection:                       0.000s (in 0 runs)

PrecisionBootstrap statistics
-----------------------------
Init. function predicates:                         0
Init. global predicates:                           0
Init. location predicates:                         0

ImpactedCPA statistics
----------------------
  Number of invariants partial hits:                            0
  Number of invariants hits:                                    37
  Number of invariants trys:                                    56
  Number of invariants bots:                                    19
  Number of invariants not valid:                               0
  Initial reached size:                                         1058
  Input invariants file size:                                   1977
  Max impacted number of variables:                             0
  Number of last version invariants:                            135
  Number of this version invariants:                            193
  CPU time for invariant read:                                      0.570s
  CPU time for invariant write:                                     0.100s
  Time for invariant write:                                         0.047s
  Time for invariant read:                                          0.309s

AutomatonAnalysis (SVCOMP) statistics
-------------------------------------
Number of states:                                  1
Total time for successor computation:                  0.030s
Automaton transfers with branching:                0
Automaton transfer successors:                         7054 (count: 7054, min: 1, max: 1, avg: 1.00) [1 x 7054]

CPA algorithm statistics
------------------------
Number of iterations:            5478
Max size of waitlist:            98
Average size of waitlist:        56
Number of computed successors:   5964
Max successors for one state:    2
Number of times merged:          478
Number of times stopped:         717
Number of times abs stopped:     239
Number of times nonAbs stopped:  984
Number of coverage check (part): 1223
Number of times doAbstraction node:  876
Number of times breaked:         0

Total time for CPA algorithm:         2.955s (Max:     2.955s)
CPU time for CPA algorithm:           6.040s
  Time for choose from waitlist:      0.009s
  Time for precision adjustment:      1.206s
  Time for transfer relation:         1.168s
  Time for merge operator:            0.368s
  Time for stop operator:             0.044s
  Time for adding to reached set:     0.021s

Predicate-Abstraction Refiner statistics
----------------------------------------
  Predicate creation:                                  0.000s
  Precision update:                                    0.000s
  ARG update:                                          0.000s

Length of refined path (in blocks):                       0 (count: 0, min: 0, max: 0, avg: 0.00)
Number of affected states:                                0 (count: 0, min: 0, max: 0, avg: 0.00)
Length (states) of path with itp 'true':                  0 (count: 0, min: 0, max: 0, avg: 0.00)
Length (states) of path with itp non-trivial itp:         0 (count: 0, min: 0, max: 0, avg: 0.00)
Length (states) of path with itp 'false':                 0 (count: 0, min: 0, max: 0, avg: 0.00)
Different non-trivial interpolants along paths:           0 (count: 0, min: 0, max: 0, avg: 0.00)
Equal non-trivial interpolants along paths:               0 (count: 0, min: 0, max: 0, avg: 0.00)
Different precisions along paths:                         0 (count: 0, min: 0, max: 0, avg: 0.00)
Equal precisions along paths:                             0 (count: 0, min: 0, max: 0, avg: 0.00)
Number of refs with location-based cutoff:                0

CEGAR algorithm statistics
--------------------------
Number of refinements:                0
Refinement times:             0
First time for refinement:             2.955s
Last time for refinement:              2.955s
Average time for analysis:          2.955s
Number of analysis:                1

Code Coverage
-----------------------------
  Visited lines:          3865
  Total lines:            10
  Line coverage:          386.500

CPAchecker general statistics
-----------------------------
Number of program locations:     2503
Number of CFA edges:             2951
Number of relevant variables:    392
Number of functions:             53
Number of loops:                 7
Size of reached set:             6305
  Number of reached locations:   2461 (98%)
    Avg states per location:     2
    Max states per location:     106 (at node N2043)
  Number of reached functions:   47 (89%)
  Number of partitions:          6193
    Avg size of partitions:      1
    Max size of partitions:      5 (with key [N2044 (entry of function __builtin_expect in /home/ldvuser/ldv/inst/kernel-rules/verifier/rcv.h, lines 49-57), 1301026590, Init])
  Number of target states:       0

Time for analysis setup:                   8.022s
  Time for cfa diff:                   4.344s
  Time for loading CPAs:                   0.445s
  Time for impacted traverse:              0.016s
  Time for loading parser:        0.037s
  Time for CFA construction:      1.519s
    Time for parsing file(s):     0.396s
    Time for AST to CFA:          0.541s
    Time for CFA sanity check:    0.000s
    Time for post-processing:     0.394s
      Time for var class.:        0.000s
Time for normal Analysis:                         2.956s
CPU time for analysis:                     8.080s
CPU time for impacted:                     0.670s
CPU time for normal analysis:              5.890s
CPU time for init:                         2.190s

Time for Garbage Collector:       0.250s (in 8 runs)
Garbage Collector(s) used:    PS MarkSweep, PS Scavenge
Used heap memory:                315MB (   301 MiB) max;     86MB (    82 MiB) avg;    326MB (   311 MiB) peak
Used non-heap memory:             38MB (    36 MiB) max;     29MB (    27 MiB) avg;     39MB (    37 MiB) peak
Used in PS Old Gen pool:          24MB (    23 MiB) max;     15MB (    14 MiB) avg;     30MB (    29 MiB) peak
Allocated heap memory:           411MB (   392 MiB) max;    242MB (   231 MiB) avg
Allocated non-heap memory:        39MB (    38 MiB) max;     30MB (    29 MiB) avg
Total process virtual memory:  13307MB ( 12691 MiB) max;  13288MB ( 12672 MiB) avg

Verification result: TRUE. No property violation found by chosen configuration.
More details about the verification run can be found in the directory "/home/yqs17/blazer/cpachecker-inc-pred/output-us-precise-cfa/08_1a.usb--serial--spcp8x5.ko.set/006.c197a8d.08_1a.cil_safe.i".
