scripts/cpa.sh -heap 10000M -predicateAnalysis-ABElfb-debug -setprop cpa.impacted.eliminate=true -disable-java-assertions -outputpath /home/yqs17/blazer/cpachecker-inc-pred/output-us-precise-cfa/32_7a.auxdisplay--cfag12864b.ko.set/003.450c622.32_7a.cil_safe.i -stats -spec /home/yqs17/blazer/cpachecker-inc-pred/LDVErrorLabel.spc -entryfunction ldv_main0_sequence_infinite_withcheck_stateful /home/yqs17/blazer/cpachecker-inc-pred/programs/drivers--auxdisplay--cfag12864b.ko/003.450c622.32_7a.cil_safe.i


--------------------------------------------------------------------------------


Running CPAchecker with Java heap of size 10000M.
Running CPAchecker with the following extra VM options:  -Djava.io.tmpdir=/tmp/BenchExec_run_qwg_1b3e/tmp
Begin analysis 
PredicateCPA statistics
-----------------------
Read Precision Time:                0.000s
Precision file size:                3882
Write Precision Time:               0.003s
Number of abstractions:            1327 (28% of all post computations)
  Times abstraction was reused:    0
  Because of function entry/exit:  1277 (96%)
  Because of loop head:            50 (4%)
  Because of join nodes:           0 (0%)
  Because of threshold:            0 (0%)
  Times precision was empty:       647 (49%)
  Times precision was {false}:     77 (6%)
  Times result was cached:         355 (27%)
  Times cartesian abs was used:    0 (0%)
  Times boolean abs was used:      248 (19%)
  Times result was 'false':        48 (4%)
Number of strengthen sat checks:   10
  Times result was 'false':        0 (0%)
Number of coverage checks:         444
  BDD entailment checks:           60
Number of SMT sat checks:          10
  trivial:                         10
  cached:                          0

Max ABE block size:                       17
Number of predicates discovered:          10
Number of abstraction locations:          0
Max number of predicates per location:    0
Avg number of predicates per location:    0
Total predicates per abstraction:         714
Max number of predicates per abstraction: 6
Avg number of predicates per abstraction: 2.20
Number of irrelevant predicates:          269 (38%)
Number of preds handled by boolean abs:   445 (62%)
  Total number of models for allsat:      247
  Max number of models for allsat:        2
  Avg number of models for allsat:        1.00

Number of path formula cache hits:   4443 (76%)

Time for post operator:                  0.485s
  Time for path formula creation:        0.339s
    Actual computation:                  0.285s
Time for strengthen operator:            0.026s
  Time for satisfiability checks:        0.000s
Time for prec operator:                  0.819s
  Time for abstraction:                  0.687s (Max:     0.090s, Count: 1327)
    Boolean abstraction:                 0.209s
    Solving time:                        0.092s (Max:     0.009s)
    Model enumeration time:              0.013s
    Time for BDD construction:           0.016s (Max:     0.001s)
Time for merge operator:                 0.018s
Time for coverage check:                 0.012s
  Time for BDD entailment checks:        0.009s
Total time for SMT solver (w/o itp):     0.105s

Number of BDD nodes:                               280
Size of BDD node table:                            466043
Size of BDD cache:                                 46619
Size of BDD node cleanup queue:                         208 (count: 4445, min: 0, max: 90, avg: 0.05)
Time for BDD node cleanup:                             0.001s
Time for BDD garbage collection:                       0.000s (in 0 runs)

PrecisionBootstrap statistics
-----------------------------
Init. function predicates:                         0
Init. global predicates:                           0
Init. location predicates:                         0

ImpactedCPA statistics
----------------------
  Number of invariants partial hits:                            0
  Number of invariants hits:                                    0
  Number of invariants trys:                                    0
  Number of invariants bots:                                    0
  Number of invariants not valid:                               0
  Initial reached size:                                         1
  Input invariants file size:                                   0
  Max impacted number of variables:                             0
  Number of last version invariants:                            0
  Number of this version invariants:                            67
  CPU time for invariant read:                                      0.000s
  CPU time for invariant write:                                     0.090s
  Time for invariant write:                                         0.046s
  Time for invariant read:                                          0.000s

AutomatonAnalysis (SVCOMP) statistics
-------------------------------------
Number of states:                                  1
Total time for successor computation:                  0.029s
Automaton transfers with branching:                0
Automaton transfer successors:                         4731 (count: 4731, min: 1, max: 1, avg: 1.00) [1 x 4731]

CPA algorithm statistics
------------------------
Number of iterations:            4416
Max size of waitlist:            9
Average size of waitlist:        4
Number of computed successors:   4731
Max successors for one state:    2
Number of times merged:          192
Number of times stopped:         239
Number of times abs stopped:     47
Number of times nonAbs stopped:  384
Number of coverage check (part): 444
Number of times doAbstraction node:  1327
Number of times breaked:         10

Total time for CPA algorithm:         1.913s (Max:     0.457s)
CPU time for CPA algorithm:           3.760s
  Time for choose from waitlist:      0.026s
  Time for precision adjustment:      0.898s
  Time for transfer relation:         0.754s
  Time for merge operator:            0.043s
  Time for stop operator:             0.049s
  Time for adding to reached set:     0.035s

Predicate-Abstraction Refiner statistics
----------------------------------------
Avg. length of target path (in blocks):                 695 (count: 10, min: 13, max: 152, avg: 69.50)
Number of infeasible sliced prefixes:                     0 (count: 0, min: 0, max: 0, avg: 0.00)

Time for refinement:                                   1.182s
  Counterexample analysis:                1.111s (Max:     0.228s, Calls: 10)
    Refinement sat check:                 0.179s
    Interpolant computation:              0.000s
  Error path post-processing:                          0.000s
  Path-formulas extraction:                            0.002s
  Building the counterexample trace:                   1.111s
  Extracting precise counterexample:                   0.000s
  Extracting infeasible sliced prefixes:               0.000s
  Selecting infeasible sliced prefixes:                0.000s
  Predicate creation:                                  0.021s
  Precision update:                                    0.006s
  ARG update:                                          0.027s

Length of refined path (in blocks):                     512 (count: 10, min: 8, max: 151, avg: 51.20)
Number of affected states:                              293 (count: 10, min: 1, max: 113, avg: 29.30)
Length (states) of path with itp 'true':                209 (count: 10, min: 0, max: 115, avg: 20.90)
Length (states) of path with itp non-trivial itp:       293 (count: 10, min: 1, max: 113, avg: 29.30)
Length (states) of path with itp 'false':                10 (count: 10, min: 1, max: 1, avg: 1.00)
Different non-trivial interpolants along paths:           1 (count: 10, min: 0, max: 1, avg: 0.10)
Equal non-trivial interpolants along paths:             282 (count: 10, min: 0, max: 112, avg: 28.20)
Different precisions along paths:                         0 (count: 0, min: 0, max: 0, avg: 0.00)
Equal precisions along paths:                             0 (count: 0, min: 0, max: 0, avg: 0.00)
Number of refs with location-based cutoff:                0

CEGAR algorithm statistics
--------------------------
Number of refinements:                10
Number of successful refinements:     10
Number of failed refinements:         0
Max. size of reached set before ref.: 854
Max. size of reached set after ref.:  734
Avg. size of reached set before ref.: 705.90
Avg. size of reached set after ref.:  346.80

Total time for CEGAR algorithm:       3.117s
CPU time for CEGAR algorithm:         6.150s
Time for refinements:                 1.202s
CPU time for refinements:             2.390s
Average time for refinement:          0.120s
Max time for refinement:              0.253s
First time for refinement:             0.173s
Last time for refinement:              0.060s
Average time for analysis:          0.173s
Number of analysis:                11

Code Coverage
-----------------------------
  Visited lines:          568
  Total lines:            2
  Line coverage:          284.000

CPAchecker general statistics
-----------------------------
Number of program locations:     633
Number of CFA edges:             758
Number of relevant variables:    57
Number of functions:             45
Number of loops:                 7
Size of reached set:             854
  Number of reached locations:   422 (67%)
    Avg states per location:     2
    Max states per location:     27 (at node N30)
  Number of reached functions:   25 (56%)
  Number of partitions:          852
    Avg size of partitions:      1
    Max size of partitions:      2 (with key [N167 (before /work/ldvuser/novikov/work/current--X--drivers/auxdisplay/cfag12864b.ko--X--defaultlinux--X--32_7a--X--cpachecker/linux/csd_deg_dscv/11/dscv_tempdir/dscv/ri/32_7a/drivers/auxdisplay/cfag12864b.c.prepared, line 224), Function cfag12864b_clear called from node N330, stack depth 3 [2596d7f4], stack [ldv_main0_sequence_infinite_withcheck_stateful, cfag12864b_init, cfag12864b_clear], Init])
  Number of target states:       0

Time for analysis setup:                   1.266s
  Time for cfa diff:                   0.000s
  Time for loading CPAs:                   0.362s
  Time for impacted traverse:              0.004s
  Time for loading parser:        0.036s
  Time for CFA construction:      0.767s
    Time for parsing file(s):     0.241s
    Time for AST to CFA:          0.292s
    Time for CFA sanity check:    0.000s
    Time for post-processing:     0.139s
      Time for var class.:        0.000s
Time for normal Analysis:                         3.117s
CPU time for analysis:                     6.150s
CPU time for impacted:                     0.000s
CPU time for normal analysis:              6.150s
CPU time for init:                         0.000s

Time for Garbage Collector:       0.197s (in 7 runs)
Garbage Collector(s) used:    PS MarkSweep, PS Scavenge
Used heap memory:                130MB (   124 MiB) max;     44MB (    42 MiB) avg;    167MB (   159 MiB) peak
Used non-heap memory:             35MB (    33 MiB) max;     27MB (    26 MiB) avg;     36MB (    34 MiB) peak
Used in PS Old Gen pool:          19MB (    18 MiB) max;     10MB (    10 MiB) avg;     19MB (    18 MiB) peak
Allocated heap memory:           260MB (   248 MiB) max;    177MB (   168 MiB) avg
Allocated non-heap memory:        36MB (    34 MiB) max;     28MB (    27 MiB) avg
Total process virtual memory:  13240MB ( 12627 MiB) max;  13236MB ( 12623 MiB) avg

Verification result: TRUE. No property violation found by chosen configuration.
More details about the verification run can be found in the directory "/home/yqs17/blazer/cpachecker-inc-pred/output-us-precise-cfa/32_7a.auxdisplay--cfag12864b.ko.set/003.450c622.32_7a.cil_safe.i".
