scripts/cpa.sh -heap 10000M -predicateAnalysis-ABElfb-debug -setprop cpa.impacted.eliminate=true -disable-java-assertions -outputpath /home/yqs17/blazer/cpachecker-inc-pred/output-us-precise-cfa/32_7a.block--drbd--drbd.ko.set/005.a870a3a.32_7a.cil_safe.i -isIncPred -spec /home/yqs17/blazer/cpachecker-inc-pred/LDVErrorLabel.spc -stats -setprop cpa.impacted.pre_invariants.file=/home/yqs17/blazer/cpachecker-inc-pred/output-us-precise-cfa/32_7a.block--drbd--drbd.ko.set/004.9f5180e.32_7a.cil_safe.i/impacted-invariants.txt -setprop analysis.prev.program=/home/yqs17/blazer/cpachecker-inc-pred/programs/drivers--block--drbd--drbd.ko/004.9f5180e.32_7a.cil_safe.i -entryfunction ldv_main1_sequence_infinite_withcheck_stateful /home/yqs17/blazer/cpachecker-inc-pred/programs/drivers--block--drbd--drbd.ko/005.a870a3a.32_7a.cil_safe.i


--------------------------------------------------------------------------------


Running CPAchecker with Java heap of size 10000M.
Running CPAchecker with the following extra VM options:  -Djava.io.tmpdir=/tmp/BenchExec_run_hezu260e/tmp
Number of modified edges: 9
Begin analysis 
Read invariant objects done
ImpactedCPA statistics
----------------------
  Number of invariants partial hits:                            0
  Number of invariants hits:                                    2
  Number of invariants trys:                                    3
  Number of invariants bots:                                    1
  Number of invariants not valid:                               0
  Initial reached size:                                         1924
  Input invariants file size:                                   3926
  Max impacted number of variables:                             0
  Number of last version invariants:                            696
  Number of this version invariants:                            0
  CPU time for invariant read:                                      0.520s
  CPU time for invariant write:                                     0.000s
  Time for invariant write:                                         0.000s
  Time for invariant read:                                          0.266s

AutomatonAnalysis (SVCOMP) statistics
-------------------------------------
Number of states:                                  1
Total time for successor computation:                  0.031s
Automaton transfers with branching:                0
Automaton transfer successors:                         1960 (count: 1960, min: 1, max: 1, avg: 1.00) [1 x 1960]

CPA algorithm statistics
------------------------
Number of iterations:            1954
Max size of waitlist:            5
Average size of waitlist:        1
Number of computed successors:   1960
Max successors for one state:    2
Number of times merged:          0
Number of times stopped:         3
Number of times abs stopped:     3
Number of times nonAbs stopped:  4
Number of coverage check (part): 7
Number of times doAbstraction node:  22
Number of times breaked:         1

Total time for CPA algorithm:         0.196s (Max:     0.196s)
CPU time for CPA algorithm:           0.580s
  Time for choose from waitlist:      0.002s
  Time for precision adjustment:      0.025s
  Time for transfer relation:         0.100s
  Time for merge operator:            0.001s
  Time for stop operator:             0.009s
  Time for adding to reached set:     0.014s

PredicateCPA statistics
-----------------------
Read Precision Time:                0.000s
Precision file size:                569
Write Precision Time:               0.003s
Number of abstractions:            19 (1% of all post computations)
  Times abstraction was reused:    0
  Because of function entry/exit:  18 (95%)
  Because of loop head:            4 (21%)
  Because of join nodes:           0 (0%)
  Because of threshold:            0 (0%)
  Times precision was empty:       0 (0%)
  Times precision was {false}:     0 (0%)
  Times result was cached:         5 (24%)
  Times cartesian abs was used:    0 (0%)
  Times boolean abs was used:      16 (76%)
  Times result was 'false':        6 (32%)
Number of strengthen sat checks:   0
Number of coverage checks:         7
  BDD entailment checks:           3
Number of SMT sat checks:          1924
  trivial:                         994
  cached:                          880

Max ABE block size:                       7
Number of predicates discovered:          4
Number of abstraction locations:          0
Max number of predicates per location:    0
Avg number of predicates per location:    0
Total predicates per abstraction:         60
Max number of predicates per abstraction: 4
Avg number of predicates per abstraction: 3.75
Number of irrelevant predicates:          0 (0%)
Number of preds handled by boolean abs:   60 (100%)
  Total number of models for allsat:      13
  Max number of models for allsat:        1
  Avg number of models for allsat:        0.81

Number of path formula cache hits:   2 (0%)

Time for post operator:                  2.138s
  Time for path formula creation:        0.412s
    Actual computation:                  0.369s
Time for strengthen operator:            0.008s
Time for prec operator:                  0.870s
  Time for abstraction:                  0.042s (Max:     0.008s, Count: 19)
    Boolean abstraction:                 0.810s
    Solving time:                        0.035s (Max:     0.030s)
    Model enumeration time:              0.759s
    Time for BDD construction:           0.001s (Max:     0.001s)
Time for merge operator:                 0.002s
Time for coverage check:                 0.001s
  Time for BDD entailment checks:        0.000s
Total time for SMT solver (w/o itp):     1.763s

Number of BDD nodes:                               211
Size of BDD node table:                            466043
Size of BDD cache:                                 46619
Size of BDD node cleanup queue:                           0 (count: 95387, min: 0, max: 0, avg: 0.00)
Time for BDD node cleanup:                             0.011s
Time for BDD garbage collection:                       0.000s (in 0 runs)

PrecisionBootstrap statistics
-----------------------------
Init. function predicates:                         0
Init. global predicates:                           0
Init. location predicates:                         0

ImpactedCPA statistics
----------------------
  Number of invariants partial hits:                            0
  Number of invariants hits:                                    2
  Number of invariants trys:                                    3
  Number of invariants bots:                                    1
  Number of invariants not valid:                               0
  Initial reached size:                                         1924
  Input invariants file size:                                   3926
  Max impacted number of variables:                             0
  Number of last version invariants:                            696
  Number of this version invariants:                            11
  CPU time for invariant read:                                      0.520s
  CPU time for invariant write:                                     0.130s
  Time for invariant write:                                         0.064s
  Time for invariant read:                                          0.266s

AutomatonAnalysis (SVCOMP) statistics
-------------------------------------
Number of states:                                  1
Total time for successor computation:                  0.007s
Automaton transfers with branching:                0
Automaton transfer successors:                         2008 (count: 2008, min: 1, max: 1, avg: 1.00) [1 x 2008]

CPA algorithm statistics
------------------------
Number of iterations:            74
Max size of waitlist:            5
Average size of waitlist:        2
Number of computed successors:   84
Max successors for one state:    2
Number of times merged:          2
Number of times stopped:         5
Number of times abs stopped:     3
Number of times nonAbs stopped:  4
Number of coverage check (part): 7
Number of times doAbstraction node:  22
Number of times breaked:         0

Total time for CPA algorithm:         0.092s (Max:     0.092s)
CPU time for CPA algorithm:           0.580s
  Time for choose from waitlist:      0.000s
  Time for precision adjustment:      0.046s
  Time for transfer relation:         0.038s
  Time for merge operator:            0.003s
  Time for stop operator:             0.001s
  Time for adding to reached set:     0.002s

Predicate-Abstraction Refiner statistics
----------------------------------------
  Predicate creation:                                  0.000s
  Precision update:                                    0.000s
  ARG update:                                          0.000s

Length of refined path (in blocks):                       0 (count: 0, min: 0, max: 0, avg: 0.00)
Number of affected states:                                0 (count: 0, min: 0, max: 0, avg: 0.00)
Length (states) of path with itp 'true':                  0 (count: 0, min: 0, max: 0, avg: 0.00)
Length (states) of path with itp non-trivial itp:         0 (count: 0, min: 0, max: 0, avg: 0.00)
Length (states) of path with itp 'false':                 0 (count: 0, min: 0, max: 0, avg: 0.00)
Different non-trivial interpolants along paths:           0 (count: 0, min: 0, max: 0, avg: 0.00)
Equal non-trivial interpolants along paths:               0 (count: 0, min: 0, max: 0, avg: 0.00)
Different precisions along paths:                         0 (count: 0, min: 0, max: 0, avg: 0.00)
Equal precisions along paths:                             0 (count: 0, min: 0, max: 0, avg: 0.00)
Number of refs with location-based cutoff:                0

CEGAR algorithm statistics
--------------------------
Number of refinements:                0
Refinement times:             0
First time for refinement:             0.092s
Last time for refinement:              0.092s
Average time for analysis:          0.092s
Number of analysis:                1

Code Coverage
-----------------------------
  Visited lines:          5823
  Total lines:            13
  Line coverage:          447.923

CPAchecker general statistics
-----------------------------
Number of program locations:     31254
Number of CFA edges:             42667
Number of relevant variables:    6942
Number of functions:             746
Number of loops:                 176
Size of reached set:             1997
  Number of reached locations:   1981 (6%)
    Avg states per location:     1
    Max states per location:     2 (at node N2936)
  Number of reached functions:   6 (1%)
  Number of partitions:          1996
    Avg size of partitions:      1
    Max size of partitions:      2 (with key [N32165 (entry of function ldv_check_final_state in /work/ldvuser/novikov/work/current--X--drivers/block/drbd/drbd.ko--X--defaultlinux--X--32_7a--X--cpachecker/linux/csd_deg_dscv/19/dscv_tempdir/rule-instrumentor/32_7a/common-model/ldv_common_model.c, lines 477-506), 645656682, Init])
  Number of target states:       0

Time for analysis setup:                  58.564s
  Time for cfa diff:                  47.136s
  Time for loading CPAs:                   0.751s
  Time for impacted traverse:              0.092s
  Time for loading parser:        0.034s
  Time for CFA construction:      6.750s
    Time for parsing file(s):     1.093s
    Time for AST to CFA:          2.183s
    Time for CFA sanity check:    0.002s
    Time for post-processing:     2.945s
      Time for var class.:        0.000s
Time for normal Analysis:                         0.093s
CPU time for analysis:                     6.300s
CPU time for impacted:                     1.250s
CPU time for normal analysis:              0.190s
CPU time for init:                         6.120s

Time for Garbage Collector:       2.299s (in 16 runs)
Garbage Collector(s) used:    PS MarkSweep, PS Scavenge
Used heap memory:                546MB (   520 MiB) max;    219MB (   209 MiB) avg;    553MB (   527 MiB) peak
Used non-heap memory:             44MB (    42 MiB) max;     33MB (    31 MiB) avg;     44MB (    42 MiB) peak
Used in PS Old Gen pool:          86MB (    82 MiB) max;     80MB (    76 MiB) avg;     86MB (    82 MiB) peak
Allocated heap memory:           784MB (   748 MiB) max;    518MB (   494 MiB) avg
Allocated non-heap memory:        45MB (    43 MiB) max;     33MB (    32 MiB) avg
Total process virtual memory:  13309MB ( 12693 MiB) max;  13289MB ( 12673 MiB) avg

Verification result: TRUE. No property violation found by chosen configuration.
More details about the verification run can be found in the directory "/home/yqs17/blazer/cpachecker-inc-pred/output-us-precise-cfa/32_7a.block--drbd--drbd.ko.set/005.a870a3a.32_7a.cil_safe.i".
