scripts/cpa.sh -heap 10000M -predicateAnalysis-ABElfb-debug -setprop cpa.impacted.eliminate=true -disable-java-assertions -outputpath /home/yqs17/blazer/cpachecker-inc-pred/output-us-precise-cfa/39_7a.usb--serial--spcp8x5.ko.set/018.70ced22.39_7a.cil_safe.i -isIncPred -spec /home/yqs17/blazer/cpachecker-inc-pred/LDVErrorLabel.spc -stats -setprop cpa.impacted.pre_invariants.file=/home/yqs17/blazer/cpachecker-inc-pred/output-us-precise-cfa/39_7a.usb--serial--spcp8x5.ko.set/017.1f87158.39_7a.cil_safe.i/impacted-invariants.txt -setprop analysis.prev.program=/home/yqs17/blazer/cpachecker-inc-pred/programs/drivers--usb--serial--spcp8x5.ko/017.1f87158.39_7a.cil_safe.i -entryfunction ldv_main0_sequence_infinite_withcheck_stateful /home/yqs17/blazer/cpachecker-inc-pred/programs/drivers--usb--serial--spcp8x5.ko/018.70ced22.39_7a.cil_safe.i


--------------------------------------------------------------------------------


Running CPAchecker with Java heap of size 10000M.
Running CPAchecker with the following extra VM options:  -Djava.io.tmpdir=/tmp/BenchExec_run_wsbbdht6/tmp
Number of modified edges: 112
Begin analysis 
Read invariant objects done
ImpactedCPA statistics
----------------------
  Number of invariants partial hits:                            0
  Number of invariants hits:                                    36
  Number of invariants trys:                                    56
  Number of invariants bots:                                    21
  Number of invariants not valid:                               1
  Initial reached size:                                         1221
  Input invariants file size:                                   18124
  Max impacted number of variables:                             0
  Number of last version invariants:                            252
  Number of this version invariants:                            0
  CPU time for invariant read:                                      1.300s
  CPU time for invariant write:                                     0.000s
  Time for invariant write:                                         0.000s
  Time for invariant read:                                          0.670s

AutomatonAnalysis (SVCOMP) statistics
-------------------------------------
Number of states:                                  1
Total time for successor computation:                  0.011s
Automaton transfers with branching:                0
Automaton transfer successors:                          815 (count: 815, min: 1, max: 1, avg: 1.00) [1 x 815]

CPA algorithm statistics
------------------------
Number of iterations:            808
Max size of waitlist:            7
Average size of waitlist:        1
Number of computed successors:   815
Max successors for one state:    2
Number of times merged:          0
Number of times stopped:         1
Number of times abs stopped:     1941
Number of times nonAbs stopped:  3442
Number of coverage check (part): 7623
Number of times doAbstraction node:  10810
Number of times breaked:         1

Total time for CPA algorithm:         0.104s (Max:     0.104s)
CPU time for CPA algorithm:          48.950s
  Time for choose from waitlist:      0.001s
  Time for precision adjustment:      0.015s
  Time for transfer relation:         0.056s
  Time for merge operator:            0.000s
  Time for stop operator:             0.006s
  Time for adding to reached set:     0.006s

PredicateCPA statistics
-----------------------
Read Precision Time:                0.000s
Precision file size:                340
Write Precision Time:               0.003s
Number of abstractions:            10754 (20% of all post computations)
  Times abstraction was reused:    0
  Because of function entry/exit:  10595 (99%)
  Because of loop head:            215 (2%)
  Because of join nodes:           0 (0%)
  Because of threshold:            0 (0%)
  Times precision was empty:       0 (0%)
  Times precision was {false}:     0 (0%)
  Times result was cached:         6181 (57%)
  Times cartesian abs was used:    0 (0%)
  Times boolean abs was used:      4609 (43%)
  Times result was 'false':        662 (6%)
Number of strengthen sat checks:   1
  Times result was 'false':        0 (0%)
Number of coverage checks:         7623
  BDD entailment checks:           4181
Number of SMT sat checks:          1265
  trivial:                         573
  cached:                          504

Max ABE block size:                       47
Number of predicates discovered:          19
Number of abstraction locations:          0
Max number of predicates per location:    0
Avg number of predicates per location:    0
Total predicates per abstraction:         79189
Max number of predicates per abstraction: 18
Avg number of predicates per abstraction: 17.18
Number of irrelevant predicates:          9904 (13%)
Number of preds handled by boolean abs:   69285 (87%)
  Total number of models for allsat:      7027
  Max number of models for allsat:        12
  Avg number of models for allsat:        1.52

Number of path formula cache hits:   10826 (19%)

Time for post operator:                  7.247s
  Time for path formula creation:        3.893s
    Actual computation:                  3.378s
Time for strengthen operator:            0.070s
  Time for satisfiability checks:        0.000s
Time for prec operator:                 15.992s
  Time for abstraction:                 15.131s (Max:     0.055s, Count: 10754)
    Boolean abstraction:                 7.394s
    Solving time:                        1.090s (Max:     0.011s)
    Model enumeration time:              0.368s
    Time for BDD construction:           0.162s (Max:     0.003s)
Time for merge operator:                 0.504s
Time for coverage check:                 0.014s
  Time for BDD entailment checks:        0.010s
Total time for SMT solver (w/o itp):     1.900s

Number of BDD nodes:                               2448
Size of BDD node table:                            466043
Size of BDD cache:                                 46619
Size of BDD node cleanup queue:                        6501 (count: 48733, min: 0, max: 1123, avg: 0.13)
Time for BDD node cleanup:                             0.010s
Time for BDD garbage collection:                       0.000s (in 0 runs)

PrecisionBootstrap statistics
-----------------------------
Init. function predicates:                         0
Init. global predicates:                           0
Init. location predicates:                         0

ImpactedCPA statistics
----------------------
  Number of invariants partial hits:                            0
  Number of invariants hits:                                    36
  Number of invariants trys:                                    56
  Number of invariants bots:                                    21
  Number of invariants not valid:                               1
  Initial reached size:                                         1221
  Input invariants file size:                                   18124
  Max impacted number of variables:                             0
  Number of last version invariants:                            252
  Number of this version invariants:                            267
  CPU time for invariant read:                                      1.300s
  CPU time for invariant write:                                     0.260s
  Time for invariant write:                                         0.128s
  Time for invariant read:                                          0.670s

AutomatonAnalysis (SVCOMP) statistics
-------------------------------------
Number of states:                                  1
Total time for successor computation:                  0.099s
Automaton transfers with branching:                0
Automaton transfer successors:                        53381 (count: 53381, min: 1, max: 1, avg: 1.00) [1 x 53381]

CPA algorithm statistics
------------------------
Number of iterations:            48006
Max size of waitlist:            101
Average size of waitlist:        50
Number of computed successors:   52126
Max successors for one state:    2
Number of times merged:          1707
Number of times stopped:         3648
Number of times abs stopped:     1941
Number of times nonAbs stopped:  3442
Number of coverage check (part): 7623
Number of times doAbstraction node:  10810
Number of times breaked:         1

Total time for CPA algorithm:        24.787s (Max:    17.976s)
CPU time for CPA algorithm:          48.950s
  Time for choose from waitlist:      0.075s
  Time for precision adjustment:     15.800s
  Time for transfer relation:         7.291s
  Time for merge operator:            0.651s
  Time for stop operator:             0.182s
  Time for adding to reached set:     0.194s

Predicate-Abstraction Refiner statistics
----------------------------------------
Avg. length of target path (in blocks):                  20 (count: 1, min: 20, max: 20, avg: 20.00)
Number of infeasible sliced prefixes:                     0 (count: 0, min: 0, max: 0, avg: 0.00)

Time for refinement:                                   0.149s
  Counterexample analysis:                0.097s (Max:     0.097s, Calls: 1)
    Refinement sat check:                 0.020s
    Interpolant computation:              0.000s
  Error path post-processing:                          0.000s
  Path-formulas extraction:                            0.000s
  Building the counterexample trace:                   0.097s
  Extracting precise counterexample:                   0.000s
  Extracting infeasible sliced prefixes:               0.000s
  Selecting infeasible sliced prefixes:                0.000s
  Predicate creation:                                  0.001s
  Precision update:                                    0.002s
  ARG update:                                          0.045s

Length of refined path (in blocks):                      19 (count: 1, min: 19, max: 19, avg: 19.00)
Number of affected states:                               17 (count: 1, min: 17, max: 17, avg: 17.00)
Length (states) of path with itp 'true':                  1 (count: 1, min: 1, max: 1, avg: 1.00)
Length (states) of path with itp non-trivial itp:        17 (count: 1, min: 17, max: 17, avg: 17.00)
Length (states) of path with itp 'false':                 1 (count: 1, min: 1, max: 1, avg: 1.00)
Different non-trivial interpolants along paths:           0 (count: 1, min: 0, max: 0, avg: 0.00)
Equal non-trivial interpolants along paths:              16 (count: 1, min: 16, max: 16, avg: 16.00)
Different precisions along paths:                         0 (count: 0, min: 0, max: 0, avg: 0.00)
Equal precisions along paths:                             0 (count: 0, min: 0, max: 0, avg: 0.00)
Number of refs with location-based cutoff:                0

CEGAR algorithm statistics
--------------------------
Number of refinements:                1
Number of successful refinements:     1
Number of failed refinements:         0
Max. size of reached set before ref.: 9319
Max. size of reached set after ref.:  775
Avg. size of reached set before ref.: 9319.00
Avg. size of reached set after ref.:  775.00

Total time for CEGAR algorithm:      24.944s
CPU time for CEGAR algorithm:        49.050s
Time for refinements:                 0.155s
CPU time for refinements:             0.310s
Average time for refinement:          0.155s
Max time for refinement:              0.155s
First time for refinement:            12.393s
Last time for refinement:             17.976s
Average time for analysis:         12.393s
Number of analysis:                2

Code Coverage
-----------------------------
  Visited lines:          4038
  Total lines:            10
  Line coverage:          403.800

CPAchecker general statistics
-----------------------------
Number of program locations:     3483
Number of CFA edges:             4186
Number of relevant variables:    533
Number of functions:             149
Number of loops:                 7
Size of reached set:             40493
  Number of reached locations:   2646 (76%)
    Avg states per location:     15
    Max states per location:     734 (at node N2270)
  Number of reached functions:   66 (44%)
  Number of partitions:          37679
    Avg size of partitions:      1
    Max size of partitions:      18 (with key [N1557 (before /work/ldvuser/novikov/work/current--X--drivers/usb/serial/spcp8x5.ko--X--defaultlinux--X--39_7a--X--cpachecker/linux/csd_deg_dscv/11/dscv_tempdir/dscv/ri/39_7a/drivers/usb/serial/spcp8x5.c.prepared, line 838), -283847620, Init])
  Number of target states:       0

Time for analysis setup:                  11.966s
  Time for cfa diff:                   7.265s
  Time for loading CPAs:                   0.427s
  Time for impacted traverse:              0.014s
  Time for loading parser:        0.037s
  Time for CFA construction:      1.674s
    Time for parsing file(s):     0.422s
    Time for AST to CFA:          0.665s
    Time for CFA sanity check:    0.000s
    Time for post-processing:     0.405s
      Time for var class.:        0.000s
Time for normal Analysis:                        24.944s
CPU time for analysis:                    52.270s
CPU time for impacted:                     0.660s
CPU time for normal analysis:             49.050s
CPU time for init:                         3.220s

Time for Garbage Collector:       0.623s (in 18 runs)
Garbage Collector(s) used:    PS MarkSweep, PS Scavenge
Used heap memory:               1693MB (  1615 MiB) max;    385MB (   367 MiB) avg;   1739MB (  1659 MiB) peak
Used non-heap memory:             44MB (    42 MiB) max;     37MB (    35 MiB) avg;     45MB (    43 MiB) peak
Used in PS Old Gen pool:          76MB (    73 MiB) max;     38MB (    36 MiB) avg;     76MB (    73 MiB) peak
Allocated heap memory:          1766MB (  1684 MiB) max;    830MB (   791 MiB) avg
Allocated non-heap memory:        47MB (    44 MiB) max;     39MB (    37 MiB) avg
Total process virtual memory:  13310MB ( 12694 MiB) max;  13300MB ( 12684 MiB) avg

Verification result: TRUE. No property violation found by chosen configuration.
More details about the verification run can be found in the directory "/home/yqs17/blazer/cpachecker-inc-pred/output-us-precise-cfa/39_7a.usb--serial--spcp8x5.ko.set/018.70ced22.39_7a.cil_safe.i".
