scripts/cpa.sh -heap 10000M -predicateAnalysis-ABElfb-debug -setprop cpa.impacted.eliminate=true -disable-java-assertions -outputpath /home/yqs17/blazer/cpachecker-inc-pred/output-us-precise-cfa/32_7a.mtd--mtdoops.ko.set/007.79dcd8e.32_7a.cil_safe.i -isIncPred -spec /home/yqs17/blazer/cpachecker-inc-pred/LDVErrorLabel.spc -stats -setprop cpa.impacted.pre_invariants.file=/home/yqs17/blazer/cpachecker-inc-pred/output-us-precise-cfa/32_7a.mtd--mtdoops.ko.set/006.47c152b.32_7a.cil_safe.i/impacted-invariants.txt -setprop analysis.prev.program=/home/yqs17/blazer/cpachecker-inc-pred/programs/drivers--mtd--mtdoops.ko/006.47c152b.32_7a.cil_safe.i -entryfunction ldv_main0_sequence_infinite_withcheck_stateful /home/yqs17/blazer/cpachecker-inc-pred/programs/drivers--mtd--mtdoops.ko/007.79dcd8e.32_7a.cil_safe.i


--------------------------------------------------------------------------------


Running CPAchecker with Java heap of size 10000M.
Running CPAchecker with the following extra VM options:  -Djava.io.tmpdir=/tmp/BenchExec_run_rs35qoj_/tmp
Number of modified edges: 4
Begin analysis 
Read invariant objects done
PredicateCPA statistics
-----------------------
Read Precision Time:                0.000s
Precision file size:                0
Write Precision Time:               0.001s
Number of abstractions:            22 (3% of all post computations)
  Times abstraction was reused:    0
  Because of function entry/exit:  44 (200%)
  Because of loop head:            17 (77%)
  Because of join nodes:           0 (0%)
  Because of threshold:            0 (0%)
  Times precision was empty:       0 (0%)
  Times precision was {false}:     0 (0%)
  Times result was cached:         21 (44%)
  Times cartesian abs was used:    0 (0%)
  Times boolean abs was used:      27 (56%)
  Times result was 'false':        0 (0%)
Number of strengthen sat checks:   0
Number of coverage checks:         358
  BDD entailment checks:           20
Number of SMT sat checks:          707
  trivial:                         383
  cached:                          154

Max ABE block size:                       17
Number of predicates discovered:          1
Number of abstraction locations:          0
Max number of predicates per location:    0
Avg number of predicates per location:    0
Total predicates per abstraction:         27
Max number of predicates per abstraction: 1
Avg number of predicates per abstraction: 1.00
Number of irrelevant predicates:          0 (0%)
Number of preds handled by boolean abs:   27 (100%)
  Total number of models for allsat:      27
  Max number of models for allsat:        1
  Avg number of models for allsat:        1.00

Number of path formula cache hits:   234 (25%)

Time for post operator:                  0.893s
  Time for path formula creation:        0.216s
    Actual computation:                  0.199s
Time for strengthen operator:            0.007s
Time for prec operator:                  0.153s
  Time for abstraction:                  0.027s (Max:     0.011s, Count: 22)
    Boolean abstraction:                 0.056s
    Solving time:                        0.043s (Max:     0.009s)
    Model enumeration time:              0.001s
    Time for BDD construction:           0.009s (Max:     0.006s)
Time for merge operator:                 0.063s
Time for coverage check:                 0.000s
  Time for BDD entailment checks:        0.000s
Total time for SMT solver (w/o itp):     0.608s

Number of BDD nodes:                               202
Size of BDD node table:                            466043
Size of BDD cache:                                 46619
Size of BDD node cleanup queue:                          23 (count: 2869, min: 0, max: 23, avg: 0.01)
Time for BDD node cleanup:                             0.003s
Time for BDD garbage collection:                       0.000s (in 0 runs)

PrecisionBootstrap statistics
-----------------------------
Init. function predicates:                         0
Init. global predicates:                           0
Init. location predicates:                         0

ImpactedCPA statistics
----------------------
  Number of invariants partial hits:                            0
  Number of invariants hits:                                    26
  Number of invariants trys:                                    39
  Number of invariants bots:                                    13
  Number of invariants not valid:                               0
  Initial reached size:                                         659
  Input invariants file size:                                   863
  Max impacted number of variables:                             0
  Number of last version invariants:                            30
  Number of this version invariants:                            27
  CPU time for invariant read:                                      0.140s
  CPU time for invariant write:                                     0.030s
  Time for invariant write:                                         0.021s
  Time for invariant read:                                          0.070s

AutomatonAnalysis (SVCOMP) statistics
-------------------------------------
Number of states:                                  1
Total time for successor computation:                  0.014s
Automaton transfers with branching:                0
Automaton transfer successors:                          870 (count: 870, min: 1, max: 1, avg: 1.00) [1 x 870]

CPA algorithm statistics
------------------------
Number of iterations:            139
Max size of waitlist:            17
Average size of waitlist:        11
Number of computed successors:   165
Max successors for one state:    2
Number of times merged:          135
Number of times stopped:         155
Number of times abs stopped:     20
Number of times nonAbs stopped:  338
Number of coverage check (part): 358
Number of times doAbstraction node:  61
Number of times breaked:         0

Total time for CPA algorithm:         0.103s (Max:     0.103s)
CPU time for CPA algorithm:           0.200s
  Time for choose from waitlist:      0.001s
  Time for precision adjustment:      0.036s
  Time for transfer relation:         0.014s
  Time for merge operator:            0.041s
  Time for stop operator:             0.003s
  Time for adding to reached set:     0.000s

Predicate-Abstraction Refiner statistics
----------------------------------------
  Predicate creation:                                  0.000s
  Precision update:                                    0.000s
  ARG update:                                          0.000s

Length of refined path (in blocks):                       0 (count: 0, min: 0, max: 0, avg: 0.00)
Number of affected states:                                0 (count: 0, min: 0, max: 0, avg: 0.00)
Length (states) of path with itp 'true':                  0 (count: 0, min: 0, max: 0, avg: 0.00)
Length (states) of path with itp non-trivial itp:         0 (count: 0, min: 0, max: 0, avg: 0.00)
Length (states) of path with itp 'false':                 0 (count: 0, min: 0, max: 0, avg: 0.00)
Different non-trivial interpolants along paths:           0 (count: 0, min: 0, max: 0, avg: 0.00)
Equal non-trivial interpolants along paths:               0 (count: 0, min: 0, max: 0, avg: 0.00)
Different precisions along paths:                         0 (count: 0, min: 0, max: 0, avg: 0.00)
Equal precisions along paths:                             0 (count: 0, min: 0, max: 0, avg: 0.00)
Number of refs with location-based cutoff:                0

CEGAR algorithm statistics
--------------------------
Number of refinements:                0
Refinement times:             0
First time for refinement:             0.104s
Last time for refinement:              0.104s
Average time for analysis:          0.104s
Number of analysis:                1

Code Coverage
-----------------------------
  Visited lines:          1627
  Total lines:            5
  Line coverage:          325.400

CPAchecker general statistics
-----------------------------
Number of program locations:     823
Number of CFA edges:             917
Number of relevant variables:    93
Number of functions:             20
Number of loops:                 4
Size of reached set:             669
  Number of reached locations:   649 (79%)
    Avg states per location:     1
    Max states per location:     6 (at node N556)
  Number of reached functions:   13 (65%)
  Number of partitions:          669
    Avg size of partitions:      1
    Max size of partitions:      1
  Number of target states:       0

Time for analysis setup:                   4.621s
  Time for cfa diff:                   1.984s
  Time for loading CPAs:                   0.320s
  Time for impacted traverse:              0.005s
  Time for loading parser:        0.032s
  Time for CFA construction:      0.880s
    Time for parsing file(s):     0.262s
    Time for AST to CFA:          0.330s
    Time for CFA sanity check:    0.000s
    Time for post-processing:     0.193s
      Time for var class.:        0.000s
Time for normal Analysis:                         0.104s
CPU time for analysis:                     2.520s
CPU time for impacted:                     0.000s
CPU time for normal analysis:              0.200s
CPU time for init:                         2.320s

Time for Garbage Collector:       0.114s (in 5 runs)
Garbage Collector(s) used:    PS MarkSweep, PS Scavenge
Used heap memory:                 95MB (    91 MiB) max;     40MB (    38 MiB) avg;    105MB (   101 MiB) peak
Used non-heap memory:             33MB (    31 MiB) max;     24MB (    23 MiB) avg;     35MB (    33 MiB) peak
Used in PS Old Gen pool:          19MB (    19 MiB) max;      7MB (     6 MiB) avg;     19MB (    19 MiB) peak
Allocated heap memory:           217MB (   207 MiB) max;    179MB (   170 MiB) avg
Allocated non-heap memory:        35MB (    34 MiB) max;     26MB (    24 MiB) avg
Total process virtual memory:  13307MB ( 12691 MiB) max;  13282MB ( 12667 MiB) avg

Verification result: TRUE. No property violation found by chosen configuration.
More details about the verification run can be found in the directory "/home/yqs17/blazer/cpachecker-inc-pred/output-us-precise-cfa/32_7a.mtd--mtdoops.ko.set/007.79dcd8e.32_7a.cil_safe.i".
