scripts/cpa.sh -heap 10000M -predicateAnalysis-ABElfb-debug -setprop cpa.impacted.eliminate=true -disable-java-assertions -outputpath /home/yqs17/blazer/cpachecker-inc-pred/output-us-precise-cfa/39_7a.i2c--algos--i2c-algo-pca.ko.set/021.2196d1c.39_7a.cil_safe.i -isIncPred -spec /home/yqs17/blazer/cpachecker-inc-pred/LDVErrorLabel.spc -stats -setprop cpa.impacted.pre_invariants.file=/home/yqs17/blazer/cpachecker-inc-pred/output-us-precise-cfa/39_7a.i2c--algos--i2c-algo-pca.ko.set/020.c454dee.39_7a.cil_safe.i/impacted-invariants.txt -setprop analysis.prev.program=/home/yqs17/blazer/cpachecker-inc-pred/programs/drivers--i2c--algos--i2c-algo-pca.ko/020.c454dee.39_7a.cil_safe.i -entryfunction ldv_main0_sequence_infinite_withcheck_stateful /home/yqs17/blazer/cpachecker-inc-pred/programs/drivers--i2c--algos--i2c-algo-pca.ko/021.2196d1c.39_7a.cil_safe.i


--------------------------------------------------------------------------------


Running CPAchecker with Java heap of size 10000M.
Running CPAchecker with the following extra VM options:  -Djava.io.tmpdir=/tmp/BenchExec_run_tves6r5w/tmp
Number of modified edges: 45
Begin analysis 
Read invariant objects done
PredicateCPA statistics
-----------------------
Read Precision Time:                0.000s
Precision file size:                0
Write Precision Time:               0.002s
Number of abstractions:            93 (5% of all post computations)
  Times abstraction was reused:    0
  Because of function entry/exit:  125 (134%)
  Because of loop head:            40 (43%)
  Because of join nodes:           0 (0%)
  Because of threshold:            0 (0%)
  Times precision was empty:       0 (0%)
  Times precision was {false}:     0 (0%)
  Times result was cached:         26 (21%)
  Times cartesian abs was used:    0 (0%)
  Times boolean abs was used:      100 (79%)
  Times result was 'false':        0 (0%)
Number of strengthen sat checks:   0
Number of coverage checks:         795
  BDD entailment checks:           57
Number of SMT sat checks:          1012
  trivial:                         376
  cached:                          350

Max ABE block size:                       29
Number of predicates discovered:          4
Number of abstraction locations:          0
Max number of predicates per location:    0
Avg number of predicates per location:    0
Total predicates per abstraction:         365
Max number of predicates per abstraction: 4
Avg number of predicates per abstraction: 3.65
Number of irrelevant predicates:          0 (0%)
Number of preds handled by boolean abs:   365 (100%)
  Total number of models for allsat:      100
  Max number of models for allsat:        1
  Avg number of models for allsat:        1.00

Number of path formula cache hits:   600 (31%)

Time for post operator:                  1.132s
  Time for path formula creation:        0.307s
    Actual computation:                  0.276s
Time for strengthen operator:            0.011s
Time for prec operator:                  0.376s
  Time for abstraction:                  0.155s (Max:     0.009s, Count: 93)
    Boolean abstraction:                 0.118s
    Solving time:                        0.040s (Max:     0.007s)
    Model enumeration time:              0.006s
    Time for BDD construction:           0.003s (Max:     0.001s)
Time for merge operator:                 0.077s
Time for coverage check:                 0.001s
  Time for BDD entailment checks:        0.001s
Total time for SMT solver (w/o itp):     0.683s

Number of BDD nodes:                               210
Size of BDD node table:                            466043
Size of BDD cache:                                 46619
Size of BDD node cleanup queue:                         105 (count: 4866, min: 0, max: 105, avg: 0.02)
Time for BDD node cleanup:                             0.002s
Time for BDD garbage collection:                       0.000s (in 0 runs)

PrecisionBootstrap statistics
-----------------------------
Init. function predicates:                         0
Init. global predicates:                           0
Init. location predicates:                         0

ImpactedCPA statistics
----------------------
  Number of invariants partial hits:                            0
  Number of invariants hits:                                    33
  Number of invariants trys:                                    72
  Number of invariants bots:                                    39
  Number of invariants not valid:                               0
  Initial reached size:                                         935
  Input invariants file size:                                   1506
  Max impacted number of variables:                             0
  Number of last version invariants:                            46
  Number of this version invariants:                            49
  CPU time for invariant read:                                      0.240s
  CPU time for invariant write:                                     0.050s
  Time for invariant write:                                         0.025s
  Time for invariant read:                                          0.127s

AutomatonAnalysis (SVCOMP) statistics
-------------------------------------
Number of states:                                  1
Total time for successor computation:                  0.020s
Automaton transfers with branching:                0
Automaton transfer successors:                         1745 (count: 1745, min: 1, max: 1, avg: 1.00) [1 x 1745]

CPA algorithm statistics
------------------------
Number of iterations:            647
Max size of waitlist:            45
Average size of waitlist:        28
Number of computed successors:   736
Max successors for one state:    2
Number of times merged:          333
Number of times stopped:         390
Number of times abs stopped:     57
Number of times nonAbs stopped:  738
Number of coverage check (part): 795
Number of times doAbstraction node:  165
Number of times breaked:         0

Total time for CPA algorithm:         0.450s (Max:     0.450s)
CPU time for CPA algorithm:           0.880s
  Time for choose from waitlist:      0.003s
  Time for precision adjustment:      0.167s
  Time for transfer relation:         0.148s
  Time for merge operator:            0.095s
  Time for stop operator:             0.010s
  Time for adding to reached set:     0.005s

Predicate-Abstraction Refiner statistics
----------------------------------------
  Predicate creation:                                  0.000s
  Precision update:                                    0.000s
  ARG update:                                          0.000s

Length of refined path (in blocks):                       0 (count: 0, min: 0, max: 0, avg: 0.00)
Number of affected states:                                0 (count: 0, min: 0, max: 0, avg: 0.00)
Length (states) of path with itp 'true':                  0 (count: 0, min: 0, max: 0, avg: 0.00)
Length (states) of path with itp non-trivial itp:         0 (count: 0, min: 0, max: 0, avg: 0.00)
Length (states) of path with itp 'false':                 0 (count: 0, min: 0, max: 0, avg: 0.00)
Different non-trivial interpolants along paths:           0 (count: 0, min: 0, max: 0, avg: 0.00)
Equal non-trivial interpolants along paths:               0 (count: 0, min: 0, max: 0, avg: 0.00)
Different precisions along paths:                         0 (count: 0, min: 0, max: 0, avg: 0.00)
Equal precisions along paths:                             0 (count: 0, min: 0, max: 0, avg: 0.00)
Number of refs with location-based cutoff:                0

CEGAR algorithm statistics
--------------------------
Number of refinements:                0
Refinement times:             0
First time for refinement:             0.451s
Last time for refinement:              0.451s
Average time for analysis:          0.451s
Number of analysis:                1

Code Coverage
-----------------------------
  Visited lines:          1957
  Total lines:            13
  Line coverage:          150.538

CPAchecker general statistics
-----------------------------
Number of program locations:     1310
Number of CFA edges:             1493
Number of relevant variables:    149
Number of functions:             53
Number of loops:                 5
Size of reached set:             1281
  Number of reached locations:   863 (66%)
    Avg states per location:     1
    Max states per location:     21 (at node N148)
  Number of reached functions:   15 (28%)
  Number of partitions:          1281
    Avg size of partitions:      1
    Max size of partitions:      1
  Number of target states:       0

Time for analysis setup:                   5.839s
  Time for cfa diff:                   2.682s
  Time for loading CPAs:                   0.344s
  Time for impacted traverse:              0.005s
  Time for loading parser:        0.026s
  Time for CFA construction:      1.013s
    Time for parsing file(s):     0.308s
    Time for AST to CFA:          0.370s
    Time for CFA sanity check:    0.000s
    Time for post-processing:     0.218s
      Time for var class.:        0.000s
Time for normal Analysis:                         0.451s
CPU time for analysis:                     3.790s
CPU time for impacted:                     0.000s
CPU time for normal analysis:              0.900s
CPU time for init:                         2.910s

Time for Garbage Collector:       0.150s (in 6 runs)
Garbage Collector(s) used:    PS MarkSweep, PS Scavenge
Used heap memory:                165MB (   157 MiB) max;     55MB (    53 MiB) avg;    188MB (   180 MiB) peak
Used non-heap memory:             34MB (    32 MiB) max;     26MB (    24 MiB) avg;     36MB (    34 MiB) peak
Used in PS Old Gen pool:          19MB (    18 MiB) max;      8MB (     8 MiB) avg;     23MB (    22 MiB) peak
Allocated heap memory:           251MB (   240 MiB) max;    199MB (   190 MiB) avg
Allocated non-heap memory:        36MB (    35 MiB) max;     27MB (    26 MiB) avg
Total process virtual memory:  13307MB ( 12691 MiB) max;  13285MB ( 12670 MiB) avg

Verification result: TRUE. No property violation found by chosen configuration.
More details about the verification run can be found in the directory "/home/yqs17/blazer/cpachecker-inc-pred/output-us-precise-cfa/39_7a.i2c--algos--i2c-algo-pca.ko.set/021.2196d1c.39_7a.cil_safe.i".
