scripts/cpa.sh -heap 10000M -predicateAnalysis-ABElfb-debug -setprop cpa.impacted.eliminate=true -disable-java-assertions -outputpath /home/yqs17/blazer/cpachecker-inc-pred/output-us-precise-cfa/08_1a.mtd--mtdoops.ko.set/047.cd409c6.08_1a.cil_safe.i -isIncPred -spec /home/yqs17/blazer/cpachecker-inc-pred/LDVErrorLabel.spc -stats -setprop cpa.impacted.pre_invariants.file=/home/yqs17/blazer/cpachecker-inc-pred/output-us-precise-cfa/08_1a.mtd--mtdoops.ko.set/046.ffe3150.08_1a.cil_safe.i/impacted-invariants.txt -setprop analysis.prev.program=/home/yqs17/blazer/cpachecker-inc-pred/programs/drivers--mtd--mtdoops.ko/046.ffe3150.08_1a.cil_safe.i -entryfunction ldv_main0_sequence_infinite_withcheck_stateful /home/yqs17/blazer/cpachecker-inc-pred/programs/drivers--mtd--mtdoops.ko/047.cd409c6.08_1a.cil_safe.i


--------------------------------------------------------------------------------


Running CPAchecker with Java heap of size 10000M.
Running CPAchecker with the following extra VM options:  -Djava.io.tmpdir=/tmp/BenchExec_run_ml15hop0/tmp
Number of modified edges: 26
Begin analysis 
Read invariant objects done
ImpactedCPA statistics
----------------------
  Number of invariants partial hits:                            0
  Number of invariants hits:                                    36
  Number of invariants trys:                                    47
  Number of invariants bots:                                    11
  Number of invariants not valid:                               0
  Initial reached size:                                         873
  Input invariants file size:                                   1028
  Max impacted number of variables:                             0
  Number of last version invariants:                            40
  Number of this version invariants:                            0
  CPU time for invariant read:                                      0.200s
  CPU time for invariant write:                                     0.000s
  Time for invariant write:                                         0.000s
  Time for invariant read:                                          0.101s

AutomatonAnalysis (SVCOMP) statistics
-------------------------------------
Number of states:                                  1
Total time for successor computation:                  0.008s
Automaton transfers with branching:                0
Automaton transfer successors:                          542 (count: 542, min: 1, max: 1, avg: 1.00) [1 x 542]

CPA algorithm statistics
------------------------
Number of iterations:            534
Max size of waitlist:            6
Average size of waitlist:        1
Number of computed successors:   542
Max successors for one state:    2
Number of times merged:          0
Number of times stopped:         3
Number of times abs stopped:     20
Number of times nonAbs stopped:  600
Number of coverage check (part): 620
Number of times doAbstraction node:  69
Number of times breaked:         1

Total time for CPA algorithm:         0.088s (Max:     0.088s)
CPU time for CPA algorithm:           0.500s
  Time for choose from waitlist:      0.002s
  Time for precision adjustment:      0.010s
  Time for transfer relation:         0.047s
  Time for merge operator:            0.001s
  Time for stop operator:             0.005s
  Time for adding to reached set:     0.007s

PredicateCPA statistics
-----------------------
Read Precision Time:                0.000s
Precision file size:                0
Write Precision Time:               0.002s
Number of abstractions:            22 (2% of all post computations)
  Times abstraction was reused:    0
  Because of function entry/exit:  52 (236%)
  Because of loop head:            17 (77%)
  Because of join nodes:           0 (0%)
  Because of threshold:            0 (0%)
  Times precision was empty:       0 (0%)
  Times precision was {false}:     0 (0%)
  Times result was cached:         19 (33%)
  Times cartesian abs was used:    0 (0%)
  Times boolean abs was used:      39 (67%)
  Times result was 'false':        0 (0%)
Number of strengthen sat checks:   0
Number of coverage checks:         620
  BDD entailment checks:           20
Number of SMT sat checks:          938
  trivial:                         439
  cached:                          271

Max ABE block size:                       20
Number of predicates discovered:          1
Number of abstraction locations:          0
Max number of predicates per location:    0
Avg number of predicates per location:    0
Total predicates per abstraction:         39
Max number of predicates per abstraction: 1
Avg number of predicates per abstraction: 1.00
Number of irrelevant predicates:          0 (0%)
Number of preds handled by boolean abs:   39 (100%)
  Total number of models for allsat:      39
  Max number of models for allsat:        1
  Avg number of models for allsat:        1.00

Number of path formula cache hits:   380 (29%)

Time for post operator:                  1.327s
  Time for path formula creation:        0.478s
    Actual computation:                  0.449s
Time for strengthen operator:            0.010s
Time for prec operator:                  0.249s
  Time for abstraction:                  0.045s (Max:     0.015s, Count: 22)
    Boolean abstraction:                 0.067s
    Solving time:                        0.040s (Max:     0.010s)
    Model enumeration time:              0.002s
    Time for BDD construction:           0.013s (Max:     0.013s)
Time for merge operator:                 0.100s
Time for coverage check:                 0.001s
  Time for BDD entailment checks:        0.001s
Total time for SMT solver (w/o itp):     0.707s

Number of BDD nodes:                               202
Size of BDD node table:                            466043
Size of BDD cache:                                 46619
Size of BDD node cleanup queue:                          43 (count: 3771, min: 0, max: 43, avg: 0.01)
Time for BDD node cleanup:                             0.001s
Time for BDD garbage collection:                       0.000s (in 0 runs)

PrecisionBootstrap statistics
-----------------------------
Init. function predicates:                         0
Init. global predicates:                           0
Init. location predicates:                         0

ImpactedCPA statistics
----------------------
  Number of invariants partial hits:                            0
  Number of invariants hits:                                    36
  Number of invariants trys:                                    47
  Number of invariants bots:                                    11
  Number of invariants not valid:                               0
  Initial reached size:                                         873
  Input invariants file size:                                   1028
  Max impacted number of variables:                             0
  Number of last version invariants:                            40
  Number of this version invariants:                            37
  CPU time for invariant read:                                      0.200s
  CPU time for invariant write:                                     0.050s
  Time for invariant write:                                         0.024s
  Time for invariant read:                                          0.101s

AutomatonAnalysis (SVCOMP) statistics
-------------------------------------
Number of states:                                  1
Total time for successor computation:                  0.011s
Automaton transfers with branching:                0
Automaton transfer successors:                         1212 (count: 1212, min: 1, max: 1, avg: 1.00) [1 x 1212]

CPA algorithm statistics
------------------------
Number of iterations:            222
Max size of waitlist:            28
Average size of waitlist:        14
Number of computed successors:   275
Max successors for one state:    2
Number of times merged:          246
Number of times stopped:         266
Number of times abs stopped:     20
Number of times nonAbs stopped:  600
Number of coverage check (part): 620
Number of times doAbstraction node:  69
Number of times breaked:         0

Total time for CPA algorithm:         0.168s (Max:     0.168s)
CPU time for CPA algorithm:           0.500s
  Time for choose from waitlist:      0.000s
  Time for precision adjustment:      0.047s
  Time for transfer relation:         0.033s
  Time for merge operator:            0.081s
  Time for stop operator:             0.004s
  Time for adding to reached set:     0.000s

Predicate-Abstraction Refiner statistics
----------------------------------------
  Predicate creation:                                  0.000s
  Precision update:                                    0.000s
  ARG update:                                          0.000s

Length of refined path (in blocks):                       0 (count: 0, min: 0, max: 0, avg: 0.00)
Number of affected states:                                0 (count: 0, min: 0, max: 0, avg: 0.00)
Length (states) of path with itp 'true':                  0 (count: 0, min: 0, max: 0, avg: 0.00)
Length (states) of path with itp non-trivial itp:         0 (count: 0, min: 0, max: 0, avg: 0.00)
Length (states) of path with itp 'false':                 0 (count: 0, min: 0, max: 0, avg: 0.00)
Different non-trivial interpolants along paths:           0 (count: 0, min: 0, max: 0, avg: 0.00)
Equal non-trivial interpolants along paths:               0 (count: 0, min: 0, max: 0, avg: 0.00)
Different precisions along paths:                         0 (count: 0, min: 0, max: 0, avg: 0.00)
Equal precisions along paths:                             0 (count: 0, min: 0, max: 0, avg: 0.00)
Number of refs with location-based cutoff:                0

CEGAR algorithm statistics
--------------------------
Number of refinements:                0
Refinement times:             0
First time for refinement:             0.168s
Last time for refinement:              0.168s
Average time for analysis:          0.168s
Number of analysis:                1

Code Coverage
-----------------------------
  Visited lines:          2026
  Total lines:            12
  Line coverage:          168.833

CPAchecker general statistics
-----------------------------
Number of program locations:     1098
Number of CFA edges:             1197
Number of relevant variables:    141
Number of functions:             33
Number of loops:                 5
Size of reached set:             882
  Number of reached locations:   807 (73%)
    Avg states per location:     1
    Max states per location:     4 (at node N462)
  Number of reached functions:   18 (55%)
  Number of partitions:          882
    Avg size of partitions:      1
    Max size of partitions:      1
  Number of target states:       0

Time for analysis setup:                   6.088s
  Time for cfa diff:                   2.474s
  Time for loading CPAs:                   0.442s
  Time for impacted traverse:              0.011s
  Time for loading parser:        0.035s
  Time for CFA construction:      1.080s
    Time for parsing file(s):     0.356s
    Time for AST to CFA:          0.354s
    Time for CFA sanity check:    0.000s
    Time for post-processing:     0.226s
      Time for var class.:        0.000s
Time for normal Analysis:                         0.168s
CPU time for analysis:                     3.670s
CPU time for impacted:                     0.570s
CPU time for normal analysis:              0.330s
CPU time for init:                         3.340s

Time for Garbage Collector:       0.146s (in 6 runs)
Garbage Collector(s) used:    PS MarkSweep, PS Scavenge
Used heap memory:                169MB (   161 MiB) max;     60MB (    57 MiB) avg;    187MB (   178 MiB) peak
Used non-heap memory:             34MB (    32 MiB) max;     26MB (    24 MiB) avg;     36MB (    34 MiB) peak
Used in PS Old Gen pool:          20MB (    19 MiB) max;      8MB (     8 MiB) avg;     21MB (    20 MiB) peak
Allocated heap memory:           250MB (   239 MiB) max;    199MB (   190 MiB) avg
Allocated non-heap memory:        36MB (    34 MiB) max;     27MB (    26 MiB) avg
Total process virtual memory:  13308MB ( 12691 MiB) max;  13283MB ( 12668 MiB) avg

Verification result: TRUE. No property violation found by chosen configuration.
More details about the verification run can be found in the directory "/home/yqs17/blazer/cpachecker-inc-pred/output-us-precise-cfa/08_1a.mtd--mtdoops.ko.set/047.cd409c6.08_1a.cil_safe.i".
