scripts/cpa.sh -heap 10000M -predicateAnalysis-ABElfb-debug -setprop cpa.impacted.eliminate=true -disable-java-assertions -outputpath /home/yqs17/blazer/cpachecker-inc-pred/output-us-precise-cfa/32_7a.usb--serial--ssu100.ko.set/000.52af954.32_7a.cil_safe.i -stats -spec /home/yqs17/blazer/cpachecker-inc-pred/LDVErrorLabel.spc -entryfunction ldv_main0_sequence_infinite_withcheck_stateful /home/yqs17/blazer/cpachecker-inc-pred/programs/drivers--usb--serial--ssu100.ko/000.52af954.32_7a.cil_safe.i


--------------------------------------------------------------------------------


Running CPAchecker with Java heap of size 10000M.
Running CPAchecker with the following extra VM options:  -Djava.io.tmpdir=/tmp/BenchExec_run_n0v6bwfh/tmp
Begin analysis 
PredicateCPA statistics
-----------------------
Read Precision Time:                0.000s
Precision file size:                15973
Write Precision Time:               0.003s
Number of abstractions:            44353 (16% of all post computations)
  Times abstraction was reused:    0
  Because of function entry/exit:  41500 (94%)
  Because of loop head:            2853 (6%)
  Because of join nodes:           0 (0%)
  Because of threshold:            0 (0%)
  Times precision was empty:       1272 (3%)
  Times precision was {false}:     614 (1%)
  Times result was cached:         35518 (80%)
  Times cartesian abs was used:    0 (0%)
  Times boolean abs was used:      6949 (16%)
  Times result was 'false':        995 (2%)
Number of strengthen sat checks:   62
  Times result was 'false':        0 (0%)
Number of coverage checks:         54723
  BDD entailment checks:           11953
Number of SMT sat checks:          62
  trivial:                         62
  cached:                          0

Max ABE block size:                       36
Number of predicates discovered:          11
Number of abstraction locations:          0
Max number of predicates per location:    0
Avg number of predicates per location:    0
Total predicates per abstraction:         27334
Max number of predicates per abstraction: 9
Avg number of predicates per abstraction: 3.61
Number of irrelevant predicates:          5877 (22%)
Number of preds handled by boolean abs:   21457 (78%)
  Total number of models for allsat:      9695
  Max number of models for allsat:        6
  Avg number of models for allsat:        1.40

Number of path formula cache hits:   268836 (81%)

Time for post operator:                 11.819s
  Time for path formula creation:        5.718s
    Actual computation:                  4.809s
Time for strengthen operator:            0.237s
  Time for satisfiability checks:        0.002s
Time for prec operator:                 12.666s
  Time for abstraction:                 10.667s (Max:     0.051s, Count: 44353)
    Boolean abstraction:                 2.339s
    Solving time:                        0.988s (Max:     0.050s)
    Model enumeration time:              0.247s
    Time for BDD construction:           0.135s (Max:     0.012s)
Time for merge operator:                 1.084s
Time for coverage check:                 0.047s
  Time for BDD entailment checks:        0.036s
Total time for SMT solver (w/o itp):     1.235s

Number of BDD nodes:                               912
Size of BDD node table:                            466043
Size of BDD cache:                                 46619
Size of BDD node cleanup queue:                        6526 (count: 50840, min: 0, max: 1392, avg: 0.13)
Time for BDD node cleanup:                             0.011s
Time for BDD garbage collection:                       0.000s (in 0 runs)

PrecisionBootstrap statistics
-----------------------------
Init. function predicates:                         0
Init. global predicates:                           0
Init. location predicates:                         0

ImpactedCPA statistics
----------------------
  Number of invariants partial hits:                            0
  Number of invariants hits:                                    0
  Number of invariants trys:                                    0
  Number of invariants bots:                                    0
  Number of invariants not valid:                               0
  Initial reached size:                                         1
  Input invariants file size:                                   0
  Max impacted number of variables:                             0
  Number of last version invariants:                            0
  Number of this version invariants:                            115
  CPU time for invariant read:                                      0.000s
  CPU time for invariant write:                                     0.140s
  Time for invariant write:                                         0.065s
  Time for invariant read:                                          0.000s

AutomatonAnalysis (SVCOMP) statistics
-------------------------------------
Number of states:                                  1
Total time for successor computation:                  0.253s
Automaton transfers with branching:                0
Automaton transfer successors:                       283290 (count: 283290, min: 1, max: 1, avg: 1.00) [1 x 283290]

CPA algorithm statistics
------------------------
Number of iterations:            252505
Max size of waitlist:            34
Average size of waitlist:        18
Number of computed successors:   283290
Max successors for one state:    2
Number of times merged:          21385
Number of times stopped:         28971
Number of times abs stopped:     7586
Number of times nonAbs stopped:  42770
Number of coverage check (part): 54723
Number of times doAbstraction node:  44353
Number of times breaked:         62

Total time for CPA algorithm:        31.600s (Max:     1.492s)
CPU time for CPA algorithm:          62.410s
  Time for choose from waitlist:      0.155s
  Time for precision adjustment:     13.181s
  Time for transfer relation:        14.350s
  Time for merge operator:            1.579s
  Time for stop operator:             0.512s
  Time for adding to reached set:     0.606s

Predicate-Abstraction Refiner statistics
----------------------------------------
Avg. length of target path (in blocks):                1886 (count: 62, min: 12, max: 80, avg: 30.42)
Number of infeasible sliced prefixes:                     0 (count: 0, min: 0, max: 0, avg: 0.00)

Time for refinement:                                   2.911s
  Counterexample analysis:                1.997s (Max:     0.126s, Calls: 62)
    Refinement sat check:                 0.364s
    Interpolant computation:              0.000s
  Error path post-processing:                          0.000s
  Path-formulas extraction:                            0.003s
  Building the counterexample trace:                   1.997s
  Extracting precise counterexample:                   0.000s
  Extracting infeasible sliced prefixes:               0.000s
  Selecting infeasible sliced prefixes:                0.000s
  Predicate creation:                                  0.020s
  Precision update:                                    0.019s
  ARG update:                                          0.796s

Length of refined path (in blocks):                    1599 (count: 62, min: 8, max: 71, avg: 25.79)
Number of affected states:                             1429 (count: 62, min: 0, max: 70, avg: 23.05)
Length (states) of path with itp 'true':                108 (count: 62, min: 0, max: 22, avg: 1.74)
Length (states) of path with itp non-trivial itp:      1429 (count: 62, min: 0, max: 70, avg: 23.05)
Length (states) of path with itp 'false':                62 (count: 62, min: 1, max: 1, avg: 1.00)
Different non-trivial interpolants along paths:          29 (count: 62, min: 0, max: 2, avg: 0.47)
Equal non-trivial interpolants along paths:            1339 (count: 62, min: 0, max: 67, avg: 21.60)
Different precisions along paths:                         0 (count: 0, min: 0, max: 0, avg: 0.00)
Equal precisions along paths:                             0 (count: 0, min: 0, max: 0, avg: 0.00)
Number of refs with location-based cutoff:                0

CEGAR algorithm statistics
--------------------------
Number of refinements:                62
Number of successful refinements:     62
Number of failed refinements:         0
Max. size of reached set before ref.: 9485
Max. size of reached set after ref.:  4493
Avg. size of reached set before ref.: 4810.40
Avg. size of reached set after ref.:  816.47

Total time for CEGAR algorithm:      34.634s
CPU time for CEGAR algorithm:        68.490s
Time for refinements:                 3.025s
CPU time for refinements:             6.040s
Average time for refinement:          0.048s
Max time for refinement:              0.143s
First time for refinement:             0.501s
Last time for refinement:              0.498s
Average time for analysis:          0.501s
Number of analysis:                63

Code Coverage
-----------------------------
  Visited lines:          3615
  Total lines:            1
  Line coverage:          3615.000

CPAchecker general statistics
-----------------------------
Number of program locations:     1870
Number of CFA edges:             2159
Number of relevant variables:    267
Number of functions:             67
Number of loops:                 7
Size of reached set:             5701
  Number of reached locations:   1551 (83%)
    Avg states per location:     3
    Max states per location:     89 (at node N317)
  Number of reached functions:   43 (64%)
  Number of partitions:          5683
    Avg size of partitions:      1
    Max size of partitions:      4 (with key [N1183 (before /work/ldvuser/novikov/work/current--X--drivers/usb/serial/ssu100.ko--X--defaultlinux--X--32_7a--X--cpachecker/linux/csd_deg_dscv/11/dscv_tempdir/dscv/ri/32_7a/drivers/usb/serial/ssu100.c.prepared, line 1371), Function ldv_main0_sequence_infinite_withcheck_stateful called from node N1078, stack depth 1 [56f2bbea], stack [ldv_main0_sequence_infinite_withcheck_stateful], Init])
  Number of target states:       0

Time for analysis setup:                   1.878s
  Time for cfa diff:                   0.000s
  Time for loading CPAs:                   0.345s
  Time for impacted traverse:              0.011s
  Time for loading parser:        0.032s
  Time for CFA construction:      1.405s
    Time for parsing file(s):     0.451s
    Time for AST to CFA:          0.479s
    Time for CFA sanity check:    0.001s
    Time for post-processing:     0.326s
      Time for var class.:        0.000s
Time for normal Analysis:                        34.635s
CPU time for analysis:                    68.490s
CPU time for impacted:                     0.000s
CPU time for normal analysis:             68.490s
CPU time for init:                         0.000s

Time for Garbage Collector:       0.749s (in 21 runs)
Garbage Collector(s) used:    PS MarkSweep, PS Scavenge
Used heap memory:               1736MB (  1655 MiB) max;    528MB (   503 MiB) avg;   1772MB (  1690 MiB) peak
Used non-heap memory:             42MB (    40 MiB) max;     38MB (    36 MiB) avg;     45MB (    43 MiB) peak
Used in PS Old Gen pool:          44MB (    42 MiB) max;     35MB (    34 MiB) avg;     44MB (    42 MiB) peak
Allocated heap memory:          2112MB (  2014 MiB) max;   1101MB (  1050 MiB) avg
Allocated non-heap memory:        46MB (    44 MiB) max;     42MB (    40 MiB) avg
Total process virtual memory:  13242MB ( 12629 MiB) max;  13239MB ( 12626 MiB) avg

Verification result: TRUE. No property violation found by chosen configuration.
More details about the verification run can be found in the directory "/home/yqs17/blazer/cpachecker-inc-pred/output-us-precise-cfa/32_7a.usb--serial--ssu100.ko.set/000.52af954.32_7a.cil_safe.i".
