scripts/cpa.sh -heap 10000M -predicateAnalysis-ABElfb-debug -setprop cpa.impacted.eliminate=true -disable-java-assertions -outputpath /home/yqs17/blazer/cpachecker-inc-pred/output-us-precise-cfa/08_1a.usb--serial--mos7840.ko.set/023.87521c4.08_1a.cil_safe.i -isIncPred -spec /home/yqs17/blazer/cpachecker-inc-pred/LDVErrorLabel.spc -stats -setprop cpa.impacted.pre_invariants.file=/home/yqs17/blazer/cpachecker-inc-pred/output-us-precise-cfa/08_1a.usb--serial--mos7840.ko.set/022.cdc9779.08_1a.cil_safe.i/impacted-invariants.txt -setprop analysis.prev.program=/home/yqs17/blazer/cpachecker-inc-pred/programs/drivers--usb--serial--mos7840.ko/022.cdc9779.08_1a.cil_safe.i -entryfunction ldv_main0_sequence_infinite_withcheck_stateful /home/yqs17/blazer/cpachecker-inc-pred/programs/drivers--usb--serial--mos7840.ko/023.87521c4.08_1a.cil_safe.i


--------------------------------------------------------------------------------


Running CPAchecker with Java heap of size 10000M.
Running CPAchecker with the following extra VM options:  -Djava.io.tmpdir=/tmp/BenchExec_run_g4o2nreb/tmp
Number of modified edges: 47
Begin analysis 
Read invariant objects done
ImpactedCPA statistics
----------------------
  Number of invariants partial hits:                            0
  Number of invariants hits:                                    64
  Number of invariants trys:                                    97
  Number of invariants bots:                                    33
  Number of invariants not valid:                               0
  Initial reached size:                                         1449
  Input invariants file size:                                   4828
  Max impacted number of variables:                             0
  Number of last version invariants:                            241
  Number of this version invariants:                            0
  CPU time for invariant read:                                      0.910s
  CPU time for invariant write:                                     0.000s
  Time for invariant write:                                         0.000s
  Time for invariant read:                                          0.474s

AutomatonAnalysis (SVCOMP) statistics
-------------------------------------
Number of states:                                  1
Total time for successor computation:                  0.009s
Automaton transfers with branching:                0
Automaton transfer successors:                          666 (count: 666, min: 1, max: 1, avg: 1.00) [1 x 666]

CPA algorithm statistics
------------------------
Number of iterations:            659
Max size of waitlist:            5
Average size of waitlist:        1
Number of computed successors:   666
Max successors for one state:    2
Number of times merged:          0
Number of times stopped:         3
Number of times abs stopped:     167
Number of times nonAbs stopped:  2488
Number of coverage check (part): 2655
Number of times doAbstraction node:  815
Number of times breaked:         1

Total time for CPA algorithm:         0.092s (Max:     0.092s)
CPU time for CPA algorithm:           7.130s
  Time for choose from waitlist:      0.002s
  Time for precision adjustment:      0.013s
  Time for transfer relation:         0.049s
  Time for merge operator:            0.001s
  Time for stop operator:             0.009s
  Time for adding to reached set:     0.001s

PredicateCPA statistics
-----------------------
Read Precision Time:                0.000s
Precision file size:                0
Write Precision Time:               0.002s
Number of abstractions:            718 (9% of all post computations)
  Times abstraction was reused:    0
  Because of function entry/exit:  743 (103%)
  Because of loop head:            72 (10%)
  Because of join nodes:           0 (0%)
  Because of threshold:            0 (0%)
  Times precision was empty:       0 (0%)
  Times precision was {false}:     0 (0%)
  Times result was cached:         105 (13%)
  Times cartesian abs was used:    0 (0%)
  Times boolean abs was used:      677 (87%)
  Times result was 'false':        1 (0%)
Number of strengthen sat checks:   0
Number of coverage checks:         2655
  BDD entailment checks:           167
Number of SMT sat checks:          1566
  trivial:                         498
  cached:                          638

Max ABE block size:                       39
Number of predicates discovered:          4
Number of abstraction locations:          0
Max number of predicates per location:    0
Avg number of predicates per location:    0
Total predicates per abstraction:         2590
Max number of predicates per abstraction: 4
Avg number of predicates per abstraction: 3.83
Number of irrelevant predicates:          204 (8%)
Number of preds handled by boolean abs:   2386 (92%)
  Total number of models for allsat:      2072
  Max number of models for allsat:        5
  Avg number of models for allsat:        3.06

Number of path formula cache hits:   745 (9%)

Time for post operator:                  2.559s
  Time for path formula creation:        1.282s
    Actual computation:                  1.202s
Time for strengthen operator:            0.038s
Time for prec operator:                  1.763s
  Time for abstraction:                  1.383s (Max:     0.039s, Count: 718)
    Boolean abstraction:                 0.748s
    Solving time:                        0.174s (Max:     0.005s)
    Model enumeration time:              0.208s
    Time for BDD construction:           0.038s (Max:     0.003s)
Time for merge operator:                 0.409s
Time for coverage check:                 0.001s
  Time for BDD entailment checks:        0.000s
Total time for SMT solver (w/o itp):     1.138s

Number of BDD nodes:                               242
Size of BDD node table:                            466043
Size of BDD cache:                                 46619
Size of BDD node cleanup queue:                         639 (count: 15955, min: 0, max: 279, avg: 0.04)
Time for BDD node cleanup:                             0.001s
Time for BDD garbage collection:                       0.000s (in 0 runs)

PrecisionBootstrap statistics
-----------------------------
Init. function predicates:                         0
Init. global predicates:                           0
Init. location predicates:                         0

ImpactedCPA statistics
----------------------
  Number of invariants partial hits:                            0
  Number of invariants hits:                                    64
  Number of invariants trys:                                    97
  Number of invariants bots:                                    33
  Number of invariants not valid:                               0
  Initial reached size:                                         1449
  Input invariants file size:                                   4828
  Max impacted number of variables:                             0
  Number of last version invariants:                            241
  Number of this version invariants:                            241
  CPU time for invariant read:                                      0.910s
  CPU time for invariant write:                                     0.110s
  Time for invariant write:                                         0.057s
  Time for invariant read:                                          0.474s

AutomatonAnalysis (SVCOMP) statistics
-------------------------------------
Number of states:                                  1
Total time for successor computation:                  0.036s
Automaton transfers with branching:                0
Automaton transfer successors:                         8401 (count: 8401, min: 1, max: 1, avg: 1.00) [1 x 8401]

CPA algorithm statistics
------------------------
Number of iterations:            6001
Max size of waitlist:            115
Average size of waitlist:        81
Number of computed successors:   6840
Max successors for one state:    2
Number of times merged:          1164
Number of times stopped:         1331
Number of times abs stopped:     167
Number of times nonAbs stopped:  2488
Number of coverage check (part): 2655
Number of times doAbstraction node:  815
Number of times breaked:         0

Total time for CPA algorithm:         3.480s (Max:     3.480s)
CPU time for CPA algorithm:           7.130s
  Time for choose from waitlist:      0.023s
  Time for precision adjustment:      1.500s
  Time for transfer relation:         1.346s
  Time for merge operator:            0.396s
  Time for stop operator:             0.041s
  Time for adding to reached set:     0.037s

Predicate-Abstraction Refiner statistics
----------------------------------------
  Predicate creation:                                  0.000s
  Precision update:                                    0.000s
  ARG update:                                          0.000s

Length of refined path (in blocks):                       0 (count: 0, min: 0, max: 0, avg: 0.00)
Number of affected states:                                0 (count: 0, min: 0, max: 0, avg: 0.00)
Length (states) of path with itp 'true':                  0 (count: 0, min: 0, max: 0, avg: 0.00)
Length (states) of path with itp non-trivial itp:         0 (count: 0, min: 0, max: 0, avg: 0.00)
Length (states) of path with itp 'false':                 0 (count: 0, min: 0, max: 0, avg: 0.00)
Different non-trivial interpolants along paths:           0 (count: 0, min: 0, max: 0, avg: 0.00)
Equal non-trivial interpolants along paths:               0 (count: 0, min: 0, max: 0, avg: 0.00)
Different precisions along paths:                         0 (count: 0, min: 0, max: 0, avg: 0.00)
Equal precisions along paths:                             0 (count: 0, min: 0, max: 0, avg: 0.00)
Number of refs with location-based cutoff:                0

CEGAR algorithm statistics
--------------------------
Number of refinements:                0
Refinement times:             0
First time for refinement:             3.480s
Last time for refinement:              3.480s
Average time for analysis:          3.480s
Number of analysis:                1

Code Coverage
-----------------------------
  Visited lines:          4809
  Total lines:            10
  Line coverage:          480.900

CPAchecker general statistics
-----------------------------
Number of program locations:     3636
Number of CFA edges:             4439
Number of relevant variables:    547
Number of functions:             68
Number of loops:                 16
Size of reached set:             6957
  Number of reached locations:   3387 (93%)
    Avg states per location:     2
    Max states per location:     74 (at node N117)
  Number of reached functions:   58 (85%)
  Number of partitions:          6943
    Avg size of partitions:      1
    Max size of partitions:      2 (with key [N38 (entry of function kmalloc in include/linux/slub_def.h, lines 209-219), -1145532717, Init])
  Number of target states:       0

Time for analysis setup:                  15.556s
  Time for cfa diff:                  10.308s
  Time for loading CPAs:                   0.417s
  Time for impacted traverse:              0.019s
  Time for loading parser:        0.036s
  Time for CFA construction:      1.995s
    Time for parsing file(s):     0.557s
    Time for AST to CFA:          0.714s
    Time for CFA sanity check:    0.000s
    Time for post-processing:     0.515s
      Time for var class.:        0.000s
Time for normal Analysis:                         3.481s
CPU time for analysis:                    10.990s
CPU time for impacted:                     0.670s
CPU time for normal analysis:              6.950s
CPU time for init:                         4.040s

Time for Garbage Collector:       0.324s (in 9 runs)
Garbage Collector(s) used:    PS MarkSweep, PS Scavenge
Used heap memory:                338MB (   323 MiB) max;     88MB (    84 MiB) avg;    357MB (   341 MiB) peak
Used non-heap memory:             38MB (    36 MiB) max;     29MB (    27 MiB) avg;     39MB (    37 MiB) peak
Used in PS Old Gen pool:          26MB (    25 MiB) max;     20MB (    19 MiB) avg;     40MB (    38 MiB) peak
Allocated heap memory:           595MB (   567 MiB) max;    287MB (   273 MiB) avg
Allocated non-heap memory:        39MB (    38 MiB) max;     30MB (    29 MiB) avg
Total process virtual memory:  13309MB ( 12693 MiB) max;  13291MB ( 12675 MiB) avg

Verification result: TRUE. No property violation found by chosen configuration.
More details about the verification run can be found in the directory "/home/yqs17/blazer/cpachecker-inc-pred/output-us-precise-cfa/08_1a.usb--serial--mos7840.ko.set/023.87521c4.08_1a.cil_safe.i".
