scripts/cpa.sh -heap 10000M -predicateAnalysis-ABElfb-debug -setprop cpa.impacted.eliminate=true -disable-java-assertions -outputpath /home/yqs17/blazer/cpachecker-inc-pred/output-us-precise-cfa/08_1a.net--can--usb--ems_usb.ko.set/006.c7cd606.08_1a.cil_safe.i -isIncPred -spec /home/yqs17/blazer/cpachecker-inc-pred/LDVErrorLabel.spc -stats -setprop cpa.impacted.pre_invariants.file=/home/yqs17/blazer/cpachecker-inc-pred/output-us-precise-cfa/08_1a.net--can--usb--ems_usb.ko.set/005.8e95a20.08_1a.cil_safe.i/impacted-invariants.txt -setprop analysis.prev.program=/home/yqs17/blazer/cpachecker-inc-pred/programs/drivers--net--can--usb--ems_usb.ko/005.8e95a20.08_1a.cil_safe.i -entryfunction ldv_main0_sequence_infinite_withcheck_stateful /home/yqs17/blazer/cpachecker-inc-pred/programs/drivers--net--can--usb--ems_usb.ko/006.c7cd606.08_1a.cil_safe.i


--------------------------------------------------------------------------------


Running CPAchecker with Java heap of size 10000M.
Running CPAchecker with the following extra VM options:  -Djava.io.tmpdir=/tmp/BenchExec_run_3hzja5xi/tmp
Number of modified edges: 43
Begin analysis 
Read invariant objects done
ImpactedCPA statistics
----------------------
  Number of invariants partial hits:                            0
  Number of invariants hits:                                    35
  Number of invariants trys:                                    46
  Number of invariants bots:                                    11
  Number of invariants not valid:                               0
  Initial reached size:                                         1070
  Input invariants file size:                                   2053
  Max impacted number of variables:                             0
  Number of last version invariants:                            131
  Number of this version invariants:                            0
  CPU time for invariant read:                                      0.580s
  CPU time for invariant write:                                     0.000s
  Time for invariant write:                                         0.000s
  Time for invariant read:                                          0.303s

AutomatonAnalysis (SVCOMP) statistics
-------------------------------------
Number of states:                                  1
Total time for successor computation:                  0.011s
Automaton transfers with branching:                0
Automaton transfer successors:                          859 (count: 859, min: 1, max: 1, avg: 1.00) [1 x 859]

CPA algorithm statistics
------------------------
Number of iterations:            853
Max size of waitlist:            4
Average size of waitlist:        1
Number of computed successors:   859
Max successors for one state:    2
Number of times merged:          0
Number of times stopped:         3
Number of times abs stopped:     44
Number of times nonAbs stopped:  182
Number of coverage check (part): 226
Number of times doAbstraction node:  293
Number of times breaked:         1

Total time for CPA algorithm:         0.113s (Max:     0.113s)
CPU time for CPA algorithm:           2.550s
  Time for choose from waitlist:      0.004s
  Time for precision adjustment:      0.010s
  Time for transfer relation:         0.063s
  Time for merge operator:            0.000s
  Time for stop operator:             0.005s
  Time for adding to reached set:     0.004s

PredicateCPA statistics
-----------------------
Read Precision Time:                0.000s
Precision file size:                0
Write Precision Time:               0.003s
Number of abstractions:            247 (11% of all post computations)
  Times abstraction was reused:    0
  Because of function entry/exit:  269 (109%)
  Because of loop head:            24 (10%)
  Because of join nodes:           0 (0%)
  Because of threshold:            0 (0%)
  Times precision was empty:       0 (0%)
  Times precision was {false}:     0 (0%)
  Times result was cached:         75 (27%)
  Times cartesian abs was used:    0 (0%)
  Times boolean abs was used:      207 (73%)
  Times result was 'false':        2 (1%)
Number of strengthen sat checks:   0
Number of coverage checks:         226
  BDD entailment checks:           44
Number of SMT sat checks:          1088
  trivial:                         697
  cached:                          306

Max ABE block size:                       24
Number of predicates discovered:          5
Number of abstraction locations:          0
Max number of predicates per location:    0
Avg number of predicates per location:    0
Total predicates per abstraction:         922
Max number of predicates per abstraction: 5
Avg number of predicates per abstraction: 4.45
Number of irrelevant predicates:          442 (48%)
Number of preds handled by boolean abs:   480 (52%)
  Total number of models for allsat:      286
  Max number of models for allsat:        2
  Avg number of models for allsat:        1.38

Number of path formula cache hits:   137 (6%)

Time for post operator:                  1.020s
  Time for path formula creation:        0.617s
    Actual computation:                  0.567s
Time for strengthen operator:            0.005s
Time for prec operator:                  0.762s
  Time for abstraction:                  0.546s (Max:     0.025s, Count: 247)
    Boolean abstraction:                 0.251s
    Solving time:                        0.098s (Max:     0.012s)
    Model enumeration time:              0.025s
    Time for BDD construction:           0.013s (Max:     0.002s)
Time for merge operator:                 0.026s
Time for coverage check:                 0.000s
  Time for BDD entailment checks:        0.000s
Total time for SMT solver (w/o itp):     0.329s

Number of BDD nodes:                               233
Size of BDD node table:                            466043
Size of BDD cache:                                 46619
Size of BDD node cleanup queue:                         235 (count: 8373, min: 0, max: 235, avg: 0.03)
Time for BDD node cleanup:                             0.004s
Time for BDD garbage collection:                       0.000s (in 0 runs)

PrecisionBootstrap statistics
-----------------------------
Init. function predicates:                         0
Init. global predicates:                           0
Init. location predicates:                         0

ImpactedCPA statistics
----------------------
  Number of invariants partial hits:                            0
  Number of invariants hits:                                    35
  Number of invariants trys:                                    46
  Number of invariants bots:                                    11
  Number of invariants not valid:                               0
  Initial reached size:                                         1070
  Input invariants file size:                                   2053
  Max impacted number of variables:                             0
  Number of last version invariants:                            131
  Number of this version invariants:                            121
  CPU time for invariant read:                                      0.580s
  CPU time for invariant write:                                     0.080s
  Time for invariant write:                                         0.042s
  Time for invariant read:                                          0.303s

AutomatonAnalysis (SVCOMP) statistics
-------------------------------------
Number of states:                                  1
Total time for successor computation:                  0.026s
Automaton transfers with branching:                0
Automaton transfer successors:                         2269 (count: 2269, min: 1, max: 1, avg: 1.00) [1 x 2269]

CPA algorithm statistics
------------------------
Number of iterations:            1131
Max size of waitlist:            36
Average size of waitlist:        21
Number of computed successors:   1182
Max successors for one state:    2
Number of times merged:          84
Number of times stopped:         128
Number of times abs stopped:     44
Number of times nonAbs stopped:  182
Number of coverage check (part): 226
Number of times doAbstraction node:  293
Number of times breaked:         0

Total time for CPA algorithm:         1.176s (Max:     1.176s)
CPU time for CPA algorithm:           2.550s
  Time for choose from waitlist:      0.001s
  Time for precision adjustment:      0.594s
  Time for transfer relation:         0.505s
  Time for merge operator:            0.030s
  Time for stop operator:             0.005s
  Time for adding to reached set:     0.005s

Predicate-Abstraction Refiner statistics
----------------------------------------
  Predicate creation:                                  0.000s
  Precision update:                                    0.000s
  ARG update:                                          0.000s

Length of refined path (in blocks):                       0 (count: 0, min: 0, max: 0, avg: 0.00)
Number of affected states:                                0 (count: 0, min: 0, max: 0, avg: 0.00)
Length (states) of path with itp 'true':                  0 (count: 0, min: 0, max: 0, avg: 0.00)
Length (states) of path with itp non-trivial itp:         0 (count: 0, min: 0, max: 0, avg: 0.00)
Length (states) of path with itp 'false':                 0 (count: 0, min: 0, max: 0, avg: 0.00)
Different non-trivial interpolants along paths:           0 (count: 0, min: 0, max: 0, avg: 0.00)
Equal non-trivial interpolants along paths:               0 (count: 0, min: 0, max: 0, avg: 0.00)
Different precisions along paths:                         0 (count: 0, min: 0, max: 0, avg: 0.00)
Equal precisions along paths:                             0 (count: 0, min: 0, max: 0, avg: 0.00)
Number of refs with location-based cutoff:                0

CEGAR algorithm statistics
--------------------------
Number of refinements:                0
Refinement times:             0
First time for refinement:             1.177s
Last time for refinement:              1.177s
Average time for analysis:          1.177s
Number of analysis:                1

Code Coverage
-----------------------------
  Visited lines:          4379
  Total lines:            33
  Line coverage:          132.697

CPAchecker general statistics
-----------------------------
Number of program locations:     2164
Number of CFA edges:             2485
Number of relevant variables:    331
Number of functions:             67
Number of loops:                 10
Size of reached set:             2122
  Number of reached locations:   1559 (72%)
    Avg states per location:     1
    Max states per location:     21 (at node N60)
  Number of reached functions:   40 (60%)
  Number of partitions:          2114
    Avg size of partitions:      1
    Max size of partitions:      4 (with key [N260 (entry of function dev_name in include/linux/device.h, lines 433-443), -1871990228, Init])
  Number of target states:       0

Time for analysis setup:                   7.590s
  Time for cfa diff:                   3.904s
  Time for loading CPAs:                   0.464s
  Time for impacted traverse:              0.014s
  Time for loading parser:        0.037s
  Time for CFA construction:      1.628s
    Time for parsing file(s):     0.472s
    Time for AST to CFA:          0.558s
    Time for CFA sanity check:    0.000s
    Time for post-processing:     0.421s
      Time for var class.:        0.000s
Time for normal Analysis:                         1.178s
CPU time for analysis:                     4.240s
CPU time for impacted:                     0.730s
CPU time for normal analysis:              2.340s
CPU time for init:                         1.900s

Time for Garbage Collector:       0.230s (in 7 runs)
Garbage Collector(s) used:    PS MarkSweep, PS Scavenge
Used heap memory:                180MB (   171 MiB) max;     74MB (    71 MiB) avg;    201MB (   191 MiB) peak
Used non-heap memory:             36MB (    34 MiB) max;     27MB (    26 MiB) avg;     37MB (    36 MiB) peak
Used in PS Old Gen pool:          23MB (    22 MiB) max;     14MB (    13 MiB) avg;     33MB (    31 MiB) peak
Allocated heap memory:           369MB (   352 MiB) max;    211MB (   202 MiB) avg
Allocated non-heap memory:        38MB (    36 MiB) max;     28MB (    27 MiB) avg
Total process virtual memory:  13309MB ( 12692 MiB) max;  13281MB ( 12666 MiB) avg

Verification result: TRUE. No property violation found by chosen configuration.
More details about the verification run can be found in the directory "/home/yqs17/blazer/cpachecker-inc-pred/output-us-precise-cfa/08_1a.net--can--usb--ems_usb.ko.set/006.c7cd606.08_1a.cil_safe.i".
