scripts/cpa.sh -heap 10000M -predicateAnalysis-ABElfb-debug -setprop cpa.impacted.eliminate=true -disable-java-assertions -outputpath /home/yqs17/blazer/cpachecker-inc-pred/output-us-precise-cfa/08_1a.isdn--mISDN--mISDN_core.ko.set/018.211174e.08_1a.cil_safe.i -isIncPred -spec /home/yqs17/blazer/cpachecker-inc-pred/LDVErrorLabel.spc -stats -setprop cpa.impacted.pre_invariants.file=/home/yqs17/blazer/cpachecker-inc-pred/output-us-precise-cfa/08_1a.isdn--mISDN--mISDN_core.ko.set/017.f8532fd.08_1a.cil_safe.i/impacted-invariants.txt -setprop analysis.prev.program=/home/yqs17/blazer/cpachecker-inc-pred/programs/drivers--isdn--mISDN--mISDN_core.ko/017.f8532fd.08_1a.cil_safe.i -entryfunction ldv_main0_sequence_infinite_withcheck_stateful /home/yqs17/blazer/cpachecker-inc-pred/programs/drivers--isdn--mISDN--mISDN_core.ko/018.211174e.08_1a.cil_safe.i


--------------------------------------------------------------------------------


Running CPAchecker with Java heap of size 10000M.
Running CPAchecker with the following extra VM options:  -Djava.io.tmpdir=/tmp/BenchExec_run_6_w1xpek/tmp
Number of modified edges: 30
Begin analysis 
Read invariant objects done
ImpactedCPA statistics
----------------------
  Number of invariants partial hits:                            0
  Number of invariants hits:                                    49
  Number of invariants trys:                                    61
  Number of invariants bots:                                    12
  Number of invariants not valid:                               0
  Initial reached size:                                         1675
  Input invariants file size:                                   2620
  Max impacted number of variables:                             1
  Number of last version invariants:                            383
  Number of this version invariants:                            0
  CPU time for invariant read:                                      0.390s
  CPU time for invariant write:                                     0.000s
  Time for invariant write:                                         0.000s
  Time for invariant read:                                          0.198s

AutomatonAnalysis (SVCOMP) statistics
-------------------------------------
Number of states:                                  1
Total time for successor computation:                  0.023s
Automaton transfers with branching:                0
Automaton transfer successors:                         2664 (count: 2664, min: 1, max: 1, avg: 1.00) [1 x 2664]

CPA algorithm statistics
------------------------
Number of iterations:            2652
Max size of waitlist:            5
Average size of waitlist:        1
Number of computed successors:   2664
Max successors for one state:    2
Number of times merged:          0
Number of times stopped:         4
Number of times abs stopped:     20
Number of times nonAbs stopped:  296
Number of coverage check (part): 316
Number of times doAbstraction node:  150
Number of times breaked:         2

Total time for CPA algorithm:         0.199s (Max:     0.129s)
CPU time for CPA algorithm:           0.910s
  Time for choose from waitlist:      0.010s
  Time for precision adjustment:      0.025s
  Time for transfer relation:         0.099s
  Time for merge operator:            0.001s
  Time for stop operator:             0.010s
  Time for adding to reached set:     0.012s

PredicateCPA statistics
-----------------------
Read Precision Time:                0.000s
Precision file size:                0
Write Precision Time:               0.002s
Number of abstractions:            89 (4% of all post computations)
  Times abstraction was reused:    0
  Because of function entry/exit:  129 (145%)
  Because of loop head:            21 (24%)
  Because of join nodes:           0 (0%)
  Because of threshold:            0 (0%)
  Times precision was empty:       0 (0%)
  Times precision was {false}:     0 (0%)
  Times result was cached:         31 (22%)
  Times cartesian abs was used:    0 (0%)
  Times boolean abs was used:      107 (78%)
  Times result was 'false':        0 (0%)
Number of strengthen sat checks:   0
Number of coverage checks:         316
  BDD entailment checks:           20
Number of SMT sat checks:          1709
  trivial:                         697
  cached:                          808

Max ABE block size:                       14
Number of predicates discovered:          1
Number of abstraction locations:          0
Max number of predicates per location:    0
Avg number of predicates per location:    0
Total predicates per abstraction:         107
Max number of predicates per abstraction: 1
Avg number of predicates per abstraction: 1.00
Number of irrelevant predicates:          0 (0%)
Number of preds handled by boolean abs:   107 (100%)
  Total number of models for allsat:      107
  Max number of models for allsat:        1
  Avg number of models for allsat:        1.00

Number of path formula cache hits:   197 (8%)

Time for post operator:                  5.040s
  Time for path formula creation:        0.922s
    Actual computation:                  0.848s
Time for strengthen operator:            0.008s
Time for prec operator:                  0.406s
  Time for abstraction:                  0.091s (Max:     0.009s, Count: 89)
    Boolean abstraction:                 0.205s
    Solving time:                        0.168s (Max:     0.138s)
    Model enumeration time:              0.004s
    Time for BDD construction:           0.011s (Max:     0.008s)
Time for merge operator:                 0.044s
Time for coverage check:                 0.002s
  Time for BDD entailment checks:        0.001s
Total time for SMT solver (w/o itp):     3.500s

Number of BDD nodes:                               202
Size of BDD node table:                            466043
Size of BDD cache:                                 46619
Size of BDD node cleanup queue:                           0 (count: 80011, min: 0, max: 0, avg: 0.00)
Time for BDD node cleanup:                             0.022s
Time for BDD garbage collection:                       0.000s (in 0 runs)

PrecisionBootstrap statistics
-----------------------------
Init. function predicates:                         0
Init. global predicates:                           0
Init. location predicates:                         0

ImpactedCPA statistics
----------------------
  Number of invariants partial hits:                            0
  Number of invariants hits:                                    49
  Number of invariants trys:                                    61
  Number of invariants bots:                                    12
  Number of invariants not valid:                               0
  Initial reached size:                                         1675
  Input invariants file size:                                   2620
  Max impacted number of variables:                             1
  Number of last version invariants:                            383
  Number of this version invariants:                            70
  CPU time for invariant read:                                      0.390s
  CPU time for invariant write:                                     0.080s
  Time for invariant write:                                         0.036s
  Time for invariant read:                                          0.198s

AutomatonAnalysis (SVCOMP) statistics
-------------------------------------
Number of states:                                  1
Total time for successor computation:                  0.005s
Automaton transfers with branching:                0
Automaton transfer successors:                         2269 (count: 2269, min: 1, max: 1, avg: 1.00) [1 x 2269]

CPA algorithm statistics
------------------------
Number of iterations:            523
Max size of waitlist:            13
Average size of waitlist:        9
Number of computed successors:   561
Max successors for one state:    2
Number of times merged:          126
Number of times stopped:         146
Number of times abs stopped:     20
Number of times nonAbs stopped:  296
Number of coverage check (part): 316
Number of times doAbstraction node:  150
Number of times breaked:         0

Total time for CPA algorithm:         0.265s (Max:     0.265s)
CPU time for CPA algorithm:           0.910s
  Time for choose from waitlist:      0.001s
  Time for precision adjustment:      0.109s
  Time for transfer relation:         0.097s
  Time for merge operator:            0.038s
  Time for stop operator:             0.007s
  Time for adding to reached set:     0.001s

Predicate-Abstraction Refiner statistics
----------------------------------------
  Predicate creation:                                  0.000s
  Precision update:                                    0.000s
  ARG update:                                          0.000s

Length of refined path (in blocks):                       0 (count: 0, min: 0, max: 0, avg: 0.00)
Number of affected states:                                0 (count: 0, min: 0, max: 0, avg: 0.00)
Length (states) of path with itp 'true':                  0 (count: 0, min: 0, max: 0, avg: 0.00)
Length (states) of path with itp non-trivial itp:         0 (count: 0, min: 0, max: 0, avg: 0.00)
Length (states) of path with itp 'false':                 0 (count: 0, min: 0, max: 0, avg: 0.00)
Different non-trivial interpolants along paths:           0 (count: 0, min: 0, max: 0, avg: 0.00)
Equal non-trivial interpolants along paths:               0 (count: 0, min: 0, max: 0, avg: 0.00)
Different precisions along paths:                         0 (count: 0, min: 0, max: 0, avg: 0.00)
Equal precisions along paths:                             0 (count: 0, min: 0, max: 0, avg: 0.00)
Number of refs with location-based cutoff:                0

CEGAR algorithm statistics
--------------------------
Number of refinements:                0
Refinement times:             0
First time for refinement:             0.265s
Last time for refinement:              0.265s
Average time for analysis:          0.265s
Number of analysis:                1

Code Coverage
-----------------------------
  Visited lines:          4223
  Total lines:            4
  Line coverage:          1055.750

CPAchecker general statistics
-----------------------------
Number of program locations:     26104
Number of CFA edges:             36749
Number of relevant variables:    2960
Number of functions:             377
Number of loops:                 44
Size of reached set:             2090
  Number of reached locations:   1758 (7%)
    Avg states per location:     1
    Max states per location:     11 (at node N1001)
  Number of reached functions:   29 (8%)
  Number of partitions:          2088
    Avg size of partitions:      1
    Max size of partitions:      2 (with key [N8375 (entry of function l1_cleanup in /work/ldvuser/novikov/work/current--X--drivers/isdn/mISDN/mISDN_core.ko--X--defaultlinux--X--08_1a--X--cpachecker/linux/csd_deg_dscv/30/dscv_tempdir/dscv/ri/08_1a/drivers/isdn/mISDN/layer1.c.prepared, lines 408-418), 351807386, Init])
  Number of target states:       0

Time for analysis setup:                  64.276s
  Time for cfa diff:                  52.440s
  Time for loading CPAs:                   0.669s
  Time for impacted traverse:              0.065s
  Time for loading parser:        0.032s
  Time for CFA construction:      5.056s
    Time for parsing file(s):     0.766s
    Time for AST to CFA:          1.529s
    Time for CFA sanity check:    0.002s
    Time for post-processing:     2.365s
      Time for var class.:        0.000s
Time for normal Analysis:                         0.266s
CPU time for analysis:                    11.220s
CPU time for impacted:                     1.080s
CPU time for normal analysis:              0.520s
CPU time for init:                        10.700s

Time for Garbage Collector:       1.556s (in 13 runs)
Garbage Collector(s) used:    PS MarkSweep, PS Scavenge
Used heap memory:                680MB (   649 MiB) max;    379MB (   361 MiB) avg;    711MB (   678 MiB) peak
Used non-heap memory:             47MB (    45 MiB) max;     33MB (    32 MiB) avg;     48MB (    46 MiB) peak
Used in PS Old Gen pool:         104MB (    99 MiB) max;     97MB (    92 MiB) avg;    104MB (    99 MiB) peak
Allocated heap memory:           898MB (   857 MiB) max;    617MB (   588 MiB) avg
Allocated non-heap memory:        48MB (    45 MiB) max;     34MB (    32 MiB) avg
Total process virtual memory:  13312MB ( 12695 MiB) max;  13292MB ( 12676 MiB) avg

Verification result: TRUE. No property violation found by chosen configuration.
More details about the verification run can be found in the directory "/home/yqs17/blazer/cpachecker-inc-pred/output-us-precise-cfa/08_1a.isdn--mISDN--mISDN_core.ko.set/018.211174e.08_1a.cil_safe.i".
