scripts/cpa.sh -heap 10000M -predicateAnalysis-ABElfb-debug -setprop cpa.impacted.eliminate=true -disable-java-assertions -outputpath /home/yqs17/blazer/cpachecker-inc-pred/output-us-precise-cfa/08_1a.video--backlight--lms283gf05.ko.set/012.1eddd97.08_1a.cil_safe.i -isIncPred -spec /home/yqs17/blazer/cpachecker-inc-pred/LDVErrorLabel.spc -stats -setprop cpa.impacted.pre_invariants.file=/home/yqs17/blazer/cpachecker-inc-pred/output-us-precise-cfa/08_1a.video--backlight--lms283gf05.ko.set/011.c22e61b.08_1a.cil_safe.i/impacted-invariants.txt -setprop analysis.prev.program=/home/yqs17/blazer/cpachecker-inc-pred/programs/drivers--video--backlight--lms283gf05.ko/011.c22e61b.08_1a.cil_safe.i -entryfunction ldv_main0_sequence_infinite_withcheck_stateful /home/yqs17/blazer/cpachecker-inc-pred/programs/drivers--video--backlight--lms283gf05.ko/012.1eddd97.08_1a.cil_safe.i


--------------------------------------------------------------------------------


Running CPAchecker with Java heap of size 10000M.
Running CPAchecker with the following extra VM options:  -Djava.io.tmpdir=/tmp/BenchExec_run_y4wknrxh/tmp
Number of modified edges: 2
Begin analysis 
Read invariant objects done
ImpactedCPA statistics
----------------------
  Number of invariants partial hits:                            0
  Number of invariants hits:                                    33
  Number of invariants trys:                                    45
  Number of invariants bots:                                    12
  Number of invariants not valid:                               0
  Initial reached size:                                         864
  Input invariants file size:                                   1228
  Max impacted number of variables:                             0
  Number of last version invariants:                            45
  Number of this version invariants:                            0
  CPU time for invariant read:                                      0.170s
  CPU time for invariant write:                                     0.000s
  Time for invariant write:                                         0.000s
  Time for invariant read:                                          0.091s

AutomatonAnalysis (SVCOMP) statistics
-------------------------------------
Number of states:                                  1
Total time for successor computation:                  0.014s
Automaton transfers with branching:                0
Automaton transfer successors:                          684 (count: 684, min: 1, max: 1, avg: 1.00) [1 x 684]

CPA algorithm statistics
------------------------
Number of iterations:            676
Max size of waitlist:            8
Average size of waitlist:        1
Number of computed successors:   684
Max successors for one state:    2
Number of times merged:          0
Number of times stopped:         2
Number of times abs stopped:     30
Number of times nonAbs stopped:  214
Number of coverage check (part): 249
Number of times doAbstraction node:  182
Number of times breaked:         1

Total time for CPA algorithm:         0.100s (Max:     0.100s)
CPU time for CPA algorithm:           1.140s
  Time for choose from waitlist:      0.002s
  Time for precision adjustment:      0.014s
  Time for transfer relation:         0.056s
  Time for merge operator:            0.000s
  Time for stop operator:             0.010s
  Time for adding to reached set:     0.002s

PredicateCPA statistics
-----------------------
Read Precision Time:                0.000s
Precision file size:                4666
Write Precision Time:               0.002s
Number of abstractions:            137 (9% of all post computations)
  Times abstraction was reused:    0
  Because of function entry/exit:  143 (104%)
  Because of loop head:            39 (28%)
  Because of join nodes:           0 (0%)
  Because of threshold:            0 (0%)
  Times precision was empty:       0 (0%)
  Times precision was {false}:     0 (0%)
  Times result was cached:         88 (52%)
  Times cartesian abs was used:    0 (0%)
  Times boolean abs was used:      82 (48%)
  Times result was 'false':        2 (1%)
Number of strengthen sat checks:   0
Number of coverage checks:         249
  BDD entailment checks:           35
Number of SMT sat checks:          882
  trivial:                         606
  cached:                          179

Max ABE block size:                       22
Number of predicates discovered:          5
Number of abstraction locations:          0
Max number of predicates per location:    0
Avg number of predicates per location:    0
Total predicates per abstraction:         286
Max number of predicates per abstraction: 5
Avg number of predicates per abstraction: 3.49
Number of irrelevant predicates:          126 (44%)
Number of preds handled by boolean abs:   160 (56%)
  Total number of models for allsat:      90
  Max number of models for allsat:        3
  Avg number of models for allsat:        1.10

Number of path formula cache hits:   313 (19%)

Time for post operator:                  0.808s
  Time for path formula creation:        0.303s
    Actual computation:                  0.267s
Time for strengthen operator:            0.007s
Time for prec operator:                  0.383s
  Time for abstraction:                  0.189s (Max:     0.013s, Count: 137)
    Boolean abstraction:                 0.095s
    Solving time:                        0.031s (Max:     0.004s)
    Model enumeration time:              0.004s
    Time for BDD construction:           0.012s (Max:     0.002s)
Time for merge operator:                 0.023s
Time for coverage check:                 0.000s
  Time for BDD entailment checks:        0.000s
Total time for SMT solver (w/o itp):     0.259s

Number of BDD nodes:                               237
Size of BDD node table:                            466043
Size of BDD cache:                                 46619
Size of BDD node cleanup queue:                           0 (count: 3728, min: 0, max: 0, avg: 0.00)
Time for BDD node cleanup:                             0.000s
Time for BDD garbage collection:                       0.000s (in 0 runs)

PrecisionBootstrap statistics
-----------------------------
Init. function predicates:                         0
Init. global predicates:                           0
Init. location predicates:                         0

ImpactedCPA statistics
----------------------
  Number of invariants partial hits:                            0
  Number of invariants hits:                                    33
  Number of invariants trys:                                    45
  Number of invariants bots:                                    12
  Number of invariants not valid:                               0
  Initial reached size:                                         864
  Input invariants file size:                                   1228
  Max impacted number of variables:                             0
  Number of last version invariants:                            45
  Number of this version invariants:                            45
  CPU time for invariant read:                                      0.170s
  CPU time for invariant write:                                     0.050s
  Time for invariant write:                                         0.025s
  Time for invariant read:                                          0.091s

AutomatonAnalysis (SVCOMP) statistics
-------------------------------------
Number of states:                                  1
Total time for successor computation:                  0.011s
Automaton transfers with branching:                0
Automaton transfer successors:                         1531 (count: 1531, min: 1, max: 1, avg: 1.00) [1 x 1531]

CPA algorithm statistics
------------------------
Number of iterations:            621
Max size of waitlist:            14
Average size of waitlist:        10
Number of computed successors:   650
Max successors for one state:    2
Number of times merged:          101
Number of times stopped:         131
Number of times abs stopped:     30
Number of times nonAbs stopped:  214
Number of coverage check (part): 249
Number of times doAbstraction node:  182
Number of times breaked:         0

Total time for CPA algorithm:         0.476s (Max:     0.476s)
CPU time for CPA algorithm:           1.140s
  Time for choose from waitlist:      0.002s
  Time for precision adjustment:      0.209s
  Time for transfer relation:         0.214s
  Time for merge operator:            0.025s
  Time for stop operator:             0.005s
  Time for adding to reached set:     0.004s

Predicate-Abstraction Refiner statistics
----------------------------------------
  Predicate creation:                                  0.000s
  Precision update:                                    0.000s
  ARG update:                                          0.000s

Length of refined path (in blocks):                       0 (count: 0, min: 0, max: 0, avg: 0.00)
Number of affected states:                                0 (count: 0, min: 0, max: 0, avg: 0.00)
Length (states) of path with itp 'true':                  0 (count: 0, min: 0, max: 0, avg: 0.00)
Length (states) of path with itp non-trivial itp:         0 (count: 0, min: 0, max: 0, avg: 0.00)
Length (states) of path with itp 'false':                 0 (count: 0, min: 0, max: 0, avg: 0.00)
Different non-trivial interpolants along paths:           0 (count: 0, min: 0, max: 0, avg: 0.00)
Equal non-trivial interpolants along paths:               0 (count: 0, min: 0, max: 0, avg: 0.00)
Different precisions along paths:                         0 (count: 0, min: 0, max: 0, avg: 0.00)
Equal precisions along paths:                             0 (count: 0, min: 0, max: 0, avg: 0.00)
Number of refs with location-based cutoff:                0

CEGAR algorithm statistics
--------------------------
Number of refinements:                0
Refinement times:             0
First time for refinement:             0.477s
Last time for refinement:              0.477s
Average time for analysis:          0.477s
Number of analysis:                1

Code Coverage
-----------------------------
  Visited lines:          3361
  Total lines:            12
  Line coverage:          280.083

CPAchecker general statistics
-----------------------------
Number of program locations:     945
Number of CFA edges:             1000
Number of relevant variables:    78
Number of functions:             23
Number of loops:                 6
Size of reached set:             1381
  Number of reached locations:   903 (96%)
    Avg states per location:     1
    Max states per location:     8 (at node N0)
  Number of reached functions:   17 (74%)
  Number of partitions:          1374
    Avg size of partitions:      1
    Max size of partitions:      3 (with key [N79 (before /work/ldvuser/novikov/work/current--X--drivers/video/backlight/lms283gf05.ko--X--defaultlinux--X--08_1a--X--cpachecker/linux/csd_deg_dscv/12/dscv_tempdir/dscv/ri/08_1a/drivers/video/backlight/lms283gf05.c.prepared, line 107), 638582167, Init])
  Number of target states:       0

Time for analysis setup:                   5.268s
  Time for cfa diff:                   2.310s
  Time for loading CPAs:                   0.421s
  Time for impacted traverse:              0.010s
  Time for loading parser:        0.027s
  Time for CFA construction:      1.174s
    Time for parsing file(s):     0.425s
    Time for AST to CFA:          0.382s
    Time for CFA sanity check:    0.000s
    Time for post-processing:     0.239s
      Time for var class.:        0.000s
Time for normal Analysis:                         0.477s
CPU time for analysis:                     2.860s
CPU time for impacted:                     0.710s
CPU time for normal analysis:              0.950s
CPU time for init:                         1.910s

Time for Garbage Collector:       0.145s (in 5 runs)
Garbage Collector(s) used:    PS MarkSweep, PS Scavenge
Used heap memory:                115MB (   110 MiB) max;     57MB (    54 MiB) avg;    140MB (   134 MiB) peak
Used non-heap memory:             32MB (    31 MiB) max;     24MB (    23 MiB) avg;     34MB (    33 MiB) peak
Used in PS Old Gen pool:          21MB (    20 MiB) max;      7MB (     7 MiB) avg;     25MB (    24 MiB) peak
Allocated heap memory:           262MB (   250 MiB) max;    198MB (   189 MiB) avg
Allocated non-heap memory:        35MB (    33 MiB) max;     26MB (    25 MiB) avg
Total process virtual memory:  13307MB ( 12691 MiB) max;  13279MB ( 12664 MiB) avg

Verification result: TRUE. No property violation found by chosen configuration.
More details about the verification run can be found in the directory "/home/yqs17/blazer/cpachecker-inc-pred/output-us-precise-cfa/08_1a.video--backlight--lms283gf05.ko.set/012.1eddd97.08_1a.cil_safe.i".
