scripts/cpa.sh -heap 10000M -predicateAnalysis-ABElfb-debug -setprop cpa.impacted.eliminate=true -disable-java-assertions -outputpath /home/yqs17/blazer/cpachecker-inc-pred/output-us-precise-cfa/39_7a.usb--serial--ssu100.ko.set/003.79f203a.39_7a.cil_safe.i -isIncPred -spec /home/yqs17/blazer/cpachecker-inc-pred/LDVErrorLabel.spc -stats -setprop cpa.impacted.pre_invariants.file=/home/yqs17/blazer/cpachecker-inc-pred/output-us-precise-cfa/39_7a.usb--serial--ssu100.ko.set/002.9b2cef3.39_7a.cil_safe.i/impacted-invariants.txt -setprop analysis.prev.program=/home/yqs17/blazer/cpachecker-inc-pred/programs/drivers--usb--serial--ssu100.ko/002.9b2cef3.39_7a.cil_safe.i -entryfunction ldv_main0_sequence_infinite_withcheck_stateful /home/yqs17/blazer/cpachecker-inc-pred/programs/drivers--usb--serial--ssu100.ko/003.79f203a.39_7a.cil_safe.i


--------------------------------------------------------------------------------


Running CPAchecker with Java heap of size 10000M.
Running CPAchecker with the following extra VM options:  -Djava.io.tmpdir=/tmp/BenchExec_run_z3n4qjg7/tmp
Number of modified edges: 0
Begin analysis 
Read invariant objects done
PredicateCPA statistics
-----------------------
Read Precision Time:                0.000s
Precision file size:                337
Write Precision Time:               0.005s
Number of abstractions:            205 (8% of all post computations)
  Times abstraction was reused:    0
  Because of function entry/exit:  257 (125%)
  Because of loop head:            28 (14%)
  Because of join nodes:           0 (0%)
  Because of threshold:            0 (0%)
  Times precision was empty:       0 (0%)
  Times precision was {false}:     0 (0%)
  Times result was cached:         42 (16%)
  Times cartesian abs was used:    0 (0%)
  Times boolean abs was used:      220 (84%)
  Times result was 'false':        4 (2%)
Number of strengthen sat checks:   0
Number of coverage checks:         549
  BDD entailment checks:           47
Number of SMT sat checks:          1319
  trivial:                         567
  cached:                          484

Max ABE block size:                       36
Number of predicates discovered:          17
Number of abstraction locations:          0
Max number of predicates per location:    0
Avg number of predicates per location:    0
Total predicates per abstraction:         3453
Max number of predicates per abstraction: 17
Avg number of predicates per abstraction: 15.70
Number of irrelevant predicates:          109 (3%)
Number of preds handled by boolean abs:   3344 (97%)
  Total number of models for allsat:      519
  Max number of models for allsat:        4
  Avg number of models for allsat:        2.36

Number of path formula cache hits:   358 (14%)

Time for post operator:                  1.617s
  Time for path formula creation:        0.514s
    Actual computation:                  0.460s
Time for strengthen operator:            0.008s
Time for prec operator:                  1.475s
  Time for abstraction:                  0.820s (Max:     0.031s, Count: 205)
    Boolean abstraction:                 0.680s
    Solving time:                        0.085s (Max:     0.003s)
    Model enumeration time:              0.082s
    Time for BDD construction:           0.052s (Max:     0.012s)
Time for merge operator:                 0.057s
Time for coverage check:                 0.003s
  Time for BDD entailment checks:        0.001s
Total time for SMT solver (w/o itp):     0.804s

Number of BDD nodes:                               1395
Size of BDD node table:                            466043
Size of BDD cache:                                 46619
Size of BDD node cleanup queue:                         912 (count: 9757, min: 0, max: 475, avg: 0.09)
Time for BDD node cleanup:                             0.003s
Time for BDD garbage collection:                       0.000s (in 0 runs)

PrecisionBootstrap statistics
-----------------------------
Init. function predicates:                         0
Init. global predicates:                           0
Init. location predicates:                         0

ImpactedCPA statistics
----------------------
  Number of invariants partial hits:                            0
  Number of invariants hits:                                    57
  Number of invariants trys:                                    80
  Number of invariants bots:                                    23
  Number of invariants not valid:                               0
  Initial reached size:                                         1250
  Input invariants file size:                                   9322
  Max impacted number of variables:                             0
  Number of last version invariants:                            122
  Number of this version invariants:                            120
  CPU time for invariant read:                                      0.930s
  CPU time for invariant write:                                     0.140s
  Time for invariant write:                                         0.074s
  Time for invariant read:                                          0.478s

AutomatonAnalysis (SVCOMP) statistics
-------------------------------------
Number of states:                                  1
Total time for successor computation:                  0.017s
Automaton transfers with branching:                0
Automaton transfer successors:                         2480 (count: 2480, min: 1, max: 1, avg: 1.00) [1 x 2480]

CPA algorithm statistics
------------------------
Number of iterations:            1056
Max size of waitlist:            39
Average size of waitlist:        28
Number of computed successors:   1170
Max successors for one state:    2
Number of times merged:          213
Number of times stopped:         260
Number of times abs stopped:     47
Number of times nonAbs stopped:  502
Number of coverage check (part): 549
Number of times doAbstraction node:  285
Number of times breaked:         0

Total time for CPA algorithm:         1.356s (Max:     1.356s)
CPU time for CPA algorithm:           2.690s
  Time for choose from waitlist:      0.004s
  Time for precision adjustment:      0.861s
  Time for transfer relation:         0.386s
  Time for merge operator:            0.054s
  Time for stop operator:             0.015s
  Time for adding to reached set:     0.007s

Predicate-Abstraction Refiner statistics
----------------------------------------
  Predicate creation:                                  0.000s
  Precision update:                                    0.000s
  ARG update:                                          0.000s

Length of refined path (in blocks):                       0 (count: 0, min: 0, max: 0, avg: 0.00)
Number of affected states:                                0 (count: 0, min: 0, max: 0, avg: 0.00)
Length (states) of path with itp 'true':                  0 (count: 0, min: 0, max: 0, avg: 0.00)
Length (states) of path with itp non-trivial itp:         0 (count: 0, min: 0, max: 0, avg: 0.00)
Length (states) of path with itp 'false':                 0 (count: 0, min: 0, max: 0, avg: 0.00)
Different non-trivial interpolants along paths:           0 (count: 0, min: 0, max: 0, avg: 0.00)
Equal non-trivial interpolants along paths:               0 (count: 0, min: 0, max: 0, avg: 0.00)
Different precisions along paths:                         0 (count: 0, min: 0, max: 0, avg: 0.00)
Equal precisions along paths:                             0 (count: 0, min: 0, max: 0, avg: 0.00)
Number of refs with location-based cutoff:                0

CEGAR algorithm statistics
--------------------------
Number of refinements:                0
Refinement times:             0
First time for refinement:             1.356s
Last time for refinement:              1.356s
Average time for analysis:          1.356s
Number of analysis:                1

Code Coverage
-----------------------------
  Visited lines:          3680
  Total lines:            10
  Line coverage:          368.000

CPAchecker general statistics
-----------------------------
Number of program locations:     2415
Number of CFA edges:             2779
Number of relevant variables:    318
Number of functions:             119
Number of loops:                 7
Size of reached set:             2156
  Number of reached locations:   1647 (68%)
    Avg states per location:     1
    Max states per location:     25 (at node N326)
  Number of reached functions:   46 (39%)
  Number of partitions:          2148
    Avg size of partitions:      1
    Max size of partitions:      2 (with key [N355 (entry of function ssu100_control_msg in /work/ldvuser/novikov/work/current--X--drivers/usb/serial/ssu100.ko--X--defaultlinux--X--39_7a--X--cpachecker/linux/csd_deg_dscv/11/dscv_tempdir/dscv/ri/39_7a/drivers/usb/serial/ssu100.c.prepared, lines 169-184), -1585313575, Init])
  Number of target states:       0

Time for analysis setup:                   7.939s
  Time for cfa diff:                   3.198s
  Time for loading CPAs:                   0.358s
  Time for impacted traverse:              0.008s
  Time for loading parser:        0.033s
  Time for CFA construction:      1.520s
    Time for parsing file(s):     0.463s
    Time for AST to CFA:          0.540s
    Time for CFA sanity check:    0.000s
    Time for post-processing:     0.357s
      Time for var class.:        0.000s
Time for normal Analysis:                         1.357s
CPU time for analysis:                     6.940s
CPU time for impacted:                     0.000s
CPU time for normal analysis:              2.690s
CPU time for init:                         4.250s

Time for Garbage Collector:       0.252s (in 8 runs)
Garbage Collector(s) used:    PS MarkSweep, PS Scavenge
Used heap memory:                282MB (   269 MiB) max;     84MB (    80 MiB) avg;    304MB (   290 MiB) peak
Used non-heap memory:             36MB (    35 MiB) max;     28MB (    27 MiB) avg;     37MB (    36 MiB) peak
Used in PS Old Gen pool:          25MB (    24 MiB) max;     16MB (    15 MiB) avg;     34MB (    33 MiB) peak
Allocated heap memory:           414MB (   395 MiB) max;    243MB (   232 MiB) avg
Allocated non-heap memory:        39MB (    37 MiB) max;     30MB (    28 MiB) avg
Total process virtual memory:  13309MB ( 12693 MiB) max;  13285MB ( 12670 MiB) avg

Verification result: TRUE. No property violation found by chosen configuration.
More details about the verification run can be found in the directory "/home/yqs17/blazer/cpachecker-inc-pred/output-us-precise-cfa/39_7a.usb--serial--ssu100.ko.set/003.79f203a.39_7a.cil_safe.i".
