scripts/cpa.sh -heap 10000M -predicateAnalysis-ABElfb-debug -setprop cpa.impacted.eliminate=true -disable-java-assertions -outputpath /home/yqs17/blazer/cpachecker-inc-pred/output-us-precise-cfa/32_7a.staging--comedi--comedi_bond.ko.set/024.eea6838.32_7a.cil_safe.i -isIncPred -spec /home/yqs17/blazer/cpachecker-inc-pred/LDVErrorLabel.spc -stats -setprop cpa.impacted.pre_invariants.file=/home/yqs17/blazer/cpachecker-inc-pred/output-us-precise-cfa/32_7a.staging--comedi--comedi_bond.ko.set/023.2f0b9d0.32_7a.cil_safe.i/impacted-invariants.txt -setprop analysis.prev.program=/home/yqs17/blazer/cpachecker-inc-pred/programs/drivers--staging--comedi--comedi_bond.ko/023.2f0b9d0.32_7a.cil_safe.i -entryfunction ldv_main0_sequence_infinite_withcheck_stateful /home/yqs17/blazer/cpachecker-inc-pred/programs/drivers--staging--comedi--comedi_bond.ko/024.eea6838.32_7a.cil_safe.i


--------------------------------------------------------------------------------


Running CPAchecker with Java heap of size 10000M.
Running CPAchecker with the following extra VM options:  -Djava.io.tmpdir=/tmp/BenchExec_run_cuhdvavx/tmp
Number of modified edges: 2
Begin analysis 
Read invariant objects done
ImpactedCPA statistics
----------------------
  Number of invariants partial hits:                            0
  Number of invariants hits:                                    19
  Number of invariants trys:                                    27
  Number of invariants bots:                                    8
  Number of invariants not valid:                               0
  Initial reached size:                                         516
  Input invariants file size:                                   953
  Max impacted number of variables:                             0
  Number of last version invariants:                            20
  Number of this version invariants:                            0
  CPU time for invariant read:                                      0.180s
  CPU time for invariant write:                                     0.000s
  Time for invariant write:                                         0.000s
  Time for invariant read:                                          0.093s

AutomatonAnalysis (SVCOMP) statistics
-------------------------------------
Number of states:                                  1
Total time for successor computation:                  0.004s
Automaton transfers with branching:                0
Automaton transfer successors:                          351 (count: 351, min: 1, max: 1, avg: 1.00) [1 x 351]

CPA algorithm statistics
------------------------
Number of iterations:            347
Max size of waitlist:            5
Average size of waitlist:        1
Number of computed successors:   351
Max successors for one state:    2
Number of times merged:          0
Number of times stopped:         0
Number of times abs stopped:     10
Number of times nonAbs stopped:  202
Number of coverage check (part): 212
Number of times doAbstraction node:  37
Number of times breaked:         1

Total time for CPA algorithm:         0.063s (Max:     0.063s)
CPU time for CPA algorithm:           1.110s
  Time for choose from waitlist:      0.005s
  Time for precision adjustment:      0.005s
  Time for transfer relation:         0.038s
  Time for stop operator:             0.001s
  Time for adding to reached set:     0.003s

PredicateCPA statistics
-----------------------
Read Precision Time:                0.000s
Precision file size:                825
Write Precision Time:               0.004s
Number of abstractions:            10 (2% of all post computations)
  Times abstraction was reused:    0
  Because of function entry/exit:  25 (250%)
  Because of loop head:            12 (120%)
  Because of join nodes:           0 (0%)
  Because of threshold:            0 (0%)
  Times precision was empty:       0 (0%)
  Times precision was {false}:     0 (0%)
  Times result was cached:         1 (3%)
  Times cartesian abs was used:    0 (0%)
  Times boolean abs was used:      28 (97%)
  Times result was 'false':        0 (0%)
Number of strengthen sat checks:   0
Number of coverage checks:         212
  BDD entailment checks:           10
Number of SMT sat checks:          535
  trivial:                         294
  cached:                          148

Max ABE block size:                       37
Number of predicates discovered:          2
Number of abstraction locations:          0
Max number of predicates per location:    0
Avg number of predicates per location:    0
Total predicates per abstraction:         37
Max number of predicates per abstraction: 2
Avg number of predicates per abstraction: 1.32
Number of irrelevant predicates:          0 (0%)
Number of preds handled by boolean abs:   37 (100%)
  Total number of models for allsat:      28
  Max number of models for allsat:        1
  Avg number of models for allsat:        1.00

Number of path formula cache hits:   136 (20%)

Time for post operator:                  2.137s
  Time for path formula creation:        0.458s
    Actual computation:                  0.439s
Time for strengthen operator:            0.004s
Time for prec operator:                  0.366s
  Time for abstraction:                  0.170s (Max:     0.112s, Count: 10)
    Boolean abstraction:                 0.109s
    Solving time:                        0.074s (Max:     0.026s)
    Model enumeration time:              0.001s
    Time for BDD construction:           0.014s (Max:     0.010s)
Time for merge operator:                 0.421s
Time for coverage check:                 0.001s
  Time for BDD entailment checks:        0.001s
Total time for SMT solver (w/o itp):     1.514s

Number of BDD nodes:                               203
Size of BDD node table:                            466043
Size of BDD cache:                                 46619
Size of BDD node cleanup queue:                          25 (count: 2759, min: 0, max: 22, avg: 0.01)
Time for BDD node cleanup:                             0.001s
Time for BDD garbage collection:                       0.000s (in 0 runs)

PrecisionBootstrap statistics
-----------------------------
Init. function predicates:                         0
Init. global predicates:                           0
Init. location predicates:                         0

ImpactedCPA statistics
----------------------
  Number of invariants partial hits:                            0
  Number of invariants hits:                                    19
  Number of invariants trys:                                    27
  Number of invariants bots:                                    8
  Number of invariants not valid:                               0
  Initial reached size:                                         516
  Input invariants file size:                                   953
  Max impacted number of variables:                             0
  Number of last version invariants:                            20
  Number of this version invariants:                            19
  CPU time for invariant read:                                      0.180s
  CPU time for invariant write:                                     0.030s
  Time for invariant write:                                         0.018s
  Time for invariant read:                                          0.093s

AutomatonAnalysis (SVCOMP) statistics
-------------------------------------
Number of states:                                  1
Total time for successor computation:                  0.007s
Automaton transfers with branching:                0
Automaton transfer successors:                          634 (count: 634, min: 1, max: 1, avg: 1.00) [1 x 634]

CPA algorithm statistics
------------------------
Number of iterations:            88
Max size of waitlist:            11
Average size of waitlist:        6
Number of computed successors:   100
Max successors for one state:    2
Number of times merged:          90
Number of times stopped:         100
Number of times abs stopped:     10
Number of times nonAbs stopped:  202
Number of coverage check (part): 212
Number of times doAbstraction node:  37
Number of times breaked:         0

Total time for CPA algorithm:         0.503s (Max:     0.503s)
CPU time for CPA algorithm:           1.110s
  Time for choose from waitlist:      0.002s
  Time for precision adjustment:      0.181s
  Time for transfer relation:         0.010s
  Time for merge operator:            0.300s
  Time for stop operator:             0.006s
  Time for adding to reached set:     0.000s

Predicate-Abstraction Refiner statistics
----------------------------------------
  Predicate creation:                                  0.000s
  Precision update:                                    0.000s
  ARG update:                                          0.000s

Length of refined path (in blocks):                       0 (count: 0, min: 0, max: 0, avg: 0.00)
Number of affected states:                                0 (count: 0, min: 0, max: 0, avg: 0.00)
Length (states) of path with itp 'true':                  0 (count: 0, min: 0, max: 0, avg: 0.00)
Length (states) of path with itp non-trivial itp:         0 (count: 0, min: 0, max: 0, avg: 0.00)
Length (states) of path with itp 'false':                 0 (count: 0, min: 0, max: 0, avg: 0.00)
Different non-trivial interpolants along paths:           0 (count: 0, min: 0, max: 0, avg: 0.00)
Equal non-trivial interpolants along paths:               0 (count: 0, min: 0, max: 0, avg: 0.00)
Different precisions along paths:                         0 (count: 0, min: 0, max: 0, avg: 0.00)
Equal precisions along paths:                             0 (count: 0, min: 0, max: 0, avg: 0.00)
Number of refs with location-based cutoff:                0

CEGAR algorithm statistics
--------------------------
Number of refinements:                0
Refinement times:             0
First time for refinement:             0.503s
Last time for refinement:              0.503s
Average time for analysis:          0.503s
Number of analysis:                1

Code Coverage
-----------------------------
  Visited lines:          1417
  Total lines:            24
  Line coverage:          59.042

CPAchecker general statistics
-----------------------------
Number of program locations:     820
Number of CFA edges:             885
Number of relevant variables:    127
Number of functions:             24
Number of loops:                 5
Size of reached set:             516
  Number of reached locations:   510 (62%)
    Avg states per location:     1
    Max states per location:     3 (at node N436)
  Number of reached functions:   9 (38%)
  Number of partitions:          516
    Avg size of partitions:      1
    Max size of partitions:      1
  Number of target states:       0

Time for analysis setup:                   6.403s
  Time for cfa diff:                   2.162s
  Time for loading CPAs:                   0.386s
  Time for impacted traverse:              0.006s
  Time for loading parser:        0.038s
  Time for CFA construction:      0.941s
    Time for parsing file(s):     0.324s
    Time for AST to CFA:          0.331s
    Time for CFA sanity check:    0.000s
    Time for post-processing:     0.186s
      Time for var class.:        0.000s
Time for normal Analysis:                         0.504s
CPU time for analysis:                     6.070s
CPU time for impacted:                     0.520s
CPU time for normal analysis:              1.000s
CPU time for init:                         5.070s

Time for Garbage Collector:       0.173s (in 9 runs)
Garbage Collector(s) used:    PS MarkSweep, PS Scavenge
Used heap memory:                143MB (   137 MiB) max;     45MB (    43 MiB) avg;    152MB (   145 MiB) peak
Used non-heap memory:             32MB (    31 MiB) max;     26MB (    25 MiB) avg;     35MB (    33 MiB) peak
Used in PS Old Gen pool:          17MB (    16 MiB) max;      9MB (     9 MiB) avg;     20MB (    19 MiB) peak
Allocated heap memory:           305MB (   291 MiB) max;    174MB (   166 MiB) avg
Allocated non-heap memory:        35MB (    34 MiB) max;     28MB (    27 MiB) avg
Total process virtual memory:  13307MB ( 12691 MiB) max;  13286MB ( 12671 MiB) avg

Verification result: TRUE. No property violation found by chosen configuration.
More details about the verification run can be found in the directory "/home/yqs17/blazer/cpachecker-inc-pred/output-us-precise-cfa/32_7a.staging--comedi--comedi_bond.ko.set/024.eea6838.32_7a.cil_safe.i".
