scripts/cpa.sh -heap 10000M -predicateAnalysis-ABElfb-debug -setprop cpa.impacted.eliminate=true -disable-java-assertions -outputpath /home/yqs17/blazer/cpachecker-inc-pred/output-us-precise-cfa/32_7a.hwmon--it87.ko.set/045.0124dd7.32_7a.cil_safe.i -isIncPred -spec /home/yqs17/blazer/cpachecker-inc-pred/LDVErrorLabel.spc -stats -setprop cpa.impacted.pre_invariants.file=/home/yqs17/blazer/cpachecker-inc-pred/output-us-precise-cfa/32_7a.hwmon--it87.ko.set/044.f1d8e33.32_7a.cil_safe.i/impacted-invariants.txt -setprop analysis.prev.program=/home/yqs17/blazer/cpachecker-inc-pred/programs/drivers--hwmon--it87.ko/044.f1d8e33.32_7a.cil_safe.i -entryfunction ldv_main0_sequence_infinite_withcheck_stateful /home/yqs17/blazer/cpachecker-inc-pred/programs/drivers--hwmon--it87.ko/045.0124dd7.32_7a.cil_safe.i


--------------------------------------------------------------------------------


Running CPAchecker with Java heap of size 10000M.
Running CPAchecker with the following extra VM options:  -Djava.io.tmpdir=/tmp/BenchExec_run_8i763371/tmp
Number of modified edges: 15
Begin analysis 
Read invariant objects done
ImpactedCPA statistics
----------------------
  Number of invariants partial hits:                            0
  Number of invariants hits:                                    7
  Number of invariants trys:                                    8
  Number of invariants bots:                                    1
  Number of invariants not valid:                               0
  Initial reached size:                                         437
  Input invariants file size:                                   2803
  Max impacted number of variables:                             0
  Number of last version invariants:                            137
  Number of this version invariants:                            0
  CPU time for invariant read:                                      0.470s
  CPU time for invariant write:                                     0.000s
  Time for invariant write:                                         0.000s
  Time for invariant read:                                          0.251s

AutomatonAnalysis (SVCOMP) statistics
-------------------------------------
Number of states:                                  1
Total time for successor computation:                  0.011s
Automaton transfers with branching:                0
Automaton transfer successors:                          604 (count: 604, min: 1, max: 1, avg: 1.00) [1 x 604]

CPA algorithm statistics
------------------------
Number of iterations:            591
Max size of waitlist:            7
Average size of waitlist:        1
Number of computed successors:   604
Max successors for one state:    2
Number of times merged:          0
Number of times stopped:         8
Number of times abs stopped:     36
Number of times nonAbs stopped:  172
Number of coverage check (part): 210
Number of times doAbstraction node:  441
Number of times breaked:         1

Total time for CPA algorithm:         0.075s (Max:     0.075s)
CPU time for CPA algorithm:           2.860s
  Time for choose from waitlist:      0.000s
  Time for precision adjustment:      0.005s
  Time for transfer relation:         0.050s
  Time for merge operator:            0.001s
  Time for stop operator:             0.002s
  Time for adding to reached set:     0.005s

PredicateCPA statistics
-----------------------
Read Precision Time:                0.000s
Precision file size:                0
Write Precision Time:               0.002s
Number of abstractions:            433 (19% of all post computations)
  Times abstraction was reused:    0
  Because of function entry/exit:  418 (97%)
  Because of loop head:            23 (5%)
  Because of join nodes:           0 (0%)
  Because of threshold:            0 (0%)
  Times precision was empty:       0 (0%)
  Times precision was {false}:     0 (0%)
  Times result was cached:         266 (60%)
  Times cartesian abs was used:    0 (0%)
  Times boolean abs was used:      174 (40%)
  Times result was 'false':        5 (1%)
Number of strengthen sat checks:   0
Number of coverage checks:         210
  BDD entailment checks:           38
Number of SMT sat checks:          437
  trivial:                         204
  cached:                          121

Max ABE block size:                       78
Number of predicates discovered:          6
Number of abstraction locations:          0
Max number of predicates per location:    0
Avg number of predicates per location:    0
Total predicates per abstraction:         977
Max number of predicates per abstraction: 6
Avg number of predicates per abstraction: 5.61
Number of irrelevant predicates:          284 (29%)
Number of preds handled by boolean abs:   693 (71%)
  Total number of models for allsat:      170
  Max number of models for allsat:        1
  Avg number of models for allsat:        0.98

Number of path formula cache hits:   218 (9%)

Time for post operator:                  3.319s
  Time for path formula creation:        0.687s
    Actual computation:                  0.495s
Time for strengthen operator:            0.002s
Time for prec operator:                  0.668s
  Time for abstraction:                  0.519s (Max:     0.087s, Count: 433)
    Boolean abstraction:                 0.279s
    Solving time:                        0.169s (Max:     0.065s)
    Model enumeration time:              0.006s
    Time for BDD construction:           0.012s (Max:     0.005s)
Time for merge operator:                 0.150s
Time for coverage check:                 0.000s
  Time for BDD entailment checks:        0.000s
Total time for SMT solver (w/o itp):     2.570s

Number of BDD nodes:                               243
Size of BDD node table:                            466043
Size of BDD cache:                                 46619
Size of BDD node cleanup queue:                           3 (count: 8787, min: 0, max: 3, avg: 0.00)
Time for BDD node cleanup:                             0.002s
Time for BDD garbage collection:                       0.000s (in 0 runs)

PrecisionBootstrap statistics
-----------------------------
Init. function predicates:                         0
Init. global predicates:                           0
Init. location predicates:                         0

ImpactedCPA statistics
----------------------
  Number of invariants partial hits:                            0
  Number of invariants hits:                                    7
  Number of invariants trys:                                    8
  Number of invariants bots:                                    1
  Number of invariants not valid:                               0
  Initial reached size:                                         437
  Input invariants file size:                                   2803
  Max impacted number of variables:                             0
  Number of last version invariants:                            137
  Number of this version invariants:                            108
  CPU time for invariant read:                                      0.470s
  CPU time for invariant write:                                     0.090s
  Time for invariant write:                                         0.053s
  Time for invariant read:                                          0.251s

AutomatonAnalysis (SVCOMP) statistics
-------------------------------------
Number of states:                                  1
Total time for successor computation:                  0.004s
Automaton transfers with branching:                0
Automaton transfer successors:                         2265 (count: 2265, min: 1, max: 1, avg: 1.00) [1 x 2265]

CPA algorithm statistics
------------------------
Number of iterations:            1702
Max size of waitlist:            35
Average size of waitlist:        10
Number of computed successors:   1828
Max successors for one state:    2
Number of times merged:          86
Number of times stopped:         122
Number of times abs stopped:     36
Number of times nonAbs stopped:  172
Number of coverage check (part): 210
Number of times doAbstraction node:  441
Number of times breaked:         0

Total time for CPA algorithm:         1.365s (Max:     1.365s)
CPU time for CPA algorithm:           2.860s
  Time for choose from waitlist:      0.004s
  Time for precision adjustment:      0.596s
  Time for transfer relation:         0.543s
  Time for merge operator:            0.159s
  Time for stop operator:             0.006s
  Time for adding to reached set:     0.015s

Predicate-Abstraction Refiner statistics
----------------------------------------
  Predicate creation:                                  0.000s
  Precision update:                                    0.000s
  ARG update:                                          0.000s

Length of refined path (in blocks):                       0 (count: 0, min: 0, max: 0, avg: 0.00)
Number of affected states:                                0 (count: 0, min: 0, max: 0, avg: 0.00)
Length (states) of path with itp 'true':                  0 (count: 0, min: 0, max: 0, avg: 0.00)
Length (states) of path with itp non-trivial itp:         0 (count: 0, min: 0, max: 0, avg: 0.00)
Length (states) of path with itp 'false':                 0 (count: 0, min: 0, max: 0, avg: 0.00)
Different non-trivial interpolants along paths:           0 (count: 0, min: 0, max: 0, avg: 0.00)
Equal non-trivial interpolants along paths:               0 (count: 0, min: 0, max: 0, avg: 0.00)
Different precisions along paths:                         0 (count: 0, min: 0, max: 0, avg: 0.00)
Equal precisions along paths:                             0 (count: 0, min: 0, max: 0, avg: 0.00)
Number of refs with location-based cutoff:                0

CEGAR algorithm statistics
--------------------------
Number of refinements:                0
Refinement times:             0
First time for refinement:             1.365s
Last time for refinement:              1.365s
Average time for analysis:          1.365s
Number of analysis:                1

Code Coverage
-----------------------------
  Visited lines:          1468
  Total lines:            17
  Line coverage:          86.353

CPAchecker general statistics
-----------------------------
Number of program locations:     2244
Number of CFA edges:             2747
Number of relevant variables:    484
Number of functions:             101
Number of loops:                 12
Size of reached set:             2138
  Number of reached locations:   1149 (51%)
    Avg states per location:     1
    Max states per location:     48 (at node N0)
  Number of reached functions:   30 (30%)
  Number of partitions:          2102
    Avg size of partitions:      1
    Max size of partitions:      6 (with key [N110 (entry of function superio_exit in /work/ldvuser/novikov/work/current--X--drivers/hwmon/it87.ko--X--defaultlinux--X--32_7a--X--cpachecker/linux/csd_deg_dscv/11/dscv_tempdir/dscv/ri/32_7a/drivers/hwmon/it87.c.prepared, lines 119-131), -2068973314, Init])
  Number of target states:       0

Time for analysis setup:                   8.072s
  Time for cfa diff:                   2.911s
  Time for loading CPAs:                   0.327s
  Time for impacted traverse:              0.011s
  Time for loading parser:        0.021s
  Time for CFA construction:      1.343s
    Time for parsing file(s):     0.301s
    Time for AST to CFA:          0.508s
    Time for CFA sanity check:    0.000s
    Time for post-processing:     0.385s
      Time for var class.:        0.000s
Time for normal Analysis:                         1.365s
CPU time for analysis:                     8.730s
CPU time for impacted:                     0.510s
CPU time for normal analysis:              2.720s
CPU time for init:                         6.010s

Time for Garbage Collector:       0.197s (in 10 runs)
Garbage Collector(s) used:    PS MarkSweep, PS Scavenge
Used heap memory:                419MB (   399 MiB) max;     91MB (    86 MiB) avg;    437MB (   416 MiB) peak
Used non-heap memory:             36MB (    34 MiB) max;     28MB (    27 MiB) avg;     37MB (    36 MiB) peak
Used in PS Old Gen pool:          26MB (    25 MiB) max;     15MB (    14 MiB) avg;     28MB (    27 MiB) peak
Allocated heap memory:           519MB (   495 MiB) max;    290MB (   276 MiB) avg
Allocated non-heap memory:        38MB (    36 MiB) max;     30MB (    29 MiB) avg
Total process virtual memory:  13308MB ( 12692 MiB) max;  13288MB ( 12673 MiB) avg

Verification result: TRUE. No property violation found by chosen configuration.
More details about the verification run can be found in the directory "/home/yqs17/blazer/cpachecker-inc-pred/output-us-precise-cfa/32_7a.hwmon--it87.ko.set/045.0124dd7.32_7a.cil_safe.i".
