scripts/cpa.sh -heap 10000M -predicateAnalysis-ABElfb-debug -setprop cpa.impacted.eliminate=true -disable-java-assertions -outputpath /home/yqs17/blazer/cpachecker-inc-pred/output-us-precise-cfa/39_7a.usb--serial--ssu100.ko.set/028.d9a8074.39_7a.cil_safe.i -isIncPred -spec /home/yqs17/blazer/cpachecker-inc-pred/LDVErrorLabel.spc -stats -setprop cpa.impacted.pre_invariants.file=/home/yqs17/blazer/cpachecker-inc-pred/output-us-precise-cfa/39_7a.usb--serial--ssu100.ko.set/025.adc8d74.39_7a.cil_safe.i/impacted-invariants.txt -setprop analysis.prev.program=/home/yqs17/blazer/cpachecker-inc-pred/programs/drivers--usb--serial--ssu100.ko/025.adc8d74.39_7a.cil_safe.i -entryfunction ldv_main0_sequence_infinite_withcheck_stateful /home/yqs17/blazer/cpachecker-inc-pred/programs/drivers--usb--serial--ssu100.ko/028.d9a8074.39_7a.cil_safe.i


--------------------------------------------------------------------------------


Running CPAchecker with Java heap of size 10000M.
Running CPAchecker with the following extra VM options:  -Djava.io.tmpdir=/tmp/BenchExec_run_8g6ls6ie/tmp
Number of modified edges: 92
Begin analysis 
Read invariant objects done
ImpactedCPA statistics
----------------------
  Number of invariants partial hits:                            0
  Number of invariants hits:                                    43
  Number of invariants trys:                                    66
  Number of invariants bots:                                    23
  Number of invariants not valid:                               0
  Initial reached size:                                         1225
  Input invariants file size:                                   10436
  Max impacted number of variables:                             0
  Number of last version invariants:                            136
  Number of this version invariants:                            0
  CPU time for invariant read:                                      1.050s
  CPU time for invariant write:                                     0.000s
  Time for invariant write:                                         0.000s
  Time for invariant read:                                          0.552s

AutomatonAnalysis (SVCOMP) statistics
-------------------------------------
Number of states:                                  1
Total time for successor computation:                  0.008s
Automaton transfers with branching:                0
Automaton transfer successors:                          827 (count: 827, min: 1, max: 1, avg: 1.00) [1 x 827]

CPA algorithm statistics
------------------------
Number of iterations:            815
Max size of waitlist:            11
Average size of waitlist:        1
Number of computed successors:   827
Max successors for one state:    2
Number of times merged:          0
Number of times stopped:         2
Number of times abs stopped:     82
Number of times nonAbs stopped:  546
Number of coverage check (part): 628
Number of times doAbstraction node:  490
Number of times breaked:         1

Total time for CPA algorithm:         0.097s (Max:     0.097s)
CPU time for CPA algorithm:           4.680s
  Time for choose from waitlist:      0.003s
  Time for precision adjustment:      0.011s
  Time for transfer relation:         0.050s
  Time for merge operator:            0.000s
  Time for stop operator:             0.007s
  Time for adding to reached set:     0.004s

PredicateCPA statistics
-----------------------
Read Precision Time:                0.000s
Precision file size:                337
Write Precision Time:               0.004s
Number of abstractions:            424 (12% of all post computations)
  Times abstraction was reused:    0
  Because of function entry/exit:  459 (108%)
  Because of loop head:            31 (7%)
  Because of join nodes:           0 (0%)
  Because of threshold:            0 (0%)
  Times precision was empty:       0 (0%)
  Times precision was {false}:     0 (0%)
  Times result was cached:         156 (33%)
  Times cartesian abs was used:    0 (0%)
  Times boolean abs was used:      311 (67%)
  Times result was 'false':        10 (2%)
Number of strengthen sat checks:   0
Number of coverage checks:         628
  BDD entailment checks:           82
Number of SMT sat checks:          1277
  trivial:                         687
  cached:                          364

Max ABE block size:                       35
Number of predicates discovered:          16
Number of abstraction locations:          0
Max number of predicates per location:    0
Avg number of predicates per location:    0
Total predicates per abstraction:         4861
Max number of predicates per abstraction: 16
Avg number of predicates per abstraction: 15.63
Number of irrelevant predicates:          0 (0%)
Number of preds handled by boolean abs:   4861 (100%)
  Total number of models for allsat:      737
  Max number of models for allsat:        3
  Avg number of models for allsat:        2.37

Number of path formula cache hits:   464 (13%)

Time for post operator:                  1.610s
  Time for path formula creation:        0.515s
    Actual computation:                  0.463s
Time for strengthen operator:            0.010s
Time for prec operator:                  1.963s
  Time for abstraction:                  1.451s (Max:     0.029s, Count: 424)
    Boolean abstraction:                 0.970s
    Solving time:                        0.129s (Max:     0.008s)
    Model enumeration time:              0.123s
    Time for BDD construction:           0.040s (Max:     0.008s)
Time for merge operator:                 0.083s
Time for coverage check:                 0.000s
  Time for BDD entailment checks:        0.000s
Total time for SMT solver (w/o itp):     0.818s

Number of BDD nodes:                               1199
Size of BDD node table:                            466043
Size of BDD cache:                                 46619
Size of BDD node cleanup queue:                         945 (count: 10147, min: 0, max: 476, avg: 0.09)
Time for BDD node cleanup:                             0.003s
Time for BDD garbage collection:                       0.000s (in 0 runs)

PrecisionBootstrap statistics
-----------------------------
Init. function predicates:                         0
Init. global predicates:                           0
Init. location predicates:                         0

ImpactedCPA statistics
----------------------
  Number of invariants partial hits:                            0
  Number of invariants hits:                                    43
  Number of invariants trys:                                    66
  Number of invariants bots:                                    23
  Number of invariants not valid:                               0
  Initial reached size:                                         1225
  Input invariants file size:                                   10436
  Max impacted number of variables:                             0
  Number of last version invariants:                            136
  Number of this version invariants:                            151
  CPU time for invariant read:                                      1.050s
  CPU time for invariant write:                                     0.190s
  Time for invariant write:                                         0.095s
  Time for invariant read:                                          0.552s

AutomatonAnalysis (SVCOMP) statistics
-------------------------------------
Number of states:                                  1
Total time for successor computation:                  0.009s
Automaton transfers with branching:                0
Automaton transfer successors:                         3421 (count: 3421, min: 1, max: 1, avg: 1.00) [1 x 3421]

CPA algorithm statistics
------------------------
Number of iterations:            1975
Max size of waitlist:            33
Average size of waitlist:        25
Number of computed successors:   2153
Max successors for one state:    2
Number of times merged:          252
Number of times stopped:         334
Number of times abs stopped:     82
Number of times nonAbs stopped:  546
Number of coverage check (part): 628
Number of times doAbstraction node:  490
Number of times breaked:         0

Total time for CPA algorithm:         2.245s (Max:     2.245s)
CPU time for CPA algorithm:           4.680s
  Time for choose from waitlist:      0.007s
  Time for precision adjustment:      1.511s
  Time for transfer relation:         0.566s
  Time for merge operator:            0.088s
  Time for stop operator:             0.010s
  Time for adding to reached set:     0.008s

Predicate-Abstraction Refiner statistics
----------------------------------------
  Predicate creation:                                  0.000s
  Precision update:                                    0.000s
  ARG update:                                          0.000s

Length of refined path (in blocks):                       0 (count: 0, min: 0, max: 0, avg: 0.00)
Number of affected states:                                0 (count: 0, min: 0, max: 0, avg: 0.00)
Length (states) of path with itp 'true':                  0 (count: 0, min: 0, max: 0, avg: 0.00)
Length (states) of path with itp non-trivial itp:         0 (count: 0, min: 0, max: 0, avg: 0.00)
Length (states) of path with itp 'false':                 0 (count: 0, min: 0, max: 0, avg: 0.00)
Different non-trivial interpolants along paths:           0 (count: 0, min: 0, max: 0, avg: 0.00)
Equal non-trivial interpolants along paths:               0 (count: 0, min: 0, max: 0, avg: 0.00)
Different precisions along paths:                         0 (count: 0, min: 0, max: 0, avg: 0.00)
Equal precisions along paths:                             0 (count: 0, min: 0, max: 0, avg: 0.00)
Number of refs with location-based cutoff:                0

CEGAR algorithm statistics
--------------------------
Number of refinements:                0
Refinement times:             0
First time for refinement:             2.246s
Last time for refinement:              2.246s
Average time for analysis:          2.246s
Number of analysis:                1

Code Coverage
-----------------------------
  Visited lines:          3917
  Total lines:            10
  Line coverage:          391.700

CPAchecker general statistics
-----------------------------
Number of program locations:     2369
Number of CFA edges:             2745
Number of relevant variables:    303
Number of functions:             106
Number of loops:                 4
Size of reached set:             3034
  Number of reached locations:   1831 (77%)
    Avg states per location:     1
    Max states per location:     44 (at node N101)
  Number of reached functions:   49 (46%)
  Number of partitions:          2980
    Avg size of partitions:      1
    Max size of partitions:      3 (with key [N126 (entry of function ssu100_control_msg in /work/ldvuser/novikov/work/current--X--drivers/usb/serial/ssu100.ko--X--defaultlinux--X--39_7a--X--cpachecker/linux/csd_deg_dscv/12/dscv_tempdir/dscv/ri/39_7a/drivers/usb/serial/ssu100.c.prepared, lines 145-160), -1013301710, Init])
  Number of target states:       0

Time for analysis setup:                  11.010s
  Time for cfa diff:                   6.447s
  Time for loading CPAs:                   0.416s
  Time for impacted traverse:              0.013s
  Time for loading parser:        0.036s
  Time for CFA construction:      1.452s
    Time for parsing file(s):     0.412s
    Time for AST to CFA:          0.552s
    Time for CFA sanity check:    0.000s
    Time for post-processing:     0.331s
      Time for var class.:        0.000s
Time for normal Analysis:                         2.247s
CPU time for analysis:                     8.090s
CPU time for impacted:                     0.690s
CPU time for normal analysis:              4.490s
CPU time for init:                         3.600s

Time for Garbage Collector:       0.245s (in 9 runs)
Garbage Collector(s) used:    PS MarkSweep, PS Scavenge
Used heap memory:                312MB (   298 MiB) max;     90MB (    86 MiB) avg;    339MB (   323 MiB) peak
Used non-heap memory:             37MB (    35 MiB) max;     28MB (    27 MiB) avg;     38MB (    37 MiB) peak
Used in PS Old Gen pool:          25MB (    23 MiB) max;     16MB (    15 MiB) avg;     35MB (    34 MiB) peak
Allocated heap memory:           590MB (   563 MiB) max;    244MB (   232 MiB) avg
Allocated non-heap memory:        39MB (    37 MiB) max;     30MB (    28 MiB) avg
Total process virtual memory:  13309MB ( 12692 MiB) max;  13291MB ( 12675 MiB) avg

Verification result: TRUE. No property violation found by chosen configuration.
More details about the verification run can be found in the directory "/home/yqs17/blazer/cpachecker-inc-pred/output-us-precise-cfa/39_7a.usb--serial--ssu100.ko.set/028.d9a8074.39_7a.cil_safe.i".
