scripts/cpa.sh -heap 10000M -predicateAnalysis-ABElfb-debug -setprop cpa.impacted.eliminate=true -disable-java-assertions -outputpath /home/yqs17/blazer/cpachecker-inc-pred/output-us-precise-cfa/08_1a.regulator--gpio-regulator.ko.set/001.ecc37ed.08_1a.cil_safe.i -isIncPred -spec /home/yqs17/blazer/cpachecker-inc-pred/LDVErrorLabel.spc -stats -setprop cpa.impacted.pre_invariants.file=/home/yqs17/blazer/cpachecker-inc-pred/output-us-precise-cfa/08_1a.regulator--gpio-regulator.ko.set/000.3f0292a.08_1a.cil_safe.i/impacted-invariants.txt -setprop analysis.prev.program=/home/yqs17/blazer/cpachecker-inc-pred/programs/drivers--regulator--gpio-regulator.ko/000.3f0292a.08_1a.cil_safe.i -entryfunction ldv_main0_sequence_infinite_withcheck_stateful /home/yqs17/blazer/cpachecker-inc-pred/programs/drivers--regulator--gpio-regulator.ko/001.ecc37ed.08_1a.cil_safe.i


--------------------------------------------------------------------------------


Running CPAchecker with Java heap of size 10000M.
Running CPAchecker with the following extra VM options:  -Djava.io.tmpdir=/tmp/BenchExec_run_efzuhi2_/tmp
Number of modified edges: 0
Begin analysis 
Read invariant objects done
PredicateCPA statistics
-----------------------
Read Precision Time:                0.000s
Precision file size:                0
Write Precision Time:               0.002s
Number of abstractions:            33 (3% of all post computations)
  Times abstraction was reused:    0
  Because of function entry/exit:  62 (188%)
  Because of loop head:            33 (100%)
  Because of join nodes:           0 (0%)
  Because of threshold:            0 (0%)
  Times precision was empty:       0 (0%)
  Times precision was {false}:     0 (0%)
  Times result was cached:         19 (26%)
  Times cartesian abs was used:    0 (0%)
  Times boolean abs was used:      53 (74%)
  Times result was 'false':        0 (0%)
Number of strengthen sat checks:   0
Number of coverage checks:         192
  BDD entailment checks:           20
Number of SMT sat checks:          869
  trivial:                         401
  cached:                          304

Max ABE block size:                       9
Number of predicates discovered:          4
Number of abstraction locations:          0
Max number of predicates per location:    0
Avg number of predicates per location:    0
Total predicates per abstraction:         110
Max number of predicates per abstraction: 4
Avg number of predicates per abstraction: 2.08
Number of irrelevant predicates:          36 (33%)
Number of preds handled by boolean abs:   74 (67%)
  Total number of models for allsat:      55
  Max number of models for allsat:        3
  Avg number of models for allsat:        1.04

Number of path formula cache hits:   122 (11%)

Time for post operator:                  1.080s
  Time for path formula creation:        0.414s
    Actual computation:                  0.403s
Time for strengthen operator:            0.001s
Time for prec operator:                  0.273s
  Time for abstraction:                  0.062s (Max:     0.017s, Count: 33)
    Boolean abstraction:                 0.085s
    Solving time:                        0.047s (Max:     0.008s)
    Model enumeration time:              0.005s
    Time for BDD construction:           0.002s (Max:     0.001s)
Time for merge operator:                 0.017s
Time for coverage check:                 0.004s
  Time for BDD entailment checks:        0.001s
Total time for SMT solver (w/o itp):     0.583s

Number of BDD nodes:                               224
Size of BDD node table:                            466043
Size of BDD cache:                                 46619
Size of BDD node cleanup queue:                           0 (count: 3537, min: 0, max: 0, avg: 0.00)
Time for BDD node cleanup:                             0.004s
Time for BDD garbage collection:                       0.000s (in 0 runs)

PrecisionBootstrap statistics
-----------------------------
Init. function predicates:                         0
Init. global predicates:                           0
Init. location predicates:                         0

ImpactedCPA statistics
----------------------
  Number of invariants partial hits:                            0
  Number of invariants hits:                                    39
  Number of invariants trys:                                    62
  Number of invariants bots:                                    23
  Number of invariants not valid:                               0
  Initial reached size:                                         831
  Input invariants file size:                                   1323
  Max impacted number of variables:                             0
  Number of last version invariants:                            61
  Number of this version invariants:                            45
  CPU time for invariant read:                                      0.220s
  CPU time for invariant write:                                     0.050s
  Time for invariant write:                                         0.022s
  Time for invariant read:                                          0.120s

AutomatonAnalysis (SVCOMP) statistics
-------------------------------------
Number of states:                                  1
Total time for successor computation:                  0.019s
Automaton transfers with branching:                0
Automaton transfer successors:                         1046 (count: 1046, min: 1, max: 1, avg: 1.00) [1 x 1046]

CPA algorithm statistics
------------------------
Number of iterations:            162
Max size of waitlist:            16
Average size of waitlist:        12
Number of computed successors:   178
Max successors for one state:    2
Number of times merged:          71
Number of times stopped:         91
Number of times abs stopped:     20
Number of times nonAbs stopped:  172
Number of coverage check (part): 192
Number of times doAbstraction node:  95
Number of times breaked:         0

Total time for CPA algorithm:         0.154s (Max:     0.154s)
CPU time for CPA algorithm:           0.310s
  Time for choose from waitlist:      0.004s
  Time for precision adjustment:      0.066s
  Time for transfer relation:         0.049s
  Time for merge operator:            0.015s
  Time for stop operator:             0.008s
  Time for adding to reached set:     0.000s

Predicate-Abstraction Refiner statistics
----------------------------------------
  Predicate creation:                                  0.000s
  Precision update:                                    0.000s
  ARG update:                                          0.000s

Length of refined path (in blocks):                       0 (count: 0, min: 0, max: 0, avg: 0.00)
Number of affected states:                                0 (count: 0, min: 0, max: 0, avg: 0.00)
Length (states) of path with itp 'true':                  0 (count: 0, min: 0, max: 0, avg: 0.00)
Length (states) of path with itp non-trivial itp:         0 (count: 0, min: 0, max: 0, avg: 0.00)
Length (states) of path with itp 'false':                 0 (count: 0, min: 0, max: 0, avg: 0.00)
Different non-trivial interpolants along paths:           0 (count: 0, min: 0, max: 0, avg: 0.00)
Equal non-trivial interpolants along paths:               0 (count: 0, min: 0, max: 0, avg: 0.00)
Different precisions along paths:                         0 (count: 0, min: 0, max: 0, avg: 0.00)
Equal precisions along paths:                             0 (count: 0, min: 0, max: 0, avg: 0.00)
Number of refs with location-based cutoff:                0

CEGAR algorithm statistics
--------------------------
Number of refinements:                0
Refinement times:             0
First time for refinement:             0.154s
Last time for refinement:              0.154s
Average time for analysis:          0.154s
Number of analysis:                1

Code Coverage
-----------------------------
  Visited lines:          2257
  Total lines:            5
  Line coverage:          451.400

CPAchecker general statistics
-----------------------------
Number of program locations:     971
Number of CFA edges:             1066
Number of relevant variables:    126
Number of functions:             30
Number of loops:                 5
Size of reached set:             918
  Number of reached locations:   833 (86%)
    Avg states per location:     1
    Max states per location:     11 (at node N519)
  Number of reached functions:   20 (67%)
  Number of partitions:          918
    Avg size of partitions:      1
    Max size of partitions:      1
  Number of target states:       0

Time for analysis setup:                   5.433s
  Time for cfa diff:                   2.210s
  Time for loading CPAs:                   0.365s
  Time for impacted traverse:              0.006s
  Time for loading parser:        0.037s
  Time for CFA construction:      1.064s
    Time for parsing file(s):     0.329s
    Time for AST to CFA:          0.387s
    Time for CFA sanity check:    0.000s
    Time for post-processing:     0.226s
      Time for var class.:        0.000s
Time for normal Analysis:                         0.154s
CPU time for analysis:                     3.110s
CPU time for impacted:                     0.000s
CPU time for normal analysis:              0.310s
CPU time for init:                         2.800s

Time for Garbage Collector:       0.141s (in 5 runs)
Garbage Collector(s) used:    PS MarkSweep, PS Scavenge
Used heap memory:                109MB (   104 MiB) max;     49MB (    47 MiB) avg;    130MB (   124 MiB) peak
Used non-heap memory:             32MB (    30 MiB) max;     25MB (    23 MiB) avg;     34MB (    33 MiB) peak
Used in PS Old Gen pool:          21MB (    20 MiB) max;      9MB (     8 MiB) avg;     24MB (    23 MiB) peak
Allocated heap memory:           257MB (   246 MiB) max;    198MB (   189 MiB) avg
Allocated non-heap memory:        35MB (    33 MiB) max;     26MB (    25 MiB) avg
Total process virtual memory:  13307MB ( 12691 MiB) max;  13281MB ( 12666 MiB) avg

Verification result: TRUE. No property violation found by chosen configuration.
More details about the verification run can be found in the directory "/home/yqs17/blazer/cpachecker-inc-pred/output-us-precise-cfa/08_1a.regulator--gpio-regulator.ko.set/001.ecc37ed.08_1a.cil_safe.i".
