scripts/cpa.sh -heap 10000M -predicateAnalysis-ABElfb-debug -setprop cpa.impacted.eliminate=true -disable-java-assertions -outputpath /home/yqs17/blazer/cpachecker-inc-pred/output-us-precise-cfa/43_1a.gpu--drm--i915--i915.ko.set/030.e8848a1.43_1a.cil_safe.i -isIncPred -spec /home/yqs17/blazer/cpachecker-inc-pred/LDVErrorLabel.spc -stats -setprop cpa.impacted.pre_invariants.file=/home/yqs17/blazer/cpachecker-inc-pred/output-us-precise-cfa/43_1a.gpu--drm--i915--i915.ko.set/029.9b7530cc.43_1a.cil_safe.i/impacted-invariants.txt -setprop analysis.prev.program=/home/yqs17/blazer/cpachecker-inc-pred/programs/drivers--gpu--drm--i915--i915.ko/029.9b7530cc.43_1a.cil_safe.i -entryfunction ldv_main0_sequence_infinite_withcheck_stateful /home/yqs17/blazer/cpachecker-inc-pred/programs/drivers--gpu--drm--i915--i915.ko/030.e8848a1.43_1a.cil_safe.i


--------------------------------------------------------------------------------


Running CPAchecker with Java heap of size 10000M.
Running CPAchecker with the following extra VM options:  -Djava.io.tmpdir=/tmp/BenchExec_run_0lc70dgd/tmp
Number of modified edges: 2
Begin analysis 
Read invariant objects done
PredicateCPA statistics
-----------------------
Read Precision Time:                0.000s
Precision file size:                0
Write Precision Time:               0.001s
Number of abstractions:            594 (16% of all post computations)
  Times abstraction was reused:    0
  Because of function entry/exit:  572 (96%)
  Because of loop head:            47 (8%)
  Because of join nodes:           0 (0%)
  Because of threshold:            0 (0%)
  Times precision was empty:       0 (0%)
  Times precision was {false}:     0 (0%)
  Times result was cached:         176 (29%)
  Times cartesian abs was used:    0 (0%)
  Times boolean abs was used:      437 (71%)
  Times result was 'false':        0 (0%)
Number of strengthen sat checks:   0
Number of coverage checks:         404
  BDD entailment checks:           60
Number of SMT sat checks:          1157
  trivial:                         681
  cached:                          425

Max ABE block size:                       21
Number of predicates discovered:          1
Number of abstraction locations:          0
Max number of predicates per location:    0
Avg number of predicates per location:    0
Total predicates per abstraction:         437
Max number of predicates per abstraction: 1
Avg number of predicates per abstraction: 1.00
Number of irrelevant predicates:          0 (0%)
Number of preds handled by boolean abs:   437 (100%)
  Total number of models for allsat:      437
  Max number of models for allsat:        1
  Avg number of models for allsat:        1.00

Number of path formula cache hits:   115 (3%)

Time for post operator:                  0.987s
  Time for path formula creation:        0.666s
    Actual computation:                  0.608s
Time for strengthen operator:            0.012s
Time for prec operator:                  0.518s
  Time for abstraction:                  0.387s (Max:     0.011s, Count: 594)
    Boolean abstraction:                 0.175s
    Solving time:                        0.077s (Max:     0.010s)
    Model enumeration time:              0.008s
    Time for BDD construction:           0.041s (Max:     0.022s)
Time for merge operator:                 0.075s
Time for coverage check:                 0.001s
  Time for BDD entailment checks:        0.000s
Total time for SMT solver (w/o itp):     0.247s

Number of BDD nodes:                               202
Size of BDD node table:                            466043
Size of BDD cache:                                 46619
Size of BDD node cleanup queue:                           0 (count: 31165, min: 0, max: 0, avg: 0.00)
Time for BDD node cleanup:                             0.002s
Time for BDD garbage collection:                       0.000s (in 0 runs)

PrecisionBootstrap statistics
-----------------------------
Init. function predicates:                         0
Init. global predicates:                           0
Init. location predicates:                         0

ImpactedCPA statistics
----------------------
  Number of invariants partial hits:                            0
  Number of invariants hits:                                    19
  Number of invariants trys:                                    25
  Number of invariants bots:                                    6
  Number of invariants not valid:                               0
  Initial reached size:                                         1150
  Input invariants file size:                                   2514
  Max impacted number of variables:                             0
  Number of last version invariants:                            350
  Number of this version invariants:                            253
  CPU time for invariant read:                                      0.790s
  CPU time for invariant write:                                     0.080s
  Time for invariant write:                                         0.041s
  Time for invariant read:                                          0.418s

AutomatonAnalysis (SVCOMP) statistics
-------------------------------------
Number of states:                                  1
Total time for successor computation:                  0.038s
Automaton transfers with branching:                0
Automaton transfer successors:                         3787 (count: 3787, min: 1, max: 1, avg: 1.00) [1 x 3787]

CPA algorithm statistics
------------------------
Number of iterations:            2426
Max size of waitlist:            16
Average size of waitlist:        8
Number of computed successors:   2630
Max successors for one state:    2
Number of times merged:          170
Number of times stopped:         230
Number of times abs stopped:     60
Number of times nonAbs stopped:  344
Number of coverage check (part): 404
Number of times doAbstraction node:  619
Number of times breaked:         0

Total time for CPA algorithm:         1.359s (Max:     1.359s)
CPU time for CPA algorithm:           2.700s
  Time for choose from waitlist:      0.013s
  Time for precision adjustment:      0.461s
  Time for transfer relation:         0.690s
  Time for merge operator:            0.091s
  Time for stop operator:             0.022s
  Time for adding to reached set:     0.016s

Predicate-Abstraction Refiner statistics
----------------------------------------
  Predicate creation:                                  0.000s
  Precision update:                                    0.000s
  ARG update:                                          0.000s

Length of refined path (in blocks):                       0 (count: 0, min: 0, max: 0, avg: 0.00)
Number of affected states:                                0 (count: 0, min: 0, max: 0, avg: 0.00)
Length (states) of path with itp 'true':                  0 (count: 0, min: 0, max: 0, avg: 0.00)
Length (states) of path with itp non-trivial itp:         0 (count: 0, min: 0, max: 0, avg: 0.00)
Length (states) of path with itp 'false':                 0 (count: 0, min: 0, max: 0, avg: 0.00)
Different non-trivial interpolants along paths:           0 (count: 0, min: 0, max: 0, avg: 0.00)
Equal non-trivial interpolants along paths:               0 (count: 0, min: 0, max: 0, avg: 0.00)
Different precisions along paths:                         0 (count: 0, min: 0, max: 0, avg: 0.00)
Equal precisions along paths:                             0 (count: 0, min: 0, max: 0, avg: 0.00)
Number of refs with location-based cutoff:                0

CEGAR algorithm statistics
--------------------------
Number of refinements:                0
Refinement times:             0
First time for refinement:             1.360s
Last time for refinement:              1.360s
Average time for analysis:          1.360s
Number of analysis:                1

Code Coverage
-----------------------------
  Visited lines:          4067
  Total lines:            5
  Line coverage:          813.400

CPAchecker general statistics
-----------------------------
Number of program locations:     8901
Number of CFA edges:             11309
Number of relevant variables:    1960
Number of functions:             262
Number of loops:                 65
Size of reached set:             3550
  Number of reached locations:   2057 (23%)
    Avg states per location:     1
    Max states per location:     97 (at node N158)
  Number of reached functions:   26 (10%)
  Number of partitions:          3522
    Avg size of partitions:      1
    Max size of partitions:      4 (with key [N165 (entry of function writel in include/asm/io.h, lines 28-38), -1537753438, Init])
  Number of target states:       0

Time for analysis setup:                  15.241s
  Time for cfa diff:                  10.676s
  Time for loading CPAs:                   0.395s
  Time for impacted traverse:              0.025s
  Time for loading parser:        0.024s
  Time for CFA construction:      2.808s
    Time for parsing file(s):     0.606s
    Time for AST to CFA:          1.005s
    Time for CFA sanity check:    0.000s
    Time for post-processing:     0.885s
      Time for var class.:        0.000s
Time for normal Analysis:                         1.361s
CPU time for analysis:                     4.200s
CPU time for impacted:                     0.000s
CPU time for normal analysis:              2.700s
CPU time for init:                         1.500s

Time for Garbage Collector:       0.405s (in 8 runs)
Garbage Collector(s) used:    PS MarkSweep, PS Scavenge
Used heap memory:                269MB (   256 MiB) max;     89MB (    85 MiB) avg;    347MB (   331 MiB) peak
Used non-heap memory:             36MB (    35 MiB) max;     29MB (    27 MiB) avg;     37MB (    35 MiB) peak
Used in PS Old Gen pool:          42MB (    40 MiB) max;     34MB (    32 MiB) avg;     44MB (    42 MiB) peak
Allocated heap memory:           446MB (   425 MiB) max;    382MB (   364 MiB) avg
Allocated non-heap memory:        37MB (    36 MiB) max;     30MB (    29 MiB) avg
Total process virtual memory:  13307MB ( 12691 MiB) max;  13283MB ( 12667 MiB) avg

Verification result: TRUE. No property violation found by chosen configuration.
More details about the verification run can be found in the directory "/home/yqs17/blazer/cpachecker-inc-pred/output-us-precise-cfa/43_1a.gpu--drm--i915--i915.ko.set/030.e8848a1.43_1a.cil_safe.i".
