scripts/cpa.sh -heap 10000M -predicateAnalysis-ABElfb-debug -setprop cpa.impacted.eliminate=true -disable-java-assertions -outputpath /home/yqs17/blazer/cpachecker-inc-pred/output-us-precise-cfa/32_7a.gpu--drm--i915--i915.ko.set/009.317c35d.32_7a.cil_safe.i -isIncPred -spec /home/yqs17/blazer/cpachecker-inc-pred/LDVErrorLabel.spc -stats -setprop cpa.impacted.pre_invariants.file=/home/yqs17/blazer/cpachecker-inc-pred/output-us-precise-cfa/32_7a.gpu--drm--i915--i915.ko.set/008.8ee1c3d.32_7a.cil_safe.i/impacted-invariants.txt -setprop analysis.prev.program=/home/yqs17/blazer/cpachecker-inc-pred/programs/drivers--gpu--drm--i915--i915.ko/008.8ee1c3d.32_7a.cil_safe.i -entryfunction ldv_main0_sequence_infinite_withcheck_stateful /home/yqs17/blazer/cpachecker-inc-pred/programs/drivers--gpu--drm--i915--i915.ko/009.317c35d.32_7a.cil_safe.i


--------------------------------------------------------------------------------


Running CPAchecker with Java heap of size 10000M.
Running CPAchecker with the following extra VM options:  -Djava.io.tmpdir=/tmp/BenchExec_run_zi4pny42/tmp
Number of modified edges: 13
Begin analysis 
Read invariant objects done
ImpactedCPA statistics
----------------------
  Number of invariants partial hits:                            0
  Number of invariants hits:                                    6
  Number of invariants trys:                                    7
  Number of invariants bots:                                    1
  Number of invariants not valid:                               0
  Initial reached size:                                         822
  Input invariants file size:                                   1948
  Max impacted number of variables:                             9
  Number of last version invariants:                            99
  Number of this version invariants:                            0
  CPU time for invariant read:                                      0.700s
  CPU time for invariant write:                                     0.000s
  Time for invariant write:                                         0.000s
  Time for invariant read:                                          0.369s

AutomatonAnalysis (SVCOMP) statistics
-------------------------------------
Number of states:                                  1
Total time for successor computation:                  0.041s
Automaton transfers with branching:                0
Automaton transfer successors:                        15705 (count: 15705, min: 1, max: 1, avg: 1.00) [1 x 15705]

CPA algorithm statistics
------------------------
Number of iterations:            14799
Max size of waitlist:            10
Average size of waitlist:        2
Number of computed successors:   15705
Max successors for one state:    2
Number of times merged:          12
Number of times stopped:         922
Number of times abs stopped:     0
Number of times nonAbs stopped:  2
Number of coverage check (part): 2
Number of times doAbstraction node:  7
Number of times breaked:         0

Total time for CPA algorithm:         0.877s (Max:     0.531s)
CPU time for CPA algorithm:           1.740s
  Time for choose from waitlist:      0.011s
  Time for precision adjustment:      0.058s
  Time for transfer relation:         0.545s
  Time for merge operator:            0.016s
  Time for stop operator:             0.035s
  Time for adding to reached set:     0.035s

PredicateCPA statistics
-----------------------
Read Precision Time:                0.000s
Precision file size:                0
Write Precision Time:               0.001s
Number of abstractions:            0 (0% of all post computations)
Number of strengthen sat checks:   0
Number of coverage checks:         2
  BDD entailment checks:           0
Number of SMT sat checks:          822
  trivial:                         604
  cached:                          207

Max ABE block size:                       0
Number of predicates discovered:          1
Number of abstraction locations:          0
Max number of predicates per location:    0
Avg number of predicates per location:    0
Total predicates per abstraction:         4
Max number of predicates per abstraction: 1
Avg number of predicates per abstraction: 1.00
Number of irrelevant predicates:          0 (0%)
Number of preds handled by boolean abs:   4 (100%)
  Total number of models for allsat:      4
  Max number of models for allsat:        1
  Avg number of models for allsat:        1.00

Number of path formula cache hits:   2 (0%)

Time for post operator:                  0.296s
  Time for path formula creation:        0.148s
    Actual computation:                  0.141s
Time for strengthen operator:            0.007s
Time for prec operator:                  0.046s
Time for merge operator:                 0.003s
Time for coverage check:                 0.000s
Total time for SMT solver (w/o itp):     0.082s

Number of BDD nodes:                               202
Size of BDD node table:                            466043
Size of BDD cache:                                 46619
Size of BDD node cleanup queue:                           0 (count: 15988, min: 0, max: 0, avg: 0.00)
Time for BDD node cleanup:                             0.001s
Time for BDD garbage collection:                       0.000s (in 0 runs)

PrecisionBootstrap statistics
-----------------------------
Init. function predicates:                         0
Init. global predicates:                           0
Init. location predicates:                         0

ImpactedCPA statistics
----------------------
  Number of invariants partial hits:                            0
  Number of invariants hits:                                    6
  Number of invariants trys:                                    7
  Number of invariants bots:                                    1
  Number of invariants not valid:                               0
  Initial reached size:                                         822
  Input invariants file size:                                   1948
  Max impacted number of variables:                             9
  Number of last version invariants:                            99
  Number of this version invariants:                            6
  CPU time for invariant read:                                      0.700s
  CPU time for invariant write:                                     0.040s
  Time for invariant write:                                         0.023s
  Time for invariant read:                                          0.369s

AutomatonAnalysis (SVCOMP) statistics
-------------------------------------
Number of states:                                  1
Total time for successor computation:                  0.001s
Automaton transfers with branching:                0
Automaton transfer successors:                          823 (count: 823, min: 1, max: 1, avg: 1.00) [1 x 823]

CPA algorithm statistics
------------------------
Number of iterations:            2
Max size of waitlist:            1
Average size of waitlist:        1
Number of computed successors:   1
Max successors for one state:    1
Number of times merged:          1
Number of times stopped:         1
Number of times abs stopped:     0
Number of times nonAbs stopped:  2
Number of coverage check (part): 2
Number of times doAbstraction node:  7
Number of times breaked:         0

Total time for CPA algorithm:         0.003s (Max:     0.003s)
CPU time for CPA algorithm:           1.740s
  Time for choose from waitlist:      0.000s
  Time for precision adjustment:      0.000s
  Time for transfer relation:         0.000s
  Time for merge operator:            0.003s
  Time for stop operator:             0.000s
  Time for adding to reached set:     0.000s

Predicate-Abstraction Refiner statistics
----------------------------------------
  Predicate creation:                                  0.000s
  Precision update:                                    0.000s
  ARG update:                                          0.000s

Length of refined path (in blocks):                       0 (count: 0, min: 0, max: 0, avg: 0.00)
Number of affected states:                                0 (count: 0, min: 0, max: 0, avg: 0.00)
Length (states) of path with itp 'true':                  0 (count: 0, min: 0, max: 0, avg: 0.00)
Length (states) of path with itp non-trivial itp:         0 (count: 0, min: 0, max: 0, avg: 0.00)
Length (states) of path with itp 'false':                 0 (count: 0, min: 0, max: 0, avg: 0.00)
Different non-trivial interpolants along paths:           0 (count: 0, min: 0, max: 0, avg: 0.00)
Equal non-trivial interpolants along paths:               0 (count: 0, min: 0, max: 0, avg: 0.00)
Different precisions along paths:                         0 (count: 0, min: 0, max: 0, avg: 0.00)
Equal precisions along paths:                             0 (count: 0, min: 0, max: 0, avg: 0.00)
Number of refs with location-based cutoff:                0

CEGAR algorithm statistics
--------------------------
Number of refinements:                0
Refinement times:             0
First time for refinement:             0.003s
Last time for refinement:              0.003s
Average time for analysis:          0.003s
Number of analysis:                1

Code Coverage
-----------------------------
  Visited lines:          3389
  Total lines:            5
  Line coverage:          677.800

CPAchecker general statistics
-----------------------------
Number of program locations:     5078
Number of CFA edges:             6445
Number of relevant variables:    1006
Number of functions:             121
Number of loops:                 38
Size of reached set:             822
  Number of reached locations:   822 (16%)
    Avg states per location:     1
    Max states per location:     1 (at node N41)
  Number of reached functions:   4 (3%)
  Number of partitions:          822
    Avg size of partitions:      1
    Max size of partitions:      1
  Number of target states:       0

Time for analysis setup:                  17.250s
  Time for cfa diff:                  12.921s
  Time for loading CPAs:                   0.449s
  Time for impacted traverse:              0.020s
  Time for loading parser:        0.024s
  Time for CFA construction:      2.036s
    Time for parsing file(s):     0.442s
    Time for AST to CFA:          0.783s
    Time for CFA sanity check:    0.000s
    Time for post-processing:     0.577s
      Time for var class.:        0.000s
Time for normal Analysis:                         0.003s
CPU time for analysis:                     0.850s
CPU time for impacted:                     2.230s
CPU time for normal analysis:              0.010s
CPU time for init:                         0.840s

Time for Garbage Collector:       0.283s (in 7 runs)
Garbage Collector(s) used:    PS MarkSweep, PS Scavenge
Used heap memory:                187MB (   179 MiB) max;    131MB (   125 MiB) avg;    210MB (   201 MiB) peak
Used non-heap memory:             36MB (    34 MiB) max;     28MB (    27 MiB) avg;     38MB (    36 MiB) peak
Used in PS Old Gen pool:          31MB (    29 MiB) max;     22MB (    21 MiB) avg;     32MB (    30 MiB) peak
Allocated heap memory:           428MB (   408 MiB) max;    262MB (   249 MiB) avg
Allocated non-heap memory:        39MB (    37 MiB) max;     29MB (    28 MiB) avg
Total process virtual memory:  13307MB ( 12691 MiB) max;  13288MB ( 12673 MiB) avg

Verification result: TRUE. No property violation found by chosen configuration.
More details about the verification run can be found in the directory "/home/yqs17/blazer/cpachecker-inc-pred/output-us-precise-cfa/32_7a.gpu--drm--i915--i915.ko.set/009.317c35d.32_7a.cil_safe.i".
