scripts/cpa.sh -heap 10000M -predicateAnalysis-ABElfb-debug -setprop cpa.impacted.eliminate=true -disable-java-assertions -outputpath /home/yqs17/blazer/cpachecker-inc-pred/output-us-precise-cfa/08_1a.mtd--devices--slram.ko.set/016.ee0e87b.08_1a.cil_safe.i -isIncPred -spec /home/yqs17/blazer/cpachecker-inc-pred/LDVErrorLabel.spc -stats -setprop cpa.impacted.pre_invariants.file=/home/yqs17/blazer/cpachecker-inc-pred/output-us-precise-cfa/08_1a.mtd--devices--slram.ko.set/015.af901ca.08_1a.cil_safe.i/impacted-invariants.txt -setprop analysis.prev.program=/home/yqs17/blazer/cpachecker-inc-pred/programs/drivers--mtd--devices--slram.ko/015.af901ca.08_1a.cil_safe.i -entryfunction ldv_main0_sequence_infinite_withcheck_stateful /home/yqs17/blazer/cpachecker-inc-pred/programs/drivers--mtd--devices--slram.ko/016.ee0e87b.08_1a.cil_safe.i


--------------------------------------------------------------------------------


Running CPAchecker with Java heap of size 10000M.
Running CPAchecker with the following extra VM options:  -Djava.io.tmpdir=/tmp/BenchExec_run_k7dph3ou/tmp
Number of modified edges: 86
Begin analysis 
Read invariant objects done
ImpactedCPA statistics
----------------------
  Number of invariants partial hits:                            0
  Number of invariants hits:                                    15
  Number of invariants trys:                                    24
  Number of invariants bots:                                    9
  Number of invariants not valid:                               0
  Initial reached size:                                         659
  Input invariants file size:                                   1128
  Max impacted number of variables:                             0
  Number of last version invariants:                            31
  Number of this version invariants:                            0
  CPU time for invariant read:                                      0.250s
  CPU time for invariant write:                                     0.000s
  Time for invariant write:                                         0.000s
  Time for invariant read:                                          0.130s

AutomatonAnalysis (SVCOMP) statistics
-------------------------------------
Number of states:                                  1
Total time for successor computation:                  0.012s
Automaton transfers with branching:                0
Automaton transfer successors:                          601 (count: 601, min: 1, max: 1, avg: 1.00) [1 x 601]

CPA algorithm statistics
------------------------
Number of iterations:            593
Max size of waitlist:            5
Average size of waitlist:        1
Number of computed successors:   601
Max successors for one state:    2
Number of times merged:          0
Number of times stopped:         4
Number of times abs stopped:     23
Number of times nonAbs stopped:  134
Number of coverage check (part): 157
Number of times doAbstraction node:  89
Number of times breaked:         1

Total time for CPA algorithm:         0.094s (Max:     0.094s)
CPU time for CPA algorithm:           1.150s
  Time for choose from waitlist:      0.003s
  Time for precision adjustment:      0.010s
  Time for transfer relation:         0.057s
  Time for merge operator:            0.001s
  Time for stop operator:             0.007s
  Time for adding to reached set:     0.002s

PredicateCPA statistics
-----------------------
Read Precision Time:                0.000s
Precision file size:                1612
Write Precision Time:               0.001s
Number of abstractions:            65 (6% of all post computations)
  Times abstraction was reused:    0
  Because of function entry/exit:  69 (106%)
  Because of loop head:            20 (31%)
  Because of join nodes:           0 (0%)
  Because of threshold:            0 (0%)
  Times precision was empty:       0 (0%)
  Times precision was {false}:     0 (0%)
  Times result was cached:         17 (21%)
  Times cartesian abs was used:    0 (0%)
  Times boolean abs was used:      63 (79%)
  Times result was 'false':        2 (3%)
Number of strengthen sat checks:   0
Number of coverage checks:         157
  BDD entailment checks:           23
Number of SMT sat checks:          676
  trivial:                         501
  cached:                          117

Max ABE block size:                       17
Number of predicates discovered:          4
Number of abstraction locations:          0
Max number of predicates per location:    0
Avg number of predicates per location:    0
Total predicates per abstraction:         189
Max number of predicates per abstraction: 4
Avg number of predicates per abstraction: 3.00
Number of irrelevant predicates:          114 (60%)
Number of preds handled by boolean abs:   75 (40%)
  Total number of models for allsat:      65
  Max number of models for allsat:        2
  Avg number of models for allsat:        1.03

Number of path formula cache hits:   96 (9%)

Time for post operator:                  0.687s
  Time for path formula creation:        0.407s
    Actual computation:                  0.281s
Time for strengthen operator:            0.006s
Time for prec operator:                  0.366s
  Time for abstraction:                  0.230s (Max:     0.018s, Count: 65)
    Boolean abstraction:                 0.133s
    Solving time:                        0.073s (Max:     0.009s)
    Model enumeration time:              0.005s
    Time for BDD construction:           0.005s (Max:     0.001s)
Time for merge operator:                 0.023s
Time for coverage check:                 0.003s
  Time for BDD entailment checks:        0.003s
Total time for SMT solver (w/o itp):     0.267s

Number of BDD nodes:                               218
Size of BDD node table:                            466043
Size of BDD cache:                                 46619
Size of BDD node cleanup queue:                           0 (count: 3239, min: 0, max: 0, avg: 0.00)
Time for BDD node cleanup:                             0.001s
Time for BDD garbage collection:                       0.000s (in 0 runs)

PrecisionBootstrap statistics
-----------------------------
Init. function predicates:                         0
Init. global predicates:                           0
Init. location predicates:                         0

ImpactedCPA statistics
----------------------
  Number of invariants partial hits:                            0
  Number of invariants hits:                                    15
  Number of invariants trys:                                    24
  Number of invariants bots:                                    9
  Number of invariants not valid:                               0
  Initial reached size:                                         659
  Input invariants file size:                                   1128
  Max impacted number of variables:                             0
  Number of last version invariants:                            31
  Number of this version invariants:                            31
  CPU time for invariant read:                                      0.250s
  CPU time for invariant write:                                     0.040s
  Time for invariant write:                                         0.023s
  Time for invariant read:                                          0.130s

AutomatonAnalysis (SVCOMP) statistics
-------------------------------------
Number of states:                                  1
Total time for successor computation:                  0.007s
Automaton transfers with branching:                0
Automaton transfer successors:                         1100 (count: 1100, min: 1, max: 1, avg: 1.00) [1 x 1100]

CPA algorithm statistics
------------------------
Number of iterations:            389
Max size of waitlist:            15
Average size of waitlist:        10
Number of computed successors:   425
Max successors for one state:    2
Number of times merged:          59
Number of times stopped:         82
Number of times abs stopped:     23
Number of times nonAbs stopped:  134
Number of coverage check (part): 157
Number of times doAbstraction node:  89
Number of times breaked:         0

Total time for CPA algorithm:         0.484s (Max:     0.484s)
CPU time for CPA algorithm:           1.150s
  Time for choose from waitlist:      0.000s
  Time for precision adjustment:      0.257s
  Time for transfer relation:         0.171s
  Time for merge operator:            0.024s
  Time for stop operator:             0.008s
  Time for adding to reached set:     0.004s

Predicate-Abstraction Refiner statistics
----------------------------------------
  Predicate creation:                                  0.000s
  Precision update:                                    0.000s
  ARG update:                                          0.000s

Length of refined path (in blocks):                       0 (count: 0, min: 0, max: 0, avg: 0.00)
Number of affected states:                                0 (count: 0, min: 0, max: 0, avg: 0.00)
Length (states) of path with itp 'true':                  0 (count: 0, min: 0, max: 0, avg: 0.00)
Length (states) of path with itp non-trivial itp:         0 (count: 0, min: 0, max: 0, avg: 0.00)
Length (states) of path with itp 'false':                 0 (count: 0, min: 0, max: 0, avg: 0.00)
Different non-trivial interpolants along paths:           0 (count: 0, min: 0, max: 0, avg: 0.00)
Equal non-trivial interpolants along paths:               0 (count: 0, min: 0, max: 0, avg: 0.00)
Different precisions along paths:                         0 (count: 0, min: 0, max: 0, avg: 0.00)
Equal precisions along paths:                             0 (count: 0, min: 0, max: 0, avg: 0.00)
Number of refs with location-based cutoff:                0

CEGAR algorithm statistics
--------------------------
Number of refinements:                0
Refinement times:             0
First time for refinement:             0.484s
Last time for refinement:              0.484s
Average time for analysis:          0.484s
Number of analysis:                1

Code Coverage
-----------------------------
  Visited lines:          2612
  Total lines:            5
  Line coverage:          522.400

CPAchecker general statistics
-----------------------------
Number of program locations:     888
Number of CFA edges:             940
Number of relevant variables:    88
Number of functions:             23
Number of loops:                 5
Size of reached set:             1000
  Number of reached locations:   778 (88%)
    Avg states per location:     1
    Max states per location:     8 (at node N93)
  Number of reached functions:   11 (48%)
  Number of partitions:          994
    Avg size of partitions:      1
    Max size of partitions:      2 (with key [N94 (entry of function register_device in /work/ldvuser/novikov/work/current--X--drivers/mtd/devices/slram.ko--X--defaultlinux--X--08_1a--X--cpachecker/linux/csd_deg_dscv/11/dscv_tempdir/dscv/ri/08_1a/drivers/mtd/devices/slram.c.prepared, lines 167-303), -464087695, Init])
  Number of target states:       0

Time for analysis setup:                   9.126s
  Time for cfa diff:                   6.462s
  Time for loading CPAs:                   0.419s
  Time for impacted traverse:              0.011s
  Time for loading parser:        0.035s
  Time for CFA construction:      1.064s
    Time for parsing file(s):     0.336s
    Time for AST to CFA:          0.349s
    Time for CFA sanity check:    0.000s
    Time for post-processing:     0.235s
      Time for var class.:        0.000s
Time for normal Analysis:                         0.485s
CPU time for analysis:                     2.440s
CPU time for impacted:                     0.610s
CPU time for normal analysis:              0.980s
CPU time for init:                         1.470s

Time for Garbage Collector:       0.150s (in 5 runs)
Garbage Collector(s) used:    PS MarkSweep, PS Scavenge
Used heap memory:                 88MB (    84 MiB) max;     57MB (    54 MiB) avg;    110MB (   105 MiB) peak
Used non-heap memory:             33MB (    31 MiB) max;     24MB (    23 MiB) avg;     35MB (    33 MiB) peak
Used in PS Old Gen pool:          22MB (    21 MiB) max;      5MB (     5 MiB) avg;     24MB (    23 MiB) peak
Allocated heap memory:           255MB (   244 MiB) max;    193MB (   184 MiB) avg
Allocated non-heap memory:        35MB (    34 MiB) max;     25MB (    24 MiB) avg
Total process virtual memory:  13307MB ( 12691 MiB) max;  13288MB ( 12672 MiB) avg

Verification result: TRUE. No property violation found by chosen configuration.
More details about the verification run can be found in the directory "/home/yqs17/blazer/cpachecker-inc-pred/output-us-precise-cfa/08_1a.mtd--devices--slram.ko.set/016.ee0e87b.08_1a.cil_safe.i".
