scripts/cpa.sh -heap 10000M -predicateAnalysis-ABElfb-debug -setprop cpa.impacted.eliminate=true -disable-java-assertions -outputpath /home/yqs17/blazer/cpachecker-inc-pred/output-us-precise-cfa/39_7a.hwmon--it87.ko.set/100.c4458db.39_7a.cil_safe.i -isIncPred -spec /home/yqs17/blazer/cpachecker-inc-pred/LDVErrorLabel.spc -stats -setprop cpa.impacted.pre_invariants.file=/home/yqs17/blazer/cpachecker-inc-pred/output-us-precise-cfa/39_7a.hwmon--it87.ko.set/099.1d9bcf6.39_7a.cil_safe.i/impacted-invariants.txt -setprop analysis.prev.program=/home/yqs17/blazer/cpachecker-inc-pred/programs/drivers--hwmon--it87.ko/099.1d9bcf6.39_7a.cil_safe.i -entryfunction ldv_main0_sequence_infinite_withcheck_stateful /home/yqs17/blazer/cpachecker-inc-pred/programs/drivers--hwmon--it87.ko/100.c4458db.39_7a.cil_safe.i


--------------------------------------------------------------------------------


Running CPAchecker with Java heap of size 10000M.
Running CPAchecker with the following extra VM options:  -Djava.io.tmpdir=/tmp/BenchExec_run_keohftvh/tmp
Number of modified edges: 3
Begin analysis 
Read invariant objects done
ImpactedCPA statistics
----------------------
  Number of invariants partial hits:                            0
  Number of invariants hits:                                    26
  Number of invariants trys:                                    35
  Number of invariants bots:                                    9
  Number of invariants not valid:                               0
  Initial reached size:                                         1177
  Input invariants file size:                                   6072
  Max impacted number of variables:                             0
  Number of last version invariants:                            157
  Number of this version invariants:                            0
  CPU time for invariant read:                                      0.970s
  CPU time for invariant write:                                     0.000s
  Time for invariant write:                                         0.000s
  Time for invariant read:                                          0.502s

AutomatonAnalysis (SVCOMP) statistics
-------------------------------------
Number of states:                                  1
Total time for successor computation:                  0.013s
Automaton transfers with branching:                0
Automaton transfer successors:                         1039 (count: 1039, min: 1, max: 1, avg: 1.00) [1 x 1039]

CPA algorithm statistics
------------------------
Number of iterations:            1023
Max size of waitlist:            12
Average size of waitlist:        1
Number of computed successors:   1039
Max successors for one state:    2
Number of times merged:          0
Number of times stopped:         5
Number of times abs stopped:     135
Number of times nonAbs stopped:  1104
Number of coverage check (part): 1239
Number of times doAbstraction node:  1061
Number of times breaked:         1

Total time for CPA algorithm:         0.118s (Max:     0.118s)
CPU time for CPA algorithm:          16.040s
  Time for choose from waitlist:      0.005s
  Time for precision adjustment:      0.016s
  Time for transfer relation:         0.057s
  Time for merge operator:            0.000s
  Time for stop operator:             0.007s
  Time for adding to reached set:     0.005s

PredicateCPA statistics
-----------------------
Read Precision Time:                0.000s
Precision file size:                0
Write Precision Time:               0.002s
Number of abstractions:            1026 (15% of all post computations)
  Times abstraction was reused:    0
  Because of function entry/exit:  910 (89%)
  Because of loop head:            151 (15%)
  Because of join nodes:           0 (0%)
  Because of threshold:            0 (0%)
  Times precision was empty:       0 (0%)
  Times precision was {false}:     0 (0%)
  Times result was cached:         730 (69%)
  Times cartesian abs was used:    0 (0%)
  Times boolean abs was used:      322 (31%)
  Times result was 'false':        0 (0%)
Number of strengthen sat checks:   0
Number of coverage checks:         1239
  BDD entailment checks:           135
Number of SMT sat checks:          1203
  trivial:                         552
  cached:                          354

Max ABE block size:                       33
Number of predicates discovered:          10
Number of abstraction locations:          0
Max number of predicates per location:    0
Avg number of predicates per location:    0
Total predicates per abstraction:         3212
Max number of predicates per abstraction: 10
Avg number of predicates per abstraction: 9.98
Number of irrelevant predicates:          0 (0%)
Number of preds handled by boolean abs:   3212 (100%)
  Total number of models for allsat:      346
  Max number of models for allsat:        2
  Avg number of models for allsat:        1.07

Number of path formula cache hits:   602 (8%)

Time for post operator:                 15.699s
  Time for path formula creation:        2.411s
    Actual computation:                  2.173s
Time for strengthen operator:            0.027s
Time for prec operator:                  2.372s
  Time for abstraction:                  1.773s (Max:     0.070s, Count: 1026)
    Boolean abstraction:                 0.957s
    Solving time:                        0.599s (Max:     0.215s)
    Model enumeration time:              0.014s
    Time for BDD construction:           0.015s (Max:     0.001s)
Time for merge operator:                 4.180s
Time for coverage check:                 0.000s
  Time for BDD entailment checks:        0.000s
Total time for SMT solver (w/o itp):    13.028s

Number of BDD nodes:                               359
Size of BDD node table:                            466043
Size of BDD cache:                                 46619
Size of BDD node cleanup queue:                         283 (count: 15458, min: 0, max: 168, avg: 0.02)
Time for BDD node cleanup:                             0.002s
Time for BDD garbage collection:                       0.000s (in 0 runs)

PrecisionBootstrap statistics
-----------------------------
Init. function predicates:                         0
Init. global predicates:                           0
Init. location predicates:                         0

ImpactedCPA statistics
----------------------
  Number of invariants partial hits:                            0
  Number of invariants hits:                                    26
  Number of invariants trys:                                    35
  Number of invariants bots:                                    9
  Number of invariants not valid:                               0
  Initial reached size:                                         1177
  Input invariants file size:                                   6072
  Max impacted number of variables:                             0
  Number of last version invariants:                            157
  Number of this version invariants:                            145
  CPU time for invariant read:                                      0.970s
  CPU time for invariant write:                                     0.140s
  Time for invariant write:                                         0.068s
  Time for invariant read:                                          0.502s

AutomatonAnalysis (SVCOMP) statistics
-------------------------------------
Number of states:                                  1
Total time for successor computation:                  0.021s
Automaton transfers with branching:                0
Automaton transfer successors:                         6787 (count: 6787, min: 1, max: 1, avg: 1.00) [1 x 6787]

CPA algorithm statistics
------------------------
Number of iterations:            4963
Max size of waitlist:            29
Average size of waitlist:        15
Number of computed successors:   5591
Max successors for one state:    2
Number of times merged:          541
Number of times stopped:         676
Number of times abs stopped:     135
Number of times nonAbs stopped:  1104
Number of coverage check (part): 1239
Number of times doAbstraction node:  1061
Number of times breaked:         0

Total time for CPA algorithm:         8.484s (Max:     8.484s)
CPU time for CPA algorithm:          16.040s
  Time for choose from waitlist:      0.011s
  Time for precision adjustment:      1.973s
  Time for transfer relation:         2.143s
  Time for merge operator:            4.209s
  Time for stop operator:             0.037s
  Time for adding to reached set:     0.018s

Predicate-Abstraction Refiner statistics
----------------------------------------
  Predicate creation:                                  0.000s
  Precision update:                                    0.000s
  ARG update:                                          0.000s

Length of refined path (in blocks):                       0 (count: 0, min: 0, max: 0, avg: 0.00)
Number of affected states:                                0 (count: 0, min: 0, max: 0, avg: 0.00)
Length (states) of path with itp 'true':                  0 (count: 0, min: 0, max: 0, avg: 0.00)
Length (states) of path with itp non-trivial itp:         0 (count: 0, min: 0, max: 0, avg: 0.00)
Length (states) of path with itp 'false':                 0 (count: 0, min: 0, max: 0, avg: 0.00)
Different non-trivial interpolants along paths:           0 (count: 0, min: 0, max: 0, avg: 0.00)
Equal non-trivial interpolants along paths:               0 (count: 0, min: 0, max: 0, avg: 0.00)
Different precisions along paths:                         0 (count: 0, min: 0, max: 0, avg: 0.00)
Equal precisions along paths:                             0 (count: 0, min: 0, max: 0, avg: 0.00)
Number of refs with location-based cutoff:                0

CEGAR algorithm statistics
--------------------------
Number of refinements:                0
Refinement times:             0
First time for refinement:             8.484s
Last time for refinement:              8.484s
Average time for analysis:          8.484s
Number of analysis:                1

Code Coverage
-----------------------------
  Visited lines:          3745
  Total lines:            12
  Line coverage:          312.083

CPAchecker general statistics
-----------------------------
Number of program locations:     3822
Number of CFA edges:             4555
Number of relevant variables:    723
Number of functions:             132
Number of loops:                 25
Size of reached set:             6092
  Number of reached locations:   2096 (55%)
    Avg states per location:     2
    Max states per location:     102 (at node N27)
  Number of reached functions:   34 (26%)
  Number of partitions:          5953
    Avg size of partitions:      1
    Max size of partitions:      9 (with key [N1651 (entry of function it87_remove_files in /work/ldvuser/novikov/work/current--X--drivers/hwmon/it87.ko--X--defaultlinux--X--39_7a--X--cpachecker/linux/csd_deg_dscv/12/dscv_tempdir/dscv/ri/39_7a/drivers/hwmon/it87.c.prepared, lines 1956-2141), 548264969, Init])
  Number of target states:       0

Time for analysis setup:                  23.091s
  Time for cfa diff:                   5.534s
  Time for loading CPAs:                   0.433s
  Time for impacted traverse:              0.014s
  Time for loading parser:        0.024s
  Time for CFA construction:      1.996s
    Time for parsing file(s):     0.466s
    Time for AST to CFA:          0.695s
    Time for CFA sanity check:    0.000s
    Time for post-processing:     0.631s
      Time for var class.:        0.000s
Time for normal Analysis:                         8.484s
CPU time for analysis:                    42.240s
CPU time for impacted:                     0.660s
CPU time for normal analysis:             15.820s
CPU time for init:                        26.430s

Time for Garbage Collector:       0.466s (in 20 runs)
Garbage Collector(s) used:    PS MarkSweep, PS Scavenge
Used heap memory:               1794MB (  1711 MiB) max;    449MB (   429 MiB) avg;   1806MB (  1722 MiB) peak
Used non-heap memory:             41MB (    39 MiB) max;     34MB (    32 MiB) avg;     42MB (    40 MiB) peak
Used in PS Old Gen pool:          37MB (    35 MiB) max;     28MB (    27 MiB) avg;     42MB (    40 MiB) peak
Allocated heap memory:          1879MB (  1792 MiB) max;    976MB (   931 MiB) avg
Allocated non-heap memory:        43MB (    41 MiB) max;     36MB (    35 MiB) avg
Total process virtual memory:  13307MB ( 12691 MiB) max;  13298MB ( 12682 MiB) avg

Verification result: TRUE. No property violation found by chosen configuration.
More details about the verification run can be found in the directory "/home/yqs17/blazer/cpachecker-inc-pred/output-us-precise-cfa/39_7a.hwmon--it87.ko.set/100.c4458db.39_7a.cil_safe.i".
