scripts/cpa.sh -heap 10000M -predicateAnalysis-ABElfb-debug -setprop cpa.impacted.eliminate=true -disable-java-assertions -outputpath /home/yqs17/blazer/cpachecker-inc-pred/output-us-precise-cfa/08_1a.media--video--videobuf-vmalloc.ko.set/012.0705135.08_1a.cil_safe.i -isIncPred -spec /home/yqs17/blazer/cpachecker-inc-pred/LDVErrorLabel.spc -stats -setprop cpa.impacted.pre_invariants.file=/home/yqs17/blazer/cpachecker-inc-pred/output-us-precise-cfa/08_1a.media--video--videobuf-vmalloc.ko.set/011.ff699e6.08_1a.cil_safe.i/impacted-invariants.txt -setprop analysis.prev.program=/home/yqs17/blazer/cpachecker-inc-pred/programs/drivers--media--video--videobuf-vmalloc.ko/011.ff699e6.08_1a.cil_safe.i -entryfunction ldv_main0_sequence_infinite_withcheck_stateful /home/yqs17/blazer/cpachecker-inc-pred/programs/drivers--media--video--videobuf-vmalloc.ko/012.0705135.08_1a.cil_safe.i


--------------------------------------------------------------------------------


Running CPAchecker with Java heap of size 10000M.
Running CPAchecker with the following extra VM options:  -Djava.io.tmpdir=/tmp/BenchExec_run_7dkclal0/tmp
Number of modified edges: 0
Begin analysis 
Read invariant objects done
PredicateCPA statistics
-----------------------
Read Precision Time:                0.000s
Precision file size:                1060
Write Precision Time:               0.003s
Number of abstractions:            55 (5% of all post computations)
  Times abstraction was reused:    0
  Because of function entry/exit:  72 (131%)
  Because of loop head:            26 (47%)
  Because of join nodes:           0 (0%)
  Because of threshold:            0 (0%)
  Times precision was empty:       0 (0%)
  Times precision was {false}:     0 (0%)
  Times result was cached:         19 (23%)
  Times cartesian abs was used:    0 (0%)
  Times boolean abs was used:      62 (77%)
  Times result was 'false':        0 (0%)
Number of strengthen sat checks:   0
Number of coverage checks:         419
  BDD entailment checks:           27
Number of SMT sat checks:          771
  trivial:                         422
  cached:                          222

Max ABE block size:                       22
Number of predicates discovered:          1
Number of abstraction locations:          0
Max number of predicates per location:    0
Avg number of predicates per location:    0
Total predicates per abstraction:         62
Max number of predicates per abstraction: 1
Avg number of predicates per abstraction: 1.00
Number of irrelevant predicates:          0 (0%)
Number of preds handled by boolean abs:   62 (100%)
  Total number of models for allsat:      62
  Max number of models for allsat:        1
  Avg number of models for allsat:        1.00

Number of path formula cache hits:   281 (22%)

Time for post operator:                  0.728s
  Time for path formula creation:        0.245s
    Actual computation:                  0.229s
Time for strengthen operator:            0.008s
Time for prec operator:                  0.264s
  Time for abstraction:                  0.099s (Max:     0.009s, Count: 55)
    Boolean abstraction:                 0.092s
    Solving time:                        0.045s (Max:     0.006s)
    Model enumeration time:              0.002s
    Time for BDD construction:           0.016s (Max:     0.007s)
Time for merge operator:                 0.047s
Time for coverage check:                 0.000s
  Time for BDD entailment checks:        0.000s
Total time for SMT solver (w/o itp):     0.428s

Number of BDD nodes:                               202
Size of BDD node table:                            466043
Size of BDD cache:                                 46619
Size of BDD node cleanup queue:                           0 (count: 3558, min: 0, max: 0, avg: 0.00)
Time for BDD node cleanup:                             0.001s
Time for BDD garbage collection:                       0.000s (in 0 runs)

PrecisionBootstrap statistics
-----------------------------
Init. function predicates:                         0
Init. global predicates:                           0
Init. location predicates:                         0

ImpactedCPA statistics
----------------------
  Number of invariants partial hits:                            0
  Number of invariants hits:                                    26
  Number of invariants trys:                                    43
  Number of invariants bots:                                    17
  Number of invariants not valid:                               0
  Initial reached size:                                         739
  Input invariants file size:                                   1012
  Max impacted number of variables:                             0
  Number of last version invariants:                            38
  Number of this version invariants:                            38
  CPU time for invariant read:                                      0.240s
  CPU time for invariant write:                                     0.040s
  Time for invariant write:                                         0.022s
  Time for invariant read:                                          0.121s

AutomatonAnalysis (SVCOMP) statistics
-------------------------------------
Number of states:                                  1
Total time for successor computation:                  0.020s
Automaton transfers with branching:                0
Automaton transfer successors:                         1196 (count: 1196, min: 1, max: 1, avg: 1.00) [1 x 1196]

CPA algorithm statistics
------------------------
Number of iterations:            387
Max size of waitlist:            34
Average size of waitlist:        21
Number of computed successors:   426
Max successors for one state:    2
Number of times merged:          181
Number of times stopped:         208
Number of times abs stopped:     27
Number of times nonAbs stopped:  392
Number of coverage check (part): 419
Number of times doAbstraction node:  98
Number of times breaked:         0

Total time for CPA algorithm:         0.321s (Max:     0.321s)
CPU time for CPA algorithm:           0.650s
  Time for choose from waitlist:      0.001s
  Time for precision adjustment:      0.124s
  Time for transfer relation:         0.109s
  Time for merge operator:            0.058s
  Time for stop operator:             0.009s
  Time for adding to reached set:     0.000s

Predicate-Abstraction Refiner statistics
----------------------------------------
  Predicate creation:                                  0.000s
  Precision update:                                    0.000s
  ARG update:                                          0.000s

Length of refined path (in blocks):                       0 (count: 0, min: 0, max: 0, avg: 0.00)
Number of affected states:                                0 (count: 0, min: 0, max: 0, avg: 0.00)
Length (states) of path with itp 'true':                  0 (count: 0, min: 0, max: 0, avg: 0.00)
Length (states) of path with itp non-trivial itp:         0 (count: 0, min: 0, max: 0, avg: 0.00)
Length (states) of path with itp 'false':                 0 (count: 0, min: 0, max: 0, avg: 0.00)
Different non-trivial interpolants along paths:           0 (count: 0, min: 0, max: 0, avg: 0.00)
Equal non-trivial interpolants along paths:               0 (count: 0, min: 0, max: 0, avg: 0.00)
Different precisions along paths:                         0 (count: 0, min: 0, max: 0, avg: 0.00)
Equal precisions along paths:                             0 (count: 0, min: 0, max: 0, avg: 0.00)
Number of refs with location-based cutoff:                0

CEGAR algorithm statistics
--------------------------
Number of refinements:                0
Refinement times:             0
First time for refinement:             0.323s
Last time for refinement:              0.323s
Average time for analysis:          0.323s
Number of analysis:                1

Code Coverage
-----------------------------
  Visited lines:          2465
  Total lines:            10
  Line coverage:          246.500

CPAchecker general statistics
-----------------------------
Number of program locations:     991
Number of CFA edges:             1087
Number of relevant variables:    129
Number of functions:             23
Number of loops:                 4
Size of reached set:             957
  Number of reached locations:   851 (86%)
    Avg states per location:     1
    Max states per location:     10 (at node N532)
  Number of reached functions:   14 (61%)
  Number of partitions:          957
    Avg size of partitions:      1
    Max size of partitions:      1
  Number of target states:       0

Time for analysis setup:                   5.177s
  Time for cfa diff:                   2.443s
  Time for loading CPAs:                   0.407s
  Time for impacted traverse:              0.005s
  Time for loading parser:        0.031s
  Time for CFA construction:      1.033s
    Time for parsing file(s):     0.370s
    Time for AST to CFA:          0.345s
    Time for CFA sanity check:    0.000s
    Time for post-processing:     0.204s
      Time for var class.:        0.000s
Time for normal Analysis:                         0.323s
CPU time for analysis:                     2.490s
CPU time for impacted:                     0.000s
CPU time for normal analysis:              0.650s
CPU time for init:                         1.840s

Time for Garbage Collector:       0.128s (in 5 runs)
Garbage Collector(s) used:    PS MarkSweep, PS Scavenge
Used heap memory:                 85MB (    81 MiB) max;     48MB (    46 MiB) avg;    111MB (   105 MiB) peak
Used non-heap memory:             32MB (    30 MiB) max;     24MB (    23 MiB) avg;     33MB (    32 MiB) peak
Used in PS Old Gen pool:          17MB (    16 MiB) max;      7MB (     6 MiB) avg;     22MB (    21 MiB) peak
Allocated heap memory:           251MB (   239 MiB) max;    194MB (   185 MiB) avg
Allocated non-heap memory:        34MB (    33 MiB) max;     26MB (    24 MiB) avg
Total process virtual memory:  13307MB ( 12691 MiB) max;  13281MB ( 12665 MiB) avg

Verification result: TRUE. No property violation found by chosen configuration.
More details about the verification run can be found in the directory "/home/yqs17/blazer/cpachecker-inc-pred/output-us-precise-cfa/08_1a.media--video--videobuf-vmalloc.ko.set/012.0705135.08_1a.cil_safe.i".
