scripts/cpa.sh -heap 10000M -predicateAnalysis-ABElfb-debug -setprop cpa.impacted.eliminate=true -disable-java-assertions -outputpath /home/yqs17/blazer/cpachecker-inc-pred/output-us-precise-cfa/39_7a.net--usb--catc.ko.set/003.4dc8994.39_7a.cil_safe.i -isIncPred -spec /home/yqs17/blazer/cpachecker-inc-pred/LDVErrorLabel.spc -stats -setprop cpa.impacted.pre_invariants.file=/home/yqs17/blazer/cpachecker-inc-pred/output-us-precise-cfa/39_7a.net--usb--catc.ko.set/002.4ec7ffa.39_7a.cil_safe.i/impacted-invariants.txt -setprop analysis.prev.program=/home/yqs17/blazer/cpachecker-inc-pred/programs/drivers--net--usb--catc.ko/002.4ec7ffa.39_7a.cil_safe.i -entryfunction ldv_main0_sequence_infinite_withcheck_stateful /home/yqs17/blazer/cpachecker-inc-pred/programs/drivers--net--usb--catc.ko/003.4dc8994.39_7a.cil_safe.i


--------------------------------------------------------------------------------


Running CPAchecker with Java heap of size 10000M.
Running CPAchecker with the following extra VM options:  -Djava.io.tmpdir=/tmp/BenchExec_run_p8cf14tj/tmp
Number of modified edges: 171
Begin analysis 
Read invariant objects done
ImpactedCPA statistics
----------------------
  Number of invariants partial hits:                            0
  Number of invariants hits:                                    2
  Number of invariants trys:                                    2
  Number of invariants bots:                                    1
  Number of invariants not valid:                               1
  Initial reached size:                                         824
  Input invariants file size:                                   4106
  Max impacted number of variables:                             3
  Number of last version invariants:                            111
  Number of this version invariants:                            0
  CPU time for invariant read:                                      0.740s
  CPU time for invariant write:                                     0.000s
  Time for invariant write:                                         0.000s
  Time for invariant read:                                          0.383s

AutomatonAnalysis (SVCOMP) statistics
-------------------------------------
Number of states:                                  1
Total time for successor computation:                  0.014s
Automaton transfers with branching:                0
Automaton transfer successors:                         2604 (count: 2604, min: 1, max: 1, avg: 1.00) [1 x 2604]

CPA algorithm statistics
------------------------
Number of iterations:            2586
Max size of waitlist:            5
Average size of waitlist:        1
Number of computed successors:   2604
Max successors for one state:    2
Number of times merged:          0
Number of times stopped:         6
Number of times abs stopped:     3113
Number of times nonAbs stopped:  13264
Number of coverage check (part): 20170
Number of times doAbstraction node:  24928
Number of times breaked:         3

Total time for CPA algorithm:         0.202s (Max:     0.095s)
CPU time for CPA algorithm:          48.540s
  Time for choose from waitlist:      0.006s
  Time for precision adjustment:      0.020s
  Time for transfer relation:         0.103s
  Time for merge operator:            0.000s
  Time for stop operator:             0.009s
  Time for adding to reached set:     0.010s

PredicateCPA statistics
-----------------------
Read Precision Time:                0.000s
Precision file size:                0
Write Precision Time:               0.002s
Number of abstractions:            24926 (17% of all post computations)
  Times abstraction was reused:    0
  Because of function entry/exit:  23402 (94%)
  Because of loop head:            1526 (6%)
  Because of join nodes:           0 (0%)
  Because of threshold:            0 (0%)
  Times precision was empty:       0 (0%)
  Times precision was {false}:     0 (0%)
  Times result was cached:         20939 (84%)
  Times cartesian abs was used:    0 (0%)
  Times boolean abs was used:      3989 (16%)
  Times result was 'false':        2240 (9%)
Number of strengthen sat checks:   33
  Times result was 'false':        0 (0%)
Number of coverage checks:         20170
  BDD entailment checks:           6906
Number of SMT sat checks:          857
  trivial:                         636
  cached:                          188

Max ABE block size:                       26
Number of predicates discovered:          24
Number of abstraction locations:          0
Max number of predicates per location:    0
Avg number of predicates per location:    0
Total predicates per abstraction:         53715
Max number of predicates per abstraction: 16
Avg number of predicates per abstraction: 13.47
Number of irrelevant predicates:          10757 (20%)
Number of preds handled by boolean abs:   42958 (80%)
  Total number of models for allsat:      3951
  Max number of models for allsat:        3
  Avg number of models for allsat:        0.99

Number of path formula cache hits:   150189 (88%)

Time for post operator:                 10.662s
  Time for path formula creation:        1.935s
    Actual computation:                  1.347s
Time for strengthen operator:            0.114s
  Time for satisfiability checks:        0.000s
Time for prec operator:                 12.735s
  Time for abstraction:                 11.895s (Max:     0.030s, Count: 24926)
    Boolean abstraction:                 3.208s
    Solving time:                        0.475s (Max:     0.009s)
    Model enumeration time:              0.057s
    Time for BDD construction:           0.056s (Max:     0.001s)
Time for merge operator:                 0.149s
Time for coverage check:                 0.019s
  Time for BDD entailment checks:        0.014s
Total time for SMT solver (w/o itp):     0.674s

Number of BDD nodes:                               4558
Size of BDD node table:                            466043
Size of BDD cache:                                 46619
Size of BDD node cleanup queue:                        8852 (count: 35070, min: 0, max: 2097, avg: 0.25)
Time for BDD node cleanup:                             0.008s
Time for BDD garbage collection:                       0.000s (in 0 runs)

PrecisionBootstrap statistics
-----------------------------
Init. function predicates:                         0
Init. global predicates:                           0
Init. location predicates:                         0

ImpactedCPA statistics
----------------------
  Number of invariants partial hits:                            0
  Number of invariants hits:                                    2
  Number of invariants trys:                                    2
  Number of invariants bots:                                    1
  Number of invariants not valid:                               1
  Initial reached size:                                         824
  Input invariants file size:                                   4106
  Max impacted number of variables:                             3
  Number of last version invariants:                            111
  Number of this version invariants:                            91
  CPU time for invariant read:                                      0.740s
  CPU time for invariant write:                                     0.090s
  Time for invariant write:                                         0.045s
  Time for invariant read:                                          0.383s

AutomatonAnalysis (SVCOMP) statistics
-------------------------------------
Number of states:                                  1
Total time for successor computation:                  0.082s
Automaton transfers with branching:                0
Automaton transfer successors:                       145009 (count: 145009, min: 1, max: 1, avg: 1.00) [1 x 145009]

CPA algorithm statistics
------------------------
Number of iterations:            132174
Max size of waitlist:            30
Average size of waitlist:        16
Number of computed successors:   144185
Max successors for one state:    2
Number of times merged:          6632
Number of times stopped:         9745
Number of times abs stopped:     3113
Number of times nonAbs stopped:  13264
Number of coverage check (part): 20170
Number of times doAbstraction node:  24928
Number of times breaked:         33

Total time for CPA algorithm:        26.264s (Max:     1.503s)
CPU time for CPA algorithm:          48.540s
  Time for choose from waitlist:      0.098s
  Time for precision adjustment:     12.941s
  Time for transfer relation:        11.616s
  Time for merge operator:            0.316s
  Time for stop operator:             0.218s
  Time for adding to reached set:     0.296s

Predicate-Abstraction Refiner statistics
----------------------------------------
Avg. length of target path (in blocks):                1399 (count: 33, min: 12, max: 104, avg: 42.39)
Number of infeasible sliced prefixes:                     0 (count: 0, min: 0, max: 0, avg: 0.00)

Time for refinement:                                   2.166s
  Counterexample analysis:                1.719s (Max:     0.213s, Calls: 33)
    Refinement sat check:                 0.194s
    Interpolant computation:              0.000s
  Error path post-processing:                          0.000s
  Path-formulas extraction:                            0.003s
  Building the counterexample trace:                   1.719s
  Extracting precise counterexample:                   0.000s
  Extracting infeasible sliced prefixes:               0.000s
  Selecting infeasible sliced prefixes:                0.000s
  Predicate creation:                                  0.005s
  Precision update:                                    0.010s
  ARG update:                                          0.382s

Length of refined path (in blocks):                    1236 (count: 33, min: 10, max: 101, avg: 37.45)
Number of affected states:                              954 (count: 33, min: 1, max: 99, avg: 28.91)
Length (states) of path with itp 'true':                249 (count: 33, min: 1, max: 50, avg: 7.55)
Length (states) of path with itp non-trivial itp:       954 (count: 33, min: 1, max: 99, avg: 28.91)
Length (states) of path with itp 'false':                33 (count: 33, min: 1, max: 1, avg: 1.00)
Different non-trivial interpolants along paths:           0 (count: 33, min: 0, max: 0, avg: 0.00)
Equal non-trivial interpolants along paths:             921 (count: 33, min: 0, max: 98, avg: 27.91)
Different precisions along paths:                         0 (count: 0, min: 0, max: 0, avg: 0.00)
Equal precisions along paths:                             0 (count: 0, min: 0, max: 0, avg: 0.00)
Number of refs with location-based cutoff:                0

CEGAR algorithm statistics
--------------------------
Number of refinements:                33
Number of successful refinements:     33
Number of failed refinements:         0
Max. size of reached set before ref.: 7687
Max. size of reached set after ref.:  5568
Avg. size of reached set before ref.: 5357.30
Avg. size of reached set after ref.:  1422.33

Total time for CEGAR algorithm:      28.490s
CPU time for CEGAR algorithm:        52.520s
Time for refinements:                 2.225s
CPU time for refinements:             4.350s
Average time for refinement:          0.067s
Max time for refinement:              0.240s
First time for refinement:             0.772s
Last time for refinement:              0.276s
Average time for analysis:          0.772s
Number of analysis:                34

Code Coverage
-----------------------------
  Visited lines:          3566
  Total lines:            32
  Line coverage:          111.438

CPAchecker general statistics
-----------------------------
Number of program locations:     2929
Number of CFA edges:             3378
Number of relevant variables:    368
Number of functions:             185
Number of loops:                 7
Size of reached set:             3170
  Number of reached locations:   1371 (47%)
    Avg states per location:     2
    Max states per location:     49 (at node N211)
  Number of reached functions:   30 (16%)
  Number of partitions:          3099
    Avg size of partitions:      1
    Max size of partitions:      6 (with key [N697 (before /work/ldvuser/novikov/work/current--X--drivers/net/usb/catc.ko--X--defaultlinux--X--39_7a--X--cpachecker/linux/csd_deg_dscv/11/dscv_tempdir/dscv/ri/39_7a/drivers/net/usb/catc.c.prepared, line 710), 1395578890, Init])
  Number of target states:       0

Time for analysis setup:                  11.494s
  Time for cfa diff:                   8.500s
  Time for loading CPAs:                   0.360s
  Time for impacted traverse:              0.025s
  Time for loading parser:        0.033s
  Time for CFA construction:      1.411s
    Time for parsing file(s):     0.403s
    Time for AST to CFA:          0.533s
    Time for CFA sanity check:    0.000s
    Time for post-processing:     0.321s
      Time for var class.:        0.000s
Time for normal Analysis:                        28.490s
CPU time for analysis:                    53.400s
CPU time for impacted:                     0.820s
CPU time for normal analysis:             52.520s
CPU time for init:                         0.880s

Time for Garbage Collector:       0.465s (in 22 runs)
Garbage Collector(s) used:    PS MarkSweep, PS Scavenge
Used heap memory:               2893MB (  2759 MiB) max;    596MB (   568 MiB) avg;   2901MB (  2766 MiB) peak
Used non-heap memory:             45MB (    43 MiB) max;     37MB (    36 MiB) avg;     46MB (    44 MiB) peak
Used in PS Old Gen pool:          39MB (    37 MiB) max;     27MB (    26 MiB) avg;     39MB (    37 MiB) peak
Allocated heap memory:          2980MB (  2842 MiB) max;   1199MB (  1143 MiB) avg
Allocated non-heap memory:        47MB (    45 MiB) max;     40MB (    38 MiB) avg
Total process virtual memory:  13307MB ( 12691 MiB) max;  13302MB ( 12685 MiB) avg

Verification result: TRUE. No property violation found by chosen configuration.
More details about the verification run can be found in the directory "/home/yqs17/blazer/cpachecker-inc-pred/output-us-precise-cfa/39_7a.net--usb--catc.ko.set/003.4dc8994.39_7a.cil_safe.i".
