scripts/cpa.sh -heap 10000M -predicateAnalysis-ABElfb-debug -setprop cpa.impacted.eliminate=true -disable-java-assertions -outputpath /home/yqs17/blazer/cpachecker-inc-pred/output-us-precise-cfa/43_1a.usb--serial--mos7840.ko.set/018.11e1abb.43_1a.cil_safe.i -isIncPred -spec /home/yqs17/blazer/cpachecker-inc-pred/LDVErrorLabel.spc -stats -setprop cpa.impacted.pre_invariants.file=/home/yqs17/blazer/cpachecker-inc-pred/output-us-precise-cfa/43_1a.usb--serial--mos7840.ko.set/017.dc0d5c1.43_1a.cil_safe.i/impacted-invariants.txt -setprop analysis.prev.program=/home/yqs17/blazer/cpachecker-inc-pred/programs/drivers--usb--serial--mos7840.ko/017.dc0d5c1.43_1a.cil_safe.i -entryfunction ldv_main0_sequence_infinite_withcheck_stateful /home/yqs17/blazer/cpachecker-inc-pred/programs/drivers--usb--serial--mos7840.ko/018.11e1abb.43_1a.cil_safe.i


--------------------------------------------------------------------------------


Running CPAchecker with Java heap of size 10000M.
Running CPAchecker with the following extra VM options:  -Djava.io.tmpdir=/tmp/BenchExec_run_nhd26qln/tmp
Number of modified edges: 70
Begin analysis 
Read invariant objects done
ImpactedCPA statistics
----------------------
  Number of invariants partial hits:                            0
  Number of invariants hits:                                    55
  Number of invariants trys:                                    88
  Number of invariants bots:                                    33
  Number of invariants not valid:                               0
  Initial reached size:                                         1349
  Input invariants file size:                                   2321
  Max impacted number of variables:                             0
  Number of last version invariants:                            282
  Number of this version invariants:                            0
  CPU time for invariant read:                                      0.600s
  CPU time for invariant write:                                     0.000s
  Time for invariant write:                                         0.000s
  Time for invariant read:                                          0.327s

AutomatonAnalysis (SVCOMP) statistics
-------------------------------------
Number of states:                                  1
Total time for successor computation:                  0.019s
Automaton transfers with branching:                0
Automaton transfer successors:                         2085 (count: 2085, min: 1, max: 1, avg: 1.00) [1 x 2085]

CPA algorithm statistics
------------------------
Number of iterations:            1883
Max size of waitlist:            45
Average size of waitlist:        19
Number of computed successors:   2085
Max successors for one state:    2
Number of times merged:          0
Number of times stopped:         173
Number of times abs stopped:     173
Number of times nonAbs stopped:  2454
Number of coverage check (part): 2627
Number of times doAbstraction node:  950
Number of times breaked:         1

Total time for CPA algorithm:         0.204s (Max:     0.204s)
CPU time for CPA algorithm:           6.340s
  Time for choose from waitlist:      0.009s
  Time for precision adjustment:      0.020s
  Time for transfer relation:         0.099s
  Time for merge operator:            0.003s
  Time for stop operator:             0.013s
  Time for adding to reached set:     0.008s

PredicateCPA statistics
-----------------------
Read Precision Time:                0.000s
Precision file size:                10504
Write Precision Time:               0.003s
Number of abstractions:            862 (10% of all post computations)
  Times abstraction was reused:    0
  Because of function entry/exit:  879 (102%)
  Because of loop head:            71 (8%)
  Because of join nodes:           0 (0%)
  Because of threshold:            0 (0%)
  Times precision was empty:       0 (0%)
  Times precision was {false}:     0 (0%)
  Times result was cached:         204 (22%)
  Times cartesian abs was used:    0 (0%)
  Times boolean abs was used:      713 (78%)
  Times result was 'false':        20 (2%)
Number of strengthen sat checks:   0
Number of coverage checks:         2627
  BDD entailment checks:           173
Number of SMT sat checks:          1447
  trivial:                         508
  cached:                          596

Max ABE block size:                       39
Number of predicates discovered:          6
Number of abstraction locations:          0
Max number of predicates per location:    0
Avg number of predicates per location:    0
Total predicates per abstraction:         3353
Max number of predicates per abstraction: 6
Avg number of predicates per abstraction: 4.70
Number of irrelevant predicates:          2328 (69%)
Number of preds handled by boolean abs:   1025 (31%)
  Total number of models for allsat:      724
  Max number of models for allsat:        2
  Avg number of models for allsat:        1.02

Number of path formula cache hits:   716 (8%)

Time for post operator:                  2.390s
  Time for path formula creation:        1.309s
    Actual computation:                  1.235s
Time for strengthen operator:            0.019s
Time for prec operator:                  1.296s
  Time for abstraction:                  0.967s (Max:     0.041s, Count: 862)
    Boolean abstraction:                 0.376s
    Solving time:                        0.184s (Max:     0.007s)
    Model enumeration time:              0.021s
    Time for BDD construction:           0.016s (Max:     0.002s)
Time for merge operator:                 0.338s
Time for coverage check:                 0.004s
  Time for BDD entailment checks:        0.002s
Total time for SMT solver (w/o itp):     0.850s

Number of BDD nodes:                               213
Size of BDD node table:                            466043
Size of BDD cache:                                 46619
Size of BDD node cleanup queue:                         796 (count: 16696, min: 0, max: 344, avg: 0.05)
Time for BDD node cleanup:                             0.003s
Time for BDD garbage collection:                       0.000s (in 0 runs)

PrecisionBootstrap statistics
-----------------------------
Init. function predicates:                         0
Init. global predicates:                           0
Init. location predicates:                         0

ImpactedCPA statistics
----------------------
  Number of invariants partial hits:                            0
  Number of invariants hits:                                    55
  Number of invariants trys:                                    88
  Number of invariants bots:                                    33
  Number of invariants not valid:                               0
  Initial reached size:                                         1349
  Input invariants file size:                                   2321
  Max impacted number of variables:                             0
  Number of last version invariants:                            282
  Number of this version invariants:                            282
  CPU time for invariant read:                                      0.600s
  CPU time for invariant write:                                     0.090s
  Time for invariant write:                                         0.047s
  Time for invariant read:                                          0.327s

AutomatonAnalysis (SVCOMP) statistics
-------------------------------------
Number of states:                                  1
Total time for successor computation:                  0.044s
Automaton transfers with branching:                0
Automaton transfer successors:                         8735 (count: 8735, min: 1, max: 1, avg: 1.00) [1 x 8735]

CPA algorithm statistics
------------------------
Number of iterations:            6404
Max size of waitlist:            117
Average size of waitlist:        82
Number of computed successors:   7294
Max successors for one state:    2
Number of times merged:          1167
Number of times stopped:         1340
Number of times abs stopped:     173
Number of times nonAbs stopped:  2454
Number of coverage check (part): 2627
Number of times doAbstraction node:  950
Number of times breaked:         0

Total time for CPA algorithm:         3.024s (Max:     3.024s)
CPU time for CPA algorithm:           6.340s
  Time for choose from waitlist:      0.029s
  Time for precision adjustment:      1.097s
  Time for transfer relation:         1.324s
  Time for merge operator:            0.364s
  Time for stop operator:             0.039s
  Time for adding to reached set:     0.038s

Predicate-Abstraction Refiner statistics
----------------------------------------
  Predicate creation:                                  0.000s
  Precision update:                                    0.000s
  ARG update:                                          0.000s

Length of refined path (in blocks):                       0 (count: 0, min: 0, max: 0, avg: 0.00)
Number of affected states:                                0 (count: 0, min: 0, max: 0, avg: 0.00)
Length (states) of path with itp 'true':                  0 (count: 0, min: 0, max: 0, avg: 0.00)
Length (states) of path with itp non-trivial itp:         0 (count: 0, min: 0, max: 0, avg: 0.00)
Length (states) of path with itp 'false':                 0 (count: 0, min: 0, max: 0, avg: 0.00)
Different non-trivial interpolants along paths:           0 (count: 0, min: 0, max: 0, avg: 0.00)
Equal non-trivial interpolants along paths:               0 (count: 0, min: 0, max: 0, avg: 0.00)
Different precisions along paths:                         0 (count: 0, min: 0, max: 0, avg: 0.00)
Equal precisions along paths:                             0 (count: 0, min: 0, max: 0, avg: 0.00)
Number of refs with location-based cutoff:                0

CEGAR algorithm statistics
--------------------------
Number of refinements:                0
Refinement times:             0
First time for refinement:             3.024s
Last time for refinement:              3.024s
Average time for analysis:          3.024s
Number of analysis:                1

Code Coverage
-----------------------------
  Visited lines:          4844
  Total lines:            10
  Line coverage:          484.400

CPAchecker general statistics
-----------------------------
Number of program locations:     3726
Number of CFA edges:             4579
Number of relevant variables:    587
Number of functions:             83
Number of loops:                 16
Size of reached set:             7283
  Number of reached locations:   3476 (93%)
    Avg states per location:     2
    Max states per location:     74 (at node N111)
  Number of reached functions:   71 (86%)
  Number of partitions:          7268
    Avg size of partitions:      1
    Max size of partitions:      2 (with key [N3388 (entry of function ldv_usb_alloc_urb_20 in /work/ldvuser/novikov/work/current--X--drivers/usb/serial/mos7840.ko--X--defaultlinux--X--43_1a--X--cpachecker/linux/csd_deg_dscv/11/dscv_tempdir/dscv/ri/43_1a/drivers/usb/serial/mos7840.c.prepared, lines 7198-7210), -673672254, Init])
  Number of target states:       0

Time for analysis setup:                  15.328s
  Time for cfa diff:                  10.441s
  Time for loading CPAs:                   0.450s
  Time for impacted traverse:              0.016s
  Time for loading parser:        0.031s
  Time for CFA construction:      1.890s
    Time for parsing file(s):     0.520s
    Time for AST to CFA:          0.712s
    Time for CFA sanity check:    0.000s
    Time for post-processing:     0.445s
      Time for var class.:        0.000s
Time for normal Analysis:                         3.024s
CPU time for analysis:                     9.440s
CPU time for impacted:                     0.910s
CPU time for normal analysis:              5.950s
CPU time for init:                         3.490s

Time for Garbage Collector:       0.336s (in 9 runs)
Garbage Collector(s) used:    PS MarkSweep, PS Scavenge
Used heap memory:                320MB (   306 MiB) max;     87MB (    83 MiB) avg;    360MB (   343 MiB) peak
Used non-heap memory:             38MB (    36 MiB) max;     29MB (    27 MiB) avg;     39MB (    37 MiB) peak
Used in PS Old Gen pool:          25MB (    24 MiB) max;     21MB (    20 MiB) avg;     42MB (    40 MiB) peak
Allocated heap memory:           587MB (   560 MiB) max;    275MB (   262 MiB) avg
Allocated non-heap memory:        39MB (    38 MiB) max;     30MB (    29 MiB) avg
Total process virtual memory:  13307MB ( 12691 MiB) max;  13291MB ( 12675 MiB) avg

Verification result: TRUE. No property violation found by chosen configuration.
More details about the verification run can be found in the directory "/home/yqs17/blazer/cpachecker-inc-pred/output-us-precise-cfa/43_1a.usb--serial--mos7840.ko.set/018.11e1abb.43_1a.cil_safe.i".
