scripts/cpa.sh -heap 10000M -predicateAnalysis-ABElfb-debug -setprop cpa.impacted.eliminate=true -disable-java-assertions -outputpath /home/yqs17/blazer/cpachecker-inc-pred/output-us-precise-cfa/08_1a.mtd--devices--slram.ko.set/017.9ffc93f.08_1a.cil_safe.i -isIncPred -spec /home/yqs17/blazer/cpachecker-inc-pred/LDVErrorLabel.spc -stats -setprop cpa.impacted.pre_invariants.file=/home/yqs17/blazer/cpachecker-inc-pred/output-us-precise-cfa/08_1a.mtd--devices--slram.ko.set/016.ee0e87b.08_1a.cil_safe.i/impacted-invariants.txt -setprop analysis.prev.program=/home/yqs17/blazer/cpachecker-inc-pred/programs/drivers--mtd--devices--slram.ko/016.ee0e87b.08_1a.cil_safe.i -entryfunction ldv_main0_sequence_infinite_withcheck_stateful /home/yqs17/blazer/cpachecker-inc-pred/programs/drivers--mtd--devices--slram.ko/017.9ffc93f.08_1a.cil_safe.i


--------------------------------------------------------------------------------


Running CPAchecker with Java heap of size 10000M.
Running CPAchecker with the following extra VM options:  -Djava.io.tmpdir=/tmp/BenchExec_run_ijmhdjtv/tmp
Number of modified edges: 91
Begin analysis 
Read invariant objects done
ImpactedCPA statistics
----------------------
  Number of invariants partial hits:                            0
  Number of invariants hits:                                    15
  Number of invariants trys:                                    24
  Number of invariants bots:                                    9
  Number of invariants not valid:                               0
  Initial reached size:                                         666
  Input invariants file size:                                   1109
  Max impacted number of variables:                             0
  Number of last version invariants:                            31
  Number of this version invariants:                            0
  CPU time for invariant read:                                      0.210s
  CPU time for invariant write:                                     0.000s
  Time for invariant write:                                         0.000s
  Time for invariant read:                                          0.107s

AutomatonAnalysis (SVCOMP) statistics
-------------------------------------
Number of states:                                  1
Total time for successor computation:                  0.009s
Automaton transfers with branching:                0
Automaton transfer successors:                          608 (count: 608, min: 1, max: 1, avg: 1.00) [1 x 608]

CPA algorithm statistics
------------------------
Number of iterations:            600
Max size of waitlist:            5
Average size of waitlist:        1
Number of computed successors:   608
Max successors for one state:    2
Number of times merged:          0
Number of times stopped:         4
Number of times abs stopped:     23
Number of times nonAbs stopped:  134
Number of coverage check (part): 157
Number of times doAbstraction node:  89
Number of times breaked:         1

Total time for CPA algorithm:         0.095s (Max:     0.095s)
CPU time for CPA algorithm:           1.260s
  Time for choose from waitlist:      0.002s
  Time for precision adjustment:      0.005s
  Time for transfer relation:         0.050s
  Time for merge operator:            0.000s
  Time for stop operator:             0.007s
  Time for adding to reached set:     0.003s

PredicateCPA statistics
-----------------------
Read Precision Time:                0.000s
Precision file size:                1612
Write Precision Time:               0.004s
Number of abstractions:            65 (6% of all post computations)
  Times abstraction was reused:    0
  Because of function entry/exit:  69 (106%)
  Because of loop head:            20 (31%)
  Because of join nodes:           0 (0%)
  Because of threshold:            0 (0%)
  Times precision was empty:       0 (0%)
  Times precision was {false}:     0 (0%)
  Times result was cached:         17 (21%)
  Times cartesian abs was used:    0 (0%)
  Times boolean abs was used:      63 (79%)
  Times result was 'false':        2 (3%)
Number of strengthen sat checks:   0
Number of coverage checks:         157
  BDD entailment checks:           23
Number of SMT sat checks:          683
  trivial:                         508
  cached:                          117

Max ABE block size:                       17
Number of predicates discovered:          4
Number of abstraction locations:          0
Max number of predicates per location:    0
Avg number of predicates per location:    0
Total predicates per abstraction:         189
Max number of predicates per abstraction: 4
Avg number of predicates per abstraction: 3.00
Number of irrelevant predicates:          114 (60%)
Number of preds handled by boolean abs:   75 (40%)
  Total number of models for allsat:      65
  Max number of models for allsat:        2
  Avg number of models for allsat:        1.03

Number of path formula cache hits:   96 (8%)

Time for post operator:                  0.711s
  Time for path formula creation:        0.398s
    Actual computation:                  0.379s
Time for strengthen operator:            0.004s
Time for prec operator:                  0.353s
  Time for abstraction:                  0.249s (Max:     0.022s, Count: 65)
    Boolean abstraction:                 0.123s
    Solving time:                        0.076s (Max:     0.014s)
    Model enumeration time:              0.004s
    Time for BDD construction:           0.006s (Max:     0.001s)
Time for merge operator:                 0.042s
Time for coverage check:                 0.000s
  Time for BDD entailment checks:        0.000s
Total time for SMT solver (w/o itp):     0.273s

Number of BDD nodes:                               218
Size of BDD node table:                            466043
Size of BDD cache:                                 46619
Size of BDD node cleanup queue:                           0 (count: 3248, min: 0, max: 0, avg: 0.00)
Time for BDD node cleanup:                             0.000s
Time for BDD garbage collection:                       0.000s (in 0 runs)

PrecisionBootstrap statistics
-----------------------------
Init. function predicates:                         0
Init. global predicates:                           0
Init. location predicates:                         0

ImpactedCPA statistics
----------------------
  Number of invariants partial hits:                            0
  Number of invariants hits:                                    15
  Number of invariants trys:                                    24
  Number of invariants bots:                                    9
  Number of invariants not valid:                               0
  Initial reached size:                                         666
  Input invariants file size:                                   1109
  Max impacted number of variables:                             0
  Number of last version invariants:                            31
  Number of this version invariants:                            31
  CPU time for invariant read:                                      0.210s
  CPU time for invariant write:                                     0.030s
  Time for invariant write:                                         0.016s
  Time for invariant read:                                          0.107s

AutomatonAnalysis (SVCOMP) statistics
-------------------------------------
Number of states:                                  1
Total time for successor computation:                  0.007s
Automaton transfers with branching:                0
Automaton transfer successors:                         1107 (count: 1107, min: 1, max: 1, avg: 1.00) [1 x 1107]

CPA algorithm statistics
------------------------
Number of iterations:            389
Max size of waitlist:            15
Average size of waitlist:        10
Number of computed successors:   425
Max successors for one state:    2
Number of times merged:          59
Number of times stopped:         82
Number of times abs stopped:     23
Number of times nonAbs stopped:  134
Number of coverage check (part): 157
Number of times doAbstraction node:  89
Number of times breaked:         0

Total time for CPA algorithm:         0.541s (Max:     0.541s)
CPU time for CPA algorithm:           1.260s
  Time for choose from waitlist:      0.004s
  Time for precision adjustment:      0.264s
  Time for transfer relation:         0.193s
  Time for merge operator:            0.048s
  Time for stop operator:             0.004s
  Time for adding to reached set:     0.005s

Predicate-Abstraction Refiner statistics
----------------------------------------
  Predicate creation:                                  0.000s
  Precision update:                                    0.000s
  ARG update:                                          0.000s

Length of refined path (in blocks):                       0 (count: 0, min: 0, max: 0, avg: 0.00)
Number of affected states:                                0 (count: 0, min: 0, max: 0, avg: 0.00)
Length (states) of path with itp 'true':                  0 (count: 0, min: 0, max: 0, avg: 0.00)
Length (states) of path with itp non-trivial itp:         0 (count: 0, min: 0, max: 0, avg: 0.00)
Length (states) of path with itp 'false':                 0 (count: 0, min: 0, max: 0, avg: 0.00)
Different non-trivial interpolants along paths:           0 (count: 0, min: 0, max: 0, avg: 0.00)
Equal non-trivial interpolants along paths:               0 (count: 0, min: 0, max: 0, avg: 0.00)
Different precisions along paths:                         0 (count: 0, min: 0, max: 0, avg: 0.00)
Equal precisions along paths:                             0 (count: 0, min: 0, max: 0, avg: 0.00)
Number of refs with location-based cutoff:                0

CEGAR algorithm statistics
--------------------------
Number of refinements:                0
Refinement times:             0
First time for refinement:             0.542s
Last time for refinement:              0.542s
Average time for analysis:          0.542s
Number of analysis:                1

Code Coverage
-----------------------------
  Visited lines:          2639
  Total lines:            5
  Line coverage:          527.800

CPAchecker general statistics
-----------------------------
Number of program locations:     895
Number of CFA edges:             947
Number of relevant variables:    88
Number of functions:             23
Number of loops:                 5
Size of reached set:             1007
  Number of reached locations:   785 (88%)
    Avg states per location:     1
    Max states per location:     8 (at node N93)
  Number of reached functions:   11 (48%)
  Number of partitions:          1001
    Avg size of partitions:      1
    Max size of partitions:      2 (with key [N94 (entry of function register_device in /work/ldvuser/novikov/work/current--X--drivers/mtd/devices/slram.ko--X--defaultlinux--X--08_1a--X--cpachecker/linux/csd_deg_dscv/11/dscv_tempdir/dscv/ri/08_1a/drivers/mtd/devices/slram.c.prepared, lines 166-302), 146401144, Init])
  Number of target states:       0

Time for analysis setup:                   8.292s
  Time for cfa diff:                   5.627s
  Time for loading CPAs:                   0.434s
  Time for impacted traverse:              0.008s
  Time for loading parser:        0.039s
  Time for CFA construction:      1.058s
    Time for parsing file(s):     0.364s
    Time for AST to CFA:          0.355s
    Time for CFA sanity check:    0.000s
    Time for post-processing:     0.207s
      Time for var class.:        0.000s
Time for normal Analysis:                         0.542s
CPU time for analysis:                     2.510s
CPU time for impacted:                     0.600s
CPU time for normal analysis:              1.090s
CPU time for init:                         1.430s

Time for Garbage Collector:       0.147s (in 5 runs)
Garbage Collector(s) used:    PS MarkSweep, PS Scavenge
Used heap memory:                 88MB (    84 MiB) max;     56MB (    54 MiB) avg;    110MB (   105 MiB) peak
Used non-heap memory:             33MB (    31 MiB) max;     24MB (    23 MiB) avg;     35MB (    33 MiB) peak
Used in PS Old Gen pool:          22MB (    21 MiB) max;      6MB (     5 MiB) avg;     24MB (    23 MiB) peak
Allocated heap memory:           257MB (   245 MiB) max;    193MB (   184 MiB) avg
Allocated non-heap memory:        36MB (    34 MiB) max;     26MB (    24 MiB) avg
Total process virtual memory:  13307MB ( 12691 MiB) max;  13289MB ( 12673 MiB) avg

Verification result: TRUE. No property violation found by chosen configuration.
More details about the verification run can be found in the directory "/home/yqs17/blazer/cpachecker-inc-pred/output-us-precise-cfa/08_1a.mtd--devices--slram.ko.set/017.9ffc93f.08_1a.cil_safe.i".
