scripts/cpa.sh -heap 10000M -predicateAnalysis-ABElfb-debug -setprop cpa.impacted.eliminate=true -disable-java-assertions -outputpath /home/yqs17/blazer/cpachecker-inc-pred/output-us-precise-cfa/39_7a.usb--serial--cp210x.ko.set/034.d14fc1a.39_7a.cil_safe.i -isIncPred -spec /home/yqs17/blazer/cpachecker-inc-pred/LDVErrorLabel.spc -stats -setprop cpa.impacted.pre_invariants.file=/home/yqs17/blazer/cpachecker-inc-pred/output-us-precise-cfa/39_7a.usb--serial--cp210x.ko.set/033.9926c0d.39_7a.cil_safe.i/impacted-invariants.txt -setprop analysis.prev.program=/home/yqs17/blazer/cpachecker-inc-pred/programs/drivers--usb--serial--cp210x.ko/033.9926c0d.39_7a.cil_safe.i -entryfunction ldv_main0_sequence_infinite_withcheck_stateful /home/yqs17/blazer/cpachecker-inc-pred/programs/drivers--usb--serial--cp210x.ko/034.d14fc1a.39_7a.cil_safe.i


--------------------------------------------------------------------------------


Running CPAchecker with Java heap of size 10000M.
Running CPAchecker with the following extra VM options:  -Djava.io.tmpdir=/tmp/BenchExec_run_ychosqqz/tmp
Number of modified edges: 3
Begin analysis 
Read invariant objects done
PredicateCPA statistics
-----------------------
Read Precision Time:                0.000s
Precision file size:                0
Write Precision Time:               0.003s
Number of abstractions:            994 (11% of all post computations)
  Times abstraction was reused:    0
  Because of function entry/exit:  864 (87%)
  Because of loop head:            193 (19%)
  Because of join nodes:           0 (0%)
  Because of threshold:            0 (0%)
  Times precision was empty:       0 (0%)
  Times precision was {false}:     0 (0%)
  Times result was cached:         686 (66%)
  Times cartesian abs was used:    0 (0%)
  Times boolean abs was used:      348 (34%)
  Times result was 'false':        0 (0%)
Number of strengthen sat checks:   0
Number of coverage checks:         2271
  BDD entailment checks:           309
Number of SMT sat checks:          1270
  trivial:                         553
  cached:                          389

Max ABE block size:                       35
Number of predicates discovered:          11
Number of abstraction locations:          0
Max number of predicates per location:    0
Avg number of predicates per location:    0
Total predicates per abstraction:         3818
Max number of predicates per abstraction: 11
Avg number of predicates per abstraction: 10.97
Number of irrelevant predicates:          0 (0%)
Number of preds handled by boolean abs:   3818 (100%)
  Total number of models for allsat:      468
  Max number of models for allsat:        2
  Avg number of models for allsat:        1.34

Number of path formula cache hits:   5138 (50%)

Time for post operator:                  2.506s
  Time for path formula creation:        0.862s
    Actual computation:                  0.775s
Time for strengthen operator:            0.023s
Time for prec operator:                  2.010s
  Time for abstraction:                  1.509s (Max:     0.020s, Count: 994)
    Boolean abstraction:                 0.759s
    Solving time:                        0.183s (Max:     0.012s)
    Model enumeration time:              0.062s
    Time for BDD construction:           0.026s (Max:     0.002s)
Time for merge operator:                 0.221s
Time for coverage check:                 0.003s
  Time for BDD entailment checks:        0.002s
Total time for SMT solver (w/o itp):     0.893s

Number of BDD nodes:                               314
Size of BDD node table:                            466043
Size of BDD cache:                                 46619
Size of BDD node cleanup queue:                         377 (count: 9605, min: 0, max: 103, avg: 0.04)
Time for BDD node cleanup:                             0.004s
Time for BDD garbage collection:                       0.000s (in 0 runs)

PrecisionBootstrap statistics
-----------------------------
Init. function predicates:                         0
Init. global predicates:                           0
Init. location predicates:                         0

ImpactedCPA statistics
----------------------
  Number of invariants partial hits:                            0
  Number of invariants hits:                                    40
  Number of invariants trys:                                    63
  Number of invariants bots:                                    23
  Number of invariants not valid:                               0
  Initial reached size:                                         1177
  Input invariants file size:                                   4963
  Max impacted number of variables:                             0
  Number of last version invariants:                            75
  Number of this version invariants:                            76
  CPU time for invariant read:                                      0.520s
  CPU time for invariant write:                                     0.110s
  Time for invariant write:                                         0.056s
  Time for invariant read:                                          0.269s

AutomatonAnalysis (SVCOMP) statistics
-------------------------------------
Number of states:                                  1
Total time for successor computation:                  0.028s
Automaton transfers with branching:                0
Automaton transfer successors:                         9266 (count: 9266, min: 1, max: 1, avg: 1.00) [1 x 9266]

CPA algorithm statistics
------------------------
Number of iterations:            6890
Max size of waitlist:            55
Average size of waitlist:        32
Number of computed successors:   8002
Max successors for one state:    2
Number of times merged:          916
Number of times stopped:         1225
Number of times abs stopped:     309
Number of times nonAbs stopped:  1962
Number of coverage check (part): 2271
Number of times doAbstraction node:  1057
Number of times breaked:         0

Total time for CPA algorithm:         3.492s (Max:     3.492s)
CPU time for CPA algorithm:           6.950s
  Time for choose from waitlist:      0.016s
  Time for precision adjustment:      1.664s
  Time for transfer relation:         1.365s
  Time for merge operator:            0.211s
  Time for stop operator:             0.057s
  Time for adding to reached set:     0.029s

Predicate-Abstraction Refiner statistics
----------------------------------------
  Predicate creation:                                  0.000s
  Precision update:                                    0.000s
  ARG update:                                          0.000s

Length of refined path (in blocks):                       0 (count: 0, min: 0, max: 0, avg: 0.00)
Number of affected states:                                0 (count: 0, min: 0, max: 0, avg: 0.00)
Length (states) of path with itp 'true':                  0 (count: 0, min: 0, max: 0, avg: 0.00)
Length (states) of path with itp non-trivial itp:         0 (count: 0, min: 0, max: 0, avg: 0.00)
Length (states) of path with itp 'false':                 0 (count: 0, min: 0, max: 0, avg: 0.00)
Different non-trivial interpolants along paths:           0 (count: 0, min: 0, max: 0, avg: 0.00)
Equal non-trivial interpolants along paths:               0 (count: 0, min: 0, max: 0, avg: 0.00)
Different precisions along paths:                         0 (count: 0, min: 0, max: 0, avg: 0.00)
Equal precisions along paths:                             0 (count: 0, min: 0, max: 0, avg: 0.00)
Number of refs with location-based cutoff:                0

CEGAR algorithm statistics
--------------------------
Number of refinements:                0
Refinement times:             0
First time for refinement:             3.492s
Last time for refinement:              3.492s
Average time for analysis:          3.492s
Number of analysis:                1

Code Coverage
-----------------------------
  Visited lines:          3804
  Total lines:            10
  Line coverage:          380.400

CPAchecker general statistics
-----------------------------
Number of program locations:     1992
Number of CFA edges:             2301
Number of relevant variables:    172
Number of functions:             76
Number of loops:                 3
Size of reached set:             7954
  Number of reached locations:   1524 (77%)
    Avg states per location:     5
    Max states per location:     167 (at node N69)
  Number of reached functions:   24 (32%)
  Number of partitions:          7706
    Avg size of partitions:      1
    Max size of partitions:      8 (with key [N28 (entry of function cp210x_get_config in /work/ldvuser/novikov/work/current--X--drivers/usb/serial/cp210x.ko--X--defaultlinux--X--39_7a--X--cpachecker/linux/csd_deg_dscv/11/dscv_tempdir/dscv/ri/39_7a/drivers/usb/serial/cp210x.c.prepared, lines 309-381), 1329444110, Init])
  Number of target states:       0

Time for analysis setup:                   8.301s
  Time for cfa diff:                   3.950s
  Time for loading CPAs:                   0.356s
  Time for impacted traverse:              0.010s
  Time for loading parser:        0.036s
  Time for CFA construction:      1.407s
    Time for parsing file(s):     0.395s
    Time for AST to CFA:          0.528s
    Time for CFA sanity check:    0.000s
    Time for post-processing:     0.312s
      Time for var class.:        0.000s
Time for normal Analysis:                         3.492s
CPU time for analysis:                    11.070s
CPU time for impacted:                     0.000s
CPU time for normal analysis:              6.950s
CPU time for init:                         4.120s

Time for Garbage Collector:       0.269s (in 10 runs)
Garbage Collector(s) used:    PS MarkSweep, PS Scavenge
Used heap memory:                464MB (   443 MiB) max;    102MB (    98 MiB) avg;    492MB (   469 MiB) peak
Used non-heap memory:             38MB (    36 MiB) max;     29MB (    28 MiB) avg;     39MB (    37 MiB) peak
Used in PS Old Gen pool:          27MB (    26 MiB) max;     15MB (    15 MiB) avg;     31MB (    30 MiB) peak
Allocated heap memory:           561MB (   535 MiB) max;    287MB (   274 MiB) avg
Allocated non-heap memory:        40MB (    38 MiB) max;     31MB (    29 MiB) avg
Total process virtual memory:  13309MB ( 12693 MiB) max;  13290MB ( 12675 MiB) avg

Verification result: TRUE. No property violation found by chosen configuration.
More details about the verification run can be found in the directory "/home/yqs17/blazer/cpachecker-inc-pred/output-us-precise-cfa/39_7a.usb--serial--cp210x.ko.set/034.d14fc1a.39_7a.cil_safe.i".
