scripts/cpa.sh -heap 10000M -predicateAnalysis-ABElfb-debug -setprop cpa.impacted.eliminate=true -disable-java-assertions -outputpath /home/yqs17/blazer/cpachecker-inc-pred/output-us-precise-cfa/43_1a.input--mouse--vsxxxaa.ko.set/012.21602325.43_1a.cil_safe.i -isIncPred -spec /home/yqs17/blazer/cpachecker-inc-pred/LDVErrorLabel.spc -stats -setprop cpa.impacted.pre_invariants.file=/home/yqs17/blazer/cpachecker-inc-pred/output-us-precise-cfa/43_1a.input--mouse--vsxxxaa.ko.set/011.dd0d544.43_1a.cil_safe.i/impacted-invariants.txt -setprop analysis.prev.program=/home/yqs17/blazer/cpachecker-inc-pred/programs/drivers--input--mouse--vsxxxaa.ko/011.dd0d544.43_1a.cil_safe.i -entryfunction ldv_main0_sequence_infinite_withcheck_stateful /home/yqs17/blazer/cpachecker-inc-pred/programs/drivers--input--mouse--vsxxxaa.ko/012.21602325.43_1a.cil_safe.i


--------------------------------------------------------------------------------


Running CPAchecker with Java heap of size 10000M.
Running CPAchecker with the following extra VM options:  -Djava.io.tmpdir=/tmp/BenchExec_run_7pa992dg/tmp
Number of modified edges: 55
Begin analysis 
Read invariant objects done
ImpactedCPA statistics
----------------------
  Number of invariants partial hits:                            0
  Number of invariants hits:                                    30
  Number of invariants trys:                                    39
  Number of invariants bots:                                    9
  Number of invariants not valid:                               0
  Initial reached size:                                         594
  Input invariants file size:                                   1728
  Max impacted number of variables:                             0
  Number of last version invariants:                            82
  Number of this version invariants:                            0
  CPU time for invariant read:                                      0.310s
  CPU time for invariant write:                                     0.000s
  Time for invariant write:                                         0.000s
  Time for invariant read:                                          0.157s

AutomatonAnalysis (SVCOMP) statistics
-------------------------------------
Number of states:                                  1
Total time for successor computation:                  0.006s
Automaton transfers with branching:                0
Automaton transfer successors:                          487 (count: 487, min: 1, max: 1, avg: 1.00) [1 x 487]

CPA algorithm statistics
------------------------
Number of iterations:            478
Max size of waitlist:            7
Average size of waitlist:        1
Number of computed successors:   487
Max successors for one state:    2
Number of times merged:          0
Number of times stopped:         6
Number of times abs stopped:     12
Number of times nonAbs stopped:  156
Number of coverage check (part): 168
Number of times doAbstraction node:  73
Number of times breaked:         1

Total time for CPA algorithm:         0.076s (Max:     0.076s)
CPU time for CPA algorithm:           0.390s
  Time for choose from waitlist:      0.000s
  Time for precision adjustment:      0.013s
  Time for transfer relation:         0.042s
  Time for merge operator:            0.001s
  Time for stop operator:             0.003s
  Time for adding to reached set:     0.003s

PredicateCPA statistics
-----------------------
Read Precision Time:                0.000s
Precision file size:                0
Write Precision Time:               0.001s
Number of abstractions:            34 (4% of all post computations)
  Times abstraction was reused:    0
  Because of function entry/exit:  59 (174%)
  Because of loop head:            14 (41%)
  Because of join nodes:           0 (0%)
  Because of threshold:            0 (0%)
  Times precision was empty:       0 (0%)
  Times precision was {false}:     0 (0%)
  Times result was cached:         15 (23%)
  Times cartesian abs was used:    0 (0%)
  Times boolean abs was used:      49 (77%)
  Times result was 'false':        1 (3%)
Number of strengthen sat checks:   0
Number of coverage checks:         168
  BDD entailment checks:           12
Number of SMT sat checks:          619
  trivial:                         318
  cached:                          196

Max ABE block size:                       23
Number of predicates discovered:          11
Number of abstraction locations:          0
Max number of predicates per location:    0
Avg number of predicates per location:    0
Total predicates per abstraction:         156
Max number of predicates per abstraction: 7
Avg number of predicates per abstraction: 3.18
Number of irrelevant predicates:          38 (24%)
Number of preds handled by boolean abs:   118 (76%)
  Total number of models for allsat:      48
  Max number of models for allsat:        1
  Avg number of models for allsat:        0.98

Number of path formula cache hits:   103 (13%)

Time for post operator:                  0.594s
  Time for path formula creation:        0.183s
    Actual computation:                  0.175s
Time for strengthen operator:            0.001s
Time for prec operator:                  0.212s
  Time for abstraction:                  0.049s (Max:     0.006s, Count: 34)
    Boolean abstraction:                 0.071s
    Solving time:                        0.033s (Max:     0.007s)
    Model enumeration time:              0.001s
    Time for BDD construction:           0.003s (Max:     0.001s)
Time for merge operator:                 0.022s
Time for coverage check:                 0.002s
  Time for BDD entailment checks:        0.000s
Total time for SMT solver (w/o itp):     0.241s

Number of BDD nodes:                               231
Size of BDD node table:                            466043
Size of BDD cache:                                 46619
Size of BDD node cleanup queue:                           3 (count: 3233, min: 0, max: 3, avg: 0.00)
Time for BDD node cleanup:                             0.000s
Time for BDD garbage collection:                       0.000s (in 0 runs)

PrecisionBootstrap statistics
-----------------------------
Init. function predicates:                         0
Init. global predicates:                           0
Init. location predicates:                         0

ImpactedCPA statistics
----------------------
  Number of invariants partial hits:                            0
  Number of invariants hits:                                    30
  Number of invariants trys:                                    39
  Number of invariants bots:                                    9
  Number of invariants not valid:                               0
  Initial reached size:                                         594
  Input invariants file size:                                   1728
  Max impacted number of variables:                             0
  Number of last version invariants:                            82
  Number of this version invariants:                            43
  CPU time for invariant read:                                      0.310s
  CPU time for invariant write:                                     0.040s
  Time for invariant write:                                         0.020s
  Time for invariant read:                                          0.157s

AutomatonAnalysis (SVCOMP) statistics
-------------------------------------
Number of states:                                  1
Total time for successor computation:                  0.005s
Automaton transfers with branching:                0
Automaton transfer successors:                          789 (count: 789, min: 1, max: 1, avg: 1.00) [1 x 789]

CPA algorithm statistics
------------------------
Number of iterations:            165
Max size of waitlist:            9
Average size of waitlist:        6
Number of computed successors:   177
Max successors for one state:    2
Number of times merged:          69
Number of times stopped:         80
Number of times abs stopped:     12
Number of times nonAbs stopped:  156
Number of coverage check (part): 168
Number of times doAbstraction node:  73
Number of times breaked:         0

Total time for CPA algorithm:         0.131s (Max:     0.131s)
CPU time for CPA algorithm:           0.390s
  Time for choose from waitlist:      0.000s
  Time for precision adjustment:      0.057s
  Time for transfer relation:         0.048s
  Time for merge operator:            0.018s
  Time for stop operator:             0.002s
  Time for adding to reached set:     0.003s

Predicate-Abstraction Refiner statistics
----------------------------------------
  Predicate creation:                                  0.000s
  Precision update:                                    0.000s
  ARG update:                                          0.000s

Length of refined path (in blocks):                       0 (count: 0, min: 0, max: 0, avg: 0.00)
Number of affected states:                                0 (count: 0, min: 0, max: 0, avg: 0.00)
Length (states) of path with itp 'true':                  0 (count: 0, min: 0, max: 0, avg: 0.00)
Length (states) of path with itp non-trivial itp:         0 (count: 0, min: 0, max: 0, avg: 0.00)
Length (states) of path with itp 'false':                 0 (count: 0, min: 0, max: 0, avg: 0.00)
Different non-trivial interpolants along paths:           0 (count: 0, min: 0, max: 0, avg: 0.00)
Equal non-trivial interpolants along paths:               0 (count: 0, min: 0, max: 0, avg: 0.00)
Different precisions along paths:                         0 (count: 0, min: 0, max: 0, avg: 0.00)
Equal precisions along paths:                             0 (count: 0, min: 0, max: 0, avg: 0.00)
Number of refs with location-based cutoff:                0

CEGAR algorithm statistics
--------------------------
Number of refinements:                0
Refinement times:             0
First time for refinement:             0.131s
Last time for refinement:              0.131s
Average time for analysis:          0.131s
Number of analysis:                1

Code Coverage
-----------------------------
  Visited lines:          1704
  Total lines:            13
  Line coverage:          131.077

CPAchecker general statistics
-----------------------------
Number of program locations:     872
Number of CFA edges:             1020
Number of relevant variables:    121
Number of functions:             36
Number of loops:                 6
Size of reached set:             690
  Number of reached locations:   609 (70%)
    Avg states per location:     1
    Max states per location:     5 (at node N62)
  Number of reached functions:   18 (50%)
  Number of partitions:          689
    Avg size of partitions:      1
    Max size of partitions:      2 (with key [N63 (entry of function vsxxxaa_drop_bytes in /work/ldvuser/novikov/work/current--X--drivers/input/mouse/vsxxxaa.ko--X--defaultlinux--X--43_1a--X--cpachecker/linux/csd_deg_dscv/11/dscv_tempdir/dscv/ri/43_1a/drivers/input/mouse/vsxxxaa.c.prepared, lines 142-161), -165801063, Init])
  Number of target states:       0

Time for analysis setup:                   6.128s
  Time for cfa diff:                   3.578s
  Time for loading CPAs:                   0.372s
  Time for impacted traverse:              0.008s
  Time for loading parser:        0.038s
  Time for CFA construction:      0.951s
    Time for parsing file(s):     0.284s
    Time for AST to CFA:          0.342s
    Time for CFA sanity check:    0.001s
    Time for post-processing:     0.195s
      Time for var class.:        0.000s
Time for normal Analysis:                         0.132s
CPU time for analysis:                     1.830s
CPU time for impacted:                     0.500s
CPU time for normal analysis:              0.270s
CPU time for init:                         1.570s

Time for Garbage Collector:       0.169s (in 5 runs)
Garbage Collector(s) used:    PS MarkSweep, PS Scavenge
Used heap memory:                 89MB (    85 MiB) max;     52MB (    49 MiB) avg;    112MB (   107 MiB) peak
Used non-heap memory:             32MB (    31 MiB) max;     24MB (    23 MiB) avg;     34MB (    33 MiB) peak
Used in PS Old Gen pool:          23MB (    22 MiB) max;      7MB (     6 MiB) avg;     26MB (    25 MiB) peak
Allocated heap memory:           257MB (   245 MiB) max;    191MB (   182 MiB) avg
Allocated non-heap memory:        35MB (    33 MiB) max;     25MB (    24 MiB) avg
Total process virtual memory:  13307MB ( 12691 MiB) max;  13283MB ( 12667 MiB) avg

Verification result: TRUE. No property violation found by chosen configuration.
More details about the verification run can be found in the directory "/home/yqs17/blazer/cpachecker-inc-pred/output-us-precise-cfa/43_1a.input--mouse--vsxxxaa.ko.set/012.21602325.43_1a.cil_safe.i".
