scripts/cpa.sh -heap 10000M -predicateAnalysis-ABElfb-debug -setprop cpa.impacted.eliminate=true -disable-java-assertions -outputpath /home/yqs17/blazer/cpachecker-inc-pred/output-us-precise-cfa/43_1a.rtc--rtc-pcf2123.ko.set/001.f3d2570a.43_1a.cil_safe.i -isIncPred -spec /home/yqs17/blazer/cpachecker-inc-pred/LDVErrorLabel.spc -stats -setprop cpa.impacted.pre_invariants.file=/home/yqs17/blazer/cpachecker-inc-pred/output-us-precise-cfa/43_1a.rtc--rtc-pcf2123.ko.set/000.7f3923a.43_1a.cil_safe.i/impacted-invariants.txt -setprop analysis.prev.program=/home/yqs17/blazer/cpachecker-inc-pred/programs/drivers--rtc--rtc-pcf2123.ko/000.7f3923a.43_1a.cil_safe.i -entryfunction ldv_main0_sequence_infinite_withcheck_stateful /home/yqs17/blazer/cpachecker-inc-pred/programs/drivers--rtc--rtc-pcf2123.ko/001.f3d2570a.43_1a.cil_safe.i


--------------------------------------------------------------------------------


Running CPAchecker with Java heap of size 10000M.
Running CPAchecker with the following extra VM options:  -Djava.io.tmpdir=/tmp/BenchExec_run_cjd08_1g/tmp
Number of modified edges: 11
Begin analysis 
Read invariant objects done
ImpactedCPA statistics
----------------------
  Number of invariants partial hits:                            0
  Number of invariants hits:                                    19
  Number of invariants trys:                                    22
  Number of invariants bots:                                    4
  Number of invariants not valid:                               1
  Initial reached size:                                         752
  Input invariants file size:                                   1527
  Max impacted number of variables:                             1
  Number of last version invariants:                            52
  Number of this version invariants:                            0
  CPU time for invariant read:                                      0.310s
  CPU time for invariant write:                                     0.000s
  Time for invariant write:                                         0.000s
  Time for invariant read:                                          0.161s

AutomatonAnalysis (SVCOMP) statistics
-------------------------------------
Number of states:                                  1
Total time for successor computation:                  0.016s
Automaton transfers with branching:                0
Automaton transfer successors:                         1780 (count: 1780, min: 1, max: 1, avg: 1.00) [1 x 1780]

CPA algorithm statistics
------------------------
Number of iterations:            1734
Max size of waitlist:            9
Average size of waitlist:        2
Number of computed successors:   1780
Max successors for one state:    2
Number of times merged:          0
Number of times stopped:         40
Number of times abs stopped:     23
Number of times nonAbs stopped:  98
Number of coverage check (part): 128
Number of times doAbstraction node:  183
Number of times breaked:         2

Total time for CPA algorithm:         0.196s (Max:     0.127s)
CPU time for CPA algorithm:           1.850s
  Time for choose from waitlist:      0.003s
  Time for precision adjustment:      0.025s
  Time for transfer relation:         0.101s
  Time for merge operator:            0.002s
  Time for stop operator:             0.012s
  Time for adding to reached set:     0.008s

PredicateCPA statistics
-----------------------
Read Precision Time:                0.000s
Precision file size:                4047
Write Precision Time:               0.003s
Number of abstractions:            161 (11% of all post computations)
  Times abstraction was reused:    0
  Because of function entry/exit:  177 (110%)
  Because of loop head:            6 (4%)
  Because of join nodes:           0 (0%)
  Because of threshold:            0 (0%)
  Times precision was empty:       0 (0%)
  Times precision was {false}:     0 (0%)
  Times result was cached:         41 (23%)
  Times cartesian abs was used:    0 (0%)
  Times boolean abs was used:      139 (77%)
  Times result was 'false':        3 (2%)
Number of strengthen sat checks:   0
Number of coverage checks:         128
  BDD entailment checks:           30
Number of SMT sat checks:          765
  trivial:                         510
  cached:                          192

Max ABE block size:                       22
Number of predicates discovered:          10
Number of abstraction locations:          0
Max number of predicates per location:    0
Avg number of predicates per location:    0
Total predicates per abstraction:         1041
Max number of predicates per abstraction: 9
Avg number of predicates per abstraction: 7.49
Number of irrelevant predicates:          471 (45%)
Number of preds handled by boolean abs:   570 (55%)
  Total number of models for allsat:      148
  Max number of models for allsat:        4
  Avg number of models for allsat:        1.06

Number of path formula cache hits:   64 (4%)

Time for post operator:                  0.784s
  Time for path formula creation:        0.376s
    Actual computation:                  0.343s
Time for strengthen operator:            0.004s
Time for prec operator:                  0.576s
  Time for abstraction:                  0.393s (Max:     0.024s, Count: 161)
    Boolean abstraction:                 0.231s
    Solving time:                        0.101s (Max:     0.011s)
    Model enumeration time:              0.011s
    Time for BDD construction:           0.034s (Max:     0.015s)
Time for merge operator:                 0.016s
Time for coverage check:                 0.000s
  Time for BDD entailment checks:        0.000s
Total time for SMT solver (w/o itp):     0.268s

Number of BDD nodes:                               318
Size of BDD node table:                            466043
Size of BDD cache:                                 46619
Size of BDD node cleanup queue:                           0 (count: 4999, min: 0, max: 0, avg: 0.00)
Time for BDD node cleanup:                             0.001s
Time for BDD garbage collection:                       0.000s (in 0 runs)

PrecisionBootstrap statistics
-----------------------------
Init. function predicates:                         0
Init. global predicates:                           0
Init. location predicates:                         0

ImpactedCPA statistics
----------------------
  Number of invariants partial hits:                            0
  Number of invariants hits:                                    19
  Number of invariants trys:                                    22
  Number of invariants bots:                                    4
  Number of invariants not valid:                               1
  Initial reached size:                                         752
  Input invariants file size:                                   1527
  Max impacted number of variables:                             1
  Number of last version invariants:                            52
  Number of this version invariants:                            50
  CPU time for invariant read:                                      0.310s
  CPU time for invariant write:                                     0.040s
  Time for invariant write:                                         0.021s
  Time for invariant read:                                          0.161s

AutomatonAnalysis (SVCOMP) statistics
-------------------------------------
Number of states:                                  1
Total time for successor computation:                  0.002s
Automaton transfers with branching:                0
Automaton transfer successors:                         1478 (count: 1478, min: 1, max: 1, avg: 1.00) [1 x 1478]

CPA algorithm statistics
------------------------
Number of iterations:            692
Max size of waitlist:            20
Average size of waitlist:        11
Number of computed successors:   719
Max successors for one state:    2
Number of times merged:          45
Number of times stopped:         68
Number of times abs stopped:     23
Number of times nonAbs stopped:  98
Number of coverage check (part): 128
Number of times doAbstraction node:  183
Number of times breaked:         0

Total time for CPA algorithm:         0.737s (Max:     0.737s)
CPU time for CPA algorithm:           1.850s
  Time for choose from waitlist:      0.003s
  Time for precision adjustment:      0.440s
  Time for transfer relation:         0.249s
  Time for merge operator:            0.019s
  Time for stop operator:             0.009s
  Time for adding to reached set:     0.008s

Predicate-Abstraction Refiner statistics
----------------------------------------
  Predicate creation:                                  0.000s
  Precision update:                                    0.000s
  ARG update:                                          0.000s

Length of refined path (in blocks):                       0 (count: 0, min: 0, max: 0, avg: 0.00)
Number of affected states:                                0 (count: 0, min: 0, max: 0, avg: 0.00)
Length (states) of path with itp 'true':                  0 (count: 0, min: 0, max: 0, avg: 0.00)
Length (states) of path with itp non-trivial itp:         0 (count: 0, min: 0, max: 0, avg: 0.00)
Length (states) of path with itp 'false':                 0 (count: 0, min: 0, max: 0, avg: 0.00)
Different non-trivial interpolants along paths:           0 (count: 0, min: 0, max: 0, avg: 0.00)
Equal non-trivial interpolants along paths:               0 (count: 0, min: 0, max: 0, avg: 0.00)
Different precisions along paths:                         0 (count: 0, min: 0, max: 0, avg: 0.00)
Equal precisions along paths:                             0 (count: 0, min: 0, max: 0, avg: 0.00)
Number of refs with location-based cutoff:                0

CEGAR algorithm statistics
--------------------------
Number of refinements:                0
Refinement times:             0
First time for refinement:             0.738s
Last time for refinement:              0.738s
Average time for analysis:          0.738s
Number of analysis:                1

Code Coverage
-----------------------------
  Visited lines:          2747
  Total lines:            10
  Line coverage:          274.700

CPAchecker general statistics
-----------------------------
Number of program locations:     1266
Number of CFA edges:             1445
Number of relevant variables:    172
Number of functions:             32
Number of loops:                 4
Size of reached set:             1400
  Number of reached locations:   920 (73%)
    Avg states per location:     1
    Max states per location:     8 (at node N10)
  Number of reached functions:   19 (59%)
  Number of partitions:          1365
    Avg size of partitions:      1
    Max size of partitions:      4 (with key [N64 (entry of function spi_write in include/linux/spi/spi.h, lines 565-603), -754978702, Init])
  Number of target states:       0

Time for analysis setup:                   5.875s
  Time for cfa diff:                   2.913s
  Time for loading CPAs:                   0.400s
  Time for impacted traverse:              0.011s
  Time for loading parser:        0.025s
  Time for CFA construction:      1.204s
    Time for parsing file(s):     0.364s
    Time for AST to CFA:          0.429s
    Time for CFA sanity check:    0.000s
    Time for post-processing:     0.283s
      Time for var class.:        0.000s
Time for normal Analysis:                         0.738s
CPU time for analysis:                     3.020s
CPU time for impacted:                     0.840s
CPU time for normal analysis:              1.470s
CPU time for init:                         1.550s

Time for Garbage Collector:       0.160s (in 5 runs)
Garbage Collector(s) used:    PS MarkSweep, PS Scavenge
Used heap memory:                138MB (   132 MiB) max;     62MB (    59 MiB) avg;    166MB (   158 MiB) peak
Used non-heap memory:             33MB (    32 MiB) max;     25MB (    24 MiB) avg;     35MB (    34 MiB) peak
Used in PS Old Gen pool:          23MB (    22 MiB) max;      8MB (     8 MiB) avg;     26MB (    25 MiB) peak
Allocated heap memory:           265MB (   253 MiB) max;    200MB (   191 MiB) avg
Allocated non-heap memory:        36MB (    34 MiB) max;     26MB (    25 MiB) avg
Total process virtual memory:  13309MB ( 12693 MiB) max;  13281MB ( 12666 MiB) avg

Verification result: TRUE. No property violation found by chosen configuration.
More details about the verification run can be found in the directory "/home/yqs17/blazer/cpachecker-inc-pred/output-us-precise-cfa/43_1a.rtc--rtc-pcf2123.ko.set/001.f3d2570a.43_1a.cil_safe.i".
