scripts/cpa.sh -heap 10000M -predicateAnalysis-ABElfb-debug -setprop cpa.impacted.eliminate=true -disable-java-assertions -outputpath /home/yqs17/blazer/cpachecker-inc-pred/output-us-precise-cfa/32_1.isdn--mISDN--mISDN_core.ko.set/033.3f378b6.32_1.cil_safe.i -isIncPred -spec /home/yqs17/blazer/cpachecker-inc-pred/LDVErrorLabel.spc -stats -setprop cpa.impacted.pre_invariants.file=/home/yqs17/blazer/cpachecker-inc-pred/output-us-precise-cfa/32_1.isdn--mISDN--mISDN_core.ko.set/032.ec1b4cf.32_1.cil_safe.i/impacted-invariants.txt -setprop analysis.prev.program=/home/yqs17/blazer/cpachecker-inc-pred/programs/drivers--isdn--mISDN--mISDN_core.ko/032.ec1b4cf.32_1.cil_safe.i -entryfunction ldv_main0_sequence_infinite_withcheck_stateful /home/yqs17/blazer/cpachecker-inc-pred/programs/drivers--isdn--mISDN--mISDN_core.ko/033.3f378b6.32_1.cil_safe.i


--------------------------------------------------------------------------------


Running CPAchecker with Java heap of size 10000M.
Running CPAchecker with the following extra VM options:  -Djava.io.tmpdir=/tmp/BenchExec_run__4mjzn1w/tmp
Number of modified edges: 23
Begin analysis 
Read invariant objects done
ImpactedCPA statistics
----------------------
  Number of invariants partial hits:                            0
  Number of invariants hits:                                    47
  Number of invariants trys:                                    58
  Number of invariants bots:                                    11
  Number of invariants not valid:                               0
  Initial reached size:                                         1799
  Input invariants file size:                                   2551
  Max impacted number of variables:                             0
  Number of last version invariants:                            413
  Number of this version invariants:                            0
  CPU time for invariant read:                                      0.760s
  CPU time for invariant write:                                     0.000s
  Time for invariant write:                                         0.000s
  Time for invariant read:                                          0.380s

AutomatonAnalysis (SVCOMP) statistics
-------------------------------------
Number of states:                                  1
Total time for successor computation:                  0.020s
Automaton transfers with branching:                0
Automaton transfer successors:                         1591 (count: 1591, min: 1, max: 1, avg: 1.00) [1 x 1591]

CPA algorithm statistics
------------------------
Number of iterations:            1585
Max size of waitlist:            6
Average size of waitlist:        1
Number of computed successors:   1591
Max successors for one state:    2
Number of times merged:          0
Number of times stopped:         1
Number of times abs stopped:     19
Number of times nonAbs stopped:  154
Number of coverage check (part): 173
Number of times doAbstraction node:  146
Number of times breaked:         1

Total time for CPA algorithm:         0.189s (Max:     0.189s)
CPU time for CPA algorithm:           1.210s
  Time for choose from waitlist:      0.005s
  Time for precision adjustment:      0.024s
  Time for transfer relation:         0.095s
  Time for merge operator:            0.000s
  Time for stop operator:             0.007s
  Time for adding to reached set:     0.008s

PredicateCPA statistics
-----------------------
Read Precision Time:                0.000s
Precision file size:                0
Write Precision Time:               0.002s
Number of abstractions:            88 (4% of all post computations)
  Times abstraction was reused:    0
  Because of function entry/exit:  124 (141%)
  Because of loop head:            22 (25%)
  Because of join nodes:           0 (0%)
  Because of threshold:            0 (0%)
  Times precision was empty:       0 (0%)
  Times precision was {false}:     0 (0%)
  Times result was cached:         29 (21%)
  Times cartesian abs was used:    0 (0%)
  Times boolean abs was used:      106 (79%)
  Times result was 'false':        0 (0%)
Number of strengthen sat checks:   0
Number of coverage checks:         173
  BDD entailment checks:           19
Number of SMT sat checks:          1819
  trivial:                         813
  cached:                          812

Max ABE block size:                       9
Number of predicates discovered:          1
Number of abstraction locations:          0
Max number of predicates per location:    0
Avg number of predicates per location:    0
Total predicates per abstraction:         106
Max number of predicates per abstraction: 1
Avg number of predicates per abstraction: 1.00
Number of irrelevant predicates:          0 (0%)
Number of preds handled by boolean abs:   106 (100%)
  Total number of models for allsat:      106
  Max number of models for allsat:        1
  Avg number of models for allsat:        1.00

Number of path formula cache hits:   116 (5%)

Time for post operator:                  8.064s
  Time for path formula creation:        1.103s
    Actual computation:                  1.004s
Time for strengthen operator:            0.010s
Time for prec operator:                  0.420s
  Time for abstraction:                  0.126s (Max:     0.017s, Count: 88)
    Boolean abstraction:                 0.195s
    Solving time:                        0.153s (Max:     0.118s)
    Model enumeration time:              0.005s
    Time for BDD construction:           0.012s (Max:     0.005s)
Time for merge operator:                 0.152s
Time for coverage check:                 0.002s
  Time for BDD entailment checks:        0.002s
Total time for SMT solver (w/o itp):     5.997s

Number of BDD nodes:                               202
Size of BDD node table:                            466043
Size of BDD cache:                                 46619
Size of BDD node cleanup queue:                           0 (count: 53508, min: 0, max: 0, avg: 0.00)
Time for BDD node cleanup:                             0.007s
Time for BDD garbage collection:                       0.000s (in 0 runs)

PrecisionBootstrap statistics
-----------------------------
Init. function predicates:                         0
Init. global predicates:                           0
Init. location predicates:                         0

ImpactedCPA statistics
----------------------
  Number of invariants partial hits:                            0
  Number of invariants hits:                                    47
  Number of invariants trys:                                    58
  Number of invariants bots:                                    11
  Number of invariants not valid:                               0
  Initial reached size:                                         1799
  Input invariants file size:                                   2551
  Max impacted number of variables:                             0
  Number of last version invariants:                            413
  Number of this version invariants:                            68
  CPU time for invariant read:                                      0.760s
  CPU time for invariant write:                                     0.110s
  Time for invariant write:                                         0.054s
  Time for invariant read:                                          0.380s

AutomatonAnalysis (SVCOMP) statistics
-------------------------------------
Number of states:                                  1
Total time for successor computation:                  0.010s
Automaton transfers with branching:                0
Automaton transfer successors:                         2230 (count: 2230, min: 1, max: 1, avg: 1.00) [1 x 2230]

CPA algorithm statistics
------------------------
Number of iterations:            391
Max size of waitlist:            13
Average size of waitlist:        8
Number of computed successors:   412
Max successors for one state:    2
Number of times merged:          68
Number of times stopped:         87
Number of times abs stopped:     19
Number of times nonAbs stopped:  154
Number of coverage check (part): 173
Number of times doAbstraction node:  146
Number of times breaked:         0

Total time for CPA algorithm:         0.421s (Max:     0.421s)
CPU time for CPA algorithm:           1.210s
  Time for choose from waitlist:      0.001s
  Time for precision adjustment:      0.147s
  Time for transfer relation:         0.133s
  Time for merge operator:            0.118s
  Time for stop operator:             0.008s
  Time for adding to reached set:     0.003s

Predicate-Abstraction Refiner statistics
----------------------------------------
  Predicate creation:                                  0.000s
  Precision update:                                    0.000s
  ARG update:                                          0.000s

Length of refined path (in blocks):                       0 (count: 0, min: 0, max: 0, avg: 0.00)
Number of affected states:                                0 (count: 0, min: 0, max: 0, avg: 0.00)
Length (states) of path with itp 'true':                  0 (count: 0, min: 0, max: 0, avg: 0.00)
Length (states) of path with itp non-trivial itp:         0 (count: 0, min: 0, max: 0, avg: 0.00)
Length (states) of path with itp 'false':                 0 (count: 0, min: 0, max: 0, avg: 0.00)
Different non-trivial interpolants along paths:           0 (count: 0, min: 0, max: 0, avg: 0.00)
Equal non-trivial interpolants along paths:               0 (count: 0, min: 0, max: 0, avg: 0.00)
Different precisions along paths:                         0 (count: 0, min: 0, max: 0, avg: 0.00)
Equal precisions along paths:                             0 (count: 0, min: 0, max: 0, avg: 0.00)
Number of refs with location-based cutoff:                0

CEGAR algorithm statistics
--------------------------
Number of refinements:                0
Refinement times:             0
First time for refinement:             0.422s
Last time for refinement:              0.422s
Average time for analysis:          0.422s
Number of analysis:                1

Code Coverage
-----------------------------
  Visited lines:          5162
  Total lines:            4
  Line coverage:          1290.500

CPAchecker general statistics
-----------------------------
Number of program locations:     17265
Number of CFA edges:             26961
Number of relevant variables:    2120
Number of functions:             393
Number of loops:                 47
Size of reached set:             2124
  Number of reached locations:   1851 (11%)
    Avg states per location:     1
    Max states per location:     11 (at node N1185)
  Number of reached functions:   28 (7%)
  Number of partitions:          2122
    Avg size of partitions:      1
    Max size of partitions:      2 (with key [N4971 (entry of function l1_cleanup in /work/ldvuser/novikov/work/current--X--drivers/isdn/mISDN/mISDN_core.ko--X--defaultlinux--X--32_1--X--cpachecker/linux/csd_deg_dscv/30/dscv_tempdir/dscv/ri/32_1/drivers/isdn/mISDN/layer1.c, lines 400-410), 142038225, Init])
  Number of target states:       0

Time for analysis setup:                  51.049s
  Time for cfa diff:                  36.356s
  Time for loading CPAs:                   0.736s
  Time for impacted traverse:              0.074s
  Time for loading parser:        0.030s
  Time for CFA construction:      4.063s
    Time for parsing file(s):     0.741s
    Time for AST to CFA:          1.374s
    Time for CFA sanity check:    0.000s
    Time for post-processing:     1.616s
      Time for var class.:        0.000s
Time for normal Analysis:                         0.422s
CPU time for analysis:                    17.150s
CPU time for impacted:                     1.240s
CPU time for normal analysis:              0.840s
CPU time for init:                        16.310s

Time for Garbage Collector:       1.015s (in 13 runs)
Garbage Collector(s) used:    PS MarkSweep, PS Scavenge
Used heap memory:               1015MB (   968 MiB) max;    342MB (   326 MiB) avg;   1069MB (  1020 MiB) peak
Used non-heap memory:             48MB (    45 MiB) max;     33MB (    32 MiB) avg;     49MB (    46 MiB) peak
Used in PS Old Gen pool:          75MB (    71 MiB) max;     58MB (    55 MiB) avg;     81MB (    77 MiB) peak
Allocated heap memory:          1484MB (  1416 MiB) max;    536MB (   511 MiB) avg
Allocated non-heap memory:        49MB (    46 MiB) max;     34MB (    32 MiB) avg
Total process virtual memory:  13310MB ( 12693 MiB) max;  13295MB ( 12679 MiB) avg

Verification result: TRUE. No property violation found by chosen configuration.
More details about the verification run can be found in the directory "/home/yqs17/blazer/cpachecker-inc-pred/output-us-precise-cfa/32_1.isdn--mISDN--mISDN_core.ko.set/033.3f378b6.32_1.cil_safe.i".
