scripts/cpa.sh -heap 10000M -predicateAnalysis-ABElfb-debug -setprop cpa.impacted.eliminate=true -disable-java-assertions -outputpath /home/yqs17/blazer/cpachecker-inc-pred/output-us-precise-cfa/32_7a.gpu--drm--i915--i915.ko.set/038.5a125c3.32_7a.cil_safe.i -isIncPred -spec /home/yqs17/blazer/cpachecker-inc-pred/LDVErrorLabel.spc -stats -setprop cpa.impacted.pre_invariants.file=/home/yqs17/blazer/cpachecker-inc-pred/output-us-precise-cfa/32_7a.gpu--drm--i915--i915.ko.set/037.70740d6.32_7a.cil_safe.i/impacted-invariants.txt -setprop analysis.prev.program=/home/yqs17/blazer/cpachecker-inc-pred/programs/drivers--gpu--drm--i915--i915.ko/037.70740d6.32_7a.cil_safe.i -entryfunction ldv_main0_sequence_infinite_withcheck_stateful /home/yqs17/blazer/cpachecker-inc-pred/programs/drivers--gpu--drm--i915--i915.ko/038.5a125c3.32_7a.cil_safe.i


--------------------------------------------------------------------------------


Running CPAchecker with Java heap of size 10000M.
Running CPAchecker with the following extra VM options:  -Djava.io.tmpdir=/tmp/BenchExec_run_m__x7_q3/tmp
Number of modified edges: 88
Begin analysis 
Read invariant objects done
ImpactedCPA statistics
----------------------
  Number of invariants partial hits:                            0
  Number of invariants hits:                                    23
  Number of invariants trys:                                    30
  Number of invariants bots:                                    7
  Number of invariants not valid:                               0
  Initial reached size:                                         1186
  Input invariants file size:                                   2798
  Max impacted number of variables:                             0
  Number of last version invariants:                            402
  Number of this version invariants:                            0
  CPU time for invariant read:                                      1.210s
  CPU time for invariant write:                                     0.000s
  Time for invariant write:                                         0.000s
  Time for invariant read:                                          0.622s

AutomatonAnalysis (SVCOMP) statistics
-------------------------------------
Number of states:                                  1
Total time for successor computation:                  0.012s
Automaton transfers with branching:                0
Automaton transfer successors:                         1090 (count: 1090, min: 1, max: 1, avg: 1.00) [1 x 1090]

CPA algorithm statistics
------------------------
Number of iterations:            1087
Max size of waitlist:            4
Average size of waitlist:        1
Number of computed successors:   1090
Max successors for one state:    2
Number of times merged:          0
Number of times stopped:         0
Number of times abs stopped:     61
Number of times nonAbs stopped:  336
Number of coverage check (part): 397
Number of times doAbstraction node:  625
Number of times breaked:         1

Total time for CPA algorithm:         0.111s (Max:     0.111s)
CPU time for CPA algorithm:           3.020s
  Time for choose from waitlist:      0.005s
  Time for precision adjustment:      0.013s
  Time for transfer relation:         0.059s
  Time for stop operator:             0.005s
  Time for adding to reached set:     0.003s

PredicateCPA statistics
-----------------------
Read Precision Time:                0.000s
Precision file size:                0
Write Precision Time:               0.001s
Number of abstractions:            595 (16% of all post computations)
  Times abstraction was reused:    0
  Because of function entry/exit:  578 (97%)
  Because of loop head:            47 (8%)
  Because of join nodes:           0 (0%)
  Because of threshold:            0 (0%)
  Times precision was empty:       0 (0%)
  Times precision was {false}:     0 (0%)
  Times result was cached:         178 (29%)
  Times cartesian abs was used:    0 (0%)
  Times boolean abs was used:      440 (71%)
  Times result was 'false':        0 (0%)
Number of strengthen sat checks:   0
Number of coverage checks:         397
  BDD entailment checks:           61
Number of SMT sat checks:          1195
  trivial:                         630
  cached:                          512

Max ABE block size:                       21
Number of predicates discovered:          2
Number of abstraction locations:          0
Max number of predicates per location:    0
Avg number of predicates per location:    0
Total predicates per abstraction:         862
Max number of predicates per abstraction: 2
Avg number of predicates per abstraction: 1.96
Number of irrelevant predicates:          0 (0%)
Number of preds handled by boolean abs:   862 (100%)
  Total number of models for allsat:      440
  Max number of models for allsat:        1
  Avg number of models for allsat:        1.00

Number of path formula cache hits:   110 (3%)

Time for post operator:                  1.068s
  Time for path formula creation:        0.686s
    Actual computation:                  0.620s
Time for strengthen operator:            0.012s
Time for prec operator:                  0.679s
  Time for abstraction:                  0.506s (Max:     0.014s, Count: 595)
    Boolean abstraction:                 0.264s
    Solving time:                        0.109s (Max:     0.022s)
    Model enumeration time:              0.011s
    Time for BDD construction:           0.048s (Max:     0.017s)
Time for merge operator:                 0.043s
Time for coverage check:                 0.001s
  Time for BDD entailment checks:        0.000s
Total time for SMT solver (w/o itp):     0.290s

Number of BDD nodes:                               203
Size of BDD node table:                            466043
Size of BDD cache:                                 46619
Size of BDD node cleanup queue:                           0 (count: 31695, min: 0, max: 0, avg: 0.00)
Time for BDD node cleanup:                             0.000s
Time for BDD garbage collection:                       0.000s (in 0 runs)

PrecisionBootstrap statistics
-----------------------------
Init. function predicates:                         0
Init. global predicates:                           0
Init. location predicates:                         0

ImpactedCPA statistics
----------------------
  Number of invariants partial hits:                            0
  Number of invariants hits:                                    23
  Number of invariants trys:                                    30
  Number of invariants bots:                                    7
  Number of invariants not valid:                               0
  Initial reached size:                                         1186
  Input invariants file size:                                   2798
  Max impacted number of variables:                             0
  Number of last version invariants:                            402
  Number of this version invariants:                            257
  CPU time for invariant read:                                      1.210s
  CPU time for invariant write:                                     0.140s
  Time for invariant write:                                         0.078s
  Time for invariant read:                                          0.622s

AutomatonAnalysis (SVCOMP) statistics
-------------------------------------
Number of states:                                  1
Total time for successor computation:                  0.005s
Automaton transfers with branching:                0
Automaton transfer successors:                         3821 (count: 3821, min: 1, max: 1, avg: 1.00) [1 x 3821]

CPA algorithm statistics
------------------------
Number of iterations:            2422
Max size of waitlist:            16
Average size of waitlist:        8
Number of computed successors:   2627
Max successors for one state:    2
Number of times merged:          166
Number of times stopped:         227
Number of times abs stopped:     61
Number of times nonAbs stopped:  336
Number of coverage check (part): 397
Number of times doAbstraction node:  625
Number of times breaked:         0

Total time for CPA algorithm:         1.411s (Max:     1.411s)
CPU time for CPA algorithm:           3.020s
  Time for choose from waitlist:      0.012s
  Time for precision adjustment:      0.583s
  Time for transfer relation:         0.675s
  Time for merge operator:            0.055s
  Time for stop operator:             0.013s
  Time for adding to reached set:     0.015s

Predicate-Abstraction Refiner statistics
----------------------------------------
  Predicate creation:                                  0.000s
  Precision update:                                    0.000s
  ARG update:                                          0.000s

Length of refined path (in blocks):                       0 (count: 0, min: 0, max: 0, avg: 0.00)
Number of affected states:                                0 (count: 0, min: 0, max: 0, avg: 0.00)
Length (states) of path with itp 'true':                  0 (count: 0, min: 0, max: 0, avg: 0.00)
Length (states) of path with itp non-trivial itp:         0 (count: 0, min: 0, max: 0, avg: 0.00)
Length (states) of path with itp 'false':                 0 (count: 0, min: 0, max: 0, avg: 0.00)
Different non-trivial interpolants along paths:           0 (count: 0, min: 0, max: 0, avg: 0.00)
Equal non-trivial interpolants along paths:               0 (count: 0, min: 0, max: 0, avg: 0.00)
Different precisions along paths:                         0 (count: 0, min: 0, max: 0, avg: 0.00)
Equal precisions along paths:                             0 (count: 0, min: 0, max: 0, avg: 0.00)
Number of refs with location-based cutoff:                0

CEGAR algorithm statistics
--------------------------
Number of refinements:                0
Refinement times:             0
First time for refinement:             1.411s
Last time for refinement:              1.411s
Average time for analysis:          1.411s
Number of analysis:                1

Code Coverage
-----------------------------
  Visited lines:          4094
  Total lines:            5
  Line coverage:          818.800

CPAchecker general statistics
-----------------------------
Number of program locations:     9138
Number of CFA edges:             11692
Number of relevant variables:    1961
Number of functions:             287
Number of loops:                 67
Size of reached set:             3586
  Number of reached locations:   2095 (23%)
    Avg states per location:     1
    Max states per location:     97 (at node N132)
  Number of reached functions:   28 (10%)
  Number of partitions:          3558
    Avg size of partitions:      1
    Max size of partitions:      4 (with key [N139 (entry of function writel in /work/ldvuser/novikov/inst/current/envs/linux/linux/arch/x86/include/asm/io.h, lines 28-38), 2032073773, Init])
  Number of target states:       0

Time for analysis setup:                  18.193s
  Time for cfa diff:                  13.330s
  Time for loading CPAs:                   0.472s
  Time for impacted traverse:              0.026s
  Time for loading parser:        0.032s
  Time for CFA construction:      2.652s
    Time for parsing file(s):     0.563s
    Time for AST to CFA:          1.025s
    Time for CFA sanity check:    0.000s
    Time for post-processing:     0.799s
      Time for var class.:        0.000s
Time for normal Analysis:                         1.411s
CPU time for analysis:                     4.360s
CPU time for impacted:                     0.730s
CPU time for normal analysis:              2.800s
CPU time for init:                         1.560s

Time for Garbage Collector:       0.554s (in 9 runs)
Garbage Collector(s) used:    PS MarkSweep, PS Scavenge
Used heap memory:                321MB (   306 MiB) max;    103MB (    98 MiB) avg;    395MB (   377 MiB) peak
Used non-heap memory:             44MB (    42 MiB) max;     30MB (    29 MiB) avg;     45MB (    43 MiB) peak
Used in PS Old Gen pool:          51MB (    49 MiB) max;     40MB (    38 MiB) avg;     51MB (    49 MiB) peak
Allocated heap memory:           469MB (   447 MiB) max;    400MB (   382 MiB) avg
Allocated non-heap memory:        45MB (    43 MiB) max;     31MB (    29 MiB) avg
Total process virtual memory:  13309MB ( 12693 MiB) max;  13286MB ( 12671 MiB) avg

Verification result: TRUE. No property violation found by chosen configuration.
More details about the verification run can be found in the directory "/home/yqs17/blazer/cpachecker-inc-pred/output-us-precise-cfa/32_7a.gpu--drm--i915--i915.ko.set/038.5a125c3.32_7a.cil_safe.i".
