scripts/cpa.sh -heap 10000M -predicateAnalysis-ABElfb-debug -setprop cpa.impacted.eliminate=true -disable-java-assertions -outputpath /home/yqs17/blazer/cpachecker-inc-pred/output-us-precise-cfa/32_7a.staging--comedi--adl_pci7432.ko.set/021.fc330f4.32_7a.cil_safe.i -isIncPred -spec /home/yqs17/blazer/cpachecker-inc-pred/LDVErrorLabel.spc -stats -setprop cpa.impacted.pre_invariants.file=/home/yqs17/blazer/cpachecker-inc-pred/output-us-precise-cfa/32_7a.staging--comedi--adl_pci7432.ko.set/020.55c03cf.32_7a.cil_safe.i/impacted-invariants.txt -setprop analysis.prev.program=/home/yqs17/blazer/cpachecker-inc-pred/programs/drivers--staging--comedi--adl_pci7432.ko/020.55c03cf.32_7a.cil_safe.i -entryfunction ldv_main0_sequence_infinite_withcheck_stateful /home/yqs17/blazer/cpachecker-inc-pred/programs/drivers--staging--comedi--adl_pci7432.ko/021.fc330f4.32_7a.cil_safe.i


--------------------------------------------------------------------------------


Running CPAchecker with Java heap of size 10000M.
Running CPAchecker with the following extra VM options:  -Djava.io.tmpdir=/tmp/BenchExec_run_4hglu331/tmp
Number of modified edges: 9
Begin analysis 
Read invariant objects done
ImpactedCPA statistics
----------------------
  Number of invariants partial hits:                            0
  Number of invariants hits:                                    28
  Number of invariants trys:                                    38
  Number of invariants bots:                                    10
  Number of invariants not valid:                               0
  Initial reached size:                                         503
  Input invariants file size:                                   1085
  Max impacted number of variables:                             0
  Number of last version invariants:                            28
  Number of this version invariants:                            0
  CPU time for invariant read:                                      0.210s
  CPU time for invariant write:                                     0.000s
  Time for invariant write:                                         0.000s
  Time for invariant read:                                          0.108s

AutomatonAnalysis (SVCOMP) statistics
-------------------------------------
Number of states:                                  1
Total time for successor computation:                  0.007s
Automaton transfers with branching:                0
Automaton transfer successors:                          378 (count: 378, min: 1, max: 1, avg: 1.00) [1 x 378]

CPA algorithm statistics
------------------------
Number of iterations:            369
Max size of waitlist:            9
Average size of waitlist:        1
Number of computed successors:   378
Max successors for one state:    2
Number of times merged:          0
Number of times stopped:         1
Number of times abs stopped:     16
Number of times nonAbs stopped:  150
Number of coverage check (part): 166
Number of times doAbstraction node:  54
Number of times breaked:         1

Total time for CPA algorithm:         0.071s (Max:     0.071s)
CPU time for CPA algorithm:           0.400s
  Time for choose from waitlist:      0.002s
  Time for precision adjustment:      0.009s
  Time for transfer relation:         0.039s
  Time for merge operator:            0.000s
  Time for stop operator:             0.007s
  Time for adding to reached set:     0.003s

PredicateCPA statistics
-----------------------
Read Precision Time:                0.000s
Precision file size:                53
Write Precision Time:               0.005s
Number of abstractions:            16 (3% of all post computations)
  Times abstraction was reused:    0
  Because of function entry/exit:  39 (244%)
  Because of loop head:            15 (94%)
  Because of join nodes:           0 (0%)
  Because of threshold:            0 (0%)
  Times precision was empty:       0 (0%)
  Times precision was {false}:     0 (0%)
  Times result was cached:         4 (9%)
  Times cartesian abs was used:    0 (0%)
  Times boolean abs was used:      40 (91%)
  Times result was 'false':        0 (0%)
Number of strengthen sat checks:   0
Number of coverage checks:         166
  BDD entailment checks:           16
Number of SMT sat checks:          522
  trivial:                         279
  cached:                          163

Max ABE block size:                       10
Number of predicates discovered:          2
Number of abstraction locations:          0
Max number of predicates per location:    0
Avg number of predicates per location:    0
Total predicates per abstraction:         53
Max number of predicates per abstraction: 2
Avg number of predicates per abstraction: 1.33
Number of irrelevant predicates:          4 (8%)
Number of preds handled by boolean abs:   49 (92%)
  Total number of models for allsat:      44
  Max number of models for allsat:        2
  Avg number of models for allsat:        1.10

Number of path formula cache hits:   126 (19%)

Time for post operator:                  0.525s
  Time for path formula creation:        0.169s
    Actual computation:                  0.159s
Time for strengthen operator:            0.012s
Time for prec operator:                  0.194s
  Time for abstraction:                  0.058s (Max:     0.012s, Count: 16)
    Boolean abstraction:                 0.063s
    Solving time:                        0.025s (Max:     0.003s)
    Model enumeration time:              0.005s
    Time for BDD construction:           0.002s (Max:     0.001s)
Time for merge operator:                 0.019s
Time for coverage check:                 0.000s
  Time for BDD entailment checks:        0.000s
Total time for SMT solver (w/o itp):     0.310s

Number of BDD nodes:                               204
Size of BDD node table:                            466043
Size of BDD cache:                                 46619
Size of BDD node cleanup queue:                           1 (count: 2504, min: 0, max: 1, avg: 0.00)
Time for BDD node cleanup:                             0.001s
Time for BDD garbage collection:                       0.000s (in 0 runs)

PrecisionBootstrap statistics
-----------------------------
Init. function predicates:                         0
Init. global predicates:                           0
Init. location predicates:                         0

ImpactedCPA statistics
----------------------
  Number of invariants partial hits:                            0
  Number of invariants hits:                                    28
  Number of invariants trys:                                    38
  Number of invariants bots:                                    10
  Number of invariants not valid:                               0
  Initial reached size:                                         503
  Input invariants file size:                                   1085
  Max impacted number of variables:                             0
  Number of last version invariants:                            28
  Number of this version invariants:                            28
  CPU time for invariant read:                                      0.210s
  CPU time for invariant write:                                     0.040s
  Time for invariant write:                                         0.024s
  Time for invariant read:                                          0.108s

AutomatonAnalysis (SVCOMP) statistics
-------------------------------------
Number of states:                                  1
Total time for successor computation:                  0.013s
Automaton transfers with branching:                0
Automaton transfer successors:                          603 (count: 603, min: 1, max: 1, avg: 1.00) [1 x 603]

CPA algorithm statistics
------------------------
Number of iterations:            72
Max size of waitlist:            12
Average size of waitlist:        8
Number of computed successors:   82
Max successors for one state:    2
Number of times merged:          66
Number of times stopped:         82
Number of times abs stopped:     16
Number of times nonAbs stopped:  150
Number of coverage check (part): 166
Number of times doAbstraction node:  54
Number of times breaked:         0

Total time for CPA algorithm:         0.139s (Max:     0.139s)
CPU time for CPA algorithm:           0.400s
  Time for choose from waitlist:      0.001s
  Time for precision adjustment:      0.062s
  Time for transfer relation:         0.034s
  Time for merge operator:            0.027s
  Time for stop operator:             0.005s
  Time for adding to reached set:     0.000s

Predicate-Abstraction Refiner statistics
----------------------------------------
  Predicate creation:                                  0.000s
  Precision update:                                    0.000s
  ARG update:                                          0.000s

Length of refined path (in blocks):                       0 (count: 0, min: 0, max: 0, avg: 0.00)
Number of affected states:                                0 (count: 0, min: 0, max: 0, avg: 0.00)
Length (states) of path with itp 'true':                  0 (count: 0, min: 0, max: 0, avg: 0.00)
Length (states) of path with itp non-trivial itp:         0 (count: 0, min: 0, max: 0, avg: 0.00)
Length (states) of path with itp 'false':                 0 (count: 0, min: 0, max: 0, avg: 0.00)
Different non-trivial interpolants along paths:           0 (count: 0, min: 0, max: 0, avg: 0.00)
Equal non-trivial interpolants along paths:               0 (count: 0, min: 0, max: 0, avg: 0.00)
Different precisions along paths:                         0 (count: 0, min: 0, max: 0, avg: 0.00)
Equal precisions along paths:                             0 (count: 0, min: 0, max: 0, avg: 0.00)
Number of refs with location-based cutoff:                0

CEGAR algorithm statistics
--------------------------
Number of refinements:                0
Refinement times:             0
First time for refinement:             0.139s
Last time for refinement:              0.139s
Average time for analysis:          0.139s
Number of analysis:                1

Code Coverage
-----------------------------
  Visited lines:          1386
  Total lines:            24
  Line coverage:          57.750

CPAchecker general statistics
-----------------------------
Number of program locations:     694
Number of CFA edges:             752
Number of relevant variables:    84
Number of functions:             31
Number of loops:                 3
Size of reached set:             503
  Number of reached locations:   490 (71%)
    Avg states per location:     1
    Max states per location:     5 (at node N296)
  Number of reached functions:   14 (45%)
  Number of partitions:          503
    Avg size of partitions:      1
    Max size of partitions:      1
  Number of target states:       0

Time for analysis setup:                   4.460s
  Time for cfa diff:                   2.093s
  Time for loading CPAs:                   0.393s
  Time for impacted traverse:              0.008s
  Time for loading parser:        0.035s
  Time for CFA construction:      0.872s
    Time for parsing file(s):     0.297s
    Time for AST to CFA:          0.308s
    Time for CFA sanity check:    0.000s
    Time for post-processing:     0.167s
      Time for var class.:        0.000s
Time for normal Analysis:                         0.139s
CPU time for analysis:                     1.710s
CPU time for impacted:                     0.570s
CPU time for normal analysis:              0.270s
CPU time for init:                         1.440s

Time for Garbage Collector:       0.116s (in 4 runs)
Garbage Collector(s) used:    PS MarkSweep, PS Scavenge
Used heap memory:                 79MB (    75 MiB) max;     34MB (    32 MiB) avg;    100MB (    96 MiB) peak
Used non-heap memory:             32MB (    31 MiB) max;     24MB (    23 MiB) avg;     35MB (    33 MiB) peak
Used in PS Old Gen pool:          21MB (    20 MiB) max;      5MB (     5 MiB) avg;     21MB (    20 MiB) peak
Allocated heap memory:           190MB (   182 MiB) max;    178MB (   170 MiB) avg
Allocated non-heap memory:        35MB (    34 MiB) max;     25MB (    24 MiB) avg
Total process virtual memory:  13307MB ( 12691 MiB) max;  13279MB ( 12664 MiB) avg

Verification result: TRUE. No property violation found by chosen configuration.
More details about the verification run can be found in the directory "/home/yqs17/blazer/cpachecker-inc-pred/output-us-precise-cfa/32_7a.staging--comedi--adl_pci7432.ko.set/021.fc330f4.32_7a.cil_safe.i".
