scripts/cpa.sh -heap 10000M -predicateAnalysis-ABElfb-debug -setprop cpa.impacted.eliminate=true -disable-java-assertions -outputpath /home/yqs17/blazer/cpachecker-inc-pred/output-us-precise-cfa/08_1a.block--drbd--drbd.ko.set/205.6c51038.08_1a.cil_safe.i -isIncPred -spec /home/yqs17/blazer/cpachecker-inc-pred/LDVErrorLabel.spc -stats -setprop cpa.impacted.pre_invariants.file=/home/yqs17/blazer/cpachecker-inc-pred/output-us-precise-cfa/08_1a.block--drbd--drbd.ko.set/202.01a16b2.08_1a.cil_safe.i/impacted-invariants.txt -setprop analysis.prev.program=/home/yqs17/blazer/cpachecker-inc-pred/programs/drivers--block--drbd--drbd.ko/202.01a16b2.08_1a.cil_safe.i -entryfunction ldv_main1_sequence_infinite_withcheck_stateful /home/yqs17/blazer/cpachecker-inc-pred/programs/drivers--block--drbd--drbd.ko/205.6c51038.08_1a.cil_safe.i


--------------------------------------------------------------------------------


Running CPAchecker with Java heap of size 10000M.
Running CPAchecker with the following extra VM options:  -Djava.io.tmpdir=/tmp/BenchExec_run_1oawqqf7/tmp
Number of modified edges: 553
Begin analysis 
Read invariant objects done
ImpactedCPA statistics
----------------------
  Number of invariants partial hits:                            0
  Number of invariants hits:                                    9
  Number of invariants trys:                                    12
  Number of invariants bots:                                    3
  Number of invariants not valid:                               0
  Initial reached size:                                         1947
  Input invariants file size:                                   3489
  Max impacted number of variables:                             0
  Number of last version invariants:                            651
  Number of this version invariants:                            0
  CPU time for invariant read:                                      0.410s
  CPU time for invariant write:                                     0.000s
  Time for invariant write:                                         0.000s
  Time for invariant read:                                          0.219s

AutomatonAnalysis (SVCOMP) statistics
-------------------------------------
Number of states:                                  1
Total time for successor computation:                  0.017s
Automaton transfers with branching:                0
Automaton transfer successors:                         1926 (count: 1926, min: 1, max: 1, avg: 1.00) [1 x 1926]

CPA algorithm statistics
------------------------
Number of iterations:            1921
Max size of waitlist:            5
Average size of waitlist:        1
Number of computed successors:   1926
Max successors for one state:    2
Number of times merged:          0
Number of times stopped:         3
Number of times abs stopped:     2
Number of times nonAbs stopped:  24
Number of coverage check (part): 26
Number of times doAbstraction node:  14
Number of times breaked:         1

Total time for CPA algorithm:         0.173s (Max:     0.173s)
CPU time for CPA algorithm:           0.360s
  Time for choose from waitlist:      0.005s
  Time for precision adjustment:      0.014s
  Time for transfer relation:         0.108s
  Time for merge operator:            0.001s
  Time for stop operator:             0.009s
  Time for adding to reached set:     0.006s

PredicateCPA statistics
-----------------------
Read Precision Time:                0.000s
Precision file size:                411
Write Precision Time:               0.002s
Number of abstractions:            2 (0% of all post computations)
  Times abstraction was reused:    0
  Because of function entry/exit:  10 (500%)
  Because of loop head:            4 (200%)
  Because of join nodes:           0 (0%)
  Because of threshold:            0 (0%)
  Times precision was empty:       0 (0%)
  Times precision was {false}:     0 (0%)
  Times result was cached:         0 (0%)
  Times cartesian abs was used:    0 (0%)
  Times boolean abs was used:      11 (100%)
  Times result was 'false':        0 (0%)
Number of strengthen sat checks:   0
Number of coverage checks:         26
  BDD entailment checks:           2
Number of SMT sat checks:          1952
  trivial:                         1074
  cached:                          816

Max ABE block size:                       2
Number of predicates discovered:          1
Number of abstraction locations:          0
Max number of predicates per location:    0
Avg number of predicates per location:    0
Total predicates per abstraction:         11
Max number of predicates per abstraction: 1
Avg number of predicates per abstraction: 1.00
Number of irrelevant predicates:          0 (0%)
Number of preds handled by boolean abs:   11 (100%)
  Total number of models for allsat:      11
  Max number of models for allsat:        1
  Avg number of models for allsat:        1.00

Number of path formula cache hits:   19 (1%)

Time for post operator:                  2.526s
  Time for path formula creation:        0.669s
    Actual computation:                  0.642s
Time for strengthen operator:            0.002s
Time for prec operator:                  0.115s
  Time for abstraction:                  0.004s (Max:     0.002s, Count: 2)
    Boolean abstraction:                 0.058s
    Solving time:                        0.039s (Max:     0.039s)
    Model enumeration time:              0.002s
    Time for BDD construction:           0.007s (Max:     0.007s)
Time for merge operator:                 0.004s
Time for coverage check:                 0.000s
  Time for BDD entailment checks:        0.000s
Total time for SMT solver (w/o itp):     1.210s

Number of BDD nodes:                               202
Size of BDD node table:                            466043
Size of BDD cache:                                 46619
Size of BDD node cleanup queue:                           0 (count: 89326, min: 0, max: 0, avg: 0.00)
Time for BDD node cleanup:                             0.010s
Time for BDD garbage collection:                       0.000s (in 0 runs)

PrecisionBootstrap statistics
-----------------------------
Init. function predicates:                         0
Init. global predicates:                           0
Init. location predicates:                         0

ImpactedCPA statistics
----------------------
  Number of invariants partial hits:                            0
  Number of invariants hits:                                    9
  Number of invariants trys:                                    12
  Number of invariants bots:                                    3
  Number of invariants not valid:                               0
  Initial reached size:                                         1947
  Input invariants file size:                                   3489
  Max impacted number of variables:                             0
  Number of last version invariants:                            651
  Number of this version invariants:                            9
  CPU time for invariant read:                                      0.410s
  CPU time for invariant write:                                     0.140s
  Time for invariant write:                                         0.069s
  Time for invariant read:                                          0.219s

AutomatonAnalysis (SVCOMP) statistics
-------------------------------------
Number of states:                                  1
Total time for successor computation:                  0.009s
Automaton transfers with branching:                0
Automaton transfer successors:                         1963 (count: 1963, min: 1, max: 1, avg: 1.00) [1 x 1963]

CPA algorithm statistics
------------------------
Number of iterations:            12
Max size of waitlist:            3
Average size of waitlist:        2
Number of computed successors:   12
Max successors for one state:    2
Number of times merged:          10
Number of times stopped:         12
Number of times abs stopped:     2
Number of times nonAbs stopped:  24
Number of coverage check (part): 26
Number of times doAbstraction node:  14
Number of times breaked:         0

Total time for CPA algorithm:         0.008s (Max:     0.008s)
CPU time for CPA algorithm:           0.360s
  Time for choose from waitlist:      0.000s
  Time for precision adjustment:      0.004s
  Time for transfer relation:         0.001s
  Time for merge operator:            0.002s
  Time for stop operator:             0.001s
  Time for adding to reached set:     0.000s

Predicate-Abstraction Refiner statistics
----------------------------------------
  Predicate creation:                                  0.000s
  Precision update:                                    0.000s
  ARG update:                                          0.000s

Length of refined path (in blocks):                       0 (count: 0, min: 0, max: 0, avg: 0.00)
Number of affected states:                                0 (count: 0, min: 0, max: 0, avg: 0.00)
Length (states) of path with itp 'true':                  0 (count: 0, min: 0, max: 0, avg: 0.00)
Length (states) of path with itp non-trivial itp:         0 (count: 0, min: 0, max: 0, avg: 0.00)
Length (states) of path with itp 'false':                 0 (count: 0, min: 0, max: 0, avg: 0.00)
Different non-trivial interpolants along paths:           0 (count: 0, min: 0, max: 0, avg: 0.00)
Equal non-trivial interpolants along paths:               0 (count: 0, min: 0, max: 0, avg: 0.00)
Different precisions along paths:                         0 (count: 0, min: 0, max: 0, avg: 0.00)
Equal precisions along paths:                             0 (count: 0, min: 0, max: 0, avg: 0.00)
Number of refs with location-based cutoff:                0

CEGAR algorithm statistics
--------------------------
Number of refinements:                0
Refinement times:             0
First time for refinement:             0.008s
Last time for refinement:              0.008s
Average time for analysis:          0.008s
Number of analysis:                1

Code Coverage
-----------------------------
  Visited lines:          6259
  Total lines:            9
  Line coverage:          695.444

CPAchecker general statistics
-----------------------------
Number of program locations:     29301
Number of CFA edges:             40362
Number of relevant variables:    5685
Number of functions:             655
Number of loops:                 179
Size of reached set:             1947
  Number of reached locations:   1943 (7%)
    Avg states per location:     1
    Max states per location:     2 (at node N2545)
  Number of reached functions:   5 (1%)
  Number of partitions:          1947
    Avg size of partitions:      1
    Max size of partitions:      1
  Number of target states:       0

Time for analysis setup:                  60.716s
  Time for cfa diff:                  50.385s
  Time for loading CPAs:                   0.707s
  Time for impacted traverse:              0.091s
  Time for loading parser:        0.032s
  Time for CFA construction:      6.044s
    Time for parsing file(s):     1.141s
    Time for AST to CFA:          2.195s
    Time for CFA sanity check:    0.001s
    Time for post-processing:     2.178s
      Time for var class.:        0.000s
Time for normal Analysis:                         0.009s
CPU time for analysis:                     5.630s
CPU time for impacted:                     1.130s
CPU time for normal analysis:              0.020s
CPU time for init:                         5.610s

Time for Garbage Collector:       1.646s (in 11 runs)
Garbage Collector(s) used:    PS MarkSweep, PS Scavenge
Used heap memory:                643MB (   613 MiB) max;    326MB (   311 MiB) avg;    749MB (   714 MiB) peak
Used non-heap memory:             45MB (    43 MiB) max;     33MB (    31 MiB) avg;     47MB (    45 MiB) peak
Used in PS Old Gen pool:         121MB (   116 MiB) max;     97MB (    93 MiB) avg;    121MB (   116 MiB) peak
Allocated heap memory:           835MB (   797 MiB) max;    693MB (   661 MiB) avg
Allocated non-heap memory:        46MB (    44 MiB) max;     34MB (    32 MiB) avg
Total process virtual memory:  13309MB ( 12693 MiB) max;  13291MB ( 12675 MiB) avg

Verification result: TRUE. No property violation found by chosen configuration.
More details about the verification run can be found in the directory "/home/yqs17/blazer/cpachecker-inc-pred/output-us-precise-cfa/08_1a.block--drbd--drbd.ko.set/205.6c51038.08_1a.cil_safe.i".
