scripts/cpa.sh -heap 10000M -predicateAnalysis-ABElfb-debug -setprop cpa.impacted.eliminate=true -disable-java-assertions -outputpath /home/yqs17/blazer/cpachecker-inc-pred/output-us-precise-cfa/32_7a.usb--serial--spcp8x5.ko.set/034.adc8d74.32_7a.cil_safe.i -isIncPred -spec /home/yqs17/blazer/cpachecker-inc-pred/LDVErrorLabel.spc -stats -setprop cpa.impacted.pre_invariants.file=/home/yqs17/blazer/cpachecker-inc-pred/output-us-precise-cfa/32_7a.usb--serial--spcp8x5.ko.set/033.fe2baf8.32_7a.cil_safe.i/impacted-invariants.txt -setprop analysis.prev.program=/home/yqs17/blazer/cpachecker-inc-pred/programs/drivers--usb--serial--spcp8x5.ko/033.fe2baf8.32_7a.cil_safe.i -entryfunction ldv_main0_sequence_infinite_withcheck_stateful /home/yqs17/blazer/cpachecker-inc-pred/programs/drivers--usb--serial--spcp8x5.ko/034.adc8d74.32_7a.cil_safe.i


--------------------------------------------------------------------------------


Running CPAchecker with Java heap of size 10000M.
Running CPAchecker with the following extra VM options:  -Djava.io.tmpdir=/tmp/BenchExec_run_079wkn6v/tmp
Number of modified edges: 95
Begin analysis 
Read invariant objects done
ImpactedCPA statistics
----------------------
  Number of invariants partial hits:                            0
  Number of invariants hits:                                    30
  Number of invariants trys:                                    45
  Number of invariants bots:                                    15
  Number of invariants not valid:                               0
  Initial reached size:                                         1033
  Input invariants file size:                                   3602
  Max impacted number of variables:                             0
  Number of last version invariants:                            113
  Number of this version invariants:                            0
  CPU time for invariant read:                                      0.730s
  CPU time for invariant write:                                     0.000s
  Time for invariant write:                                         0.000s
  Time for invariant read:                                          0.397s

AutomatonAnalysis (SVCOMP) statistics
-------------------------------------
Number of states:                                  1
Total time for successor computation:                  0.011s
Automaton transfers with branching:                0
Automaton transfer successors:                          744 (count: 744, min: 1, max: 1, avg: 1.00) [1 x 744]

CPA algorithm statistics
------------------------
Number of iterations:            733
Max size of waitlist:            10
Average size of waitlist:        1
Number of computed successors:   744
Max successors for one state:    2
Number of times merged:          0
Number of times stopped:         2
Number of times abs stopped:     51
Number of times nonAbs stopped:  686
Number of coverage check (part): 737
Number of times doAbstraction node:  276
Number of times breaked:         1

Total time for CPA algorithm:         0.101s (Max:     0.101s)
CPU time for CPA algorithm:           2.660s
  Time for choose from waitlist:      0.004s
  Time for precision adjustment:      0.010s
  Time for transfer relation:         0.053s
  Time for merge operator:            0.000s
  Time for stop operator:             0.005s
  Time for adding to reached set:     0.007s

PredicateCPA statistics
-----------------------
Read Precision Time:                0.000s
Precision file size:                51
Write Precision Time:               0.004s
Number of abstractions:            231 (8% of all post computations)
  Times abstraction was reused:    0
  Because of function entry/exit:  252 (109%)
  Because of loop head:            24 (10%)
  Because of join nodes:           0 (0%)
  Because of threshold:            0 (0%)
  Times precision was empty:       0 (0%)
  Times precision was {false}:     0 (0%)
  Times result was cached:         46 (18%)
  Times cartesian abs was used:    0 (0%)
  Times boolean abs was used:      215 (82%)
  Times result was 'false':        0 (0%)
Number of strengthen sat checks:   0
Number of coverage checks:         737
  BDD entailment checks:           51
Number of SMT sat checks:          1068
  trivial:                         617
  cached:                          291

Max ABE block size:                       35
Number of predicates discovered:          5
Number of abstraction locations:          0
Max number of predicates per location:    0
Avg number of predicates per location:    0
Total predicates per abstraction:         1071
Max number of predicates per abstraction: 5
Avg number of predicates per abstraction: 4.98
Number of irrelevant predicates:          0 (0%)
Number of preds handled by boolean abs:   1071 (100%)
  Total number of models for allsat:      340
  Max number of models for allsat:        2
  Avg number of models for allsat:        1.58

Number of path formula cache hits:   272 (9%)

Time for post operator:                  1.247s
  Time for path formula creation:        0.532s
    Actual computation:                  0.494s
Time for strengthen operator:            0.016s
Time for prec operator:                  0.809s
  Time for abstraction:                  0.522s (Max:     0.023s, Count: 231)
    Boolean abstraction:                 0.331s
    Solving time:                        0.084s (Max:     0.005s)
    Model enumeration time:              0.079s
    Time for BDD construction:           0.007s (Max:     0.001s)
Time for merge operator:                 0.136s
Time for coverage check:                 0.003s
  Time for BDD entailment checks:        0.002s
Total time for SMT solver (w/o itp):     0.615s

Number of BDD nodes:                               235
Size of BDD node table:                            466043
Size of BDD cache:                                 46619
Size of BDD node cleanup queue:                         104 (count: 7039, min: 0, max: 104, avg: 0.01)
Time for BDD node cleanup:                             0.000s
Time for BDD garbage collection:                       0.000s (in 0 runs)

PrecisionBootstrap statistics
-----------------------------
Init. function predicates:                         0
Init. global predicates:                           0
Init. location predicates:                         0

ImpactedCPA statistics
----------------------
  Number of invariants partial hits:                            0
  Number of invariants hits:                                    30
  Number of invariants trys:                                    45
  Number of invariants bots:                                    15
  Number of invariants not valid:                               0
  Initial reached size:                                         1033
  Input invariants file size:                                   3602
  Max impacted number of variables:                             0
  Number of last version invariants:                            113
  Number of this version invariants:                            113
  CPU time for invariant read:                                      0.730s
  CPU time for invariant write:                                     0.120s
  Time for invariant write:                                         0.058s
  Time for invariant read:                                          0.397s

AutomatonAnalysis (SVCOMP) statistics
-------------------------------------
Number of states:                                  1
Total time for successor computation:                  0.009s
Automaton transfers with branching:                0
Automaton transfer successors:                         2838 (count: 2838, min: 1, max: 1, avg: 1.00) [1 x 2838]

CPA algorithm statistics
------------------------
Number of iterations:            1586
Max size of waitlist:            58
Average size of waitlist:        25
Number of computed successors:   1772
Max successors for one state:    2
Number of times merged:          324
Number of times stopped:         375
Number of times abs stopped:     51
Number of times nonAbs stopped:  686
Number of coverage check (part): 737
Number of times doAbstraction node:  276
Number of times breaked:         0

Total time for CPA algorithm:         1.248s (Max:     1.248s)
CPU time for CPA algorithm:           2.660s
  Time for choose from waitlist:      0.006s
  Time for precision adjustment:      0.548s
  Time for transfer relation:         0.461s
  Time for merge operator:            0.154s
  Time for stop operator:             0.021s
  Time for adding to reached set:     0.009s

Predicate-Abstraction Refiner statistics
----------------------------------------
  Predicate creation:                                  0.000s
  Precision update:                                    0.000s
  ARG update:                                          0.000s

Length of refined path (in blocks):                       0 (count: 0, min: 0, max: 0, avg: 0.00)
Number of affected states:                                0 (count: 0, min: 0, max: 0, avg: 0.00)
Length (states) of path with itp 'true':                  0 (count: 0, min: 0, max: 0, avg: 0.00)
Length (states) of path with itp non-trivial itp:         0 (count: 0, min: 0, max: 0, avg: 0.00)
Length (states) of path with itp 'false':                 0 (count: 0, min: 0, max: 0, avg: 0.00)
Different non-trivial interpolants along paths:           0 (count: 0, min: 0, max: 0, avg: 0.00)
Equal non-trivial interpolants along paths:               0 (count: 0, min: 0, max: 0, avg: 0.00)
Different precisions along paths:                         0 (count: 0, min: 0, max: 0, avg: 0.00)
Equal precisions along paths:                             0 (count: 0, min: 0, max: 0, avg: 0.00)
Number of refs with location-based cutoff:                0

CEGAR algorithm statistics
--------------------------
Number of refinements:                0
Refinement times:             0
First time for refinement:             1.248s
Last time for refinement:              1.248s
Average time for analysis:          1.248s
Number of analysis:                1

Code Coverage
-----------------------------
  Visited lines:          3784
  Total lines:            10
  Line coverage:          378.400

CPAchecker general statistics
-----------------------------
Number of program locations:     1744
Number of CFA edges:             2004
Number of relevant variables:    244
Number of functions:             52
Number of loops:                 5
Size of reached set:             2430
  Number of reached locations:   1561 (90%)
    Avg states per location:     1
    Max states per location:     23 (at node N1034)
  Number of reached functions:   32 (62%)
  Number of partitions:          2421
    Avg size of partitions:      1
    Max size of partitions:      2 (with key [N95 (entry of function __create_pipe in include/linux/usb.h, lines 1622-1630), -1163111754, Init])
  Number of target states:       0

Time for analysis setup:                   8.218s
  Time for cfa diff:                   4.524s
  Time for loading CPAs:                   0.398s
  Time for impacted traverse:              0.014s
  Time for loading parser:        0.028s
  Time for CFA construction:      1.301s
    Time for parsing file(s):     0.411s
    Time for AST to CFA:          0.421s
    Time for CFA sanity check:    0.000s
    Time for post-processing:     0.300s
      Time for var class.:        0.000s
Time for normal Analysis:                         1.248s
CPU time for analysis:                     5.050s
CPU time for impacted:                     0.700s
CPU time for normal analysis:              2.470s
CPU time for init:                         2.580s

Time for Garbage Collector:       0.218s (in 7 runs)
Garbage Collector(s) used:    PS MarkSweep, PS Scavenge
Used heap memory:                182MB (   173 MiB) max;     62MB (    59 MiB) avg;    227MB (   216 MiB) peak
Used non-heap memory:             37MB (    35 MiB) max;     27MB (    26 MiB) avg;     38MB (    37 MiB) peak
Used in PS Old Gen pool:          30MB (    29 MiB) max;     15MB (    14 MiB) avg;     34MB (    33 MiB) peak
Allocated heap memory:           380MB (   362 MiB) max;    217MB (   207 MiB) avg
Allocated non-heap memory:        39MB (    37 MiB) max;     28MB (    27 MiB) avg
Total process virtual memory:  13308MB ( 12692 MiB) max;  13287MB ( 12672 MiB) avg

Verification result: TRUE. No property violation found by chosen configuration.
More details about the verification run can be found in the directory "/home/yqs17/blazer/cpachecker-inc-pred/output-us-precise-cfa/32_7a.usb--serial--spcp8x5.ko.set/034.adc8d74.32_7a.cil_safe.i".
