scripts/cpa.sh -heap 10000M -predicateAnalysis-ABElfb-debug -setprop cpa.impacted.eliminate=true -disable-java-assertions -outputpath /home/yqs17/blazer/cpachecker-inc-pred/output-us-precise-cfa/39_7a.regulator--gpio-regulator.ko.set/015.216f2b9.39_7a.cil_safe.i -isIncPred -spec /home/yqs17/blazer/cpachecker-inc-pred/LDVErrorLabel.spc -stats -setprop cpa.impacted.pre_invariants.file=/home/yqs17/blazer/cpachecker-inc-pred/output-us-precise-cfa/39_7a.regulator--gpio-regulator.ko.set/014.f8a9f75.39_7a.cil_safe.i/impacted-invariants.txt -setprop analysis.prev.program=/home/yqs17/blazer/cpachecker-inc-pred/programs/drivers--regulator--gpio-regulator.ko/014.f8a9f75.39_7a.cil_safe.i -entryfunction ldv_main0_sequence_infinite_withcheck_stateful /home/yqs17/blazer/cpachecker-inc-pred/programs/drivers--regulator--gpio-regulator.ko/015.216f2b9.39_7a.cil_safe.i


--------------------------------------------------------------------------------


Running CPAchecker with Java heap of size 10000M.
Running CPAchecker with the following extra VM options:  -Djava.io.tmpdir=/tmp/BenchExec_run_4m88vmh6/tmp
Number of modified edges: 13
Begin analysis 
Read invariant objects done
ImpactedCPA statistics
----------------------
  Number of invariants partial hits:                            0
  Number of invariants hits:                                    6
  Number of invariants trys:                                    7
  Number of invariants bots:                                    1
  Number of invariants not valid:                               0
  Initial reached size:                                         578
  Input invariants file size:                                   1343
  Max impacted number of variables:                             0
  Number of last version invariants:                            33
  Number of this version invariants:                            0
  CPU time for invariant read:                                      0.160s
  CPU time for invariant write:                                     0.000s
  Time for invariant write:                                         0.000s
  Time for invariant read:                                          0.087s

AutomatonAnalysis (SVCOMP) statistics
-------------------------------------
Number of states:                                  1
Total time for successor computation:                  0.010s
Automaton transfers with branching:                0
Automaton transfer successors:                          581 (count: 581, min: 1, max: 1, avg: 1.00) [1 x 581]

CPA algorithm statistics
------------------------
Number of iterations:            576
Max size of waitlist:            5
Average size of waitlist:        1
Number of computed successors:   581
Max successors for one state:    2
Number of times merged:          0
Number of times stopped:         1
Number of times abs stopped:     0
Number of times nonAbs stopped:  2
Number of coverage check (part): 2
Number of times doAbstraction node:  7
Number of times breaked:         1

Total time for CPA algorithm:         0.083s (Max:     0.083s)
CPU time for CPA algorithm:           0.160s
  Time for choose from waitlist:      0.000s
  Time for precision adjustment:      0.018s
  Time for transfer relation:         0.041s
  Time for merge operator:            0.000s
  Time for stop operator:             0.005s
  Time for adding to reached set:     0.001s

PredicateCPA statistics
-----------------------
Read Precision Time:                0.000s
Precision file size:                10905
Write Precision Time:               0.002s
Number of abstractions:            0 (0% of all post computations)
Number of strengthen sat checks:   0
Number of coverage checks:         2
  BDD entailment checks:           0
Number of SMT sat checks:          582
  trivial:                         444
  cached:                          108

Max ABE block size:                       0
Number of predicates discovered:          7
Number of abstraction locations:          0
Max number of predicates per location:    0
Avg number of predicates per location:    0
Total predicates per abstraction:         28
Max number of predicates per abstraction: 7
Avg number of predicates per abstraction: 4.67
Number of irrelevant predicates:          0 (0%)
Number of preds handled by boolean abs:   28 (100%)
  Total number of models for allsat:      6
  Max number of models for allsat:        1
  Avg number of models for allsat:        1.00

Number of path formula cache hits:   1 (0%)

Time for post operator:                  0.296s
  Time for path formula creation:        0.109s
    Actual computation:                  0.102s
Time for strengthen operator:            0.003s
Time for prec operator:                  0.067s
Time for merge operator:                 0.002s
Time for coverage check:                 0.000s
Total time for SMT solver (w/o itp):     0.107s

Number of BDD nodes:                               235
Size of BDD node table:                            466043
Size of BDD cache:                                 46619
Size of BDD node cleanup queue:                           0 (count: 4557, min: 0, max: 0, avg: 0.00)
Time for BDD node cleanup:                             0.001s
Time for BDD garbage collection:                       0.000s (in 0 runs)

PrecisionBootstrap statistics
-----------------------------
Init. function predicates:                         0
Init. global predicates:                           0
Init. location predicates:                         0

ImpactedCPA statistics
----------------------
  Number of invariants partial hits:                            0
  Number of invariants hits:                                    6
  Number of invariants trys:                                    7
  Number of invariants bots:                                    1
  Number of invariants not valid:                               0
  Initial reached size:                                         578
  Input invariants file size:                                   1343
  Max impacted number of variables:                             0
  Number of last version invariants:                            33
  Number of this version invariants:                            6
  CPU time for invariant read:                                      0.160s
  CPU time for invariant write:                                     0.040s
  Time for invariant write:                                         0.017s
  Time for invariant read:                                          0.087s

AutomatonAnalysis (SVCOMP) statistics
-------------------------------------
Number of states:                                  1
Total time for successor computation:                  0.003s
Automaton transfers with branching:                0
Automaton transfer successors:                          579 (count: 579, min: 1, max: 1, avg: 1.00) [1 x 579]

CPA algorithm statistics
------------------------
Number of iterations:            2
Max size of waitlist:            1
Average size of waitlist:        1
Number of computed successors:   1
Max successors for one state:    1
Number of times merged:          1
Number of times stopped:         1
Number of times abs stopped:     0
Number of times nonAbs stopped:  2
Number of coverage check (part): 2
Number of times doAbstraction node:  7
Number of times breaked:         0

Total time for CPA algorithm:         0.007s (Max:     0.007s)
CPU time for CPA algorithm:           0.160s
  Time for choose from waitlist:      0.000s
  Time for precision adjustment:      0.001s
  Time for transfer relation:         0.000s
  Time for merge operator:            0.006s
  Time for stop operator:             0.000s
  Time for adding to reached set:     0.000s

Predicate-Abstraction Refiner statistics
----------------------------------------
  Predicate creation:                                  0.000s
  Precision update:                                    0.000s
  ARG update:                                          0.000s

Length of refined path (in blocks):                       0 (count: 0, min: 0, max: 0, avg: 0.00)
Number of affected states:                                0 (count: 0, min: 0, max: 0, avg: 0.00)
Length (states) of path with itp 'true':                  0 (count: 0, min: 0, max: 0, avg: 0.00)
Length (states) of path with itp non-trivial itp:         0 (count: 0, min: 0, max: 0, avg: 0.00)
Length (states) of path with itp 'false':                 0 (count: 0, min: 0, max: 0, avg: 0.00)
Different non-trivial interpolants along paths:           0 (count: 0, min: 0, max: 0, avg: 0.00)
Equal non-trivial interpolants along paths:               0 (count: 0, min: 0, max: 0, avg: 0.00)
Different precisions along paths:                         0 (count: 0, min: 0, max: 0, avg: 0.00)
Equal precisions along paths:                             0 (count: 0, min: 0, max: 0, avg: 0.00)
Number of refs with location-based cutoff:                0

CEGAR algorithm statistics
--------------------------
Number of refinements:                0
Refinement times:             0
First time for refinement:             0.008s
Last time for refinement:              0.008s
Average time for analysis:          0.008s
Number of analysis:                1

Code Coverage
-----------------------------
  Visited lines:          2084
  Total lines:            12
  Line coverage:          173.667

CPAchecker general statistics
-----------------------------
Number of program locations:     1444
Number of CFA edges:             1606
Number of relevant variables:    184
Number of functions:             66
Number of loops:                 10
Size of reached set:             578
  Number of reached locations:   578 (40%)
    Avg states per location:     1
    Max states per location:     1 (at node N557)
  Number of reached functions:   4 (6%)
  Number of partitions:          578
    Avg size of partitions:      1
    Max size of partitions:      1
  Number of target states:       0

Time for analysis setup:                   5.200s
  Time for cfa diff:                   2.569s
  Time for loading CPAs:                   0.403s
  Time for impacted traverse:              0.010s
  Time for loading parser:        0.025s
  Time for CFA construction:      1.350s
    Time for parsing file(s):     0.402s
    Time for AST to CFA:          0.495s
    Time for CFA sanity check:    0.000s
    Time for post-processing:     0.316s
      Time for var class.:        0.000s
Time for normal Analysis:                         0.013s
CPU time for analysis:                     1.060s
CPU time for impacted:                     0.610s
CPU time for normal analysis:              0.020s
CPU time for init:                         1.040s

Time for Garbage Collector:       0.151s (in 5 runs)
Garbage Collector(s) used:    PS MarkSweep, PS Scavenge
Used heap memory:                 90MB (    85 MiB) max;     54MB (    52 MiB) avg;    110MB (   105 MiB) peak
Used non-heap memory:             33MB (    31 MiB) max;     24MB (    23 MiB) avg;     35MB (    34 MiB) peak
Used in PS Old Gen pool:          21MB (    20 MiB) max;      5MB (     5 MiB) avg;     24MB (    23 MiB) peak
Allocated heap memory:           258MB (   246 MiB) max;    186MB (   177 MiB) avg
Allocated non-heap memory:        36MB (    34 MiB) max;     25MB (    24 MiB) avg
Total process virtual memory:  13307MB ( 12691 MiB) max;  13275MB ( 12660 MiB) avg

Verification result: TRUE. No property violation found by chosen configuration.
More details about the verification run can be found in the directory "/home/yqs17/blazer/cpachecker-inc-pred/output-us-precise-cfa/39_7a.regulator--gpio-regulator.ko.set/015.216f2b9.39_7a.cil_safe.i".
