scripts/cpa.sh -heap 10000M -predicateAnalysis-ABElfb-debug -setprop cpa.impacted.eliminate=true -disable-java-assertions -outputpath /home/yqs17/blazer/cpachecker-inc-pred/output-us-precise-cfa/32_7a.staging--comedi--comedi_bond.ko.set/026.5207066.32_7a.cil_safe.i -isIncPred -spec /home/yqs17/blazer/cpachecker-inc-pred/LDVErrorLabel.spc -stats -setprop cpa.impacted.pre_invariants.file=/home/yqs17/blazer/cpachecker-inc-pred/output-us-precise-cfa/32_7a.staging--comedi--comedi_bond.ko.set/025.8b6c569.32_7a.cil_safe.i/impacted-invariants.txt -setprop analysis.prev.program=/home/yqs17/blazer/cpachecker-inc-pred/programs/drivers--staging--comedi--comedi_bond.ko/025.8b6c569.32_7a.cil_safe.i -entryfunction ldv_main0_sequence_infinite_withcheck_stateful /home/yqs17/blazer/cpachecker-inc-pred/programs/drivers--staging--comedi--comedi_bond.ko/026.5207066.32_7a.cil_safe.i


--------------------------------------------------------------------------------


Running CPAchecker with Java heap of size 10000M.
Running CPAchecker with the following extra VM options:  -Djava.io.tmpdir=/tmp/BenchExec_run_ea_z1orr/tmp
Number of modified edges: 0
Begin analysis 
Read invariant objects done
PredicateCPA statistics
-----------------------
Read Precision Time:                0.000s
Precision file size:                262
Write Precision Time:               0.001s
Number of abstractions:            13 (2% of all post computations)
  Times abstraction was reused:    0
  Because of function entry/exit:  27 (208%)
  Because of loop head:            16 (123%)
  Because of join nodes:           0 (0%)
  Because of threshold:            0 (0%)
  Times precision was empty:       0 (0%)
  Times precision was {false}:     0 (0%)
  Times result was cached:         1 (3%)
  Times cartesian abs was used:    0 (0%)
  Times boolean abs was used:      32 (97%)
  Times result was 'false':        0 (0%)
Number of strengthen sat checks:   0
Number of coverage checks:         299
  BDD entailment checks:           13
Number of SMT sat checks:          578
  trivial:                         294
  cached:                          163

Max ABE block size:                       37
Number of predicates discovered:          2
Number of abstraction locations:          0
Max number of predicates per location:    0
Avg number of predicates per location:    0
Total predicates per abstraction:         44
Max number of predicates per abstraction: 2
Avg number of predicates per abstraction: 1.38
Number of irrelevant predicates:          0 (0%)
Number of preds handled by boolean abs:   44 (100%)
  Total number of models for allsat:      32
  Max number of models for allsat:        1
  Avg number of models for allsat:        1.00

Number of path formula cache hits:   192 (25%)

Time for post operator:                  2.054s
  Time for path formula creation:        0.403s
    Actual computation:                  0.384s
Time for strengthen operator:            0.006s
Time for prec operator:                  0.323s
  Time for abstraction:                  0.171s (Max:     0.099s, Count: 13)
    Boolean abstraction:                 0.087s
    Solving time:                        0.062s (Max:     0.018s)
    Model enumeration time:              0.001s
    Time for BDD construction:           0.007s (Max:     0.003s)
Time for merge operator:                 0.448s
Time for coverage check:                 0.000s
  Time for BDD entailment checks:        0.000s
Total time for SMT solver (w/o itp):     1.470s

Number of BDD nodes:                               203
Size of BDD node table:                            466043
Size of BDD cache:                                 46619
Size of BDD node cleanup queue:                          26 (count: 2781, min: 0, max: 23, avg: 0.01)
Time for BDD node cleanup:                             0.002s
Time for BDD garbage collection:                       0.000s (in 0 runs)

PrecisionBootstrap statistics
-----------------------------
Init. function predicates:                         0
Init. global predicates:                           0
Init. location predicates:                         0

ImpactedCPA statistics
----------------------
  Number of invariants partial hits:                            0
  Number of invariants hits:                                    20
  Number of invariants trys:                                    30
  Number of invariants bots:                                    10
  Number of invariants not valid:                               0
  Initial reached size:                                         555
  Input invariants file size:                                   973
  Max impacted number of variables:                             0
  Number of last version invariants:                            25
  Number of this version invariants:                            20
  CPU time for invariant read:                                      0.170s
  CPU time for invariant write:                                     0.050s
  Time for invariant write:                                         0.020s
  Time for invariant read:                                          0.086s

AutomatonAnalysis (SVCOMP) statistics
-------------------------------------
Number of states:                                  1
Total time for successor computation:                  0.007s
Automaton transfers with branching:                0
Automaton transfer successors:                          720 (count: 720, min: 1, max: 1, avg: 1.00) [1 x 720]

CPA algorithm statistics
------------------------
Number of iterations:            127
Max size of waitlist:            12
Average size of waitlist:        7
Number of computed successors:   143
Max successors for one state:    2
Number of times merged:          130
Number of times stopped:         143
Number of times abs stopped:     13
Number of times nonAbs stopped:  286
Number of coverage check (part): 299
Number of times doAbstraction node:  43
Number of times breaked:         0

Total time for CPA algorithm:         0.579s (Max:     0.579s)
CPU time for CPA algorithm:           1.150s
  Time for choose from waitlist:      0.000s
  Time for precision adjustment:      0.185s
  Time for transfer relation:         0.025s
  Time for merge operator:            0.357s
  Time for stop operator:             0.007s
  Time for adding to reached set:     0.000s

Predicate-Abstraction Refiner statistics
----------------------------------------
  Predicate creation:                                  0.000s
  Precision update:                                    0.000s
  ARG update:                                          0.000s

Length of refined path (in blocks):                       0 (count: 0, min: 0, max: 0, avg: 0.00)
Number of affected states:                                0 (count: 0, min: 0, max: 0, avg: 0.00)
Length (states) of path with itp 'true':                  0 (count: 0, min: 0, max: 0, avg: 0.00)
Length (states) of path with itp non-trivial itp:         0 (count: 0, min: 0, max: 0, avg: 0.00)
Length (states) of path with itp 'false':                 0 (count: 0, min: 0, max: 0, avg: 0.00)
Different non-trivial interpolants along paths:           0 (count: 0, min: 0, max: 0, avg: 0.00)
Equal non-trivial interpolants along paths:               0 (count: 0, min: 0, max: 0, avg: 0.00)
Different precisions along paths:                         0 (count: 0, min: 0, max: 0, avg: 0.00)
Equal precisions along paths:                             0 (count: 0, min: 0, max: 0, avg: 0.00)
Number of refs with location-based cutoff:                0

CEGAR algorithm statistics
--------------------------
Number of refinements:                0
Refinement times:             0
First time for refinement:             0.580s
Last time for refinement:              0.580s
Average time for analysis:          0.580s
Number of analysis:                1

Code Coverage
-----------------------------
  Visited lines:          1419
  Total lines:            24
  Line coverage:          59.125

CPAchecker general statistics
-----------------------------
Number of program locations:     817
Number of CFA edges:             881
Number of relevant variables:    126
Number of functions:             24
Number of loops:                 5
Size of reached set:             555
  Number of reached locations:   547 (67%)
    Avg states per location:     1
    Max states per location:     3 (at node N432)
  Number of reached functions:   9 (38%)
  Number of partitions:          555
    Avg size of partitions:      1
    Max size of partitions:      1
  Number of target states:       0

Time for analysis setup:                   6.170s
  Time for cfa diff:                   2.125s
  Time for loading CPAs:                   0.346s
  Time for impacted traverse:              0.004s
  Time for loading parser:        0.027s
  Time for CFA construction:      0.996s
    Time for parsing file(s):     0.300s
    Time for AST to CFA:          0.389s
    Time for CFA sanity check:    0.000s
    Time for post-processing:     0.205s
      Time for var class.:        0.000s
Time for normal Analysis:                         0.580s
CPU time for analysis:                     5.930s
CPU time for impacted:                     0.000s
CPU time for normal analysis:              1.150s
CPU time for init:                         4.780s

Time for Garbage Collector:       0.150s (in 7 runs)
Garbage Collector(s) used:    PS MarkSweep, PS Scavenge
Used heap memory:                160MB (   152 MiB) max;     54MB (    52 MiB) avg;    184MB (   176 MiB) peak
Used non-heap memory:             33MB (    32 MiB) max;     26MB (    25 MiB) avg;     35MB (    34 MiB) peak
Used in PS Old Gen pool:          19MB (    18 MiB) max;     10MB (     9 MiB) avg;     21MB (    20 MiB) peak
Allocated heap memory:           304MB (   290 MiB) max;    198MB (   189 MiB) avg
Allocated non-heap memory:        36MB (    34 MiB) max;     28MB (    27 MiB) avg
Total process virtual memory:  13309MB ( 12692 MiB) max;  13286MB ( 12671 MiB) avg

Verification result: TRUE. No property violation found by chosen configuration.
More details about the verification run can be found in the directory "/home/yqs17/blazer/cpachecker-inc-pred/output-us-precise-cfa/32_7a.staging--comedi--comedi_bond.ko.set/026.5207066.32_7a.cil_safe.i".
