scripts/cpa.sh -heap 10000M -predicateAnalysis-ABElfb-debug -setprop cpa.impacted.eliminate=true -disable-java-assertions -outputpath /home/yqs17/blazer/cpachecker-inc-pred/output-us-precise-cfa/08_1a.mtd--maps--intel_vr_nor.ko.set/008.06f2551.08_1a.cil_safe.i -isIncPred -spec /home/yqs17/blazer/cpachecker-inc-pred/LDVErrorLabel.spc -stats -setprop cpa.impacted.pre_invariants.file=/home/yqs17/blazer/cpachecker-inc-pred/output-us-precise-cfa/08_1a.mtd--maps--intel_vr_nor.ko.set/007.5153b88.08_1a.cil_safe.i/impacted-invariants.txt -setprop analysis.prev.program=/home/yqs17/blazer/cpachecker-inc-pred/programs/drivers--mtd--maps--intel_vr_nor.ko/007.5153b88.08_1a.cil_safe.i -entryfunction ldv_main0_sequence_infinite_withcheck_stateful /home/yqs17/blazer/cpachecker-inc-pred/programs/drivers--mtd--maps--intel_vr_nor.ko/008.06f2551.08_1a.cil_safe.i


--------------------------------------------------------------------------------


Running CPAchecker with Java heap of size 10000M.
Running CPAchecker with the following extra VM options:  -Djava.io.tmpdir=/tmp/BenchExec_run_zmudjdzi/tmp
Number of modified edges: 0
Begin analysis 
Read invariant objects done
PredicateCPA statistics
-----------------------
Read Precision Time:                0.000s
Precision file size:                6582
Write Precision Time:               0.006s
Number of abstractions:            17 (2% of all post computations)
  Times abstraction was reused:    0
  Because of function entry/exit:  51 (300%)
  Because of loop head:            9 (53%)
  Because of join nodes:           0 (0%)
  Because of threshold:            0 (0%)
  Times precision was empty:       0 (0%)
  Times precision was {false}:     0 (0%)
  Times result was cached:         5 (10%)
  Times cartesian abs was used:    0 (0%)
  Times boolean abs was used:      44 (90%)
  Times result was 'false':        0 (0%)
Number of strengthen sat checks:   0
Number of coverage checks:         185
  BDD entailment checks:           11
Number of SMT sat checks:          764
  trivial:                         446
  cached:                          215

Max ABE block size:                       11
Number of predicates discovered:          4
Number of abstraction locations:          0
Max number of predicates per location:    0
Avg number of predicates per location:    0
Total predicates per abstraction:         110
Max number of predicates per abstraction: 4
Avg number of predicates per abstraction: 2.50
Number of irrelevant predicates:          0 (0%)
Number of preds handled by boolean abs:   110 (100%)
  Total number of models for allsat:      59
  Max number of models for allsat:        2
  Avg number of models for allsat:        1.34

Number of path formula cache hits:   127 (14%)

Time for post operator:                  0.821s
  Time for path formula creation:        0.315s
    Actual computation:                  0.299s
Time for strengthen operator:            0.002s
Time for prec operator:                  0.253s
  Time for abstraction:                  0.074s (Max:     0.011s, Count: 17)
    Boolean abstraction:                 0.100s
    Solving time:                        0.032s (Max:     0.005s)
    Model enumeration time:              0.005s
    Time for BDD construction:           0.019s (Max:     0.005s)
Time for merge operator:                 0.018s
Time for coverage check:                 0.000s
  Time for BDD entailment checks:        0.000s
Total time for SMT solver (w/o itp):     0.411s

Number of BDD nodes:                               222
Size of BDD node table:                            466043
Size of BDD cache:                                 46619
Size of BDD node cleanup queue:                           0 (count: 2889, min: 0, max: 0, avg: 0.00)
Time for BDD node cleanup:                             0.000s
Time for BDD garbage collection:                       0.000s (in 0 runs)

PrecisionBootstrap statistics
-----------------------------
Init. function predicates:                         0
Init. global predicates:                           0
Init. location predicates:                         0

ImpactedCPA statistics
----------------------
  Number of invariants partial hits:                            0
  Number of invariants hits:                                    32
  Number of invariants trys:                                    43
  Number of invariants bots:                                    11
  Number of invariants not valid:                               0
  Initial reached size:                                         738
  Input invariants file size:                                   1241
  Max impacted number of variables:                             0
  Number of last version invariants:                            35
  Number of this version invariants:                            35
  CPU time for invariant read:                                      0.260s
  CPU time for invariant write:                                     0.060s
  Time for invariant write:                                         0.027s
  Time for invariant read:                                          0.140s

AutomatonAnalysis (SVCOMP) statistics
-------------------------------------
Number of states:                                  1
Total time for successor computation:                  0.010s
Automaton transfers with branching:                0
Automaton transfer successors:                          875 (count: 875, min: 1, max: 1, avg: 1.00) [1 x 875]

CPA algorithm statistics
------------------------
Number of iterations:            105
Max size of waitlist:            9
Average size of waitlist:        6
Number of computed successors:   112
Max successors for one state:    2
Number of times merged:          72
Number of times stopped:         83
Number of times abs stopped:     11
Number of times nonAbs stopped:  174
Number of coverage check (part): 185
Number of times doAbstraction node:  60
Number of times breaked:         0

Total time for CPA algorithm:         0.166s (Max:     0.166s)
CPU time for CPA algorithm:           0.330s
  Time for choose from waitlist:      0.000s
  Time for precision adjustment:      0.087s
  Time for transfer relation:         0.025s
  Time for merge operator:            0.048s
  Time for stop operator:             0.001s
  Time for adding to reached set:     0.000s

Predicate-Abstraction Refiner statistics
----------------------------------------
  Predicate creation:                                  0.000s
  Precision update:                                    0.000s
  ARG update:                                          0.000s

Length of refined path (in blocks):                       0 (count: 0, min: 0, max: 0, avg: 0.00)
Number of affected states:                                0 (count: 0, min: 0, max: 0, avg: 0.00)
Length (states) of path with itp 'true':                  0 (count: 0, min: 0, max: 0, avg: 0.00)
Length (states) of path with itp non-trivial itp:         0 (count: 0, min: 0, max: 0, avg: 0.00)
Length (states) of path with itp 'false':                 0 (count: 0, min: 0, max: 0, avg: 0.00)
Different non-trivial interpolants along paths:           0 (count: 0, min: 0, max: 0, avg: 0.00)
Equal non-trivial interpolants along paths:               0 (count: 0, min: 0, max: 0, avg: 0.00)
Different precisions along paths:                         0 (count: 0, min: 0, max: 0, avg: 0.00)
Equal precisions along paths:                             0 (count: 0, min: 0, max: 0, avg: 0.00)
Number of refs with location-based cutoff:                0

CEGAR algorithm statistics
--------------------------
Number of refinements:                0
Refinement times:             0
First time for refinement:             0.166s
Last time for refinement:              0.166s
Average time for analysis:          0.166s
Number of analysis:                1

Code Coverage
-----------------------------
  Visited lines:          2280
  Total lines:            12
  Line coverage:          190.000

CPAchecker general statistics
-----------------------------
Number of program locations:     802
Number of CFA edges:             859
Number of relevant variables:    68
Number of functions:             23
Number of loops:                 2
Size of reached set:             767
  Number of reached locations:   726 (91%)
    Avg states per location:     1
    Max states per location:     5 (at node N182)
  Number of reached functions:   16 (70%)
  Number of partitions:          767
    Avg size of partitions:      1
    Max size of partitions:      1
  Number of target states:       0

Time for analysis setup:                   5.036s
  Time for cfa diff:                   2.147s
  Time for loading CPAs:                   0.380s
  Time for impacted traverse:              0.004s
  Time for loading parser:        0.029s
  Time for CFA construction:      1.019s
    Time for parsing file(s):     0.335s
    Time for AST to CFA:          0.349s
    Time for CFA sanity check:    0.000s
    Time for post-processing:     0.201s
      Time for var class.:        0.000s
Time for normal Analysis:                         0.166s
CPU time for analysis:                     2.530s
CPU time for impacted:                     0.000s
CPU time for normal analysis:              0.330s
CPU time for init:                         2.200s

Time for Garbage Collector:       0.154s (in 5 runs)
Garbage Collector(s) used:    PS MarkSweep, PS Scavenge
Used heap memory:                 88MB (    84 MiB) max;     45MB (    43 MiB) avg;    111MB (   106 MiB) peak
Used non-heap memory:             33MB (    31 MiB) max;     24MB (    23 MiB) avg;     35MB (    33 MiB) peak
Used in PS Old Gen pool:          21MB (    20 MiB) max;      8MB (     7 MiB) avg;     25MB (    24 MiB) peak
Allocated heap memory:           257MB (   245 MiB) max;    195MB (   186 MiB) avg
Allocated non-heap memory:        36MB (    34 MiB) max;     25MB (    24 MiB) avg
Total process virtual memory:  13307MB ( 12691 MiB) max;  13279MB ( 12664 MiB) avg

Verification result: TRUE. No property violation found by chosen configuration.
More details about the verification run can be found in the directory "/home/yqs17/blazer/cpachecker-inc-pred/output-us-precise-cfa/08_1a.mtd--maps--intel_vr_nor.ko.set/008.06f2551.08_1a.cil_safe.i".
