scripts/cpa.sh -heap 10000M -predicateAnalysis-ABElfb-debug -setprop cpa.impacted.eliminate=true -disable-java-assertions -outputpath /home/yqs17/blazer/cpachecker-inc-pred/output-us-precise-cfa/39_7a.usb--serial--metro-usb.ko.set/028.2ee44fb.39_7a.cil_safe.i -isIncPred -spec /home/yqs17/blazer/cpachecker-inc-pred/LDVErrorLabel.spc -stats -setprop cpa.impacted.pre_invariants.file=/home/yqs17/blazer/cpachecker-inc-pred/output-us-precise-cfa/39_7a.usb--serial--metro-usb.ko.set/027.50dde86.39_7a.cil_safe.i/impacted-invariants.txt -setprop analysis.prev.program=/home/yqs17/blazer/cpachecker-inc-pred/programs/drivers--usb--serial--metro-usb.ko/027.50dde86.39_7a.cil_safe.i -entryfunction ldv_main0_sequence_infinite_withcheck_stateful /home/yqs17/blazer/cpachecker-inc-pred/programs/drivers--usb--serial--metro-usb.ko/028.2ee44fb.39_7a.cil_safe.i


--------------------------------------------------------------------------------


Running CPAchecker with Java heap of size 10000M.
Running CPAchecker with the following extra VM options:  -Djava.io.tmpdir=/tmp/BenchExec_run_fl9trry2/tmp
Number of modified edges: 7
Begin analysis 
Read invariant objects done
ImpactedCPA statistics
----------------------
  Number of invariants partial hits:                            0
  Number of invariants hits:                                    30
  Number of invariants trys:                                    38
  Number of invariants bots:                                    11
  Number of invariants not valid:                               3
  Initial reached size:                                         979
  Input invariants file size:                                   8086
  Max impacted number of variables:                             0
  Number of last version invariants:                            94
  Number of this version invariants:                            0
  CPU time for invariant read:                                      0.940s
  CPU time for invariant write:                                     0.000s
  Time for invariant write:                                         0.000s
  Time for invariant read:                                          0.493s

AutomatonAnalysis (SVCOMP) statistics
-------------------------------------
Number of states:                                  1
Total time for successor computation:                  0.010s
Automaton transfers with branching:                0
Automaton transfer successors:                          777 (count: 777, min: 1, max: 1, avg: 1.00) [1 x 777]

CPA algorithm statistics
------------------------
Number of iterations:            766
Max size of waitlist:            10
Average size of waitlist:        1
Number of computed successors:   777
Max successors for one state:    2
Number of times merged:          0
Number of times stopped:         2
Number of times abs stopped:     20
Number of times nonAbs stopped:  238
Number of coverage check (part): 258
Number of times doAbstraction node:  192
Number of times breaked:         1

Total time for CPA algorithm:         0.094s (Max:     0.094s)
CPU time for CPA algorithm:           2.130s
  Time for choose from waitlist:      0.001s
  Time for precision adjustment:      0.014s
  Time for transfer relation:         0.055s
  Time for merge operator:            0.000s
  Time for stop operator:             0.004s
  Time for adding to reached set:     0.008s

PredicateCPA statistics
-----------------------
Read Precision Time:                0.000s
Precision file size:                0
Write Precision Time:               0.003s
Number of abstractions:            154 (9% of all post computations)
  Times abstraction was reused:    0
  Because of function entry/exit:  183 (119%)
  Because of loop head:            9 (6%)
  Because of join nodes:           0 (0%)
  Because of threshold:            0 (0%)
  Times precision was empty:       0 (0%)
  Times precision was {false}:     3 (2%)
  Times result was cached:         52 (28%)
  Times cartesian abs was used:    0 (0%)
  Times boolean abs was used:      129 (70%)
  Times result was 'false':        11 (7%)
Number of strengthen sat checks:   0
Number of coverage checks:         258
  BDD entailment checks:           20
Number of SMT sat checks:          1006
  trivial:                         645
  cached:                          225

Max ABE block size:                       18
Number of predicates discovered:          16
Number of abstraction locations:          0
Max number of predicates per location:    0
Avg number of predicates per location:    0
Total predicates per abstraction:         1988
Max number of predicates per abstraction: 16
Avg number of predicates per abstraction: 15.06
Number of irrelevant predicates:          74 (4%)
Number of preds handled by boolean abs:   1914 (96%)
  Total number of models for allsat:      272
  Max number of models for allsat:        3
  Avg number of models for allsat:        2.11

Number of path formula cache hits:   118 (7%)

Time for post operator:                  1.069s
  Time for path formula creation:        0.333s
    Actual computation:                  0.314s
Time for strengthen operator:            0.013s
Time for prec operator:                  0.985s
  Time for abstraction:                  0.620s (Max:     0.020s, Count: 154)
    Boolean abstraction:                 0.482s
    Solving time:                        0.070s (Max:     0.009s)
    Model enumeration time:              0.080s
    Time for BDD construction:           0.017s (Max:     0.001s)
Time for merge operator:                 0.034s
Time for coverage check:                 0.001s
  Time for BDD entailment checks:        0.000s
Total time for SMT solver (w/o itp):     0.553s

Number of BDD nodes:                               970
Size of BDD node table:                            466043
Size of BDD cache:                                 46619
Size of BDD node cleanup queue:                         583 (count: 7239, min: 0, max: 583, avg: 0.08)
Time for BDD node cleanup:                             0.001s
Time for BDD garbage collection:                       0.000s (in 0 runs)

PrecisionBootstrap statistics
-----------------------------
Init. function predicates:                         0
Init. global predicates:                           0
Init. location predicates:                         0

ImpactedCPA statistics
----------------------
  Number of invariants partial hits:                            0
  Number of invariants hits:                                    30
  Number of invariants trys:                                    38
  Number of invariants bots:                                    11
  Number of invariants not valid:                               3
  Initial reached size:                                         979
  Input invariants file size:                                   8086
  Max impacted number of variables:                             0
  Number of last version invariants:                            94
  Number of this version invariants:                            89
  CPU time for invariant read:                                      0.940s
  CPU time for invariant write:                                     0.150s
  Time for invariant write:                                         0.077s
  Time for invariant read:                                          0.493s

AutomatonAnalysis (SVCOMP) statistics
-------------------------------------
Number of states:                                  1
Total time for successor computation:                  0.012s
Automaton transfers with branching:                0
Automaton transfer successors:                         1778 (count: 1778, min: 1, max: 1, avg: 1.00) [1 x 1778]

CPA algorithm statistics
------------------------
Number of iterations:            731
Max size of waitlist:            21
Average size of waitlist:        13
Number of computed successors:   781
Max successors for one state:    2
Number of times merged:          111
Number of times stopped:         131
Number of times abs stopped:     20
Number of times nonAbs stopped:  238
Number of coverage check (part): 258
Number of times doAbstraction node:  192
Number of times breaked:         0

Total time for CPA algorithm:         0.996s (Max:     0.996s)
CPU time for CPA algorithm:           2.130s
  Time for choose from waitlist:      0.013s
  Time for precision adjustment:      0.640s
  Time for transfer relation:         0.286s
  Time for merge operator:            0.032s
  Time for stop operator:             0.003s
  Time for adding to reached set:     0.003s

Predicate-Abstraction Refiner statistics
----------------------------------------
  Predicate creation:                                  0.000s
  Precision update:                                    0.000s
  ARG update:                                          0.000s

Length of refined path (in blocks):                       0 (count: 0, min: 0, max: 0, avg: 0.00)
Number of affected states:                                0 (count: 0, min: 0, max: 0, avg: 0.00)
Length (states) of path with itp 'true':                  0 (count: 0, min: 0, max: 0, avg: 0.00)
Length (states) of path with itp non-trivial itp:         0 (count: 0, min: 0, max: 0, avg: 0.00)
Length (states) of path with itp 'false':                 0 (count: 0, min: 0, max: 0, avg: 0.00)
Different non-trivial interpolants along paths:           0 (count: 0, min: 0, max: 0, avg: 0.00)
Equal non-trivial interpolants along paths:               0 (count: 0, min: 0, max: 0, avg: 0.00)
Different precisions along paths:                         0 (count: 0, min: 0, max: 0, avg: 0.00)
Equal precisions along paths:                             0 (count: 0, min: 0, max: 0, avg: 0.00)
Number of refs with location-based cutoff:                0

CEGAR algorithm statistics
--------------------------
Number of refinements:                0
Refinement times:             0
First time for refinement:             0.997s
Last time for refinement:              0.997s
Average time for analysis:          0.997s
Number of analysis:                1

Code Coverage
-----------------------------
  Visited lines:          3594
  Total lines:            12
  Line coverage:          299.500

CPAchecker general statistics
-----------------------------
Number of program locations:     1891
Number of CFA edges:             2129
Number of relevant variables:    211
Number of functions:             92
Number of loops:                 1
Size of reached set:             1618
  Number of reached locations:   1327 (70%)
    Avg states per location:     1
    Max states per location:     11 (at node N690)
  Number of reached functions:   30 (33%)
  Number of partitions:          1616
    Avg size of partitions:      1
    Max size of partitions:      2 (with key [N644 (entry of function ldv___ldv_spin_lock_19 in /work/ldvuser/novikov/work/current--X--drivers/usb/serial/metro-usb.ko--X--defaultlinux--X--39_7a--X--cpachecker/linux/csd_deg_dscv/12/dscv_tempdir/dscv/ri/39_7a/drivers/usb/serial/metro-usb.c.prepared, lines 1255-1267), 1132892413, Init])
  Number of target states:       0

Time for analysis setup:                   6.414s
  Time for cfa diff:                   2.614s
  Time for loading CPAs:                   0.370s
  Time for impacted traverse:              0.009s
  Time for loading parser:        0.032s
  Time for CFA construction:      1.298s
    Time for parsing file(s):     0.391s
    Time for AST to CFA:          0.436s
    Time for CFA sanity check:    0.000s
    Time for post-processing:     0.320s
      Time for var class.:        0.000s
Time for normal Analysis:                         0.997s
CPU time for analysis:                     4.570s
CPU time for impacted:                     0.580s
CPU time for normal analysis:              1.960s
CPU time for init:                         2.610s

Time for Garbage Collector:       0.207s (in 7 runs)
Garbage Collector(s) used:    PS MarkSweep, PS Scavenge
Used heap memory:                229MB (   218 MiB) max;     68MB (    65 MiB) avg;    277MB (   264 MiB) peak
Used non-heap memory:             36MB (    34 MiB) max;     27MB (    26 MiB) avg;     37MB (    36 MiB) peak
Used in PS Old Gen pool:          30MB (    29 MiB) max;     16MB (    15 MiB) avg;     35MB (    33 MiB) peak
Allocated heap memory:           365MB (   349 MiB) max;    226MB (   216 MiB) avg
Allocated non-heap memory:        38MB (    36 MiB) max;     28MB (    27 MiB) avg
Total process virtual memory:  13308MB ( 12692 MiB) max;  13284MB ( 12668 MiB) avg

Verification result: TRUE. No property violation found by chosen configuration.
More details about the verification run can be found in the directory "/home/yqs17/blazer/cpachecker-inc-pred/output-us-precise-cfa/39_7a.usb--serial--metro-usb.ko.set/028.2ee44fb.39_7a.cil_safe.i".
