scripts/cpa.sh -heap 10000M -predicateAnalysis-ABElfb-debug -setprop cpa.impacted.eliminate=true -disable-java-assertions -outputpath /home/yqs17/blazer/cpachecker-inc-pred/output-us-precise-cfa/43_1a.gpu--drm--i915--i915.ko.set/037.70740d6.43_1a.cil_safe.i -isIncPred -spec /home/yqs17/blazer/cpachecker-inc-pred/LDVErrorLabel.spc -stats -setprop cpa.impacted.pre_invariants.file=/home/yqs17/blazer/cpachecker-inc-pred/output-us-precise-cfa/43_1a.gpu--drm--i915--i915.ko.set/030.e8848a1.43_1a.cil_safe.i/impacted-invariants.txt -setprop analysis.prev.program=/home/yqs17/blazer/cpachecker-inc-pred/programs/drivers--gpu--drm--i915--i915.ko/030.e8848a1.43_1a.cil_safe.i -entryfunction ldv_main0_sequence_infinite_withcheck_stateful /home/yqs17/blazer/cpachecker-inc-pred/programs/drivers--gpu--drm--i915--i915.ko/037.70740d6.43_1a.cil_safe.i


--------------------------------------------------------------------------------


Running CPAchecker with Java heap of size 10000M.
Running CPAchecker with the following extra VM options:  -Djava.io.tmpdir=/tmp/BenchExec_run_s89_9o2y/tmp
Number of modified edges: 61
Begin analysis 
Read invariant objects done
ImpactedCPA statistics
----------------------
  Number of invariants partial hits:                            0
  Number of invariants hits:                                    19
  Number of invariants trys:                                    25
  Number of invariants bots:                                    6
  Number of invariants not valid:                               0
  Initial reached size:                                         1149
  Input invariants file size:                                   2514
  Max impacted number of variables:                             0
  Number of last version invariants:                            345
  Number of this version invariants:                            0
  CPU time for invariant read:                                      0.770s
  CPU time for invariant write:                                     0.000s
  Time for invariant write:                                         0.000s
  Time for invariant read:                                          0.407s

AutomatonAnalysis (SVCOMP) statistics
-------------------------------------
Number of states:                                  1
Total time for successor computation:                  0.020s
Automaton transfers with branching:                0
Automaton transfer successors:                         3405 (count: 3405, min: 1, max: 1, avg: 1.00) [1 x 3405]

CPA algorithm statistics
------------------------
Number of iterations:            3229
Max size of waitlist:            6
Average size of waitlist:        2
Number of computed successors:   3405
Max successors for one state:    2
Number of times merged:          0
Number of times stopped:         177
Number of times abs stopped:     60
Number of times nonAbs stopped:  344
Number of coverage check (part): 404
Number of times doAbstraction node:  619
Number of times breaked:         0

Total time for CPA algorithm:         0.341s (Max:     0.341s)
CPU time for CPA algorithm:           3.480s
  Time for choose from waitlist:      0.008s
  Time for precision adjustment:      0.025s
  Time for transfer relation:         0.210s
  Time for merge operator:            0.005s
  Time for stop operator:             0.026s
  Time for adding to reached set:     0.012s

PredicateCPA statistics
-----------------------
Read Precision Time:                0.000s
Precision file size:                0
Write Precision Time:               0.004s
Number of abstractions:            594 (16% of all post computations)
  Times abstraction was reused:    0
  Because of function entry/exit:  572 (96%)
  Because of loop head:            47 (8%)
  Because of join nodes:           0 (0%)
  Because of threshold:            0 (0%)
  Times precision was empty:       0 (0%)
  Times precision was {false}:     0 (0%)
  Times result was cached:         176 (29%)
  Times cartesian abs was used:    0 (0%)
  Times boolean abs was used:      437 (71%)
  Times result was 'false':        0 (0%)
Number of strengthen sat checks:   0
Number of coverage checks:         404
  BDD entailment checks:           60
Number of SMT sat checks:          1156
  trivial:                         681
  cached:                          424

Max ABE block size:                       21
Number of predicates discovered:          1
Number of abstraction locations:          0
Max number of predicates per location:    0
Avg number of predicates per location:    0
Total predicates per abstraction:         437
Max number of predicates per abstraction: 1
Avg number of predicates per abstraction: 1.00
Number of irrelevant predicates:          0 (0%)
Number of preds handled by boolean abs:   437 (100%)
  Total number of models for allsat:      437
  Max number of models for allsat:        1
  Avg number of models for allsat:        1.00

Number of path formula cache hits:   115 (3%)

Time for post operator:                  1.086s
  Time for path formula creation:        0.733s
    Actual computation:                  0.660s
Time for strengthen operator:            0.010s
Time for prec operator:                  0.570s
  Time for abstraction:                  0.439s (Max:     0.015s, Count: 594)
    Boolean abstraction:                 0.199s
    Solving time:                        0.098s (Max:     0.012s)
    Model enumeration time:              0.022s
    Time for BDD construction:           0.032s (Max:     0.008s)
Time for merge operator:                 0.068s
Time for coverage check:                 0.001s
  Time for BDD entailment checks:        0.001s
Total time for SMT solver (w/o itp):     0.270s

Number of BDD nodes:                               202
Size of BDD node table:                            466043
Size of BDD cache:                                 46619
Size of BDD node cleanup queue:                           0 (count: 31219, min: 0, max: 0, avg: 0.00)
Time for BDD node cleanup:                             0.002s
Time for BDD garbage collection:                       0.000s (in 0 runs)

PrecisionBootstrap statistics
-----------------------------
Init. function predicates:                         0
Init. global predicates:                           0
Init. location predicates:                         0

ImpactedCPA statistics
----------------------
  Number of invariants partial hits:                            0
  Number of invariants hits:                                    19
  Number of invariants trys:                                    25
  Number of invariants bots:                                    6
  Number of invariants not valid:                               0
  Initial reached size:                                         1149
  Input invariants file size:                                   2514
  Max impacted number of variables:                             0
  Number of last version invariants:                            345
  Number of this version invariants:                            253
  CPU time for invariant read:                                      0.770s
  CPU time for invariant write:                                     0.090s
  Time for invariant write:                                         0.048s
  Time for invariant read:                                          0.407s

AutomatonAnalysis (SVCOMP) statistics
-------------------------------------
Number of states:                                  1
Total time for successor computation:                  0.011s
Automaton transfers with branching:                0
Automaton transfer successors:                         3786 (count: 3786, min: 1, max: 1, avg: 1.00) [1 x 3786]

CPA algorithm statistics
------------------------
Number of iterations:            2426
Max size of waitlist:            16
Average size of waitlist:        8
Number of computed successors:   2630
Max successors for one state:    2
Number of times merged:          170
Number of times stopped:         230
Number of times abs stopped:     60
Number of times nonAbs stopped:  344
Number of coverage check (part): 404
Number of times doAbstraction node:  619
Number of times breaked:         0

Total time for CPA algorithm:         1.410s (Max:     1.410s)
CPU time for CPA algorithm:           3.480s
  Time for choose from waitlist:      0.003s
  Time for precision adjustment:      0.517s
  Time for transfer relation:         0.720s
  Time for merge operator:            0.078s
  Time for stop operator:             0.010s
  Time for adding to reached set:     0.020s

Predicate-Abstraction Refiner statistics
----------------------------------------
  Predicate creation:                                  0.000s
  Precision update:                                    0.000s
  ARG update:                                          0.000s

Length of refined path (in blocks):                       0 (count: 0, min: 0, max: 0, avg: 0.00)
Number of affected states:                                0 (count: 0, min: 0, max: 0, avg: 0.00)
Length (states) of path with itp 'true':                  0 (count: 0, min: 0, max: 0, avg: 0.00)
Length (states) of path with itp non-trivial itp:         0 (count: 0, min: 0, max: 0, avg: 0.00)
Length (states) of path with itp 'false':                 0 (count: 0, min: 0, max: 0, avg: 0.00)
Different non-trivial interpolants along paths:           0 (count: 0, min: 0, max: 0, avg: 0.00)
Equal non-trivial interpolants along paths:               0 (count: 0, min: 0, max: 0, avg: 0.00)
Different precisions along paths:                         0 (count: 0, min: 0, max: 0, avg: 0.00)
Equal precisions along paths:                             0 (count: 0, min: 0, max: 0, avg: 0.00)
Number of refs with location-based cutoff:                0

CEGAR algorithm statistics
--------------------------
Number of refinements:                0
Refinement times:             0
First time for refinement:             1.410s
Last time for refinement:              1.410s
Average time for analysis:          1.410s
Number of analysis:                1

Code Coverage
-----------------------------
  Visited lines:          4068
  Total lines:            5
  Line coverage:          813.600

CPAchecker general statistics
-----------------------------
Number of program locations:     8919
Number of CFA edges:             11343
Number of relevant variables:    1949
Number of functions:             260
Number of loops:                 66
Size of reached set:             3549
  Number of reached locations:   2056 (23%)
    Avg states per location:     1
    Max states per location:     97 (at node N158)
  Number of reached functions:   26 (10%)
  Number of partitions:          3521
    Avg size of partitions:      1
    Max size of partitions:      4 (with key [N165 (entry of function writel in include/asm/io.h, lines 28-38), 454748143, Init])
  Number of target states:       0

Time for analysis setup:                  19.767s
  Time for cfa diff:                  14.682s
  Time for loading CPAs:                   0.500s
  Time for impacted traverse:              0.030s
  Time for loading parser:        0.035s
  Time for CFA construction:      2.918s
    Time for parsing file(s):     0.587s
    Time for AST to CFA:          1.117s
    Time for CFA sanity check:    0.001s
    Time for post-processing:     0.891s
      Time for var class.:        0.000s
Time for normal Analysis:                         1.411s
CPU time for analysis:                     4.200s
CPU time for impacted:                     1.220s
CPU time for normal analysis:              2.810s
CPU time for init:                         1.390s

Time for Garbage Collector:       0.478s (in 8 runs)
Garbage Collector(s) used:    PS MarkSweep, PS Scavenge
Used heap memory:                281MB (   268 MiB) max;     93MB (    89 MiB) avg;    364MB (   347 MiB) peak
Used non-heap memory:             37MB (    35 MiB) max;     29MB (    27 MiB) avg;     39MB (    37 MiB) peak
Used in PS Old Gen pool:          46MB (    44 MiB) max;     38MB (    36 MiB) avg;     48MB (    46 MiB) peak
Allocated heap memory:           448MB (   428 MiB) max;    397MB (   378 MiB) avg
Allocated non-heap memory:        39MB (    37 MiB) max;     30MB (    28 MiB) avg
Total process virtual memory:  13307MB ( 12691 MiB) max;  13286MB ( 12671 MiB) avg

Verification result: TRUE. No property violation found by chosen configuration.
More details about the verification run can be found in the directory "/home/yqs17/blazer/cpachecker-inc-pred/output-us-precise-cfa/43_1a.gpu--drm--i915--i915.ko.set/037.70740d6.43_1a.cil_safe.i".
