scripts/cpa.sh -heap 10000M -predicateAnalysis-ABElfb-debug -setprop cpa.impacted.eliminate=true -disable-java-assertions -outputpath /home/yqs17/blazer/cpachecker-inc-pred/output-us-precise-cfa/32_7a.isdn--mISDN--mISDN_core.ko.set/025.eac74af.32_7a.cil_safe.i -isIncPred -spec /home/yqs17/blazer/cpachecker-inc-pred/LDVErrorLabel.spc -stats -setprop cpa.impacted.pre_invariants.file=/home/yqs17/blazer/cpachecker-inc-pred/output-us-precise-cfa/32_7a.isdn--mISDN--mISDN_core.ko.set/024.ddacd14.32_7a.cil_safe.i/impacted-invariants.txt -setprop analysis.prev.program=/home/yqs17/blazer/cpachecker-inc-pred/programs/drivers--isdn--mISDN--mISDN_core.ko/024.ddacd14.32_7a.cil_safe.i -entryfunction ldv_main0_sequence_infinite_withcheck_stateful /home/yqs17/blazer/cpachecker-inc-pred/programs/drivers--isdn--mISDN--mISDN_core.ko/025.eac74af.32_7a.cil_safe.i


--------------------------------------------------------------------------------


Running CPAchecker with Java heap of size 10000M.
Running CPAchecker with the following extra VM options:  -Djava.io.tmpdir=/tmp/BenchExec_run_5jb49hty/tmp
Number of modified edges: 0
Begin analysis 
Read invariant objects done
ImpactedCPA statistics
----------------------
  Number of invariants partial hits:                            0
  Number of invariants hits:                                    31
  Number of invariants trys:                                    38
  Number of invariants bots:                                    7
  Number of invariants not valid:                               0
  Initial reached size:                                         1488
  Input invariants file size:                                   2614
  Max impacted number of variables:                             0
  Number of last version invariants:                            395
  Number of this version invariants:                            0
  CPU time for invariant read:                                      1.970s
  CPU time for invariant write:                                     0.000s
  Time for invariant write:                                         0.000s
  Time for invariant read:                                          0.995s

AutomatonAnalysis (SVCOMP) statistics
-------------------------------------
Number of states:                                  1
Total time for successor computation:                  0.027s
Automaton transfers with branching:                0
Automaton transfer successors:                         1373 (count: 1373, min: 1, max: 1, avg: 1.00) [1 x 1373]

CPA algorithm statistics
------------------------
Number of iterations:            1368
Max size of waitlist:            6
Average size of waitlist:        1
Number of computed successors:   1373
Max successors for one state:    2
Number of times merged:          0
Number of times stopped:         1
Number of times abs stopped:     15
Number of times nonAbs stopped:  118
Number of coverage check (part): 133
Number of times doAbstraction node:  107
Number of times breaked:         1

Total time for CPA algorithm:         0.200s (Max:     0.200s)
CPU time for CPA algorithm:           0.890s
  Time for choose from waitlist:      0.001s
  Time for precision adjustment:      0.020s
  Time for transfer relation:         0.105s
  Time for merge operator:            0.001s
  Time for stop operator:             0.021s
  Time for adding to reached set:     0.009s

PredicateCPA statistics
-----------------------
Read Precision Time:                0.000s
Precision file size:                438
Write Precision Time:               0.004s
Number of abstractions:            69 (4% of all post computations)
  Times abstraction was reused:    0
  Because of function entry/exit:  93 (135%)
  Because of loop head:            14 (20%)
  Because of join nodes:           0 (0%)
  Because of threshold:            0 (0%)
  Times precision was empty:       0 (0%)
  Times precision was {false}:     0 (0%)
  Times result was cached:         11 (11%)
  Times cartesian abs was used:    0 (0%)
  Times boolean abs was used:      89 (89%)
  Times result was 'false':        0 (0%)
Number of strengthen sat checks:   0
Number of coverage checks:         133
  BDD entailment checks:           15
Number of SMT sat checks:          1500
  trivial:                         726
  cached:                          651

Max ABE block size:                       9
Number of predicates discovered:          2
Number of abstraction locations:          0
Max number of predicates per location:    0
Avg number of predicates per location:    0
Total predicates per abstraction:         151
Max number of predicates per abstraction: 2
Avg number of predicates per abstraction: 1.70
Number of irrelevant predicates:          0 (0%)
Number of preds handled by boolean abs:   151 (100%)
  Total number of models for allsat:      89
  Max number of models for allsat:        1
  Avg number of models for allsat:        1.00

Number of path formula cache hits:   78 (4%)

Time for post operator:                  5.511s
  Time for path formula creation:        1.025s
    Actual computation:                  0.947s
Time for strengthen operator:            0.017s
Time for prec operator:                  0.409s
  Time for abstraction:                  0.100s (Max:     0.010s, Count: 69)
    Boolean abstraction:                 0.229s
    Solving time:                        0.185s (Max:     0.161s)
    Model enumeration time:              0.005s
    Time for BDD construction:           0.014s (Max:     0.008s)
Time for merge operator:                 0.025s
Time for coverage check:                 0.002s
  Time for BDD entailment checks:        0.000s
Total time for SMT solver (w/o itp):     3.768s

Number of BDD nodes:                               203
Size of BDD node table:                            466043
Size of BDD cache:                                 46619
Size of BDD node cleanup queue:                           0 (count: 54269, min: 0, max: 0, avg: 0.00)
Time for BDD node cleanup:                             0.001s
Time for BDD garbage collection:                       0.000s (in 0 runs)

PrecisionBootstrap statistics
-----------------------------
Init. function predicates:                         0
Init. global predicates:                           0
Init. location predicates:                         0

ImpactedCPA statistics
----------------------
  Number of invariants partial hits:                            0
  Number of invariants hits:                                    31
  Number of invariants trys:                                    38
  Number of invariants bots:                                    7
  Number of invariants not valid:                               0
  Initial reached size:                                         1488
  Input invariants file size:                                   2614
  Max impacted number of variables:                             0
  Number of last version invariants:                            395
  Number of this version invariants:                            54
  CPU time for invariant read:                                      1.970s
  CPU time for invariant write:                                     0.080s
  Time for invariant write:                                         0.041s
  Time for invariant read:                                          0.995s

AutomatonAnalysis (SVCOMP) statistics
-------------------------------------
Number of states:                                  1
Total time for successor computation:                  0.013s
Automaton transfers with branching:                0
Automaton transfer successors:                         1845 (count: 1845, min: 1, max: 1, avg: 1.00) [1 x 1845]

CPA algorithm statistics
------------------------
Number of iterations:            325
Max size of waitlist:            8
Average size of waitlist:        5
Number of computed successors:   346
Max successors for one state:    2
Number of times merged:          54
Number of times stopped:         69
Number of times abs stopped:     15
Number of times nonAbs stopped:  118
Number of coverage check (part): 133
Number of times doAbstraction node:  107
Number of times breaked:         0

Total time for CPA algorithm:         0.250s (Max:     0.250s)
CPU time for CPA algorithm:           0.890s
  Time for choose from waitlist:      0.001s
  Time for precision adjustment:      0.124s
  Time for transfer relation:         0.094s
  Time for merge operator:            0.021s
  Time for stop operator:             0.003s
  Time for adding to reached set:     0.000s

Predicate-Abstraction Refiner statistics
----------------------------------------
  Predicate creation:                                  0.000s
  Precision update:                                    0.000s
  ARG update:                                          0.000s

Length of refined path (in blocks):                       0 (count: 0, min: 0, max: 0, avg: 0.00)
Number of affected states:                                0 (count: 0, min: 0, max: 0, avg: 0.00)
Length (states) of path with itp 'true':                  0 (count: 0, min: 0, max: 0, avg: 0.00)
Length (states) of path with itp non-trivial itp:         0 (count: 0, min: 0, max: 0, avg: 0.00)
Length (states) of path with itp 'false':                 0 (count: 0, min: 0, max: 0, avg: 0.00)
Different non-trivial interpolants along paths:           0 (count: 0, min: 0, max: 0, avg: 0.00)
Equal non-trivial interpolants along paths:               0 (count: 0, min: 0, max: 0, avg: 0.00)
Different precisions along paths:                         0 (count: 0, min: 0, max: 0, avg: 0.00)
Equal precisions along paths:                             0 (count: 0, min: 0, max: 0, avg: 0.00)
Number of refs with location-based cutoff:                0

CEGAR algorithm statistics
--------------------------
Number of refinements:                0
Refinement times:             0
First time for refinement:             0.250s
Last time for refinement:              0.250s
Average time for analysis:          0.250s
Number of analysis:                1

Code Coverage
-----------------------------
  Visited lines:          4400
  Total lines:            4
  Line coverage:          1100.000

CPAchecker general statistics
-----------------------------
Number of program locations:     17567
Number of CFA edges:             27751
Number of relevant variables:    2354
Number of functions:             418
Number of loops:                 51
Size of reached set:             1765
  Number of reached locations:   1558 (9%)
    Avg states per location:     1
    Max states per location:     6 (at node N762)
  Number of reached functions:   23 (6%)
  Number of partitions:          1763
    Avg size of partitions:      1
    Max size of partitions:      2 (with key [N4748 (entry of function l1_cleanup in /work/ldvuser/novikov/work/current--X--drivers/isdn/mISDN/mISDN_core.ko--X--defaultlinux--X--32_7a--X--cpachecker/linux/csd_deg_dscv/30/dscv_tempdir/dscv/ri/32_7a/drivers/isdn/mISDN/layer1.c.prepared, lines 416-426), 97957312, Init])
  Number of target states:       0

Time for analysis setup:                  55.638s
  Time for cfa diff:                  43.245s
  Time for loading CPAs:                   0.818s
  Time for impacted traverse:              0.062s
  Time for loading parser:        0.037s
  Time for CFA construction:      4.195s
    Time for parsing file(s):     0.694s
    Time for AST to CFA:          1.324s
    Time for CFA sanity check:    0.000s
    Time for post-processing:     1.868s
      Time for var class.:        0.000s
Time for normal Analysis:                         0.250s
CPU time for analysis:                    12.200s
CPU time for impacted:                     1.490s
CPU time for normal analysis:              0.500s
CPU time for init:                        11.700s

Time for Garbage Collector:       1.233s (in 12 runs)
Garbage Collector(s) used:    PS MarkSweep, PS Scavenge
Used heap memory:                985MB (   939 MiB) max;    326MB (   311 MiB) avg;   1025MB (   978 MiB) peak
Used non-heap memory:             45MB (    43 MiB) max;     32MB (    30 MiB) avg;     46MB (    44 MiB) peak
Used in PS Old Gen pool:          71MB (    68 MiB) max;     57MB (    54 MiB) avg;     81MB (    77 MiB) peak
Allocated heap memory:          1140MB (  1088 MiB) max;    488MB (   465 MiB) avg
Allocated non-heap memory:        47MB (    44 MiB) max;     32MB (    31 MiB) avg
Total process virtual memory:  13311MB ( 12694 MiB) max;  13293MB ( 12677 MiB) avg

Verification result: TRUE. No property violation found by chosen configuration.
More details about the verification run can be found in the directory "/home/yqs17/blazer/cpachecker-inc-pred/output-us-precise-cfa/32_7a.isdn--mISDN--mISDN_core.ko.set/025.eac74af.32_7a.cil_safe.i".
