scripts/cpa.sh -heap 10000M -predicateAnalysis-ABElfb-debug -setprop cpa.impacted.eliminate=true -disable-java-assertions -outputpath /home/yqs17/blazer/cpachecker-inc-pred/output-us-precise-cfa/39_7a.usb--serial--ssu100.ko.set/030.bcbec05.39_7a.cil_safe.i -isIncPred -spec /home/yqs17/blazer/cpachecker-inc-pred/LDVErrorLabel.spc -stats -setprop cpa.impacted.pre_invariants.file=/home/yqs17/blazer/cpachecker-inc-pred/output-us-precise-cfa/39_7a.usb--serial--ssu100.ko.set/029.638b9e1.39_7a.cil_safe.i/impacted-invariants.txt -setprop analysis.prev.program=/home/yqs17/blazer/cpachecker-inc-pred/programs/drivers--usb--serial--ssu100.ko/029.638b9e1.39_7a.cil_safe.i -entryfunction ldv_main0_sequence_infinite_withcheck_stateful /home/yqs17/blazer/cpachecker-inc-pred/programs/drivers--usb--serial--ssu100.ko/030.bcbec05.39_7a.cil_safe.i


--------------------------------------------------------------------------------


Running CPAchecker with Java heap of size 10000M.
Running CPAchecker with the following extra VM options:  -Djava.io.tmpdir=/tmp/BenchExec_run_2aztag6s/tmp
Number of modified edges: 45
Begin analysis 
Read invariant objects done
ImpactedCPA statistics
----------------------
  Number of invariants partial hits:                            0
  Number of invariants hits:                                    45
  Number of invariants trys:                                    68
  Number of invariants bots:                                    25
  Number of invariants not valid:                               2
  Initial reached size:                                         1249
  Input invariants file size:                                   10917
  Max impacted number of variables:                             0
  Number of last version invariants:                            148
  Number of this version invariants:                            0
  CPU time for invariant read:                                      1.150s
  CPU time for invariant write:                                     0.000s
  Time for invariant write:                                         0.000s
  Time for invariant read:                                          0.594s

AutomatonAnalysis (SVCOMP) statistics
-------------------------------------
Number of states:                                  1
Total time for successor computation:                  0.019s
Automaton transfers with branching:                0
Automaton transfer successors:                          828 (count: 828, min: 1, max: 1, avg: 1.00) [1 x 828]

CPA algorithm statistics
------------------------
Number of iterations:            817
Max size of waitlist:            10
Average size of waitlist:        1
Number of computed successors:   828
Max successors for one state:    2
Number of times merged:          0
Number of times stopped:         2
Number of times abs stopped:     81
Number of times nonAbs stopped:  582
Number of coverage check (part): 663
Number of times doAbstraction node:  481
Number of times breaked:         1

Total time for CPA algorithm:         0.104s (Max:     0.104s)
CPU time for CPA algorithm:           4.300s
  Time for choose from waitlist:      0.000s
  Time for precision adjustment:      0.020s
  Time for transfer relation:         0.063s
  Time for merge operator:            0.000s
  Time for stop operator:             0.008s
  Time for adding to reached set:     0.003s

PredicateCPA statistics
-----------------------
Read Precision Time:                0.000s
Precision file size:                337
Write Precision Time:               0.004s
Number of abstractions:            413 (12% of all post computations)
  Times abstraction was reused:    0
  Because of function entry/exit:  452 (109%)
  Because of loop head:            29 (7%)
  Because of join nodes:           0 (0%)
  Because of threshold:            0 (0%)
  Times precision was empty:       0 (0%)
  Times precision was {false}:     2 (0%)
  Times result was cached:         155 (34%)
  Times cartesian abs was used:    0 (0%)
  Times boolean abs was used:      301 (66%)
  Times result was 'false':        10 (2%)
Number of strengthen sat checks:   0
Number of coverage checks:         663
  BDD entailment checks:           81
Number of SMT sat checks:          1305
  trivial:                         690
  cached:                          377

Max ABE block size:                       35
Number of predicates discovered:          17
Number of abstraction locations:          0
Max number of predicates per location:    0
Avg number of predicates per location:    0
Total predicates per abstraction:         4859
Max number of predicates per abstraction: 17
Avg number of predicates per abstraction: 16.04
Number of irrelevant predicates:          116 (2%)
Number of preds handled by boolean abs:   4743 (98%)
  Total number of models for allsat:      717
  Max number of models for allsat:        3
  Avg number of models for allsat:        2.38

Number of path formula cache hits:   488 (14%)

Time for post operator:                  1.796s
  Time for path formula creation:        0.545s
    Actual computation:                  0.485s
Time for strengthen operator:            0.012s
Time for prec operator:                  1.791s
  Time for abstraction:                  1.245s (Max:     0.018s, Count: 413)
    Boolean abstraction:                 0.857s
    Solving time:                        0.116s (Max:     0.007s)
    Model enumeration time:              0.112s
    Time for BDD construction:           0.026s (Max:     0.001s)
Time for merge operator:                 0.071s
Time for coverage check:                 0.002s
  Time for BDD entailment checks:        0.000s
Total time for SMT solver (w/o itp):     0.870s

Number of BDD nodes:                               1130
Size of BDD node table:                            466043
Size of BDD cache:                                 46619
Size of BDD node cleanup queue:                         841 (count: 10082, min: 0, max: 366, avg: 0.08)
Time for BDD node cleanup:                             0.001s
Time for BDD garbage collection:                       0.000s (in 0 runs)

PrecisionBootstrap statistics
-----------------------------
Init. function predicates:                         0
Init. global predicates:                           0
Init. location predicates:                         0

ImpactedCPA statistics
----------------------
  Number of invariants partial hits:                            0
  Number of invariants hits:                                    45
  Number of invariants trys:                                    68
  Number of invariants bots:                                    25
  Number of invariants not valid:                               2
  Initial reached size:                                         1249
  Input invariants file size:                                   10917
  Max impacted number of variables:                             0
  Number of last version invariants:                            148
  Number of this version invariants:                            144
  CPU time for invariant read:                                      1.150s
  CPU time for invariant write:                                     0.190s
  Time for invariant write:                                         0.094s
  Time for invariant read:                                          0.594s

AutomatonAnalysis (SVCOMP) statistics
-------------------------------------
Number of states:                                  1
Total time for successor computation:                  0.009s
Automaton transfers with branching:                0
Automaton transfer successors:                         3401 (count: 3401, min: 1, max: 1, avg: 1.00) [1 x 3401]

CPA algorithm statistics
------------------------
Number of iterations:            1929
Max size of waitlist:            37
Average size of waitlist:        24
Number of computed successors:   2105
Max successors for one state:    2
Number of times merged:          268
Number of times stopped:         349
Number of times abs stopped:     81
Number of times nonAbs stopped:  582
Number of coverage check (part): 663
Number of times doAbstraction node:  481
Number of times breaked:         0

Total time for CPA algorithm:         2.062s (Max:     2.062s)
CPU time for CPA algorithm:           4.300s
  Time for choose from waitlist:      0.007s
  Time for precision adjustment:      1.299s
  Time for transfer relation:         0.598s
  Time for merge operator:            0.076s
  Time for stop operator:             0.014s
  Time for adding to reached set:     0.016s

Predicate-Abstraction Refiner statistics
----------------------------------------
  Predicate creation:                                  0.000s
  Precision update:                                    0.000s
  ARG update:                                          0.000s

Length of refined path (in blocks):                       0 (count: 0, min: 0, max: 0, avg: 0.00)
Number of affected states:                                0 (count: 0, min: 0, max: 0, avg: 0.00)
Length (states) of path with itp 'true':                  0 (count: 0, min: 0, max: 0, avg: 0.00)
Length (states) of path with itp non-trivial itp:         0 (count: 0, min: 0, max: 0, avg: 0.00)
Length (states) of path with itp 'false':                 0 (count: 0, min: 0, max: 0, avg: 0.00)
Different non-trivial interpolants along paths:           0 (count: 0, min: 0, max: 0, avg: 0.00)
Equal non-trivial interpolants along paths:               0 (count: 0, min: 0, max: 0, avg: 0.00)
Different precisions along paths:                         0 (count: 0, min: 0, max: 0, avg: 0.00)
Equal precisions along paths:                             0 (count: 0, min: 0, max: 0, avg: 0.00)
Number of refs with location-based cutoff:                0

CEGAR algorithm statistics
--------------------------
Number of refinements:                0
Refinement times:             0
First time for refinement:             2.062s
Last time for refinement:              2.062s
Average time for analysis:          2.062s
Number of analysis:                1

Code Coverage
-----------------------------
  Visited lines:          3905
  Total lines:            12
  Line coverage:          325.417

CPAchecker general statistics
-----------------------------
Number of program locations:     2372
Number of CFA edges:             2749
Number of relevant variables:    303
Number of functions:             107
Number of loops:                 4
Size of reached set:             2995
  Number of reached locations:   1806 (76%)
    Avg states per location:     1
    Max states per location:     44 (at node N101)
  Number of reached functions:   46 (43%)
  Number of partitions:          2941
    Avg size of partitions:      1
    Max size of partitions:      3 (with key [N117 (entry of function ssu100_control_msg in /work/ldvuser/novikov/work/current--X--drivers/usb/serial/ssu100.ko--X--defaultlinux--X--39_7a--X--cpachecker/linux/csd_deg_dscv/12/dscv_tempdir/dscv/ri/39_7a/drivers/usb/serial/ssu100.c.prepared, lines 136-151), 1899371978, Init])
  Number of target states:       0

Time for analysis setup:                   8.360s
  Time for cfa diff:                   3.453s
  Time for loading CPAs:                   0.430s
  Time for impacted traverse:              0.012s
  Time for loading parser:        0.030s
  Time for CFA construction:      1.539s
    Time for parsing file(s):     0.472s
    Time for AST to CFA:          0.555s
    Time for CFA sanity check:    0.000s
    Time for post-processing:     0.352s
      Time for var class.:        0.000s
Time for normal Analysis:                         2.062s
CPU time for analysis:                     8.150s
CPU time for impacted:                     0.720s
CPU time for normal analysis:              4.100s
CPU time for init:                         4.050s

Time for Garbage Collector:       0.258s (in 9 runs)
Garbage Collector(s) used:    PS MarkSweep, PS Scavenge
Used heap memory:                315MB (   300 MiB) max;     93MB (    88 MiB) avg;    341MB (   325 MiB) peak
Used non-heap memory:             38MB (    36 MiB) max;     29MB (    27 MiB) avg;     39MB (    37 MiB) peak
Used in PS Old Gen pool:          24MB (    23 MiB) max;     16MB (    16 MiB) avg;     34MB (    32 MiB) peak
Allocated heap memory:           549MB (   524 MiB) max;    260MB (   248 MiB) avg
Allocated non-heap memory:        39MB (    38 MiB) max;     30MB (    29 MiB) avg
Total process virtual memory:  13309MB ( 12693 MiB) max;  13286MB ( 12671 MiB) avg

Verification result: TRUE. No property violation found by chosen configuration.
More details about the verification run can be found in the directory "/home/yqs17/blazer/cpachecker-inc-pred/output-us-precise-cfa/39_7a.usb--serial--ssu100.ko.set/030.bcbec05.39_7a.cil_safe.i".
