scripts/cpa.sh -heap 10000M -predicateAnalysis-ABElfb-debug -setprop cpa.impacted.eliminate=true -disable-java-assertions -outputpath /home/yqs17/blazer/cpachecker-inc-pred/output-us-precise-cfa/08_1a.gpu--drm--i915--i915.ko.set/019.bd88ee4.08_1a.cil_safe.i -isIncPred -spec /home/yqs17/blazer/cpachecker-inc-pred/LDVErrorLabel.spc -stats -setprop cpa.impacted.pre_invariants.file=/home/yqs17/blazer/cpachecker-inc-pred/output-us-precise-cfa/08_1a.gpu--drm--i915--i915.ko.set/018.28af0a2.08_1a.cil_safe.i/impacted-invariants.txt -setprop analysis.prev.program=/home/yqs17/blazer/cpachecker-inc-pred/programs/drivers--gpu--drm--i915--i915.ko/018.28af0a2.08_1a.cil_safe.i -entryfunction ldv_main0_sequence_infinite_withcheck_stateful /home/yqs17/blazer/cpachecker-inc-pred/programs/drivers--gpu--drm--i915--i915.ko/019.bd88ee4.08_1a.cil_safe.i


--------------------------------------------------------------------------------


Running CPAchecker with Java heap of size 10000M.
Running CPAchecker with the following extra VM options:  -Djava.io.tmpdir=/tmp/BenchExec_run_asgwoe0p/tmp
Number of modified edges: 4
Begin analysis 
Read invariant objects done
ImpactedCPA statistics
----------------------
  Number of invariants partial hits:                            0
  Number of invariants hits:                                    13
  Number of invariants trys:                                    17
  Number of invariants bots:                                    6
  Number of invariants not valid:                               2
  Initial reached size:                                         1047
  Input invariants file size:                                   1668
  Max impacted number of variables:                             0
  Number of last version invariants:                            115
  Number of this version invariants:                            0
  CPU time for invariant read:                                      0.710s
  CPU time for invariant write:                                     0.000s
  Time for invariant write:                                         0.000s
  Time for invariant read:                                          0.378s

AutomatonAnalysis (SVCOMP) statistics
-------------------------------------
Number of states:                                  1
Total time for successor computation:                  0.015s
Automaton transfers with branching:                0
Automaton transfer successors:                          998 (count: 998, min: 1, max: 1, avg: 1.00) [1 x 998]

CPA algorithm statistics
------------------------
Number of iterations:            995
Max size of waitlist:            4
Average size of waitlist:        1
Number of computed successors:   998
Max successors for one state:    2
Number of times merged:          0
Number of times stopped:         0
Number of times abs stopped:     4
Number of times nonAbs stopped:  22
Number of coverage check (part): 26
Number of times doAbstraction node:  21
Number of times breaked:         1

Total time for CPA algorithm:         0.128s (Max:     0.128s)
CPU time for CPA algorithm:           0.260s
  Time for choose from waitlist:      0.002s
  Time for precision adjustment:      0.014s
  Time for transfer relation:         0.073s
  Time for stop operator:             0.005s
  Time for adding to reached set:     0.005s

PredicateCPA statistics
-----------------------
Read Precision Time:                0.000s
Precision file size:                2552
Write Precision Time:               0.006s
Number of abstractions:            4 (0% of all post computations)
  Times abstraction was reused:    0
  Because of function entry/exit:  14 (350%)
  Because of loop head:            7 (175%)
  Because of join nodes:           0 (0%)
  Because of threshold:            0 (0%)
  Times precision was empty:       0 (0%)
  Times precision was {false}:     2 (12%)
  Times result was cached:         4 (24%)
  Times cartesian abs was used:    0 (0%)
  Times boolean abs was used:      11 (65%)
  Times result was 'false':        0 (0%)
Number of strengthen sat checks:   0
Number of coverage checks:         26
  BDD entailment checks:           4
Number of SMT sat checks:          1055
  trivial:                         616
  cached:                          403

Max ABE block size:                       1
Number of predicates discovered:          2
Number of abstraction locations:          0
Max number of predicates per location:    0
Avg number of predicates per location:    0
Total predicates per abstraction:         14
Max number of predicates per abstraction: 2
Avg number of predicates per abstraction: 1.08
Number of irrelevant predicates:          3 (21%)
Number of preds handled by boolean abs:   11 (79%)
  Total number of models for allsat:      11
  Max number of models for allsat:        1
  Avg number of models for allsat:        1.00

Number of path formula cache hits:   22 (2%)

Time for post operator:                  0.501s
  Time for path formula creation:        0.188s
    Actual computation:                  0.171s
Time for strengthen operator:            0.028s
Time for prec operator:                  0.070s
  Time for abstraction:                  0.001s (Max:     0.001s, Count: 4)
    Boolean abstraction:                 0.024s
    Solving time:                        0.012s (Max:     0.006s)
    Model enumeration time:              0.001s
    Time for BDD construction:           0.005s (Max:     0.005s)
Time for merge operator:                 0.005s
Time for coverage check:                 0.000s
  Time for BDD entailment checks:        0.000s
Total time for SMT solver (w/o itp):     0.185s

Number of BDD nodes:                               202
Size of BDD node table:                            466043
Size of BDD cache:                                 46619
Size of BDD node cleanup queue:                           0 (count: 26079, min: 0, max: 0, avg: 0.00)
Time for BDD node cleanup:                             0.003s
Time for BDD garbage collection:                       0.000s (in 0 runs)

PrecisionBootstrap statistics
-----------------------------
Init. function predicates:                         0
Init. global predicates:                           0
Init. location predicates:                         0

ImpactedCPA statistics
----------------------
  Number of invariants partial hits:                            0
  Number of invariants hits:                                    13
  Number of invariants trys:                                    17
  Number of invariants bots:                                    6
  Number of invariants not valid:                               2
  Initial reached size:                                         1047
  Input invariants file size:                                   1668
  Max impacted number of variables:                             0
  Number of last version invariants:                            115
  Number of this version invariants:                            11
  CPU time for invariant read:                                      0.710s
  CPU time for invariant write:                                     0.070s
  Time for invariant write:                                         0.039s
  Time for invariant read:                                          0.378s

AutomatonAnalysis (SVCOMP) statistics
-------------------------------------
Number of states:                                  1
Total time for successor computation:                  0.013s
Automaton transfers with branching:                0
Automaton transfer successors:                         1067 (count: 1067, min: 1, max: 1, avg: 1.00) [1 x 1067]

CPA algorithm statistics
------------------------
Number of iterations:            13
Max size of waitlist:            5
Average size of waitlist:        3
Number of computed successors:   13
Max successors for one state:    2
Number of times merged:          9
Number of times stopped:         13
Number of times abs stopped:     4
Number of times nonAbs stopped:  22
Number of coverage check (part): 26
Number of times doAbstraction node:  21
Number of times breaked:         0

Total time for CPA algorithm:         0.008s (Max:     0.008s)
CPU time for CPA algorithm:           0.260s
  Time for choose from waitlist:      0.000s
  Time for precision adjustment:      0.001s
  Time for transfer relation:         0.004s
  Time for merge operator:            0.001s
  Time for stop operator:             0.002s
  Time for adding to reached set:     0.000s

Predicate-Abstraction Refiner statistics
----------------------------------------
  Predicate creation:                                  0.000s
  Precision update:                                    0.000s
  ARG update:                                          0.000s

Length of refined path (in blocks):                       0 (count: 0, min: 0, max: 0, avg: 0.00)
Number of affected states:                                0 (count: 0, min: 0, max: 0, avg: 0.00)
Length (states) of path with itp 'true':                  0 (count: 0, min: 0, max: 0, avg: 0.00)
Length (states) of path with itp non-trivial itp:         0 (count: 0, min: 0, max: 0, avg: 0.00)
Length (states) of path with itp 'false':                 0 (count: 0, min: 0, max: 0, avg: 0.00)
Different non-trivial interpolants along paths:           0 (count: 0, min: 0, max: 0, avg: 0.00)
Equal non-trivial interpolants along paths:               0 (count: 0, min: 0, max: 0, avg: 0.00)
Different precisions along paths:                         0 (count: 0, min: 0, max: 0, avg: 0.00)
Equal precisions along paths:                             0 (count: 0, min: 0, max: 0, avg: 0.00)
Number of refs with location-based cutoff:                0

CEGAR algorithm statistics
--------------------------
Number of refinements:                0
Refinement times:             0
First time for refinement:             0.008s
Last time for refinement:              0.008s
Average time for analysis:          0.008s
Number of analysis:                1

Code Coverage
-----------------------------
  Visited lines:          3637
  Total lines:            5
  Line coverage:          727.400

CPAchecker general statistics
-----------------------------
Number of program locations:     8508
Number of CFA edges:             10806
Number of relevant variables:    1854
Number of functions:             211
Number of loops:                 65
Size of reached set:             1047
  Number of reached locations:   1042 (12%)
    Avg states per location:     1
    Max states per location:     3 (at node N88)
  Number of reached functions:   6 (3%)
  Number of partitions:          1047
    Avg size of partitions:      1
    Max size of partitions:      1
  Number of target states:       0

Time for analysis setup:                  15.540s
  Time for cfa diff:                  10.669s
  Time for loading CPAs:                   0.519s
  Time for impacted traverse:              0.024s
  Time for loading parser:        0.034s
  Time for CFA construction:      2.912s
    Time for parsing file(s):     0.587s
    Time for AST to CFA:          1.143s
    Time for CFA sanity check:    0.000s
    Time for post-processing:     0.860s
      Time for var class.:        0.000s
Time for normal Analysis:                         0.008s
CPU time for analysis:                     1.470s
CPU time for impacted:                     0.890s
CPU time for normal analysis:              0.020s
CPU time for init:                         1.450s

Time for Garbage Collector:       0.403s (in 8 runs)
Garbage Collector(s) used:    PS MarkSweep, PS Scavenge
Used heap memory:                207MB (   197 MiB) max;    148MB (   142 MiB) avg;    230MB (   219 MiB) peak
Used non-heap memory:             36MB (    35 MiB) max;     28MB (    27 MiB) avg;     37MB (    35 MiB) peak
Used in PS Old Gen pool:          45MB (    43 MiB) max;     35MB (    34 MiB) avg;     47MB (    45 MiB) peak
Allocated heap memory:           449MB (   428 MiB) max;    271MB (   259 MiB) avg
Allocated non-heap memory:        38MB (    36 MiB) max;     29MB (    27 MiB) avg
Total process virtual memory:  13307MB ( 12691 MiB) max;  13280MB ( 12665 MiB) avg

Verification result: TRUE. No property violation found by chosen configuration.
More details about the verification run can be found in the directory "/home/yqs17/blazer/cpachecker-inc-pred/output-us-precise-cfa/08_1a.gpu--drm--i915--i915.ko.set/019.bd88ee4.08_1a.cil_safe.i".
