scripts/cpa.sh -heap 10000M -predicateAnalysis-ABElfb-debug -setprop cpa.impacted.eliminate=true -disable-java-assertions -outputpath /home/yqs17/blazer/cpachecker-inc-pred/output-us-precise-cfa/32_7a.regulator--wm831x-dcdc.ko.set/044.1f9cc5f.32_7a.cil_safe.i -isIncPred -spec /home/yqs17/blazer/cpachecker-inc-pred/LDVErrorLabel.spc -stats -setprop cpa.impacted.pre_invariants.file=/home/yqs17/blazer/cpachecker-inc-pred/output-us-precise-cfa/32_7a.regulator--wm831x-dcdc.ko.set/040.13ae633.32_7a.cil_safe.i/impacted-invariants.txt -setprop analysis.prev.program=/home/yqs17/blazer/cpachecker-inc-pred/programs/drivers--regulator--wm831x-dcdc.ko/040.13ae633.32_7a.cil_safe.i -entryfunction ldv_main0_sequence_infinite_withcheck_stateful /home/yqs17/blazer/cpachecker-inc-pred/programs/drivers--regulator--wm831x-dcdc.ko/044.1f9cc5f.32_7a.cil_safe.i


--------------------------------------------------------------------------------


Running CPAchecker with Java heap of size 10000M.
Running CPAchecker with the following extra VM options:  -Djava.io.tmpdir=/tmp/BenchExec_run_rrsezbjw/tmp
Number of modified edges: 5
Begin analysis 
Read invariant objects done
ImpactedCPA statistics
----------------------
  Number of invariants partial hits:                            0
  Number of invariants hits:                                    6
  Number of invariants trys:                                    9
  Number of invariants bots:                                    3
  Number of invariants not valid:                               0
  Initial reached size:                                         667
  Input invariants file size:                                   1365
  Max impacted number of variables:                             0
  Number of last version invariants:                            40
  Number of this version invariants:                            0
  CPU time for invariant read:                                      0.390s
  CPU time for invariant write:                                     0.000s
  Time for invariant write:                                         0.000s
  Time for invariant read:                                          0.214s

AutomatonAnalysis (SVCOMP) statistics
-------------------------------------
Number of states:                                  1
Total time for successor computation:                  0.011s
Automaton transfers with branching:                0
Automaton transfer successors:                          675 (count: 675, min: 1, max: 1, avg: 1.00) [1 x 675]

CPA algorithm statistics
------------------------
Number of iterations:            665
Max size of waitlist:            5
Average size of waitlist:        1
Number of computed successors:   675
Max successors for one state:    2
Number of times merged:          0
Number of times stopped:         6
Number of times abs stopped:     0
Number of times nonAbs stopped:  10
Number of coverage check (part): 10
Number of times doAbstraction node:  9
Number of times breaked:         1

Total time for CPA algorithm:         0.093s (Max:     0.093s)
CPU time for CPA algorithm:           0.170s
  Time for choose from waitlist:      0.003s
  Time for precision adjustment:      0.010s
  Time for transfer relation:         0.053s
  Time for merge operator:            0.002s
  Time for stop operator:             0.005s
  Time for adding to reached set:     0.003s

PredicateCPA statistics
-----------------------
Read Precision Time:                0.000s
Precision file size:                51
Write Precision Time:               0.004s
Number of abstractions:            0 (0% of all post computations)
Number of strengthen sat checks:   0
Number of coverage checks:         10
  BDD entailment checks:           0
Number of SMT sat checks:          675
  trivial:                         475
  cached:                          148

Max ABE block size:                       0
Number of predicates discovered:          6
Number of abstraction locations:          0
Max number of predicates per location:    0
Avg number of predicates per location:    0
Total predicates per abstraction:         26
Max number of predicates per abstraction: 6
Avg number of predicates per abstraction: 4.33
Number of irrelevant predicates:          0 (0%)
Number of preds handled by boolean abs:   26 (100%)
  Total number of models for allsat:      6
  Max number of models for allsat:        1
  Avg number of models for allsat:        1.00

Number of path formula cache hits:   1 (0%)

Time for post operator:                  0.647s
  Time for path formula creation:        0.171s
    Actual computation:                  0.156s
Time for strengthen operator:            0.002s
Time for prec operator:                  0.059s
Time for merge operator:                 0.010s
Time for coverage check:                 0.000s
Total time for SMT solver (w/o itp):     0.355s

Number of BDD nodes:                               220
Size of BDD node table:                            466043
Size of BDD cache:                                 46619
Size of BDD node cleanup queue:                           0 (count: 6810, min: 0, max: 0, avg: 0.00)
Time for BDD node cleanup:                             0.000s
Time for BDD garbage collection:                       0.000s (in 0 runs)

PrecisionBootstrap statistics
-----------------------------
Init. function predicates:                         0
Init. global predicates:                           0
Init. location predicates:                         0

ImpactedCPA statistics
----------------------
  Number of invariants partial hits:                            0
  Number of invariants hits:                                    6
  Number of invariants trys:                                    9
  Number of invariants bots:                                    3
  Number of invariants not valid:                               0
  Initial reached size:                                         667
  Input invariants file size:                                   1365
  Max impacted number of variables:                             0
  Number of last version invariants:                            40
  Number of this version invariants:                            6
  CPU time for invariant read:                                      0.390s
  CPU time for invariant write:                                     0.040s
  Time for invariant write:                                         0.023s
  Time for invariant read:                                          0.214s

AutomatonAnalysis (SVCOMP) statistics
-------------------------------------
Number of states:                                  1
Total time for successor computation:                  0.014s
Automaton transfers with branching:                0
Automaton transfer successors:                          674 (count: 674, min: 1, max: 1, avg: 1.00) [1 x 674]

CPA algorithm statistics
------------------------
Number of iterations:            2
Max size of waitlist:            1
Average size of waitlist:        1
Number of computed successors:   1
Max successors for one state:    1
Number of times merged:          1
Number of times stopped:         1
Number of times abs stopped:     0
Number of times nonAbs stopped:  10
Number of coverage check (part): 10
Number of times doAbstraction node:  9
Number of times breaked:         0

Total time for CPA algorithm:         0.001s (Max:     0.001s)
CPU time for CPA algorithm:           0.170s
  Time for choose from waitlist:      0.000s
  Time for precision adjustment:      0.001s
  Time for transfer relation:         0.000s
  Time for merge operator:            0.000s
  Time for stop operator:             0.000s
  Time for adding to reached set:     0.000s

Predicate-Abstraction Refiner statistics
----------------------------------------
  Predicate creation:                                  0.000s
  Precision update:                                    0.000s
  ARG update:                                          0.000s

Length of refined path (in blocks):                       0 (count: 0, min: 0, max: 0, avg: 0.00)
Number of affected states:                                0 (count: 0, min: 0, max: 0, avg: 0.00)
Length (states) of path with itp 'true':                  0 (count: 0, min: 0, max: 0, avg: 0.00)
Length (states) of path with itp non-trivial itp:         0 (count: 0, min: 0, max: 0, avg: 0.00)
Length (states) of path with itp 'false':                 0 (count: 0, min: 0, max: 0, avg: 0.00)
Different non-trivial interpolants along paths:           0 (count: 0, min: 0, max: 0, avg: 0.00)
Equal non-trivial interpolants along paths:               0 (count: 0, min: 0, max: 0, avg: 0.00)
Different precisions along paths:                         0 (count: 0, min: 0, max: 0, avg: 0.00)
Equal precisions along paths:                             0 (count: 0, min: 0, max: 0, avg: 0.00)
Number of refs with location-based cutoff:                0

CEGAR algorithm statistics
--------------------------
Number of refinements:                0
Refinement times:             0
First time for refinement:             0.001s
Last time for refinement:              0.001s
Average time for analysis:          0.001s
Number of analysis:                1

Code Coverage
-----------------------------
  Visited lines:          2258
  Total lines:            12
  Line coverage:          188.167

CPAchecker general statistics
-----------------------------
Number of program locations:     2193
Number of CFA edges:             2513
Number of relevant variables:    307
Number of functions:             76
Number of loops:                 2
Size of reached set:             667
  Number of reached locations:   667 (30%)
    Avg states per location:     1
    Max states per location:     1 (at node N1085)
  Number of reached functions:   4 (5%)
  Number of partitions:          667
    Avg size of partitions:      1
    Max size of partitions:      1
  Number of target states:       0

Time for analysis setup:                   6.606s
  Time for cfa diff:                   3.383s
  Time for loading CPAs:                   0.408s
  Time for impacted traverse:              0.013s
  Time for loading parser:        0.028s
  Time for CFA construction:      1.525s
    Time for parsing file(s):     0.460s
    Time for AST to CFA:          0.519s
    Time for CFA sanity check:    0.000s
    Time for post-processing:     0.365s
      Time for var class.:        0.000s
Time for normal Analysis:                         0.001s
CPU time for analysis:                     1.570s
CPU time for impacted:                     0.640s
CPU time for normal analysis:              0.000s
CPU time for init:                         1.570s

Time for Garbage Collector:       0.165s (in 5 runs)
Garbage Collector(s) used:    PS MarkSweep, PS Scavenge
Used heap memory:                 95MB (    91 MiB) max;     48MB (    46 MiB) avg;    117MB (   112 MiB) peak
Used non-heap memory:             34MB (    32 MiB) max;     26MB (    24 MiB) avg;     36MB (    35 MiB) peak
Used in PS Old Gen pool:          22MB (    21 MiB) max;     12MB (    11 MiB) avg;     32MB (    30 MiB) peak
Allocated heap memory:           263MB (   251 MiB) max;    194MB (   185 MiB) avg
Allocated non-heap memory:        37MB (    35 MiB) max;     27MB (    26 MiB) avg
Total process virtual memory:  13307MB ( 12691 MiB) max;  13275MB ( 12660 MiB) avg

Verification result: TRUE. No property violation found by chosen configuration.
More details about the verification run can be found in the directory "/home/yqs17/blazer/cpachecker-inc-pred/output-us-precise-cfa/32_7a.regulator--wm831x-dcdc.ko.set/044.1f9cc5f.32_7a.cil_safe.i".
