scripts/cpa.sh -heap 10000M -predicateAnalysis-ABElfb-debug -setprop cpa.impacted.eliminate=true -disable-java-assertions -outputpath /home/yqs17/blazer/cpachecker-inc-pred/output-us-precise-cfa/39_7a.media--dvb--dvb-usb--dvb-usb-vp7045.ko.set/035.ecb3b2b.39_7a.cil_safe.i -isIncPred -spec /home/yqs17/blazer/cpachecker-inc-pred/LDVErrorLabel.spc -stats -setprop cpa.impacted.pre_invariants.file=/home/yqs17/blazer/cpachecker-inc-pred/output-us-precise-cfa/39_7a.media--dvb--dvb-usb--dvb-usb-vp7045.ko.set/034.7577911.39_7a.cil_safe.i/impacted-invariants.txt -setprop analysis.prev.program=/home/yqs17/blazer/cpachecker-inc-pred/programs/drivers--media--dvb--dvb-usb--dvb-usb-vp7045.ko/034.7577911.39_7a.cil_safe.i -entryfunction ldv_main0_sequence_infinite_withcheck_stateful /home/yqs17/blazer/cpachecker-inc-pred/programs/drivers--media--dvb--dvb-usb--dvb-usb-vp7045.ko/035.ecb3b2b.39_7a.cil_safe.i


--------------------------------------------------------------------------------


Running CPAchecker with Java heap of size 10000M.
Running CPAchecker with the following extra VM options:  -Djava.io.tmpdir=/tmp/BenchExec_run_enrizhg8/tmp
Number of modified edges: 144
Begin analysis 
Read invariant objects done
ImpactedCPA statistics
----------------------
  Number of invariants partial hits:                            0
  Number of invariants hits:                                    20
  Number of invariants trys:                                    33
  Number of invariants bots:                                    13
  Number of invariants not valid:                               0
  Initial reached size:                                         1259
  Input invariants file size:                                   2511
  Max impacted number of variables:                             2
  Number of last version invariants:                            46
  Number of this version invariants:                            0
  CPU time for invariant read:                                      0.650s
  CPU time for invariant write:                                     0.000s
  Time for invariant write:                                         0.000s
  Time for invariant read:                                          0.341s

AutomatonAnalysis (SVCOMP) statistics
-------------------------------------
Number of states:                                  1
Total time for successor computation:                  0.021s
Automaton transfers with branching:                0
Automaton transfer successors:                         2192 (count: 2192, min: 1, max: 1, avg: 1.00) [1 x 2192]

CPA algorithm statistics
------------------------
Number of iterations:            2174
Max size of waitlist:            9
Average size of waitlist:        1
Number of computed successors:   2192
Max successors for one state:    2
Number of times merged:          0
Number of times stopped:         2
Number of times abs stopped:     40
Number of times nonAbs stopped:  394
Number of coverage check (part): 434
Number of times doAbstraction node:  113
Number of times breaked:         2

Total time for CPA algorithm:         0.192s (Max:     0.126s)
CPU time for CPA algorithm:           1.610s
  Time for choose from waitlist:      0.003s
  Time for precision adjustment:      0.018s
  Time for transfer relation:         0.100s
  Time for merge operator:            0.000s
  Time for stop operator:             0.011s
  Time for adding to reached set:     0.012s

PredicateCPA statistics
-----------------------
Read Precision Time:                0.000s
Precision file size:                0
Write Precision Time:               0.002s
Number of abstractions:            80 (4% of all post computations)
  Times abstraction was reused:    0
  Because of function entry/exit:  77 (96%)
  Because of loop head:            36 (45%)
  Because of join nodes:           0 (0%)
  Because of threshold:            0 (0%)
  Times precision was empty:       0 (0%)
  Times precision was {false}:     0 (0%)
  Times result was cached:         20 (20%)
  Times cartesian abs was used:    0 (0%)
  Times boolean abs was used:      80 (80%)
  Times result was 'false':        0 (0%)
Number of strengthen sat checks:   0
Number of coverage checks:         434
  BDD entailment checks:           40
Number of SMT sat checks:          1290
  trivial:                         896
  cached:                          264

Max ABE block size:                       23
Number of predicates discovered:          10
Number of abstraction locations:          0
Max number of predicates per location:    0
Avg number of predicates per location:    0
Total predicates per abstraction:         781
Max number of predicates per abstraction: 10
Avg number of predicates per abstraction: 9.76
Number of irrelevant predicates:          53 (7%)
Number of preds handled by boolean abs:   728 (93%)
  Total number of models for allsat:      84
  Max number of models for allsat:        2
  Avg number of models for allsat:        1.05

Number of path formula cache hits:   223 (11%)

Time for post operator:                  1.521s
  Time for path formula creation:        0.543s
    Actual computation:                  0.517s
Time for strengthen operator:            0.005s
Time for prec operator:                  0.429s
  Time for abstraction:                  0.260s (Max:     0.016s, Count: 80)
    Boolean abstraction:                 0.172s
    Solving time:                        0.085s (Max:     0.011s)
    Model enumeration time:              0.004s
    Time for BDD construction:           0.008s (Max:     0.001s)
Time for merge operator:                 0.054s
Time for coverage check:                 0.002s
  Time for BDD entailment checks:        0.001s
Total time for SMT solver (w/o itp):     0.697s

Number of BDD nodes:                               390
Size of BDD node table:                            466043
Size of BDD cache:                                 46619
Size of BDD node cleanup queue:                         140 (count: 7850, min: 0, max: 140, avg: 0.02)
Time for BDD node cleanup:                             0.003s
Time for BDD garbage collection:                       0.000s (in 0 runs)

PrecisionBootstrap statistics
-----------------------------
Init. function predicates:                         0
Init. global predicates:                           0
Init. location predicates:                         0

ImpactedCPA statistics
----------------------
  Number of invariants partial hits:                            0
  Number of invariants hits:                                    20
  Number of invariants trys:                                    33
  Number of invariants bots:                                    13
  Number of invariants not valid:                               0
  Initial reached size:                                         1259
  Input invariants file size:                                   2511
  Max impacted number of variables:                             2
  Number of last version invariants:                            46
  Number of this version invariants:                            34
  CPU time for invariant read:                                      0.650s
  CPU time for invariant write:                                     0.080s
  Time for invariant write:                                         0.041s
  Time for invariant read:                                          0.341s

AutomatonAnalysis (SVCOMP) statistics
-------------------------------------
Number of states:                                  1
Total time for successor computation:                  0.016s
Automaton transfers with branching:                0
Automaton transfer successors:                         2020 (count: 2020, min: 1, max: 1, avg: 1.00) [1 x 2020]

CPA algorithm statistics
------------------------
Number of iterations:            646
Max size of waitlist:            15
Average size of waitlist:        10
Number of computed successors:   739
Max successors for one state:    2
Number of times merged:          187
Number of times stopped:         227
Number of times abs stopped:     40
Number of times nonAbs stopped:  394
Number of coverage check (part): 434
Number of times doAbstraction node:  113
Number of times breaked:         0

Total time for CPA algorithm:         0.613s (Max:     0.613s)
CPU time for CPA algorithm:           1.610s
  Time for choose from waitlist:      0.000s
  Time for precision adjustment:      0.289s
  Time for transfer relation:         0.214s
  Time for merge operator:            0.065s
  Time for stop operator:             0.013s
  Time for adding to reached set:     0.018s

Predicate-Abstraction Refiner statistics
----------------------------------------
  Predicate creation:                                  0.000s
  Precision update:                                    0.000s
  ARG update:                                          0.000s

Length of refined path (in blocks):                       0 (count: 0, min: 0, max: 0, avg: 0.00)
Number of affected states:                                0 (count: 0, min: 0, max: 0, avg: 0.00)
Length (states) of path with itp 'true':                  0 (count: 0, min: 0, max: 0, avg: 0.00)
Length (states) of path with itp non-trivial itp:         0 (count: 0, min: 0, max: 0, avg: 0.00)
Length (states) of path with itp 'false':                 0 (count: 0, min: 0, max: 0, avg: 0.00)
Different non-trivial interpolants along paths:           0 (count: 0, min: 0, max: 0, avg: 0.00)
Equal non-trivial interpolants along paths:               0 (count: 0, min: 0, max: 0, avg: 0.00)
Different precisions along paths:                         0 (count: 0, min: 0, max: 0, avg: 0.00)
Equal precisions along paths:                             0 (count: 0, min: 0, max: 0, avg: 0.00)
Number of refs with location-based cutoff:                0

CEGAR algorithm statistics
--------------------------
Number of refinements:                0
Refinement times:             0
First time for refinement:             0.613s
Last time for refinement:              0.613s
Average time for analysis:          0.613s
Number of analysis:                1

Code Coverage
-----------------------------
  Visited lines:          5448
  Total lines:            4
  Line coverage:          1362.000

CPAchecker general statistics
-----------------------------
Number of program locations:     2321
Number of CFA edges:             2558
Number of relevant variables:    204
Number of functions:             106
Number of loops:                 9
Size of reached set:             1771
  Number of reached locations:   1338 (58%)
    Avg states per location:     1
    Max states per location:     18 (at node N9)
  Number of reached functions:   13 (12%)
  Number of partitions:          1771
    Avg size of partitions:      1
    Max size of partitions:      1
  Number of target states:       0

Time for analysis setup:                  10.678s
  Time for cfa diff:                   6.475s
  Time for loading CPAs:                   0.408s
  Time for impacted traverse:              0.012s
  Time for loading parser:        0.023s
  Time for CFA construction:      1.448s
    Time for parsing file(s):     0.411s
    Time for AST to CFA:          0.553s
    Time for CFA sanity check:    0.000s
    Time for post-processing:     0.318s
      Time for var class.:        0.000s
Time for normal Analysis:                         0.613s
CPU time for analysis:                     4.460s
CPU time for impacted:                     0.820s
CPU time for normal analysis:              1.230s
CPU time for init:                         3.230s

Time for Garbage Collector:       0.205s (in 7 runs)
Garbage Collector(s) used:    PS MarkSweep, PS Scavenge
Used heap memory:                209MB (   200 MiB) max;     66MB (    63 MiB) avg;    255MB (   243 MiB) peak
Used non-heap memory:             35MB (    33 MiB) max;     27MB (    26 MiB) avg;     36MB (    35 MiB) peak
Used in PS Old Gen pool:          23MB (    22 MiB) max;     17MB (    16 MiB) avg;     36MB (    34 MiB) peak
Allocated heap memory:           367MB (   350 MiB) max;    258MB (   246 MiB) avg
Allocated non-heap memory:        37MB (    35 MiB) max;     28MB (    27 MiB) avg
Total process virtual memory:  13308MB ( 12692 MiB) max;  13288MB ( 12672 MiB) avg

Verification result: TRUE. No property violation found by chosen configuration.
More details about the verification run can be found in the directory "/home/yqs17/blazer/cpachecker-inc-pred/output-us-precise-cfa/39_7a.media--dvb--dvb-usb--dvb-usb-vp7045.ko.set/035.ecb3b2b.39_7a.cil_safe.i".
