scripts/cpa.sh -heap 10000M -predicateAnalysis-ABElfb-debug -setprop cpa.impacted.eliminate=true -disable-java-assertions -outputpath /home/yqs17/blazer/cpachecker-inc-pred/output-us-precise-cfa/32_7a.hwmon--ads7871.ko.set/001.c12c507.32_7a.cil_safe.i -isIncPred -spec /home/yqs17/blazer/cpachecker-inc-pred/LDVErrorLabel.spc -stats -setprop cpa.impacted.pre_invariants.file=/home/yqs17/blazer/cpachecker-inc-pred/output-us-precise-cfa/32_7a.hwmon--ads7871.ko.set/000.e0c70b8.32_7a.cil_safe.i/impacted-invariants.txt -setprop analysis.prev.program=/home/yqs17/blazer/cpachecker-inc-pred/programs/drivers--hwmon--ads7871.ko/000.e0c70b8.32_7a.cil_safe.i -entryfunction ldv_main0_sequence_infinite_withcheck_stateful /home/yqs17/blazer/cpachecker-inc-pred/programs/drivers--hwmon--ads7871.ko/001.c12c507.32_7a.cil_safe.i


--------------------------------------------------------------------------------


Running CPAchecker with Java heap of size 10000M.
Running CPAchecker with the following extra VM options:  -Djava.io.tmpdir=/tmp/BenchExec_run_rudq3ked/tmp
Number of modified edges: 29
Begin analysis 
Read invariant objects done
ImpactedCPA statistics
----------------------
  Number of invariants partial hits:                            0
  Number of invariants hits:                                    28
  Number of invariants trys:                                    32
  Number of invariants bots:                                    4
  Number of invariants not valid:                               0
  Initial reached size:                                         420
  Input invariants file size:                                   1496
  Max impacted number of variables:                             0
  Number of last version invariants:                            51
  Number of this version invariants:                            0
  CPU time for invariant read:                                      0.280s
  CPU time for invariant write:                                     0.000s
  Time for invariant write:                                         0.000s
  Time for invariant read:                                          0.138s

AutomatonAnalysis (SVCOMP) statistics
-------------------------------------
Number of states:                                  1
Total time for successor computation:                  0.006s
Automaton transfers with branching:                0
Automaton transfer successors:                          311 (count: 311, min: 1, max: 1, avg: 1.00) [1 x 311]

CPA algorithm statistics
------------------------
Number of iterations:            307
Max size of waitlist:            4
Average size of waitlist:        1
Number of computed successors:   311
Max successors for one state:    2
Number of times merged:          0
Number of times stopped:         1
Number of times abs stopped:     8
Number of times nonAbs stopped:  30
Number of coverage check (part): 38
Number of times doAbstraction node:  81
Number of times breaked:         1

Total time for CPA algorithm:         0.052s (Max:     0.052s)
CPU time for CPA algorithm:           0.570s
  Time for choose from waitlist:      0.002s
  Time for precision adjustment:      0.007s
  Time for transfer relation:         0.026s
  Time for merge operator:            0.000s
  Time for stop operator:             0.002s
  Time for adding to reached set:     0.004s

PredicateCPA statistics
-----------------------
Read Precision Time:                0.000s
Precision file size:                0
Write Precision Time:               0.002s
Number of abstractions:            49 (8% of all post computations)
  Times abstraction was reused:    0
  Because of function entry/exit:  75 (153%)
  Because of loop head:            6 (12%)
  Because of join nodes:           0 (0%)
  Because of threshold:            0 (0%)
  Times precision was empty:       0 (0%)
  Times precision was {false}:     0 (0%)
  Times result was cached:         14 (18%)
  Times cartesian abs was used:    0 (0%)
  Times boolean abs was used:      63 (82%)
  Times result was 'false':        0 (0%)
Number of strengthen sat checks:   0
Number of coverage checks:         38
  BDD entailment checks:           8
Number of SMT sat checks:          428
  trivial:                         201
  cached:                          170

Max ABE block size:                       10
Number of predicates discovered:          4
Number of abstraction locations:          0
Max number of predicates per location:    0
Avg number of predicates per location:    0
Total predicates per abstraction:         203
Max number of predicates per abstraction: 4
Avg number of predicates per abstraction: 3.22
Number of irrelevant predicates:          0 (0%)
Number of preds handled by boolean abs:   203 (100%)
  Total number of models for allsat:      100
  Max number of models for allsat:        2
  Avg number of models for allsat:        1.59

Number of path formula cache hits:   27 (4%)

Time for post operator:                  0.606s
  Time for path formula creation:        0.298s
    Actual computation:                  0.264s
Time for strengthen operator:            0.002s
Time for prec operator:                  0.275s
  Time for abstraction:                  0.141s (Max:     0.015s, Count: 49)
    Boolean abstraction:                 0.116s
    Solving time:                        0.033s (Max:     0.006s)
    Model enumeration time:              0.019s
    Time for BDD construction:           0.013s (Max:     0.004s)
Time for merge operator:                 0.006s
Time for coverage check:                 0.000s
  Time for BDD entailment checks:        0.000s
Total time for SMT solver (w/o itp):     0.286s

Number of BDD nodes:                               220
Size of BDD node table:                            466043
Size of BDD cache:                                 46619
Size of BDD node cleanup queue:                           5 (count: 3189, min: 0, max: 5, avg: 0.00)
Time for BDD node cleanup:                             0.000s
Time for BDD garbage collection:                       0.000s (in 0 runs)

PrecisionBootstrap statistics
-----------------------------
Init. function predicates:                         0
Init. global predicates:                           0
Init. location predicates:                         0

ImpactedCPA statistics
----------------------
  Number of invariants partial hits:                            0
  Number of invariants hits:                                    28
  Number of invariants trys:                                    32
  Number of invariants bots:                                    4
  Number of invariants not valid:                               0
  Initial reached size:                                         420
  Input invariants file size:                                   1496
  Max impacted number of variables:                             0
  Number of last version invariants:                            51
  Number of this version invariants:                            47
  CPU time for invariant read:                                      0.280s
  CPU time for invariant write:                                     0.050s
  Time for invariant write:                                         0.030s
  Time for invariant read:                                          0.138s

AutomatonAnalysis (SVCOMP) statistics
-------------------------------------
Number of states:                                  1
Total time for successor computation:                  0.006s
Automaton transfers with branching:                0
Automaton transfer successors:                          643 (count: 643, min: 1, max: 1, avg: 1.00) [1 x 643]

CPA algorithm statistics
------------------------
Number of iterations:            210
Max size of waitlist:            8
Average size of waitlist:        4
Number of computed successors:   216
Max successors for one state:    2
Number of times merged:          11
Number of times stopped:         19
Number of times abs stopped:     8
Number of times nonAbs stopped:  30
Number of coverage check (part): 38
Number of times doAbstraction node:  81
Number of times breaked:         0

Total time for CPA algorithm:         0.243s (Max:     0.243s)
CPU time for CPA algorithm:           0.570s
  Time for choose from waitlist:      0.001s
  Time for precision adjustment:      0.150s
  Time for transfer relation:         0.075s
  Time for merge operator:            0.004s
  Time for stop operator:             0.003s
  Time for adding to reached set:     0.003s

Predicate-Abstraction Refiner statistics
----------------------------------------
  Predicate creation:                                  0.000s
  Precision update:                                    0.000s
  ARG update:                                          0.000s

Length of refined path (in blocks):                       0 (count: 0, min: 0, max: 0, avg: 0.00)
Number of affected states:                                0 (count: 0, min: 0, max: 0, avg: 0.00)
Length (states) of path with itp 'true':                  0 (count: 0, min: 0, max: 0, avg: 0.00)
Length (states) of path with itp non-trivial itp:         0 (count: 0, min: 0, max: 0, avg: 0.00)
Length (states) of path with itp 'false':                 0 (count: 0, min: 0, max: 0, avg: 0.00)
Different non-trivial interpolants along paths:           0 (count: 0, min: 0, max: 0, avg: 0.00)
Equal non-trivial interpolants along paths:               0 (count: 0, min: 0, max: 0, avg: 0.00)
Different precisions along paths:                         0 (count: 0, min: 0, max: 0, avg: 0.00)
Equal precisions along paths:                             0 (count: 0, min: 0, max: 0, avg: 0.00)
Number of refs with location-based cutoff:                0

CEGAR algorithm statistics
--------------------------
Number of refinements:                0
Refinement times:             0
First time for refinement:             0.243s
Last time for refinement:              0.243s
Average time for analysis:          0.243s
Number of analysis:                1

Code Coverage
-----------------------------
  Visited lines:          960
  Total lines:            1
  Line coverage:          960.000

CPAchecker general statistics
-----------------------------
Number of program locations:     837
Number of CFA edges:             945
Number of relevant variables:    124
Number of functions:             46
Number of loops:                 4
Size of reached set:             617
  Number of reached locations:   509 (61%)
    Avg states per location:     1
    Max states per location:     4 (at node N412)
  Number of reached functions:   23 (50%)
  Number of partitions:          617
    Avg size of partitions:      1
    Max size of partitions:      1
  Number of target states:       0

Time for analysis setup:                   3.911s
  Time for cfa diff:                   1.851s
  Time for loading CPAs:                   0.297s
  Time for impacted traverse:              0.007s
  Time for loading parser:        0.026s
  Time for CFA construction:      0.684s
    Time for parsing file(s):     0.207s
    Time for AST to CFA:          0.260s
    Time for CFA sanity check:    0.000s
    Time for post-processing:     0.134s
      Time for var class.:        0.000s
Time for normal Analysis:                         0.243s
CPU time for analysis:                     1.920s
CPU time for impacted:                     0.380s
CPU time for normal analysis:              0.490s
CPU time for init:                         1.440s

Time for Garbage Collector:       0.110s (in 4 runs)
Garbage Collector(s) used:    PS MarkSweep, PS Scavenge
Used heap memory:                 83MB (    79 MiB) max;     37MB (    36 MiB) avg;    104MB (   100 MiB) peak
Used non-heap memory:             33MB (    32 MiB) max;     24MB (    23 MiB) avg;     35MB (    34 MiB) peak
Used in PS Old Gen pool:          23MB (    22 MiB) max;      7MB (     6 MiB) avg;     23MB (    22 MiB) peak
Allocated heap memory:           190MB (   182 MiB) max;    180MB (   172 MiB) avg
Allocated non-heap memory:        36MB (    34 MiB) max;     25MB (    24 MiB) avg
Total process virtual memory:  13307MB ( 12691 MiB) max;  13283MB ( 12667 MiB) avg

Verification result: TRUE. No property violation found by chosen configuration.
More details about the verification run can be found in the directory "/home/yqs17/blazer/cpachecker-inc-pred/output-us-precise-cfa/32_7a.hwmon--ads7871.ko.set/001.c12c507.32_7a.cil_safe.i".
