scripts/cpa.sh -heap 10000M -predicateAnalysis-ABElfb-debug -setprop cpa.impacted.eliminate=true -disable-java-assertions -outputpath /home/yqs17/blazer/cpachecker-inc-pred/output-us-precise-cfa/32_7a.usb--serial--ssu100.ko.set/021.c7f3619.32_7a.cil_safe.i -isIncPred -spec /home/yqs17/blazer/cpachecker-inc-pred/LDVErrorLabel.spc -stats -setprop cpa.impacted.pre_invariants.file=/home/yqs17/blazer/cpachecker-inc-pred/output-us-precise-cfa/32_7a.usb--serial--ssu100.ko.set/020.bb7a9c4.32_7a.cil_safe.i/impacted-invariants.txt -setprop analysis.prev.program=/home/yqs17/blazer/cpachecker-inc-pred/programs/drivers--usb--serial--ssu100.ko/020.bb7a9c4.32_7a.cil_safe.i -entryfunction ldv_main0_sequence_infinite_withcheck_stateful /home/yqs17/blazer/cpachecker-inc-pred/programs/drivers--usb--serial--ssu100.ko/021.c7f3619.32_7a.cil_safe.i


--------------------------------------------------------------------------------


Running CPAchecker with Java heap of size 10000M.
Running CPAchecker with the following extra VM options:  -Djava.io.tmpdir=/tmp/BenchExec_run_lgv5pty0/tmp
Number of modified edges: 20
Begin analysis 
Read invariant objects done
PredicateCPA statistics
-----------------------
Read Precision Time:                0.000s
Precision file size:                2217
Write Precision Time:               0.003s
Number of abstractions:            1300 (14% of all post computations)
  Times abstraction was reused:    0
  Because of function entry/exit:  1293 (99%)
  Because of loop head:            91 (7%)
  Because of join nodes:           0 (0%)
  Because of threshold:            0 (0%)
  Times precision was empty:       0 (0%)
  Times precision was {false}:     0 (0%)
  Times result was cached:         335 (25%)
  Times cartesian abs was used:    0 (0%)
  Times boolean abs was used:      1026 (75%)
  Times result was 'false':        29 (2%)
Number of strengthen sat checks:   1
  Times result was 'false':        0 (0%)
Number of coverage checks:         1861
  BDD entailment checks:           323
Number of SMT sat checks:          1280
  trivial:                         636
  cached:                          396

Max ABE block size:                       34
Number of predicates discovered:          16
Number of abstraction locations:          0
Max number of predicates per location:    0
Avg number of predicates per location:    0
Total predicates per abstraction:         13682
Max number of predicates per abstraction: 15
Avg number of predicates per abstraction: 13.34
Number of irrelevant predicates:          3193 (23%)
Number of preds handled by boolean abs:   10489 (77%)
  Total number of models for allsat:      2437
  Max number of models for allsat:        96
  Avg number of models for allsat:        2.38

Number of path formula cache hits:   2643 (28%)

Time for post operator:                  2.603s
  Time for path formula creation:        0.855s
    Actual computation:                  0.791s
Time for strengthen operator:            0.035s
  Time for satisfiability checks:        0.000s
Time for prec operator:                  3.674s
  Time for abstraction:                  3.043s (Max:     0.044s, Count: 1300)
    Boolean abstraction:                 1.737s
    Solving time:                        0.232s (Max:     0.008s)
    Model enumeration time:              0.379s
    Time for BDD construction:           0.081s (Max:     0.012s)
Time for merge operator:                 0.198s
Time for coverage check:                 0.001s
  Time for BDD entailment checks:        0.001s
Total time for SMT solver (w/o itp):     1.212s

Number of BDD nodes:                               4146
Size of BDD node table:                            466043
Size of BDD cache:                                 46619
Size of BDD node cleanup queue:                        1167 (count: 12288, min: 0, max: 311, avg: 0.09)
Time for BDD node cleanup:                             0.005s
Time for BDD garbage collection:                       0.000s (in 0 runs)

PrecisionBootstrap statistics
-----------------------------
Init. function predicates:                         0
Init. global predicates:                           0
Init. location predicates:                         0

ImpactedCPA statistics
----------------------
  Number of invariants partial hits:                            0
  Number of invariants hits:                                    61
  Number of invariants trys:                                    84
  Number of invariants bots:                                    26
  Number of invariants not valid:                               3
  Initial reached size:                                         1216
  Input invariants file size:                                   8383
  Max impacted number of variables:                             0
  Number of last version invariants:                            132
  Number of this version invariants:                            132
  CPU time for invariant read:                                      0.780s
  CPU time for invariant write:                                     0.150s
  Time for invariant write:                                         0.081s
  Time for invariant read:                                          0.411s

AutomatonAnalysis (SVCOMP) statistics
-------------------------------------
Number of states:                                  1
Total time for successor computation:                  0.039s
Automaton transfers with branching:                0
Automaton transfer successors:                         9052 (count: 9052, min: 1, max: 1, avg: 1.00) [1 x 9052]

CPA algorithm statistics
------------------------
Number of iterations:            6948
Max size of waitlist:            36
Average size of waitlist:        20
Number of computed successors:   7780
Max successors for one state:    2
Number of times merged:          738
Number of times stopped:         961
Number of times abs stopped:     223
Number of times nonAbs stopped:  1538
Number of coverage check (part): 1861
Number of times doAbstraction node:  1384
Number of times breaked:         1

Total time for CPA algorithm:         5.296s (Max:     2.838s)
CPU time for CPA algorithm:          10.550s
  Time for choose from waitlist:      0.016s
  Time for precision adjustment:      3.171s
  Time for transfer relation:         1.626s
  Time for merge operator:            0.225s
  Time for stop operator:             0.047s
  Time for adding to reached set:     0.054s

Predicate-Abstraction Refiner statistics
----------------------------------------
Avg. length of target path (in blocks):                  23 (count: 1, min: 23, max: 23, avg: 23.00)
Number of infeasible sliced prefixes:                     0 (count: 0, min: 0, max: 0, avg: 0.00)

Time for refinement:                                   0.119s
  Counterexample analysis:                0.096s (Max:     0.096s, Calls: 1)
    Refinement sat check:                 0.015s
    Interpolant computation:              0.000s
  Error path post-processing:                          0.000s
  Path-formulas extraction:                            0.000s
  Building the counterexample trace:                   0.096s
  Extracting precise counterexample:                   0.000s
  Extracting infeasible sliced prefixes:               0.000s
  Selecting infeasible sliced prefixes:                0.000s
  Predicate creation:                                  0.001s
  Precision update:                                    0.002s
  ARG update:                                          0.017s

Length of refined path (in blocks):                      22 (count: 1, min: 22, max: 22, avg: 22.00)
Number of affected states:                               20 (count: 1, min: 20, max: 20, avg: 20.00)
Length (states) of path with itp 'true':                  1 (count: 1, min: 1, max: 1, avg: 1.00)
Length (states) of path with itp non-trivial itp:        20 (count: 1, min: 20, max: 20, avg: 20.00)
Length (states) of path with itp 'false':                 1 (count: 1, min: 1, max: 1, avg: 1.00)
Different non-trivial interpolants along paths:           0 (count: 1, min: 0, max: 0, avg: 0.00)
Equal non-trivial interpolants along paths:              19 (count: 1, min: 19, max: 19, avg: 19.00)
Different precisions along paths:                         0 (count: 0, min: 0, max: 0, avg: 0.00)
Equal precisions along paths:                             0 (count: 0, min: 0, max: 0, avg: 0.00)
Number of refs with location-based cutoff:                0

CEGAR algorithm statistics
--------------------------
Number of refinements:                1
Number of successful refinements:     1
Number of failed refinements:         0
Max. size of reached set before ref.: 3257
Max. size of reached set after ref.:  727
Avg. size of reached set before ref.: 3257.00
Avg. size of reached set after ref.:  727.00

Total time for CEGAR algorithm:       5.422s
CPU time for CEGAR algorithm:        10.810s
Time for refinements:                 0.125s
CPU time for refinements:             0.260s
Average time for refinement:          0.125s
Max time for refinement:              0.125s
First time for refinement:             2.648s
Last time for refinement:              2.839s
Average time for analysis:          2.648s
Number of analysis:                2

Code Coverage
-----------------------------
  Visited lines:          3800
  Total lines:            10
  Line coverage:          380.000

CPAchecker general statistics
-----------------------------
Number of program locations:     1859
Number of CFA edges:             2159
Number of relevant variables:    245
Number of functions:             70
Number of loops:                 4
Size of reached set:             5476
  Number of reached locations:   1615 (87%)
    Avg states per location:     3
    Max states per location:     69 (at node N101)
  Number of reached functions:   45 (64%)
  Number of partitions:          5333
    Avg size of partitions:      1
    Max size of partitions:      3 (with key [N989 (before /work/ldvuser/novikov/work/current--X--drivers/usb/serial/ssu100.ko--X--defaultlinux--X--32_7a--X--cpachecker/linux/csd_deg_dscv/11/dscv_tempdir/dscv/ri/32_7a/drivers/usb/serial/ssu100.c.prepared, line 1148), 488855034, Init])
  Number of target states:       0

Time for analysis setup:                   7.645s
  Time for cfa diff:                   3.158s
  Time for loading CPAs:                   0.359s
  Time for impacted traverse:              0.008s
  Time for loading parser:        0.034s
  Time for CFA construction:      1.400s
    Time for parsing file(s):     0.412s
    Time for AST to CFA:          0.532s
    Time for CFA sanity check:    0.000s
    Time for post-processing:     0.305s
      Time for var class.:        0.000s
Time for normal Analysis:                         5.422s
CPU time for analysis:                    14.930s
CPU time for impacted:                     0.000s
CPU time for normal analysis:             10.810s
CPU time for init:                         4.120s

Time for Garbage Collector:       0.270s (in 11 runs)
Garbage Collector(s) used:    PS MarkSweep, PS Scavenge
Used heap memory:                478MB (   455 MiB) max;    129MB (   123 MiB) avg;    550MB (   524 MiB) peak
Used non-heap memory:             40MB (    38 MiB) max;     31MB (    30 MiB) avg;     41MB (    39 MiB) peak
Used in PS Old Gen pool:          30MB (    29 MiB) max;     20MB (    19 MiB) avg;     34MB (    32 MiB) peak
Allocated heap memory:           657MB (   627 MiB) max;    330MB (   315 MiB) avg
Allocated non-heap memory:        41MB (    40 MiB) max;     33MB (    31 MiB) avg
Total process virtual memory:  13309MB ( 12693 MiB) max;  13292MB ( 12676 MiB) avg

Verification result: TRUE. No property violation found by chosen configuration.
More details about the verification run can be found in the directory "/home/yqs17/blazer/cpachecker-inc-pred/output-us-precise-cfa/32_7a.usb--serial--ssu100.ko.set/021.c7f3619.32_7a.cil_safe.i".
