scripts/cpa.sh -heap 10000M -predicateAnalysis-ABElfb-debug -setprop cpa.impacted.eliminate=true -disable-java-assertions -outputpath /home/yqs17/blazer/cpachecker-inc-pred/output-us-precise-cfa/32_7a.usb--otg--ab8500-usb.ko.set/006.5f0b3f9.32_7a.cil_safe.i -isIncPred -spec /home/yqs17/blazer/cpachecker-inc-pred/LDVErrorLabel.spc -stats -setprop cpa.impacted.pre_invariants.file=/home/yqs17/blazer/cpachecker-inc-pred/output-us-precise-cfa/32_7a.usb--otg--ab8500-usb.ko.set/005.144713f.32_7a.cil_safe.i/impacted-invariants.txt -setprop analysis.prev.program=/home/yqs17/blazer/cpachecker-inc-pred/programs/drivers--usb--otg--ab8500-usb.ko/005.144713f.32_7a.cil_safe.i -entryfunction ldv_main0_sequence_infinite_withcheck_stateful /home/yqs17/blazer/cpachecker-inc-pred/programs/drivers--usb--otg--ab8500-usb.ko/006.5f0b3f9.32_7a.cil_safe.i


--------------------------------------------------------------------------------


Running CPAchecker with Java heap of size 10000M.
Running CPAchecker with the following extra VM options:  -Djava.io.tmpdir=/tmp/BenchExec_run_vjnza3kn/tmp
Number of modified edges: 37
Begin analysis 
Read invariant objects done
PredicateCPA statistics
-----------------------
Read Precision Time:                0.000s
Precision file size:                10987
Write Precision Time:               0.003s
Number of abstractions:            50 (4% of all post computations)
  Times abstraction was reused:    0
  Because of function entry/exit:  85 (170%)
  Because of loop head:            11 (22%)
  Because of join nodes:           0 (0%)
  Because of threshold:            0 (0%)
  Times precision was empty:       0 (0%)
  Times precision was {false}:     0 (0%)
  Times result was cached:         23 (28%)
  Times cartesian abs was used:    0 (0%)
  Times boolean abs was used:      58 (72%)
  Times result was 'false':        0 (0%)
Number of strengthen sat checks:   0
Number of coverage checks:         412
  BDD entailment checks:           22
Number of SMT sat checks:          843
  trivial:                         430
  cached:                          259

Max ABE block size:                       25
Number of predicates discovered:          5
Number of abstraction locations:          0
Max number of predicates per location:    0
Avg number of predicates per location:    0
Total predicates per abstraction:         214
Max number of predicates per abstraction: 5
Avg number of predicates per abstraction: 3.69
Number of irrelevant predicates:          69 (32%)
Number of preds handled by boolean abs:   145 (68%)
  Total number of models for allsat:      62
  Max number of models for allsat:        3
  Avg number of models for allsat:        1.07

Number of path formula cache hits:   227 (17%)

Time for post operator:                  0.998s
  Time for path formula creation:        0.307s
    Actual computation:                  0.286s
Time for strengthen operator:            0.007s
Time for prec operator:                  0.378s
  Time for abstraction:                  0.148s (Max:     0.017s, Count: 50)
    Boolean abstraction:                 0.093s
    Solving time:                        0.029s (Max:     0.003s)
    Model enumeration time:              0.003s
    Time for BDD construction:           0.006s (Max:     0.001s)
Time for merge operator:                 0.052s
Time for coverage check:                 0.000s
  Time for BDD entailment checks:        0.000s
Total time for SMT solver (w/o itp):     0.547s

Number of BDD nodes:                               246
Size of BDD node table:                            466043
Size of BDD cache:                                 46619
Size of BDD node cleanup queue:                           0 (count: 4595, min: 0, max: 0, avg: 0.00)
Time for BDD node cleanup:                             0.000s
Time for BDD garbage collection:                       0.000s (in 0 runs)

PrecisionBootstrap statistics
-----------------------------
Init. function predicates:                         0
Init. global predicates:                           0
Init. location predicates:                         0

ImpactedCPA statistics
----------------------
  Number of invariants partial hits:                            0
  Number of invariants hits:                                    31
  Number of invariants trys:                                    46
  Number of invariants bots:                                    15
  Number of invariants not valid:                               0
  Initial reached size:                                         803
  Input invariants file size:                                   1521
  Max impacted number of variables:                             0
  Number of last version invariants:                            45
  Number of this version invariants:                            41
  CPU time for invariant read:                                      0.210s
  CPU time for invariant write:                                     0.060s
  Time for invariant write:                                         0.025s
  Time for invariant read:                                          0.118s

AutomatonAnalysis (SVCOMP) statistics
-------------------------------------
Number of states:                                  1
Total time for successor computation:                  0.012s
Automaton transfers with branching:                0
Automaton transfer successors:                         1289 (count: 1289, min: 1, max: 1, avg: 1.00) [1 x 1289]

CPA algorithm statistics
------------------------
Number of iterations:            393
Max size of waitlist:            25
Average size of waitlist:        11
Number of computed successors:   448
Max successors for one state:    2
Number of times merged:          171
Number of times stopped:         193
Number of times abs stopped:     22
Number of times nonAbs stopped:  390
Number of coverage check (part): 412
Number of times doAbstraction node:  96
Number of times breaked:         0

Total time for CPA algorithm:         0.390s (Max:     0.390s)
CPU time for CPA algorithm:           0.770s
  Time for choose from waitlist:      0.001s
  Time for precision adjustment:      0.153s
  Time for transfer relation:         0.130s
  Time for merge operator:            0.061s
  Time for stop operator:             0.019s
  Time for adding to reached set:     0.004s

Predicate-Abstraction Refiner statistics
----------------------------------------
  Predicate creation:                                  0.000s
  Precision update:                                    0.000s
  ARG update:                                          0.000s

Length of refined path (in blocks):                       0 (count: 0, min: 0, max: 0, avg: 0.00)
Number of affected states:                                0 (count: 0, min: 0, max: 0, avg: 0.00)
Length (states) of path with itp 'true':                  0 (count: 0, min: 0, max: 0, avg: 0.00)
Length (states) of path with itp non-trivial itp:         0 (count: 0, min: 0, max: 0, avg: 0.00)
Length (states) of path with itp 'false':                 0 (count: 0, min: 0, max: 0, avg: 0.00)
Different non-trivial interpolants along paths:           0 (count: 0, min: 0, max: 0, avg: 0.00)
Equal non-trivial interpolants along paths:               0 (count: 0, min: 0, max: 0, avg: 0.00)
Different precisions along paths:                         0 (count: 0, min: 0, max: 0, avg: 0.00)
Equal precisions along paths:                             0 (count: 0, min: 0, max: 0, avg: 0.00)
Number of refs with location-based cutoff:                0

CEGAR algorithm statistics
--------------------------
Number of refinements:                0
Refinement times:             0
First time for refinement:             0.391s
Last time for refinement:              0.391s
Average time for analysis:          0.391s
Number of analysis:                1

Code Coverage
-----------------------------
  Visited lines:          2180
  Total lines:            5
  Line coverage:          436.000

CPAchecker general statistics
-----------------------------
Number of program locations:     1300
Number of CFA edges:             1449
Number of relevant variables:    138
Number of functions:             59
Number of loops:                 1
Size of reached set:             1058
  Number of reached locations:   809 (62%)
    Avg states per location:     1
    Max states per location:     14 (at node N52)
  Number of reached functions:   18 (31%)
  Number of partitions:          1058
    Avg size of partitions:      1
    Max size of partitions:      1
  Number of target states:       0

Time for analysis setup:                   5.744s
  Time for cfa diff:                   2.492s
  Time for loading CPAs:                   0.382s
  Time for impacted traverse:              0.004s
  Time for loading parser:        0.027s
  Time for CFA construction:      1.256s
    Time for parsing file(s):     0.339s
    Time for AST to CFA:          0.489s
    Time for CFA sanity check:    0.000s
    Time for post-processing:     0.279s
      Time for var class.:        0.000s
Time for normal Analysis:                         0.392s
CPU time for analysis:                     3.350s
CPU time for impacted:                     0.000s
CPU time for normal analysis:              0.790s
CPU time for init:                         2.570s

Time for Garbage Collector:       0.149s (in 5 runs)
Garbage Collector(s) used:    PS MarkSweep, PS Scavenge
Used heap memory:                134MB (   128 MiB) max;     55MB (    52 MiB) avg;    159MB (   152 MiB) peak
Used non-heap memory:             32MB (    31 MiB) max;     25MB (    23 MiB) avg;     35MB (    33 MiB) peak
Used in PS Old Gen pool:          19MB (    18 MiB) max;      7MB (     7 MiB) avg;     24MB (    22 MiB) peak
Allocated heap memory:           255MB (   243 MiB) max;    197MB (   188 MiB) avg
Allocated non-heap memory:        36MB (    34 MiB) max;     26MB (    25 MiB) avg
Total process virtual memory:  13307MB ( 12691 MiB) max;  13280MB ( 12664 MiB) avg

Verification result: TRUE. No property violation found by chosen configuration.
More details about the verification run can be found in the directory "/home/yqs17/blazer/cpachecker-inc-pred/output-us-precise-cfa/32_7a.usb--otg--ab8500-usb.ko.set/006.5f0b3f9.32_7a.cil_safe.i".
