scripts/cpa.sh -heap 10000M -predicateAnalysis-ABElfb-debug -setprop cpa.impacted.eliminate=true -disable-java-assertions -outputpath /home/yqs17/blazer/cpachecker-inc-pred/output-us-precise-cfa/08_1a.target--loopback--tcm_loop.ko.set/036.ee9b866.08_1a.cil_safe.i -isIncPred -spec /home/yqs17/blazer/cpachecker-inc-pred/LDVErrorLabel.spc -stats -setprop cpa.impacted.pre_invariants.file=/home/yqs17/blazer/cpachecker-inc-pred/output-us-precise-cfa/08_1a.target--loopback--tcm_loop.ko.set/035.2816890.08_1a.cil_safe.i/impacted-invariants.txt -setprop analysis.prev.program=/home/yqs17/blazer/cpachecker-inc-pred/programs/drivers--target--loopback--tcm_loop.ko/035.2816890.08_1a.cil_safe.i -entryfunction ldv_main0_sequence_infinite_withcheck_stateful /home/yqs17/blazer/cpachecker-inc-pred/programs/drivers--target--loopback--tcm_loop.ko/036.ee9b866.08_1a.cil_safe.i


--------------------------------------------------------------------------------


Running CPAchecker with Java heap of size 10000M.
Running CPAchecker with the following extra VM options:  -Djava.io.tmpdir=/tmp/BenchExec_run_uvin12sr/tmp
Number of modified edges: 14
Begin analysis 
Read invariant objects done
ImpactedCPA statistics
----------------------
  Number of invariants partial hits:                            0
  Number of invariants hits:                                    54
  Number of invariants trys:                                    79
  Number of invariants bots:                                    25
  Number of invariants not valid:                               0
  Initial reached size:                                         1680
  Input invariants file size:                                   1875
  Max impacted number of variables:                             1
  Number of last version invariants:                            156
  Number of this version invariants:                            0
  CPU time for invariant read:                                      0.710s
  CPU time for invariant write:                                     0.000s
  Time for invariant write:                                         0.000s
  Time for invariant read:                                          0.371s

AutomatonAnalysis (SVCOMP) statistics
-------------------------------------
Number of states:                                  1
Total time for successor computation:                  0.024s
Automaton transfers with branching:                0
Automaton transfer successors:                         2546 (count: 2546, min: 1, max: 1, avg: 1.00) [1 x 2546]

CPA algorithm statistics
------------------------
Number of iterations:            2534
Max size of waitlist:            6
Average size of waitlist:        1
Number of computed successors:   2546
Max successors for one state:    2
Number of times merged:          0
Number of times stopped:         2
Number of times abs stopped:     202
Number of times nonAbs stopped:  728
Number of coverage check (part): 930
Number of times doAbstraction node:  753
Number of times breaked:         2

Total time for CPA algorithm:         0.223s (Max:     0.158s)
CPU time for CPA algorithm:           3.940s
  Time for choose from waitlist:      0.006s
  Time for precision adjustment:      0.042s
  Time for transfer relation:         0.115s
  Time for merge operator:            0.000s
  Time for stop operator:             0.017s
  Time for adding to reached set:     0.006s

PredicateCPA statistics
-----------------------
Read Precision Time:                0.000s
Precision file size:                948
Write Precision Time:               0.003s
Number of abstractions:            674 (11% of all post computations)
  Times abstraction was reused:    0
  Because of function entry/exit:  732 (109%)
  Because of loop head:            21 (3%)
  Because of join nodes:           0 (0%)
  Because of threshold:            0 (0%)
  Times precision was empty:       0 (0%)
  Times precision was {false}:     0 (0%)
  Times result was cached:         471 (65%)
  Times cartesian abs was used:    0 (0%)
  Times boolean abs was used:      257 (35%)
  Times result was 'false':        0 (0%)
Number of strengthen sat checks:   0
Number of coverage checks:         930
  BDD entailment checks:           202
Number of SMT sat checks:          1718
  trivial:                         1024
  cached:                          501

Max ABE block size:                       32
Number of predicates discovered:          2
Number of abstraction locations:          0
Max number of predicates per location:    0
Avg number of predicates per location:    0
Total predicates per abstraction:         473
Max number of predicates per abstraction: 2
Avg number of predicates per abstraction: 1.84
Number of irrelevant predicates:          197 (42%)
Number of preds handled by boolean abs:   276 (58%)
  Total number of models for allsat:      257
  Max number of models for allsat:        1
  Avg number of models for allsat:        1.00

Number of path formula cache hits:   345 (6%)

Time for post operator:                  1.624s
  Time for path formula creation:        0.964s
    Actual computation:                  0.872s
Time for strengthen operator:            0.025s
Time for prec operator:                  0.850s
  Time for abstraction:                  0.538s (Max:     0.046s, Count: 674)
    Boolean abstraction:                 0.172s
    Solving time:                        0.083s (Max:     0.004s)
    Model enumeration time:              0.006s
    Time for BDD construction:           0.012s (Max:     0.001s)
Time for merge operator:                 0.118s
Time for coverage check:                 0.001s
  Time for BDD entailment checks:        0.001s
Total time for SMT solver (w/o itp):     0.515s

Number of BDD nodes:                               204
Size of BDD node table:                            466043
Size of BDD cache:                                 46619
Size of BDD node cleanup queue:                         329 (count: 11892, min: 0, max: 329, avg: 0.03)
Time for BDD node cleanup:                             0.003s
Time for BDD garbage collection:                       0.000s (in 0 runs)

PrecisionBootstrap statistics
-----------------------------
Init. function predicates:                         0
Init. global predicates:                           0
Init. location predicates:                         0

ImpactedCPA statistics
----------------------
  Number of invariants partial hits:                            0
  Number of invariants hits:                                    54
  Number of invariants trys:                                    79
  Number of invariants bots:                                    25
  Number of invariants not valid:                               0
  Initial reached size:                                         1680
  Input invariants file size:                                   1875
  Max impacted number of variables:                             1
  Number of last version invariants:                            156
  Number of this version invariants:                            154
  CPU time for invariant read:                                      0.710s
  CPU time for invariant write:                                     0.090s
  Time for invariant write:                                         0.048s
  Time for invariant read:                                          0.371s

AutomatonAnalysis (SVCOMP) statistics
-------------------------------------
Number of states:                                  1
Total time for successor computation:                  0.021s
Automaton transfers with branching:                0
Automaton transfer successors:                         5961 (count: 5961, min: 1, max: 1, avg: 1.00) [1 x 5961]

CPA algorithm statistics
------------------------
Number of iterations:            3882
Max size of waitlist:            72
Average size of waitlist:        54
Number of computed successors:   4245
Max successors for one state:    2
Number of times merged:          352
Number of times stopped:         554
Number of times abs stopped:     202
Number of times nonAbs stopped:  728
Number of coverage check (part): 930
Number of times doAbstraction node:  753
Number of times breaked:         0

Total time for CPA algorithm:         1.766s (Max:     1.766s)
CPU time for CPA algorithm:           3.940s
  Time for choose from waitlist:      0.011s
  Time for precision adjustment:      0.643s
  Time for transfer relation:         0.815s
  Time for merge operator:            0.142s
  Time for stop operator:             0.017s
  Time for adding to reached set:     0.019s

Predicate-Abstraction Refiner statistics
----------------------------------------
  Predicate creation:                                  0.000s
  Precision update:                                    0.000s
  ARG update:                                          0.000s

Length of refined path (in blocks):                       0 (count: 0, min: 0, max: 0, avg: 0.00)
Number of affected states:                                0 (count: 0, min: 0, max: 0, avg: 0.00)
Length (states) of path with itp 'true':                  0 (count: 0, min: 0, max: 0, avg: 0.00)
Length (states) of path with itp non-trivial itp:         0 (count: 0, min: 0, max: 0, avg: 0.00)
Length (states) of path with itp 'false':                 0 (count: 0, min: 0, max: 0, avg: 0.00)
Different non-trivial interpolants along paths:           0 (count: 0, min: 0, max: 0, avg: 0.00)
Equal non-trivial interpolants along paths:               0 (count: 0, min: 0, max: 0, avg: 0.00)
Different precisions along paths:                         0 (count: 0, min: 0, max: 0, avg: 0.00)
Equal precisions along paths:                             0 (count: 0, min: 0, max: 0, avg: 0.00)
Number of refs with location-based cutoff:                0

CEGAR algorithm statistics
--------------------------
Number of refinements:                0
Refinement times:             0
First time for refinement:             1.767s
Last time for refinement:              1.767s
Average time for analysis:          1.767s
Number of analysis:                1

Code Coverage
-----------------------------
  Visited lines:          6734
  Total lines:            4
  Line coverage:          1683.500

CPAchecker general statistics
-----------------------------
Number of program locations:     2973
Number of CFA edges:             3331
Number of relevant variables:    385
Number of functions:             99
Number of loops:                 2
Size of reached set:             5371
  Number of reached locations:   2278 (77%)
    Avg states per location:     2
    Max states per location:     51 (at node N1871)
  Number of reached functions:   55 (56%)
  Number of partitions:          5250
    Avg size of partitions:      1
    Max size of partitions:      4 (with key [N130 (entry of function scsi_sg_count in include/scsi/scsi_cmnd.h, lines 154-162), -205127912, Init])
  Number of target states:       0

Time for analysis setup:                   8.213s
  Time for cfa diff:                   3.452s
  Time for loading CPAs:                   0.508s
  Time for impacted traverse:              0.016s
  Time for loading parser:        0.039s
  Time for CFA construction:      1.978s
    Time for parsing file(s):     0.553s
    Time for AST to CFA:          0.755s
    Time for CFA sanity check:    0.001s
    Time for post-processing:     0.459s
      Time for var class.:        0.000s
Time for normal Analysis:                         1.768s
CPU time for analysis:                     6.290s
CPU time for impacted:                     1.000s
CPU time for normal analysis:              3.510s
CPU time for init:                         2.780s

Time for Garbage Collector:       0.278s (in 8 runs)
Garbage Collector(s) used:    PS MarkSweep, PS Scavenge
Used heap memory:                330MB (   315 MiB) max;    117MB (   112 MiB) avg;    368MB (   351 MiB) peak
Used non-heap memory:             37MB (    35 MiB) max;     28MB (    27 MiB) avg;     38MB (    36 MiB) peak
Used in PS Old Gen pool:          34MB (    32 MiB) max;     21MB (    20 MiB) avg;     34MB (    32 MiB) peak
Allocated heap memory:           425MB (   406 MiB) max;    299MB (   285 MiB) avg
Allocated non-heap memory:        38MB (    36 MiB) max;     29MB (    28 MiB) avg
Total process virtual memory:  13309MB ( 12692 MiB) max;  13281MB ( 12666 MiB) avg

Verification result: TRUE. No property violation found by chosen configuration.
More details about the verification run can be found in the directory "/home/yqs17/blazer/cpachecker-inc-pred/output-us-precise-cfa/08_1a.target--loopback--tcm_loop.ko.set/036.ee9b866.08_1a.cil_safe.i".
