scripts/cpa.sh -heap 10000M -predicateAnalysis-ABElfb-debug -setprop cpa.impacted.eliminate=true -disable-java-assertions -outputpath /home/yqs17/blazer/cpachecker-inc-pred/output-us-precise-cfa/32_7a.regulator--gpio-regulator.ko.set/005.c172708.32_7a.cil_safe.i -isIncPred -spec /home/yqs17/blazer/cpachecker-inc-pred/LDVErrorLabel.spc -stats -setprop cpa.impacted.pre_invariants.file=/home/yqs17/blazer/cpachecker-inc-pred/output-us-precise-cfa/32_7a.regulator--gpio-regulator.ko.set/004.02b5521.32_7a.cil_safe.i/impacted-invariants.txt -setprop analysis.prev.program=/home/yqs17/blazer/cpachecker-inc-pred/programs/drivers--regulator--gpio-regulator.ko/004.02b5521.32_7a.cil_safe.i -entryfunction ldv_main0_sequence_infinite_withcheck_stateful /home/yqs17/blazer/cpachecker-inc-pred/programs/drivers--regulator--gpio-regulator.ko/005.c172708.32_7a.cil_safe.i


--------------------------------------------------------------------------------


Running CPAchecker with Java heap of size 10000M.
Running CPAchecker with the following extra VM options:  -Djava.io.tmpdir=/tmp/BenchExec_run_v76_3up3/tmp
Number of modified edges: 14
Begin analysis 
Read invariant objects done
ImpactedCPA statistics
----------------------
  Number of invariants partial hits:                            0
  Number of invariants hits:                                    37
  Number of invariants trys:                                    61
  Number of invariants bots:                                    24
  Number of invariants not valid:                               0
  Initial reached size:                                         881
  Input invariants file size:                                   1494
  Max impacted number of variables:                             0
  Number of last version invariants:                            47
  Number of this version invariants:                            0
  CPU time for invariant read:                                      0.230s
  CPU time for invariant write:                                     0.000s
  Time for invariant write:                                         0.000s
  Time for invariant read:                                          0.121s

AutomatonAnalysis (SVCOMP) statistics
-------------------------------------
Number of states:                                  1
Total time for successor computation:                  0.011s
Automaton transfers with branching:                0
Automaton transfer successors:                          553 (count: 553, min: 1, max: 1, avg: 1.00) [1 x 553]

CPA algorithm statistics
------------------------
Number of iterations:            548
Max size of waitlist:            5
Average size of waitlist:        1
Number of computed successors:   553
Max successors for one state:    2
Number of times merged:          0
Number of times stopped:         1
Number of times abs stopped:     20
Number of times nonAbs stopped:  180
Number of coverage check (part): 200
Number of times doAbstraction node:  94
Number of times breaked:         1

Total time for CPA algorithm:         0.109s (Max:     0.109s)
CPU time for CPA algorithm:           0.540s
  Time for choose from waitlist:      0.001s
  Time for precision adjustment:      0.009s
  Time for transfer relation:         0.062s
  Time for merge operator:            0.001s
  Time for stop operator:             0.002s
  Time for adding to reached set:     0.005s

PredicateCPA statistics
-----------------------
Read Precision Time:                0.000s
Precision file size:                10819
Write Precision Time:               0.004s
Number of abstractions:            33 (3% of all post computations)
  Times abstraction was reused:    0
  Because of function entry/exit:  61 (185%)
  Because of loop head:            33 (100%)
  Because of join nodes:           0 (0%)
  Because of threshold:            0 (0%)
  Times precision was empty:       0 (0%)
  Times precision was {false}:     0 (0%)
  Times result was cached:         19 (27%)
  Times cartesian abs was used:    0 (0%)
  Times boolean abs was used:      51 (73%)
  Times result was 'false':        0 (0%)
Number of strengthen sat checks:   0
Number of coverage checks:         200
  BDD entailment checks:           20
Number of SMT sat checks:          922
  trivial:                         434
  cached:                          314

Max ABE block size:                       10
Number of predicates discovered:          5
Number of abstraction locations:          0
Max number of predicates per location:    0
Avg number of predicates per location:    0
Total predicates per abstraction:         157
Max number of predicates per abstraction: 5
Avg number of predicates per abstraction: 3.08
Number of irrelevant predicates:          36 (23%)
Number of preds handled by boolean abs:   121 (77%)
  Total number of models for allsat:      53
  Max number of models for allsat:        3
  Avg number of models for allsat:        1.04

Number of path formula cache hits:   125 (11%)

Time for post operator:                  1.168s
  Time for path formula creation:        0.415s
    Actual computation:                  0.397s
Time for strengthen operator:            0.003s
Time for prec operator:                  0.265s
  Time for abstraction:                  0.068s (Max:     0.007s, Count: 33)
    Boolean abstraction:                 0.086s
    Solving time:                        0.034s (Max:     0.008s)
    Model enumeration time:              0.001s
    Time for BDD construction:           0.004s (Max:     0.001s)
Time for merge operator:                 0.025s
Time for coverage check:                 0.001s
  Time for BDD entailment checks:        0.001s
Total time for SMT solver (w/o itp):     0.568s

Number of BDD nodes:                               240
Size of BDD node table:                            466043
Size of BDD cache:                                 46619
Size of BDD node cleanup queue:                           0 (count: 4402, min: 0, max: 0, avg: 0.00)
Time for BDD node cleanup:                             0.002s
Time for BDD garbage collection:                       0.000s (in 0 runs)

PrecisionBootstrap statistics
-----------------------------
Init. function predicates:                         0
Init. global predicates:                           0
Init. location predicates:                         0

ImpactedCPA statistics
----------------------
  Number of invariants partial hits:                            0
  Number of invariants hits:                                    37
  Number of invariants trys:                                    61
  Number of invariants bots:                                    24
  Number of invariants not valid:                               0
  Initial reached size:                                         881
  Input invariants file size:                                   1494
  Max impacted number of variables:                             0
  Number of last version invariants:                            47
  Number of this version invariants:                            43
  CPU time for invariant read:                                      0.230s
  CPU time for invariant write:                                     0.060s
  Time for invariant write:                                         0.030s
  Time for invariant read:                                          0.121s

AutomatonAnalysis (SVCOMP) statistics
-------------------------------------
Number of states:                                  1
Total time for successor computation:                  0.005s
Automaton transfers with branching:                0
Automaton transfer successors:                         1103 (count: 1103, min: 1, max: 1, avg: 1.00) [1 x 1103]

CPA algorithm statistics
------------------------
Number of iterations:            165
Max size of waitlist:            16
Average size of waitlist:        12
Number of computed successors:   183
Max successors for one state:    2
Number of times merged:          74
Number of times stopped:         94
Number of times abs stopped:     20
Number of times nonAbs stopped:  180
Number of coverage check (part): 200
Number of times doAbstraction node:  94
Number of times breaked:         0

Total time for CPA algorithm:         0.172s (Max:     0.172s)
CPU time for CPA algorithm:           0.540s
  Time for choose from waitlist:      0.002s
  Time for precision adjustment:      0.074s
  Time for transfer relation:         0.048s
  Time for merge operator:            0.022s
  Time for stop operator:             0.008s
  Time for adding to reached set:     0.001s

Predicate-Abstraction Refiner statistics
----------------------------------------
  Predicate creation:                                  0.000s
  Precision update:                                    0.000s
  ARG update:                                          0.000s

Length of refined path (in blocks):                       0 (count: 0, min: 0, max: 0, avg: 0.00)
Number of affected states:                                0 (count: 0, min: 0, max: 0, avg: 0.00)
Length (states) of path with itp 'true':                  0 (count: 0, min: 0, max: 0, avg: 0.00)
Length (states) of path with itp non-trivial itp:         0 (count: 0, min: 0, max: 0, avg: 0.00)
Length (states) of path with itp 'false':                 0 (count: 0, min: 0, max: 0, avg: 0.00)
Different non-trivial interpolants along paths:           0 (count: 0, min: 0, max: 0, avg: 0.00)
Equal non-trivial interpolants along paths:               0 (count: 0, min: 0, max: 0, avg: 0.00)
Different precisions along paths:                         0 (count: 0, min: 0, max: 0, avg: 0.00)
Equal precisions along paths:                             0 (count: 0, min: 0, max: 0, avg: 0.00)
Number of refs with location-based cutoff:                0

CEGAR algorithm statistics
--------------------------
Number of refinements:                0
Refinement times:             0
First time for refinement:             0.173s
Last time for refinement:              0.173s
Average time for analysis:          0.173s
Number of analysis:                1

Code Coverage
-----------------------------
  Visited lines:          2324
  Total lines:            5
  Line coverage:          464.800

CPAchecker general statistics
-----------------------------
Number of program locations:     1250
Number of CFA edges:             1386
Number of relevant variables:    138
Number of functions:             52
Number of loops:                 5
Size of reached set:             970
  Number of reached locations:   883 (71%)
    Avg states per location:     1
    Max states per location:     11 (at node N515)
  Number of reached functions:   19 (37%)
  Number of partitions:          970
    Avg size of partitions:      1
    Max size of partitions:      1
  Number of target states:       0

Time for analysis setup:                   5.782s
  Time for cfa diff:                   2.342s
  Time for loading CPAs:                   0.384s
  Time for impacted traverse:              0.010s
  Time for loading parser:        0.028s
  Time for CFA construction:      1.131s
    Time for parsing file(s):     0.360s
    Time for AST to CFA:          0.389s
    Time for CFA sanity check:    0.001s
    Time for post-processing:     0.252s
      Time for var class.:        0.000s
Time for normal Analysis:                         0.174s
CPU time for analysis:                     3.260s
CPU time for impacted:                     0.600s
CPU time for normal analysis:              0.330s
CPU time for init:                         2.930s

Time for Garbage Collector:       0.157s (in 5 runs)
Garbage Collector(s) used:    PS MarkSweep, PS Scavenge
Used heap memory:                129MB (   123 MiB) max;     55MB (    52 MiB) avg;    151MB (   144 MiB) peak
Used non-heap memory:             34MB (    33 MiB) max;     26MB (    24 MiB) avg;     36MB (    35 MiB) peak
Used in PS Old Gen pool:          19MB (    18 MiB) max;      7MB (     7 MiB) avg;     23MB (    22 MiB) peak
Allocated heap memory:           258MB (   246 MiB) max;    199MB (   190 MiB) avg
Allocated non-heap memory:        37MB (    35 MiB) max;     27MB (    26 MiB) avg
Total process virtual memory:  13308MB ( 12691 MiB) max;  13281MB ( 12665 MiB) avg

Verification result: TRUE. No property violation found by chosen configuration.
More details about the verification run can be found in the directory "/home/yqs17/blazer/cpachecker-inc-pred/output-us-precise-cfa/32_7a.regulator--gpio-regulator.ko.set/005.c172708.32_7a.cil_safe.i".
