scripts/cpa.sh -heap 10000M -predicateAnalysis-ABElfb-debug -setprop cpa.impacted.eliminate=true -disable-java-assertions -outputpath /home/yqs17/blazer/cpachecker-inc-pred/output-us-precise-cfa/32_7a.gpu--drm--i915--i915.ko.set/004.585fb11.32_7a.cil_safe.i -isIncPred -spec /home/yqs17/blazer/cpachecker-inc-pred/LDVErrorLabel.spc -stats -setprop cpa.impacted.pre_invariants.file=/home/yqs17/blazer/cpachecker-inc-pred/output-us-precise-cfa/32_7a.gpu--drm--i915--i915.ko.set/003.962d4fd.32_7a.cil_safe.i/impacted-invariants.txt -setprop analysis.prev.program=/home/yqs17/blazer/cpachecker-inc-pred/programs/drivers--gpu--drm--i915--i915.ko/003.962d4fd.32_7a.cil_safe.i -entryfunction ldv_main0_sequence_infinite_withcheck_stateful /home/yqs17/blazer/cpachecker-inc-pred/programs/drivers--gpu--drm--i915--i915.ko/004.585fb11.32_7a.cil_safe.i


--------------------------------------------------------------------------------


Running CPAchecker with Java heap of size 10000M.
Running CPAchecker with the following extra VM options:  -Djava.io.tmpdir=/tmp/BenchExec_run_m80xui2j/tmp
Number of modified edges: 20
Begin analysis 
Read invariant objects done
PredicateCPA statistics
-----------------------
Read Precision Time:                0.000s
Precision file size:                0
Write Precision Time:               0.001s
Number of abstractions:            584 (18% of all post computations)
  Times abstraction was reused:    0
  Because of function entry/exit:  565 (97%)
  Because of loop head:            47 (8%)
  Because of join nodes:           0 (0%)
  Because of threshold:            0 (0%)
  Times precision was empty:       0 (0%)
  Times precision was {false}:     0 (0%)
  Times result was cached:         210 (35%)
  Times cartesian abs was used:    0 (0%)
  Times boolean abs was used:      395 (65%)
  Times result was 'false':        0 (0%)
Number of strengthen sat checks:   0
Number of coverage checks:         370
  BDD entailment checks:           60
Number of SMT sat checks:          888
  trivial:                         632
  cached:                          211

Max ABE block size:                       21
Number of predicates discovered:          1
Number of abstraction locations:          0
Max number of predicates per location:    0
Avg number of predicates per location:    0
Total predicates per abstraction:         395
Max number of predicates per abstraction: 1
Avg number of predicates per abstraction: 1.00
Number of irrelevant predicates:          0 (0%)
Number of preds handled by boolean abs:   395 (100%)
  Total number of models for allsat:      395
  Max number of models for allsat:        1
  Avg number of models for allsat:        1.00

Number of path formula cache hits:   160 (5%)

Time for post operator:                  0.872s
  Time for path formula creation:        0.626s
    Actual computation:                  0.561s
Time for strengthen operator:            0.007s
Time for prec operator:                  0.487s
  Time for abstraction:                  0.342s (Max:     0.013s, Count: 584)
    Boolean abstraction:                 0.126s
    Solving time:                        0.064s (Max:     0.009s)
    Model enumeration time:              0.008s
    Time for BDD construction:           0.026s (Max:     0.012s)
Time for merge operator:                 0.052s
Time for coverage check:                 0.002s
  Time for BDD entailment checks:        0.001s
Total time for SMT solver (w/o itp):     0.194s

Number of BDD nodes:                               202
Size of BDD node table:                            466043
Size of BDD cache:                                 46619
Size of BDD node cleanup queue:                         260 (count: 17520, min: 0, max: 260, avg: 0.01)
Time for BDD node cleanup:                             0.010s
Time for BDD garbage collection:                       0.000s (in 0 runs)

PrecisionBootstrap statistics
-----------------------------
Init. function predicates:                         0
Init. global predicates:                           0
Init. location predicates:                         0

ImpactedCPA statistics
----------------------
  Number of invariants partial hits:                            0
  Number of invariants hits:                                    21
  Number of invariants trys:                                    28
  Number of invariants bots:                                    7
  Number of invariants not valid:                               0
  Initial reached size:                                         880
  Input invariants file size:                                   1862
  Max impacted number of variables:                             0
  Number of last version invariants:                            259
  Number of this version invariants:                            245
  CPU time for invariant read:                                      0.540s
  CPU time for invariant write:                                     0.060s
  Time for invariant write:                                         0.032s
  Time for invariant read:                                          0.287s

AutomatonAnalysis (SVCOMP) statistics
-------------------------------------
Number of states:                                  1
Total time for successor computation:                  0.025s
Automaton transfers with branching:                0
Automaton transfer successors:                         3279 (count: 3279, min: 1, max: 1, avg: 1.00) [1 x 3279]

CPA algorithm statistics
------------------------
Number of iterations:            2200
Max size of waitlist:            15
Average size of waitlist:        8
Number of computed successors:   2391
Max successors for one state:    2
Number of times merged:          153
Number of times stopped:         213
Number of times abs stopped:     60
Number of times nonAbs stopped:  310
Number of coverage check (part): 370
Number of times doAbstraction node:  612
Number of times breaked:         0

Total time for CPA algorithm:         1.219s (Max:     1.219s)
CPU time for CPA algorithm:           2.420s
  Time for choose from waitlist:      0.008s
  Time for precision adjustment:      0.424s
  Time for transfer relation:         0.611s
  Time for merge operator:            0.067s
  Time for stop operator:             0.025s
  Time for adding to reached set:     0.015s

Predicate-Abstraction Refiner statistics
----------------------------------------
  Predicate creation:                                  0.000s
  Precision update:                                    0.000s
  ARG update:                                          0.000s

Length of refined path (in blocks):                       0 (count: 0, min: 0, max: 0, avg: 0.00)
Number of affected states:                                0 (count: 0, min: 0, max: 0, avg: 0.00)
Length (states) of path with itp 'true':                  0 (count: 0, min: 0, max: 0, avg: 0.00)
Length (states) of path with itp non-trivial itp:         0 (count: 0, min: 0, max: 0, avg: 0.00)
Length (states) of path with itp 'false':                 0 (count: 0, min: 0, max: 0, avg: 0.00)
Different non-trivial interpolants along paths:           0 (count: 0, min: 0, max: 0, avg: 0.00)
Equal non-trivial interpolants along paths:               0 (count: 0, min: 0, max: 0, avg: 0.00)
Different precisions along paths:                         0 (count: 0, min: 0, max: 0, avg: 0.00)
Equal precisions along paths:                             0 (count: 0, min: 0, max: 0, avg: 0.00)
Number of refs with location-based cutoff:                0

CEGAR algorithm statistics
--------------------------
Number of refinements:                0
Refinement times:             0
First time for refinement:             1.219s
Last time for refinement:              1.219s
Average time for analysis:          1.219s
Number of analysis:                1

Code Coverage
-----------------------------
  Visited lines:          3704
  Total lines:            10
  Line coverage:          370.400

CPAchecker general statistics
-----------------------------
Number of program locations:     4525
Number of CFA edges:             5741
Number of relevant variables:    862
Number of functions:             103
Number of loops:                 37
Size of reached set:             3058
  Number of reached locations:   1633 (36%)
    Avg states per location:     1
    Max states per location:     97 (at node N12)
  Number of reached functions:   22 (21%)
  Number of partitions:          3030
    Avg size of partitions:      1
    Max size of partitions:      4 (with key [N13 (entry of function readl in include/asm/io.h, lines 20-30), -1512899847, Init])
  Number of target states:       0

Time for analysis setup:                  10.108s
  Time for cfa diff:                   6.585s
  Time for loading CPAs:                   0.381s
  Time for impacted traverse:              0.011s
  Time for loading parser:        0.031s
  Time for CFA construction:      2.001s
    Time for parsing file(s):     0.473s
    Time for AST to CFA:          0.728s
    Time for CFA sanity check:    0.000s
    Time for post-processing:     0.585s
      Time for var class.:        0.000s
Time for normal Analysis:                         1.219s
CPU time for analysis:                     3.750s
CPU time for impacted:                     0.000s
CPU time for normal analysis:              2.430s
CPU time for init:                         1.330s

Time for Garbage Collector:       0.256s (in 7 runs)
Garbage Collector(s) used:    PS MarkSweep, PS Scavenge
Used heap memory:                183MB (   175 MiB) max;    101MB (    97 MiB) avg;    209MB (   199 MiB) peak
Used non-heap memory:             34MB (    33 MiB) max;     27MB (    26 MiB) avg;     36MB (    34 MiB) peak
Used in PS Old Gen pool:          26MB (    25 MiB) max;     21MB (    20 MiB) avg;     42MB (    40 MiB) peak
Allocated heap memory:           378MB (   360 MiB) max;    247MB (   236 MiB) avg
Allocated non-heap memory:        36MB (    35 MiB) max;     28MB (    27 MiB) avg
Total process virtual memory:  13307MB ( 12691 MiB) max;  13282MB ( 12667 MiB) avg

Verification result: TRUE. No property violation found by chosen configuration.
More details about the verification run can be found in the directory "/home/yqs17/blazer/cpachecker-inc-pred/output-us-precise-cfa/32_7a.gpu--drm--i915--i915.ko.set/004.585fb11.32_7a.cil_safe.i".
