scripts/cpa.sh -heap 10000M -predicateAnalysis-ABElfb-debug -setprop cpa.impacted.eliminate=true -disable-java-assertions -outputpath /home/yqs17/blazer/cpachecker-inc-pred/output-us-precise-cfa/43_1a.video--backlight--tdo24m.ko.set/000.dd89ccb.43_1a.cil_safe.i -stats -spec /home/yqs17/blazer/cpachecker-inc-pred/LDVErrorLabel.spc -entryfunction ldv_main0_sequence_infinite_withcheck_stateful /home/yqs17/blazer/cpachecker-inc-pred/programs/drivers--video--backlight--tdo24m.ko/000.dd89ccb.43_1a.cil_safe.i


--------------------------------------------------------------------------------


Running CPAchecker with Java heap of size 10000M.
Running CPAchecker with the following extra VM options:  -Djava.io.tmpdir=/tmp/BenchExec_run_2z1l54do/tmp
Begin analysis 
PredicateCPA statistics
-----------------------
Read Precision Time:                0.000s
Precision file size:                0
Write Precision Time:               0.002s
Number of abstractions:            5961 (10% of all post computations)
  Times abstraction was reused:    0
  Because of function entry/exit:  4179 (70%)
  Because of loop head:            1782 (30%)
  Because of join nodes:           0 (0%)
  Because of threshold:            0 (0%)
  Times precision was empty:       1704 (29%)
  Times precision was {false}:     140 (2%)
  Times result was cached:         3931 (66%)
  Times cartesian abs was used:    0 (0%)
  Times boolean abs was used:      186 (3%)
  Times result was 'false':        39 (1%)
Number of strengthen sat checks:   13
  Times result was 'false':        0 (0%)
Number of coverage checks:         10464
  BDD entailment checks:           2164
Number of SMT sat checks:          13
  trivial:                         13
  cached:                          0

Max ABE block size:                       22
Number of predicates discovered:          9
Number of abstraction locations:          0
Max number of predicates per location:    0
Avg number of predicates per location:    0
Total predicates per abstraction:         455
Max number of predicates per abstraction: 3
Avg number of predicates per abstraction: 1.40
Number of irrelevant predicates:          240 (53%)
Number of preds handled by boolean abs:   215 (47%)
  Total number of models for allsat:      215
  Max number of models for allsat:        2
  Avg number of models for allsat:        1.16

Number of path formula cache hits:   51744 (78%)

Time for post operator:                  2.611s
  Time for path formula creation:        2.021s
    Actual computation:                  1.710s
Time for strengthen operator:            0.058s
  Time for satisfiability checks:        0.000s
Time for prec operator:                  2.055s
  Time for abstraction:                  1.512s (Max:     0.162s, Count: 5961)
    Boolean abstraction:                 0.307s
    Solving time:                        0.138s (Max:     0.028s)
    Model enumeration time:              0.012s
    Time for BDD construction:           0.009s (Max:     0.001s)
Time for merge operator:                 0.366s
Time for coverage check:                 0.026s
  Time for BDD entailment checks:        0.024s
Total time for SMT solver (w/o itp):     0.150s

Number of BDD nodes:                               226
Size of BDD node table:                            466043
Size of BDD cache:                                 46619
Size of BDD node cleanup queue:                         267 (count: 8943, min: 0, max: 147, avg: 0.03)
Time for BDD node cleanup:                             0.002s
Time for BDD garbage collection:                       0.000s (in 0 runs)

PrecisionBootstrap statistics
-----------------------------
Init. function predicates:                         0
Init. global predicates:                           0
Init. location predicates:                         0

ImpactedCPA statistics
----------------------
  Number of invariants partial hits:                            0
  Number of invariants hits:                                    0
  Number of invariants trys:                                    0
  Number of invariants bots:                                    0
  Number of invariants not valid:                               0
  Initial reached size:                                         1
  Input invariants file size:                                   0
  Max impacted number of variables:                             0
  Number of last version invariants:                            0
  Number of this version invariants:                            67
  CPU time for invariant read:                                      0.000s
  CPU time for invariant write:                                     0.080s
  Time for invariant write:                                         0.041s
  Time for invariant read:                                          0.000s

AutomatonAnalysis (SVCOMP) statistics
-------------------------------------
Number of states:                                  1
Total time for successor computation:                  0.102s
Automaton transfers with branching:                0
Automaton transfer successors:                        58548 (count: 58548, min: 1, max: 1, avg: 1.00) [1 x 58548]

CPA algorithm statistics
------------------------
Number of iterations:            52664
Max size of waitlist:            34
Average size of waitlist:        19
Number of computed successors:   58548
Max successors for one state:    2
Number of times merged:          4150
Number of times stopped:         5681
Number of times abs stopped:     1531
Number of times nonAbs stopped:  8300
Number of coverage check (part): 10464
Number of times doAbstraction node:  5961
Number of times breaked:         13

Total time for CPA algorithm:         7.356s (Max:     1.755s)
CPU time for CPA algorithm:          14.610s
  Time for choose from waitlist:      0.084s
  Time for precision adjustment:      2.219s
  Time for transfer relation:         3.505s
  Time for merge operator:            0.531s
  Time for stop operator:             0.181s
  Time for adding to reached set:     0.242s

Predicate-Abstraction Refiner statistics
----------------------------------------
Avg. length of target path (in blocks):                 247 (count: 13, min: 10, max: 35, avg: 19.00)
Number of infeasible sliced prefixes:                     0 (count: 0, min: 0, max: 0, avg: 0.00)

Time for refinement:                                   1.070s
  Counterexample analysis:                0.788s (Max:     0.163s, Calls: 13)
    Refinement sat check:                 0.262s
    Interpolant computation:              0.000s
  Error path post-processing:                          0.000s
  Path-formulas extraction:                            0.000s
  Building the counterexample trace:                   0.788s
  Extracting precise counterexample:                   0.000s
  Extracting infeasible sliced prefixes:               0.000s
  Selecting infeasible sliced prefixes:                0.000s
  Predicate creation:                                  0.007s
  Precision update:                                    0.003s
  ARG update:                                          0.255s

Length of refined path (in blocks):                     220 (count: 13, min: 9, max: 34, avg: 16.92)
Number of affected states:                              173 (count: 13, min: 1, max: 33, avg: 13.31)
Length (states) of path with itp 'true':                 34 (count: 13, min: 0, max: 17, avg: 2.62)
Length (states) of path with itp non-trivial itp:       173 (count: 13, min: 1, max: 33, avg: 13.31)
Length (states) of path with itp 'false':                13 (count: 13, min: 1, max: 1, avg: 1.00)
Different non-trivial interpolants along paths:           4 (count: 13, min: 0, max: 4, avg: 0.31)
Equal non-trivial interpolants along paths:             156 (count: 13, min: 0, max: 32, avg: 12.00)
Different precisions along paths:                         0 (count: 0, min: 0, max: 0, avg: 0.00)
Equal precisions along paths:                             0 (count: 0, min: 0, max: 0, avg: 0.00)
Number of refs with location-based cutoff:                0

CEGAR algorithm statistics
--------------------------
Number of refinements:                13
Number of successful refinements:     13
Number of failed refinements:         0
Max. size of reached set before ref.: 7757
Max. size of reached set after ref.:  3695
Avg. size of reached set before ref.: 4940.15
Avg. size of reached set after ref.:  1232.54

Total time for CEGAR algorithm:       8.459s
CPU time for CEGAR algorithm:        16.780s
Time for refinements:                 1.099s
CPU time for refinements:             2.170s
Average time for refinement:          0.084s
Max time for refinement:              0.210s
First time for refinement:             0.525s
Last time for refinement:              0.224s
Average time for analysis:          0.525s
Number of analysis:                14

Code Coverage
-----------------------------
  Visited lines:          2871
  Total lines:            5
  Line coverage:          574.200

CPAchecker general statistics
-----------------------------
Number of program locations:     1002
Number of CFA edges:             1129
Number of relevant variables:    127
Number of functions:             41
Number of loops:                 2
Size of reached set:             4630
  Number of reached locations:   871 (87%)
    Avg states per location:     5
    Max states per location:     67 (at node N67)
  Number of reached functions:   22 (54%)
  Number of partitions:          4603
    Avg size of partitions:      1
    Max size of partitions:      3 (with key [N179 (after /work/ldvuser/novikov/work/current--X--drivers/video/backlight/tdo24m.ko--X--defaultlinux--X--43_1a--X--cpachecker/linux/csd_deg_dscv/11/dscv_tempdir/dscv/ri/43_1a/drivers/video/backlight/tdo24m.c.prepared, line 246), Function tdo24m_power called from node N325, stack depth 3 [79f05331], stack [ldv_main0_sequence_infinite_withcheck_stateful, tdo24m_resume, tdo24m_power], Init])
  Number of target states:       0

Time for analysis setup:                   1.610s
  Time for cfa diff:                   0.000s
  Time for loading CPAs:                   0.363s
  Time for impacted traverse:              0.006s
  Time for loading parser:        0.029s
  Time for CFA construction:      1.112s
    Time for parsing file(s):     0.374s
    Time for AST to CFA:          0.377s
    Time for CFA sanity check:    0.001s
    Time for post-processing:     0.231s
      Time for var class.:        0.000s
Time for normal Analysis:                         8.459s
CPU time for analysis:                    16.780s
CPU time for impacted:                     0.000s
CPU time for normal analysis:             16.780s
CPU time for init:                         0.000s

Time for Garbage Collector:       0.315s (in 10 runs)
Garbage Collector(s) used:    PS MarkSweep, PS Scavenge
Used heap memory:                373MB (   355 MiB) max;    112MB (   107 MiB) avg;    379MB (   361 MiB) peak
Used non-heap memory:             36MB (    34 MiB) max;     31MB (    29 MiB) avg;     39MB (    37 MiB) peak
Used in PS Old Gen pool:          25MB (    24 MiB) max;     19MB (    18 MiB) avg;     28MB (    26 MiB) peak
Allocated heap memory:           463MB (   442 MiB) max;    302MB (   288 MiB) avg
Allocated non-heap memory:        39MB (    37 MiB) max;     33MB (    32 MiB) avg
Total process virtual memory:  13243MB ( 12629 MiB) max;  13238MB ( 12625 MiB) avg

Verification result: TRUE. No property violation found by chosen configuration.
More details about the verification run can be found in the directory "/home/yqs17/blazer/cpachecker-inc-pred/output-us-precise-cfa/43_1a.video--backlight--tdo24m.ko.set/000.dd89ccb.43_1a.cil_safe.i".
