scripts/cpa.sh -heap 10000M -predicateAnalysis-ABElfb-debug -setprop cpa.impacted.eliminate=true -disable-java-assertions -outputpath /home/yqs17/blazer/cpachecker-inc-pred/output-us-precise-cfa/08_1a.video--backlight--lms283gf05.ko.set/005.26f2b35.08_1a.cil_safe.i -isIncPred -spec /home/yqs17/blazer/cpachecker-inc-pred/LDVErrorLabel.spc -stats -setprop cpa.impacted.pre_invariants.file=/home/yqs17/blazer/cpachecker-inc-pred/output-us-precise-cfa/08_1a.video--backlight--lms283gf05.ko.set/004.462dd83.08_1a.cil_safe.i/impacted-invariants.txt -setprop analysis.prev.program=/home/yqs17/blazer/cpachecker-inc-pred/programs/drivers--video--backlight--lms283gf05.ko/004.462dd83.08_1a.cil_safe.i -entryfunction ldv_main0_sequence_infinite_withcheck_stateful /home/yqs17/blazer/cpachecker-inc-pred/programs/drivers--video--backlight--lms283gf05.ko/005.26f2b35.08_1a.cil_safe.i


--------------------------------------------------------------------------------


Running CPAchecker with Java heap of size 10000M.
Running CPAchecker with the following extra VM options:  -Djava.io.tmpdir=/tmp/BenchExec_run_ayyn4e3_/tmp
Number of modified edges: 70
Begin analysis 
Read invariant objects done
ImpactedCPA statistics
----------------------
  Number of invariants partial hits:                            0
  Number of invariants hits:                                    33
  Number of invariants trys:                                    44
  Number of invariants bots:                                    12
  Number of invariants not valid:                               1
  Initial reached size:                                         873
  Input invariants file size:                                   1336
  Max impacted number of variables:                             0
  Number of last version invariants:                            46
  Number of this version invariants:                            0
  CPU time for invariant read:                                      0.240s
  CPU time for invariant write:                                     0.000s
  Time for invariant write:                                         0.000s
  Time for invariant read:                                          0.129s

AutomatonAnalysis (SVCOMP) statistics
-------------------------------------
Number of states:                                  1
Total time for successor computation:                  0.014s
Automaton transfers with branching:                0
Automaton transfer successors:                          671 (count: 671, min: 1, max: 1, avg: 1.00) [1 x 671]

CPA algorithm statistics
------------------------
Number of iterations:            663
Max size of waitlist:            8
Average size of waitlist:        1
Number of computed successors:   671
Max successors for one state:    2
Number of times merged:          0
Number of times stopped:         2
Number of times abs stopped:     29
Number of times nonAbs stopped:  238
Number of coverage check (part): 272
Number of times doAbstraction node:  180
Number of times breaked:         1

Total time for CPA algorithm:         0.102s (Max:     0.102s)
CPU time for CPA algorithm:           1.090s
  Time for choose from waitlist:      0.002s
  Time for precision adjustment:      0.010s
  Time for transfer relation:         0.054s
  Time for merge operator:            0.000s
  Time for stop operator:             0.005s
  Time for adding to reached set:     0.006s

PredicateCPA statistics
-----------------------
Read Precision Time:                0.000s
Precision file size:                4666
Write Precision Time:               0.002s
Number of abstractions:            136 (9% of all post computations)
  Times abstraction was reused:    0
  Because of function entry/exit:  141 (104%)
  Because of loop head:            39 (29%)
  Because of join nodes:           0 (0%)
  Because of threshold:            0 (0%)
  Times precision was empty:       0 (0%)
  Times precision was {false}:     0 (0%)
  Times result was cached:         88 (52%)
  Times cartesian abs was used:    0 (0%)
  Times boolean abs was used:      81 (48%)
  Times result was 'false':        2 (1%)
Number of strengthen sat checks:   0
Number of coverage checks:         272
  BDD entailment checks:           34
Number of SMT sat checks:          894
  trivial:                         593
  cached:                          188

Max ABE block size:                       25
Number of predicates discovered:          7
Number of abstraction locations:          0
Max number of predicates per location:    0
Avg number of predicates per location:    0
Total predicates per abstraction:         281
Max number of predicates per abstraction: 5
Avg number of predicates per abstraction: 3.47
Number of irrelevant predicates:          124 (44%)
Number of preds handled by boolean abs:   157 (56%)
  Total number of models for allsat:      89
  Max number of models for allsat:        3
  Avg number of models for allsat:        1.10

Number of path formula cache hits:   325 (20%)

Time for post operator:                  1.287s
  Time for path formula creation:        0.525s
    Actual computation:                  0.488s
Time for strengthen operator:            0.013s
Time for prec operator:                  0.320s
  Time for abstraction:                  0.161s (Max:     0.015s, Count: 136)
    Boolean abstraction:                 0.086s
    Solving time:                        0.033s (Max:     0.007s)
    Model enumeration time:              0.002s
    Time for BDD construction:           0.009s (Max:     0.001s)
Time for merge operator:                 0.029s
Time for coverage check:                 0.009s
  Time for BDD entailment checks:        0.009s
Total time for SMT solver (w/o itp):     0.455s

Number of BDD nodes:                               243
Size of BDD node table:                            466043
Size of BDD cache:                                 46619
Size of BDD node cleanup queue:                           3 (count: 3737, min: 0, max: 3, avg: 0.00)
Time for BDD node cleanup:                             0.000s
Time for BDD garbage collection:                       0.000s (in 0 runs)

PrecisionBootstrap statistics
-----------------------------
Init. function predicates:                         0
Init. global predicates:                           0
Init. location predicates:                         0

ImpactedCPA statistics
----------------------
  Number of invariants partial hits:                            0
  Number of invariants hits:                                    33
  Number of invariants trys:                                    44
  Number of invariants bots:                                    12
  Number of invariants not valid:                               1
  Initial reached size:                                         873
  Input invariants file size:                                   1336
  Max impacted number of variables:                             0
  Number of last version invariants:                            46
  Number of this version invariants:                            44
  CPU time for invariant read:                                      0.240s
  CPU time for invariant write:                                     0.030s
  Time for invariant write:                                         0.016s
  Time for invariant read:                                          0.129s

AutomatonAnalysis (SVCOMP) statistics
-------------------------------------
Number of states:                                  1
Total time for successor computation:                  0.007s
Automaton transfers with branching:                0
Automaton transfer successors:                         1551 (count: 1551, min: 1, max: 1, avg: 1.00) [1 x 1551]

CPA algorithm statistics
------------------------
Number of iterations:            628
Max size of waitlist:            14
Average size of waitlist:        10
Number of computed successors:   658
Max successors for one state:    2
Number of times merged:          110
Number of times stopped:         139
Number of times abs stopped:     29
Number of times nonAbs stopped:  238
Number of coverage check (part): 272
Number of times doAbstraction node:  180
Number of times breaked:         0

Total time for CPA algorithm:         0.443s (Max:     0.443s)
CPU time for CPA algorithm:           1.090s
  Time for choose from waitlist:      0.002s
  Time for precision adjustment:      0.183s
  Time for transfer relation:         0.176s
  Time for merge operator:            0.031s
  Time for stop operator:             0.014s
  Time for adding to reached set:     0.016s

Predicate-Abstraction Refiner statistics
----------------------------------------
  Predicate creation:                                  0.000s
  Precision update:                                    0.000s
  ARG update:                                          0.000s

Length of refined path (in blocks):                       0 (count: 0, min: 0, max: 0, avg: 0.00)
Number of affected states:                                0 (count: 0, min: 0, max: 0, avg: 0.00)
Length (states) of path with itp 'true':                  0 (count: 0, min: 0, max: 0, avg: 0.00)
Length (states) of path with itp non-trivial itp:         0 (count: 0, min: 0, max: 0, avg: 0.00)
Length (states) of path with itp 'false':                 0 (count: 0, min: 0, max: 0, avg: 0.00)
Different non-trivial interpolants along paths:           0 (count: 0, min: 0, max: 0, avg: 0.00)
Equal non-trivial interpolants along paths:               0 (count: 0, min: 0, max: 0, avg: 0.00)
Different precisions along paths:                         0 (count: 0, min: 0, max: 0, avg: 0.00)
Equal precisions along paths:                             0 (count: 0, min: 0, max: 0, avg: 0.00)
Number of refs with location-based cutoff:                0

CEGAR algorithm statistics
--------------------------
Number of refinements:                0
Refinement times:             0
First time for refinement:             0.443s
Last time for refinement:              0.443s
Average time for analysis:          0.443s
Number of analysis:                1

Code Coverage
-----------------------------
  Visited lines:          3350
  Total lines:            5
  Line coverage:          670.000

CPAchecker general statistics
-----------------------------
Number of program locations:     949
Number of CFA edges:             1006
Number of relevant variables:    81
Number of functions:             23
Number of loops:                 6
Size of reached set:             1390
  Number of reached locations:   906 (95%)
    Avg states per location:     1
    Max states per location:     8 (at node N0)
  Number of reached functions:   17 (74%)
  Number of partitions:          1383
    Avg size of partitions:      1
    Max size of partitions:      3 (with key [N79 (before /work/ldvuser/novikov/work/current--X--drivers/video/backlight/lms283gf05.ko--X--defaultlinux--X--08_1a--X--cpachecker/linux/csd_deg_dscv/12/dscv_tempdir/dscv/ri/08_1a/drivers/video/backlight/lms283gf05.c.prepared, line 107), 1765022746, Init])
  Number of target states:       0

Time for analysis setup:                   6.893s
  Time for cfa diff:                   3.390s
  Time for loading CPAs:                   0.419s
  Time for impacted traverse:              0.009s
  Time for loading parser:        0.032s
  Time for CFA construction:      1.198s
    Time for parsing file(s):     0.415s
    Time for AST to CFA:          0.394s
    Time for CFA sanity check:    0.000s
    Time for post-processing:     0.254s
      Time for var class.:        0.000s
Time for normal Analysis:                         0.443s
CPU time for analysis:                     3.710s
CPU time for impacted:                     0.640s
CPU time for normal analysis:              0.880s
CPU time for init:                         2.830s

Time for Garbage Collector:       0.166s (in 6 runs)
Garbage Collector(s) used:    PS MarkSweep, PS Scavenge
Used heap memory:                178MB (   170 MiB) max;     69MB (    66 MiB) avg;    192MB (   183 MiB) peak
Used non-heap memory:             33MB (    31 MiB) max;     25MB (    24 MiB) avg;     34MB (    33 MiB) peak
Used in PS Old Gen pool:          23MB (    22 MiB) max;      8MB (     8 MiB) avg;     26MB (    25 MiB) peak
Allocated heap memory:           264MB (   252 MiB) max;    202MB (   193 MiB) avg
Allocated non-heap memory:        35MB (    34 MiB) max;     26MB (    25 MiB) avg
Total process virtual memory:  13307MB ( 12691 MiB) max;  13285MB ( 12669 MiB) avg

Verification result: TRUE. No property violation found by chosen configuration.
More details about the verification run can be found in the directory "/home/yqs17/blazer/cpachecker-inc-pred/output-us-precise-cfa/08_1a.video--backlight--lms283gf05.ko.set/005.26f2b35.08_1a.cil_safe.i".
