scripts/cpa.sh -heap 10000M -predicateAnalysis-ABElfb-debug -setprop cpa.impacted.eliminate=true -disable-java-assertions -outputpath /home/yqs17/blazer/cpachecker-inc-pred/output-us-precise-cfa/32_7a.hwmon--it87.ko.set/083.16b5dda.32_7a.cil_safe.i -isIncPred -spec /home/yqs17/blazer/cpachecker-inc-pred/LDVErrorLabel.spc -stats -setprop cpa.impacted.pre_invariants.file=/home/yqs17/blazer/cpachecker-inc-pred/output-us-precise-cfa/32_7a.hwmon--it87.ko.set/082.90ab5ee.32_7a.cil_safe.i/impacted-invariants.txt -setprop analysis.prev.program=/home/yqs17/blazer/cpachecker-inc-pred/programs/drivers--hwmon--it87.ko/082.90ab5ee.32_7a.cil_safe.i -entryfunction ldv_main0_sequence_infinite_withcheck_stateful /home/yqs17/blazer/cpachecker-inc-pred/programs/drivers--hwmon--it87.ko/083.16b5dda.32_7a.cil_safe.i


--------------------------------------------------------------------------------


Running CPAchecker with Java heap of size 10000M.
Running CPAchecker with the following extra VM options:  -Djava.io.tmpdir=/tmp/BenchExec_run_711ajgqr/tmp
Number of modified edges: 109
Begin analysis 
Read invariant objects done
ImpactedCPA statistics
----------------------
  Number of invariants partial hits:                            0
  Number of invariants hits:                                    32
  Number of invariants trys:                                    45
  Number of invariants bots:                                    13
  Number of invariants not valid:                               0
  Initial reached size:                                         1190
  Input invariants file size:                                   3948
  Max impacted number of variables:                             0
  Number of last version invariants:                            176
  Number of this version invariants:                            0
  CPU time for invariant read:                                      0.590s
  CPU time for invariant write:                                     0.000s
  Time for invariant write:                                         0.000s
  Time for invariant read:                                          0.313s

AutomatonAnalysis (SVCOMP) statistics
-------------------------------------
Number of states:                                  1
Total time for successor computation:                  0.009s
Automaton transfers with branching:                0
Automaton transfer successors:                         1013 (count: 1013, min: 1, max: 1, avg: 1.00) [1 x 1013]

CPA algorithm statistics
------------------------
Number of iterations:            997
Max size of waitlist:            12
Average size of waitlist:        1
Number of computed successors:   1013
Max successors for one state:    2
Number of times merged:          0
Number of times stopped:         5
Number of times abs stopped:     68
Number of times nonAbs stopped:  662
Number of coverage check (part): 730
Number of times doAbstraction node:  632
Number of times breaked:         1

Total time for CPA algorithm:         0.115s (Max:     0.115s)
CPU time for CPA algorithm:           4.910s
  Time for choose from waitlist:      0.001s
  Time for precision adjustment:      0.012s
  Time for transfer relation:         0.061s
  Time for merge operator:            0.001s
  Time for stop operator:             0.008s
  Time for adding to reached set:     0.003s

PredicateCPA statistics
-----------------------
Read Precision Time:                0.000s
Precision file size:                0
Write Precision Time:               0.002s
Number of abstractions:            587 (14% of all post computations)
  Times abstraction was reused:    0
  Because of function entry/exit:  571 (97%)
  Because of loop head:            61 (10%)
  Because of join nodes:           0 (0%)
  Because of threshold:            0 (0%)
  Times precision was empty:       0 (0%)
  Times precision was {false}:     0 (0%)
  Times result was cached:         370 (60%)
  Times cartesian abs was used:    0 (0%)
  Times boolean abs was used:      249 (40%)
  Times result was 'false':        0 (0%)
Number of strengthen sat checks:   0
Number of coverage checks:         730
  BDD entailment checks:           68
Number of SMT sat checks:          1222
  trivial:                         562
  cached:                          348

Max ABE block size:                       39
Number of predicates discovered:          5
Number of abstraction locations:          0
Max number of predicates per location:    0
Avg number of predicates per location:    0
Total predicates per abstraction:         1241
Max number of predicates per abstraction: 5
Avg number of predicates per abstraction: 4.98
Number of irrelevant predicates:          0 (0%)
Number of preds handled by boolean abs:   1241 (100%)
  Total number of models for allsat:      268
  Max number of models for allsat:        2
  Avg number of models for allsat:        1.08

Number of path formula cache hits:   416 (9%)

Time for post operator:                 12.162s
  Time for path formula creation:        1.199s
    Actual computation:                  1.024s
Time for strengthen operator:            0.016s
Time for prec operator:                  0.990s
  Time for abstraction:                  0.653s (Max:     0.028s, Count: 587)
    Boolean abstraction:                 0.397s
    Solving time:                        0.266s (Max:     0.133s)
    Model enumeration time:              0.008s
    Time for BDD construction:           0.012s (Max:     0.001s)
Time for merge operator:                 0.732s
Time for coverage check:                 0.000s
  Time for BDD entailment checks:        0.000s
Total time for SMT solver (w/o itp):    10.732s

Number of BDD nodes:                               232
Size of BDD node table:                            466043
Size of BDD cache:                                 46619
Size of BDD node cleanup queue:                         226 (count: 13738, min: 0, max: 226, avg: 0.02)
Time for BDD node cleanup:                             0.001s
Time for BDD garbage collection:                       0.000s (in 0 runs)

PrecisionBootstrap statistics
-----------------------------
Init. function predicates:                         0
Init. global predicates:                           0
Init. location predicates:                         0

ImpactedCPA statistics
----------------------
  Number of invariants partial hits:                            0
  Number of invariants hits:                                    32
  Number of invariants trys:                                    45
  Number of invariants bots:                                    13
  Number of invariants not valid:                               0
  Initial reached size:                                         1190
  Input invariants file size:                                   3948
  Max impacted number of variables:                             0
  Number of last version invariants:                            176
  Number of this version invariants:                            134
  CPU time for invariant read:                                      0.590s
  CPU time for invariant write:                                     0.110s
  Time for invariant write:                                         0.056s
  Time for invariant read:                                          0.313s

AutomatonAnalysis (SVCOMP) statistics
-------------------------------------
Number of states:                                  1
Total time for successor computation:                  0.022s
Automaton transfers with branching:                0
Automaton transfer successors:                         4196 (count: 4196, min: 1, max: 1, avg: 1.00) [1 x 4196]

CPA algorithm statistics
------------------------
Number of iterations:            2690
Max size of waitlist:            23
Average size of waitlist:        13
Number of computed successors:   2976
Max successors for one state:    2
Number of times merged:          313
Number of times stopped:         381
Number of times abs stopped:     68
Number of times nonAbs stopped:  662
Number of coverage check (part): 730
Number of times doAbstraction node:  632
Number of times breaked:         0

Total time for CPA algorithm:         2.359s (Max:     2.359s)
CPU time for CPA algorithm:           4.910s
  Time for choose from waitlist:      0.005s
  Time for precision adjustment:      0.736s
  Time for transfer relation:         0.789s
  Time for merge operator:            0.742s
  Time for stop operator:             0.017s
  Time for adding to reached set:     0.014s

Predicate-Abstraction Refiner statistics
----------------------------------------
  Predicate creation:                                  0.000s
  Precision update:                                    0.000s
  ARG update:                                          0.000s

Length of refined path (in blocks):                       0 (count: 0, min: 0, max: 0, avg: 0.00)
Number of affected states:                                0 (count: 0, min: 0, max: 0, avg: 0.00)
Length (states) of path with itp 'true':                  0 (count: 0, min: 0, max: 0, avg: 0.00)
Length (states) of path with itp non-trivial itp:         0 (count: 0, min: 0, max: 0, avg: 0.00)
Length (states) of path with itp 'false':                 0 (count: 0, min: 0, max: 0, avg: 0.00)
Different non-trivial interpolants along paths:           0 (count: 0, min: 0, max: 0, avg: 0.00)
Equal non-trivial interpolants along paths:               0 (count: 0, min: 0, max: 0, avg: 0.00)
Different precisions along paths:                         0 (count: 0, min: 0, max: 0, avg: 0.00)
Equal precisions along paths:                             0 (count: 0, min: 0, max: 0, avg: 0.00)
Number of refs with location-based cutoff:                0

CEGAR algorithm statistics
--------------------------
Number of refinements:                0
Refinement times:             0
First time for refinement:             2.360s
Last time for refinement:              2.360s
Average time for analysis:          2.360s
Number of analysis:                1

Code Coverage
-----------------------------
  Visited lines:          3288
  Total lines:            10
  Line coverage:          328.800

CPAchecker general statistics
-----------------------------
Number of program locations:     3611
Number of CFA edges:             4344
Number of relevant variables:    711
Number of functions:             154
Number of loops:                 21
Size of reached set:             3785
  Number of reached locations:   1803 (50%)
    Avg states per location:     2
    Max states per location:     57 (at node N27)
  Number of reached functions:   36 (23%)
  Number of partitions:          3736
    Avg size of partitions:      1
    Max size of partitions:      6 (with key [N1674 (entry of function it87_remove_files in /work/ldvuser/novikov/work/current--X--drivers/hwmon/it87.ko--X--defaultlinux--X--32_7a--X--cpachecker/linux/csd_deg_dscv/11/dscv_tempdir/dscv/ri/32_7a/drivers/hwmon/it87.c.prepared, lines 1787-1896), 1538010558, Init])
  Number of target states:       0

Time for analysis setup:                  19.266s
  Time for cfa diff:                   4.451s
  Time for loading CPAs:                   0.367s
  Time for impacted traverse:              0.016s
  Time for loading parser:        0.023s
  Time for CFA construction:      1.899s
    Time for parsing file(s):     0.452s
    Time for AST to CFA:          0.731s
    Time for CFA sanity check:    0.000s
    Time for post-processing:     0.538s
      Time for var class.:        0.000s
Time for normal Analysis:                         2.360s
CPU time for analysis:                    27.450s
CPU time for impacted:                     0.610s
CPU time for normal analysis:              4.700s
CPU time for init:                        22.750s

Time for Garbage Collector:       0.363s (in 18 runs)
Garbage Collector(s) used:    PS MarkSweep, PS Scavenge
Used heap memory:               1356MB (  1293 MiB) max;    339MB (   323 MiB) avg;   1373MB (  1309 MiB) peak
Used non-heap memory:             41MB (    39 MiB) max;     32MB (    31 MiB) avg;     42MB (    40 MiB) peak
Used in PS Old Gen pool:          32MB (    30 MiB) max;     25MB (    24 MiB) avg;     41MB (    39 MiB) peak
Allocated heap memory:          1456MB (  1389 MiB) max;    706MB (   673 MiB) avg
Allocated non-heap memory:        43MB (    41 MiB) max;     35MB (    33 MiB) avg
Total process virtual memory:  13307MB ( 12691 MiB) max;  13295MB ( 12679 MiB) avg

Verification result: TRUE. No property violation found by chosen configuration.
More details about the verification run can be found in the directory "/home/yqs17/blazer/cpachecker-inc-pred/output-us-precise-cfa/32_7a.hwmon--it87.ko.set/083.16b5dda.32_7a.cil_safe.i".
