scripts/cpa.sh -heap 10000M -predicateAnalysis-ABElfb-debug -setprop cpa.impacted.eliminate=true -disable-java-assertions -outputpath /home/yqs17/blazer/cpachecker-inc-pred/output-us-precise-cfa/08_1a.regulator--gpio-regulator.ko.set/005.c172708.08_1a.cil_safe.i -isIncPred -spec /home/yqs17/blazer/cpachecker-inc-pred/LDVErrorLabel.spc -stats -setprop cpa.impacted.pre_invariants.file=/home/yqs17/blazer/cpachecker-inc-pred/output-us-precise-cfa/08_1a.regulator--gpio-regulator.ko.set/004.02b5521.08_1a.cil_safe.i/impacted-invariants.txt -setprop analysis.prev.program=/home/yqs17/blazer/cpachecker-inc-pred/programs/drivers--regulator--gpio-regulator.ko/004.02b5521.08_1a.cil_safe.i -entryfunction ldv_main0_sequence_infinite_withcheck_stateful /home/yqs17/blazer/cpachecker-inc-pred/programs/drivers--regulator--gpio-regulator.ko/005.c172708.08_1a.cil_safe.i


--------------------------------------------------------------------------------


Running CPAchecker with Java heap of size 10000M.
Running CPAchecker with the following extra VM options:  -Djava.io.tmpdir=/tmp/BenchExec_run_rmnomn_z/tmp
Number of modified edges: 14
Begin analysis 
Read invariant objects done
ImpactedCPA statistics
----------------------
  Number of invariants partial hits:                            0
  Number of invariants hits:                                    35
  Number of invariants trys:                                    58
  Number of invariants bots:                                    23
  Number of invariants not valid:                               0
  Initial reached size:                                         842
  Input invariants file size:                                   1199
  Max impacted number of variables:                             0
  Number of last version invariants:                            45
  Number of this version invariants:                            0
  CPU time for invariant read:                                      0.210s
  CPU time for invariant write:                                     0.000s
  Time for invariant write:                                         0.000s
  Time for invariant read:                                          0.106s

AutomatonAnalysis (SVCOMP) statistics
-------------------------------------
Number of states:                                  1
Total time for successor computation:                  0.005s
Automaton transfers with branching:                0
Automaton transfer successors:                          518 (count: 518, min: 1, max: 1, avg: 1.00) [1 x 518]

CPA algorithm statistics
------------------------
Number of iterations:            514
Max size of waitlist:            4
Average size of waitlist:        1
Number of computed successors:   518
Max successors for one state:    2
Number of times merged:          0
Number of times stopped:         1
Number of times abs stopped:     20
Number of times nonAbs stopped:  180
Number of coverage check (part): 200
Number of times doAbstraction node:  91
Number of times breaked:         1

Total time for CPA algorithm:         0.087s (Max:     0.087s)
CPU time for CPA algorithm:           0.490s
  Time for choose from waitlist:      0.002s
  Time for precision adjustment:      0.009s
  Time for transfer relation:         0.052s
  Time for merge operator:            0.001s
  Time for stop operator:             0.004s
  Time for adding to reached set:     0.007s

PredicateCPA statistics
-----------------------
Read Precision Time:                0.000s
Precision file size:                0
Write Precision Time:               0.006s
Number of abstractions:            33 (3% of all post computations)
  Times abstraction was reused:    0
  Because of function entry/exit:  58 (176%)
  Because of loop head:            33 (100%)
  Because of join nodes:           0 (0%)
  Because of threshold:            0 (0%)
  Times precision was empty:       0 (0%)
  Times precision was {false}:     0 (0%)
  Times result was cached:         19 (28%)
  Times cartesian abs was used:    0 (0%)
  Times boolean abs was used:      49 (72%)
  Times result was 'false':        0 (0%)
Number of strengthen sat checks:   0
Number of coverage checks:         200
  BDD entailment checks:           20
Number of SMT sat checks:          881
  trivial:                         418
  cached:                          299

Max ABE block size:                       10
Number of predicates discovered:          4
Number of abstraction locations:          0
Max number of predicates per location:    0
Avg number of predicates per location:    0
Total predicates per abstraction:         102
Max number of predicates per abstraction: 4
Avg number of predicates per abstraction: 2.08
Number of irrelevant predicates:          36 (35%)
Number of preds handled by boolean abs:   66 (65%)
  Total number of models for allsat:      51
  Max number of models for allsat:        3
  Avg number of models for allsat:        1.04

Number of path formula cache hits:   125 (11%)

Time for post operator:                  1.093s
  Time for path formula creation:        0.273s
    Actual computation:                  0.254s
Time for strengthen operator:            0.005s
Time for prec operator:                  0.229s
  Time for abstraction:                  0.045s (Max:     0.006s, Count: 33)
    Boolean abstraction:                 0.063s
    Solving time:                        0.024s (Max:     0.004s)
    Model enumeration time:              0.003s
    Time for BDD construction:           0.002s (Max:     0.001s)
Time for merge operator:                 0.026s
Time for coverage check:                 0.003s
  Time for BDD entailment checks:        0.001s
Total time for SMT solver (w/o itp):     0.691s

Number of BDD nodes:                               227
Size of BDD node table:                            466043
Size of BDD cache:                                 46619
Size of BDD node cleanup queue:                           0 (count: 3528, min: 0, max: 0, avg: 0.00)
Time for BDD node cleanup:                             0.001s
Time for BDD garbage collection:                       0.000s (in 0 runs)

PrecisionBootstrap statistics
-----------------------------
Init. function predicates:                         0
Init. global predicates:                           0
Init. location predicates:                         0

ImpactedCPA statistics
----------------------
  Number of invariants partial hits:                            0
  Number of invariants hits:                                    35
  Number of invariants trys:                                    58
  Number of invariants bots:                                    23
  Number of invariants not valid:                               0
  Initial reached size:                                         842
  Input invariants file size:                                   1199
  Max impacted number of variables:                             0
  Number of last version invariants:                            45
  Number of this version invariants:                            41
  CPU time for invariant read:                                      0.210s
  CPU time for invariant write:                                     0.060s
  Time for invariant write:                                         0.028s
  Time for invariant read:                                          0.106s

AutomatonAnalysis (SVCOMP) statistics
-------------------------------------
Number of states:                                  1
Total time for successor computation:                  0.009s
Automaton transfers with branching:                0
Automaton transfer successors:                         1063 (count: 1063, min: 1, max: 1, avg: 1.00) [1 x 1063]

CPA algorithm statistics
------------------------
Number of iterations:            165
Max size of waitlist:            16
Average size of waitlist:        12
Number of computed successors:   183
Max successors for one state:    2
Number of times merged:          74
Number of times stopped:         94
Number of times abs stopped:     20
Number of times nonAbs stopped:  180
Number of coverage check (part): 200
Number of times doAbstraction node:  91
Number of times breaked:         0

Total time for CPA algorithm:         0.157s (Max:     0.157s)
CPU time for CPA algorithm:           0.490s
  Time for choose from waitlist:      0.000s
  Time for precision adjustment:      0.058s
  Time for transfer relation:         0.064s
  Time for merge operator:            0.021s
  Time for stop operator:             0.003s
  Time for adding to reached set:     0.000s

Predicate-Abstraction Refiner statistics
----------------------------------------
  Predicate creation:                                  0.000s
  Precision update:                                    0.000s
  ARG update:                                          0.000s

Length of refined path (in blocks):                       0 (count: 0, min: 0, max: 0, avg: 0.00)
Number of affected states:                                0 (count: 0, min: 0, max: 0, avg: 0.00)
Length (states) of path with itp 'true':                  0 (count: 0, min: 0, max: 0, avg: 0.00)
Length (states) of path with itp non-trivial itp:         0 (count: 0, min: 0, max: 0, avg: 0.00)
Length (states) of path with itp 'false':                 0 (count: 0, min: 0, max: 0, avg: 0.00)
Different non-trivial interpolants along paths:           0 (count: 0, min: 0, max: 0, avg: 0.00)
Equal non-trivial interpolants along paths:               0 (count: 0, min: 0, max: 0, avg: 0.00)
Different precisions along paths:                         0 (count: 0, min: 0, max: 0, avg: 0.00)
Equal precisions along paths:                             0 (count: 0, min: 0, max: 0, avg: 0.00)
Number of refs with location-based cutoff:                0

CEGAR algorithm statistics
--------------------------
Number of refinements:                0
Refinement times:             0
First time for refinement:             0.157s
Last time for refinement:              0.157s
Average time for analysis:          0.157s
Number of analysis:                1

Code Coverage
-----------------------------
  Visited lines:          2325
  Total lines:            5
  Line coverage:          465.000

CPAchecker general statistics
-----------------------------
Number of program locations:     985
Number of CFA edges:             1079
Number of relevant variables:    119
Number of functions:             28
Number of loops:                 5
Size of reached set:             931
  Number of reached locations:   844 (86%)
    Avg states per location:     1
    Max states per location:     11 (at node N515)
  Number of reached functions:   18 (64%)
  Number of partitions:          931
    Avg size of partitions:      1
    Max size of partitions:      1
  Number of target states:       0

Time for analysis setup:                   5.742s
  Time for cfa diff:                   2.483s
  Time for loading CPAs:                   0.447s
  Time for impacted traverse:              0.010s
  Time for loading parser:        0.030s
  Time for CFA construction:      1.042s
    Time for parsing file(s):     0.299s
    Time for AST to CFA:          0.377s
    Time for CFA sanity check:    0.000s
    Time for post-processing:     0.240s
      Time for var class.:        0.000s
Time for normal Analysis:                         0.158s
CPU time for analysis:                     3.000s
CPU time for impacted:                     0.620s
CPU time for normal analysis:              0.320s
CPU time for init:                         2.680s

Time for Garbage Collector:       0.150s (in 5 runs)
Garbage Collector(s) used:    PS MarkSweep, PS Scavenge
Used heap memory:                118MB (   112 MiB) max;     51MB (    49 MiB) avg;    135MB (   129 MiB) peak
Used non-heap memory:             34MB (    32 MiB) max;     25MB (    24 MiB) avg;     36MB (    34 MiB) peak
Used in PS Old Gen pool:          22MB (    21 MiB) max;      8MB (     8 MiB) avg;     24MB (    23 MiB) peak
Allocated heap memory:           257MB (   246 MiB) max;    197MB (   188 MiB) avg
Allocated non-heap memory:        37MB (    35 MiB) max;     26MB (    25 MiB) avg
Total process virtual memory:  13307MB ( 12691 MiB) max;  13282MB ( 12666 MiB) avg

Verification result: TRUE. No property violation found by chosen configuration.
More details about the verification run can be found in the directory "/home/yqs17/blazer/cpachecker-inc-pred/output-us-precise-cfa/08_1a.regulator--gpio-regulator.ko.set/005.c172708.08_1a.cil_safe.i".
