scripts/cpa.sh -heap 10000M -predicateAnalysis-ABElfb-debug -setprop cpa.impacted.eliminate=true -disable-java-assertions -outputpath /home/yqs17/blazer/cpachecker-inc-pred/output-us-precise-cfa/39_7a.gpu--drm--i915--i915.ko.set/058.ce44b0e.39_7a.cil_safe.i -isIncPred -spec /home/yqs17/blazer/cpachecker-inc-pred/LDVErrorLabel.spc -stats -setprop cpa.impacted.pre_invariants.file=/home/yqs17/blazer/cpachecker-inc-pred/output-us-precise-cfa/39_7a.gpu--drm--i915--i915.ko.set/057.a7f014f.39_7a.cil_safe.i/impacted-invariants.txt -setprop analysis.prev.program=/home/yqs17/blazer/cpachecker-inc-pred/programs/drivers--gpu--drm--i915--i915.ko/057.a7f014f.39_7a.cil_safe.i -entryfunction ldv_main0_sequence_infinite_withcheck_stateful /home/yqs17/blazer/cpachecker-inc-pred/programs/drivers--gpu--drm--i915--i915.ko/058.ce44b0e.39_7a.cil_safe.i


--------------------------------------------------------------------------------


Running CPAchecker with Java heap of size 10000M.
Running CPAchecker with the following extra VM options:  -Djava.io.tmpdir=/tmp/BenchExec_run_y4naeneu/tmp
Number of modified edges: 13
Begin analysis 
Read invariant objects done
ImpactedCPA statistics
----------------------
  Number of invariants partial hits:                            0
  Number of invariants hits:                                    6
  Number of invariants trys:                                    7
  Number of invariants bots:                                    1
  Number of invariants not valid:                               0
  Initial reached size:                                         1294
  Input invariants file size:                                   2816
  Max impacted number of variables:                             0
  Number of last version invariants:                            137
  Number of this version invariants:                            0
  CPU time for invariant read:                                      0.920s
  CPU time for invariant write:                                     0.000s
  Time for invariant write:                                         0.000s
  Time for invariant read:                                          0.485s

AutomatonAnalysis (SVCOMP) statistics
-------------------------------------
Number of states:                                  1
Total time for successor computation:                  0.010s
Automaton transfers with branching:                0
Automaton transfer successors:                         1287 (count: 1287, min: 1, max: 1, avg: 1.00) [1 x 1287]

CPA algorithm statistics
------------------------
Number of iterations:            1283
Max size of waitlist:            5
Average size of waitlist:        1
Number of computed successors:   1287
Max successors for one state:    2
Number of times merged:          0
Number of times stopped:         0
Number of times abs stopped:     0
Number of times nonAbs stopped:  2
Number of coverage check (part): 2
Number of times doAbstraction node:  7
Number of times breaked:         1

Total time for CPA algorithm:         0.126s (Max:     0.126s)
CPU time for CPA algorithm:           0.250s
  Time for choose from waitlist:      0.003s
  Time for precision adjustment:      0.016s
  Time for transfer relation:         0.058s
  Time for stop operator:             0.008s
  Time for adding to reached set:     0.003s

PredicateCPA statistics
-----------------------
Read Precision Time:                0.000s
Precision file size:                0
Write Precision Time:               0.002s
Number of abstractions:            0 (0% of all post computations)
Number of strengthen sat checks:   0
Number of coverage checks:         2
  BDD entailment checks:           0
Number of SMT sat checks:          1301
  trivial:                         657
  cached:                          603

Max ABE block size:                       0
Number of predicates discovered:          8
Number of abstraction locations:          0
Max number of predicates per location:    0
Avg number of predicates per location:    0
Total predicates per abstraction:         36
Max number of predicates per abstraction: 7
Avg number of predicates per abstraction: 6.00
Number of irrelevant predicates:          0 (0%)
Number of preds handled by boolean abs:   36 (100%)
  Total number of models for allsat:      6
  Max number of models for allsat:        1
  Avg number of models for allsat:        1.00

Number of path formula cache hits:   1 (0%)

Time for post operator:                  0.669s
  Time for path formula creation:        0.209s
    Actual computation:                  0.200s
Time for strengthen operator:            0.004s
Time for prec operator:                  0.074s
Time for merge operator:                 0.004s
Time for coverage check:                 0.000s
Total time for SMT solver (w/o itp):     0.266s

Number of BDD nodes:                               229
Size of BDD node table:                            466043
Size of BDD cache:                                 46619
Size of BDD node cleanup queue:                           0 (count: 30974, min: 0, max: 0, avg: 0.00)
Time for BDD node cleanup:                             0.002s
Time for BDD garbage collection:                       0.000s (in 0 runs)

PrecisionBootstrap statistics
-----------------------------
Init. function predicates:                         0
Init. global predicates:                           0
Init. location predicates:                         0

ImpactedCPA statistics
----------------------
  Number of invariants partial hits:                            0
  Number of invariants hits:                                    6
  Number of invariants trys:                                    7
  Number of invariants bots:                                    1
  Number of invariants not valid:                               0
  Initial reached size:                                         1294
  Input invariants file size:                                   2816
  Max impacted number of variables:                             0
  Number of last version invariants:                            137
  Number of this version invariants:                            6
  CPU time for invariant read:                                      0.920s
  CPU time for invariant write:                                     0.090s
  Time for invariant write:                                         0.046s
  Time for invariant read:                                          0.485s

AutomatonAnalysis (SVCOMP) statistics
-------------------------------------
Number of states:                                  1
Total time for successor computation:                  0.005s
Automaton transfers with branching:                0
Automaton transfer successors:                         1295 (count: 1295, min: 1, max: 1, avg: 1.00) [1 x 1295]

CPA algorithm statistics
------------------------
Number of iterations:            2
Max size of waitlist:            1
Average size of waitlist:        1
Number of computed successors:   1
Max successors for one state:    1
Number of times merged:          1
Number of times stopped:         1
Number of times abs stopped:     0
Number of times nonAbs stopped:  2
Number of coverage check (part): 2
Number of times doAbstraction node:  7
Number of times breaked:         0

Total time for CPA algorithm:         0.005s (Max:     0.005s)
CPU time for CPA algorithm:           0.250s
  Time for choose from waitlist:      0.000s
  Time for precision adjustment:      0.000s
  Time for transfer relation:         0.000s
  Time for merge operator:            0.005s
  Time for stop operator:             0.000s
  Time for adding to reached set:     0.000s

Predicate-Abstraction Refiner statistics
----------------------------------------
  Predicate creation:                                  0.000s
  Precision update:                                    0.000s
  ARG update:                                          0.000s

Length of refined path (in blocks):                       0 (count: 0, min: 0, max: 0, avg: 0.00)
Number of affected states:                                0 (count: 0, min: 0, max: 0, avg: 0.00)
Length (states) of path with itp 'true':                  0 (count: 0, min: 0, max: 0, avg: 0.00)
Length (states) of path with itp non-trivial itp:         0 (count: 0, min: 0, max: 0, avg: 0.00)
Length (states) of path with itp 'false':                 0 (count: 0, min: 0, max: 0, avg: 0.00)
Different non-trivial interpolants along paths:           0 (count: 0, min: 0, max: 0, avg: 0.00)
Equal non-trivial interpolants along paths:               0 (count: 0, min: 0, max: 0, avg: 0.00)
Different precisions along paths:                         0 (count: 0, min: 0, max: 0, avg: 0.00)
Equal precisions along paths:                             0 (count: 0, min: 0, max: 0, avg: 0.00)
Number of refs with location-based cutoff:                0

CEGAR algorithm statistics
--------------------------
Number of refinements:                0
Refinement times:             0
First time for refinement:             0.005s
Last time for refinement:              0.005s
Average time for analysis:          0.005s
Number of analysis:                1

Code Coverage
-----------------------------
  Visited lines:          3620
  Total lines:            5
  Line coverage:          724.000

CPAchecker general statistics
-----------------------------
Number of program locations:     9976
Number of CFA edges:             12572
Number of relevant variables:    2063
Number of functions:             483
Number of loops:                 61
Size of reached set:             1294
  Number of reached locations:   1294 (13%)
    Avg states per location:     1
    Max states per location:     1 (at node N41)
  Number of reached functions:   4 (1%)
  Number of partitions:          1294
    Avg size of partitions:      1
    Max size of partitions:      1
  Number of target states:       0

Time for analysis setup:                  17.728s
  Time for cfa diff:                  12.267s
  Time for loading CPAs:                   0.539s
  Time for impacted traverse:              0.032s
  Time for loading parser:        0.035s
  Time for CFA construction:      3.196s
    Time for parsing file(s):     0.694s
    Time for AST to CFA:          1.213s
    Time for CFA sanity check:    0.001s
    Time for post-processing:     0.957s
      Time for var class.:        0.000s
Time for normal Analysis:                         0.006s
CPU time for analysis:                     1.740s
CPU time for impacted:                     0.920s
CPU time for normal analysis:              0.010s
CPU time for init:                         1.730s

Time for Garbage Collector:       0.472s (in 8 runs)
Garbage Collector(s) used:    PS MarkSweep, PS Scavenge
Used heap memory:                226MB (   215 MiB) max;    126MB (   120 MiB) avg;    248MB (   237 MiB) peak
Used non-heap memory:             37MB (    35 MiB) max;     28MB (    27 MiB) avg;     37MB (    35 MiB) peak
Used in PS Old Gen pool:          51MB (    49 MiB) max;     42MB (    40 MiB) avg;     53MB (    51 MiB) peak
Allocated heap memory:           457MB (   436 MiB) max;    388MB (   370 MiB) avg
Allocated non-heap memory:        38MB (    36 MiB) max;     29MB (    28 MiB) avg
Total process virtual memory:  13307MB ( 12691 MiB) max;  13281MB ( 12666 MiB) avg

Verification result: TRUE. No property violation found by chosen configuration.
More details about the verification run can be found in the directory "/home/yqs17/blazer/cpachecker-inc-pred/output-us-precise-cfa/39_7a.gpu--drm--i915--i915.ko.set/058.ce44b0e.39_7a.cil_safe.i".
