scripts/cpa.sh -heap 10000M -predicateAnalysis-ABElfb-debug -setprop cpa.impacted.eliminate=true -disable-java-assertions -outputpath /home/yqs17/blazer/cpachecker-inc-pred/output-us-precise-cfa/32_7a.i2c--algos--i2c-algo-pca.ko.set/017.eff9ec9.32_7a.cil_safe.i -isIncPred -spec /home/yqs17/blazer/cpachecker-inc-pred/LDVErrorLabel.spc -stats -setprop cpa.impacted.pre_invariants.file=/home/yqs17/blazer/cpachecker-inc-pred/output-us-precise-cfa/32_7a.i2c--algos--i2c-algo-pca.ko.set/016.bac3e7c.32_7a.cil_safe.i/impacted-invariants.txt -setprop analysis.prev.program=/home/yqs17/blazer/cpachecker-inc-pred/programs/drivers--i2c--algos--i2c-algo-pca.ko/016.bac3e7c.32_7a.cil_safe.i -entryfunction ldv_main0_sequence_infinite_withcheck_stateful /home/yqs17/blazer/cpachecker-inc-pred/programs/drivers--i2c--algos--i2c-algo-pca.ko/017.eff9ec9.32_7a.cil_safe.i


--------------------------------------------------------------------------------


Running CPAchecker with Java heap of size 10000M.
Running CPAchecker with the following extra VM options:  -Djava.io.tmpdir=/tmp/BenchExec_run_877pfhiy/tmp
Number of modified edges: 2
Begin analysis 
Read invariant objects done
ImpactedCPA statistics
----------------------
  Number of invariants partial hits:                            0
  Number of invariants hits:                                    29
  Number of invariants trys:                                    58
  Number of invariants bots:                                    29
  Number of invariants not valid:                               0
  Initial reached size:                                         756
  Input invariants file size:                                   917
  Max impacted number of variables:                             1
  Number of last version invariants:                            46
  Number of this version invariants:                            0
  CPU time for invariant read:                                      0.180s
  CPU time for invariant write:                                     0.000s
  Time for invariant write:                                         0.000s
  Time for invariant read:                                          0.096s

AutomatonAnalysis (SVCOMP) statistics
-------------------------------------
Number of states:                                  1
Total time for successor computation:                  0.017s
Automaton transfers with branching:                0
Automaton transfer successors:                         2132 (count: 2132, min: 1, max: 1, avg: 1.00) [1 x 2132]

CPA algorithm statistics
------------------------
Number of iterations:            1982
Max size of waitlist:            27
Average size of waitlist:        8
Number of computed successors:   2132
Max successors for one state:    2
Number of times merged:          0
Number of times stopped:         152
Number of times abs stopped:     40
Number of times nonAbs stopped:  486
Number of coverage check (part): 526
Number of times doAbstraction node:  132
Number of times breaked:         0

Total time for CPA algorithm:         0.215s (Max:     0.145s)
CPU time for CPA algorithm:           0.930s
  Time for choose from waitlist:      0.002s
  Time for precision adjustment:      0.035s
  Time for transfer relation:         0.113s
  Time for merge operator:            0.001s
  Time for stop operator:             0.013s
  Time for adding to reached set:     0.015s

PredicateCPA statistics
-----------------------
Read Precision Time:                0.000s
Precision file size:                0
Write Precision Time:               0.004s
Number of abstractions:            74 (5% of all post computations)
  Times abstraction was reused:    0
  Because of function entry/exit:  96 (130%)
  Because of loop head:            36 (49%)
  Because of join nodes:           0 (0%)
  Because of threshold:            0 (0%)
  Times precision was empty:       0 (0%)
  Times precision was {false}:     0 (0%)
  Times result was cached:         45 (44%)
  Times cartesian abs was used:    0 (0%)
  Times boolean abs was used:      58 (56%)
  Times result was 'false':        0 (0%)
Number of strengthen sat checks:   0
Number of coverage checks:         526
  BDD entailment checks:           40
Number of SMT sat checks:          814
  trivial:                         448
  cached:                          155

Max ABE block size:                       29
Number of predicates discovered:          1
Number of abstraction locations:          0
Max number of predicates per location:    0
Avg number of predicates per location:    0
Total predicates per abstraction:         58
Max number of predicates per abstraction: 1
Avg number of predicates per abstraction: 1.00
Number of irrelevant predicates:          0 (0%)
Number of preds handled by boolean abs:   58 (100%)
  Total number of models for allsat:      58
  Max number of models for allsat:        1
  Avg number of models for allsat:        1.00

Number of path formula cache hits:   399 (27%)

Time for post operator:                  0.862s
  Time for path formula creation:        0.273s
    Actual computation:                  0.251s
Time for strengthen operator:            0.008s
Time for prec operator:                  0.176s
  Time for abstraction:                  0.069s (Max:     0.011s, Count: 74)
    Boolean abstraction:                 0.053s
    Solving time:                        0.032s (Max:     0.007s)
    Model enumeration time:              0.003s
    Time for BDD construction:           0.009s (Max:     0.007s)
Time for merge operator:                 0.076s
Time for coverage check:                 0.003s
  Time for BDD entailment checks:        0.000s
Total time for SMT solver (w/o itp):     0.535s

Number of BDD nodes:                               202
Size of BDD node table:                            466043
Size of BDD cache:                                 46619
Size of BDD node cleanup queue:                           0 (count: 3637, min: 0, max: 0, avg: 0.00)
Time for BDD node cleanup:                             0.001s
Time for BDD garbage collection:                       0.000s (in 0 runs)

PrecisionBootstrap statistics
-----------------------------
Init. function predicates:                         0
Init. global predicates:                           0
Init. location predicates:                         0

ImpactedCPA statistics
----------------------
  Number of invariants partial hits:                            0
  Number of invariants hits:                                    29
  Number of invariants trys:                                    58
  Number of invariants bots:                                    29
  Number of invariants not valid:                               0
  Initial reached size:                                         756
  Input invariants file size:                                   917
  Max impacted number of variables:                             1
  Number of last version invariants:                            46
  Number of this version invariants:                            46
  CPU time for invariant read:                                      0.180s
  CPU time for invariant write:                                     0.020s
  Time for invariant write:                                         0.016s
  Time for invariant read:                                          0.096s

AutomatonAnalysis (SVCOMP) statistics
-------------------------------------
Number of states:                                  1
Total time for successor computation:                  0.004s
Automaton transfers with branching:                0
Automaton transfer successors:                         1356 (count: 1356, min: 1, max: 1, avg: 1.00) [1 x 1356]

CPA algorithm statistics
------------------------
Number of iterations:            479
Max size of waitlist:            33
Average size of waitlist:        23
Number of computed successors:   542
Max successors for one state:    2
Number of times merged:          213
Number of times stopped:         253
Number of times abs stopped:     40
Number of times nonAbs stopped:  486
Number of coverage check (part): 526
Number of times doAbstraction node:  132
Number of times breaked:         0

Total time for CPA algorithm:         0.255s (Max:     0.255s)
CPU time for CPA algorithm:           0.930s
  Time for choose from waitlist:      0.001s
  Time for precision adjustment:      0.080s
  Time for transfer relation:         0.081s
  Time for merge operator:            0.062s
  Time for stop operator:             0.015s
  Time for adding to reached set:     0.001s

Predicate-Abstraction Refiner statistics
----------------------------------------
  Predicate creation:                                  0.000s
  Precision update:                                    0.000s
  ARG update:                                          0.000s

Length of refined path (in blocks):                       0 (count: 0, min: 0, max: 0, avg: 0.00)
Number of affected states:                                0 (count: 0, min: 0, max: 0, avg: 0.00)
Length (states) of path with itp 'true':                  0 (count: 0, min: 0, max: 0, avg: 0.00)
Length (states) of path with itp non-trivial itp:         0 (count: 0, min: 0, max: 0, avg: 0.00)
Length (states) of path with itp 'false':                 0 (count: 0, min: 0, max: 0, avg: 0.00)
Different non-trivial interpolants along paths:           0 (count: 0, min: 0, max: 0, avg: 0.00)
Equal non-trivial interpolants along paths:               0 (count: 0, min: 0, max: 0, avg: 0.00)
Different precisions along paths:                         0 (count: 0, min: 0, max: 0, avg: 0.00)
Equal precisions along paths:                             0 (count: 0, min: 0, max: 0, avg: 0.00)
Number of refs with location-based cutoff:                0

CEGAR algorithm statistics
--------------------------
Number of refinements:                0
Refinement times:             0
First time for refinement:             0.255s
Last time for refinement:              0.255s
Average time for analysis:          0.255s
Number of analysis:                1

Code Coverage
-----------------------------
  Visited lines:          1935
  Total lines:            13
  Line coverage:          148.846

CPAchecker general statistics
-----------------------------
Number of program locations:     976
Number of CFA edges:             1112
Number of relevant variables:    108
Number of functions:             20
Number of loops:                 5
Size of reached set:             1045
  Number of reached locations:   801 (82%)
    Avg states per location:     1
    Max states per location:     11 (at node N390)
  Number of reached functions:   15 (75%)
  Number of partitions:          1045
    Avg size of partitions:      1
    Max size of partitions:      1
  Number of target states:       0

Time for analysis setup:                   4.875s
  Time for cfa diff:                   2.208s
  Time for loading CPAs:                   0.347s
  Time for impacted traverse:              0.006s
  Time for loading parser:        0.030s
  Time for CFA construction:      0.814s
    Time for parsing file(s):     0.261s
    Time for AST to CFA:          0.257s
    Time for CFA sanity check:    0.000s
    Time for post-processing:     0.199s
      Time for var class.:        0.000s
Time for normal Analysis:                         0.255s
CPU time for analysis:                     2.480s
CPU time for impacted:                     0.740s
CPU time for normal analysis:              0.520s
CPU time for init:                         1.960s

Time for Garbage Collector:       0.117s (in 5 runs)
Garbage Collector(s) used:    PS MarkSweep, PS Scavenge
Used heap memory:                126MB (   120 MiB) max;     46MB (    44 MiB) avg;    142MB (   136 MiB) peak
Used non-heap memory:             33MB (    31 MiB) max;     25MB (    24 MiB) avg;     35MB (    33 MiB) peak
Used in PS Old Gen pool:          21MB (    20 MiB) max;      8MB (     7 MiB) avg;     22MB (    21 MiB) peak
Allocated heap memory:           256MB (   244 MiB) max;    197MB (   188 MiB) avg
Allocated non-heap memory:        36MB (    34 MiB) max;     26MB (    25 MiB) avg
Total process virtual memory:  13307MB ( 12691 MiB) max;  13284MB ( 12668 MiB) avg

Verification result: TRUE. No property violation found by chosen configuration.
More details about the verification run can be found in the directory "/home/yqs17/blazer/cpachecker-inc-pred/output-us-precise-cfa/32_7a.i2c--algos--i2c-algo-pca.ko.set/017.eff9ec9.32_7a.cil_safe.i".
