scripts/cpa.sh -heap 10000M -predicateAnalysis-ABElfb-debug -setprop cpa.impacted.eliminate=true -disable-java-assertions -outputpath /home/yqs17/blazer/cpachecker-inc-pred/output-us-precise-cfa/43_1a.isdn--mISDN--mISDN_core.ko.set/003.ce425a9.43_1a.cil_safe.i -isIncPred -spec /home/yqs17/blazer/cpachecker-inc-pred/LDVErrorLabel.spc -stats -setprop cpa.impacted.pre_invariants.file=/home/yqs17/blazer/cpachecker-inc-pred/output-us-precise-cfa/43_1a.isdn--mISDN--mISDN_core.ko.set/002.ff4cc1d.43_1a.cil_safe.i/impacted-invariants.txt -setprop analysis.prev.program=/home/yqs17/blazer/cpachecker-inc-pred/programs/drivers--isdn--mISDN--mISDN_core.ko/002.ff4cc1d.43_1a.cil_safe.i -entryfunction ldv_main0_sequence_infinite_withcheck_stateful /home/yqs17/blazer/cpachecker-inc-pred/programs/drivers--isdn--mISDN--mISDN_core.ko/003.ce425a9.43_1a.cil_safe.i


--------------------------------------------------------------------------------


Running CPAchecker with Java heap of size 10000M.
Running CPAchecker with the following extra VM options:  -Djava.io.tmpdir=/tmp/BenchExec_run_qlo8xr1p/tmp
Number of modified edges: 19
Begin analysis 
Read invariant objects done
ImpactedCPA statistics
----------------------
  Number of invariants partial hits:                            0
  Number of invariants hits:                                    29
  Number of invariants trys:                                    36
  Number of invariants bots:                                    7
  Number of invariants not valid:                               0
  Initial reached size:                                         1374
  Input invariants file size:                                   2594
  Max impacted number of variables:                             0
  Number of last version invariants:                            367
  Number of this version invariants:                            0
  CPU time for invariant read:                                      0.900s
  CPU time for invariant write:                                     0.000s
  Time for invariant write:                                         0.000s
  Time for invariant read:                                          0.493s

AutomatonAnalysis (SVCOMP) statistics
-------------------------------------
Number of states:                                  1
Total time for successor computation:                  0.011s
Automaton transfers with branching:                0
Automaton transfer successors:                         1297 (count: 1297, min: 1, max: 1, avg: 1.00) [1 x 1297]

CPA algorithm statistics
------------------------
Number of iterations:            1292
Max size of waitlist:            3
Average size of waitlist:        1
Number of computed successors:   1297
Max successors for one state:    2
Number of times merged:          0
Number of times stopped:         3
Number of times abs stopped:     16
Number of times nonAbs stopped:  148
Number of coverage check (part): 164
Number of times doAbstraction node:  140
Number of times breaked:         1

Total time for CPA algorithm:         0.122s (Max:     0.122s)
CPU time for CPA algorithm:           0.780s
  Time for choose from waitlist:      0.000s
  Time for precision adjustment:      0.011s
  Time for transfer relation:         0.072s
  Time for merge operator:            0.000s
  Time for stop operator:             0.012s
  Time for adding to reached set:     0.004s

PredicateCPA statistics
-----------------------
Read Precision Time:                0.000s
Precision file size:                0
Write Precision Time:               0.001s
Number of abstractions:            104 (6% of all post computations)
  Times abstraction was reused:    0
  Because of function entry/exit:  123 (118%)
  Because of loop head:            17 (16%)
  Because of join nodes:           0 (0%)
  Because of threshold:            0 (0%)
  Times precision was empty:       0 (0%)
  Times precision was {false}:     0 (0%)
  Times result was cached:         27 (20%)
  Times cartesian abs was used:    0 (0%)
  Times boolean abs was used:      106 (80%)
  Times result was 'false':        4 (4%)
Number of strengthen sat checks:   0
Number of coverage checks:         164
  BDD entailment checks:           16
Number of SMT sat checks:          1387
  trivial:                         700
  cached:                          580

Max ABE block size:                       9
Number of predicates discovered:          2
Number of abstraction locations:          0
Max number of predicates per location:    0
Avg number of predicates per location:    0
Total predicates per abstraction:         154
Max number of predicates per abstraction: 2
Avg number of predicates per abstraction: 1.45
Number of irrelevant predicates:          18 (12%)
Number of preds handled by boolean abs:   136 (88%)
  Total number of models for allsat:      102
  Max number of models for allsat:        1
  Avg number of models for allsat:        0.96

Number of path formula cache hits:   104 (6%)

Time for post operator:                  4.626s
  Time for path formula creation:        0.854s
    Actual computation:                  0.776s
Time for strengthen operator:            0.005s
Time for prec operator:                  0.339s
  Time for abstraction:                  0.092s (Max:     0.013s, Count: 104)
    Boolean abstraction:                 0.172s
    Solving time:                        0.134s (Max:     0.118s)
    Model enumeration time:              0.007s
    Time for BDD construction:           0.008s (Max:     0.005s)
Time for merge operator:                 0.033s
Time for coverage check:                 0.001s
  Time for BDD entailment checks:        0.000s
Total time for SMT solver (w/o itp):     3.069s

Number of BDD nodes:                               203
Size of BDD node table:                            466043
Size of BDD cache:                                 46619
Size of BDD node cleanup queue:                           0 (count: 48809, min: 0, max: 0, avg: 0.00)
Time for BDD node cleanup:                             0.005s
Time for BDD garbage collection:                       0.000s (in 0 runs)

PrecisionBootstrap statistics
-----------------------------
Init. function predicates:                         0
Init. global predicates:                           0
Init. location predicates:                         0

ImpactedCPA statistics
----------------------
  Number of invariants partial hits:                            0
  Number of invariants hits:                                    29
  Number of invariants trys:                                    36
  Number of invariants bots:                                    7
  Number of invariants not valid:                               0
  Initial reached size:                                         1374
  Input invariants file size:                                   2594
  Max impacted number of variables:                             0
  Number of last version invariants:                            367
  Number of this version invariants:                            62
  CPU time for invariant read:                                      0.900s
  CPU time for invariant write:                                     0.060s
  Time for invariant write:                                         0.031s
  Time for invariant read:                                          0.493s

AutomatonAnalysis (SVCOMP) statistics
-------------------------------------
Number of states:                                  1
Total time for successor computation:                  0.006s
Automaton transfers with branching:                0
Automaton transfer successors:                         1830 (count: 1830, min: 1, max: 1, avg: 1.00) [1 x 1830]

CPA algorithm statistics
------------------------
Number of iterations:            413
Max size of waitlist:            9
Average size of waitlist:        6
Number of computed successors:   445
Max successors for one state:    2
Number of times merged:          69
Number of times stopped:         85
Number of times abs stopped:     16
Number of times nonAbs stopped:  148
Number of coverage check (part): 164
Number of times doAbstraction node:  140
Number of times breaked:         0

Total time for CPA algorithm:         0.277s (Max:     0.277s)
CPU time for CPA algorithm:           0.780s
  Time for choose from waitlist:      0.002s
  Time for precision adjustment:      0.108s
  Time for transfer relation:         0.117s
  Time for merge operator:            0.033s
  Time for stop operator:             0.006s
  Time for adding to reached set:     0.002s

Predicate-Abstraction Refiner statistics
----------------------------------------
  Predicate creation:                                  0.000s
  Precision update:                                    0.000s
  ARG update:                                          0.000s

Length of refined path (in blocks):                       0 (count: 0, min: 0, max: 0, avg: 0.00)
Number of affected states:                                0 (count: 0, min: 0, max: 0, avg: 0.00)
Length (states) of path with itp 'true':                  0 (count: 0, min: 0, max: 0, avg: 0.00)
Length (states) of path with itp non-trivial itp:         0 (count: 0, min: 0, max: 0, avg: 0.00)
Length (states) of path with itp 'false':                 0 (count: 0, min: 0, max: 0, avg: 0.00)
Different non-trivial interpolants along paths:           0 (count: 0, min: 0, max: 0, avg: 0.00)
Equal non-trivial interpolants along paths:               0 (count: 0, min: 0, max: 0, avg: 0.00)
Different precisions along paths:                         0 (count: 0, min: 0, max: 0, avg: 0.00)
Equal precisions along paths:                             0 (count: 0, min: 0, max: 0, avg: 0.00)
Number of refs with location-based cutoff:                0

CEGAR algorithm statistics
--------------------------
Number of refinements:                0
Refinement times:             0
First time for refinement:             0.278s
Last time for refinement:              0.278s
Average time for analysis:          0.278s
Number of analysis:                1

Code Coverage
-----------------------------
  Visited lines:          3880
  Total lines:            4
  Line coverage:          970.000

CPAchecker general statistics
-----------------------------
Number of program locations:     15687
Number of CFA edges:             24558
Number of relevant variables:    2140
Number of functions:             419
Number of loops:                 43
Size of reached set:             1730
  Number of reached locations:   1469 (9%)
    Avg states per location:     1
    Max states per location:     11 (at node N420)
  Number of reached functions:   23 (5%)
  Number of partitions:          1730
    Avg size of partitions:      1
    Max size of partitions:      1
  Number of target states:       0

Time for analysis setup:                  44.968s
  Time for cfa diff:                  35.408s
  Time for loading CPAs:                   0.515s
  Time for impacted traverse:              0.051s
  Time for loading parser:        0.029s
  Time for CFA construction:      3.301s
    Time for parsing file(s):     0.613s
    Time for AST to CFA:          1.077s
    Time for CFA sanity check:    0.000s
    Time for post-processing:     1.285s
      Time for var class.:        0.000s
Time for normal Analysis:                         0.279s
CPU time for analysis:                    10.160s
CPU time for impacted:                     0.800s
CPU time for normal analysis:              0.560s
CPU time for init:                         9.600s

Time for Garbage Collector:       0.660s (in 11 runs)
Garbage Collector(s) used:    PS MarkSweep, PS Scavenge
Used heap memory:                651MB (   621 MiB) max;    219MB (   209 MiB) avg;    714MB (   681 MiB) peak
Used non-heap memory:             38MB (    36 MiB) max;     31MB (    30 MiB) avg;     40MB (    38 MiB) peak
Used in PS Old Gen pool:          55MB (    53 MiB) max;     51MB (    48 MiB) avg;     58MB (    56 MiB) peak
Allocated heap memory:          1064MB (  1015 MiB) max;    475MB (   453 MiB) avg
Allocated non-heap memory:        40MB (    38 MiB) max;     32MB (    30 MiB) avg
Total process virtual memory:  13307MB ( 12691 MiB) max;  13293MB ( 12677 MiB) avg

Verification result: TRUE. No property violation found by chosen configuration.
More details about the verification run can be found in the directory "/home/yqs17/blazer/cpachecker-inc-pred/output-us-precise-cfa/43_1a.isdn--mISDN--mISDN_core.ko.set/003.ce425a9.43_1a.cil_safe.i".
