scripts/cpa.sh -heap 10000M -predicateAnalysis-ABElfb-debug -setprop cpa.impacted.eliminate=true -disable-java-assertions -outputpath /home/yqs17/blazer/cpachecker-inc-pred/output-us-precise-cfa/43_1a.gpu--drm--i915--i915.ko.set/071.de151cf.43_1a.cil_safe.i -isIncPred -spec /home/yqs17/blazer/cpachecker-inc-pred/LDVErrorLabel.spc -stats -setprop cpa.impacted.pre_invariants.file=/home/yqs17/blazer/cpachecker-inc-pred/output-us-precise-cfa/43_1a.gpu--drm--i915--i915.ko.set/070.7c1c287.43_1a.cil_safe.i/impacted-invariants.txt -setprop analysis.prev.program=/home/yqs17/blazer/cpachecker-inc-pred/programs/drivers--gpu--drm--i915--i915.ko/070.7c1c287.43_1a.cil_safe.i -entryfunction ldv_main0_sequence_infinite_withcheck_stateful /home/yqs17/blazer/cpachecker-inc-pred/programs/drivers--gpu--drm--i915--i915.ko/071.de151cf.43_1a.cil_safe.i


--------------------------------------------------------------------------------


Running CPAchecker with Java heap of size 10000M.
Running CPAchecker with the following extra VM options:  -Djava.io.tmpdir=/tmp/BenchExec_run_wpnn34uy/tmp
Number of modified edges: 26
Begin analysis 
Read invariant objects done
ImpactedCPA statistics
----------------------
  Number of invariants partial hits:                            0
  Number of invariants hits:                                    19
  Number of invariants trys:                                    26
  Number of invariants bots:                                    7
  Number of invariants not valid:                               0
  Initial reached size:                                         1217
  Input invariants file size:                                   2567
  Max impacted number of variables:                             0
  Number of last version invariants:                            365
  Number of this version invariants:                            0
  CPU time for invariant read:                                      1.030s
  CPU time for invariant write:                                     0.000s
  Time for invariant write:                                         0.000s
  Time for invariant read:                                          0.540s

AutomatonAnalysis (SVCOMP) statistics
-------------------------------------
Number of states:                                  1
Total time for successor computation:                  0.012s
Automaton transfers with branching:                0
Automaton transfer successors:                         3534 (count: 3534, min: 1, max: 1, avg: 1.00) [1 x 3534]

CPA algorithm statistics
------------------------
Number of iterations:            3324
Max size of waitlist:            6
Average size of waitlist:        2
Number of computed successors:   3534
Max successors for one state:    2
Number of times merged:          0
Number of times stopped:         211
Number of times abs stopped:     60
Number of times nonAbs stopped:  402
Number of coverage check (part): 462
Number of times doAbstraction node:  628
Number of times breaked:         0

Total time for CPA algorithm:         0.342s (Max:     0.342s)
CPU time for CPA algorithm:           3.260s
  Time for choose from waitlist:      0.004s
  Time for precision adjustment:      0.039s
  Time for transfer relation:         0.192s
  Time for merge operator:            0.000s
  Time for stop operator:             0.022s
  Time for adding to reached set:     0.008s

PredicateCPA statistics
-----------------------
Read Precision Time:                0.000s
Precision file size:                0
Write Precision Time:               0.002s
Number of abstractions:            602 (15% of all post computations)
  Times abstraction was reused:    0
  Because of function entry/exit:  581 (97%)
  Because of loop head:            47 (8%)
  Because of join nodes:           0 (0%)
  Because of threshold:            0 (0%)
  Times precision was empty:       0 (0%)
  Times precision was {false}:     0 (0%)
  Times result was cached:         178 (29%)
  Times cartesian abs was used:    0 (0%)
  Times boolean abs was used:      443 (71%)
  Times result was 'false':        0 (0%)
Number of strengthen sat checks:   0
Number of coverage checks:         462
  BDD entailment checks:           60
Number of SMT sat checks:          1257
  trivial:                         690
  cached:                          481

Max ABE block size:                       21
Number of predicates discovered:          1
Number of abstraction locations:          0
Max number of predicates per location:    0
Avg number of predicates per location:    0
Total predicates per abstraction:         443
Max number of predicates per abstraction: 1
Avg number of predicates per abstraction: 1.00
Number of irrelevant predicates:          0 (0%)
Number of preds handled by boolean abs:   443 (100%)
  Total number of models for allsat:      443
  Max number of models for allsat:        1
  Avg number of models for allsat:        1.00

Number of path formula cache hits:   109 (3%)

Time for post operator:                  1.260s
  Time for path formula creation:        0.799s
    Actual computation:                  0.742s
Time for strengthen operator:            0.011s
Time for prec operator:                  0.508s
  Time for abstraction:                  0.363s (Max:     0.016s, Count: 602)
    Boolean abstraction:                 0.183s
    Solving time:                        0.110s (Max:     0.017s)
    Model enumeration time:              0.005s
    Time for BDD construction:           0.028s (Max:     0.007s)
Time for merge operator:                 0.101s
Time for coverage check:                 0.002s
  Time for BDD entailment checks:        0.001s
Total time for SMT solver (w/o itp):     0.389s

Number of BDD nodes:                               202
Size of BDD node table:                            466043
Size of BDD cache:                                 46619
Size of BDD node cleanup queue:                           0 (count: 32421, min: 0, max: 0, avg: 0.00)
Time for BDD node cleanup:                             0.002s
Time for BDD garbage collection:                       0.000s (in 0 runs)

PrecisionBootstrap statistics
-----------------------------
Init. function predicates:                         0
Init. global predicates:                           0
Init. location predicates:                         0

ImpactedCPA statistics
----------------------
  Number of invariants partial hits:                            0
  Number of invariants hits:                                    19
  Number of invariants trys:                                    26
  Number of invariants bots:                                    7
  Number of invariants not valid:                               0
  Initial reached size:                                         1217
  Input invariants file size:                                   2567
  Max impacted number of variables:                             0
  Number of last version invariants:                            365
  Number of this version invariants:                            257
  CPU time for invariant read:                                      1.030s
  CPU time for invariant write:                                     0.090s
  Time for invariant write:                                         0.047s
  Time for invariant read:                                          0.540s

AutomatonAnalysis (SVCOMP) statistics
-------------------------------------
Number of states:                                  1
Total time for successor computation:                  0.011s
Automaton transfers with branching:                0
Automaton transfer successors:                         3915 (count: 3915, min: 1, max: 1, avg: 1.00) [1 x 3915]

CPA algorithm statistics
------------------------
Number of iterations:            2454
Max size of waitlist:            16
Average size of waitlist:        8
Number of computed successors:   2658
Max successors for one state:    2
Number of times merged:          167
Number of times stopped:         227
Number of times abs stopped:     60
Number of times nonAbs stopped:  402
Number of coverage check (part): 462
Number of times doAbstraction node:  628
Number of times breaked:         0

Total time for CPA algorithm:         1.296s (Max:     1.296s)
CPU time for CPA algorithm:           3.260s
  Time for choose from waitlist:      0.005s
  Time for precision adjustment:      0.427s
  Time for transfer relation:         0.698s
  Time for merge operator:            0.073s
  Time for stop operator:             0.019s
  Time for adding to reached set:     0.020s

Predicate-Abstraction Refiner statistics
----------------------------------------
  Predicate creation:                                  0.000s
  Precision update:                                    0.000s
  ARG update:                                          0.000s

Length of refined path (in blocks):                       0 (count: 0, min: 0, max: 0, avg: 0.00)
Number of affected states:                                0 (count: 0, min: 0, max: 0, avg: 0.00)
Length (states) of path with itp 'true':                  0 (count: 0, min: 0, max: 0, avg: 0.00)
Length (states) of path with itp non-trivial itp:         0 (count: 0, min: 0, max: 0, avg: 0.00)
Length (states) of path with itp 'false':                 0 (count: 0, min: 0, max: 0, avg: 0.00)
Different non-trivial interpolants along paths:           0 (count: 0, min: 0, max: 0, avg: 0.00)
Equal non-trivial interpolants along paths:               0 (count: 0, min: 0, max: 0, avg: 0.00)
Different precisions along paths:                         0 (count: 0, min: 0, max: 0, avg: 0.00)
Equal precisions along paths:                             0 (count: 0, min: 0, max: 0, avg: 0.00)
Number of refs with location-based cutoff:                0

CEGAR algorithm statistics
--------------------------
Number of refinements:                0
Refinement times:             0
First time for refinement:             1.297s
Last time for refinement:              1.297s
Average time for analysis:          1.297s
Number of analysis:                1

Code Coverage
-----------------------------
  Visited lines:          4135
  Total lines:            5
  Line coverage:          827.000

CPAchecker general statistics
-----------------------------
Number of program locations:     9292
Number of CFA edges:             11896
Number of relevant variables:    2085
Number of functions:             288
Number of loops:                 72
Size of reached set:             3648
  Number of reached locations:   2133 (23%)
    Avg states per location:     1
    Max states per location:     99 (at node N169)
  Number of reached functions:   26 (9%)
  Number of partitions:          3620
    Avg size of partitions:      1
    Max size of partitions:      4 (with key [N176 (entry of function writel in /work/ldvuser/novikov/inst/current/envs/linux/linux/arch/x86/include/asm/io.h, lines 28-38), 1759238606, Init])
  Number of target states:       0

Time for analysis setup:                  18.963s
  Time for cfa diff:                  13.725s
  Time for loading CPAs:                   0.480s
  Time for impacted traverse:              0.031s
  Time for loading parser:        0.028s
  Time for CFA construction:      2.719s
    Time for parsing file(s):     0.586s
    Time for AST to CFA:          1.019s
    Time for CFA sanity check:    0.000s
    Time for post-processing:     0.800s
      Time for var class.:        0.000s
Time for normal Analysis:                         1.298s
CPU time for analysis:                     4.470s
CPU time for impacted:                     1.270s
CPU time for normal analysis:              2.580s
CPU time for init:                         1.890s

Time for Garbage Collector:       0.423s (in 8 runs)
Garbage Collector(s) used:    PS MarkSweep, PS Scavenge
Used heap memory:                301MB (   287 MiB) max;    104MB (    99 MiB) avg;    389MB (   371 MiB) peak
Used non-heap memory:             38MB (    36 MiB) max;     29MB (    28 MiB) avg;     39MB (    37 MiB) peak
Used in PS Old Gen pool:          48MB (    45 MiB) max;     40MB (    38 MiB) avg;     50MB (    47 MiB) peak
Allocated heap memory:           452MB (   432 MiB) max;    400MB (   382 MiB) avg
Allocated non-heap memory:        39MB (    37 MiB) max;     30MB (    29 MiB) avg
Total process virtual memory:  13307MB ( 12691 MiB) max;  13287MB ( 12671 MiB) avg

Verification result: TRUE. No property violation found by chosen configuration.
More details about the verification run can be found in the directory "/home/yqs17/blazer/cpachecker-inc-pred/output-us-precise-cfa/43_1a.gpu--drm--i915--i915.ko.set/071.de151cf.43_1a.cil_safe.i".
