scripts/cpa.sh -heap 10000M -predicateAnalysis-ABElfb-debug -setprop cpa.impacted.eliminate=true -disable-java-assertions -outputpath /home/yqs17/blazer/cpachecker-inc-pred/output-us-precise-cfa/32_7a.net--phy--spi_ks8995.ko.set/002.8d24248.32_7a.cil_safe.i -isIncPred -spec /home/yqs17/blazer/cpachecker-inc-pred/LDVErrorLabel.spc -stats -setprop cpa.impacted.pre_invariants.file=/home/yqs17/blazer/cpachecker-inc-pred/output-us-precise-cfa/32_7a.net--phy--spi_ks8995.ko.set/001.60dfc62.32_7a.cil_safe.i/impacted-invariants.txt -setprop analysis.prev.program=/home/yqs17/blazer/cpachecker-inc-pred/programs/drivers--net--phy--spi_ks8995.ko/001.60dfc62.32_7a.cil_safe.i -entryfunction ldv_main0_sequence_infinite_withcheck_stateful /home/yqs17/blazer/cpachecker-inc-pred/programs/drivers--net--phy--spi_ks8995.ko/002.8d24248.32_7a.cil_safe.i


--------------------------------------------------------------------------------


Running CPAchecker with Java heap of size 10000M.
Running CPAchecker with the following extra VM options:  -Djava.io.tmpdir=/tmp/BenchExec_run_6l1g48hb/tmp
Number of modified edges: 37
Begin analysis 
Read invariant objects done
PredicateCPA statistics
-----------------------
Read Precision Time:                0.000s
Precision file size:                0
Write Precision Time:               0.003s
Number of abstractions:            123 (10% of all post computations)
  Times abstraction was reused:    0
  Because of function entry/exit:  158 (128%)
  Because of loop head:            11 (9%)
  Because of join nodes:           0 (0%)
  Because of threshold:            0 (0%)
  Times precision was empty:       0 (0%)
  Times precision was {false}:     0 (0%)
  Times result was cached:         39 (25%)
  Times cartesian abs was used:    0 (0%)
  Times boolean abs was used:      119 (75%)
  Times result was 'false':        8 (7%)
Number of strengthen sat checks:   0
Number of coverage checks:         135
  BDD entailment checks:           19
Number of SMT sat checks:          754
  trivial:                         418
  cached:                          232

Max ABE block size:                       11
Number of predicates discovered:          7
Number of abstraction locations:          0
Max number of predicates per location:    0
Avg number of predicates per location:    0
Total predicates per abstraction:         731
Max number of predicates per abstraction: 7
Avg number of predicates per abstraction: 6.14
Number of irrelevant predicates:          238 (33%)
Number of preds handled by boolean abs:   493 (67%)
  Total number of models for allsat:      130
  Max number of models for allsat:        3
  Avg number of models for allsat:        1.09

Number of path formula cache hits:   91 (7%)

Time for post operator:                  0.766s
  Time for path formula creation:        0.272s
    Actual computation:                  0.253s
Time for strengthen operator:            0.010s
Time for prec operator:                  0.484s
  Time for abstraction:                  0.228s (Max:     0.012s, Count: 123)
    Boolean abstraction:                 0.176s
    Solving time:                        0.053s (Max:     0.008s)
    Model enumeration time:              0.007s
    Time for BDD construction:           0.011s (Max:     0.004s)
Time for merge operator:                 0.009s
Time for coverage check:                 0.000s
  Time for BDD entailment checks:        0.000s
Total time for SMT solver (w/o itp):     0.389s

Number of BDD nodes:                               353
Size of BDD node table:                            466043
Size of BDD cache:                                 46619
Size of BDD node cleanup queue:                           0 (count: 4577, min: 0, max: 0, avg: 0.00)
Time for BDD node cleanup:                             0.001s
Time for BDD garbage collection:                       0.000s (in 0 runs)

PrecisionBootstrap statistics
-----------------------------
Init. function predicates:                         0
Init. global predicates:                           0
Init. location predicates:                         0

ImpactedCPA statistics
----------------------
  Number of invariants partial hits:                            0
  Number of invariants hits:                                    35
  Number of invariants trys:                                    46
  Number of invariants bots:                                    11
  Number of invariants not valid:                               0
  Initial reached size:                                         735
  Input invariants file size:                                   2766
  Max impacted number of variables:                             0
  Number of last version invariants:                            75
  Number of this version invariants:                            73
  CPU time for invariant read:                                      0.350s
  CPU time for invariant write:                                     0.070s
  Time for invariant write:                                         0.036s
  Time for invariant read:                                          0.179s

AutomatonAnalysis (SVCOMP) statistics
-------------------------------------
Number of states:                                  1
Total time for successor computation:                  0.012s
Automaton transfers with branching:                0
Automaton transfer successors:                         1207 (count: 1207, min: 1, max: 1, avg: 1.00) [1 x 1207]

CPA algorithm statistics
------------------------
Number of iterations:            432
Max size of waitlist:            13
Average size of waitlist:        10
Number of computed successors:   455
Max successors for one state:    2
Number of times merged:          51
Number of times stopped:         67
Number of times abs stopped:     16
Number of times nonAbs stopped:  116
Number of coverage check (part): 135
Number of times doAbstraction node:  169
Number of times breaked:         0

Total time for CPA algorithm:         0.412s (Max:     0.412s)
CPU time for CPA algorithm:           0.810s
  Time for choose from waitlist:      0.001s
  Time for precision adjustment:      0.243s
  Time for transfer relation:         0.137s
  Time for merge operator:            0.010s
  Time for stop operator:             0.007s
  Time for adding to reached set:     0.006s

Predicate-Abstraction Refiner statistics
----------------------------------------
  Predicate creation:                                  0.000s
  Precision update:                                    0.000s
  ARG update:                                          0.000s

Length of refined path (in blocks):                       0 (count: 0, min: 0, max: 0, avg: 0.00)
Number of affected states:                                0 (count: 0, min: 0, max: 0, avg: 0.00)
Length (states) of path with itp 'true':                  0 (count: 0, min: 0, max: 0, avg: 0.00)
Length (states) of path with itp non-trivial itp:         0 (count: 0, min: 0, max: 0, avg: 0.00)
Length (states) of path with itp 'false':                 0 (count: 0, min: 0, max: 0, avg: 0.00)
Different non-trivial interpolants along paths:           0 (count: 0, min: 0, max: 0, avg: 0.00)
Equal non-trivial interpolants along paths:               0 (count: 0, min: 0, max: 0, avg: 0.00)
Different precisions along paths:                         0 (count: 0, min: 0, max: 0, avg: 0.00)
Equal precisions along paths:                             0 (count: 0, min: 0, max: 0, avg: 0.00)
Number of refs with location-based cutoff:                0

CEGAR algorithm statistics
--------------------------
Number of refinements:                0
Refinement times:             0
First time for refinement:             0.412s
Last time for refinement:              0.412s
Average time for analysis:          0.412s
Number of analysis:                1

Code Coverage
-----------------------------
  Visited lines:          2089
  Total lines:            24
  Line coverage:          87.042

CPAchecker general statistics
-----------------------------
Number of program locations:     1115
Number of CFA edges:             1242
Number of relevant variables:    131
Number of functions:             57
Number of loops:                 1
Size of reached set:             1115
  Number of reached locations:   866 (78%)
    Avg states per location:     1
    Max states per location:     8 (at node N6)
  Number of reached functions:   32 (56%)
  Number of partitions:          1114
    Avg size of partitions:      1
    Max size of partitions:      2 (with key [N351 (before /work/ldvuser/novikov/work/current--X--drivers/net/phy/spi_ks8995.ko--X--defaultlinux--X--32_7a--X--cpachecker/linux/csd_deg_dscv/12/dscv_tempdir/dscv/ri/32_7a/drivers/net/phy/spi_ks8995.c.prepared, line 991), -1611599527, Init])
  Number of target states:       0

Time for analysis setup:                   5.075s
  Time for cfa diff:                   2.314s
  Time for loading CPAs:                   0.338s
  Time for impacted traverse:              0.005s
  Time for loading parser:        0.034s
  Time for CFA construction:      1.000s
    Time for parsing file(s):     0.313s
    Time for AST to CFA:          0.345s
    Time for CFA sanity check:    0.000s
    Time for post-processing:     0.213s
      Time for var class.:        0.000s
Time for normal Analysis:                         0.413s
CPU time for analysis:                     2.910s
CPU time for impacted:                     0.000s
CPU time for normal analysis:              0.810s
CPU time for init:                         2.100s

Time for Garbage Collector:       0.143s (in 5 runs)
Garbage Collector(s) used:    PS MarkSweep, PS Scavenge
Used heap memory:                126MB (   120 MiB) max;     53MB (    50 MiB) avg;    155MB (   148 MiB) peak
Used non-heap memory:             32MB (    31 MiB) max;     25MB (    24 MiB) avg;     34MB (    33 MiB) peak
Used in PS Old Gen pool:          20MB (    19 MiB) max;      8MB (     8 MiB) avg;     25MB (    23 MiB) peak
Allocated heap memory:           254MB (   243 MiB) max;    197MB (   188 MiB) avg
Allocated non-heap memory:        35MB (    34 MiB) max;     26MB (    25 MiB) avg
Total process virtual memory:  13309MB ( 12692 MiB) max;  13283MB ( 12668 MiB) avg

Verification result: TRUE. No property violation found by chosen configuration.
More details about the verification run can be found in the directory "/home/yqs17/blazer/cpachecker-inc-pred/output-us-precise-cfa/32_7a.net--phy--spi_ks8995.ko.set/002.8d24248.32_7a.cil_safe.i".
