scripts/cpa.sh -heap 10000M -predicateAnalysis-ABElfb-debug -setprop cpa.impacted.eliminate=true -disable-java-assertions -outputpath /home/yqs17/blazer/cpachecker-inc-pred/output-us-precise-cfa/39_7a.usb--serial--ssu100.ko.set/013.f7043ec.39_7a.cil_safe.i -isIncPred -spec /home/yqs17/blazer/cpachecker-inc-pred/LDVErrorLabel.spc -stats -setprop cpa.impacted.pre_invariants.file=/home/yqs17/blazer/cpachecker-inc-pred/output-us-precise-cfa/39_7a.usb--serial--ssu100.ko.set/012.a9e2e06.39_7a.cil_safe.i/impacted-invariants.txt -setprop analysis.prev.program=/home/yqs17/blazer/cpachecker-inc-pred/programs/drivers--usb--serial--ssu100.ko/012.a9e2e06.39_7a.cil_safe.i -entryfunction ldv_main0_sequence_infinite_withcheck_stateful /home/yqs17/blazer/cpachecker-inc-pred/programs/drivers--usb--serial--ssu100.ko/013.f7043ec.39_7a.cil_safe.i


--------------------------------------------------------------------------------


Running CPAchecker with Java heap of size 10000M.
Running CPAchecker with the following extra VM options:  -Djava.io.tmpdir=/tmp/BenchExec_run_nywc5leh/tmp
Number of modified edges: 74
Begin analysis 
Read invariant objects done
ImpactedCPA statistics
----------------------
  Number of invariants partial hits:                            0
  Number of invariants hits:                                    8
  Number of invariants trys:                                    10
  Number of invariants bots:                                    2
  Number of invariants not valid:                               0
  Initial reached size:                                         826
  Input invariants file size:                                   1802
  Max impacted number of variables:                             0
  Number of last version invariants:                            55
  Number of this version invariants:                            0
  CPU time for invariant read:                                      0.520s
  CPU time for invariant write:                                     0.000s
  Time for invariant write:                                         0.000s
  Time for invariant read:                                          0.275s

AutomatonAnalysis (SVCOMP) statistics
-------------------------------------
Number of states:                                  1
Total time for successor computation:                  0.013s
Automaton transfers with branching:                0
Automaton transfer successors:                          815 (count: 815, min: 1, max: 1, avg: 1.00) [1 x 815]

CPA algorithm statistics
------------------------
Number of iterations:            807
Max size of waitlist:            7
Average size of waitlist:        1
Number of computed successors:   815
Max successors for one state:    2
Number of times merged:          0
Number of times stopped:         2
Number of times abs stopped:     2
Number of times nonAbs stopped:  32
Number of coverage check (part): 34
Number of times doAbstraction node:  12
Number of times breaked:         1

Total time for CPA algorithm:         0.104s (Max:     0.104s)
CPU time for CPA algorithm:           0.260s
  Time for choose from waitlist:      0.003s
  Time for precision adjustment:      0.020s
  Time for transfer relation:         0.052s
  Time for merge operator:            0.001s
  Time for stop operator:             0.004s
  Time for adding to reached set:     0.002s

PredicateCPA statistics
-----------------------
Read Precision Time:                0.000s
Precision file size:                337
Write Precision Time:               0.004s
Number of abstractions:            2 (0% of all post computations)
  Times abstraction was reused:    0
  Because of function entry/exit:  11 (550%)
  Because of loop head:            1 (50%)
  Because of join nodes:           0 (0%)
  Because of threshold:            0 (0%)
  Times precision was empty:       0 (0%)
  Times precision was {false}:     0 (0%)
  Times result was cached:         0 (0%)
  Times cartesian abs was used:    0 (0%)
  Times boolean abs was used:      10 (100%)
  Times result was 'false':        0 (0%)
Number of strengthen sat checks:   0
Number of coverage checks:         34
  BDD entailment checks:           2
Number of SMT sat checks:          837
  trivial:                         580
  cached:                          200

Max ABE block size:                       7
Number of predicates discovered:          15
Number of abstraction locations:          0
Max number of predicates per location:    0
Avg number of predicates per location:    0
Total predicates per abstraction:         132
Max number of predicates per abstraction: 15
Avg number of predicates per abstraction: 13.20
Number of irrelevant predicates:          0 (0%)
Number of preds handled by boolean abs:   132 (100%)
  Total number of models for allsat:      10
  Max number of models for allsat:        1
  Avg number of models for allsat:        1.00

Number of path formula cache hits:   22 (3%)

Time for post operator:                  0.526s
  Time for path formula creation:        0.188s
    Actual computation:                  0.158s
Time for strengthen operator:            0.007s
Time for prec operator:                  0.226s
  Time for abstraction:                  0.019s (Max:     0.010s, Count: 2)
    Boolean abstraction:                 0.098s
    Solving time:                        0.028s (Max:     0.015s)
    Model enumeration time:              0.002s
    Time for BDD construction:           0.001s (Max:     0.001s)
Time for merge operator:                 0.009s
Time for coverage check:                 0.000s
  Time for BDD entailment checks:        0.000s
Total time for SMT solver (w/o itp):     0.250s

Number of BDD nodes:                               368
Size of BDD node table:                            466043
Size of BDD cache:                                 46619
Size of BDD node cleanup queue:                           0 (count: 8047, min: 0, max: 0, avg: 0.00)
Time for BDD node cleanup:                             0.002s
Time for BDD garbage collection:                       0.000s (in 0 runs)

PrecisionBootstrap statistics
-----------------------------
Init. function predicates:                         0
Init. global predicates:                           0
Init. location predicates:                         0

ImpactedCPA statistics
----------------------
  Number of invariants partial hits:                            0
  Number of invariants hits:                                    8
  Number of invariants trys:                                    10
  Number of invariants bots:                                    2
  Number of invariants not valid:                               0
  Initial reached size:                                         826
  Input invariants file size:                                   1802
  Max impacted number of variables:                             0
  Number of last version invariants:                            55
  Number of this version invariants:                            8
  CPU time for invariant read:                                      0.520s
  CPU time for invariant write:                                     0.070s
  Time for invariant write:                                         0.037s
  Time for invariant read:                                          0.275s

AutomatonAnalysis (SVCOMP) statistics
-------------------------------------
Number of states:                                  1
Total time for successor computation:                  0.004s
Automaton transfers with branching:                0
Automaton transfer successors:                          845 (count: 845, min: 1, max: 1, avg: 1.00) [1 x 845]

CPA algorithm statistics
------------------------
Number of iterations:            15
Max size of waitlist:            3
Average size of waitlist:        2
Number of computed successors:   16
Max successors for one state:    2
Number of times merged:          14
Number of times stopped:         16
Number of times abs stopped:     2
Number of times nonAbs stopped:  32
Number of coverage check (part): 34
Number of times doAbstraction node:  12
Number of times breaked:         0

Total time for CPA algorithm:         0.031s (Max:     0.031s)
CPU time for CPA algorithm:           0.260s
  Time for choose from waitlist:      0.000s
  Time for precision adjustment:      0.021s
  Time for transfer relation:         0.007s
  Time for merge operator:            0.003s
  Time for stop operator:             0.000s
  Time for adding to reached set:     0.000s

Predicate-Abstraction Refiner statistics
----------------------------------------
  Predicate creation:                                  0.000s
  Precision update:                                    0.000s
  ARG update:                                          0.000s

Length of refined path (in blocks):                       0 (count: 0, min: 0, max: 0, avg: 0.00)
Number of affected states:                                0 (count: 0, min: 0, max: 0, avg: 0.00)
Length (states) of path with itp 'true':                  0 (count: 0, min: 0, max: 0, avg: 0.00)
Length (states) of path with itp non-trivial itp:         0 (count: 0, min: 0, max: 0, avg: 0.00)
Length (states) of path with itp 'false':                 0 (count: 0, min: 0, max: 0, avg: 0.00)
Different non-trivial interpolants along paths:           0 (count: 0, min: 0, max: 0, avg: 0.00)
Equal non-trivial interpolants along paths:               0 (count: 0, min: 0, max: 0, avg: 0.00)
Different precisions along paths:                         0 (count: 0, min: 0, max: 0, avg: 0.00)
Equal precisions along paths:                             0 (count: 0, min: 0, max: 0, avg: 0.00)
Number of refs with location-based cutoff:                0

CEGAR algorithm statistics
--------------------------
Number of refinements:                0
Refinement times:             0
First time for refinement:             0.031s
Last time for refinement:              0.031s
Average time for analysis:          0.031s
Number of analysis:                1

Code Coverage
-----------------------------
  Visited lines:          3129
  Total lines:            10
  Line coverage:          312.900

CPAchecker general statistics
-----------------------------
Number of program locations:     2544
Number of CFA edges:             2959
Number of relevant variables:    321
Number of functions:             125
Number of loops:                 6
Size of reached set:             826
  Number of reached locations:   824 (32%)
    Avg states per location:     1
    Max states per location:     2 (at node N1151)
  Number of reached functions:   5 (4%)
  Number of partitions:          826
    Avg size of partitions:      1
    Max size of partitions:      1
  Number of target states:       0

Time for analysis setup:                   7.951s
  Time for cfa diff:                   4.615s
  Time for loading CPAs:                   0.388s
  Time for impacted traverse:              0.012s
  Time for loading parser:        0.036s
  Time for CFA construction:      1.516s
    Time for parsing file(s):     0.456s
    Time for AST to CFA:          0.552s
    Time for CFA sanity check:    0.000s
    Time for post-processing:     0.348s
      Time for var class.:        0.000s
Time for normal Analysis:                         0.032s
CPU time for analysis:                     1.730s
CPU time for impacted:                     0.680s
CPU time for normal analysis:              0.070s
CPU time for init:                         1.670s

Time for Garbage Collector:       0.183s (in 6 runs)
Garbage Collector(s) used:    PS MarkSweep, PS Scavenge
Used heap memory:                 98MB (    93 MiB) max;     66MB (    63 MiB) avg;    137MB (   131 MiB) peak
Used non-heap memory:             34MB (    33 MiB) max;     26MB (    25 MiB) avg;     37MB (    35 MiB) peak
Used in PS Old Gen pool:          22MB (    21 MiB) max;     13MB (    12 MiB) avg;     33MB (    31 MiB) peak
Allocated heap memory:           270MB (   258 MiB) max;    197MB (   188 MiB) avg
Allocated non-heap memory:        37MB (    36 MiB) max;     27MB (    26 MiB) avg
Total process virtual memory:  13307MB ( 12691 MiB) max;  13281MB ( 12666 MiB) avg

Verification result: TRUE. No property violation found by chosen configuration.
More details about the verification run can be found in the directory "/home/yqs17/blazer/cpachecker-inc-pred/output-us-precise-cfa/39_7a.usb--serial--ssu100.ko.set/013.f7043ec.39_7a.cil_safe.i".
