scripts/cpa.sh -heap 10000M -predicateAnalysis-ABElfb-debug -setprop cpa.impacted.eliminate=true -disable-java-assertions -outputpath /home/yqs17/blazer/cpachecker-inc-pred/output-us-precise-cfa/32_1.media--dvb--ttpci--budget-patch.ko.set/016.db21042.32_1.cil_safe.i -isIncPred -spec /home/yqs17/blazer/cpachecker-inc-pred/LDVErrorLabel.spc -stats -setprop cpa.impacted.pre_invariants.file=/home/yqs17/blazer/cpachecker-inc-pred/output-us-precise-cfa/32_1.media--dvb--ttpci--budget-patch.ko.set/015.153755a.32_1.cil_safe.i/impacted-invariants.txt -setprop analysis.prev.program=/home/yqs17/blazer/cpachecker-inc-pred/programs/drivers--media--dvb--ttpci--budget-patch.ko/015.153755a.32_1.cil_safe.i -entryfunction ldv_main0_sequence_infinite_withcheck_stateful /home/yqs17/blazer/cpachecker-inc-pred/programs/drivers--media--dvb--ttpci--budget-patch.ko/016.db21042.32_1.cil_safe.i


--------------------------------------------------------------------------------


Running CPAchecker with Java heap of size 10000M.
Running CPAchecker with the following extra VM options:  -Djava.io.tmpdir=/tmp/BenchExec_run_z5lc0hs5/tmp
Number of modified edges: 116
Begin analysis 
ImpactedCPA statistics
----------------------
  Number of invariants partial hits:                            0
  Number of invariants hits:                                    0
  Number of invariants trys:                                    0
  Number of invariants bots:                                    0
  Number of invariants not valid:                               0
  Initial reached size:                                         1
  Input invariants file size:                                   31
  Max impacted number of variables:                             0
  Number of last version invariants:                            0
  Number of this version invariants:                            0
  CPU time for invariant read:                                      0.010s
  CPU time for invariant write:                                     0.000s
  Time for invariant write:                                         0.000s
  Time for invariant read:                                          0.006s

AutomatonAnalysis (SVCOMP) statistics
-------------------------------------
Number of states:                                  1
Total time for successor computation:                  0.005s
Automaton transfers with branching:                0
Automaton transfer successors:                          783 (count: 783, min: 1, max: 1, avg: 1.00) [1 x 783]

CPA algorithm statistics
------------------------
Number of iterations:            780
Max size of waitlist:            4
Average size of waitlist:        1
Number of computed successors:   783
Max successors for one state:    2
Number of times merged:          0
Number of times stopped:         0
Number of times abs stopped:     110668
Number of times nonAbs stopped:  419450
Number of coverage check (part): 530125
Number of times doAbstraction node:  364092
Number of times breaked:         1

Total time for CPA algorithm:         0.102s (Max:     0.102s)
CPU time for CPA algorithm:         285.830s
  Time for choose from waitlist:      0.003s
  Time for precision adjustment:      0.007s
  Time for transfer relation:         0.060s
  Time for stop operator:             0.007s
  Time for adding to reached set:     0.005s

PredicateCPA statistics
-----------------------
Read Precision Time:                0.000s
Precision file size:                0
Write Precision Time:               0.001s
Number of abstractions:            364092 (11% of all post computations)
  Times abstraction was reused:    0
  Because of function entry/exit:  253432 (70%)
  Because of loop head:            110660 (30%)
  Because of join nodes:           0 (0%)
  Because of threshold:            0 (0%)
  Times precision was empty:       364042 (100%)
  Times precision was {false}:     10 (0%)
  Times result was cached:         30 (0%)
  Times cartesian abs was used:    0 (0%)
  Times boolean abs was used:      10 (0%)
  Times result was 'false':        3 (0%)
Number of strengthen sat checks:   3
  Times result was 'false':        0 (0%)
Number of coverage checks:         530125
  BDD entailment checks:           110675
Number of SMT sat checks:          3
  trivial:                         3
  cached:                          0

Max ABE block size:                       100
Number of predicates discovered:          2
Number of abstraction locations:          0
Max number of predicates per location:    0
Avg number of predicates per location:    0
Total predicates per abstraction:         20
Max number of predicates per abstraction: 1
Avg number of predicates per abstraction: 1.00
Number of irrelevant predicates:          10 (50%)
Number of preds handled by boolean abs:   10 (50%)
  Total number of models for allsat:      10
  Max number of models for allsat:        1
  Avg number of models for allsat:        1.00

Number of path formula cache hits:   3064834 (80%)

Time for post operator:                 85.584s
  Time for path formula creation:       82.509s
    Actual computation:                 72.398s
Time for strengthen operator:            1.620s
  Time for satisfiability checks:        0.000s
Time for prec operator:                 69.616s
  Time for abstraction:                 38.178s (Max:     4.894s, Count: 364092)
    Boolean abstraction:                 0.016s
    Solving time:                        0.016s (Max:     0.005s)
    Model enumeration time:              0.000s
    Time for BDD construction:           0.001s (Max:     0.001s)
Time for merge operator:                23.278s
Time for coverage check:                 0.104s
  Time for BDD entailment checks:        0.049s
Total time for SMT solver (w/o itp):     0.016s

Number of BDD nodes:                               202
Size of BDD node table:                            466043
Size of BDD cache:                                 46619
Size of BDD node cleanup queue:                          13 (count: 552261, min: 0, max: 6, avg: 0.00)
Time for BDD node cleanup:                             0.027s
Time for BDD garbage collection:                       0.000s (in 0 runs)

PrecisionBootstrap statistics
-----------------------------
Init. function predicates:                         0
Init. global predicates:                           0
Init. location predicates:                         0

ImpactedCPA statistics
----------------------
  Number of invariants partial hits:                            0
  Number of invariants hits:                                    0
  Number of invariants trys:                                    0
  Number of invariants bots:                                    0
  Number of invariants not valid:                               0
  Initial reached size:                                         1
  Input invariants file size:                                   31
  Max impacted number of variables:                             0
  Number of last version invariants:                            0
  Number of this version invariants:                            114
  CPU time for invariant read:                                      0.010s
  CPU time for invariant write:                                     0.040s
  Time for invariant write:                                         0.029s
  Time for invariant read:                                          0.006s

AutomatonAnalysis (SVCOMP) statistics
-------------------------------------
Number of states:                                  1
Total time for successor computation:                  0.756s
  Time for transition matches:                         0.186s
  Time for transition assertions:                      0.000s
  Time for transition actions:                         0.000s
Automaton transfers with branching:                0
Automaton transfer successors:                      3372135 (count: 3372135, min: 1, max: 1, avg: 1.00) [1 x 3372135]

CPA algorithm statistics
------------------------
Number of iterations:            3051516
Max size of waitlist:            324
Average size of waitlist:        215
Number of computed successors:   3372135
Max successors for one state:    2
Number of times merged:          209725
Number of times stopped:         320393
Number of times abs stopped:     110668
Number of times nonAbs stopped:  419450
Number of coverage check (part): 530125
Number of times doAbstraction node:  364092
Number of times breaked:         3

Total time for CPA algorithm:       207.588s (Max:    79.341s)
CPU time for CPA algorithm:         285.830s
  Time for choose from waitlist:      0.537s
  Time for precision adjustment:     72.740s
  Time for transfer relation:        97.421s
  Time for merge operator:           25.140s
  Time for stop operator:             2.154s
  Time for adding to reached set:     4.799s

Predicate-Abstraction Refiner statistics
----------------------------------------
Avg. length of target path (in blocks):                  24 (count: 3, min: 5, max: 11, avg: 8.00)
Number of infeasible sliced prefixes:                     0 (count: 0, min: 0, max: 0, avg: 0.00)

Time for refinement:                                   7.457s
  Counterexample analysis:                0.088s (Max:     0.054s, Calls: 3)
    Refinement sat check:                 0.042s
    Interpolant computation:              0.000s
  Error path post-processing:                          0.000s
  Path-formulas extraction:                            0.000s
  Building the counterexample trace:                   0.088s
  Extracting precise counterexample:                   0.000s
  Extracting infeasible sliced prefixes:               0.000s
  Selecting infeasible sliced prefixes:                0.000s
  Predicate creation:                                  0.002s
  Precision update:                                    0.002s
  ARG update:                                          7.360s

Length of refined path (in blocks):                      21 (count: 3, min: 4, max: 10, avg: 7.00)
Number of affected states:                               18 (count: 3, min: 3, max: 9, avg: 6.00)
Length (states) of path with itp 'true':                  0 (count: 3, min: 0, max: 0, avg: 0.00)
Length (states) of path with itp non-trivial itp:        18 (count: 3, min: 3, max: 9, avg: 6.00)
Length (states) of path with itp 'false':                 3 (count: 3, min: 1, max: 1, avg: 1.00)
Different non-trivial interpolants along paths:           0 (count: 3, min: 0, max: 0, avg: 0.00)
Equal non-trivial interpolants along paths:              15 (count: 3, min: 2, max: 8, avg: 5.00)
Different precisions along paths:                         0 (count: 0, min: 0, max: 0, avg: 0.00)
Equal precisions along paths:                             0 (count: 0, min: 0, max: 0, avg: 0.00)
Number of refs with location-based cutoff:                0

CEGAR algorithm statistics
--------------------------
Number of refinements:                3
Number of successful refinements:     3
Number of failed refinements:         0
Max. size of reached set before ref.: 1048837
Max. size of reached set after ref.:  755
Avg. size of reached set before ref.: 874155.33
Avg. size of reached set after ref.:  755.00

Total time for CEGAR algorithm:     215.058s
CPU time for CEGAR algorithm:       294.190s
Time for refinements:                 7.470s
CPU time for refinements:             8.550s
Average time for refinement:          2.490s
Max time for refinement:              2.958s
First time for refinement:            41.695s
Last time for refinement:             15.767s
Average time for analysis:         41.695s
Number of analysis:                4

Code Coverage
-----------------------------
  Visited lines:          4324
  Total lines:            15
  Line coverage:          288.267

CPAchecker general statistics
-----------------------------
Number of program locations:     1880
Number of CFA edges:             2191
Number of relevant variables:    183
Number of functions:             38
Number of loops:                 10
Size of reached set:             431539
  Number of reached locations:   1699 (90%)
    Avg states per location:     253
    Max states per location:     3444 (at node N130)
  Number of reached functions:   24 (63%)
  Number of partitions:          431539
    Avg size of partitions:      1
    Max size of partitions:      1
  Number of target states:       0
  Size of final wait list        218

Time for analysis setup:                   8.512s
  Time for cfa diff:                   6.345s
  Time for loading CPAs:                   0.422s
  Time for impacted traverse:              0.011s
  Time for loading parser:        0.035s
  Time for CFA construction:      1.489s
    Time for parsing file(s):     0.522s
    Time for AST to CFA:          0.492s
    Time for CFA sanity check:    0.000s
    Time for post-processing:     0.327s
      Time for var class.:        0.000s
Time for normal Analysis:                       215.058s
CPU time for analysis:                   294.190s
CPU time for impacted:                     0.650s
CPU time for normal analysis:              0.000s
CPU time for init:                         0.000s

Time for Garbage Collector:      52.812s (in 66 runs)
Garbage Collector(s) used:    PS MarkSweep, PS Scavenge
Used heap memory:               3923MB (  3741 MiB) max;   1886MB (  1798 MiB) avg;   5669MB (  5406 MiB) peak
Used non-heap memory:             38MB (    36 MiB) max;     36MB (    34 MiB) avg;     40MB (    38 MiB) peak
Used in PS Old Gen pool:        1455MB (  1388 MiB) max;    579MB (   552 MiB) avg;   1558MB (  1485 MiB) peak
Allocated heap memory:          4410MB (  4206 MiB) max;   3368MB (  3212 MiB) avg
Allocated non-heap memory:        41MB (    39 MiB) max;     40MB (    38 MiB) avg
Total process virtual memory:  13310MB ( 12694 MiB) max;  13306MB ( 12690 MiB) avg

Verification result: UNKNOWN, incomplete analysis.
More details about the verification run can be found in the directory "/home/yqs17/blazer/cpachecker-inc-pred/output-us-precise-cfa/32_1.media--dvb--ttpci--budget-patch.ko.set/016.db21042.32_1.cil_safe.i".
