scripts/cpa.sh -heap 10000M -predicateAnalysis-ABElfb-debug -setprop cpa.impacted.eliminate=true -disable-java-assertions -outputpath /home/yqs17/blazer/cpachecker-inc-pred/output-us-precise-cfa/08_1a.hwmon--it87.ko.set/059.591ec65.08_1a.cil_safe.i -isIncPred -spec /home/yqs17/blazer/cpachecker-inc-pred/LDVErrorLabel.spc -stats -setprop cpa.impacted.pre_invariants.file=/home/yqs17/blazer/cpachecker-inc-pred/output-us-precise-cfa/08_1a.hwmon--it87.ko.set/058.895ff26.08_1a.cil_safe.i/impacted-invariants.txt -setprop analysis.prev.program=/home/yqs17/blazer/cpachecker-inc-pred/programs/drivers--hwmon--it87.ko/058.895ff26.08_1a.cil_safe.i -entryfunction ldv_main0_sequence_infinite_withcheck_stateful /home/yqs17/blazer/cpachecker-inc-pred/programs/drivers--hwmon--it87.ko/059.591ec65.08_1a.cil_safe.i


--------------------------------------------------------------------------------


Running CPAchecker with Java heap of size 10000M.
Running CPAchecker with the following extra VM options:  -Djava.io.tmpdir=/tmp/BenchExec_run_cehxu15d/tmp
Number of modified edges: 25
Begin analysis 
Read invariant objects done
ImpactedCPA statistics
----------------------
  Number of invariants partial hits:                            0
  Number of invariants hits:                                    5
  Number of invariants trys:                                    6
  Number of invariants bots:                                    1
  Number of invariants not valid:                               0
  Initial reached size:                                         741
  Input invariants file size:                                   2151
  Max impacted number of variables:                             0
  Number of last version invariants:                            111
  Number of this version invariants:                            0
  CPU time for invariant read:                                      0.590s
  CPU time for invariant write:                                     0.000s
  Time for invariant write:                                         0.000s
  Time for invariant read:                                          0.309s

AutomatonAnalysis (SVCOMP) statistics
-------------------------------------
Number of states:                                  1
Total time for successor computation:                  0.009s
Automaton transfers with branching:                0
Automaton transfer successors:                          914 (count: 914, min: 1, max: 1, avg: 1.00) [1 x 914]

CPA algorithm statistics
------------------------
Number of iterations:            899
Max size of waitlist:            7
Average size of waitlist:        1
Number of computed successors:   914
Max successors for one state:    2
Number of times merged:          0
Number of times stopped:         9
Number of times abs stopped:     38
Number of times nonAbs stopped:  244
Number of coverage check (part): 284
Number of times doAbstraction node:  461
Number of times breaked:         1

Total time for CPA algorithm:         0.114s (Max:     0.114s)
CPU time for CPA algorithm:           3.620s
  Time for choose from waitlist:      0.005s
  Time for precision adjustment:      0.017s
  Time for transfer relation:         0.062s
  Time for merge operator:            0.001s
  Time for stop operator:             0.008s
  Time for adding to reached set:     0.002s

PredicateCPA statistics
-----------------------
Read Precision Time:                0.000s
Precision file size:                0
Write Precision Time:               0.004s
Number of abstractions:            455 (16% of all post computations)
  Times abstraction was reused:    0
  Because of function entry/exit:  439 (96%)
  Because of loop head:            22 (5%)
  Because of join nodes:           0 (0%)
  Because of threshold:            0 (0%)
  Times precision was empty:       0 (0%)
  Times precision was {false}:     0 (0%)
  Times result was cached:         271 (59%)
  Times cartesian abs was used:    0 (0%)
  Times boolean abs was used:      189 (41%)
  Times result was 'false':        5 (1%)
Number of strengthen sat checks:   0
Number of coverage checks:         284
  BDD entailment checks:           40
Number of SMT sat checks:          741
  trivial:                         487
  cached:                          142

Max ABE block size:                       75
Number of predicates discovered:          4
Number of abstraction locations:          0
Max number of predicates per location:    0
Avg number of predicates per location:    0
Total predicates per abstraction:         726
Max number of predicates per abstraction: 4
Avg number of predicates per abstraction: 3.84
Number of irrelevant predicates:          340 (47%)
Number of preds handled by boolean abs:   386 (53%)
  Total number of models for allsat:      185
  Max number of models for allsat:        1
  Avg number of models for allsat:        0.98

Number of path formula cache hits:   238 (8%)

Time for post operator:                  4.052s
  Time for path formula creation:        0.828s
    Actual computation:                  0.678s
Time for strengthen operator:            0.011s
Time for prec operator:                  0.717s
  Time for abstraction:                  0.547s (Max:     0.069s, Count: 455)
    Boolean abstraction:                 0.273s
    Solving time:                        0.180s (Max:     0.054s)
    Model enumeration time:              0.017s
    Time for BDD construction:           0.013s (Max:     0.002s)
Time for merge operator:                 0.310s
Time for coverage check:                 0.000s
  Time for BDD entailment checks:        0.000s
Total time for SMT solver (w/o itp):     3.121s

Number of BDD nodes:                               219
Size of BDD node table:                            466043
Size of BDD cache:                                 46619
Size of BDD node cleanup queue:                         213 (count: 10005, min: 0, max: 209, avg: 0.02)
Time for BDD node cleanup:                             0.003s
Time for BDD garbage collection:                       0.000s (in 0 runs)

PrecisionBootstrap statistics
-----------------------------
Init. function predicates:                         0
Init. global predicates:                           0
Init. location predicates:                         0

ImpactedCPA statistics
----------------------
  Number of invariants partial hits:                            0
  Number of invariants hits:                                    5
  Number of invariants trys:                                    6
  Number of invariants bots:                                    1
  Number of invariants not valid:                               0
  Initial reached size:                                         741
  Input invariants file size:                                   2151
  Max impacted number of variables:                             0
  Number of last version invariants:                            111
  Number of this version invariants:                            112
  CPU time for invariant read:                                      0.590s
  CPU time for invariant write:                                     0.090s
  Time for invariant write:                                         0.044s
  Time for invariant read:                                          0.309s

AutomatonAnalysis (SVCOMP) statistics
-------------------------------------
Number of states:                                  1
Total time for successor computation:                  0.014s
Automaton transfers with branching:                0
Automaton transfer successors:                         2846 (count: 2846, min: 1, max: 1, avg: 1.00) [1 x 2846]

CPA algorithm statistics
------------------------
Number of iterations:            1941
Max size of waitlist:            35
Average size of waitlist:        10
Number of computed successors:   2105
Max successors for one state:    2
Number of times merged:          122
Number of times stopped:         160
Number of times abs stopped:     38
Number of times nonAbs stopped:  244
Number of coverage check (part): 284
Number of times doAbstraction node:  461
Number of times breaked:         0

Total time for CPA algorithm:         1.708s (Max:     1.708s)
CPU time for CPA algorithm:           3.620s
  Time for choose from waitlist:      0.012s
  Time for precision adjustment:      0.652s
  Time for transfer relation:         0.650s
  Time for merge operator:            0.327s
  Time for stop operator:             0.013s
  Time for adding to reached set:     0.014s

Predicate-Abstraction Refiner statistics
----------------------------------------
  Predicate creation:                                  0.000s
  Precision update:                                    0.000s
  ARG update:                                          0.000s

Length of refined path (in blocks):                       0 (count: 0, min: 0, max: 0, avg: 0.00)
Number of affected states:                                0 (count: 0, min: 0, max: 0, avg: 0.00)
Length (states) of path with itp 'true':                  0 (count: 0, min: 0, max: 0, avg: 0.00)
Length (states) of path with itp non-trivial itp:         0 (count: 0, min: 0, max: 0, avg: 0.00)
Length (states) of path with itp 'false':                 0 (count: 0, min: 0, max: 0, avg: 0.00)
Different non-trivial interpolants along paths:           0 (count: 0, min: 0, max: 0, avg: 0.00)
Equal non-trivial interpolants along paths:               0 (count: 0, min: 0, max: 0, avg: 0.00)
Different precisions along paths:                         0 (count: 0, min: 0, max: 0, avg: 0.00)
Equal precisions along paths:                             0 (count: 0, min: 0, max: 0, avg: 0.00)
Number of refs with location-based cutoff:                0

CEGAR algorithm statistics
--------------------------
Number of refinements:                0
Refinement times:             0
First time for refinement:             1.709s
Last time for refinement:              1.709s
Average time for analysis:          1.709s
Number of analysis:                1

Code Coverage
-----------------------------
  Visited lines:          3177
  Total lines:            10
  Line coverage:          317.700

CPAchecker general statistics
-----------------------------
Number of program locations:     2635
Number of CFA edges:             3089
Number of relevant variables:    501
Number of functions:             80
Number of loops:                 14
Size of reached set:             2681
  Number of reached locations:   1572 (60%)
    Avg states per location:     1
    Max states per location:     46 (at node N0)
  Number of reached functions:   30 (38%)
  Number of partitions:          2648
    Avg size of partitions:      1
    Max size of partitions:      6 (with key [N308 (entry of function superio_exit in /work/ldvuser/novikov/work/current--X--drivers/hwmon/it87.ko--X--defaultlinux--X--08_1a--X--cpachecker/linux/csd_deg_dscv/11/dscv_tempdir/dscv/ri/08_1a/drivers/hwmon/it87.c.prepared, lines 118-130), -1419500290, Init])
  Number of target states:       0

Time for analysis setup:                  10.401s
  Time for cfa diff:                   3.962s
  Time for loading CPAs:                   0.467s
  Time for impacted traverse:              0.011s
  Time for loading parser:        0.033s
  Time for CFA construction:      1.672s
    Time for parsing file(s):     0.413s
    Time for AST to CFA:          0.598s
    Time for CFA sanity check:    0.000s
    Time for post-processing:     0.481s
      Time for var class.:        0.000s
Time for normal Analysis:                         1.710s
CPU time for analysis:                    10.770s
CPU time for impacted:                     0.800s
CPU time for normal analysis:              3.410s
CPU time for init:                         7.360s

Time for Garbage Collector:       0.282s (in 11 runs)
Garbage Collector(s) used:    PS MarkSweep, PS Scavenge
Used heap memory:                467MB (   446 MiB) max;    131MB (   125 MiB) avg;    477MB (   455 MiB) peak
Used non-heap memory:             37MB (    35 MiB) max;     29MB (    27 MiB) avg;     38MB (    36 MiB) peak
Used in PS Old Gen pool:          28MB (    27 MiB) max;     18MB (    17 MiB) avg;     33MB (    32 MiB) peak
Allocated heap memory:           695MB (   663 MiB) max;    306MB (   292 MiB) avg
Allocated non-heap memory:        38MB (    37 MiB) max;     31MB (    29 MiB) avg
Total process virtual memory:  13309MB ( 12692 MiB) max;  13288MB ( 12673 MiB) avg

Verification result: TRUE. No property violation found by chosen configuration.
More details about the verification run can be found in the directory "/home/yqs17/blazer/cpachecker-inc-pred/output-us-precise-cfa/08_1a.hwmon--it87.ko.set/059.591ec65.08_1a.cil_safe.i".
