scripts/cpa.sh -heap 10000M -predicateAnalysis-ABElfb-debug -setprop cpa.impacted.eliminate=true -disable-java-assertions -outputpath /home/yqs17/blazer/cpachecker-inc-pred/output-us-precise-cfa/32_7a.isdn--mISDN--mISDN_core.ko.set/026.8164491.32_7a.cil_safe.i -isIncPred -spec /home/yqs17/blazer/cpachecker-inc-pred/LDVErrorLabel.spc -stats -setprop cpa.impacted.pre_invariants.file=/home/yqs17/blazer/cpachecker-inc-pred/output-us-precise-cfa/32_7a.isdn--mISDN--mISDN_core.ko.set/025.eac74af.32_7a.cil_safe.i/impacted-invariants.txt -setprop analysis.prev.program=/home/yqs17/blazer/cpachecker-inc-pred/programs/drivers--isdn--mISDN--mISDN_core.ko/025.eac74af.32_7a.cil_safe.i -entryfunction ldv_main0_sequence_infinite_withcheck_stateful /home/yqs17/blazer/cpachecker-inc-pred/programs/drivers--isdn--mISDN--mISDN_core.ko/026.8164491.32_7a.cil_safe.i


--------------------------------------------------------------------------------


Running CPAchecker with Java heap of size 10000M.
Running CPAchecker with the following extra VM options:  -Djava.io.tmpdir=/tmp/BenchExec_run_9344k877/tmp
Number of modified edges: 9
Begin analysis 
Read invariant objects done
ImpactedCPA statistics
----------------------
  Number of invariants partial hits:                            0
  Number of invariants hits:                                    31
  Number of invariants trys:                                    38
  Number of invariants bots:                                    7
  Number of invariants not valid:                               0
  Initial reached size:                                         1486
  Input invariants file size:                                   2615
  Max impacted number of variables:                             0
  Number of last version invariants:                            395
  Number of this version invariants:                            0
  CPU time for invariant read:                                      1.120s
  CPU time for invariant write:                                     0.000s
  Time for invariant write:                                         0.000s
  Time for invariant read:                                          0.594s

AutomatonAnalysis (SVCOMP) statistics
-------------------------------------
Number of states:                                  1
Total time for successor computation:                  0.022s
Automaton transfers with branching:                0
Automaton transfer successors:                         1371 (count: 1371, min: 1, max: 1, avg: 1.00) [1 x 1371]

CPA algorithm statistics
------------------------
Number of iterations:            1366
Max size of waitlist:            6
Average size of waitlist:        1
Number of computed successors:   1371
Max successors for one state:    2
Number of times merged:          0
Number of times stopped:         1
Number of times abs stopped:     15
Number of times nonAbs stopped:  118
Number of coverage check (part): 133
Number of times doAbstraction node:  107
Number of times breaked:         1

Total time for CPA algorithm:         0.154s (Max:     0.154s)
CPU time for CPA algorithm:           0.810s
  Time for choose from waitlist:      0.004s
  Time for precision adjustment:      0.022s
  Time for transfer relation:         0.090s
  Time for merge operator:            0.000s
  Time for stop operator:             0.008s
  Time for adding to reached set:     0.002s

PredicateCPA statistics
-----------------------
Read Precision Time:                0.000s
Precision file size:                438
Write Precision Time:               0.001s
Number of abstractions:            69 (4% of all post computations)
  Times abstraction was reused:    0
  Because of function entry/exit:  93 (135%)
  Because of loop head:            14 (20%)
  Because of join nodes:           0 (0%)
  Because of threshold:            0 (0%)
  Times precision was empty:       0 (0%)
  Times precision was {false}:     0 (0%)
  Times result was cached:         11 (11%)
  Times cartesian abs was used:    0 (0%)
  Times boolean abs was used:      89 (89%)
  Times result was 'false':        0 (0%)
Number of strengthen sat checks:   0
Number of coverage checks:         133
  BDD entailment checks:           15
Number of SMT sat checks:          1498
  trivial:                         724
  cached:                          651

Max ABE block size:                       9
Number of predicates discovered:          2
Number of abstraction locations:          0
Max number of predicates per location:    0
Avg number of predicates per location:    0
Total predicates per abstraction:         151
Max number of predicates per abstraction: 2
Avg number of predicates per abstraction: 1.70
Number of irrelevant predicates:          0 (0%)
Number of preds handled by boolean abs:   151 (100%)
  Total number of models for allsat:      89
  Max number of models for allsat:        1
  Avg number of models for allsat:        1.00

Number of path formula cache hits:   78 (4%)

Time for post operator:                  5.581s
  Time for path formula creation:        1.021s
    Actual computation:                  0.955s
Time for strengthen operator:            0.013s
Time for prec operator:                  0.380s
  Time for abstraction:                  0.089s (Max:     0.007s, Count: 69)
    Boolean abstraction:                 0.221s
    Solving time:                        0.170s (Max:     0.154s)
    Model enumeration time:              0.005s
    Time for BDD construction:           0.016s (Max:     0.009s)
Time for merge operator:                 0.023s
Time for coverage check:                 0.000s
  Time for BDD entailment checks:        0.000s
Total time for SMT solver (w/o itp):     3.787s

Number of BDD nodes:                               203
Size of BDD node table:                            466043
Size of BDD cache:                                 46619
Size of BDD node cleanup queue:                           0 (count: 54266, min: 0, max: 0, avg: 0.00)
Time for BDD node cleanup:                             0.001s
Time for BDD garbage collection:                       0.000s (in 0 runs)

PrecisionBootstrap statistics
-----------------------------
Init. function predicates:                         0
Init. global predicates:                           0
Init. location predicates:                         0

ImpactedCPA statistics
----------------------
  Number of invariants partial hits:                            0
  Number of invariants hits:                                    31
  Number of invariants trys:                                    38
  Number of invariants bots:                                    7
  Number of invariants not valid:                               0
  Initial reached size:                                         1486
  Input invariants file size:                                   2615
  Max impacted number of variables:                             0
  Number of last version invariants:                            395
  Number of this version invariants:                            54
  CPU time for invariant read:                                      1.120s
  CPU time for invariant write:                                     0.110s
  Time for invariant write:                                         0.055s
  Time for invariant read:                                          0.594s

AutomatonAnalysis (SVCOMP) statistics
-------------------------------------
Number of states:                                  1
Total time for successor computation:                  0.011s
Automaton transfers with branching:                0
Automaton transfer successors:                         1843 (count: 1843, min: 1, max: 1, avg: 1.00) [1 x 1843]

CPA algorithm statistics
------------------------
Number of iterations:            325
Max size of waitlist:            8
Average size of waitlist:        5
Number of computed successors:   346
Max successors for one state:    2
Number of times merged:          54
Number of times stopped:         69
Number of times abs stopped:     15
Number of times nonAbs stopped:  118
Number of coverage check (part): 133
Number of times doAbstraction node:  107
Number of times breaked:         0

Total time for CPA algorithm:         0.256s (Max:     0.256s)
CPU time for CPA algorithm:           0.810s
  Time for choose from waitlist:      0.001s
  Time for precision adjustment:      0.100s
  Time for transfer relation:         0.115s
  Time for merge operator:            0.024s
  Time for stop operator:             0.004s
  Time for adding to reached set:     0.006s

Predicate-Abstraction Refiner statistics
----------------------------------------
  Predicate creation:                                  0.000s
  Precision update:                                    0.000s
  ARG update:                                          0.000s

Length of refined path (in blocks):                       0 (count: 0, min: 0, max: 0, avg: 0.00)
Number of affected states:                                0 (count: 0, min: 0, max: 0, avg: 0.00)
Length (states) of path with itp 'true':                  0 (count: 0, min: 0, max: 0, avg: 0.00)
Length (states) of path with itp non-trivial itp:         0 (count: 0, min: 0, max: 0, avg: 0.00)
Length (states) of path with itp 'false':                 0 (count: 0, min: 0, max: 0, avg: 0.00)
Different non-trivial interpolants along paths:           0 (count: 0, min: 0, max: 0, avg: 0.00)
Equal non-trivial interpolants along paths:               0 (count: 0, min: 0, max: 0, avg: 0.00)
Different precisions along paths:                         0 (count: 0, min: 0, max: 0, avg: 0.00)
Equal precisions along paths:                             0 (count: 0, min: 0, max: 0, avg: 0.00)
Number of refs with location-based cutoff:                0

CEGAR algorithm statistics
--------------------------
Number of refinements:                0
Refinement times:             0
First time for refinement:             0.256s
Last time for refinement:              0.256s
Average time for analysis:          0.256s
Number of analysis:                1

Code Coverage
-----------------------------
  Visited lines:          4401
  Total lines:            4
  Line coverage:          1100.250

CPAchecker general statistics
-----------------------------
Number of program locations:     17566
Number of CFA edges:             27750
Number of relevant variables:    2355
Number of functions:             418
Number of loops:                 51
Size of reached set:             1763
  Number of reached locations:   1556 (9%)
    Avg states per location:     1
    Max states per location:     6 (at node N762)
  Number of reached functions:   23 (6%)
  Number of partitions:          1761
    Avg size of partitions:      1
    Max size of partitions:      2 (with key [N4748 (entry of function l1_cleanup in /work/ldvuser/novikov/work/current--X--drivers/isdn/mISDN/mISDN_core.ko--X--defaultlinux--X--32_7a--X--cpachecker/linux/csd_deg_dscv/30/dscv_tempdir/dscv/ri/32_7a/drivers/isdn/mISDN/layer1.c.prepared, lines 416-426), -2020486849, Init])
  Number of target states:       0

Time for analysis setup:                  55.044s
  Time for cfa diff:                  43.445s
  Time for loading CPAs:                   0.740s
  Time for impacted traverse:              0.067s
  Time for loading parser:        0.037s
  Time for CFA construction:      3.852s
    Time for parsing file(s):     0.692s
    Time for AST to CFA:          1.284s
    Time for CFA sanity check:    0.000s
    Time for post-processing:     1.536s
      Time for var class.:        0.000s
Time for normal Analysis:                         0.257s
CPU time for analysis:                    12.270s
CPU time for impacted:                     1.250s
CPU time for normal analysis:              0.520s
CPU time for init:                        11.760s

Time for Garbage Collector:       0.911s (in 12 runs)
Garbage Collector(s) used:    PS MarkSweep, PS Scavenge
Used heap memory:                996MB (   950 MiB) max;    327MB (   312 MiB) avg;   1050MB (  1002 MiB) peak
Used non-heap memory:             38MB (    36 MiB) max;     31MB (    29 MiB) avg;     40MB (    38 MiB) peak
Used in PS Old Gen pool:          64MB (    61 MiB) max;     55MB (    53 MiB) avg;     80MB (    76 MiB) peak
Allocated heap memory:          1109MB (  1058 MiB) max;    487MB (   464 MiB) avg
Allocated non-heap memory:        40MB (    38 MiB) max;     32MB (    30 MiB) avg
Total process virtual memory:  13307MB ( 12691 MiB) max;  13293MB ( 12677 MiB) avg

Verification result: TRUE. No property violation found by chosen configuration.
More details about the verification run can be found in the directory "/home/yqs17/blazer/cpachecker-inc-pred/output-us-precise-cfa/32_7a.isdn--mISDN--mISDN_core.ko.set/026.8164491.32_7a.cil_safe.i".
