scripts/cpa.sh -heap 10000M -predicateAnalysis-ABElfb-debug -setprop cpa.impacted.eliminate=true -disable-java-assertions -outputpath /home/yqs17/blazer/cpachecker-inc-pred/output-us-precise-cfa/39_7a.net--usb--catc.ko.set/020.930a6ea.39_7a.cil_safe.i -isIncPred -spec /home/yqs17/blazer/cpachecker-inc-pred/LDVErrorLabel.spc -stats -setprop cpa.impacted.pre_invariants.file=/home/yqs17/blazer/cpachecker-inc-pred/output-us-precise-cfa/39_7a.net--usb--catc.ko.set/019.7073949.39_7a.cil_safe.i/impacted-invariants.txt -setprop analysis.prev.program=/home/yqs17/blazer/cpachecker-inc-pred/programs/drivers--net--usb--catc.ko/019.7073949.39_7a.cil_safe.i -entryfunction ldv_main0_sequence_infinite_withcheck_stateful /home/yqs17/blazer/cpachecker-inc-pred/programs/drivers--net--usb--catc.ko/020.930a6ea.39_7a.cil_safe.i


--------------------------------------------------------------------------------


Running CPAchecker with Java heap of size 10000M.
Running CPAchecker with the following extra VM options:  -Djava.io.tmpdir=/tmp/BenchExec_run_a8e8ycoc/tmp
Number of modified edges: 81
Begin analysis 
Read invariant objects done
ImpactedCPA statistics
----------------------
  Number of invariants partial hits:                            0
  Number of invariants hits:                                    39
  Number of invariants trys:                                    51
  Number of invariants bots:                                    15
  Number of invariants not valid:                               3
  Initial reached size:                                         1242
  Input invariants file size:                                   9009
  Max impacted number of variables:                             0
  Number of last version invariants:                            166
  Number of this version invariants:                            0
  CPU time for invariant read:                                      0.960s
  CPU time for invariant write:                                     0.000s
  Time for invariant write:                                         0.000s
  Time for invariant read:                                          0.494s

AutomatonAnalysis (SVCOMP) statistics
-------------------------------------
Number of states:                                  1
Total time for successor computation:                  0.009s
Automaton transfers with branching:                0
Automaton transfer successors:                          998 (count: 998, min: 1, max: 1, avg: 1.00) [1 x 998]

CPA algorithm statistics
------------------------
Number of iterations:            991
Max size of waitlist:            5
Average size of waitlist:        1
Number of computed successors:   998
Max successors for one state:    2
Number of times merged:          0
Number of times stopped:         3
Number of times abs stopped:     76
Number of times nonAbs stopped:  418
Number of coverage check (part): 497
Number of times doAbstraction node:  603
Number of times breaked:         1

Total time for CPA algorithm:         0.096s (Max:     0.096s)
CPU time for CPA algorithm:           3.890s
  Time for choose from waitlist:      0.003s
  Time for precision adjustment:      0.015s
  Time for transfer relation:         0.046s
  Time for merge operator:            0.000s
  Time for stop operator:             0.007s
  Time for adding to reached set:     0.006s

PredicateCPA statistics
-----------------------
Read Precision Time:                0.000s
Precision file size:                0
Write Precision Time:               0.003s
Number of abstractions:            552 (13% of all post computations)
  Times abstraction was reused:    0
  Because of function entry/exit:  579 (105%)
  Because of loop head:            24 (4%)
  Because of join nodes:           0 (0%)
  Because of threshold:            0 (0%)
  Times precision was empty:       0 (0%)
  Times precision was {false}:     0 (0%)
  Times result was cached:         264 (45%)
  Times cartesian abs was used:    0 (0%)
  Times boolean abs was used:      327 (55%)
  Times result was 'false':        25 (5%)
Number of strengthen sat checks:   1
  Times result was 'false':        0 (0%)
Number of coverage checks:         497
  BDD entailment checks:           79
Number of SMT sat checks:          1278
  trivial:                         738
  cached:                          380

Max ABE block size:                       17
Number of predicates discovered:          20
Number of abstraction locations:          0
Max number of predicates per location:    0
Avg number of predicates per location:    0
Total predicates per abstraction:         5404
Max number of predicates per abstraction: 18
Avg number of predicates per abstraction: 16.53
Number of irrelevant predicates:          1120 (21%)
Number of preds handled by boolean abs:   4284 (79%)
  Total number of models for allsat:      341
  Max number of models for allsat:        2
  Avg number of models for allsat:        1.04

Number of path formula cache hits:   1034 (23%)

Time for post operator:                  1.280s
  Time for path formula creation:        0.545s
    Actual computation:                  0.498s
Time for strengthen operator:            0.016s
  Time for satisfiability checks:        0.001s
Time for prec operator:                  1.421s
  Time for abstraction:                  1.052s (Max:     0.019s, Count: 552)
    Boolean abstraction:                 0.603s
    Solving time:                        0.090s (Max:     0.005s)
    Model enumeration time:              0.015s
    Time for BDD construction:           0.020s (Max:     0.005s)
Time for merge operator:                 0.028s
Time for coverage check:                 0.000s
  Time for BDD entailment checks:        0.000s
Total time for SMT solver (w/o itp):     0.453s

Number of BDD nodes:                               1294
Size of BDD node table:                            466043
Size of BDD cache:                                 46619
Size of BDD node cleanup queue:                        1487 (count: 12590, min: 0, max: 678, avg: 0.12)
Time for BDD node cleanup:                             0.000s
Time for BDD garbage collection:                       0.000s (in 0 runs)

PrecisionBootstrap statistics
-----------------------------
Init. function predicates:                         0
Init. global predicates:                           0
Init. location predicates:                         0

ImpactedCPA statistics
----------------------
  Number of invariants partial hits:                            0
  Number of invariants hits:                                    39
  Number of invariants trys:                                    51
  Number of invariants bots:                                    15
  Number of invariants not valid:                               3
  Initial reached size:                                         1242
  Input invariants file size:                                   9009
  Max impacted number of variables:                             0
  Number of last version invariants:                            166
  Number of this version invariants:                            157
  CPU time for invariant read:                                      0.960s
  CPU time for invariant write:                                     0.150s
  Time for invariant write:                                         0.075s
  Time for invariant read:                                          0.494s

AutomatonAnalysis (SVCOMP) statistics
-------------------------------------
Number of states:                                  1
Total time for successor computation:                  0.008s
Automaton transfers with branching:                0
Automaton transfer successors:                         4278 (count: 4278, min: 1, max: 1, avg: 1.00) [1 x 4278]

CPA algorithm statistics
------------------------
Number of iterations:            2785
Max size of waitlist:            29
Average size of waitlist:        21
Number of computed successors:   3013
Max successors for one state:    2
Number of times merged:          200
Number of times stopped:         276
Number of times abs stopped:     76
Number of times nonAbs stopped:  418
Number of coverage check (part): 497
Number of times doAbstraction node:  603
Number of times breaked:         1

Total time for CPA algorithm:         1.854s (Max:     1.772s)
CPU time for CPA algorithm:           3.890s
  Time for choose from waitlist:      0.005s
  Time for precision adjustment:      1.107s
  Time for transfer relation:         0.614s
  Time for merge operator:            0.034s
  Time for stop operator:             0.015s
  Time for adding to reached set:     0.015s

Predicate-Abstraction Refiner statistics
----------------------------------------
Avg. length of target path (in blocks):                  20 (count: 1, min: 20, max: 20, avg: 20.00)
Number of infeasible sliced prefixes:                     0 (count: 0, min: 0, max: 0, avg: 0.00)

Time for refinement:                                   0.077s
  Counterexample analysis:                0.067s (Max:     0.067s, Calls: 1)
    Refinement sat check:                 0.010s
    Interpolant computation:              0.000s
  Error path post-processing:                          0.000s
  Path-formulas extraction:                            0.000s
  Building the counterexample trace:                   0.067s
  Extracting precise counterexample:                   0.000s
  Extracting infeasible sliced prefixes:               0.000s
  Selecting infeasible sliced prefixes:                0.000s
  Predicate creation:                                  0.000s
  Precision update:                                    0.002s
  ARG update:                                          0.002s

Length of refined path (in blocks):                      19 (count: 1, min: 19, max: 19, avg: 19.00)
Number of affected states:                                6 (count: 1, min: 6, max: 6, avg: 6.00)
Length (states) of path with itp 'true':                 12 (count: 1, min: 12, max: 12, avg: 12.00)
Length (states) of path with itp non-trivial itp:         6 (count: 1, min: 6, max: 6, avg: 6.00)
Length (states) of path with itp 'false':                 1 (count: 1, min: 1, max: 1, avg: 1.00)
Different non-trivial interpolants along paths:           0 (count: 1, min: 0, max: 0, avg: 0.00)
Equal non-trivial interpolants along paths:               5 (count: 1, min: 5, max: 5, avg: 5.00)
Different precisions along paths:                         0 (count: 0, min: 0, max: 0, avg: 0.00)
Equal precisions along paths:                             0 (count: 0, min: 0, max: 0, avg: 0.00)
Number of refs with location-based cutoff:                0

CEGAR algorithm statistics
--------------------------
Number of refinements:                1
Number of successful refinements:     1
Number of failed refinements:         0
Max. size of reached set before ref.: 1339
Max. size of reached set after ref.:  1218
Avg. size of reached set before ref.: 1339.00
Avg. size of reached set after ref.:  1218.00

Total time for CEGAR algorithm:       1.939s
CPU time for CEGAR algorithm:         3.870s
Time for refinements:                 0.082s
CPU time for refinements:             0.170s
Average time for refinement:          0.082s
Max time for refinement:              0.082s
First time for refinement:             0.927s
Last time for refinement:              1.773s
Average time for analysis:          0.927s
Number of analysis:                2

Code Coverage
-----------------------------
  Visited lines:          4640
  Total lines:            4
  Line coverage:          1160.000

CPAchecker general statistics
-----------------------------
Number of program locations:     2958
Number of CFA edges:             3406
Number of relevant variables:    365
Number of functions:             157
Number of loops:                 6
Size of reached set:             3833
  Number of reached locations:   1811 (61%)
    Avg states per location:     2
    Max states per location:     57 (at node N239)
  Number of reached functions:   53 (34%)
  Number of partitions:          3780
    Avg size of partitions:      1
    Max size of partitions:      4 (with key [N1249 (entry of function ldv_spin_unlock_irqrestore_31 in /work/ldvuser/novikov/work/current--X--drivers/net/usb/catc.ko--X--defaultlinux--X--39_7a--X--cpachecker/linux/csd_deg_dscv/11/dscv_tempdir/dscv/ri/39_7a/drivers/net/usb/catc.c.prepared, lines 2326-2338), -555377880, Init])
  Number of target states:       0

Time for analysis setup:                   8.201s
  Time for cfa diff:                   4.304s
  Time for loading CPAs:                   0.371s
  Time for impacted traverse:              0.012s
  Time for loading parser:        0.028s
  Time for CFA construction:      1.523s
    Time for parsing file(s):     0.398s
    Time for AST to CFA:          0.591s
    Time for CFA sanity check:    0.000s
    Time for post-processing:     0.364s
      Time for var class.:        0.000s
Time for normal Analysis:                         1.939s
CPU time for analysis:                     6.290s
CPU time for impacted:                     0.600s
CPU time for normal analysis:              3.870s
CPU time for init:                         2.420s

Time for Garbage Collector:       0.234s (in 9 runs)
Garbage Collector(s) used:    PS MarkSweep, PS Scavenge
Used heap memory:                319MB (   304 MiB) max;     85MB (    81 MiB) avg;    352MB (   336 MiB) peak
Used non-heap memory:             38MB (    36 MiB) max;     29MB (    27 MiB) avg;     39MB (    37 MiB) peak
Used in PS Old Gen pool:          24MB (    22 MiB) max;     18MB (    17 MiB) avg;     38MB (    37 MiB) peak
Allocated heap memory:           539MB (   514 MiB) max;    272MB (   259 MiB) avg
Allocated non-heap memory:        39MB (    37 MiB) max;     30MB (    29 MiB) avg
Total process virtual memory:  13309MB ( 12693 MiB) max;  13286MB ( 12671 MiB) avg

Verification result: TRUE. No property violation found by chosen configuration.
More details about the verification run can be found in the directory "/home/yqs17/blazer/cpachecker-inc-pred/output-us-precise-cfa/39_7a.net--usb--catc.ko.set/020.930a6ea.39_7a.cil_safe.i".
