scripts/cpa.sh -heap 10000M -predicateAnalysis-ABElfb-debug -setprop cpa.impacted.eliminate=true -disable-java-assertions -outputpath /home/yqs17/blazer/cpachecker-inc-pred/output-us-precise-cfa/39_7a.usb--serial--mos7840.ko.set/039.1e066d8.39_7a.cil_safe.i -isIncPred -spec /home/yqs17/blazer/cpachecker-inc-pred/LDVErrorLabel.spc -stats -setprop cpa.impacted.pre_invariants.file=/home/yqs17/blazer/cpachecker-inc-pred/output-us-precise-cfa/39_7a.usb--serial--mos7840.ko.set/038.9d498be.39_7a.cil_safe.i/impacted-invariants.txt -setprop analysis.prev.program=/home/yqs17/blazer/cpachecker-inc-pred/programs/drivers--usb--serial--mos7840.ko/038.9d498be.39_7a.cil_safe.i -entryfunction ldv_main0_sequence_infinite_withcheck_stateful /home/yqs17/blazer/cpachecker-inc-pred/programs/drivers--usb--serial--mos7840.ko/039.1e066d8.39_7a.cil_safe.i


--------------------------------------------------------------------------------


Running CPAchecker with Java heap of size 10000M.
Running CPAchecker with the following extra VM options:  -Djava.io.tmpdir=/tmp/BenchExec_run_27qutbtj/tmp
Number of modified edges: 93
Begin analysis 
Read invariant objects done
ImpactedCPA statistics
----------------------
  Number of invariants partial hits:                            0
  Number of invariants hits:                                    73
  Number of invariants trys:                                    109
  Number of invariants bots:                                    37
  Number of invariants not valid:                               1
  Initial reached size:                                         1746
  Input invariants file size:                                   9127
  Max impacted number of variables:                             0
  Number of last version invariants:                            277
  Number of this version invariants:                            0
  CPU time for invariant read:                                      1.110s
  CPU time for invariant write:                                     0.000s
  Time for invariant write:                                         0.000s
  Time for invariant read:                                          0.571s

AutomatonAnalysis (SVCOMP) statistics
-------------------------------------
Number of states:                                  1
Total time for successor computation:                  0.017s
Automaton transfers with branching:                0
Automaton transfer successors:                          837 (count: 837, min: 1, max: 1, avg: 1.00) [1 x 837]

CPA algorithm statistics
------------------------
Number of iterations:            829
Max size of waitlist:            6
Average size of waitlist:        1
Number of computed successors:   837
Max successors for one state:    2
Number of times merged:          0
Number of times stopped:         3
Number of times abs stopped:     170
Number of times nonAbs stopped:  2378
Number of coverage check (part): 2548
Number of times doAbstraction node:  906
Number of times breaked:         1

Total time for CPA algorithm:         0.103s (Max:     0.103s)
CPU time for CPA algorithm:           7.590s
  Time for choose from waitlist:      0.002s
  Time for precision adjustment:      0.009s
  Time for transfer relation:         0.059s
  Time for merge operator:            0.000s
  Time for stop operator:             0.003s
  Time for adding to reached set:     0.005s

PredicateCPA statistics
-----------------------
Read Precision Time:                0.000s
Precision file size:                24534
Write Precision Time:               0.002s
Number of abstractions:            797 (9% of all post computations)
  Times abstraction was reused:    0
  Because of function entry/exit:  836 (105%)
  Because of loop head:            70 (9%)
  Because of join nodes:           0 (0%)
  Because of threshold:            0 (0%)
  Times precision was empty:       0 (0%)
  Times precision was {false}:     0 (0%)
  Times result was cached:         182 (21%)
  Times cartesian abs was used:    0 (0%)
  Times boolean abs was used:      688 (79%)
  Times result was 'false':        17 (2%)
Number of strengthen sat checks:   1
  Times result was 'false':        0 (0%)
Number of coverage checks:         2548
  BDD entailment checks:           170
Number of SMT sat checks:          1886
  trivial:                         601
  cached:                          751

Max ABE block size:                       38
Number of predicates discovered:          12
Number of abstraction locations:          0
Max number of predicates per location:    0
Avg number of predicates per location:    0
Total predicates per abstraction:         6835
Max number of predicates per abstraction: 11
Avg number of predicates per abstraction: 9.93
Number of irrelevant predicates:          416 (6%)
Number of preds handled by boolean abs:   6419 (94%)
  Total number of models for allsat:      707
  Max number of models for allsat:        2
  Avg number of models for allsat:        1.03

Number of path formula cache hits:   851 (10%)

Time for post operator:                  3.042s
  Time for path formula creation:        1.328s
    Actual computation:                  1.227s
Time for strengthen operator:            0.028s
  Time for satisfiability checks:        0.001s
Time for prec operator:                  2.101s
  Time for abstraction:                  1.589s (Max:     0.014s, Count: 797)
    Boolean abstraction:                 0.927s
    Solving time:                        0.231s (Max:     0.013s)
    Model enumeration time:              0.012s
    Time for BDD construction:           0.034s (Max:     0.007s)
Time for merge operator:                 0.328s
Time for coverage check:                 0.002s
  Time for BDD entailment checks:        0.002s
Total time for SMT solver (w/o itp):     1.107s

Number of BDD nodes:                               365
Size of BDD node table:                            466043
Size of BDD cache:                                 46619
Size of BDD node cleanup queue:                         902 (count: 19175, min: 0, max: 381, avg: 0.05)
Time for BDD node cleanup:                             0.004s
Time for BDD garbage collection:                       0.000s (in 0 runs)

PrecisionBootstrap statistics
-----------------------------
Init. function predicates:                         0
Init. global predicates:                           0
Init. location predicates:                         0

ImpactedCPA statistics
----------------------
  Number of invariants partial hits:                            0
  Number of invariants hits:                                    73
  Number of invariants trys:                                    109
  Number of invariants bots:                                    37
  Number of invariants not valid:                               1
  Initial reached size:                                         1746
  Input invariants file size:                                   9127
  Max impacted number of variables:                             0
  Number of last version invariants:                            277
  Number of this version invariants:                            272
  CPU time for invariant read:                                      1.110s
  CPU time for invariant write:                                     0.180s
  Time for invariant write:                                         0.090s
  Time for invariant read:                                          0.571s

AutomatonAnalysis (SVCOMP) statistics
-------------------------------------
Number of states:                                  1
Total time for successor computation:                  0.035s
Automaton transfers with branching:                0
Automaton transfer successors:                         8639 (count: 8639, min: 1, max: 1, avg: 1.00) [1 x 8639]

CPA algorithm statistics
------------------------
Number of iterations:            5980
Max size of waitlist:            109
Average size of waitlist:        77
Number of computed successors:   6766
Max successors for one state:    2
Number of times merged:          1098
Number of times stopped:         1268
Number of times abs stopped:     170
Number of times nonAbs stopped:  2378
Number of coverage check (part): 2548
Number of times doAbstraction node:  906
Number of times breaked:         1

Total time for CPA algorithm:         3.712s (Max:     3.181s)
CPU time for CPA algorithm:           7.590s
  Time for choose from waitlist:      0.015s
  Time for precision adjustment:      1.691s
  Time for transfer relation:         1.473s
  Time for merge operator:            0.349s
  Time for stop operator:             0.030s
  Time for adding to reached set:     0.035s

Predicate-Abstraction Refiner statistics
----------------------------------------
Avg. length of target path (in blocks):                  27 (count: 1, min: 27, max: 27, avg: 27.00)
Number of infeasible sliced prefixes:                     0 (count: 0, min: 0, max: 0, avg: 0.00)

Time for refinement:                                   0.126s
  Counterexample analysis:                0.103s (Max:     0.103s, Calls: 1)
    Refinement sat check:                 0.024s
    Interpolant computation:              0.000s
  Error path post-processing:                          0.000s
  Path-formulas extraction:                            0.000s
  Building the counterexample trace:                   0.103s
  Extracting precise counterexample:                   0.000s
  Extracting infeasible sliced prefixes:               0.000s
  Selecting infeasible sliced prefixes:                0.000s
  Predicate creation:                                  0.001s
  Precision update:                                    0.002s
  ARG update:                                          0.011s

Length of refined path (in blocks):                      26 (count: 1, min: 26, max: 26, avg: 26.00)
Number of affected states:                               10 (count: 1, min: 10, max: 10, avg: 10.00)
Length (states) of path with itp 'true':                 15 (count: 1, min: 15, max: 15, avg: 15.00)
Length (states) of path with itp non-trivial itp:        10 (count: 1, min: 10, max: 10, avg: 10.00)
Length (states) of path with itp 'false':                 1 (count: 1, min: 1, max: 1, avg: 1.00)
Different non-trivial interpolants along paths:           0 (count: 1, min: 0, max: 0, avg: 0.00)
Equal non-trivial interpolants along paths:               9 (count: 1, min: 9, max: 9, avg: 9.00)
Different precisions along paths:                         0 (count: 0, min: 0, max: 0, avg: 0.00)
Equal precisions along paths:                             0 (count: 0, min: 0, max: 0, avg: 0.00)
Number of refs with location-based cutoff:                0

CEGAR algorithm statistics
--------------------------
Number of refinements:                1
Number of successful refinements:     1
Number of failed refinements:         0
Max. size of reached set before ref.: 6705
Max. size of reached set after ref.:  6639
Avg. size of reached set before ref.: 6705.00
Avg. size of reached set after ref.:  6639.00

Total time for CEGAR algorithm:       3.848s
CPU time for CEGAR algorithm:         7.660s
Time for refinements:                 0.136s
CPU time for refinements:             0.270s
Average time for refinement:          0.136s
Max time for refinement:              0.136s
First time for refinement:             1.856s
Last time for refinement:              0.531s
Average time for analysis:          1.856s
Number of analysis:                2

Code Coverage
-----------------------------
  Visited lines:          5081
  Total lines:            10
  Line coverage:          508.100

CPAchecker general statistics
-----------------------------
Number of program locations:     4540
Number of CFA edges:             5506
Number of relevant variables:    653
Number of functions:             158
Number of loops:                 18
Size of reached set:             7161
  Number of reached locations:   3538 (78%)
    Avg states per location:     2
    Max states per location:     72 (at node N319)
  Number of reached functions:   68 (43%)
  Number of partitions:          7148
    Avg size of partitions:      1
    Max size of partitions:      3 (with key [N320 (entry of function __create_pipe in include/linux/usb.h, lines 1523-1531), -1008240319, Init])
  Number of target states:       0

Time for analysis setup:                  17.931s
  Time for cfa diff:                  11.979s
  Time for loading CPAs:                   0.444s
  Time for impacted traverse:              0.020s
  Time for loading parser:        0.026s
  Time for CFA construction:      2.095s
    Time for parsing file(s):     0.521s
    Time for AST to CFA:          0.774s
    Time for CFA sanity check:    0.001s
    Time for post-processing:     0.591s
      Time for var class.:        0.000s
Time for normal Analysis:                         3.848s
CPU time for analysis:                    12.650s
CPU time for impacted:                     0.700s
CPU time for normal analysis:              7.670s
CPU time for init:                         4.990s

Time for Garbage Collector:       0.380s (in 10 runs)
Garbage Collector(s) used:    PS MarkSweep, PS Scavenge
Used heap memory:                526MB (   502 MiB) max;    131MB (   125 MiB) avg;    544MB (   519 MiB) peak
Used non-heap memory:             40MB (    38 MiB) max;     29MB (    28 MiB) avg;     41MB (    39 MiB) peak
Used in PS Old Gen pool:          32MB (    30 MiB) max;     23MB (    22 MiB) avg;     43MB (    41 MiB) peak
Allocated heap memory:           609MB (   581 MiB) max;    309MB (   295 MiB) avg
Allocated non-heap memory:        41MB (    39 MiB) max;     31MB (    29 MiB) avg
Total process virtual memory:  13309MB ( 12692 MiB) max;  13292MB ( 12677 MiB) avg

Verification result: TRUE. No property violation found by chosen configuration.
More details about the verification run can be found in the directory "/home/yqs17/blazer/cpachecker-inc-pred/output-us-precise-cfa/39_7a.usb--serial--mos7840.ko.set/039.1e066d8.39_7a.cil_safe.i".
