scripts/cpa.sh -heap 10000M -predicateAnalysis-ABElfb-debug -setprop cpa.impacted.eliminate=true -disable-java-assertions -outputpath /home/yqs17/blazer/cpachecker-inc-pred/output-us-precise-cfa/32_7a.media--video--videobuf-vmalloc.ko.set/007.0b29669.32_7a.cil_safe.i -stats -spec /home/yqs17/blazer/cpachecker-inc-pred/LDVErrorLabel.spc -entryfunction ldv_main0_sequence_infinite_withcheck_stateful /home/yqs17/blazer/cpachecker-inc-pred/programs/drivers--media--video--videobuf-vmalloc.ko/007.0b29669.32_7a.cil_safe.i


--------------------------------------------------------------------------------


Running CPAchecker with Java heap of size 10000M.
Running CPAchecker with the following extra VM options:  -Djava.io.tmpdir=/tmp/BenchExec_run_sdeu3gzl/tmp
Begin analysis 
PredicateCPA statistics
-----------------------
Read Precision Time:                0.000s
Precision file size:                0
Write Precision Time:               0.004s
Number of abstractions:            1748 (13% of all post computations)
  Times abstraction was reused:    0
  Because of function entry/exit:  1552 (89%)
  Because of loop head:            196 (11%)
  Because of join nodes:           0 (0%)
  Because of threshold:            0 (0%)
  Times precision was empty:       277 (16%)
  Times precision was {false}:     55 (3%)
  Times result was cached:         1045 (60%)
  Times cartesian abs was used:    0 (0%)
  Times boolean abs was used:      371 (21%)
  Times result was 'false':        43 (2%)
Number of strengthen sat checks:   19
  Times result was 'false':        0 (0%)
Number of coverage checks:         1889
  BDD entailment checks:           351
Number of SMT sat checks:          19
  trivial:                         19
  cached:                          0

Max ABE block size:                       22
Number of predicates discovered:          5
Number of abstraction locations:          0
Max number of predicates per location:    0
Avg number of predicates per location:    0
Total predicates per abstraction:         732
Max number of predicates per abstraction: 4
Avg number of predicates per abstraction: 1.72
Number of irrelevant predicates:          205 (28%)
Number of preds handled by boolean abs:   527 (72%)
  Total number of models for allsat:      381
  Max number of models for allsat:        2
  Avg number of models for allsat:        1.03

Number of path formula cache hits:   10303 (67%)

Time for post operator:                  1.198s
  Time for path formula creation:        0.769s
    Actual computation:                  0.701s
Time for strengthen operator:            0.042s
  Time for satisfiability checks:        0.000s
Time for prec operator:                  1.253s
  Time for abstraction:                  1.122s (Max:     0.102s, Count: 1748)
    Boolean abstraction:                 0.231s
    Solving time:                        0.163s (Max:     0.009s)
    Model enumeration time:              0.012s
    Time for BDD construction:           0.021s (Max:     0.009s)
Time for merge operator:                 0.127s
Time for coverage check:                 0.008s
  Time for BDD entailment checks:        0.003s
Total time for SMT solver (w/o itp):     0.175s

Number of BDD nodes:                               220
Size of BDD node table:                            466043
Size of BDD cache:                                 46619
Size of BDD node cleanup queue:                         404 (count: 5814, min: 0, max: 204, avg: 0.07)
Time for BDD node cleanup:                             0.003s
Time for BDD garbage collection:                       0.000s (in 0 runs)

PrecisionBootstrap statistics
-----------------------------
Init. function predicates:                         0
Init. global predicates:                           0
Init. location predicates:                         0

ImpactedCPA statistics
----------------------
  Number of invariants partial hits:                            0
  Number of invariants hits:                                    0
  Number of invariants trys:                                    0
  Number of invariants bots:                                    0
  Number of invariants not valid:                               0
  Initial reached size:                                         1
  Input invariants file size:                                   0
  Max impacted number of variables:                             0
  Number of last version invariants:                            0
  Number of this version invariants:                            52
  CPU time for invariant read:                                      0.000s
  CPU time for invariant write:                                     0.080s
  Time for invariant write:                                         0.039s
  Time for invariant read:                                          0.000s

AutomatonAnalysis (SVCOMP) statistics
-------------------------------------
Number of states:                                  1
Total time for successor computation:                  0.046s
Automaton transfers with branching:                0
Automaton transfer successors:                        13866 (count: 13866, min: 1, max: 1, avg: 1.00) [1 x 13866]

CPA algorithm statistics
------------------------
Number of iterations:            12646
Max size of waitlist:            28
Average size of waitlist:        13
Number of computed successors:   13866
Max successors for one state:    2
Number of times merged:          769
Number of times stopped:         1028
Number of times abs stopped:     259
Number of times nonAbs stopped:  1538
Number of coverage check (part): 1889
Number of times doAbstraction node:  1748
Number of times breaked:         19

Total time for CPA algorithm:         3.673s (Max:     0.519s)
CPU time for CPA algorithm:           7.240s
  Time for choose from waitlist:      0.035s
  Time for precision adjustment:      1.369s
  Time for transfer relation:         1.660s
  Time for merge operator:            0.192s
  Time for stop operator:             0.059s
  Time for adding to reached set:     0.103s

Predicate-Abstraction Refiner statistics
----------------------------------------
Avg. length of target path (in blocks):                 287 (count: 19, min: 6, max: 23, avg: 15.11)
Number of infeasible sliced prefixes:                     0 (count: 0, min: 0, max: 0, avg: 0.00)

Time for refinement:                                   0.544s
  Counterexample analysis:                0.448s (Max:     0.071s, Calls: 19)
    Refinement sat check:                 0.115s
    Interpolant computation:              0.000s
  Error path post-processing:                          0.000s
  Path-formulas extraction:                            0.000s
  Building the counterexample trace:                   0.448s
  Extracting precise counterexample:                   0.000s
  Extracting infeasible sliced prefixes:               0.000s
  Selecting infeasible sliced prefixes:                0.000s
  Predicate creation:                                  0.007s
  Precision update:                                    0.003s
  ARG update:                                          0.062s

Length of refined path (in blocks):                     245 (count: 19, min: 4, max: 22, avg: 12.89)
Number of affected states:                              167 (count: 19, min: 1, max: 18, avg: 8.79)
Length (states) of path with itp 'true':                 59 (count: 19, min: 0, max: 16, avg: 3.11)
Length (states) of path with itp non-trivial itp:       167 (count: 19, min: 1, max: 18, avg: 8.79)
Length (states) of path with itp 'false':                19 (count: 19, min: 1, max: 1, avg: 1.00)
Different non-trivial interpolants along paths:           0 (count: 19, min: 0, max: 0, avg: 0.00)
Equal non-trivial interpolants along paths:             148 (count: 19, min: 0, max: 17, avg: 7.79)
Different precisions along paths:                         0 (count: 0, min: 0, max: 0, avg: 0.00)
Equal precisions along paths:                             0 (count: 0, min: 0, max: 0, avg: 0.00)
Number of refs with location-based cutoff:                0

CEGAR algorithm statistics
--------------------------
Number of refinements:                19
Number of successful refinements:     19
Number of failed refinements:         0
Max. size of reached set before ref.: 1633
Max. size of reached set after ref.:  1608
Avg. size of reached set before ref.: 1285.05
Avg. size of reached set after ref.:  696.58

Total time for CEGAR algorithm:       4.246s
CPU time for CEGAR algorithm:         8.400s
Time for refinements:                 0.570s
CPU time for refinements:             1.150s
Average time for refinement:          0.030s
Max time for refinement:              0.078s
First time for refinement:             0.183s
Last time for refinement:              0.005s
Average time for analysis:          0.183s
Number of analysis:                20

Code Coverage
-----------------------------
  Visited lines:          2443
  Total lines:            3
  Line coverage:          814.333

CPAchecker general statistics
-----------------------------
Number of program locations:     1037
Number of CFA edges:             1148
Number of relevant variables:    131
Number of functions:             28
Number of loops:                 4
Size of reached set:             1615
  Number of reached locations:   920 (89%)
    Avg states per location:     1
    Max states per location:     24 (at node N559)
  Number of reached functions:   19 (68%)
  Number of partitions:          1605
    Avg size of partitions:      1
    Max size of partitions:      3 (with key [N64 (before /work/ldvuser/novikov/work/current--X--drivers/media/video/videobuf-vmalloc.ko--X--defaultlinux--X--32_7a--X--cpachecker/linux/csd_deg_dscv/10/dscv_tempdir/dscv/ri/32_7a/drivers/media/video/videobuf-vmalloc.c.prepared, line 90), Function videobuf_vm_close called from node N490, stack depth 2 [29db008c], stack [ldv_main0_sequence_infinite_withcheck_stateful, videobuf_vm_close], Init])
  Number of target states:       0

Time for analysis setup:                   1.444s
  Time for cfa diff:                   0.000s
  Time for loading CPAs:                   0.331s
  Time for impacted traverse:              0.009s
  Time for loading parser:        0.021s
  Time for CFA construction:      1.004s
    Time for parsing file(s):     0.339s
    Time for AST to CFA:          0.344s
    Time for CFA sanity check:    0.000s
    Time for post-processing:     0.214s
      Time for var class.:        0.000s
Time for normal Analysis:                         4.246s
CPU time for analysis:                     8.400s
CPU time for impacted:                     0.000s
CPU time for normal analysis:              8.400s
CPU time for init:                         0.000s

Time for Garbage Collector:       0.192s (in 8 runs)
Garbage Collector(s) used:    PS MarkSweep, PS Scavenge
Used heap memory:                277MB (   264 MiB) max;     77MB (    74 MiB) avg;    289MB (   275 MiB) peak
Used non-heap memory:             35MB (    34 MiB) max;     29MB (    28 MiB) avg;     38MB (    36 MiB) peak
Used in PS Old Gen pool:          23MB (    22 MiB) max;     13MB (    13 MiB) avg;     23MB (    22 MiB) peak
Allocated heap memory:           412MB (   393 MiB) max;    232MB (   221 MiB) avg
Allocated non-heap memory:        39MB (    37 MiB) max;     31MB (    29 MiB) avg
Total process virtual memory:  13240MB ( 12627 MiB) max;  13237MB ( 12624 MiB) avg

Verification result: TRUE. No property violation found by chosen configuration.
More details about the verification run can be found in the directory "/home/yqs17/blazer/cpachecker-inc-pred/output-us-precise-cfa/32_7a.media--video--videobuf-vmalloc.ko.set/007.0b29669.32_7a.cil_safe.i".
