scripts/cpa.sh -heap 10000M -predicateAnalysis-ABElfb-debug -setprop cpa.impacted.eliminate=true -disable-java-assertions -outputpath /home/yqs17/blazer/cpachecker-inc-pred/output-us-precise-cfa/32_7a.usb--serial--spcp8x5.ko.set/006.c197a8d.32_7a.cil_safe.i -isIncPred -spec /home/yqs17/blazer/cpachecker-inc-pred/LDVErrorLabel.spc -stats -setprop cpa.impacted.pre_invariants.file=/home/yqs17/blazer/cpachecker-inc-pred/output-us-precise-cfa/32_7a.usb--serial--spcp8x5.ko.set/005.4a90f09.32_7a.cil_safe.i/impacted-invariants.txt -setprop analysis.prev.program=/home/yqs17/blazer/cpachecker-inc-pred/programs/drivers--usb--serial--spcp8x5.ko/005.4a90f09.32_7a.cil_safe.i -entryfunction ldv_main0_sequence_infinite_withcheck_stateful /home/yqs17/blazer/cpachecker-inc-pred/programs/drivers--usb--serial--spcp8x5.ko/006.c197a8d.32_7a.cil_safe.i


--------------------------------------------------------------------------------


Running CPAchecker with Java heap of size 10000M.
Running CPAchecker with the following extra VM options:  -Djava.io.tmpdir=/tmp/BenchExec_run_1kf33341/tmp
Number of modified edges: 31
Begin analysis 
Read invariant objects done
ImpactedCPA statistics
----------------------
  Number of invariants partial hits:                            0
  Number of invariants hits:                                    6
  Number of invariants trys:                                    9
  Number of invariants bots:                                    3
  Number of invariants not valid:                               0
  Initial reached size:                                         646
  Input invariants file size:                                   947
  Max impacted number of variables:                             243
  Number of last version invariants:                            50
  Number of this version invariants:                            0
  CPU time for invariant read:                                      0.170s
  CPU time for invariant write:                                     0.000s
  Time for invariant write:                                         0.000s
  Time for invariant read:                                          0.082s

AutomatonAnalysis (SVCOMP) statistics
-------------------------------------
Number of states:                                  1
Total time for successor computation:                  0.528s
  Time for transition matches:                         0.421s
  Time for transition assertions:                      0.000s
  Time for transition actions:                         0.000s
Automaton transfers with branching:                0
Automaton transfer successors:                       158263 (count: 158263, min: 1, max: 1, avg: 1.00) [1 x 158263]

CPA algorithm statistics
------------------------
Number of iterations:            144980
Max size of waitlist:            622
Average size of waitlist:        368
Number of computed successors:   158263
Max successors for one state:    2
Number of times merged:          2193
Number of times stopped:         15358
Number of times abs stopped:     238
Number of times nonAbs stopped:  584
Number of coverage check (part): 822
Number of times doAbstraction node:  863
Number of times breaked:         0

Total time for CPA algorithm:        34.299s (Max:    33.074s)
CPU time for CPA algorithm:          71.580s
  Time for choose from waitlist:      0.102s
  Time for precision adjustment:      0.188s
  Time for transfer relation:        28.293s
  Time for merge operator:            4.174s
  Time for stop operator:             0.594s
  Time for adding to reached set:     0.207s

PredicateCPA statistics
-----------------------
Read Precision Time:                0.000s
Precision file size:                240
Write Precision Time:               0.004s
Number of abstractions:            854 (12% of all post computations)
  Times abstraction was reused:    0
  Because of function entry/exit:  826 (97%)
  Because of loop head:            37 (4%)
  Because of join nodes:           0 (0%)
  Because of threshold:            0 (0%)
  Times precision was empty:       0 (0%)
  Times precision was {false}:     0 (0%)
  Times result was cached:         354 (41%)
  Times cartesian abs was used:    0 (0%)
  Times boolean abs was used:      506 (59%)
  Times result was 'false':        0 (0%)
Number of strengthen sat checks:   0
Number of coverage checks:         822
  BDD entailment checks:           238
Number of SMT sat checks:          649
  trivial:                         535
  cached:                          96

Max ABE block size:                       58
Number of predicates discovered:          1
Number of abstraction locations:          0
Max number of predicates per location:    0
Avg number of predicates per location:    0
Total predicates per abstraction:         506
Max number of predicates per abstraction: 1
Avg number of predicates per abstraction: 1.00
Number of irrelevant predicates:          0 (0%)
Number of preds handled by boolean abs:   506 (100%)
  Total number of models for allsat:      506
  Max number of models for allsat:        1
  Avg number of models for allsat:        1.00

Number of path formula cache hits:   43 (1%)

Time for post operator:                  2.112s
  Time for path formula creation:        1.921s
    Actual computation:                  1.848s
Time for strengthen operator:            0.023s
Time for prec operator:                  0.907s
  Time for abstraction:                  0.803s (Max:     0.036s, Count: 854)
    Boolean abstraction:                 0.292s
    Solving time:                        0.194s (Max:     0.022s)
    Model enumeration time:              0.011s
    Time for BDD construction:           0.039s (Max:     0.015s)
Time for merge operator:                 0.248s
Time for coverage check:                 0.004s
  Time for BDD entailment checks:        0.003s
Total time for SMT solver (w/o itp):     0.278s

Number of BDD nodes:                               202
Size of BDD node table:                            466043
Size of BDD cache:                                 46619
Size of BDD node cleanup queue:                         271 (count: 11382, min: 0, max: 271, avg: 0.02)
Time for BDD node cleanup:                             0.003s
Time for BDD garbage collection:                       0.000s (in 0 runs)

PrecisionBootstrap statistics
-----------------------------
Init. function predicates:                         0
Init. global predicates:                           0
Init. location predicates:                         0

ImpactedCPA statistics
----------------------
  Number of invariants partial hits:                            0
  Number of invariants hits:                                    6
  Number of invariants trys:                                    9
  Number of invariants bots:                                    3
  Number of invariants not valid:                               0
  Initial reached size:                                         646
  Input invariants file size:                                   947
  Max impacted number of variables:                             243
  Number of last version invariants:                            50
  Number of this version invariants:                            195
  CPU time for invariant read:                                      0.170s
  CPU time for invariant write:                                     0.080s
  Time for invariant write:                                         0.042s
  Time for invariant read:                                          0.082s

AutomatonAnalysis (SVCOMP) statistics
-------------------------------------
Number of states:                                  1
Total time for successor computation:                  0.025s
Automaton transfers with branching:                0
Automaton transfer successors:                         6838 (count: 6838, min: 1, max: 1, avg: 1.00) [1 x 6838]

CPA algorithm statistics
------------------------
Number of iterations:            5674
Max size of waitlist:            53
Average size of waitlist:        22
Number of computed successors:   6189
Max successors for one state:    2
Number of times merged:          291
Number of times stopped:         529
Number of times abs stopped:     238
Number of times nonAbs stopped:  584
Number of coverage check (part): 822
Number of times doAbstraction node:  863
Number of times breaked:         0

Total time for CPA algorithm:         3.484s (Max:     3.484s)
CPU time for CPA algorithm:          71.580s
  Time for choose from waitlist:      0.014s
  Time for precision adjustment:      0.889s
  Time for transfer relation:         2.192s
  Time for merge operator:            0.260s
  Time for stop operator:             0.019s
  Time for adding to reached set:     0.031s

Predicate-Abstraction Refiner statistics
----------------------------------------
  Predicate creation:                                  0.000s
  Precision update:                                    0.000s
  ARG update:                                          0.000s

Length of refined path (in blocks):                       0 (count: 0, min: 0, max: 0, avg: 0.00)
Number of affected states:                                0 (count: 0, min: 0, max: 0, avg: 0.00)
Length (states) of path with itp 'true':                  0 (count: 0, min: 0, max: 0, avg: 0.00)
Length (states) of path with itp non-trivial itp:         0 (count: 0, min: 0, max: 0, avg: 0.00)
Length (states) of path with itp 'false':                 0 (count: 0, min: 0, max: 0, avg: 0.00)
Different non-trivial interpolants along paths:           0 (count: 0, min: 0, max: 0, avg: 0.00)
Equal non-trivial interpolants along paths:               0 (count: 0, min: 0, max: 0, avg: 0.00)
Different precisions along paths:                         0 (count: 0, min: 0, max: 0, avg: 0.00)
Equal precisions along paths:                             0 (count: 0, min: 0, max: 0, avg: 0.00)
Number of refs with location-based cutoff:                0

CEGAR algorithm statistics
--------------------------
Number of refinements:                0
Refinement times:             0
First time for refinement:             3.484s
Last time for refinement:              3.484s
Average time for analysis:          3.484s
Number of analysis:                1

Code Coverage
-----------------------------
  Visited lines:          3863
  Total lines:            10
  Line coverage:          386.300

CPAchecker general statistics
-----------------------------
Number of program locations:     2454
Number of CFA edges:             2899
Number of relevant variables:    387
Number of functions:             48
Number of loops:                 7
Size of reached set:             6306
  Number of reached locations:   2454 (100%)
    Avg states per location:     2
    Max states per location:     106 (at node N2038)
  Number of reached functions:   48 (100%)
  Number of partitions:          6192
    Avg size of partitions:      1
    Max size of partitions:      5 (with key [N2039 (entry of function __builtin_expect in /home/ldvuser/ldv/inst/kernel-rules/verifier/rcv.h, lines 49-57), -136659702, Init])
  Number of target states:       0

Time for analysis setup:                  41.096s
  Time for cfa diff:                   4.143s
  Time for loading CPAs:                   0.423s
  Time for impacted traverse:              0.020s
  Time for loading parser:        0.034s
  Time for CFA construction:      1.594s
    Time for parsing file(s):     0.466s
    Time for AST to CFA:          0.563s
    Time for CFA sanity check:    0.000s
    Time for post-processing:     0.396s
      Time for var class.:        0.000s
Time for normal Analysis:                         3.484s
CPU time for analysis:                     7.600s
CPU time for impacted:                    65.180s
CPU time for normal analysis:              6.870s
CPU time for init:                         0.730s

Time for Garbage Collector:      17.297s (in 19 runs)
Garbage Collector(s) used:    PS MarkSweep, PS Scavenge
Used heap memory:               1374MB (  1310 MiB) max;    498MB (   475 MiB) avg;   1650MB (  1573 MiB) peak
Used non-heap memory:             39MB (    37 MiB) max;     29MB (    27 MiB) avg;     39MB (    38 MiB) peak
Used in PS Old Gen pool:         701MB (   669 MiB) max;    271MB (   258 MiB) avg;    964MB (   920 MiB) peak
Allocated heap memory:          1745MB (  1665 MiB) max;    843MB (   804 MiB) avg
Allocated non-heap memory:        40MB (    38 MiB) max;     33MB (    32 MiB) avg
Total process virtual memory:  13309MB ( 12693 MiB) max;  13298MB ( 12682 MiB) avg

Verification result: TRUE. No property violation found by chosen configuration.
More details about the verification run can be found in the directory "/home/yqs17/blazer/cpachecker-inc-pred/output-us-precise-cfa/32_7a.usb--serial--spcp8x5.ko.set/006.c197a8d.32_7a.cil_safe.i".
