scripts/cpa.sh -heap 10000M -predicateAnalysis-ABElfb-debug -setprop cpa.impacted.eliminate=true -disable-java-assertions -outputpath /home/yqs17/blazer/cpachecker-inc-pred/output-us-precise-cfa/32_7a.hwmon--it87.ko.set/080.3d30f9e.32_7a.cil_safe.i -isIncPred -spec /home/yqs17/blazer/cpachecker-inc-pred/LDVErrorLabel.spc -stats -setprop cpa.impacted.pre_invariants.file=/home/yqs17/blazer/cpachecker-inc-pred/output-us-precise-cfa/32_7a.hwmon--it87.ko.set/079.fa8b697.32_7a.cil_safe.i/impacted-invariants.txt -setprop analysis.prev.program=/home/yqs17/blazer/cpachecker-inc-pred/programs/drivers--hwmon--it87.ko/079.fa8b697.32_7a.cil_safe.i -entryfunction ldv_main0_sequence_infinite_withcheck_stateful /home/yqs17/blazer/cpachecker-inc-pred/programs/drivers--hwmon--it87.ko/080.3d30f9e.32_7a.cil_safe.i


--------------------------------------------------------------------------------


Running CPAchecker with Java heap of size 10000M.
Running CPAchecker with the following extra VM options:  -Djava.io.tmpdir=/tmp/BenchExec_run_2g3zys6d/tmp
Number of modified edges: 81
Begin analysis 
Read invariant objects done
ImpactedCPA statistics
----------------------
  Number of invariants partial hits:                            0
  Number of invariants hits:                                    32
  Number of invariants trys:                                    44
  Number of invariants bots:                                    12
  Number of invariants not valid:                               0
  Initial reached size:                                         1158
  Input invariants file size:                                   3892
  Max impacted number of variables:                             0
  Number of last version invariants:                            173
  Number of this version invariants:                            0
  CPU time for invariant read:                                      0.760s
  CPU time for invariant write:                                     0.000s
  Time for invariant write:                                         0.000s
  Time for invariant read:                                          0.399s

AutomatonAnalysis (SVCOMP) statistics
-------------------------------------
Number of states:                                  1
Total time for successor computation:                  0.006s
Automaton transfers with branching:                0
Automaton transfer successors:                          989 (count: 989, min: 1, max: 1, avg: 1.00) [1 x 989]

CPA algorithm statistics
------------------------
Number of iterations:            973
Max size of waitlist:            12
Average size of waitlist:        1
Number of computed successors:   989
Max successors for one state:    2
Number of times merged:          0
Number of times stopped:         5
Number of times abs stopped:     68
Number of times nonAbs stopped:  624
Number of coverage check (part): 692
Number of times doAbstraction node:  629
Number of times breaked:         1

Total time for CPA algorithm:         0.103s (Max:     0.103s)
CPU time for CPA algorithm:           4.570s
  Time for choose from waitlist:      0.004s
  Time for precision adjustment:      0.013s
  Time for transfer relation:         0.052s
  Time for merge operator:            0.001s
  Time for stop operator:             0.006s
  Time for adding to reached set:     0.006s

PredicateCPA statistics
-----------------------
Read Precision Time:                0.000s
Precision file size:                0
Write Precision Time:               0.002s
Number of abstractions:            585 (14% of all post computations)
  Times abstraction was reused:    0
  Because of function entry/exit:  568 (97%)
  Because of loop head:            61 (10%)
  Because of join nodes:           0 (0%)
  Because of threshold:            0 (0%)
  Times precision was empty:       0 (0%)
  Times precision was {false}:     0 (0%)
  Times result was cached:         370 (60%)
  Times cartesian abs was used:    0 (0%)
  Times boolean abs was used:      247 (40%)
  Times result was 'false':        0 (0%)
Number of strengthen sat checks:   0
Number of coverage checks:         692
  BDD entailment checks:           68
Number of SMT sat checks:          1188
  trivial:                         546
  cached:                          338

Max ABE block size:                       37
Number of predicates discovered:          5
Number of abstraction locations:          0
Max number of predicates per location:    0
Avg number of predicates per location:    0
Total predicates per abstraction:         1231
Max number of predicates per abstraction: 5
Avg number of predicates per abstraction: 4.98
Number of irrelevant predicates:          0 (0%)
Number of preds handled by boolean abs:   1231 (100%)
  Total number of models for allsat:      266
  Max number of models for allsat:        2
  Avg number of models for allsat:        1.08

Number of path formula cache hits:   414 (10%)

Time for post operator:                 12.044s
  Time for path formula creation:        1.088s
    Actual computation:                  0.969s
Time for strengthen operator:            0.018s
Time for prec operator:                  1.008s
  Time for abstraction:                  0.647s (Max:     0.034s, Count: 585)
    Boolean abstraction:                 0.418s
    Solving time:                        0.283s (Max:     0.139s)
    Model enumeration time:              0.008s
    Time for BDD construction:           0.016s (Max:     0.003s)
Time for merge operator:                 0.652s
Time for coverage check:                 0.000s
  Time for BDD entailment checks:        0.000s
Total time for SMT solver (w/o itp):    10.713s

Number of BDD nodes:                               232
Size of BDD node table:                            466043
Size of BDD cache:                                 46619
Size of BDD node cleanup queue:                         109 (count: 13274, min: 0, max: 109, avg: 0.01)
Time for BDD node cleanup:                             0.000s
Time for BDD garbage collection:                       0.000s (in 0 runs)

PrecisionBootstrap statistics
-----------------------------
Init. function predicates:                         0
Init. global predicates:                           0
Init. location predicates:                         0

ImpactedCPA statistics
----------------------
  Number of invariants partial hits:                            0
  Number of invariants hits:                                    32
  Number of invariants trys:                                    44
  Number of invariants bots:                                    12
  Number of invariants not valid:                               0
  Initial reached size:                                         1158
  Input invariants file size:                                   3892
  Max impacted number of variables:                             0
  Number of last version invariants:                            173
  Number of this version invariants:                            132
  CPU time for invariant read:                                      0.760s
  CPU time for invariant write:                                     0.090s
  Time for invariant write:                                         0.042s
  Time for invariant read:                                          0.399s

AutomatonAnalysis (SVCOMP) statistics
-------------------------------------
Number of states:                                  1
Total time for successor computation:                  0.007s
Automaton transfers with branching:                0
Automaton transfer successors:                         4105 (count: 4105, min: 1, max: 1, avg: 1.00) [1 x 4105]

CPA algorithm statistics
------------------------
Number of iterations:            2649
Max size of waitlist:            23
Average size of waitlist:        13
Number of computed successors:   2919
Max successors for one state:    2
Number of times merged:          295
Number of times stopped:         363
Number of times abs stopped:     68
Number of times nonAbs stopped:  624
Number of coverage check (part): 692
Number of times doAbstraction node:  629
Number of times breaked:         0

Total time for CPA algorithm:         2.210s (Max:     2.210s)
CPU time for CPA algorithm:           4.570s
  Time for choose from waitlist:      0.007s
  Time for precision adjustment:      0.732s
  Time for transfer relation:         0.703s
  Time for merge operator:            0.665s
  Time for stop operator:             0.015s
  Time for adding to reached set:     0.022s

Predicate-Abstraction Refiner statistics
----------------------------------------
  Predicate creation:                                  0.000s
  Precision update:                                    0.000s
  ARG update:                                          0.000s

Length of refined path (in blocks):                       0 (count: 0, min: 0, max: 0, avg: 0.00)
Number of affected states:                                0 (count: 0, min: 0, max: 0, avg: 0.00)
Length (states) of path with itp 'true':                  0 (count: 0, min: 0, max: 0, avg: 0.00)
Length (states) of path with itp non-trivial itp:         0 (count: 0, min: 0, max: 0, avg: 0.00)
Length (states) of path with itp 'false':                 0 (count: 0, min: 0, max: 0, avg: 0.00)
Different non-trivial interpolants along paths:           0 (count: 0, min: 0, max: 0, avg: 0.00)
Equal non-trivial interpolants along paths:               0 (count: 0, min: 0, max: 0, avg: 0.00)
Different precisions along paths:                         0 (count: 0, min: 0, max: 0, avg: 0.00)
Equal precisions along paths:                             0 (count: 0, min: 0, max: 0, avg: 0.00)
Number of refs with location-based cutoff:                0

CEGAR algorithm statistics
--------------------------
Number of refinements:                0
Refinement times:             0
First time for refinement:             2.210s
Last time for refinement:              2.210s
Average time for analysis:          2.210s
Number of analysis:                1

Code Coverage
-----------------------------
  Visited lines:          3253
  Total lines:            10
  Line coverage:          325.300

CPAchecker general statistics
-----------------------------
Number of program locations:     3470
Number of CFA edges:             4165
Number of relevant variables:    695
Number of functions:             144
Number of loops:                 21
Size of reached set:             3714
  Number of reached locations:   1755 (51%)
    Avg states per location:     2
    Max states per location:     57 (at node N27)
  Number of reached functions:   35 (24%)
  Number of partitions:          3665
    Avg size of partitions:      1
    Max size of partitions:      6 (with key [N1646 (entry of function it87_remove_files in /work/ldvuser/novikov/work/current--X--drivers/hwmon/it87.ko--X--defaultlinux--X--32_7a--X--cpachecker/linux/csd_deg_dscv/11/dscv_tempdir/dscv/ri/32_7a/drivers/hwmon/it87.c.prepared, lines 1749-1858), 823035592, Init])
  Number of target states:       0

Time for analysis setup:                  19.581s
  Time for cfa diff:                   4.878s
  Time for loading CPAs:                   0.350s
  Time for impacted traverse:              0.012s
  Time for loading parser:        0.022s
  Time for CFA construction:      1.815s
    Time for parsing file(s):     0.437s
    Time for AST to CFA:          0.675s
    Time for CFA sanity check:    0.000s
    Time for post-processing:     0.532s
      Time for var class.:        0.000s
Time for normal Analysis:                         2.210s
CPU time for analysis:                    26.720s
CPU time for impacted:                     0.570s
CPU time for normal analysis:              4.380s
CPU time for init:                        22.350s

Time for Garbage Collector:       0.357s (in 18 runs)
Garbage Collector(s) used:    PS MarkSweep, PS Scavenge
Used heap memory:               1334MB (  1273 MiB) max;    308MB (   294 MiB) avg;   1348MB (  1286 MiB) peak
Used non-heap memory:             41MB (    39 MiB) max;     32MB (    31 MiB) avg;     42MB (    40 MiB) peak
Used in PS Old Gen pool:          32MB (    31 MiB) max;     26MB (    25 MiB) avg;     43MB (    41 MiB) peak
Allocated heap memory:          1418MB (  1353 MiB) max;    678MB (   647 MiB) avg
Allocated non-heap memory:        43MB (    41 MiB) max;     35MB (    33 MiB) avg
Total process virtual memory:  13307MB ( 12691 MiB) max;  13296MB ( 12680 MiB) avg

Verification result: TRUE. No property violation found by chosen configuration.
More details about the verification run can be found in the directory "/home/yqs17/blazer/cpachecker-inc-pred/output-us-precise-cfa/32_7a.hwmon--it87.ko.set/080.3d30f9e.32_7a.cil_safe.i".
