scripts/cpa.sh -heap 10000M -predicateAnalysis-ABElfb-debug -setprop cpa.impacted.eliminate=true -disable-java-assertions -outputpath /home/yqs17/blazer/cpachecker-inc-pred/output-us-precise-cfa/39_7a.usb--serial--mos7840.ko.set/043.9e221a3.39_7a.cil_safe.i -isIncPred -spec /home/yqs17/blazer/cpachecker-inc-pred/LDVErrorLabel.spc -stats -setprop cpa.impacted.pre_invariants.file=/home/yqs17/blazer/cpachecker-inc-pred/output-us-precise-cfa/39_7a.usb--serial--mos7840.ko.set/042.27f1281.39_7a.cil_safe.i/impacted-invariants.txt -setprop analysis.prev.program=/home/yqs17/blazer/cpachecker-inc-pred/programs/drivers--usb--serial--mos7840.ko/042.27f1281.39_7a.cil_safe.i -entryfunction ldv_main0_sequence_infinite_withcheck_stateful /home/yqs17/blazer/cpachecker-inc-pred/programs/drivers--usb--serial--mos7840.ko/043.9e221a3.39_7a.cil_safe.i


--------------------------------------------------------------------------------


Running CPAchecker with Java heap of size 10000M.
Running CPAchecker with the following extra VM options:  -Djava.io.tmpdir=/tmp/BenchExec_run_gal57gwr/tmp
Number of modified edges: 48
Begin analysis 
Read invariant objects done
ImpactedCPA statistics
----------------------
  Number of invariants partial hits:                            0
  Number of invariants hits:                                    44
  Number of invariants trys:                                    63
  Number of invariants bots:                                    25
  Number of invariants not valid:                               6
  Initial reached size:                                         1335
  Input invariants file size:                                   6399
  Max impacted number of variables:                             0
  Number of last version invariants:                            219
  Number of this version invariants:                            0
  CPU time for invariant read:                                      0.860s
  CPU time for invariant write:                                     0.000s
  Time for invariant write:                                         0.000s
  Time for invariant read:                                          0.454s

AutomatonAnalysis (SVCOMP) statistics
-------------------------------------
Number of states:                                  1
Total time for successor computation:                  0.014s
Automaton transfers with branching:                0
Automaton transfer successors:                          842 (count: 842, min: 1, max: 1, avg: 1.00) [1 x 842]

CPA algorithm statistics
------------------------
Number of iterations:            834
Max size of waitlist:            6
Average size of waitlist:        1
Number of computed successors:   842
Max successors for one state:    2
Number of times merged:          0
Number of times stopped:         3
Number of times abs stopped:     484
Number of times nonAbs stopped:  5158
Number of coverage check (part): 5785
Number of times doAbstraction node:  2923
Number of times breaked:         1

Total time for CPA algorithm:         0.116s (Max:     0.116s)
CPU time for CPA algorithm:          20.630s
  Time for choose from waitlist:      0.002s
  Time for precision adjustment:      0.011s
  Time for transfer relation:         0.074s
  Time for merge operator:            0.001s
  Time for stop operator:             0.008s
  Time for adding to reached set:     0.003s

PredicateCPA statistics
-----------------------
Read Precision Time:                0.000s
Precision file size:                370
Write Precision Time:               0.003s
Number of abstractions:            2860 (11% of all post computations)
  Times abstraction was reused:    0
  Because of function entry/exit:  2749 (96%)
  Because of loop head:            174 (6%)
  Because of join nodes:           0 (0%)
  Because of threshold:            0 (0%)
  Times precision was empty:       0 (0%)
  Times precision was {false}:     0 (0%)
  Times result was cached:         737 (25%)
  Times cartesian abs was used:    0 (0%)
  Times boolean abs was used:      2167 (75%)
  Times result was 'false':        103 (4%)
Number of strengthen sat checks:   1
  Times result was 'false':        0 (0%)
Number of coverage checks:         5785
  BDD entailment checks:           627
Number of SMT sat checks:          1410
  trivial:                         574
  cached:                          525

Max ABE block size:                       38
Number of predicates discovered:          15
Number of abstraction locations:          0
Max number of predicates per location:    0
Avg number of predicates per location:    0
Total predicates per abstraction:         26271
Max number of predicates per abstraction: 13
Avg number of predicates per abstraction: 12.12
Number of irrelevant predicates:          5686 (22%)
Number of preds handled by boolean abs:   20585 (78%)
  Total number of models for allsat:      3741
  Max number of models for allsat:        65
  Avg number of models for allsat:        1.73

Number of path formula cache hits:   7575 (29%)

Time for post operator:                  4.757s
  Time for path formula creation:        2.556s
    Actual computation:                  2.324s
Time for strengthen operator:            0.035s
  Time for satisfiability checks:        0.000s
Time for prec operator:                  5.204s
  Time for abstraction:                  4.732s (Max:     0.050s, Count: 2860)
    Boolean abstraction:                 2.524s
    Solving time:                        0.535s (Max:     0.048s)
    Model enumeration time:              0.170s
    Time for BDD construction:           0.109s (Max:     0.020s)
Time for merge operator:                 0.517s
Time for coverage check:                 0.008s
  Time for BDD entailment checks:        0.004s
Total time for SMT solver (w/o itp):     1.346s

Number of BDD nodes:                               4307
Size of BDD node table:                            466043
Size of BDD cache:                                 46619
Size of BDD node cleanup queue:                        2416 (count: 27045, min: 0, max: 481, avg: 0.09)
Time for BDD node cleanup:                             0.008s
Time for BDD garbage collection:                       0.000s (in 0 runs)

PrecisionBootstrap statistics
-----------------------------
Init. function predicates:                         0
Init. global predicates:                           0
Init. location predicates:                         0

ImpactedCPA statistics
----------------------
  Number of invariants partial hits:                            0
  Number of invariants hits:                                    44
  Number of invariants trys:                                    63
  Number of invariants bots:                                    25
  Number of invariants not valid:                               6
  Initial reached size:                                         1335
  Input invariants file size:                                   6399
  Max impacted number of variables:                             0
  Number of last version invariants:                            219
  Number of this version invariants:                            287
  CPU time for invariant read:                                      0.860s
  CPU time for invariant write:                                     0.230s
  Time for invariant write:                                         0.126s
  Time for invariant read:                                          0.454s

AutomatonAnalysis (SVCOMP) statistics
-------------------------------------
Number of states:                                  1
Total time for successor computation:                  0.059s
Automaton transfers with branching:                0
Automaton transfer successors:                        25102 (count: 25102, min: 1, max: 1, avg: 1.00) [1 x 25102]

CPA algorithm statistics
------------------------
Number of iterations:            20902
Max size of waitlist:            86
Average size of waitlist:        40
Number of computed successors:   23698
Max successors for one state:    2
Number of times merged:          2534
Number of times stopped:         3018
Number of times abs stopped:     484
Number of times nonAbs stopped:  5158
Number of coverage check (part): 5785
Number of times doAbstraction node:  2923
Number of times breaked:         1

Total time for CPA algorithm:        10.251s (Max:     5.311s)
CPU time for CPA algorithm:          20.630s
  Time for choose from waitlist:      0.051s
  Time for precision adjustment:      4.989s
  Time for transfer relation:         4.015s
  Time for merge operator:            0.622s
  Time for stop operator:             0.086s
  Time for adding to reached set:     0.118s

Predicate-Abstraction Refiner statistics
----------------------------------------
Avg. length of target path (in blocks):                  27 (count: 1, min: 27, max: 27, avg: 27.00)
Number of infeasible sliced prefixes:                     0 (count: 0, min: 0, max: 0, avg: 0.00)

Time for refinement:                                   0.178s
  Counterexample analysis:                0.127s (Max:     0.127s, Calls: 1)
    Refinement sat check:                 0.040s
    Interpolant computation:              0.000s
  Error path post-processing:                          0.000s
  Path-formulas extraction:                            0.000s
  Building the counterexample trace:                   0.128s
  Extracting precise counterexample:                   0.000s
  Extracting infeasible sliced prefixes:               0.000s
  Selecting infeasible sliced prefixes:                0.000s
  Predicate creation:                                  0.001s
  Precision update:                                    0.002s
  ARG update:                                          0.043s

Length of refined path (in blocks):                      26 (count: 1, min: 26, max: 26, avg: 26.00)
Number of affected states:                               24 (count: 1, min: 24, max: 24, avg: 24.00)
Length (states) of path with itp 'true':                  1 (count: 1, min: 1, max: 1, avg: 1.00)
Length (states) of path with itp non-trivial itp:        24 (count: 1, min: 24, max: 24, avg: 24.00)
Length (states) of path with itp 'false':                 1 (count: 1, min: 1, max: 1, avg: 1.00)
Different non-trivial interpolants along paths:           0 (count: 1, min: 0, max: 0, avg: 0.00)
Equal non-trivial interpolants along paths:              23 (count: 1, min: 23, max: 23, avg: 23.00)
Different precisions along paths:                         0 (count: 0, min: 0, max: 0, avg: 0.00)
Equal precisions along paths:                             0 (count: 0, min: 0, max: 0, avg: 0.00)
Number of refs with location-based cutoff:                0

CEGAR algorithm statistics
--------------------------
Number of refinements:                1
Number of successful refinements:     1
Number of failed refinements:         0
Max. size of reached set before ref.: 9812
Max. size of reached set after ref.:  805
Avg. size of reached set before ref.: 9812.00
Avg. size of reached set after ref.:  805.00

Total time for CEGAR algorithm:      10.440s
CPU time for CEGAR algorithm:        20.780s
Time for refinements:                 0.187s
CPU time for refinements:             0.360s
Average time for refinement:          0.187s
Max time for refinement:              0.187s
First time for refinement:             5.126s
Last time for refinement:              5.311s
Average time for analysis:          5.126s
Number of analysis:                2

Code Coverage
-----------------------------
  Visited lines:          5074
  Total lines:            10
  Line coverage:          507.400

CPAchecker general statistics
-----------------------------
Number of program locations:     4644
Number of CFA edges:             5633
Number of relevant variables:    668
Number of functions:             158
Number of loops:                 18
Size of reached set:             12905
  Number of reached locations:   3616 (78%)
    Avg states per location:     3
    Max states per location:     132 (at node N362)
  Number of reached functions:   71 (45%)
  Number of partitions:          12719
    Avg size of partitions:      1
    Max size of partitions:      10 (with key [N378 (entry of function mos7840_set_reg_sync in /work/ldvuser/novikov/work/current--X--drivers/usb/serial/mos7840.ko--X--defaultlinux--X--39_7a--X--cpachecker/linux/csd_deg_dscv/11/dscv_tempdir/dscv/ri/39_7a/drivers/usb/serial/mos7840.c.prepared, lines 347-374), -2136100992, Init])
  Number of target states:       0

Time for analysis setup:                  15.297s
  Time for cfa diff:                  10.310s
  Time for loading CPAs:                   0.457s
  Time for impacted traverse:              0.020s
  Time for loading parser:        0.034s
  Time for CFA construction:      1.946s
    Time for parsing file(s):     0.476s
    Time for AST to CFA:          0.746s
    Time for CFA sanity check:    0.000s
    Time for post-processing:     0.511s
      Time for var class.:        0.000s
Time for normal Analysis:                        10.441s
CPU time for analysis:                    24.320s
CPU time for impacted:                     0.730s
CPU time for normal analysis:             20.780s
CPU time for init:                         3.540s

Time for Garbage Collector:       0.518s (in 13 runs)
Garbage Collector(s) used:    PS MarkSweep, PS Scavenge
Used heap memory:                728MB (   694 MiB) max;    183MB (   174 MiB) avg;    748MB (   713 MiB) peak
Used non-heap memory:             42MB (    40 MiB) max;     32MB (    31 MiB) avg;     42MB (    40 MiB) peak
Used in PS Old Gen pool:          44MB (    42 MiB) max;     26MB (    25 MiB) avg;     44MB (    42 MiB) peak
Allocated heap memory:          1115MB (  1064 MiB) max;    434MB (   414 MiB) avg
Allocated non-heap memory:        44MB (    41 MiB) max;     34MB (    32 MiB) avg
Total process virtual memory:  13310MB ( 12693 MiB) max;  13295MB ( 12679 MiB) avg

Verification result: TRUE. No property violation found by chosen configuration.
More details about the verification run can be found in the directory "/home/yqs17/blazer/cpachecker-inc-pred/output-us-precise-cfa/39_7a.usb--serial--mos7840.ko.set/043.9e221a3.39_7a.cil_safe.i".
