scripts/cpa.sh -heap 10000M -predicateAnalysis-ABElfb-debug -setprop cpa.impacted.eliminate=true -disable-java-assertions -outputpath /home/yqs17/blazer/cpachecker-inc-pred/output-us-precise-cfa/08_1a.mtd--mtdoops.ko.set/011.ecd5b31.08_1a.cil_safe.i -isIncPred -spec /home/yqs17/blazer/cpachecker-inc-pred/LDVErrorLabel.spc -stats -setprop cpa.impacted.pre_invariants.file=/home/yqs17/blazer/cpachecker-inc-pred/output-us-precise-cfa/08_1a.mtd--mtdoops.ko.set/010.7903cba.08_1a.cil_safe.i/impacted-invariants.txt -setprop analysis.prev.program=/home/yqs17/blazer/cpachecker-inc-pred/programs/drivers--mtd--mtdoops.ko/010.7903cba.08_1a.cil_safe.i -entryfunction ldv_main0_sequence_infinite_withcheck_stateful /home/yqs17/blazer/cpachecker-inc-pred/programs/drivers--mtd--mtdoops.ko/011.ecd5b31.08_1a.cil_safe.i


--------------------------------------------------------------------------------


Running CPAchecker with Java heap of size 10000M.
Running CPAchecker with the following extra VM options:  -Djava.io.tmpdir=/tmp/BenchExec_run_y4iak3g9/tmp
Number of modified edges: 51
Begin analysis 
Read invariant objects done
PredicateCPA statistics
-----------------------
Read Precision Time:                0.000s
Precision file size:                1086
Write Precision Time:               0.002s
Number of abstractions:            3 (1% of all post computations)
  Times abstraction was reused:    0
  Because of function entry/exit:  10 (333%)
  Because of loop head:            1 (33%)
  Because of join nodes:           0 (0%)
  Because of threshold:            0 (0%)
  Times precision was empty:       0 (0%)
  Times precision was {false}:     0 (0%)
  Times result was cached:         2 (22%)
  Times cartesian abs was used:    0 (0%)
  Times boolean abs was used:      7 (78%)
  Times result was 'false':        0 (0%)
Number of strengthen sat checks:   0
Number of coverage checks:         11
  BDD entailment checks:           1
Number of SMT sat checks:          433
  trivial:                         343
  cached:                          70

Max ABE block size:                       3
Number of predicates discovered:          1
Number of abstraction locations:          0
Max number of predicates per location:    0
Avg number of predicates per location:    0
Total predicates per abstraction:         7
Max number of predicates per abstraction: 1
Avg number of predicates per abstraction: 1.00
Number of irrelevant predicates:          0 (0%)
Number of preds handled by boolean abs:   7 (100%)
  Total number of models for allsat:      7
  Max number of models for allsat:        1
  Avg number of models for allsat:        1.00

Number of path formula cache hits:   16 (4%)

Time for post operator:                  0.392s
  Time for path formula creation:        0.121s
    Actual computation:                  0.104s
Time for strengthen operator:            0.007s
Time for prec operator:                  0.062s
  Time for abstraction:                  0.002s (Max:     0.001s, Count: 3)
    Boolean abstraction:                 0.028s
    Solving time:                        0.008s (Max:     0.003s)
    Model enumeration time:              0.000s
    Time for BDD construction:           0.007s (Max:     0.006s)
Time for merge operator:                 0.002s
Time for coverage check:                 0.001s
  Time for BDD entailment checks:        0.000s
Total time for SMT solver (w/o itp):     0.129s

Number of BDD nodes:                               202
Size of BDD node table:                            466043
Size of BDD cache:                                 46619
Size of BDD node cleanup queue:                           0 (count: 2932, min: 0, max: 0, avg: 0.00)
Time for BDD node cleanup:                             0.001s
Time for BDD garbage collection:                       0.000s (in 0 runs)

PrecisionBootstrap statistics
-----------------------------
Init. function predicates:                         0
Init. global predicates:                           0
Init. location predicates:                         0

ImpactedCPA statistics
----------------------
  Number of invariants partial hits:                            0
  Number of invariants hits:                                    6
  Number of invariants trys:                                    8
  Number of invariants bots:                                    2
  Number of invariants not valid:                               0
  Initial reached size:                                         431
  Input invariants file size:                                   920
  Max impacted number of variables:                             0
  Number of last version invariants:                            20
  Number of this version invariants:                            7
  CPU time for invariant read:                                      0.140s
  CPU time for invariant write:                                     0.040s
  Time for invariant write:                                         0.018s
  Time for invariant read:                                          0.075s

AutomatonAnalysis (SVCOMP) statistics
-------------------------------------
Number of states:                                  1
Total time for successor computation:                  0.006s
Automaton transfers with branching:                0
Automaton transfer successors:                          448 (count: 448, min: 1, max: 1, avg: 1.00) [1 x 448]

CPA algorithm statistics
------------------------
Number of iterations:            17
Max size of waitlist:            2
Average size of waitlist:        1
Number of computed successors:   16
Max successors for one state:    1
Number of times merged:          5
Number of times stopped:         6
Number of times abs stopped:     1
Number of times nonAbs stopped:  10
Number of coverage check (part): 11
Number of times doAbstraction node:  11
Number of times breaked:         0

Total time for CPA algorithm:         0.018s (Max:     0.018s)
CPU time for CPA algorithm:           0.030s
  Time for choose from waitlist:      0.000s
  Time for precision adjustment:      0.003s
  Time for transfer relation:         0.006s
  Time for merge operator:            0.005s
  Time for stop operator:             0.000s
  Time for adding to reached set:     0.000s

Predicate-Abstraction Refiner statistics
----------------------------------------
  Predicate creation:                                  0.000s
  Precision update:                                    0.000s
  ARG update:                                          0.000s

Length of refined path (in blocks):                       0 (count: 0, min: 0, max: 0, avg: 0.00)
Number of affected states:                                0 (count: 0, min: 0, max: 0, avg: 0.00)
Length (states) of path with itp 'true':                  0 (count: 0, min: 0, max: 0, avg: 0.00)
Length (states) of path with itp non-trivial itp:         0 (count: 0, min: 0, max: 0, avg: 0.00)
Length (states) of path with itp 'false':                 0 (count: 0, min: 0, max: 0, avg: 0.00)
Different non-trivial interpolants along paths:           0 (count: 0, min: 0, max: 0, avg: 0.00)
Equal non-trivial interpolants along paths:               0 (count: 0, min: 0, max: 0, avg: 0.00)
Different precisions along paths:                         0 (count: 0, min: 0, max: 0, avg: 0.00)
Equal precisions along paths:                             0 (count: 0, min: 0, max: 0, avg: 0.00)
Number of refs with location-based cutoff:                0

CEGAR algorithm statistics
--------------------------
Number of refinements:                0
Refinement times:             0
First time for refinement:             0.018s
Last time for refinement:              0.018s
Average time for analysis:          0.018s
Number of analysis:                1

Code Coverage
-----------------------------
  Visited lines:          1567
  Total lines:            5
  Line coverage:          313.400

CPAchecker general statistics
-----------------------------
Number of program locations:     935
Number of CFA edges:             1039
Number of relevant variables:    107
Number of functions:             27
Number of loops:                 4
Size of reached set:             441
  Number of reached locations:   435 (47%)
    Avg states per location:     1
    Max states per location:     2 (at node N47)
  Number of reached functions:   4 (15%)
  Number of partitions:          441
    Avg size of partitions:      1
    Max size of partitions:      1
  Number of target states:       0

Time for analysis setup:                   5.339s
  Time for cfa diff:                   3.214s
  Time for loading CPAs:                   0.359s
  Time for impacted traverse:              0.008s
  Time for loading parser:        0.023s
  Time for CFA construction:      0.965s
    Time for parsing file(s):     0.282s
    Time for AST to CFA:          0.355s
    Time for CFA sanity check:    0.000s
    Time for post-processing:     0.219s
      Time for var class.:        0.000s
Time for normal Analysis:                         0.018s
CPU time for analysis:                     1.130s
CPU time for impacted:                     0.000s
CPU time for normal analysis:              0.040s
CPU time for init:                         1.090s

Time for Garbage Collector:       0.123s (in 5 runs)
Garbage Collector(s) used:    PS MarkSweep, PS Scavenge
Used heap memory:                 87MB (    83 MiB) max;     41MB (    39 MiB) avg;    107MB (   102 MiB) peak
Used non-heap memory:             32MB (    30 MiB) max;     23MB (    22 MiB) avg;     34MB (    32 MiB) peak
Used in PS Old Gen pool:          21MB (    20 MiB) max;      5MB (     4 MiB) avg;     21MB (    20 MiB) peak
Allocated heap memory:           249MB (   238 MiB) max;    185MB (   176 MiB) avg
Allocated non-heap memory:        34MB (    32 MiB) max;     24MB (    23 MiB) avg
Total process virtual memory:  13307MB ( 12691 MiB) max;  13281MB ( 12665 MiB) avg

Verification result: TRUE. No property violation found by chosen configuration.
More details about the verification run can be found in the directory "/home/yqs17/blazer/cpachecker-inc-pred/output-us-precise-cfa/08_1a.mtd--mtdoops.ko.set/011.ecd5b31.08_1a.cil_safe.i".
