scripts/cpa.sh -heap 10000M -predicateAnalysis-ABElfb-debug -setprop cpa.impacted.eliminate=true -disable-java-assertions -outputpath /home/yqs17/blazer/cpachecker-inc-pred/output-us-precise-cfa/32_7a.media--dvb--ttpci--budget-patch.ko.set/016.db21042.32_7a.cil_safe.i -isIncPred -spec /home/yqs17/blazer/cpachecker-inc-pred/LDVErrorLabel.spc -stats -setprop cpa.impacted.pre_invariants.file=/home/yqs17/blazer/cpachecker-inc-pred/output-us-precise-cfa/32_7a.media--dvb--ttpci--budget-patch.ko.set/015.153755a.32_7a.cil_safe.i/impacted-invariants.txt -setprop analysis.prev.program=/home/yqs17/blazer/cpachecker-inc-pred/programs/drivers--media--dvb--ttpci--budget-patch.ko/015.153755a.32_7a.cil_safe.i -entryfunction ldv_main0_sequence_infinite_withcheck_stateful /home/yqs17/blazer/cpachecker-inc-pred/programs/drivers--media--dvb--ttpci--budget-patch.ko/016.db21042.32_7a.cil_safe.i


--------------------------------------------------------------------------------


Running CPAchecker with Java heap of size 10000M.
Running CPAchecker with the following extra VM options:  -Djava.io.tmpdir=/tmp/BenchExec_run_aujpkokg/tmp
Number of modified edges: 123
Begin analysis 
Read invariant objects done
ImpactedCPA statistics
----------------------
  Number of invariants partial hits:                            0
  Number of invariants hits:                                    14
  Number of invariants trys:                                    18
  Number of invariants bots:                                    4
  Number of invariants not valid:                               0
  Initial reached size:                                         840
  Input invariants file size:                                   1199
  Max impacted number of variables:                             2
  Number of last version invariants:                            126
  Number of this version invariants:                            0
  CPU time for invariant read:                                      1.140s
  CPU time for invariant write:                                     0.000s
  Time for invariant write:                                         0.000s
  Time for invariant read:                                          0.594s

AutomatonAnalysis (SVCOMP) statistics
-------------------------------------
Number of states:                                  1
Total time for successor computation:                  0.192s
Automaton transfers with branching:                0
Automaton transfer successors:                        88154 (count: 88154, min: 1, max: 1, avg: 1.00) [1 x 88154]

CPA algorithm statistics
------------------------
Number of iterations:            79232
Max size of waitlist:            431
Average size of waitlist:        286
Number of computed successors:   88154
Max successors for one state:    2
Number of times merged:          0
Number of times stopped:         8924
Number of times abs stopped:     19015
Number of times nonAbs stopped:  69970
Number of coverage check (part): 88985
Number of times doAbstraction node:  62547
Number of times breaked:         0

Total time for CPA algorithm:         2.279s (Max:     1.493s)
CPU time for CPA algorithm:         118.960s
  Time for choose from waitlist:      0.081s
  Time for precision adjustment:      0.214s
  Time for transfer relation:         1.183s
  Time for merge operator:            0.035s
  Time for stop operator:             0.148s
  Time for adding to reached set:     0.161s

PredicateCPA statistics
-----------------------
Read Precision Time:                0.000s
Precision file size:                0
Write Precision Time:               0.002s
Number of abstractions:            62529 (12% of all post computations)
  Times abstraction was reused:    0
  Because of function entry/exit:  43529 (70%)
  Because of loop head:            19018 (30%)
  Because of join nodes:           0 (0%)
  Because of threshold:            0 (0%)
  Times precision was empty:       0 (0%)
  Times precision was {false}:     0 (0%)
  Times result was cached:         61403 (98%)
  Times cartesian abs was used:    0 (0%)
  Times boolean abs was used:      1140 (2%)
  Times result was 'false':        0 (0%)
Number of strengthen sat checks:   0
Number of coverage checks:         88985
  BDD entailment checks:           19015
Number of SMT sat checks:          844
  trivial:                         737
  cached:                          75

Max ABE block size:                       104
Number of predicates discovered:          1
Number of abstraction locations:          0
Max number of predicates per location:    0
Avg number of predicates per location:    0
Total predicates per abstraction:         1140
Max number of predicates per abstraction: 1
Avg number of predicates per abstraction: 1.00
Number of irrelevant predicates:          0 (0%)
Number of preds handled by boolean abs:   1140 (100%)
  Total number of models for allsat:      1140
  Max number of models for allsat:        1
  Avg number of models for allsat:        1.00

Number of path formula cache hits:   233745 (42%)

Time for post operator:                 39.092s
  Time for path formula creation:       37.884s
    Actual computation:                 34.641s
Time for strengthen operator:            0.332s
Time for prec operator:                 15.577s
  Time for abstraction:                 11.953s (Max:     4.187s, Count: 62529)
    Boolean abstraction:                 0.703s
    Solving time:                        0.572s (Max:     0.022s)
    Model enumeration time:              0.017s
    Time for BDD construction:           0.044s (Max:     0.009s)
Time for merge operator:                 9.674s
Time for coverage check:                 0.032s
  Time for BDD entailment checks:        0.021s
Total time for SMT solver (w/o itp):     0.729s

Number of BDD nodes:                               202
Size of BDD node table:                            466043
Size of BDD cache:                                 46619
Size of BDD node cleanup queue:                        1022 (count: 116373, min: 0, max: 142, avg: 0.01)
Time for BDD node cleanup:                             0.005s
Time for BDD garbage collection:                       0.000s (in 0 runs)

PrecisionBootstrap statistics
-----------------------------
Init. function predicates:                         0
Init. global predicates:                           0
Init. location predicates:                         0

ImpactedCPA statistics
----------------------
  Number of invariants partial hits:                            0
  Number of invariants hits:                                    14
  Number of invariants trys:                                    18
  Number of invariants bots:                                    4
  Number of invariants not valid:                               0
  Initial reached size:                                         840
  Input invariants file size:                                   1199
  Max impacted number of variables:                             2
  Number of last version invariants:                            126
  Number of this version invariants:                            127
  CPU time for invariant read:                                      1.140s
  CPU time for invariant write:                                     0.050s
  Time for invariant write:                                         0.025s
  Time for invariant read:                                          0.594s

AutomatonAnalysis (SVCOMP) statistics
-------------------------------------
Number of states:                                  1
Total time for successor computation:                  0.230s
Automaton transfers with branching:                0
Automaton transfer successors:                       525282 (count: 525282, min: 1, max: 1, avg: 1.00) [1 x 525282]

CPA algorithm statistics
------------------------
Number of iterations:            470451
Max size of waitlist:            336
Average size of waitlist:        223
Number of computed successors:   524438
Max successors for one state:    2
Number of times merged:          34984
Number of times stopped:         53999
Number of times abs stopped:     19015
Number of times nonAbs stopped:  69970
Number of coverage check (part): 88985
Number of times doAbstraction node:  62547
Number of times breaked:         0

Total time for CPA algorithm:        73.267s (Max:    73.267s)
CPU time for CPA algorithm:         118.960s
  Time for choose from waitlist:      0.223s
  Time for precision adjustment:     16.079s
  Time for transfer relation:        43.908s
  Time for merge operator:           10.240s
  Time for stop operator:             0.574s
  Time for adding to reached set:     0.918s

Predicate-Abstraction Refiner statistics
----------------------------------------
  Predicate creation:                                  0.000s
  Precision update:                                    0.000s
  ARG update:                                          0.000s

Length of refined path (in blocks):                       0 (count: 0, min: 0, max: 0, avg: 0.00)
Number of affected states:                                0 (count: 0, min: 0, max: 0, avg: 0.00)
Length (states) of path with itp 'true':                  0 (count: 0, min: 0, max: 0, avg: 0.00)
Length (states) of path with itp non-trivial itp:         0 (count: 0, min: 0, max: 0, avg: 0.00)
Length (states) of path with itp 'false':                 0 (count: 0, min: 0, max: 0, avg: 0.00)
Different non-trivial interpolants along paths:           0 (count: 0, min: 0, max: 0, avg: 0.00)
Equal non-trivial interpolants along paths:               0 (count: 0, min: 0, max: 0, avg: 0.00)
Different precisions along paths:                         0 (count: 0, min: 0, max: 0, avg: 0.00)
Equal precisions along paths:                             0 (count: 0, min: 0, max: 0, avg: 0.00)
Number of refs with location-based cutoff:                0

CEGAR algorithm statistics
--------------------------
Number of refinements:                0
Refinement times:             0
First time for refinement:            73.268s
Last time for refinement:             73.268s
Average time for analysis:         73.268s
Number of analysis:                1

Code Coverage
-----------------------------
  Visited lines:          4241
  Total lines:            10
  Line coverage:          424.100

CPAchecker general statistics
-----------------------------
Number of program locations:     1727
Number of CFA edges:             2028
Number of relevant variables:    204
Number of functions:             30
Number of loops:                 10
Size of reached set:             471279
  Number of reached locations:   1672 (97%)
    Avg states per location:     281
    Max states per location:     4224 (at node N127)
  Number of reached functions:   27 (90%)
  Number of partitions:          469869
    Avg size of partitions:      1
    Max size of partitions:      21 (with key [N432 (entry of function alps_bsrv2_tuner_set_params in /work/ldvuser/novikov/work/current--X--drivers/media/dvb/ttpci/budget-patch.ko--X--defaultlinux--X--32_7a--X--cpachecker/linux/csd_deg_dscv/11/dscv_tempdir/dscv/ri/32_7a/drivers/media/dvb/ttpci/budget-patch.c.prepared, lines 270-350), 81494492, Init])
  Number of target states:       0

Time for analysis setup:                  11.257s
  Time for cfa diff:                   5.827s
  Time for loading CPAs:                   0.414s
  Time for impacted traverse:              0.012s
  Time for loading parser:        0.026s
  Time for CFA construction:      1.369s
    Time for parsing file(s):     0.417s
    Time for AST to CFA:          0.476s
    Time for CFA sanity check:    0.000s
    Time for post-processing:     0.282s
      Time for var class.:        0.000s
Time for normal Analysis:                        73.268s
CPU time for analysis:                   115.550s
CPU time for impacted:                     4.990s
CPU time for normal analysis:            114.410s
CPU time for init:                         1.140s

Time for Garbage Collector:      12.184s (in 34 runs)
Garbage Collector(s) used:    PS MarkSweep, PS Scavenge
Used heap memory:               3488MB (  3327 MiB) max;    992MB (   946 MiB) avg;   3624MB (  3456 MiB) peak
Used non-heap memory:             43MB (    41 MiB) max;     39MB (    37 MiB) avg;     44MB (    42 MiB) peak
Used in PS Old Gen pool:         582MB (   555 MiB) max;    210MB (   200 MiB) avg;    582MB (   555 MiB) peak
Allocated heap memory:          3905MB (  3724 MiB) max;   1927MB (  1838 MiB) avg
Allocated non-heap memory:        45MB (    43 MiB) max;     41MB (    39 MiB) avg
Total process virtual memory:  13311MB ( 12694 MiB) max;  13304MB ( 12688 MiB) avg

Verification result: TRUE. No property violation found by chosen configuration.
More details about the verification run can be found in the directory "/home/yqs17/blazer/cpachecker-inc-pred/output-us-precise-cfa/32_7a.media--dvb--ttpci--budget-patch.ko.set/016.db21042.32_7a.cil_safe.i".
