scripts/cpa.sh -heap 10000M -predicateAnalysis-ABElfb-debug -setprop cpa.impacted.eliminate=true -disable-java-assertions -outputpath /home/yqs17/blazer/cpachecker-inc-pred/output-us-precise-cfa/32_7a.message--i2o--i2o_scsi.ko.set/015.b80ca4f.32_7a.cil_safe.i -stats -spec /home/yqs17/blazer/cpachecker-inc-pred/LDVErrorLabel.spc -entryfunction ldv_main0_sequence_infinite_withcheck_stateful /home/yqs17/blazer/cpachecker-inc-pred/programs/drivers--message--i2o--i2o_scsi.ko/015.b80ca4f.32_7a.cil_safe.i


--------------------------------------------------------------------------------


Running CPAchecker with Java heap of size 10000M.
Running CPAchecker with the following extra VM options:  -Djava.io.tmpdir=/tmp/BenchExec_run_erdt6vqn/tmp
Begin analysis 
PredicateCPA statistics
-----------------------
Read Precision Time:                0.000s
Precision file size:                0
Write Precision Time:               0.003s
Number of abstractions:            180 (9% of all post computations)
  Times abstraction was reused:    0
  Because of function entry/exit:  148 (82%)
  Because of loop head:            32 (18%)
  Because of join nodes:           0 (0%)
  Because of threshold:            0 (0%)
  Times precision was empty:       180 (100%)
  Times precision was {false}:     0 (0%)
  Times result was cached:         0 (0%)
  Times cartesian abs was used:    0 (0%)
  Times boolean abs was used:      0 (0%)
  Times result was 'false':        0 (0%)
Number of strengthen sat checks:   0
Number of coverage checks:         240
  BDD entailment checks:           48
Number of SMT sat checks:          0
  trivial:                         0
  cached:                          0

Max ABE block size:                       28
Number of predicates discovered:          0

Number of path formula cache hits:   3 (0%)

Time for post operator:                  0.612s
  Time for path formula creation:        0.546s
    Actual computation:                  0.517s
Time for strengthen operator:            0.012s
Time for prec operator:                  0.088s
  Time for abstraction:                  0.051s (Max:     0.005s, Count: 180)
    Solving time:                        0.000s (Max:     0.000s)
    Model enumeration time:              0.000s
    Time for BDD construction:           0.000s (Max:     0.000s)
Time for merge operator:                 0.094s
Time for coverage check:                 0.016s
  Time for BDD entailment checks:        0.015s
Total time for SMT solver (w/o itp):     0.000s

Number of BDD nodes:                               202
Size of BDD node table:                            466043
Size of BDD cache:                                 46619
Size of BDD node cleanup queue:                           0 (count: 5076, min: 0, max: 0, avg: 0.00)
Time for BDD node cleanup:                             0.002s
Time for BDD garbage collection:                       0.000s (in 0 runs)

PrecisionBootstrap statistics
-----------------------------
Init. function predicates:                         0
Init. global predicates:                           0
Init. location predicates:                         0

ImpactedCPA statistics
----------------------
  Number of invariants partial hits:                            0
  Number of invariants hits:                                    0
  Number of invariants trys:                                    0
  Number of invariants bots:                                    0
  Number of invariants not valid:                               0
  Initial reached size:                                         1
  Input invariants file size:                                   0
  Max impacted number of variables:                             0
  Number of last version invariants:                            0
  Number of this version invariants:                            61
  CPU time for invariant read:                                      0.000s
  CPU time for invariant write:                                     0.060s
  Time for invariant write:                                         0.032s
  Time for invariant read:                                          0.000s

AutomatonAnalysis (SVCOMP) statistics
-------------------------------------
Number of states:                                  1
Total time for successor computation:                  0.029s
Automaton transfers with branching:                0
Automaton transfer successors:                         1996 (count: 1996, min: 1, max: 1, avg: 1.00) [1 x 1996]

CPA algorithm statistics
------------------------
Number of iterations:            1853
Max size of waitlist:            29
Average size of waitlist:        11
Number of computed successors:   1996
Max successors for one state:    2
Number of times merged:          96
Number of times stopped:         144
Number of times abs stopped:     48
Number of times nonAbs stopped:  192
Number of coverage check (part): 240
Number of times doAbstraction node:  180
Number of times breaked:         0

Total time for CPA algorithm:         1.135s (Max:     1.135s)
CPU time for CPA algorithm:           2.240s
  Time for choose from waitlist:      0.012s
  Time for precision adjustment:      0.112s
  Time for transfer relation:         0.781s
  Time for merge operator:            0.106s
  Time for stop operator:             0.035s
  Time for adding to reached set:     0.031s

Predicate-Abstraction Refiner statistics
----------------------------------------
  Predicate creation:                                  0.000s
  Precision update:                                    0.000s
  ARG update:                                          0.000s

Length of refined path (in blocks):                       0 (count: 0, min: 0, max: 0, avg: 0.00)
Number of affected states:                                0 (count: 0, min: 0, max: 0, avg: 0.00)
Length (states) of path with itp 'true':                  0 (count: 0, min: 0, max: 0, avg: 0.00)
Length (states) of path with itp non-trivial itp:         0 (count: 0, min: 0, max: 0, avg: 0.00)
Length (states) of path with itp 'false':                 0 (count: 0, min: 0, max: 0, avg: 0.00)
Different non-trivial interpolants along paths:           0 (count: 0, min: 0, max: 0, avg: 0.00)
Equal non-trivial interpolants along paths:               0 (count: 0, min: 0, max: 0, avg: 0.00)
Different precisions along paths:                         0 (count: 0, min: 0, max: 0, avg: 0.00)
Equal precisions along paths:                             0 (count: 0, min: 0, max: 0, avg: 0.00)
Number of refs with location-based cutoff:                0

CEGAR algorithm statistics
--------------------------
Number of refinements:                0
Refinement times:             0
First time for refinement:             1.135s
Last time for refinement:              1.135s
Average time for analysis:          1.135s
Number of analysis:                1

Code Coverage
-----------------------------
  Visited lines:          3602
  Total lines:            5
  Line coverage:          720.400

CPAchecker general statistics
-----------------------------
Number of program locations:     1487
Number of CFA edges:             1691
Number of relevant variables:    216
Number of functions:             38
Number of loops:                 6
Size of reached set:             1853
  Number of reached locations:   1173 (79%)
    Avg states per location:     1
    Max states per location:     12 (at node N396)
  Number of reached functions:   23 (61%)
  Number of partitions:          1853
    Avg size of partitions:      1
    Max size of partitions:      1
  Number of target states:       0

Time for analysis setup:                   1.722s
  Time for cfa diff:                   0.000s
  Time for loading CPAs:                   0.338s
  Time for impacted traverse:              0.009s
  Time for loading parser:        0.031s
  Time for CFA construction:      1.248s
    Time for parsing file(s):     0.433s
    Time for AST to CFA:          0.407s
    Time for CFA sanity check:    0.000s
    Time for post-processing:     0.272s
      Time for var class.:        0.000s
Time for normal Analysis:                         1.136s
CPU time for analysis:                     2.240s
CPU time for impacted:                     0.000s
CPU time for normal analysis:              2.240s
CPU time for init:                         0.000s

Time for Garbage Collector:       0.058s (in 3 runs)
Garbage Collector(s) used:    PS MarkSweep, PS Scavenge
Used heap memory:                 92MB (    88 MiB) max;     47MB (    45 MiB) avg;    112MB (   107 MiB) peak
Used non-heap memory:             33MB (    32 MiB) max;     24MB (    23 MiB) avg;     34MB (    33 MiB) peak
Used in PS Old Gen pool:          27MB (    25 MiB) max;      8MB (     7 MiB) avg;     27MB (    25 MiB) peak
Allocated heap memory:           190MB (   182 MiB) max;    174MB (   166 MiB) avg
Allocated non-heap memory:        34MB (    32 MiB) max;     24MB (    23 MiB) avg
Total process virtual memory:  13238MB ( 12625 MiB) max;  13234MB ( 12621 MiB) avg

Verification result: TRUE. No property violation found by chosen configuration.
More details about the verification run can be found in the directory "/home/yqs17/blazer/cpachecker-inc-pred/output-us-precise-cfa/32_7a.message--i2o--i2o_scsi.ko.set/015.b80ca4f.32_7a.cil_safe.i".
