scripts/cpa.sh -heap 10000M -predicateAnalysis-ABElfb-debug -setprop cpa.impacted.eliminate=true -disable-java-assertions -outputpath /home/yqs17/blazer/cpachecker-inc-pred/output-us-precise-cfa/43_1a.mtd--mtdoops.ko.set/013.43b5693.43_1a.cil_safe.i -isIncPred -spec /home/yqs17/blazer/cpachecker-inc-pred/LDVErrorLabel.spc -stats -setprop cpa.impacted.pre_invariants.file=/home/yqs17/blazer/cpachecker-inc-pred/output-us-precise-cfa/43_1a.mtd--mtdoops.ko.set/012.f0482ee.43_1a.cil_safe.i/impacted-invariants.txt -setprop analysis.prev.program=/home/yqs17/blazer/cpachecker-inc-pred/programs/drivers--mtd--mtdoops.ko/012.f0482ee.43_1a.cil_safe.i -entryfunction ldv_main0_sequence_infinite_withcheck_stateful /home/yqs17/blazer/cpachecker-inc-pred/programs/drivers--mtd--mtdoops.ko/013.43b5693.43_1a.cil_safe.i


--------------------------------------------------------------------------------


Running CPAchecker with Java heap of size 10000M.
Running CPAchecker with the following extra VM options:  -Djava.io.tmpdir=/tmp/BenchExec_run_niby0m4w/tmp
Number of modified edges: 0
Begin analysis 
Read invariant objects done
PredicateCPA statistics
-----------------------
Read Precision Time:                0.000s
Precision file size:                355
Write Precision Time:               0.011s
Number of abstractions:            21 (2% of all post computations)
  Times abstraction was reused:    0
  Because of function entry/exit:  43 (205%)
  Because of loop head:            17 (81%)
  Because of join nodes:           0 (0%)
  Because of threshold:            0 (0%)
  Times precision was empty:       0 (0%)
  Times precision was {false}:     1 (2%)
  Times result was cached:         18 (38%)
  Times cartesian abs was used:    0 (0%)
  Times boolean abs was used:      29 (60%)
  Times result was 'false':        0 (0%)
Number of strengthen sat checks:   0
Number of coverage checks:         365
  BDD entailment checks:           19
Number of SMT sat checks:          728
  trivial:                         420
  cached:                          158

Max ABE block size:                       18
Number of predicates discovered:          3
Number of abstraction locations:          0
Max number of predicates per location:    0
Avg number of predicates per location:    0
Total predicates per abstraction:         42
Max number of predicates per abstraction: 3
Avg number of predicates per abstraction: 1.40
Number of irrelevant predicates:          13 (31%)
Number of preds handled by boolean abs:   29 (69%)
  Total number of models for allsat:      29
  Max number of models for allsat:        1
  Avg number of models for allsat:        1.00

Number of path formula cache hits:   244 (25%)

Time for post operator:                  1.031s
  Time for path formula creation:        0.276s
    Actual computation:                  0.260s
Time for strengthen operator:            0.004s
Time for prec operator:                  0.199s
  Time for abstraction:                  0.023s (Max:     0.008s, Count: 21)
    Boolean abstraction:                 0.058s
    Solving time:                        0.029s (Max:     0.005s)
    Model enumeration time:              0.002s
    Time for BDD construction:           0.020s (Max:     0.018s)
Time for merge operator:                 0.088s
Time for coverage check:                 0.001s
  Time for BDD entailment checks:        0.000s
Total time for SMT solver (w/o itp):     0.662s

Number of BDD nodes:                               202
Size of BDD node table:                            466043
Size of BDD cache:                                 46619
Size of BDD node cleanup queue:                           0 (count: 3321, min: 0, max: 0, avg: 0.00)
Time for BDD node cleanup:                             0.000s
Time for BDD garbage collection:                       0.000s (in 0 runs)

PrecisionBootstrap statistics
-----------------------------
Init. function predicates:                         0
Init. global predicates:                           0
Init. location predicates:                         0

ImpactedCPA statistics
----------------------
  Number of invariants partial hits:                            0
  Number of invariants hits:                                    27
  Number of invariants trys:                                    39
  Number of invariants bots:                                    13
  Number of invariants not valid:                               1
  Initial reached size:                                         684
  Input invariants file size:                                   963
  Max impacted number of variables:                             0
  Number of last version invariants:                            34
  Number of this version invariants:                            27
  CPU time for invariant read:                                      0.170s
  CPU time for invariant write:                                     0.030s
  Time for invariant write:                                         0.018s
  Time for invariant read:                                          0.088s

AutomatonAnalysis (SVCOMP) statistics
-------------------------------------
Number of states:                                  1
Total time for successor computation:                  0.027s
Automaton transfers with branching:                0
Automaton transfer successors:                          898 (count: 898, min: 1, max: 1, avg: 1.00) [1 x 898]

CPA algorithm statistics
------------------------
Number of iterations:            145
Max size of waitlist:            18
Average size of waitlist:        11
Number of computed successors:   171
Max successors for one state:    2
Number of times merged:          142
Number of times stopped:         161
Number of times abs stopped:     19
Number of times nonAbs stopped:  346
Number of coverage check (part): 365
Number of times doAbstraction node:  60
Number of times breaked:         0

Total time for CPA algorithm:         0.150s (Max:     0.150s)
CPU time for CPA algorithm:           0.300s
  Time for choose from waitlist:      0.001s
  Time for precision adjustment:      0.038s
  Time for transfer relation:         0.027s
  Time for merge operator:            0.063s
  Time for stop operator:             0.002s
  Time for adding to reached set:     0.000s

Predicate-Abstraction Refiner statistics
----------------------------------------
  Predicate creation:                                  0.000s
  Precision update:                                    0.000s
  ARG update:                                          0.000s

Length of refined path (in blocks):                       0 (count: 0, min: 0, max: 0, avg: 0.00)
Number of affected states:                                0 (count: 0, min: 0, max: 0, avg: 0.00)
Length (states) of path with itp 'true':                  0 (count: 0, min: 0, max: 0, avg: 0.00)
Length (states) of path with itp non-trivial itp:         0 (count: 0, min: 0, max: 0, avg: 0.00)
Length (states) of path with itp 'false':                 0 (count: 0, min: 0, max: 0, avg: 0.00)
Different non-trivial interpolants along paths:           0 (count: 0, min: 0, max: 0, avg: 0.00)
Equal non-trivial interpolants along paths:               0 (count: 0, min: 0, max: 0, avg: 0.00)
Different precisions along paths:                         0 (count: 0, min: 0, max: 0, avg: 0.00)
Equal precisions along paths:                             0 (count: 0, min: 0, max: 0, avg: 0.00)
Number of refs with location-based cutoff:                0

CEGAR algorithm statistics
--------------------------
Number of refinements:                0
Refinement times:             0
First time for refinement:             0.151s
Last time for refinement:              0.151s
Average time for analysis:          0.151s
Number of analysis:                1

Code Coverage
-----------------------------
  Visited lines:          1751
  Total lines:            5
  Line coverage:          350.200

CPAchecker general statistics
-----------------------------
Number of program locations:     965
Number of CFA edges:             1083
Number of relevant variables:    112
Number of functions:             31
Number of loops:                 4
Size of reached set:             694
  Number of reached locations:   672 (70%)
    Avg states per location:     1
    Max states per location:     6 (at node N607)
  Number of reached functions:   13 (42%)
  Number of partitions:          694
    Avg size of partitions:      1
    Max size of partitions:      1
  Number of target states:       0

Time for analysis setup:                   5.475s
  Time for cfa diff:                   2.356s
  Time for loading CPAs:                   0.360s
  Time for impacted traverse:              0.005s
  Time for loading parser:        0.032s
  Time for CFA construction:      1.056s
    Time for parsing file(s):     0.325s
    Time for AST to CFA:          0.369s
    Time for CFA sanity check:    0.000s
    Time for post-processing:     0.223s
      Time for var class.:        0.000s
Time for normal Analysis:                         0.151s
CPU time for analysis:                     3.030s
CPU time for impacted:                     0.000s
CPU time for normal analysis:              0.300s
CPU time for init:                         2.730s

Time for Garbage Collector:       0.129s (in 5 runs)
Garbage Collector(s) used:    PS MarkSweep, PS Scavenge
Used heap memory:                102MB (    97 MiB) max;     45MB (    43 MiB) avg;    119MB (   113 MiB) peak
Used non-heap memory:             32MB (    31 MiB) max;     25MB (    24 MiB) avg;     35MB (    33 MiB) peak
Used in PS Old Gen pool:          20MB (    19 MiB) max;      8MB (     7 MiB) avg;     21MB (    20 MiB) peak
Allocated heap memory:           254MB (   243 MiB) max;    197MB (   188 MiB) avg
Allocated non-heap memory:        35MB (    34 MiB) max;     26MB (    25 MiB) avg
Total process virtual memory:  13307MB ( 12691 MiB) max;  13282MB ( 12666 MiB) avg

Verification result: TRUE. No property violation found by chosen configuration.
More details about the verification run can be found in the directory "/home/yqs17/blazer/cpachecker-inc-pred/output-us-precise-cfa/43_1a.mtd--mtdoops.ko.set/013.43b5693.43_1a.cil_safe.i".
