scripts/cpa.sh -heap 10000M -predicateAnalysis-ABElfb-debug -setprop cpa.impacted.eliminate=true -disable-java-assertions -outputpath /home/yqs17/blazer/cpachecker-inc-pred/output-us-precise-cfa/08_1a.platform--x86--panasonic-laptop.ko.set/017.e424fb8.08_1a.cil_safe.i -isIncPred -spec /home/yqs17/blazer/cpachecker-inc-pred/LDVErrorLabel.spc -stats -setprop cpa.impacted.pre_invariants.file=/home/yqs17/blazer/cpachecker-inc-pred/output-us-precise-cfa/08_1a.platform--x86--panasonic-laptop.ko.set/016.bb7ca74.08_1a.cil_safe.i/impacted-invariants.txt -setprop analysis.prev.program=/home/yqs17/blazer/cpachecker-inc-pred/programs/drivers--platform--x86--panasonic-laptop.ko/016.bb7ca74.08_1a.cil_safe.i -entryfunction ldv_main0_sequence_infinite_withcheck_stateful /home/yqs17/blazer/cpachecker-inc-pred/programs/drivers--platform--x86--panasonic-laptop.ko/017.e424fb8.08_1a.cil_safe.i


--------------------------------------------------------------------------------


Running CPAchecker with Java heap of size 10000M.
Running CPAchecker with the following extra VM options:  -Djava.io.tmpdir=/tmp/BenchExec_run_x6st5_h3/tmp
Number of modified edges: 103
Begin analysis 
Read invariant objects done
PredicateCPA statistics
-----------------------
Read Precision Time:                0.000s
Precision file size:                0
Write Precision Time:               0.002s
Number of abstractions:            25 (2% of all post computations)
  Times abstraction was reused:    0
  Because of function entry/exit:  56 (224%)
  Because of loop head:            12 (48%)
  Because of join nodes:           0 (0%)
  Because of threshold:            0 (0%)
  Times precision was empty:       0 (0%)
  Times precision was {false}:     1 (2%)
  Times result was cached:         10 (18%)
  Times cartesian abs was used:    0 (0%)
  Times boolean abs was used:      44 (80%)
  Times result was 'false':        1 (4%)
Number of strengthen sat checks:   0
Number of coverage checks:         166
  BDD entailment checks:           14
Number of SMT sat checks:          906
  trivial:                         602
  cached:                          192

Max ABE block size:                       17
Number of predicates discovered:          2
Number of abstraction locations:          0
Max number of predicates per location:    0
Avg number of predicates per location:    0
Total predicates per abstraction:         56
Max number of predicates per abstraction: 2
Avg number of predicates per abstraction: 1.24
Number of irrelevant predicates:          12 (21%)
Number of preds handled by boolean abs:   44 (79%)
  Total number of models for allsat:      43
  Max number of models for allsat:        1
  Avg number of models for allsat:        0.98

Number of path formula cache hits:   101 (9%)

Time for post operator:                  0.795s
  Time for path formula creation:        0.361s
    Actual computation:                  0.341s
Time for strengthen operator:            0.005s
Time for prec operator:                  0.226s
  Time for abstraction:                  0.039s (Max:     0.006s, Count: 25)
    Boolean abstraction:                 0.086s
    Solving time:                        0.047s (Max:     0.016s)
    Model enumeration time:              0.003s
    Time for BDD construction:           0.012s (Max:     0.009s)
Time for merge operator:                 0.028s
Time for coverage check:                 0.000s
  Time for BDD entailment checks:        0.000s
Total time for SMT solver (w/o itp):     0.352s

Number of BDD nodes:                               202
Size of BDD node table:                            466043
Size of BDD cache:                                 46619
Size of BDD node cleanup queue:                           0 (count: 4045, min: 0, max: 0, avg: 0.00)
Time for BDD node cleanup:                             0.000s
Time for BDD garbage collection:                       0.000s (in 0 runs)

PrecisionBootstrap statistics
-----------------------------
Init. function predicates:                         0
Init. global predicates:                           0
Init. location predicates:                         0

ImpactedCPA statistics
----------------------
  Number of invariants partial hits:                            0
  Number of invariants hits:                                    30
  Number of invariants trys:                                    43
  Number of invariants bots:                                    14
  Number of invariants not valid:                               1
  Initial reached size:                                         877
  Input invariants file size:                                   1031
  Max impacted number of variables:                             0
  Number of last version invariants:                            42
  Number of this version invariants:                            36
  CPU time for invariant read:                                      0.240s
  CPU time for invariant write:                                     0.050s
  Time for invariant write:                                         0.023s
  Time for invariant read:                                          0.119s

AutomatonAnalysis (SVCOMP) statistics
-------------------------------------
Number of states:                                  1
Total time for successor computation:                  0.032s
Automaton transfers with branching:                0
Automaton transfer successors:                         1052 (count: 1052, min: 1, max: 1, avg: 1.00) [1 x 1052]

CPA algorithm statistics
------------------------
Number of iterations:            134
Max size of waitlist:            15
Average size of waitlist:        10
Number of computed successors:   149
Max successors for one state:    2
Number of times merged:          63
Number of times stopped:         77
Number of times abs stopped:     14
Number of times nonAbs stopped:  152
Number of coverage check (part): 166
Number of times doAbstraction node:  68
Number of times breaked:         0

Total time for CPA algorithm:         0.128s (Max:     0.128s)
CPU time for CPA algorithm:           0.250s
  Time for choose from waitlist:      0.005s
  Time for precision adjustment:      0.046s
  Time for transfer relation:         0.046s
  Time for merge operator:            0.024s
  Time for stop operator:             0.003s
  Time for adding to reached set:     0.001s

Predicate-Abstraction Refiner statistics
----------------------------------------
  Predicate creation:                                  0.000s
  Precision update:                                    0.000s
  ARG update:                                          0.000s

Length of refined path (in blocks):                       0 (count: 0, min: 0, max: 0, avg: 0.00)
Number of affected states:                                0 (count: 0, min: 0, max: 0, avg: 0.00)
Length (states) of path with itp 'true':                  0 (count: 0, min: 0, max: 0, avg: 0.00)
Length (states) of path with itp non-trivial itp:         0 (count: 0, min: 0, max: 0, avg: 0.00)
Length (states) of path with itp 'false':                 0 (count: 0, min: 0, max: 0, avg: 0.00)
Different non-trivial interpolants along paths:           0 (count: 0, min: 0, max: 0, avg: 0.00)
Equal non-trivial interpolants along paths:               0 (count: 0, min: 0, max: 0, avg: 0.00)
Different precisions along paths:                         0 (count: 0, min: 0, max: 0, avg: 0.00)
Equal precisions along paths:                             0 (count: 0, min: 0, max: 0, avg: 0.00)
Number of refs with location-based cutoff:                0

CEGAR algorithm statistics
--------------------------
Number of refinements:                0
Refinement times:             0
First time for refinement:             0.128s
Last time for refinement:              0.128s
Average time for analysis:          0.128s
Number of analysis:                1

Code Coverage
-----------------------------
  Visited lines:          3018
  Total lines:            5
  Line coverage:          603.600

CPAchecker general statistics
-----------------------------
Number of program locations:     1185
Number of CFA edges:             1299
Number of relevant variables:    138
Number of functions:             34
Number of loops:                 2
Size of reached set:             948
  Number of reached locations:   902 (76%)
    Avg states per location:     1
    Max states per location:     6 (at node N554)
  Number of reached functions:   17 (50%)
  Number of partitions:          948
    Avg size of partitions:      1
    Max size of partitions:      1
  Number of target states:       0

Time for analysis setup:                   9.182s
  Time for cfa diff:                   5.875s
  Time for loading CPAs:                   0.391s
  Time for impacted traverse:              0.008s
  Time for loading parser:        0.027s
  Time for CFA construction:      1.401s
    Time for parsing file(s):     0.428s
    Time for AST to CFA:          0.459s
    Time for CFA sanity check:    0.000s
    Time for post-processing:     0.329s
      Time for var class.:        0.000s
Time for normal Analysis:                         0.128s
CPU time for analysis:                     2.530s
CPU time for impacted:                     0.000s
CPU time for normal analysis:              0.260s
CPU time for init:                         2.280s

Time for Garbage Collector:       0.153s (in 5 runs)
Garbage Collector(s) used:    PS MarkSweep, PS Scavenge
Used heap memory:                 85MB (    81 MiB) max;     27MB (    25 MiB) avg;    111MB (   105 MiB) peak
Used non-heap memory:             33MB (    31 MiB) max;     25MB (    23 MiB) avg;     34MB (    33 MiB) peak
Used in PS Old Gen pool:          21MB (    20 MiB) max;      8MB (     7 MiB) avg;     25MB (    23 MiB) peak
Allocated heap memory:           257MB (   245 MiB) max;    193MB (   184 MiB) avg
Allocated non-heap memory:        35MB (    33 MiB) max;     26MB (    24 MiB) avg
Total process virtual memory:  13307MB ( 12691 MiB) max;  13285MB ( 12670 MiB) avg

Verification result: TRUE. No property violation found by chosen configuration.
More details about the verification run can be found in the directory "/home/yqs17/blazer/cpachecker-inc-pred/output-us-precise-cfa/08_1a.platform--x86--panasonic-laptop.ko.set/017.e424fb8.08_1a.cil_safe.i".
