scripts/cpa.sh -heap 10000M -predicateAnalysis-ABElfb-debug -setprop cpa.impacted.eliminate=true -disable-java-assertions -outputpath /home/yqs17/blazer/cpachecker-inc-pred/output-us-precise-cfa/32_7a.net--usb--catc.ko.set/017.22bedad.32_7a.cil_safe.i -isIncPred -spec /home/yqs17/blazer/cpachecker-inc-pred/LDVErrorLabel.spc -stats -setprop cpa.impacted.pre_invariants.file=/home/yqs17/blazer/cpachecker-inc-pred/output-us-precise-cfa/32_7a.net--usb--catc.ko.set/015.a92635d.32_7a.cil_safe.i/impacted-invariants.txt -setprop analysis.prev.program=/home/yqs17/blazer/cpachecker-inc-pred/programs/drivers--net--usb--catc.ko/015.a92635d.32_7a.cil_safe.i -entryfunction ldv_main0_sequence_infinite_withcheck_stateful /home/yqs17/blazer/cpachecker-inc-pred/programs/drivers--net--usb--catc.ko/017.22bedad.32_7a.cil_safe.i


--------------------------------------------------------------------------------


Running CPAchecker with Java heap of size 10000M.
Running CPAchecker with the following extra VM options:  -Djava.io.tmpdir=/tmp/BenchExec_run_m7j_a3xs/tmp
Number of modified edges: 113
Begin analysis 
Read invariant objects done
ImpactedCPA statistics
----------------------
  Number of invariants partial hits:                            0
  Number of invariants hits:                                    8
  Number of invariants trys:                                    9
  Number of invariants bots:                                    1
  Number of invariants not valid:                               0
  Initial reached size:                                         829
  Input invariants file size:                                   1303
  Max impacted number of variables:                             6
  Number of last version invariants:                            150
  Number of this version invariants:                            0
  CPU time for invariant read:                                      0.530s
  CPU time for invariant write:                                     0.000s
  Time for invariant write:                                         0.000s
  Time for invariant read:                                          0.279s

AutomatonAnalysis (SVCOMP) statistics
-------------------------------------
Number of states:                                  1
Total time for successor computation:                  0.046s
Automaton transfers with branching:                0
Automaton transfer successors:                        11044 (count: 11044, min: 1, max: 1, avg: 1.00) [1 x 11044]

CPA algorithm statistics
------------------------
Number of iterations:            10449
Max size of waitlist:            21
Average size of waitlist:        7
Number of computed successors:   11044
Max successors for one state:    2
Number of times merged:          1
Number of times stopped:         599
Number of times abs stopped:     0
Number of times nonAbs stopped:  4
Number of coverage check (part): 4
Number of times doAbstraction node:  9
Number of times breaked:         0

Total time for CPA algorithm:         0.624s (Max:     0.325s)
CPU time for CPA algorithm:           1.230s
  Time for choose from waitlist:      0.014s
  Time for precision adjustment:      0.064s
  Time for transfer relation:         0.315s
  Time for merge operator:            0.015s
  Time for stop operator:             0.054s
  Time for adding to reached set:     0.024s

PredicateCPA statistics
-----------------------
Read Precision Time:                0.000s
Precision file size:                0
Write Precision Time:               0.001s
Number of abstractions:            0 (0% of all post computations)
Number of strengthen sat checks:   0
Number of coverage checks:         4
  BDD entailment checks:           0
Number of SMT sat checks:          830
  trivial:                         712
  cached:                          101

Max ABE block size:                       0
Number of predicates discovered:          1
Number of abstraction locations:          0
Max number of predicates per location:    0
Avg number of predicates per location:    0
Total predicates per abstraction:         6
Max number of predicates per abstraction: 1
Avg number of predicates per abstraction: 1.00
Number of irrelevant predicates:          0 (0%)
Number of preds handled by boolean abs:   6 (100%)
  Total number of models for allsat:      6
  Max number of models for allsat:        1
  Avg number of models for allsat:        1.00

Number of path formula cache hits:   2 (0%)

Time for post operator:                  0.294s
  Time for path formula creation:        0.134s
    Actual computation:                  0.125s
Time for strengthen operator:            0.003s
Time for prec operator:                  0.049s
Time for merge operator:                 0.003s
Time for coverage check:                 0.000s
Total time for SMT solver (w/o itp):     0.107s

Number of BDD nodes:                               202
Size of BDD node table:                            466043
Size of BDD cache:                                 46619
Size of BDD node cleanup queue:                           0 (count: 6113, min: 0, max: 0, avg: 0.00)
Time for BDD node cleanup:                             0.000s
Time for BDD garbage collection:                       0.000s (in 0 runs)

PrecisionBootstrap statistics
-----------------------------
Init. function predicates:                         0
Init. global predicates:                           0
Init. location predicates:                         0

ImpactedCPA statistics
----------------------
  Number of invariants partial hits:                            0
  Number of invariants hits:                                    8
  Number of invariants trys:                                    9
  Number of invariants bots:                                    1
  Number of invariants not valid:                               0
  Initial reached size:                                         829
  Input invariants file size:                                   1303
  Max impacted number of variables:                             6
  Number of last version invariants:                            150
  Number of this version invariants:                            8
  CPU time for invariant read:                                      0.530s
  CPU time for invariant write:                                     0.030s
  Time for invariant write:                                         0.017s
  Time for invariant read:                                          0.279s

AutomatonAnalysis (SVCOMP) statistics
-------------------------------------
Number of states:                                  1
Total time for successor computation:                  0.011s
Automaton transfers with branching:                0
Automaton transfer successors:                          831 (count: 831, min: 1, max: 1, avg: 1.00) [1 x 831]

CPA algorithm statistics
------------------------
Number of iterations:            2
Max size of waitlist:            1
Average size of waitlist:        1
Number of computed successors:   1
Max successors for one state:    1
Number of times merged:          1
Number of times stopped:         1
Number of times abs stopped:     0
Number of times nonAbs stopped:  4
Number of coverage check (part): 4
Number of times doAbstraction node:  9
Number of times breaked:         0

Total time for CPA algorithm:         0.001s (Max:     0.001s)
CPU time for CPA algorithm:           1.230s
  Time for choose from waitlist:      0.000s
  Time for precision adjustment:      0.000s
  Time for transfer relation:         0.000s
  Time for merge operator:            0.001s
  Time for stop operator:             0.000s
  Time for adding to reached set:     0.000s

Predicate-Abstraction Refiner statistics
----------------------------------------
  Predicate creation:                                  0.000s
  Precision update:                                    0.000s
  ARG update:                                          0.000s

Length of refined path (in blocks):                       0 (count: 0, min: 0, max: 0, avg: 0.00)
Number of affected states:                                0 (count: 0, min: 0, max: 0, avg: 0.00)
Length (states) of path with itp 'true':                  0 (count: 0, min: 0, max: 0, avg: 0.00)
Length (states) of path with itp non-trivial itp:         0 (count: 0, min: 0, max: 0, avg: 0.00)
Length (states) of path with itp 'false':                 0 (count: 0, min: 0, max: 0, avg: 0.00)
Different non-trivial interpolants along paths:           0 (count: 0, min: 0, max: 0, avg: 0.00)
Equal non-trivial interpolants along paths:               0 (count: 0, min: 0, max: 0, avg: 0.00)
Different precisions along paths:                         0 (count: 0, min: 0, max: 0, avg: 0.00)
Equal precisions along paths:                             0 (count: 0, min: 0, max: 0, avg: 0.00)
Number of refs with location-based cutoff:                0

CEGAR algorithm statistics
--------------------------
Number of refinements:                0
Refinement times:             0
First time for refinement:             0.001s
Last time for refinement:              0.001s
Average time for analysis:          0.001s
Number of analysis:                1

Code Coverage
-----------------------------
  Visited lines:          3715
  Total lines:            32
  Line coverage:          116.094

CPAchecker general statistics
-----------------------------
Number of program locations:     1905
Number of CFA edges:             2205
Number of relevant variables:    287
Number of functions:             60
Number of loops:                 6
Size of reached set:             829
  Number of reached locations:   829 (44%)
    Avg states per location:     1
    Max states per location:     1 (at node N178)
  Number of reached functions:   5 (8%)
  Number of partitions:          829
    Avg size of partitions:      1
    Max size of partitions:      1
  Number of target states:       0

Time for analysis setup:                   8.828s
  Time for cfa diff:                   5.443s
  Time for loading CPAs:                   0.429s
  Time for impacted traverse:              0.011s
  Time for loading parser:        0.034s
  Time for CFA construction:      1.419s
    Time for parsing file(s):     0.455s
    Time for AST to CFA:          0.491s
    Time for CFA sanity check:    0.000s
    Time for post-processing:     0.330s
      Time for var class.:        0.000s
Time for normal Analysis:                         0.001s
CPU time for analysis:                     0.900s
CPU time for impacted:                     1.720s
CPU time for normal analysis:              0.000s
CPU time for init:                         0.900s

Time for Garbage Collector:       0.188s (in 6 runs)
Garbage Collector(s) used:    PS MarkSweep, PS Scavenge
Used heap memory:                 97MB (    92 MiB) max;     67MB (    64 MiB) avg;    119MB (   113 MiB) peak
Used non-heap memory:             34MB (    33 MiB) max;     26MB (    25 MiB) avg;     36MB (    35 MiB) peak
Used in PS Old Gen pool:          23MB (    22 MiB) max;     13MB (    12 MiB) avg;     33MB (    31 MiB) peak
Allocated heap memory:           270MB (   258 MiB) max;    199MB (   189 MiB) avg
Allocated non-heap memory:        37MB (    35 MiB) max;     27MB (    26 MiB) avg
Total process virtual memory:  13307MB ( 12691 MiB) max;  13283MB ( 12668 MiB) avg

Verification result: TRUE. No property violation found by chosen configuration.
More details about the verification run can be found in the directory "/home/yqs17/blazer/cpachecker-inc-pred/output-us-precise-cfa/32_7a.net--usb--catc.ko.set/017.22bedad.32_7a.cil_safe.i".
