scripts/cpa.sh -heap 10000M -predicateAnalysis-ABElfb-debug -setprop cpa.impacted.eliminate=true -disable-java-assertions -outputpath /home/yqs17/blazer/cpachecker-inc-pred/output-us-precise-cfa/32_7a.target--loopback--tcm_loop.ko.set/029.c8e31f2.32_7a.cil_safe.i -isIncPred -spec /home/yqs17/blazer/cpachecker-inc-pred/LDVErrorLabel.spc -stats -setprop cpa.impacted.pre_invariants.file=/home/yqs17/blazer/cpachecker-inc-pred/output-us-precise-cfa/32_7a.target--loopback--tcm_loop.ko.set/028.2e88efd.32_7a.cil_safe.i/impacted-invariants.txt -setprop analysis.prev.program=/home/yqs17/blazer/cpachecker-inc-pred/programs/drivers--target--loopback--tcm_loop.ko/028.2e88efd.32_7a.cil_safe.i -entryfunction ldv_main0_sequence_infinite_withcheck_stateful /home/yqs17/blazer/cpachecker-inc-pred/programs/drivers--target--loopback--tcm_loop.ko/029.c8e31f2.32_7a.cil_safe.i


--------------------------------------------------------------------------------


Running CPAchecker with Java heap of size 10000M.
Running CPAchecker with the following extra VM options:  -Djava.io.tmpdir=/tmp/BenchExec_run_f107u3mj/tmp
Number of modified edges: 172
Begin analysis 
Read invariant objects done
ImpactedCPA statistics
----------------------
  Number of invariants partial hits:                            0
  Number of invariants hits:                                    52
  Number of invariants trys:                                    76
  Number of invariants bots:                                    24
  Number of invariants not valid:                               0
  Initial reached size:                                         1649
  Input invariants file size:                                   3295
  Max impacted number of variables:                             3
  Number of last version invariants:                            124
  Number of this version invariants:                            0
  CPU time for invariant read:                                      0.750s
  CPU time for invariant write:                                     0.000s
  Time for invariant write:                                         0.000s
  Time for invariant read:                                          0.400s

AutomatonAnalysis (SVCOMP) statistics
-------------------------------------
Number of states:                                  1
Total time for successor computation:                  0.017s
Automaton transfers with branching:                0
Automaton transfer successors:                         2612 (count: 2612, min: 1, max: 1, avg: 1.00) [1 x 2612]

CPA algorithm statistics
------------------------
Number of iterations:            2596
Max size of waitlist:            7
Average size of waitlist:        1
Number of computed successors:   2612
Max successors for one state:    2
Number of times merged:          0
Number of times stopped:         4
Number of times abs stopped:     59
Number of times nonAbs stopped:  378
Number of coverage check (part): 437
Number of times doAbstraction node:  254
Number of times breaked:         2

Total time for CPA algorithm:         0.245s (Max:     0.167s)
CPU time for CPA algorithm:           2.130s
  Time for choose from waitlist:      0.005s
  Time for precision adjustment:      0.034s
  Time for transfer relation:         0.108s
  Time for merge operator:            0.001s
  Time for stop operator:             0.010s
  Time for adding to reached set:     0.014s

PredicateCPA statistics
-----------------------
Read Precision Time:                0.000s
Precision file size:                2564
Write Precision Time:               0.003s
Number of abstractions:            178 (6% of all post computations)
  Times abstraction was reused:    0
  Because of function entry/exit:  233 (131%)
  Because of loop head:            21 (12%)
  Because of join nodes:           0 (0%)
  Because of threshold:            0 (0%)
  Times precision was empty:       0 (0%)
  Times precision was {false}:     0 (0%)
  Times result was cached:         73 (32%)
  Times cartesian abs was used:    0 (0%)
  Times boolean abs was used:      157 (68%)
  Times result was 'false':        0 (0%)
Number of strengthen sat checks:   0
Number of coverage checks:         437
  BDD entailment checks:           59
Number of SMT sat checks:          1684
  trivial:                         1029
  cached:                          474

Max ABE block size:                       15
Number of predicates discovered:          4
Number of abstraction locations:          0
Max number of predicates per location:    0
Avg number of predicates per location:    0
Total predicates per abstraction:         621
Max number of predicates per abstraction: 4
Avg number of predicates per abstraction: 3.96
Number of irrelevant predicates:          0 (0%)
Number of preds handled by boolean abs:   621 (100%)
  Total number of models for allsat:      292
  Max number of models for allsat:        2
  Avg number of models for allsat:        1.86

Number of path formula cache hits:   251 (9%)

Time for post operator:                  1.296s
  Time for path formula creation:        0.534s
    Actual computation:                  0.486s
Time for strengthen operator:            0.005s
Time for prec operator:                  0.790s
  Time for abstraction:                  0.370s (Max:     0.009s, Count: 178)
    Boolean abstraction:                 0.325s
    Solving time:                        0.073s (Max:     0.007s)
    Model enumeration time:              0.079s
    Time for BDD construction:           0.021s (Max:     0.005s)
Time for merge operator:                 0.030s
Time for coverage check:                 0.006s
  Time for BDD entailment checks:        0.002s
Total time for SMT solver (w/o itp):     0.627s

Number of BDD nodes:                               220
Size of BDD node table:                            466043
Size of BDD cache:                                 46619
Size of BDD node cleanup queue:                           0 (count: 10960, min: 0, max: 0, avg: 0.00)
Time for BDD node cleanup:                             0.001s
Time for BDD garbage collection:                       0.000s (in 0 runs)

PrecisionBootstrap statistics
-----------------------------
Init. function predicates:                         0
Init. global predicates:                           0
Init. location predicates:                         0

ImpactedCPA statistics
----------------------
  Number of invariants partial hits:                            0
  Number of invariants hits:                                    52
  Number of invariants trys:                                    76
  Number of invariants bots:                                    24
  Number of invariants not valid:                               0
  Initial reached size:                                         1649
  Input invariants file size:                                   3295
  Max impacted number of variables:                             3
  Number of last version invariants:                            124
  Number of this version invariants:                            119
  CPU time for invariant read:                                      0.750s
  CPU time for invariant write:                                     0.100s
  Time for invariant write:                                         0.054s
  Time for invariant read:                                          0.400s

AutomatonAnalysis (SVCOMP) statistics
-------------------------------------
Number of states:                                  1
Total time for successor computation:                  0.015s
Automaton transfers with branching:                0
Automaton transfer successors:                         2782 (count: 2782, min: 1, max: 1, avg: 1.00) [1 x 2782]

CPA algorithm statistics
------------------------
Number of iterations:            1018
Max size of waitlist:            48
Average size of waitlist:        30
Number of computed successors:   1100
Max successors for one state:    2
Number of times merged:          179
Number of times stopped:         238
Number of times abs stopped:     59
Number of times nonAbs stopped:  378
Number of coverage check (part): 437
Number of times doAbstraction node:  254
Number of times breaked:         0

Total time for CPA algorithm:         0.831s (Max:     0.831s)
CPU time for CPA algorithm:           2.130s
  Time for choose from waitlist:      0.003s
  Time for precision adjustment:      0.402s
  Time for transfer relation:         0.317s
  Time for merge operator:            0.050s
  Time for stop operator:             0.012s
  Time for adding to reached set:     0.007s

Predicate-Abstraction Refiner statistics
----------------------------------------
  Predicate creation:                                  0.000s
  Precision update:                                    0.000s
  ARG update:                                          0.000s

Length of refined path (in blocks):                       0 (count: 0, min: 0, max: 0, avg: 0.00)
Number of affected states:                                0 (count: 0, min: 0, max: 0, avg: 0.00)
Length (states) of path with itp 'true':                  0 (count: 0, min: 0, max: 0, avg: 0.00)
Length (states) of path with itp non-trivial itp:         0 (count: 0, min: 0, max: 0, avg: 0.00)
Length (states) of path with itp 'false':                 0 (count: 0, min: 0, max: 0, avg: 0.00)
Different non-trivial interpolants along paths:           0 (count: 0, min: 0, max: 0, avg: 0.00)
Equal non-trivial interpolants along paths:               0 (count: 0, min: 0, max: 0, avg: 0.00)
Different precisions along paths:                         0 (count: 0, min: 0, max: 0, avg: 0.00)
Equal precisions along paths:                             0 (count: 0, min: 0, max: 0, avg: 0.00)
Number of refs with location-based cutoff:                0

CEGAR algorithm statistics
--------------------------
Number of refinements:                0
Refinement times:             0
First time for refinement:             0.832s
Last time for refinement:              0.832s
Average time for analysis:          0.832s
Number of analysis:                1

Code Coverage
-----------------------------
  Visited lines:          6635
  Total lines:            4
  Line coverage:          1658.750

CPAchecker general statistics
-----------------------------
Number of program locations:     3101
Number of CFA edges:             3470
Number of relevant variables:    380
Number of functions:             116
Number of loops:                 2
Size of reached set:             2511
  Number of reached locations:   2082 (67%)
    Avg states per location:     1
    Max states per location:     18 (at node N381)
  Number of reached functions:   45 (39%)
  Number of partitions:          2510
    Avg size of partitions:      1
    Max size of partitions:      2 (with key [N168 (entry of function shost_priv in include/scsi/scsi_host.h, lines 750-758), -1946459141, Init])
  Number of target states:       0

Time for analysis setup:                  17.142s
  Time for cfa diff:                  12.055s
  Time for loading CPAs:                   0.482s
  Time for impacted traverse:              0.017s
  Time for loading parser:        0.033s
  Time for CFA construction:      2.030s
    Time for parsing file(s):     0.547s
    Time for AST to CFA:          0.791s
    Time for CFA sanity check:    0.000s
    Time for post-processing:     0.487s
      Time for var class.:        0.000s
Time for normal Analysis:                         0.832s
CPU time for analysis:                     4.920s
CPU time for impacted:                     0.990s
CPU time for normal analysis:              1.660s
CPU time for init:                         3.270s

Time for Garbage Collector:       0.250s (in 7 runs)
Garbage Collector(s) used:    PS MarkSweep, PS Scavenge
Used heap memory:                266MB (   254 MiB) max;    122MB (   117 MiB) avg;    318MB (   303 MiB) peak
Used non-heap memory:             38MB (    36 MiB) max;     28MB (    26 MiB) avg;     39MB (    37 MiB) peak
Used in PS Old Gen pool:          34MB (    32 MiB) max;     23MB (    22 MiB) avg;     34MB (    32 MiB) peak
Allocated heap memory:           419MB (   400 MiB) max;    280MB (   267 MiB) avg
Allocated non-heap memory:        40MB (    38 MiB) max;     29MB (    27 MiB) avg
Total process virtual memory:  13307MB ( 12691 MiB) max;  13289MB ( 12673 MiB) avg

Verification result: TRUE. No property violation found by chosen configuration.
More details about the verification run can be found in the directory "/home/yqs17/blazer/cpachecker-inc-pred/output-us-precise-cfa/32_7a.target--loopback--tcm_loop.ko.set/029.c8e31f2.32_7a.cil_safe.i".
