scripts/cpa.sh -heap 10000M -predicateAnalysis-ABElfb-debug -setprop cpa.impacted.eliminate=true -disable-java-assertions -outputpath /home/yqs17/blazer/cpachecker-inc-pred/output-us-precise-cfa/08_1a.usb--serial--ssu100.ko.set/013.f7043ec.08_1a.cil_safe.i -isIncPred -spec /home/yqs17/blazer/cpachecker-inc-pred/LDVErrorLabel.spc -stats -setprop cpa.impacted.pre_invariants.file=/home/yqs17/blazer/cpachecker-inc-pred/output-us-precise-cfa/08_1a.usb--serial--ssu100.ko.set/012.a9e2e06.08_1a.cil_safe.i/impacted-invariants.txt -setprop analysis.prev.program=/home/yqs17/blazer/cpachecker-inc-pred/programs/drivers--usb--serial--ssu100.ko/012.a9e2e06.08_1a.cil_safe.i -entryfunction ldv_main0_sequence_infinite_withcheck_stateful /home/yqs17/blazer/cpachecker-inc-pred/programs/drivers--usb--serial--ssu100.ko/013.f7043ec.08_1a.cil_safe.i


--------------------------------------------------------------------------------


Running CPAchecker with Java heap of size 10000M.
Running CPAchecker with the following extra VM options:  -Djava.io.tmpdir=/tmp/BenchExec_run_snhbnk9d/tmp
Number of modified edges: 71
Begin analysis 
Read invariant objects done
ImpactedCPA statistics
----------------------
  Number of invariants partial hits:                            0
  Number of invariants hits:                                    6
  Number of invariants trys:                                    8
  Number of invariants bots:                                    2
  Number of invariants not valid:                               0
  Initial reached size:                                         721
  Input invariants file size:                                   1211
  Max impacted number of variables:                             0
  Number of last version invariants:                            46
  Number of this version invariants:                            0
  CPU time for invariant read:                                      0.430s
  CPU time for invariant write:                                     0.000s
  Time for invariant write:                                         0.000s
  Time for invariant read:                                          0.225s

AutomatonAnalysis (SVCOMP) statistics
-------------------------------------
Number of states:                                  1
Total time for successor computation:                  0.010s
Automaton transfers with branching:                0
Automaton transfer successors:                          729 (count: 729, min: 1, max: 1, avg: 1.00) [1 x 729]

CPA algorithm statistics
------------------------
Number of iterations:            722
Max size of waitlist:            6
Average size of waitlist:        1
Number of computed successors:   729
Max successors for one state:    2
Number of times merged:          0
Number of times stopped:         2
Number of times abs stopped:     2
Number of times nonAbs stopped:  32
Number of coverage check (part): 34
Number of times doAbstraction node:  10
Number of times breaked:         1

Total time for CPA algorithm:         0.099s (Max:     0.099s)
CPU time for CPA algorithm:           0.230s
  Time for choose from waitlist:      0.005s
  Time for precision adjustment:      0.010s
  Time for transfer relation:         0.059s
  Time for merge operator:            0.000s
  Time for stop operator:             0.007s
  Time for adding to reached set:     0.001s

PredicateCPA statistics
-----------------------
Read Precision Time:                0.000s
Precision file size:                16198
Write Precision Time:               0.004s
Number of abstractions:            2 (0% of all post computations)
  Times abstraction was reused:    0
  Because of function entry/exit:  9 (450%)
  Because of loop head:            1 (50%)
  Because of join nodes:           0 (0%)
  Because of threshold:            0 (0%)
  Times precision was empty:       0 (0%)
  Times precision was {false}:     0 (0%)
  Times result was cached:         1 (13%)
  Times cartesian abs was used:    0 (0%)
  Times boolean abs was used:      7 (88%)
  Times result was 'false':        0 (0%)
Number of strengthen sat checks:   0
Number of coverage checks:         34
  BDD entailment checks:           2
Number of SMT sat checks:          725
  trivial:                         567
  cached:                          130

Max ABE block size:                       7
Number of predicates discovered:          6
Number of abstraction locations:          0
Max number of predicates per location:    0
Avg number of predicates per location:    0
Total predicates per abstraction:         20
Max number of predicates per abstraction: 6
Avg number of predicates per abstraction: 2.86
Number of irrelevant predicates:          0 (0%)
Number of preds handled by boolean abs:   20 (100%)
  Total number of models for allsat:      7
  Max number of models for allsat:        1
  Avg number of models for allsat:        1.00

Number of path formula cache hits:   22 (3%)

Time for post operator:                  0.310s
  Time for path formula creation:        0.140s
    Actual computation:                  0.132s
Time for strengthen operator:            0.003s
Time for prec operator:                  0.086s
  Time for abstraction:                  0.015s (Max:     0.012s, Count: 2)
    Boolean abstraction:                 0.037s
    Solving time:                        0.012s (Max:     0.007s)
    Model enumeration time:              0.002s
    Time for BDD construction:           0.002s (Max:     0.001s)
Time for merge operator:                 0.003s
Time for coverage check:                 0.000s
  Time for BDD entailment checks:        0.000s
Total time for SMT solver (w/o itp):     0.109s

Number of BDD nodes:                               223
Size of BDD node table:                            466043
Size of BDD cache:                                 46619
Size of BDD node cleanup queue:                           0 (count: 5743, min: 0, max: 0, avg: 0.00)
Time for BDD node cleanup:                             0.001s
Time for BDD garbage collection:                       0.000s (in 0 runs)

PrecisionBootstrap statistics
-----------------------------
Init. function predicates:                         0
Init. global predicates:                           0
Init. location predicates:                         0

ImpactedCPA statistics
----------------------
  Number of invariants partial hits:                            0
  Number of invariants hits:                                    6
  Number of invariants trys:                                    8
  Number of invariants bots:                                    2
  Number of invariants not valid:                               0
  Initial reached size:                                         721
  Input invariants file size:                                   1211
  Max impacted number of variables:                             0
  Number of last version invariants:                            46
  Number of this version invariants:                            6
  CPU time for invariant read:                                      0.430s
  CPU time for invariant write:                                     0.030s
  Time for invariant write:                                         0.016s
  Time for invariant read:                                          0.225s

AutomatonAnalysis (SVCOMP) statistics
-------------------------------------
Number of states:                                  1
Total time for successor computation:                  0.006s
Automaton transfers with branching:                0
Automaton transfer successors:                          740 (count: 740, min: 1, max: 1, avg: 1.00) [1 x 740]

CPA algorithm statistics
------------------------
Number of iterations:            15
Max size of waitlist:            3
Average size of waitlist:        2
Number of computed successors:   16
Max successors for one state:    2
Number of times merged:          14
Number of times stopped:         16
Number of times abs stopped:     2
Number of times nonAbs stopped:  32
Number of coverage check (part): 34
Number of times doAbstraction node:  10
Number of times breaked:         0

Total time for CPA algorithm:         0.025s (Max:     0.025s)
CPU time for CPA algorithm:           0.230s
  Time for choose from waitlist:      0.000s
  Time for precision adjustment:      0.015s
  Time for transfer relation:         0.005s
  Time for merge operator:            0.001s
  Time for stop operator:             0.000s
  Time for adding to reached set:     0.000s

Predicate-Abstraction Refiner statistics
----------------------------------------
  Predicate creation:                                  0.000s
  Precision update:                                    0.000s
  ARG update:                                          0.000s

Length of refined path (in blocks):                       0 (count: 0, min: 0, max: 0, avg: 0.00)
Number of affected states:                                0 (count: 0, min: 0, max: 0, avg: 0.00)
Length (states) of path with itp 'true':                  0 (count: 0, min: 0, max: 0, avg: 0.00)
Length (states) of path with itp non-trivial itp:         0 (count: 0, min: 0, max: 0, avg: 0.00)
Length (states) of path with itp 'false':                 0 (count: 0, min: 0, max: 0, avg: 0.00)
Different non-trivial interpolants along paths:           0 (count: 0, min: 0, max: 0, avg: 0.00)
Equal non-trivial interpolants along paths:               0 (count: 0, min: 0, max: 0, avg: 0.00)
Different precisions along paths:                         0 (count: 0, min: 0, max: 0, avg: 0.00)
Equal precisions along paths:                             0 (count: 0, min: 0, max: 0, avg: 0.00)
Number of refs with location-based cutoff:                0

CEGAR algorithm statistics
--------------------------
Number of refinements:                0
Refinement times:             0
First time for refinement:             0.025s
Last time for refinement:              0.025s
Average time for analysis:          0.025s
Number of analysis:                1

Code Coverage
-----------------------------
  Visited lines:          3114
  Total lines:            1
  Line coverage:          3114.000

CPAchecker general statistics
-----------------------------
Number of program locations:     1847
Number of CFA edges:             2160
Number of relevant variables:    268
Number of functions:             57
Number of loops:                 6
Size of reached set:             721
  Number of reached locations:   719 (39%)
    Avg states per location:     1
    Max states per location:     2 (at node N1161)
  Number of reached functions:   4 (7%)
  Number of partitions:          721
    Avg size of partitions:      1
    Max size of partitions:      1
  Number of target states:       0

Time for analysis setup:                   7.465s
  Time for cfa diff:                   4.580s
  Time for loading CPAs:                   0.410s
  Time for impacted traverse:              0.012s
  Time for loading parser:        0.032s
  Time for CFA construction:      1.509s
    Time for parsing file(s):     0.453s
    Time for AST to CFA:          0.530s
    Time for CFA sanity check:    0.000s
    Time for post-processing:     0.367s
      Time for var class.:        0.000s
Time for normal Analysis:                         0.026s
CPU time for analysis:                     0.950s
CPU time for impacted:                     0.590s
CPU time for normal analysis:              0.060s
CPU time for init:                         0.900s

Time for Garbage Collector:       0.194s (in 6 runs)
Garbage Collector(s) used:    PS MarkSweep, PS Scavenge
Used heap memory:                 91MB (    87 MiB) max;     50MB (    48 MiB) avg;    117MB (   112 MiB) peak
Used non-heap memory:             33MB (    32 MiB) max;     25MB (    24 MiB) avg;     36MB (    34 MiB) peak
Used in PS Old Gen pool:          23MB (    22 MiB) max;     11MB (    11 MiB) avg;     31MB (    30 MiB) peak
Allocated heap memory:           270MB (   258 MiB) max;    190MB (   181 MiB) avg
Allocated non-heap memory:        37MB (    35 MiB) max;     26MB (    25 MiB) avg
Total process virtual memory:  13307MB ( 12691 MiB) max;  13279MB ( 12664 MiB) avg

Verification result: TRUE. No property violation found by chosen configuration.
More details about the verification run can be found in the directory "/home/yqs17/blazer/cpachecker-inc-pred/output-us-precise-cfa/08_1a.usb--serial--ssu100.ko.set/013.f7043ec.08_1a.cil_safe.i".
