scripts/cpa.sh -heap 10000M -predicateAnalysis-ABElfb-debug -setprop cpa.impacted.eliminate=true -disable-java-assertions -outputpath /home/yqs17/blazer/cpachecker-inc-pred/output-us-precise-cfa/68_1.platform--x86--panasonic-laptop.ko.set/000.41b16dc.68_1.cil_safe.i -stats -spec /home/yqs17/blazer/cpachecker-inc-pred/LDVErrorLabel.spc -entryfunction ldv_main0_sequence_infinite_withcheck_stateful /home/yqs17/blazer/cpachecker-inc-pred/programs/drivers--platform--x86--panasonic-laptop.ko/000.41b16dc.68_1.cil_safe.i


--------------------------------------------------------------------------------


Running CPAchecker with Java heap of size 10000M.
Running CPAchecker with the following extra VM options:  -Djava.io.tmpdir=/tmp/BenchExec_run_dm39jjjx/tmp
Begin analysis 
PredicateCPA statistics
-----------------------
Read Precision Time:                0.000s
Precision file size:                0
Write Precision Time:               0.003s
Number of abstractions:            3503 (13% of all post computations)
  Times abstraction was reused:    0
  Because of function entry/exit:  3078 (88%)
  Because of loop head:            425 (12%)
  Because of join nodes:           0 (0%)
  Because of threshold:            0 (0%)
  Times precision was empty:       1388 (40%)
  Times precision was {false}:     199 (6%)
  Times result was cached:         1620 (46%)
  Times cartesian abs was used:    0 (0%)
  Times boolean abs was used:      296 (8%)
  Times result was 'false':        171 (5%)
Number of strengthen sat checks:   19
  Times result was 'false':        0 (0%)
Number of coverage checks:         3228
  BDD entailment checks:           1054
Number of SMT sat checks:          19
  trivial:                         19
  cached:                          0

Max ABE block size:                       17
Number of predicates discovered:          4
Number of abstraction locations:          0
Max number of predicates per location:    0
Avg number of predicates per location:    0
Total predicates per abstraction:         809
Max number of predicates per abstraction: 3
Avg number of predicates per abstraction: 1.63
Number of irrelevant predicates:          430 (53%)
Number of preds handled by boolean abs:   379 (47%)
  Total number of models for allsat:      298
  Max number of models for allsat:        2
  Avg number of models for allsat:        1.01

Number of path formula cache hits:   21989 (75%)

Time for post operator:                  1.396s
  Time for path formula creation:        0.967s
    Actual computation:                  0.810s
Time for strengthen operator:            0.032s
  Time for satisfiability checks:        0.000s
Time for prec operator:                  1.279s
  Time for abstraction:                  1.064s (Max:     0.119s, Count: 3503)
    Boolean abstraction:                 0.143s
    Solving time:                        0.175s (Max:     0.011s)
    Model enumeration time:              0.002s
    Time for BDD construction:           0.012s (Max:     0.001s)
Time for merge operator:                 0.105s
Time for coverage check:                 0.025s
  Time for BDD entailment checks:        0.024s
Total time for SMT solver (w/o itp):     0.177s

Number of BDD nodes:                               213
Size of BDD node table:                            466043
Size of BDD cache:                                 46619
Size of BDD node cleanup queue:                         213 (count: 8755, min: 0, max: 149, avg: 0.02)
Time for BDD node cleanup:                             0.003s
Time for BDD garbage collection:                       0.000s (in 0 runs)

PrecisionBootstrap statistics
-----------------------------
Init. function predicates:                         0
Init. global predicates:                           0
Init. location predicates:                         0

ImpactedCPA statistics
----------------------
  Number of invariants partial hits:                            0
  Number of invariants hits:                                    0
  Number of invariants trys:                                    0
  Number of invariants bots:                                    0
  Number of invariants not valid:                               0
  Initial reached size:                                         1
  Input invariants file size:                                   0
  Max impacted number of variables:                             0
  Number of last version invariants:                            0
  Number of this version invariants:                            55
  CPU time for invariant read:                                      0.000s
  CPU time for invariant write:                                     0.070s
  Time for invariant write:                                         0.038s
  Time for invariant read:                                          0.000s

AutomatonAnalysis (SVCOMP) statistics
-------------------------------------
Number of states:                                  1
Total time for successor computation:                  0.067s
Automaton transfers with branching:                0
Automaton transfer successors:                        25997 (count: 25997, min: 1, max: 1, avg: 1.00) [1 x 25997]

CPA algorithm statistics
------------------------
Number of iterations:            23984
Max size of waitlist:            26
Average size of waitlist:        12
Number of computed successors:   25997
Max successors for one state:    2
Number of times merged:          1087
Number of times stopped:         1819
Number of times abs stopped:     732
Number of times nonAbs stopped:  2174
Number of coverage check (part): 3228
Number of times doAbstraction node:  3503
Number of times breaked:         19

Total time for CPA algorithm:         4.128s (Max:     0.725s)
CPU time for CPA algorithm:           8.200s
  Time for choose from waitlist:      0.039s
  Time for precision adjustment:      1.393s
  Time for transfer relation:         1.999s
  Time for merge operator:            0.154s
  Time for stop operator:             0.115s
  Time for adding to reached set:     0.095s

Predicate-Abstraction Refiner statistics
----------------------------------------
Avg. length of target path (in blocks):                 368 (count: 19, min: 5, max: 37, avg: 19.37)
Number of infeasible sliced prefixes:                     0 (count: 0, min: 0, max: 0, avg: 0.00)

Time for refinement:                                   0.744s
  Counterexample analysis:                0.608s (Max:     0.075s, Calls: 19)
    Refinement sat check:                 0.143s
    Interpolant computation:              0.000s
  Error path post-processing:                          0.000s
  Path-formulas extraction:                            0.000s
  Building the counterexample trace:                   0.608s
  Extracting precise counterexample:                   0.000s
  Extracting infeasible sliced prefixes:               0.000s
  Selecting infeasible sliced prefixes:                0.000s
  Predicate creation:                                  0.006s
  Precision update:                                    0.005s
  ARG update:                                          0.098s

Length of refined path (in blocks):                     319 (count: 19, min: 4, max: 36, avg: 16.79)
Number of affected states:                              267 (count: 19, min: 0, max: 35, avg: 14.05)
Length (states) of path with itp 'true':                 33 (count: 19, min: 0, max: 15, avg: 1.74)
Length (states) of path with itp non-trivial itp:       267 (count: 19, min: 0, max: 35, avg: 14.05)
Length (states) of path with itp 'false':                19 (count: 19, min: 1, max: 1, avg: 1.00)
Different non-trivial interpolants along paths:           0 (count: 19, min: 0, max: 0, avg: 0.00)
Equal non-trivial interpolants along paths:             250 (count: 19, min: 0, max: 34, avg: 13.16)
Different precisions along paths:                         0 (count: 0, min: 0, max: 0, avg: 0.00)
Equal precisions along paths:                             0 (count: 0, min: 0, max: 0, avg: 0.00)
Number of refs with location-based cutoff:                0

CEGAR algorithm statistics
--------------------------
Number of refinements:                19
Number of successful refinements:     19
Number of failed refinements:         0
Max. size of reached set before ref.: 2400
Max. size of reached set after ref.:  1268
Avg. size of reached set before ref.: 1936.37
Avg. size of reached set after ref.:  739.26

Total time for CEGAR algorithm:       4.909s
CPU time for CEGAR algorithm:         9.720s
Time for refinements:                 0.777s
CPU time for refinements:             1.520s
Average time for refinement:          0.040s
Max time for refinement:              0.093s
First time for refinement:             0.206s
Last time for refinement:              0.051s
Average time for analysis:          0.206s
Number of analysis:                20

Code Coverage
-----------------------------
  Visited lines:          3328
  Total lines:            6
  Line coverage:          554.667

CPAchecker general statistics
-----------------------------
Number of program locations:     1399
Number of CFA edges:             1536
Number of relevant variables:    165
Number of functions:             47
Number of loops:                 4
Size of reached set:             1263
  Number of reached locations:   1076 (77%)
    Avg states per location:     1
    Max states per location:     7 (at node N549)
  Number of reached functions:   24 (51%)
  Number of partitions:          1262
    Avg size of partitions:      1
    Max size of partitions:      2 (with key [N502 (before /work/ldvuser/novikov/work/current--X--drivers/platform/x86/panasonic-laptop.ko--X--defaultlinux--X--68_1--X--cpachecker/linux/csd_deg_dscv/11/dscv_tempdir/dscv/ri/68_1/drivers/platform/x86/panasonic-laptop.c, lines 581-593), Function acpi_pcc_init_input called from node N599, stack depth 3 [6d543ec2], stack [ldv_main0_sequence_infinite_withcheck_stateful, acpi_pcc_hotkey_add, acpi_pcc_init_input], Init])
  Number of target states:       0

Time for analysis setup:                   1.558s
  Time for cfa diff:                   0.000s
  Time for loading CPAs:                   0.319s
  Time for impacted traverse:              0.006s
  Time for loading parser:        0.018s
  Time for CFA construction:      1.138s
    Time for parsing file(s):     0.389s
    Time for AST to CFA:          0.393s
    Time for CFA sanity check:    0.000s
    Time for post-processing:     0.231s
      Time for var class.:        0.000s
Time for normal Analysis:                         4.909s
CPU time for analysis:                     9.720s
CPU time for impacted:                     0.000s
CPU time for normal analysis:              9.720s
CPU time for init:                         0.000s

Time for Garbage Collector:       0.201s (in 8 runs)
Garbage Collector(s) used:    PS MarkSweep, PS Scavenge
Used heap memory:                307MB (   293 MiB) max;     91MB (    87 MiB) avg;    315MB (   300 MiB) peak
Used non-heap memory:             35MB (    34 MiB) max;     29MB (    28 MiB) avg;     38MB (    36 MiB) peak
Used in PS Old Gen pool:          27MB (    26 MiB) max;     18MB (    17 MiB) avg;     27MB (    26 MiB) peak
Allocated heap memory:           415MB (   396 MiB) max;    258MB (   246 MiB) avg
Allocated non-heap memory:        38MB (    36 MiB) max;     31MB (    30 MiB) avg
Total process virtual memory:  13241MB ( 12628 MiB) max;  13237MB ( 12624 MiB) avg

Verification result: TRUE. No property violation found by chosen configuration.
More details about the verification run can be found in the directory "/home/yqs17/blazer/cpachecker-inc-pred/output-us-precise-cfa/68_1.platform--x86--panasonic-laptop.ko.set/000.41b16dc.68_1.cil_safe.i".
