scripts/cpa.sh -heap 10000M -predicateAnalysis-ABElfb-debug -setprop cpa.impacted.eliminate=true -disable-java-assertions -outputpath /home/yqs17/blazer/cpachecker-inc-pred/output-us-precise-cfa/43_1a.net--wan--farsync.ko.set/014.babcda7.43_1a.cil_safe.i -isIncPred -spec /home/yqs17/blazer/cpachecker-inc-pred/LDVErrorLabel.spc -stats -setprop cpa.impacted.pre_invariants.file=/home/yqs17/blazer/cpachecker-inc-pred/output-us-precise-cfa/43_1a.net--wan--farsync.ko.set/013.0bee8db.43_1a.cil_safe.i/impacted-invariants.txt -setprop analysis.prev.program=/home/yqs17/blazer/cpachecker-inc-pred/programs/drivers--net--wan--farsync.ko/013.0bee8db.43_1a.cil_safe.i -entryfunction ldv_main0_sequence_infinite_withcheck_stateful /home/yqs17/blazer/cpachecker-inc-pred/programs/drivers--net--wan--farsync.ko/014.babcda7.43_1a.cil_safe.i


--------------------------------------------------------------------------------


Running CPAchecker with Java heap of size 10000M.
Running CPAchecker with the following extra VM options:  -Djava.io.tmpdir=/tmp/BenchExec_run_i4o5zo1v/tmp
Number of modified edges: 122
Begin analysis 
Read invariant objects done
ImpactedCPA statistics
----------------------
  Number of invariants partial hits:                            0
  Number of invariants hits:                                    30
  Number of invariants trys:                                    45
  Number of invariants bots:                                    15
  Number of invariants not valid:                               0
  Initial reached size:                                         1038
  Input invariants file size:                                   1683
  Max impacted number of variables:                             2
  Number of last version invariants:                            150
  Number of this version invariants:                            0
  CPU time for invariant read:                                      0.670s
  CPU time for invariant write:                                     0.000s
  Time for invariant write:                                         0.000s
  Time for invariant read:                                          0.347s

AutomatonAnalysis (SVCOMP) statistics
-------------------------------------
Number of states:                                  1
Total time for successor computation:                  0.020s
Automaton transfers with branching:                0
Automaton transfer successors:                         3141 (count: 3141, min: 1, max: 1, avg: 1.00) [1 x 3141]

CPA algorithm statistics
------------------------
Number of iterations:            3084
Max size of waitlist:            10
Average size of waitlist:        1
Number of computed successors:   3141
Max successors for one state:    2
Number of times merged:          0
Number of times stopped:         42
Number of times abs stopped:     38
Number of times nonAbs stopped:  298
Number of coverage check (part): 337
Number of times doAbstraction node:  226
Number of times breaked:         3

Total time for CPA algorithm:         0.260s (Max:     0.142s)
CPU time for CPA algorithm:           1.660s
  Time for choose from waitlist:      0.007s
  Time for precision adjustment:      0.033s
  Time for transfer relation:         0.146s
  Time for merge operator:            0.001s
  Time for stop operator:             0.018s
  Time for adding to reached set:     0.010s

PredicateCPA statistics
-----------------------
Read Precision Time:                0.000s
Precision file size:                2400
Write Precision Time:               0.001s
Number of abstractions:            181 (9% of all post computations)
  Times abstraction was reused:    0
  Because of function entry/exit:  204 (113%)
  Because of loop head:            22 (12%)
  Because of join nodes:           0 (0%)
  Because of threshold:            0 (0%)
  Times precision was empty:       0 (0%)
  Times precision was {false}:     0 (0%)
  Times result was cached:         57 (27%)
  Times cartesian abs was used:    0 (0%)
  Times boolean abs was used:      154 (73%)
  Times result was 'false':        0 (0%)
Number of strengthen sat checks:   0
Number of coverage checks:         337
  BDD entailment checks:           39
Number of SMT sat checks:          1060
  trivial:                         625
  cached:                          328

Max ABE block size:                       21
Number of predicates discovered:          3
Number of abstraction locations:          0
Max number of predicates per location:    0
Avg number of predicates per location:    0
Total predicates per abstraction:         382
Max number of predicates per abstraction: 3
Avg number of predicates per abstraction: 2.48
Number of irrelevant predicates:          214 (56%)
Number of preds handled by boolean abs:   168 (44%)
  Total number of models for allsat:      157
  Max number of models for allsat:        2
  Avg number of models for allsat:        1.02

Number of path formula cache hits:   205 (10%)

Time for post operator:                  1.140s
  Time for path formula creation:        0.485s
    Actual computation:                  0.447s
Time for strengthen operator:            0.011s
Time for prec operator:                  0.423s
  Time for abstraction:                  0.246s (Max:     0.037s, Count: 181)
    Boolean abstraction:                 0.152s
    Solving time:                        0.097s (Max:     0.030s)
    Model enumeration time:              0.008s
    Time for BDD construction:           0.006s (Max:     0.001s)
Time for merge operator:                 0.026s
Time for coverage check:                 0.005s
  Time for BDD entailment checks:        0.004s
Total time for SMT solver (w/o itp):     0.543s

Number of BDD nodes:                               206
Size of BDD node table:                            466043
Size of BDD cache:                                 46619
Size of BDD node cleanup queue:                         185 (count: 10982, min: 0, max: 185, avg: 0.02)
Time for BDD node cleanup:                             0.003s
Time for BDD garbage collection:                       0.000s (in 0 runs)

PrecisionBootstrap statistics
-----------------------------
Init. function predicates:                         0
Init. global predicates:                           0
Init. location predicates:                         0

ImpactedCPA statistics
----------------------
  Number of invariants partial hits:                            0
  Number of invariants hits:                                    30
  Number of invariants trys:                                    45
  Number of invariants bots:                                    15
  Number of invariants not valid:                               0
  Initial reached size:                                         1038
  Input invariants file size:                                   1683
  Max impacted number of variables:                             2
  Number of last version invariants:                            150
  Number of this version invariants:                            112
  CPU time for invariant read:                                      0.670s
  CPU time for invariant write:                                     0.100s
  Time for invariant write:                                         0.047s
  Time for invariant read:                                          0.347s

AutomatonAnalysis (SVCOMP) statistics
-------------------------------------
Number of states:                                  1
Total time for successor computation:                  0.006s
Automaton transfers with branching:                0
Automaton transfer successors:                         1912 (count: 1912, min: 1, max: 1, avg: 1.00) [1 x 1912]

CPA algorithm statistics
------------------------
Number of iterations:            792
Max size of waitlist:            28
Average size of waitlist:        13
Number of computed successors:   856
Max successors for one state:    2
Number of times merged:          145
Number of times stopped:         183
Number of times abs stopped:     38
Number of times nonAbs stopped:  298
Number of coverage check (part): 337
Number of times doAbstraction node:  226
Number of times breaked:         0

Total time for CPA algorithm:         0.583s (Max:     0.583s)
CPU time for CPA algorithm:           1.660s
  Time for choose from waitlist:      0.007s
  Time for precision adjustment:      0.270s
  Time for transfer relation:         0.228s
  Time for merge operator:            0.041s
  Time for stop operator:             0.010s
  Time for adding to reached set:     0.004s

Predicate-Abstraction Refiner statistics
----------------------------------------
  Predicate creation:                                  0.000s
  Precision update:                                    0.000s
  ARG update:                                          0.000s

Length of refined path (in blocks):                       0 (count: 0, min: 0, max: 0, avg: 0.00)
Number of affected states:                                0 (count: 0, min: 0, max: 0, avg: 0.00)
Length (states) of path with itp 'true':                  0 (count: 0, min: 0, max: 0, avg: 0.00)
Length (states) of path with itp non-trivial itp:         0 (count: 0, min: 0, max: 0, avg: 0.00)
Length (states) of path with itp 'false':                 0 (count: 0, min: 0, max: 0, avg: 0.00)
Different non-trivial interpolants along paths:           0 (count: 0, min: 0, max: 0, avg: 0.00)
Equal non-trivial interpolants along paths:               0 (count: 0, min: 0, max: 0, avg: 0.00)
Different precisions along paths:                         0 (count: 0, min: 0, max: 0, avg: 0.00)
Equal precisions along paths:                             0 (count: 0, min: 0, max: 0, avg: 0.00)
Number of refs with location-based cutoff:                0

CEGAR algorithm statistics
--------------------------
Number of refinements:                0
Refinement times:             0
First time for refinement:             0.584s
Last time for refinement:              0.584s
Average time for analysis:          0.584s
Number of analysis:                1

Code Coverage
-----------------------------
  Visited lines:          3657
  Total lines:            1
  Line coverage:          3657.000

CPAchecker general statistics
-----------------------------
Number of program locations:     3143
Number of CFA edges:             3897
Number of relevant variables:    592
Number of functions:             116
Number of loops:                 21
Size of reached set:             1711
  Number of reached locations:   1399 (45%)
    Avg states per location:     1
    Max states per location:     9 (at node N111)
  Number of reached functions:   44 (38%)
  Number of partitions:          1699
    Avg size of partitions:      1
    Max size of partitions:      5 (with key [N124 (entry of function readl in /work/ldvuser/novikov/inst/current/envs/linux/linux/arch/x86/include/asm/io.h, lines 20-30), -195860411, Init])
  Number of target states:       0

Time for analysis setup:                  14.284s
  Time for cfa diff:                   9.876s
  Time for loading CPAs:                   0.443s
  Time for impacted traverse:              0.021s
  Time for loading parser:        0.038s
  Time for CFA construction:      1.896s
    Time for parsing file(s):     0.520s
    Time for AST to CFA:          0.675s
    Time for CFA sanity check:    0.000s
    Time for post-processing:     0.516s
      Time for var class.:        0.000s
Time for normal Analysis:                         0.584s
CPU time for analysis:                     3.610s
CPU time for impacted:                     0.990s
CPU time for normal analysis:              1.160s
CPU time for init:                         2.450s

Time for Garbage Collector:       0.250s (in 7 runs)
Garbage Collector(s) used:    PS MarkSweep, PS Scavenge
Used heap memory:                179MB (   171 MiB) max;     55MB (    52 MiB) avg;    203MB (   194 MiB) peak
Used non-heap memory:             35MB (    33 MiB) max;     27MB (    26 MiB) avg;     37MB (    35 MiB) peak
Used in PS Old Gen pool:          24MB (    23 MiB) max;     17MB (    16 MiB) avg;     37MB (    35 MiB) peak
Allocated heap memory:           376MB (   359 MiB) max;    250MB (   238 MiB) avg
Allocated non-heap memory:        38MB (    36 MiB) max;     29MB (    27 MiB) avg
Total process virtual memory:  13308MB ( 12692 MiB) max;  13288MB ( 12672 MiB) avg

Verification result: TRUE. No property violation found by chosen configuration.
More details about the verification run can be found in the directory "/home/yqs17/blazer/cpachecker-inc-pred/output-us-precise-cfa/43_1a.net--wan--farsync.ko.set/014.babcda7.43_1a.cil_safe.i".
