scripts/cpa.sh -heap 10000M -predicateAnalysis-ABElfb-debug -setprop cpa.impacted.eliminate=true -disable-java-assertions -outputpath /home/yqs17/blazer/cpachecker-inc-pred/output-us-precise-cfa/08_1a.leds--leds-bd2802.ko.set/011.ac63ff5.08_1a.cil_safe.i -isIncPred -spec /home/yqs17/blazer/cpachecker-inc-pred/LDVErrorLabel.spc -stats -setprop cpa.impacted.pre_invariants.file=/home/yqs17/blazer/cpachecker-inc-pred/output-us-precise-cfa/08_1a.leds--leds-bd2802.ko.set/010.95dafd4.08_1a.cil_safe.i/impacted-invariants.txt -setprop analysis.prev.program=/home/yqs17/blazer/cpachecker-inc-pred/programs/drivers--leds--leds-bd2802.ko/010.95dafd4.08_1a.cil_safe.i -entryfunction ldv_main0_sequence_infinite_withcheck_stateful /home/yqs17/blazer/cpachecker-inc-pred/programs/drivers--leds--leds-bd2802.ko/011.ac63ff5.08_1a.cil_safe.i


--------------------------------------------------------------------------------


Running CPAchecker with Java heap of size 10000M.
Running CPAchecker with the following extra VM options:  -Djava.io.tmpdir=/tmp/BenchExec_run_xjun245c/tmp
Number of modified edges: 79
Begin analysis 
Read invariant objects done
ImpactedCPA statistics
----------------------
  Number of invariants partial hits:                            0
  Number of invariants hits:                                    28
  Number of invariants trys:                                    42
  Number of invariants bots:                                    14
  Number of invariants not valid:                               0
  Initial reached size:                                         778
  Input invariants file size:                                   1482
  Max impacted number of variables:                             0
  Number of last version invariants:                            57
  Number of this version invariants:                            0
  CPU time for invariant read:                                      0.460s
  CPU time for invariant write:                                     0.000s
  Time for invariant write:                                         0.000s
  Time for invariant read:                                          0.254s

AutomatonAnalysis (SVCOMP) statistics
-------------------------------------
Number of states:                                  1
Total time for successor computation:                  0.011s
Automaton transfers with branching:                0
Automaton transfer successors:                          607 (count: 607, min: 1, max: 1, avg: 1.00) [1 x 607]

CPA algorithm statistics
------------------------
Number of iterations:            598
Max size of waitlist:            9
Average size of waitlist:        1
Number of computed successors:   607
Max successors for one state:    2
Number of times merged:          0
Number of times stopped:         1
Number of times abs stopped:     31
Number of times nonAbs stopped:  254
Number of coverage check (part): 290
Number of times doAbstraction node:  122
Number of times breaked:         1

Total time for CPA algorithm:         0.085s (Max:     0.085s)
CPU time for CPA algorithm:           0.890s
  Time for choose from waitlist:      0.003s
  Time for precision adjustment:      0.015s
  Time for transfer relation:         0.037s
  Time for merge operator:            0.000s
  Time for stop operator:             0.004s
  Time for adding to reached set:     0.005s

PredicateCPA statistics
-----------------------
Read Precision Time:                0.000s
Precision file size:                3089
Write Precision Time:               0.003s
Number of abstractions:            80 (7% of all post computations)
  Times abstraction was reused:    0
  Because of function entry/exit:  91 (114%)
  Because of loop head:            31 (39%)
  Because of join nodes:           0 (0%)
  Because of threshold:            0 (0%)
  Times precision was empty:       0 (0%)
  Times precision was {false}:     0 (0%)
  Times result was cached:         22 (20%)
  Times cartesian abs was used:    0 (0%)
  Times boolean abs was used:      86 (80%)
  Times result was 'false':        3 (4%)
Number of strengthen sat checks:   0
Number of coverage checks:         290
  BDD entailment checks:           36
Number of SMT sat checks:          800
  trivial:                         457
  cached:                          225

Max ABE block size:                       15
Number of predicates discovered:          5
Number of abstraction locations:          0
Max number of predicates per location:    0
Avg number of predicates per location:    0
Total predicates per abstraction:         307
Max number of predicates per abstraction: 5
Avg number of predicates per abstraction: 3.57
Number of irrelevant predicates:          136 (44%)
Number of preds handled by boolean abs:   171 (56%)
  Total number of models for allsat:      83
  Max number of models for allsat:        1
  Avg number of models for allsat:        0.97

Number of path formula cache hits:   184 (15%)

Time for post operator:                  1.154s
  Time for path formula creation:        0.364s
    Actual computation:                  0.337s
Time for strengthen operator:            0.006s
Time for prec operator:                  0.283s
  Time for abstraction:                  0.131s (Max:     0.009s, Count: 80)
    Boolean abstraction:                 0.101s
    Solving time:                        0.058s (Max:     0.020s)
    Model enumeration time:              0.002s
    Time for BDD construction:           0.010s (Max:     0.001s)
Time for merge operator:                 0.027s
Time for coverage check:                 0.000s
  Time for BDD entailment checks:        0.000s
Total time for SMT solver (w/o itp):     0.653s

Number of BDD nodes:                               224
Size of BDD node table:                            466043
Size of BDD cache:                                 46619
Size of BDD node cleanup queue:                         173 (count: 6630, min: 0, max: 173, avg: 0.03)
Time for BDD node cleanup:                             0.001s
Time for BDD garbage collection:                       0.000s (in 0 runs)

PrecisionBootstrap statistics
-----------------------------
Init. function predicates:                         0
Init. global predicates:                           0
Init. location predicates:                         0

ImpactedCPA statistics
----------------------
  Number of invariants partial hits:                            0
  Number of invariants hits:                                    28
  Number of invariants trys:                                    42
  Number of invariants bots:                                    14
  Number of invariants not valid:                               0
  Initial reached size:                                         778
  Input invariants file size:                                   1482
  Max impacted number of variables:                             0
  Number of last version invariants:                            57
  Number of this version invariants:                            51
  CPU time for invariant read:                                      0.460s
  CPU time for invariant write:                                     0.060s
  Time for invariant write:                                         0.031s
  Time for invariant read:                                          0.254s

AutomatonAnalysis (SVCOMP) statistics
-------------------------------------
Number of states:                                  1
Total time for successor computation:                  0.008s
Automaton transfers with branching:                0
Automaton transfer successors:                         1208 (count: 1208, min: 1, max: 1, avg: 1.00) [1 x 1208]

CPA algorithm statistics
------------------------
Number of iterations:            372
Max size of waitlist:            17
Average size of waitlist:        13
Number of computed successors:   410
Max successors for one state:    2
Number of times merged:          120
Number of times stopped:         151
Number of times abs stopped:     31
Number of times nonAbs stopped:  254
Number of coverage check (part): 290
Number of times doAbstraction node:  122
Number of times breaked:         0

Total time for CPA algorithm:         0.363s (Max:     0.363s)
CPU time for CPA algorithm:           0.890s
  Time for choose from waitlist:      0.002s
  Time for precision adjustment:      0.141s
  Time for transfer relation:         0.156s
  Time for merge operator:            0.041s
  Time for stop operator:             0.012s
  Time for adding to reached set:     0.000s

Predicate-Abstraction Refiner statistics
----------------------------------------
  Predicate creation:                                  0.000s
  Precision update:                                    0.000s
  ARG update:                                          0.000s

Length of refined path (in blocks):                       0 (count: 0, min: 0, max: 0, avg: 0.00)
Number of affected states:                                0 (count: 0, min: 0, max: 0, avg: 0.00)
Length (states) of path with itp 'true':                  0 (count: 0, min: 0, max: 0, avg: 0.00)
Length (states) of path with itp non-trivial itp:         0 (count: 0, min: 0, max: 0, avg: 0.00)
Length (states) of path with itp 'false':                 0 (count: 0, min: 0, max: 0, avg: 0.00)
Different non-trivial interpolants along paths:           0 (count: 0, min: 0, max: 0, avg: 0.00)
Equal non-trivial interpolants along paths:               0 (count: 0, min: 0, max: 0, avg: 0.00)
Different precisions along paths:                         0 (count: 0, min: 0, max: 0, avg: 0.00)
Equal precisions along paths:                             0 (count: 0, min: 0, max: 0, avg: 0.00)
Number of refs with location-based cutoff:                0

CEGAR algorithm statistics
--------------------------
Number of refinements:                0
Refinement times:             0
First time for refinement:             0.363s
Last time for refinement:              0.363s
Average time for analysis:          0.363s
Number of analysis:                1

Code Coverage
-----------------------------
  Visited lines:          2180
  Total lines:            24
  Line coverage:          90.833

CPAchecker general statistics
-----------------------------
Number of program locations:     1910
Number of CFA edges:             2252
Number of relevant variables:    426
Number of functions:             75
Number of loops:                 9
Size of reached set:             1034
  Number of reached locations:   869 (45%)
    Avg states per location:     1
    Max states per location:     6 (at node N56)
  Number of reached functions:   19 (25%)
  Number of partitions:          1031
    Avg size of partitions:      1
    Max size of partitions:      2 (with key [N863 (before /work/ldvuser/novikov/work/current--X--drivers/leds/leds-bd2802.ko--X--defaultlinux--X--08_1a--X--cpachecker/linux/csd_deg_dscv/12/dscv_tempdir/dscv/ri/08_1a/drivers/leds/leds-bd2802.c.prepared, line 435), -1458545327, Init])
  Number of target states:       0

Time for analysis setup:                   7.578s
  Time for cfa diff:                   3.797s
  Time for loading CPAs:                   0.405s
  Time for impacted traverse:              0.015s
  Time for loading parser:        0.037s
  Time for CFA construction:      1.523s
    Time for parsing file(s):     0.445s
    Time for AST to CFA:          0.510s
    Time for CFA sanity check:    0.000s
    Time for post-processing:     0.409s
      Time for var class.:        0.000s
Time for normal Analysis:                         0.365s
CPU time for analysis:                     3.320s
CPU time for impacted:                     0.630s
CPU time for normal analysis:              0.740s
CPU time for init:                         2.590s

Time for Garbage Collector:       0.174s (in 6 runs)
Garbage Collector(s) used:    PS MarkSweep, PS Scavenge
Used heap memory:                181MB (   172 MiB) max;     52MB (    50 MiB) avg;    195MB (   186 MiB) peak
Used non-heap memory:             35MB (    33 MiB) max;     26MB (    25 MiB) avg;     36MB (    34 MiB) peak
Used in PS Old Gen pool:          21MB (    20 MiB) max;     11MB (    11 MiB) avg;     29MB (    28 MiB) peak
Allocated heap memory:           261MB (   249 MiB) max;    201MB (   191 MiB) avg
Allocated non-heap memory:        37MB (    35 MiB) max;     27MB (    26 MiB) avg
Total process virtual memory:  13308MB ( 12692 MiB) max;  13282MB ( 12666 MiB) avg

Verification result: TRUE. No property violation found by chosen configuration.
More details about the verification run can be found in the directory "/home/yqs17/blazer/cpachecker-inc-pred/output-us-precise-cfa/08_1a.leds--leds-bd2802.ko.set/011.ac63ff5.08_1a.cil_safe.i".
