scripts/cpa.sh -heap 10000M -predicateAnalysis-ABElfb-debug -setprop cpa.impacted.eliminate=true -disable-java-assertions -outputpath /home/yqs17/blazer/cpachecker-inc-pred/output-us-precise-cfa/68_1.gpu--drm--i915--i915.ko.set/001.80a914d.68_1.cil_safe.i -isIncPred -spec /home/yqs17/blazer/cpachecker-inc-pred/LDVErrorLabel.spc -stats -setprop cpa.impacted.pre_invariants.file=/home/yqs17/blazer/cpachecker-inc-pred/output-us-precise-cfa/68_1.gpu--drm--i915--i915.ko.set/000.c0e0920.68_1.cil_safe.i/impacted-invariants.txt -setprop analysis.prev.program=/home/yqs17/blazer/cpachecker-inc-pred/programs/drivers--gpu--drm--i915--i915.ko/000.c0e0920.68_1.cil_safe.i -entryfunction ldv_main0_sequence_infinite_withcheck_stateful /home/yqs17/blazer/cpachecker-inc-pred/programs/drivers--gpu--drm--i915--i915.ko/001.80a914d.68_1.cil_safe.i


--------------------------------------------------------------------------------


Running CPAchecker with Java heap of size 10000M.
Running CPAchecker with the following extra VM options:  -Djava.io.tmpdir=/tmp/BenchExec_run_nbu15mf5/tmp
Number of modified edges: 266
Begin analysis 
Read invariant objects done
PredicateCPA statistics
-----------------------
Read Precision Time:                0.000s
Precision file size:                0
Write Precision Time:               0.002s
Number of abstractions:            583 (19% of all post computations)
  Times abstraction was reused:    0
  Because of function entry/exit:  563 (97%)
  Because of loop head:            46 (8%)
  Because of join nodes:           0 (0%)
  Because of threshold:            0 (0%)
  Times precision was empty:       0 (0%)
  Times precision was {false}:     0 (0%)
  Times result was cached:         337 (56%)
  Times cartesian abs was used:    0 (0%)
  Times boolean abs was used:      265 (44%)
  Times result was 'false':        0 (0%)
Number of strengthen sat checks:   0
Number of coverage checks:         339
  BDD entailment checks:           59
Number of SMT sat checks:          928
  trivial:                         612
  cached:                          276

Max ABE block size:                       20
Number of predicates discovered:          5
Number of abstraction locations:          0
Max number of predicates per location:    0
Avg number of predicates per location:    0
Total predicates per abstraction:         530
Max number of predicates per abstraction: 2
Avg number of predicates per abstraction: 2.00
Number of irrelevant predicates:          0 (0%)
Number of preds handled by boolean abs:   530 (100%)
  Total number of models for allsat:      265
  Max number of models for allsat:        1
  Avg number of models for allsat:        1.00

Number of path formula cache hits:   622 (19%)

Time for post operator:                  0.869s
  Time for path formula creation:        0.552s
    Actual computation:                  0.502s
Time for strengthen operator:            0.019s
Time for prec operator:                  0.692s
  Time for abstraction:                  0.532s (Max:     0.018s, Count: 583)
    Boolean abstraction:                 0.225s
    Solving time:                        0.094s (Max:     0.009s)
    Model enumeration time:              0.009s
    Time for BDD construction:           0.015s (Max:     0.001s)
Time for merge operator:                 0.048s
Time for coverage check:                 0.001s
  Time for BDD entailment checks:        0.001s
Total time for SMT solver (w/o itp):     0.278s

Number of BDD nodes:                               208
Size of BDD node table:                            466043
Size of BDD cache:                                 46619
Size of BDD node cleanup queue:                           0 (count: 18025, min: 0, max: 0, avg: 0.00)
Time for BDD node cleanup:                             0.005s
Time for BDD garbage collection:                       0.000s (in 0 runs)

PrecisionBootstrap statistics
-----------------------------
Init. function predicates:                         0
Init. global predicates:                           0
Init. location predicates:                         0

ImpactedCPA statistics
----------------------
  Number of invariants partial hits:                            0
  Number of invariants hits:                                    19
  Number of invariants trys:                                    26
  Number of invariants bots:                                    7
  Number of invariants not valid:                               0
  Initial reached size:                                         918
  Input invariants file size:                                   2503
  Max impacted number of variables:                             0
  Number of last version invariants:                            255
  Number of this version invariants:                            243
  CPU time for invariant read:                                      0.850s
  CPU time for invariant write:                                     0.120s
  Time for invariant write:                                         0.054s
  Time for invariant read:                                          0.447s

AutomatonAnalysis (SVCOMP) statistics
-------------------------------------
Number of states:                                  1
Total time for successor computation:                  0.020s
Automaton transfers with branching:                0
Automaton transfer successors:                         3095 (count: 3095, min: 1, max: 1, avg: 1.00) [1 x 3095]

CPA algorithm statistics
------------------------
Number of iterations:            1985
Max size of waitlist:            15
Average size of waitlist:        8
Number of computed successors:   2169
Max successors for one state:    2
Number of times merged:          138
Number of times stopped:         197
Number of times abs stopped:     59
Number of times nonAbs stopped:  280
Number of coverage check (part): 339
Number of times doAbstraction node:  609
Number of times breaked:         0

Total time for CPA algorithm:         1.395s (Max:     1.395s)
CPU time for CPA algorithm:           2.780s
  Time for choose from waitlist:      0.007s
  Time for precision adjustment:      0.609s
  Time for transfer relation:         0.622s
  Time for merge operator:            0.058s
  Time for stop operator:             0.013s
  Time for adding to reached set:     0.006s

Predicate-Abstraction Refiner statistics
----------------------------------------
  Predicate creation:                                  0.000s
  Precision update:                                    0.000s
  ARG update:                                          0.000s

Length of refined path (in blocks):                       0 (count: 0, min: 0, max: 0, avg: 0.00)
Number of affected states:                                0 (count: 0, min: 0, max: 0, avg: 0.00)
Length (states) of path with itp 'true':                  0 (count: 0, min: 0, max: 0, avg: 0.00)
Length (states) of path with itp non-trivial itp:         0 (count: 0, min: 0, max: 0, avg: 0.00)
Length (states) of path with itp 'false':                 0 (count: 0, min: 0, max: 0, avg: 0.00)
Different non-trivial interpolants along paths:           0 (count: 0, min: 0, max: 0, avg: 0.00)
Equal non-trivial interpolants along paths:               0 (count: 0, min: 0, max: 0, avg: 0.00)
Different precisions along paths:                         0 (count: 0, min: 0, max: 0, avg: 0.00)
Equal precisions along paths:                             0 (count: 0, min: 0, max: 0, avg: 0.00)
Number of refs with location-based cutoff:                0

CEGAR algorithm statistics
--------------------------
Number of refinements:                0
Refinement times:             0
First time for refinement:             1.396s
Last time for refinement:              1.396s
Average time for analysis:          1.396s
Number of analysis:                1

Code Coverage
-----------------------------
  Visited lines:          4044
  Total lines:            15
  Line coverage:          269.600

CPAchecker general statistics
-----------------------------
Number of program locations:     4953
Number of CFA edges:             6217
Number of relevant variables:    617
Number of functions:             111
Number of loops:                 38
Size of reached set:             2890
  Number of reached locations:   1526 (31%)
    Avg states per location:     1
    Max states per location:     97 (at node N12)
  Number of reached functions:   21 (19%)
  Number of partitions:          2862
    Avg size of partitions:      1
    Max size of partitions:      4 (with key [N13 (entry of function readl in include/asm/io.h, lines 20-32), 783815035, Init])
  Number of target states:       0

Time for analysis setup:                  25.232s
  Time for cfa diff:                  20.971s
  Time for loading CPAs:                   0.411s
  Time for impacted traverse:              0.017s
  Time for loading parser:        0.042s
  Time for CFA construction:      2.442s
    Time for parsing file(s):     0.571s
    Time for AST to CFA:          0.914s
    Time for CFA sanity check:    0.000s
    Time for post-processing:     0.678s
      Time for var class.:        0.000s
Time for normal Analysis:                         1.396s
CPU time for analysis:                     4.260s
CPU time for impacted:                     0.000s
CPU time for normal analysis:              2.790s
CPU time for init:                         1.470s

Time for Garbage Collector:       0.273s (in 7 runs)
Garbage Collector(s) used:    PS MarkSweep, PS Scavenge
Used heap memory:                223MB (   213 MiB) max;    128MB (   122 MiB) avg;    284MB (   271 MiB) peak
Used non-heap memory:             36MB (    34 MiB) max;     29MB (    27 MiB) avg;     37MB (    35 MiB) peak
Used in PS Old Gen pool:          42MB (    40 MiB) max;     23MB (    22 MiB) avg;     42MB (    40 MiB) peak
Allocated heap memory:           434MB (   414 MiB) max;    274MB (   261 MiB) avg
Allocated non-heap memory:        37MB (    35 MiB) max;     30MB (    28 MiB) avg
Total process virtual memory:  13307MB ( 12691 MiB) max;  13292MB ( 12676 MiB) avg

Verification result: TRUE. No property violation found by chosen configuration.
More details about the verification run can be found in the directory "/home/yqs17/blazer/cpachecker-inc-pred/output-us-precise-cfa/68_1.gpu--drm--i915--i915.ko.set/001.80a914d.68_1.cil_safe.i".
