scripts/cpa.sh -heap 10000M -predicateAnalysis-ABElfb-debug -setprop cpa.impacted.eliminate=true -disable-java-assertions -outputpath /home/yqs17/blazer/cpachecker-inc-pred/output-us-precise-cfa/08_1a.video--backlight--lms283gf05.ko.set/008.1b9e450.08_1a.cil_safe.i -isIncPred -spec /home/yqs17/blazer/cpachecker-inc-pred/LDVErrorLabel.spc -stats -setprop cpa.impacted.pre_invariants.file=/home/yqs17/blazer/cpachecker-inc-pred/output-us-precise-cfa/08_1a.video--backlight--lms283gf05.ko.set/007.d1723fa.08_1a.cil_safe.i/impacted-invariants.txt -setprop analysis.prev.program=/home/yqs17/blazer/cpachecker-inc-pred/programs/drivers--video--backlight--lms283gf05.ko/007.d1723fa.08_1a.cil_safe.i -entryfunction ldv_main0_sequence_infinite_withcheck_stateful /home/yqs17/blazer/cpachecker-inc-pred/programs/drivers--video--backlight--lms283gf05.ko/008.1b9e450.08_1a.cil_safe.i


--------------------------------------------------------------------------------


Running CPAchecker with Java heap of size 10000M.
Running CPAchecker with the following extra VM options:  -Djava.io.tmpdir=/tmp/BenchExec_run_xqyg3a7u/tmp
Number of modified edges: 0
Begin analysis 
Read invariant objects done
PredicateCPA statistics
-----------------------
Read Precision Time:                0.000s
Precision file size:                4666
Write Precision Time:               0.002s
Number of abstractions:            137 (9% of all post computations)
  Times abstraction was reused:    0
  Because of function entry/exit:  143 (104%)
  Because of loop head:            39 (28%)
  Because of join nodes:           0 (0%)
  Because of threshold:            0 (0%)
  Times precision was empty:       0 (0%)
  Times precision was {false}:     0 (0%)
  Times result was cached:         88 (52%)
  Times cartesian abs was used:    0 (0%)
  Times boolean abs was used:      82 (48%)
  Times result was 'false':        2 (1%)
Number of strengthen sat checks:   0
Number of coverage checks:         251
  BDD entailment checks:           35
Number of SMT sat checks:          879
  trivial:                         602
  cached:                          179

Max ABE block size:                       22
Number of predicates discovered:          5
Number of abstraction locations:          0
Max number of predicates per location:    0
Avg number of predicates per location:    0
Total predicates per abstraction:         286
Max number of predicates per abstraction: 5
Avg number of predicates per abstraction: 3.49
Number of irrelevant predicates:          126 (44%)
Number of preds handled by boolean abs:   160 (56%)
  Total number of models for allsat:      90
  Max number of models for allsat:        3
  Avg number of models for allsat:        1.10

Number of path formula cache hits:   315 (20%)

Time for post operator:                  1.338s
  Time for path formula creation:        0.686s
    Actual computation:                  0.664s
Time for strengthen operator:            0.007s
Time for prec operator:                  0.360s
  Time for abstraction:                  0.194s (Max:     0.020s, Count: 137)
    Boolean abstraction:                 0.118s
    Solving time:                        0.040s (Max:     0.007s)
    Model enumeration time:              0.022s
    Time for BDD construction:           0.016s (Max:     0.005s)
Time for merge operator:                 0.030s
Time for coverage check:                 0.001s
  Time for BDD entailment checks:        0.001s
Total time for SMT solver (w/o itp):     0.476s

Number of BDD nodes:                               237
Size of BDD node table:                            466043
Size of BDD cache:                                 46619
Size of BDD node cleanup queue:                           0 (count: 3719, min: 0, max: 0, avg: 0.00)
Time for BDD node cleanup:                             0.002s
Time for BDD garbage collection:                       0.000s (in 0 runs)

PrecisionBootstrap statistics
-----------------------------
Init. function predicates:                         0
Init. global predicates:                           0
Init. location predicates:                         0

ImpactedCPA statistics
----------------------
  Number of invariants partial hits:                            0
  Number of invariants hits:                                    33
  Number of invariants trys:                                    45
  Number of invariants bots:                                    12
  Number of invariants not valid:                               0
  Initial reached size:                                         861
  Input invariants file size:                                   1225
  Max impacted number of variables:                             0
  Number of last version invariants:                            45
  Number of this version invariants:                            45
  CPU time for invariant read:                                      0.240s
  CPU time for invariant write:                                     0.040s
  Time for invariant write:                                         0.020s
  Time for invariant read:                                          0.115s

AutomatonAnalysis (SVCOMP) statistics
-------------------------------------
Number of states:                                  1
Total time for successor computation:                  0.019s
Automaton transfers with branching:                0
Automaton transfer successors:                         1529 (count: 1529, min: 1, max: 1, avg: 1.00) [1 x 1529]

CPA algorithm statistics
------------------------
Number of iterations:            622
Max size of waitlist:            15
Average size of waitlist:        11
Number of computed successors:   651
Max successors for one state:    2
Number of times merged:          102
Number of times stopped:         132
Number of times abs stopped:     30
Number of times nonAbs stopped:  216
Number of coverage check (part): 251
Number of times doAbstraction node:  182
Number of times breaked:         0

Total time for CPA algorithm:         0.549s (Max:     0.549s)
CPU time for CPA algorithm:           1.080s
  Time for choose from waitlist:      0.002s
  Time for precision adjustment:      0.216s
  Time for transfer relation:         0.254s
  Time for merge operator:            0.035s
  Time for stop operator:             0.011s
  Time for adding to reached set:     0.003s

Predicate-Abstraction Refiner statistics
----------------------------------------
  Predicate creation:                                  0.000s
  Precision update:                                    0.000s
  ARG update:                                          0.000s

Length of refined path (in blocks):                       0 (count: 0, min: 0, max: 0, avg: 0.00)
Number of affected states:                                0 (count: 0, min: 0, max: 0, avg: 0.00)
Length (states) of path with itp 'true':                  0 (count: 0, min: 0, max: 0, avg: 0.00)
Length (states) of path with itp non-trivial itp:         0 (count: 0, min: 0, max: 0, avg: 0.00)
Length (states) of path with itp 'false':                 0 (count: 0, min: 0, max: 0, avg: 0.00)
Different non-trivial interpolants along paths:           0 (count: 0, min: 0, max: 0, avg: 0.00)
Equal non-trivial interpolants along paths:               0 (count: 0, min: 0, max: 0, avg: 0.00)
Different precisions along paths:                         0 (count: 0, min: 0, max: 0, avg: 0.00)
Equal precisions along paths:                             0 (count: 0, min: 0, max: 0, avg: 0.00)
Number of refs with location-based cutoff:                0

CEGAR algorithm statistics
--------------------------
Number of refinements:                0
Refinement times:             0
First time for refinement:             0.551s
Last time for refinement:              0.551s
Average time for analysis:          0.551s
Number of analysis:                1

Code Coverage
-----------------------------
  Visited lines:          3363
  Total lines:            12
  Line coverage:          280.250

CPAchecker general statistics
-----------------------------
Number of program locations:     942
Number of CFA edges:             997
Number of relevant variables:    78
Number of functions:             23
Number of loops:                 6
Size of reached set:             1378
  Number of reached locations:   900 (96%)
    Avg states per location:     1
    Max states per location:     8 (at node N0)
  Number of reached functions:   17 (74%)
  Number of partitions:          1371
    Avg size of partitions:      1
    Max size of partitions:      3 (with key [N79 (before /work/ldvuser/novikov/work/current--X--drivers/video/backlight/lms283gf05.ko--X--defaultlinux--X--08_1a--X--cpachecker/linux/csd_deg_dscv/12/dscv_tempdir/dscv/ri/08_1a/drivers/video/backlight/lms283gf05.c.prepared, line 107), -1861482873, Init])
  Number of target states:       0

Time for analysis setup:                   5.516s
  Time for cfa diff:                   2.237s
  Time for loading CPAs:                   0.383s
  Time for impacted traverse:              0.005s
  Time for loading parser:        0.029s
  Time for CFA construction:      1.125s
    Time for parsing file(s):     0.336s
    Time for AST to CFA:          0.405s
    Time for CFA sanity check:    0.000s
    Time for post-processing:     0.223s
      Time for var class.:        0.000s
Time for normal Analysis:                         0.551s
CPU time for analysis:                     3.980s
CPU time for impacted:                     0.000s
CPU time for normal analysis:              1.080s
CPU time for init:                         2.900s

Time for Garbage Collector:       0.194s (in 5 runs)
Garbage Collector(s) used:    PS MarkSweep, PS Scavenge
Used heap memory:                162MB (   154 MiB) max;     66MB (    63 MiB) avg;    183MB (   174 MiB) peak
Used non-heap memory:             39MB (    37 MiB) max;     26MB (    25 MiB) avg;     40MB (    38 MiB) peak
Used in PS Old Gen pool:          26MB (    25 MiB) max;     10MB (     9 MiB) avg;     26MB (    25 MiB) peak
Allocated heap memory:           270MB (   257 MiB) max;    205MB (   196 MiB) avg
Allocated non-heap memory:        40MB (    38 MiB) max;     27MB (    26 MiB) avg
Total process virtual memory:  13307MB ( 12691 MiB) max;  13282MB ( 12667 MiB) avg

Verification result: TRUE. No property violation found by chosen configuration.
More details about the verification run can be found in the directory "/home/yqs17/blazer/cpachecker-inc-pred/output-us-precise-cfa/08_1a.video--backlight--lms283gf05.ko.set/008.1b9e450.08_1a.cil_safe.i".
