scripts/cpa.sh -heap 10000M -predicateAnalysis-ABElfb-debug -setprop cpa.impacted.eliminate=true -disable-java-assertions -outputpath /home/yqs17/blazer/cpachecker-inc-pred/output-us-precise-cfa/32_7a.scsi--dmx3191d.ko.set/005.6070d81.32_7a.cil_safe.i -stats -spec /home/yqs17/blazer/cpachecker-inc-pred/LDVErrorLabel.spc -entryfunction ldv_main0_sequence_infinite_withcheck_stateful /home/yqs17/blazer/cpachecker-inc-pred/programs/drivers--scsi--dmx3191d.ko/005.6070d81.32_7a.cil_safe.i


--------------------------------------------------------------------------------


Running CPAchecker with Java heap of size 10000M.
Running CPAchecker with the following extra VM options:  -Djava.io.tmpdir=/tmp/BenchExec_run_79acq634/tmp
Begin analysis 
PredicateCPA statistics
-----------------------
Read Precision Time:                0.000s
Precision file size:                2
Write Precision Time:               0.001s
Number of abstractions:            384 (16% of all post computations)
  Times abstraction was reused:    0
  Because of function entry/exit:  314 (82%)
  Because of loop head:            70 (18%)
  Because of join nodes:           0 (0%)
  Because of threshold:            0 (0%)
  Times precision was empty:       384 (100%)
  Times precision was {false}:     0 (0%)
  Times result was cached:         0 (0%)
  Times cartesian abs was used:    0 (0%)
  Times boolean abs was used:      0 (0%)
  Times result was 'false':        0 (0%)
Number of strengthen sat checks:   0
Number of coverage checks:         159
  BDD entailment checks:           87
Number of SMT sat checks:          0
  trivial:                         0
  cached:                          0

Max ABE block size:                       17
Number of predicates discovered:          0

Number of path formula cache hits:   669 (25%)

Time for post operator:                  0.502s
  Time for path formula creation:        0.451s
    Actual computation:                  0.423s
Time for strengthen operator:            0.008s
Time for prec operator:                  0.144s
  Time for abstraction:                  0.089s (Max:     0.033s, Count: 384)
    Solving time:                        0.000s (Max:     0.000s)
    Model enumeration time:              0.000s
    Time for BDD construction:           0.000s (Max:     0.000s)
Time for merge operator:                 0.024s
Time for coverage check:                 0.008s
  Time for BDD entailment checks:        0.008s
Total time for SMT solver (w/o itp):     0.000s

Number of BDD nodes:                               202
Size of BDD node table:                            466043
Size of BDD cache:                                 46619
Size of BDD node cleanup queue:                           0 (count: 7610, min: 0, max: 0, avg: 0.00)
Time for BDD node cleanup:                             0.001s
Time for BDD garbage collection:                       0.000s (in 0 runs)

PrecisionBootstrap statistics
-----------------------------
Init. function predicates:                         0
Init. global predicates:                           0
Init. location predicates:                         0

ImpactedCPA statistics
----------------------
  Number of invariants partial hits:                            0
  Number of invariants hits:                                    0
  Number of invariants trys:                                    0
  Number of invariants bots:                                    0
  Number of invariants not valid:                               0
  Initial reached size:                                         1
  Input invariants file size:                                   0
  Max impacted number of variables:                             0
  Number of last version invariants:                            0
  Number of this version invariants:                            86
  CPU time for invariant read:                                      0.000s
  CPU time for invariant write:                                     0.100s
  Time for invariant write:                                         0.053s
  Time for invariant read:                                          0.000s

AutomatonAnalysis (SVCOMP) statistics
-------------------------------------
Number of states:                                  1
Total time for successor computation:                  0.012s
Automaton transfers with branching:                0
Automaton transfer successors:                         2459 (count: 2459, min: 1, max: 1, avg: 1.00) [1 x 2459]

CPA algorithm statistics
------------------------
Number of iterations:            2337
Max size of waitlist:            29
Average size of waitlist:        14
Number of computed successors:   2459
Max successors for one state:    2
Number of times merged:          36
Number of times stopped:         123
Number of times abs stopped:     87
Number of times nonAbs stopped:  72
Number of coverage check (part): 159
Number of times doAbstraction node:  384
Number of times breaked:         0

Total time for CPA algorithm:         1.035s (Max:     1.035s)
CPU time for CPA algorithm:           2.030s
  Time for choose from waitlist:      0.025s
  Time for precision adjustment:      0.178s
  Time for transfer relation:         0.671s
  Time for merge operator:            0.034s
  Time for stop operator:             0.026s
  Time for adding to reached set:     0.021s

Predicate-Abstraction Refiner statistics
----------------------------------------
  Predicate creation:                                  0.000s
  Precision update:                                    0.000s
  ARG update:                                          0.000s

Length of refined path (in blocks):                       0 (count: 0, min: 0, max: 0, avg: 0.00)
Number of affected states:                                0 (count: 0, min: 0, max: 0, avg: 0.00)
Length (states) of path with itp 'true':                  0 (count: 0, min: 0, max: 0, avg: 0.00)
Length (states) of path with itp non-trivial itp:         0 (count: 0, min: 0, max: 0, avg: 0.00)
Length (states) of path with itp 'false':                 0 (count: 0, min: 0, max: 0, avg: 0.00)
Different non-trivial interpolants along paths:           0 (count: 0, min: 0, max: 0, avg: 0.00)
Equal non-trivial interpolants along paths:               0 (count: 0, min: 0, max: 0, avg: 0.00)
Different precisions along paths:                         0 (count: 0, min: 0, max: 0, avg: 0.00)
Equal precisions along paths:                             0 (count: 0, min: 0, max: 0, avg: 0.00)
Number of refs with location-based cutoff:                0

CEGAR algorithm statistics
--------------------------
Number of refinements:                0
Refinement times:             0
First time for refinement:             1.035s
Last time for refinement:              1.035s
Average time for analysis:          1.035s
Number of analysis:                1

Code Coverage
-----------------------------
  Visited lines:          3764
  Total lines:            10
  Line coverage:          376.400

CPAchecker general statistics
-----------------------------
Number of program locations:     2124
Number of CFA edges:             2609
Number of relevant variables:    308
Number of functions:             47
Number of loops:                 19
Size of reached set:             2337
  Number of reached locations:   1191 (56%)
    Avg states per location:     1
    Max states per location:     35 (at node N77)
  Number of reached functions:   25 (53%)
  Number of partitions:          2337
    Avg size of partitions:      1
    Max size of partitions:      1
  Number of target states:       0

Time for analysis setup:                   2.118s
  Time for cfa diff:                   0.000s
  Time for loading CPAs:                   0.394s
  Time for impacted traverse:              0.013s
  Time for loading parser:        0.033s
  Time for CFA construction:      1.589s
    Time for parsing file(s):     0.491s
    Time for AST to CFA:          0.562s
    Time for CFA sanity check:    0.000s
    Time for post-processing:     0.374s
      Time for var class.:        0.000s
Time for normal Analysis:                         1.035s
CPU time for analysis:                     2.030s
CPU time for impacted:                     0.000s
CPU time for normal analysis:              2.030s
CPU time for init:                         0.000s

Time for Garbage Collector:       0.055s (in 3 runs)
Garbage Collector(s) used:    PS MarkSweep, PS Scavenge
Used heap memory:                 91MB (    86 MiB) max;     44MB (    42 MiB) avg;    109MB (   104 MiB) peak
Used non-heap memory:             34MB (    32 MiB) max;     23MB (    22 MiB) avg;     35MB (    33 MiB) peak
Used in PS Old Gen pool:          23MB (    22 MiB) max;      6MB (     6 MiB) avg;     23MB (    22 MiB) peak
Allocated heap memory:           190MB (   182 MiB) max;    172MB (   164 MiB) avg
Allocated non-heap memory:        34MB (    33 MiB) max;     24MB (    23 MiB) avg
Total process virtual memory:  13238MB ( 12625 MiB) max;  13233MB ( 12620 MiB) avg

Verification result: TRUE. No property violation found by chosen configuration.
More details about the verification run can be found in the directory "/home/yqs17/blazer/cpachecker-inc-pred/output-us-precise-cfa/32_7a.scsi--dmx3191d.ko.set/005.6070d81.32_7a.cil_safe.i".
