scripts/cpa.sh -heap 10000M -predicateAnalysis-ABElfb-debug -setprop cpa.impacted.eliminate=true -disable-java-assertions -outputpath /home/yqs17/blazer/cpachecker-inc-pred/output-us-precise-cfa/08_1a.media--video--cx231xx--cx231xx-dvb.ko.set/003.d5abcc7.08_1a.cil_safe.i -stats -spec /home/yqs17/blazer/cpachecker-inc-pred/LDVErrorLabel.spc -entryfunction ldv_main0_sequence_infinite_withcheck_stateful /home/yqs17/blazer/cpachecker-inc-pred/programs/drivers--media--video--cx231xx--cx231xx-dvb.ko/003.d5abcc7.08_1a.cil_safe.i


--------------------------------------------------------------------------------


Running CPAchecker with Java heap of size 10000M.
Running CPAchecker with the following extra VM options:  -Djava.io.tmpdir=/tmp/BenchExec_run_su5uczs2/tmp
Begin analysis 
PredicateCPA statistics
-----------------------
Read Precision Time:                0.000s
Precision file size:                1936
Write Precision Time:               0.003s
Number of abstractions:            24080 (8% of all post computations)
  Times abstraction was reused:    0
  Because of function entry/exit:  18579 (77%)
  Because of loop head:            5501 (23%)
  Because of join nodes:           0 (0%)
  Because of threshold:            0 (0%)
  Times precision was empty:       12752 (53%)
  Times precision was {false}:     388 (2%)
  Times result was cached:         10314 (43%)
  Times cartesian abs was used:    0 (0%)
  Times boolean abs was used:      626 (3%)
  Times result was 'false':        163 (1%)
Number of strengthen sat checks:   10
  Times result was 'false':        0 (0%)
Number of coverage checks:         89416
  BDD entailment checks:           12308
Number of SMT sat checks:          10
  trivial:                         10
  cached:                          0

Max ABE block size:                       38
Number of predicates discovered:          3
Number of abstraction locations:          0
Max number of predicates per location:    0
Avg number of predicates per location:    0
Total predicates per abstraction:         1537
Max number of predicates per abstraction: 2
Avg number of predicates per abstraction: 1.52
Number of irrelevant predicates:          786 (51%)
Number of preds handled by boolean abs:   751 (49%)
  Total number of models for allsat:      851
  Max number of models for allsat:        2
  Avg number of models for allsat:        1.36

Number of path formula cache hits:   127658 (40%)

Time for post operator:                 18.286s
  Time for path formula creation:       14.852s
    Actual computation:                 12.798s
Time for strengthen operator:            0.271s
  Time for satisfiability checks:        0.000s
Time for prec operator:                  6.119s
  Time for abstraction:                  4.383s (Max:     0.495s, Count: 24080)
    Boolean abstraction:                 0.427s
    Solving time:                        0.421s (Max:     0.025s)
    Model enumeration time:              0.079s
    Time for BDD construction:           0.023s (Max:     0.001s)
Time for merge operator:                 6.180s
Time for coverage check:                 0.057s
  Time for BDD entailment checks:        0.033s
Total time for SMT solver (w/o itp):     0.500s

Number of BDD nodes:                               206
Size of BDD node table:                            466043
Size of BDD cache:                                 46619
Size of BDD node cleanup queue:                         506 (count: 35553, min: 0, max: 224, avg: 0.01)
Time for BDD node cleanup:                             0.015s
Time for BDD garbage collection:                       0.000s (in 0 runs)

PrecisionBootstrap statistics
-----------------------------
Init. function predicates:                         0
Init. global predicates:                           0
Init. location predicates:                         0

ImpactedCPA statistics
----------------------
  Number of invariants partial hits:                            0
  Number of invariants hits:                                    0
  Number of invariants trys:                                    0
  Number of invariants bots:                                    0
  Number of invariants not valid:                               0
  Initial reached size:                                         1
  Input invariants file size:                                   0
  Max impacted number of variables:                             0
  Number of last version invariants:                            0
  Number of this version invariants:                            50
  CPU time for invariant read:                                      0.000s
  CPU time for invariant write:                                     0.070s
  Time for invariant write:                                         0.035s
  Time for invariant read:                                          0.000s

AutomatonAnalysis (SVCOMP) statistics
-------------------------------------
Number of states:                                  1
Total time for successor computation:                  0.364s
Automaton transfers with branching:                0
Automaton transfer successors:                       296130 (count: 296130, min: 1, max: 1, avg: 1.00) [1 x 296130]

CPA algorithm statistics
------------------------
Number of iterations:            246471
Max size of waitlist:            150
Average size of waitlist:        61
Number of computed successors:   296130
Max successors for one state:    2
Number of times merged:          38554
Number of times stopped:         49543
Number of times abs stopped:     10989
Number of times nonAbs stopped:  77108
Number of coverage check (part): 89416
Number of times doAbstraction node:  24080
Number of times breaked:         10

Total time for CPA algorithm:        37.357s (Max:     5.924s)
CPU time for CPA algorithm:          71.010s
  Time for choose from waitlist:      0.166s
  Time for precision adjustment:      6.667s
  Time for transfer relation:        21.158s
  Time for merge operator:            6.977s
  Time for stop operator:             0.592s
  Time for adding to reached set:     0.660s

Predicate-Abstraction Refiner statistics
----------------------------------------
Avg. length of target path (in blocks):                 177 (count: 10, min: 8, max: 24, avg: 17.70)
Number of infeasible sliced prefixes:                     0 (count: 0, min: 0, max: 0, avg: 0.00)

Time for refinement:                                   1.383s
  Counterexample analysis:                0.494s (Max:     0.116s, Calls: 10)
    Refinement sat check:                 0.124s
    Interpolant computation:              0.000s
  Error path post-processing:                          0.000s
  Path-formulas extraction:                            0.000s
  Building the counterexample trace:                   0.494s
  Extracting precise counterexample:                   0.000s
  Extracting infeasible sliced prefixes:               0.000s
  Selecting infeasible sliced prefixes:                0.000s
  Predicate creation:                                  0.005s
  Precision update:                                    0.006s
  ARG update:                                          0.861s

Length of refined path (in blocks):                     143 (count: 10, min: 7, max: 23, avg: 14.30)
Number of affected states:                              113 (count: 10, min: 2, max: 22, avg: 11.30)
Length (states) of path with itp 'true':                 20 (count: 10, min: 0, max: 5, avg: 2.00)
Length (states) of path with itp non-trivial itp:       113 (count: 10, min: 2, max: 22, avg: 11.30)
Length (states) of path with itp 'false':                10 (count: 10, min: 1, max: 1, avg: 1.00)
Different non-trivial interpolants along paths:           0 (count: 10, min: 0, max: 0, avg: 0.00)
Equal non-trivial interpolants along paths:             103 (count: 10, min: 1, max: 21, avg: 10.30)
Different precisions along paths:                         0 (count: 0, min: 0, max: 0, avg: 0.00)
Equal precisions along paths:                             0 (count: 0, min: 0, max: 0, avg: 0.00)
Number of refs with location-based cutoff:                0

CEGAR algorithm statistics
--------------------------
Number of refinements:                10
Number of successful refinements:     10
Number of failed refinements:         0
Max. size of reached set before ref.: 40208
Max. size of reached set after ref.:  25632
Avg. size of reached set before ref.: 31516.60
Avg. size of reached set after ref.:  8240.50

Total time for CEGAR algorithm:      38.775s
CPU time for CEGAR algorithm:        73.830s
Time for refinements:                 1.417s
CPU time for refinements:             2.820s
Average time for refinement:          0.141s
Max time for refinement:              0.241s
First time for refinement:             3.396s
Last time for refinement:              0.658s
Average time for analysis:          3.396s
Number of analysis:                11

Code Coverage
-----------------------------
  Visited lines:          5830
  Total lines:            10
  Line coverage:          583.000

CPAchecker general statistics
-----------------------------
Number of program locations:     1784
Number of CFA edges:             1986
Number of relevant variables:    159
Number of functions:             33
Number of loops:                 4
Size of reached set:             13664
  Number of reached locations:   1497 (84%)
    Avg states per location:     9
    Max states per location:     210 (at node N261)
  Number of reached functions:   14 (42%)
  Number of partitions:          13662
    Avg size of partitions:      1
    Max size of partitions:      2 (with key [N948 (before /work/ldvuser/novikov/work/current--X--drivers/media/video/cx231xx/cx231xx-dvb.ko--X--defaultlinux--X--08_1a--X--cpachecker/linux/csd_deg_dscv/11/dscv_tempdir/dscv/ri/08_1a/drivers/media/video/cx231xx/cx231xx-dvb.c.prepared, line 427), Function unregister_dvb called from node N739, stack depth 3 [227fd85d], stack [ldv_main0_sequence_infinite_withcheck_stateful, dvb_fini, unregister_dvb], Init])
  Number of target states:       0

Time for analysis setup:                   2.117s
  Time for cfa diff:                   0.000s
  Time for loading CPAs:                   0.416s
  Time for impacted traverse:              0.010s
  Time for loading parser:        0.037s
  Time for CFA construction:      1.545s
    Time for parsing file(s):     0.502s
    Time for AST to CFA:          0.523s
    Time for CFA sanity check:    0.000s
    Time for post-processing:     0.311s
      Time for var class.:        0.000s
Time for normal Analysis:                        38.775s
CPU time for analysis:                    73.830s
CPU time for impacted:                     0.000s
CPU time for normal analysis:             73.830s
CPU time for init:                         0.000s

Time for Garbage Collector:       2.738s (in 19 runs)
Garbage Collector(s) used:    PS MarkSweep, PS Scavenge
Used heap memory:               1770MB (  1688 MiB) max;    541MB (   516 MiB) avg;   1810MB (  1727 MiB) peak
Used non-heap memory:             40MB (    38 MiB) max;     36MB (    34 MiB) avg;     42MB (    40 MiB) peak
Used in PS Old Gen pool:         113MB (   108 MiB) max;     64MB (    61 MiB) avg;    116MB (   111 MiB) peak
Allocated heap memory:          1932MB (  1842 MiB) max;   1066MB (  1017 MiB) avg
Allocated non-heap memory:        43MB (    41 MiB) max;     39MB (    37 MiB) avg
Total process virtual memory:  13243MB ( 12630 MiB) max;  13239MB ( 12626 MiB) avg

Verification result: TRUE. No property violation found by chosen configuration.
More details about the verification run can be found in the directory "/home/yqs17/blazer/cpachecker-inc-pred/output-us-precise-cfa/08_1a.media--video--cx231xx--cx231xx-dvb.ko.set/003.d5abcc7.08_1a.cil_safe.i".
