scripts/cpa.sh -heap 10000M -predicateAnalysis-ABElfb-debug -setprop cpa.impacted.eliminate=true -disable-java-assertions -outputpath /home/yqs17/blazer/cpachecker-inc-pred/output-us-precise-cfa/68_1.media--video--videobuf-vmalloc.ko.set/008.493977f.68_1.cil_safe.i -isIncPred -spec /home/yqs17/blazer/cpachecker-inc-pred/LDVErrorLabel.spc -stats -setprop cpa.impacted.pre_invariants.file=/home/yqs17/blazer/cpachecker-inc-pred/output-us-precise-cfa/68_1.media--video--videobuf-vmalloc.ko.set/007.0b29669.68_1.cil_safe.i/impacted-invariants.txt -setprop analysis.prev.program=/home/yqs17/blazer/cpachecker-inc-pred/programs/drivers--media--video--videobuf-vmalloc.ko/007.0b29669.68_1.cil_safe.i -entryfunction ldv_main0_sequence_infinite_withcheck_stateful /home/yqs17/blazer/cpachecker-inc-pred/programs/drivers--media--video--videobuf-vmalloc.ko/008.493977f.68_1.cil_safe.i


--------------------------------------------------------------------------------


Running CPAchecker with Java heap of size 10000M.
Running CPAchecker with the following extra VM options:  -Djava.io.tmpdir=/tmp/BenchExec_run_af6471an/tmp
Number of modified edges: 18
Begin analysis 
Read invariant objects done
PredicateCPA statistics
-----------------------
Read Precision Time:                0.000s
Precision file size:                0
Write Precision Time:               0.002s
Number of abstractions:            47 (4% of all post computations)
  Times abstraction was reused:    0
  Because of function entry/exit:  64 (136%)
  Because of loop head:            25 (53%)
  Because of join nodes:           0 (0%)
  Because of threshold:            0 (0%)
  Times precision was empty:       0 (0%)
  Times precision was {false}:     0 (0%)
  Times result was cached:         12 (16%)
  Times cartesian abs was used:    0 (0%)
  Times boolean abs was used:      61 (84%)
  Times result was 'false':        0 (0%)
Number of strengthen sat checks:   0
Number of coverage checks:         358
  BDD entailment checks:           18
Number of SMT sat checks:          834
  trivial:                         468
  cached:                          243

Max ABE block size:                       20
Number of predicates discovered:          3
Number of abstraction locations:          0
Max number of predicates per location:    0
Avg number of predicates per location:    0
Total predicates per abstraction:         132
Max number of predicates per abstraction: 3
Avg number of predicates per abstraction: 2.16
Number of irrelevant predicates:          8 (6%)
Number of preds handled by boolean abs:   124 (94%)
  Total number of models for allsat:      62
  Max number of models for allsat:        2
  Avg number of models for allsat:        1.02

Number of path formula cache hits:   225 (17%)

Time for post operator:                  0.668s
  Time for path formula creation:        0.213s
    Actual computation:                  0.193s
Time for strengthen operator:            0.004s
Time for prec operator:                  0.237s
  Time for abstraction:                  0.105s (Max:     0.015s, Count: 47)
    Boolean abstraction:                 0.084s
    Solving time:                        0.032s (Max:     0.005s)
    Model enumeration time:              0.004s
    Time for BDD construction:           0.011s (Max:     0.008s)
Time for merge operator:                 0.045s
Time for coverage check:                 0.003s
  Time for BDD entailment checks:        0.000s
Total time for SMT solver (w/o itp):     0.388s

Number of BDD nodes:                               209
Size of BDD node table:                            466043
Size of BDD cache:                                 46619
Size of BDD node cleanup queue:                           0 (count: 3972, min: 0, max: 0, avg: 0.00)
Time for BDD node cleanup:                             0.002s
Time for BDD garbage collection:                       0.000s (in 0 runs)

PrecisionBootstrap statistics
-----------------------------
Init. function predicates:                         0
Init. global predicates:                           0
Init. location predicates:                         0

ImpactedCPA statistics
----------------------
  Number of invariants partial hits:                            0
  Number of invariants hits:                                    26
  Number of invariants trys:                                    42
  Number of invariants bots:                                    17
  Number of invariants not valid:                               1
  Initial reached size:                                         801
  Input invariants file size:                                   1180
  Max impacted number of variables:                             0
  Number of last version invariants:                            42
  Number of this version invariants:                            38
  CPU time for invariant read:                                      0.190s
  CPU time for invariant write:                                     0.040s
  Time for invariant write:                                         0.025s
  Time for invariant read:                                          0.095s

AutomatonAnalysis (SVCOMP) statistics
-------------------------------------
Number of states:                                  1
Total time for successor computation:                  0.014s
Automaton transfers with branching:                0
Automaton transfer successors:                         1252 (count: 1252, min: 1, max: 1, avg: 1.00) [1 x 1252]

CPA algorithm statistics
------------------------
Number of iterations:            390
Max size of waitlist:            28
Average size of waitlist:        20
Number of computed successors:   420
Max successors for one state:    2
Number of times merged:          155
Number of times stopped:         173
Number of times abs stopped:     18
Number of times nonAbs stopped:  340
Number of coverage check (part): 358
Number of times doAbstraction node:  89
Number of times breaked:         0

Total time for CPA algorithm:         0.288s (Max:     0.288s)
CPU time for CPA algorithm:           0.570s
  Time for choose from waitlist:      0.013s
  Time for precision adjustment:      0.114s
  Time for transfer relation:         0.095s
  Time for merge operator:            0.054s
  Time for stop operator:             0.005s
  Time for adding to reached set:     0.000s

Predicate-Abstraction Refiner statistics
----------------------------------------
  Predicate creation:                                  0.000s
  Precision update:                                    0.000s
  ARG update:                                          0.000s

Length of refined path (in blocks):                       0 (count: 0, min: 0, max: 0, avg: 0.00)
Number of affected states:                                0 (count: 0, min: 0, max: 0, avg: 0.00)
Length (states) of path with itp 'true':                  0 (count: 0, min: 0, max: 0, avg: 0.00)
Length (states) of path with itp non-trivial itp:         0 (count: 0, min: 0, max: 0, avg: 0.00)
Length (states) of path with itp 'false':                 0 (count: 0, min: 0, max: 0, avg: 0.00)
Different non-trivial interpolants along paths:           0 (count: 0, min: 0, max: 0, avg: 0.00)
Equal non-trivial interpolants along paths:               0 (count: 0, min: 0, max: 0, avg: 0.00)
Different precisions along paths:                         0 (count: 0, min: 0, max: 0, avg: 0.00)
Equal precisions along paths:                             0 (count: 0, min: 0, max: 0, avg: 0.00)
Number of refs with location-based cutoff:                0

CEGAR algorithm statistics
--------------------------
Number of refinements:                0
Refinement times:             0
First time for refinement:             0.288s
Last time for refinement:              0.288s
Average time for analysis:          0.288s
Number of analysis:                1

Code Coverage
-----------------------------
  Visited lines:          2885
  Total lines:            6
  Line coverage:          480.833

CPAchecker general statistics
-----------------------------
Number of program locations:     1129
Number of CFA edges:             1231
Number of relevant variables:    116
Number of functions:             23
Number of loops:                 4
Size of reached set:             1048
  Number of reached locations:   940 (83%)
    Avg states per location:     1
    Max states per location:     10 (at node N552)
  Number of reached functions:   14 (61%)
  Number of partitions:          1048
    Avg size of partitions:      1
    Max size of partitions:      1
  Number of target states:       0

Time for analysis setup:                   4.983s
  Time for cfa diff:                   2.494s
  Time for loading CPAs:                   0.319s
  Time for impacted traverse:              0.006s
  Time for loading parser:        0.032s
  Time for CFA construction:      1.035s
    Time for parsing file(s):     0.354s
    Time for AST to CFA:          0.353s
    Time for CFA sanity check:    0.000s
    Time for post-processing:     0.213s
      Time for var class.:        0.000s
Time for normal Analysis:                         0.288s
CPU time for analysis:                     2.260s
CPU time for impacted:                     0.000s
CPU time for normal analysis:              0.570s
CPU time for init:                         1.690s

Time for Garbage Collector:       0.127s (in 5 runs)
Garbage Collector(s) used:    PS MarkSweep, PS Scavenge
Used heap memory:                 91MB (    87 MiB) max;     56MB (    54 MiB) avg;    116MB (   111 MiB) peak
Used non-heap memory:             32MB (    31 MiB) max;     25MB (    23 MiB) avg;     35MB (    33 MiB) peak
Used in PS Old Gen pool:          20MB (    20 MiB) max;      7MB (     6 MiB) avg;     25MB (    23 MiB) peak
Allocated heap memory:           259MB (   247 MiB) max;    194MB (   185 MiB) avg
Allocated non-heap memory:        35MB (    33 MiB) max;     26MB (    25 MiB) avg
Total process virtual memory:  13307MB ( 12691 MiB) max;  13280MB ( 12664 MiB) avg

Verification result: TRUE. No property violation found by chosen configuration.
More details about the verification run can be found in the directory "/home/yqs17/blazer/cpachecker-inc-pred/output-us-precise-cfa/68_1.media--video--videobuf-vmalloc.ko.set/008.493977f.68_1.cil_safe.i".
