scripts/cpa.sh -heap 10000M -predicateAnalysis-ABElfb-debug -setprop cpa.impacted.eliminate=true -disable-java-assertions -outputpath /home/yqs17/blazer/cpachecker-inc-pred/output-us-precise-cfa/39_7a.platform--x86--panasonic-laptop.ko.set/009.a19a6ee.39_7a.cil_safe.i -isIncPred -spec /home/yqs17/blazer/cpachecker-inc-pred/LDVErrorLabel.spc -stats -setprop cpa.impacted.pre_invariants.file=/home/yqs17/blazer/cpachecker-inc-pred/output-us-precise-cfa/39_7a.platform--x86--panasonic-laptop.ko.set/008.58b9399.39_7a.cil_safe.i/impacted-invariants.txt -setprop analysis.prev.program=/home/yqs17/blazer/cpachecker-inc-pred/programs/drivers--platform--x86--panasonic-laptop.ko/008.58b9399.39_7a.cil_safe.i -entryfunction ldv_main0_sequence_infinite_withcheck_stateful /home/yqs17/blazer/cpachecker-inc-pred/programs/drivers--platform--x86--panasonic-laptop.ko/009.a19a6ee.39_7a.cil_safe.i


--------------------------------------------------------------------------------


Running CPAchecker with Java heap of size 10000M.
Running CPAchecker with the following extra VM options:  -Djava.io.tmpdir=/tmp/BenchExec_run_kcop01ev/tmp
Number of modified edges: 40
Begin analysis 
Read invariant objects done
ImpactedCPA statistics
----------------------
  Number of invariants partial hits:                            0
  Number of invariants hits:                                    32
  Number of invariants trys:                                    46
  Number of invariants bots:                                    15
  Number of invariants not valid:                               1
  Initial reached size:                                         962
  Input invariants file size:                                   1774
  Max impacted number of variables:                             0
  Number of last version invariants:                            48
  Number of this version invariants:                            0
  CPU time for invariant read:                                      0.510s
  CPU time for invariant write:                                     0.000s
  Time for invariant write:                                         0.000s
  Time for invariant read:                                          0.269s

AutomatonAnalysis (SVCOMP) statistics
-------------------------------------
Number of states:                                  1
Total time for successor computation:                  0.005s
Automaton transfers with branching:                0
Automaton transfer successors:                          761 (count: 761, min: 1, max: 1, avg: 1.00) [1 x 761]

CPA algorithm statistics
------------------------
Number of iterations:            754
Max size of waitlist:            5
Average size of waitlist:        1
Number of computed successors:   761
Max successors for one state:    2
Number of times merged:          0
Number of times stopped:         3
Number of times abs stopped:     13
Number of times nonAbs stopped:  144
Number of coverage check (part): 157
Number of times doAbstraction node:  68
Number of times breaked:         1

Total time for CPA algorithm:         0.107s (Max:     0.107s)
CPU time for CPA algorithm:           0.560s
  Time for choose from waitlist:      0.005s
  Time for precision adjustment:      0.011s
  Time for transfer relation:         0.059s
  Time for merge operator:            0.001s
  Time for stop operator:             0.002s
  Time for adding to reached set:     0.002s

PredicateCPA statistics
-----------------------
Read Precision Time:                0.000s
Precision file size:                9206
Write Precision Time:               0.003s
Number of abstractions:            22 (2% of all post computations)
  Times abstraction was reused:    0
  Because of function entry/exit:  56 (255%)
  Because of loop head:            12 (55%)
  Because of join nodes:           0 (0%)
  Because of threshold:            0 (0%)
  Times precision was empty:       0 (0%)
  Times precision was {false}:     1 (2%)
  Times result was cached:         5 (9%)
  Times cartesian abs was used:    0 (0%)
  Times boolean abs was used:      48 (89%)
  Times result was 'false':        1 (5%)
Number of strengthen sat checks:   0
Number of coverage checks:         157
  BDD entailment checks:           13
Number of SMT sat checks:          995
  trivial:                         564
  cached:                          295

Max ABE block size:                       17
Number of predicates discovered:          8
Number of abstraction locations:          0
Max number of predicates per location:    0
Avg number of predicates per location:    0
Total predicates per abstraction:         316
Max number of predicates per abstraction: 8
Avg number of predicates per abstraction: 6.45
Number of irrelevant predicates:          14 (4%)
Number of preds handled by boolean abs:   302 (96%)
  Total number of models for allsat:      47
  Max number of models for allsat:        1
  Avg number of models for allsat:        0.98

Number of path formula cache hits:   97 (8%)

Time for post operator:                  0.787s
  Time for path formula creation:        0.268s
    Actual computation:                  0.251s
Time for strengthen operator:            0.009s
Time for prec operator:                  0.306s
  Time for abstraction:                  0.080s (Max:     0.008s, Count: 22)
    Boolean abstraction:                 0.108s
    Solving time:                        0.036s (Max:     0.007s)
    Model enumeration time:              0.001s
    Time for BDD construction:           0.002s (Max:     0.001s)
Time for merge operator:                 0.023s
Time for coverage check:                 0.000s
  Time for BDD entailment checks:        0.000s
Total time for SMT solver (w/o itp):     0.392s

Number of BDD nodes:                               233
Size of BDD node table:                            466043
Size of BDD cache:                                 46619
Size of BDD node cleanup queue:                           0 (count: 6787, min: 0, max: 0, avg: 0.00)
Time for BDD node cleanup:                             0.008s
Time for BDD garbage collection:                       0.000s (in 0 runs)

PrecisionBootstrap statistics
-----------------------------
Init. function predicates:                         0
Init. global predicates:                           0
Init. location predicates:                         0

ImpactedCPA statistics
----------------------
  Number of invariants partial hits:                            0
  Number of invariants hits:                                    32
  Number of invariants trys:                                    46
  Number of invariants bots:                                    15
  Number of invariants not valid:                               1
  Initial reached size:                                         962
  Input invariants file size:                                   1774
  Max impacted number of variables:                             0
  Number of last version invariants:                            48
  Number of this version invariants:                            36
  CPU time for invariant read:                                      0.510s
  CPU time for invariant write:                                     0.060s
  Time for invariant write:                                         0.029s
  Time for invariant read:                                          0.269s

AutomatonAnalysis (SVCOMP) statistics
-------------------------------------
Number of states:                                  1
Total time for successor computation:                  0.010s
Automaton transfers with branching:                0
Automaton transfer successors:                         1126 (count: 1126, min: 1, max: 1, avg: 1.00) [1 x 1126]

CPA algorithm statistics
------------------------
Number of iterations:            125
Max size of waitlist:            15
Average size of waitlist:        10
Number of computed successors:   139
Max successors for one state:    2
Number of times merged:          61
Number of times stopped:         74
Number of times abs stopped:     13
Number of times nonAbs stopped:  144
Number of coverage check (part): 157
Number of times doAbstraction node:  68
Number of times breaked:         0

Total time for CPA algorithm:         0.174s (Max:     0.174s)
CPU time for CPA algorithm:           0.560s
  Time for choose from waitlist:      0.000s
  Time for precision adjustment:      0.089s
  Time for transfer relation:         0.051s
  Time for merge operator:            0.022s
  Time for stop operator:             0.002s
  Time for adding to reached set:     0.000s

Predicate-Abstraction Refiner statistics
----------------------------------------
  Predicate creation:                                  0.000s
  Precision update:                                    0.000s
  ARG update:                                          0.000s

Length of refined path (in blocks):                       0 (count: 0, min: 0, max: 0, avg: 0.00)
Number of affected states:                                0 (count: 0, min: 0, max: 0, avg: 0.00)
Length (states) of path with itp 'true':                  0 (count: 0, min: 0, max: 0, avg: 0.00)
Length (states) of path with itp non-trivial itp:         0 (count: 0, min: 0, max: 0, avg: 0.00)
Length (states) of path with itp 'false':                 0 (count: 0, min: 0, max: 0, avg: 0.00)
Different non-trivial interpolants along paths:           0 (count: 0, min: 0, max: 0, avg: 0.00)
Equal non-trivial interpolants along paths:               0 (count: 0, min: 0, max: 0, avg: 0.00)
Different precisions along paths:                         0 (count: 0, min: 0, max: 0, avg: 0.00)
Equal precisions along paths:                             0 (count: 0, min: 0, max: 0, avg: 0.00)
Number of refs with location-based cutoff:                0

CEGAR algorithm statistics
--------------------------
Number of refinements:                0
Refinement times:             0
First time for refinement:             0.174s
Last time for refinement:              0.174s
Average time for analysis:          0.174s
Number of analysis:                1

Code Coverage
-----------------------------
  Visited lines:          2929
  Total lines:            5
  Line coverage:          585.800

CPAchecker general statistics
-----------------------------
Number of program locations:     2035
Number of CFA edges:             2293
Number of relevant variables:    244
Number of functions:             106
Number of loops:                 6
Size of reached set:             1026
  Number of reached locations:   982 (48%)
    Avg states per location:     1
    Max states per location:     6 (at node N892)
  Number of reached functions:   17 (16%)
  Number of partitions:          1026
    Avg size of partitions:      1
    Max size of partitions:      1
  Number of target states:       0

Time for analysis setup:                   6.074s
  Time for cfa diff:                   2.603s
  Time for loading CPAs:                   0.409s
  Time for impacted traverse:              0.010s
  Time for loading parser:        0.038s
  Time for CFA construction:      1.348s
    Time for parsing file(s):     0.432s
    Time for AST to CFA:          0.473s
    Time for CFA sanity check:    0.000s
    Time for post-processing:     0.289s
      Time for var class.:        0.000s
Time for normal Analysis:                         0.174s
CPU time for analysis:                     2.560s
CPU time for impacted:                     0.680s
CPU time for normal analysis:              0.360s
CPU time for init:                         2.210s

Time for Garbage Collector:       0.158s (in 5 runs)
Garbage Collector(s) used:    PS MarkSweep, PS Scavenge
Used heap memory:                147MB (   140 MiB) max;     53MB (    50 MiB) avg;    181MB (   173 MiB) peak
Used non-heap memory:             34MB (    33 MiB) max;     26MB (    25 MiB) avg;     36MB (    34 MiB) peak
Used in PS Old Gen pool:          25MB (    24 MiB) max;     12MB (    12 MiB) avg;     32MB (    30 MiB) peak
Allocated heap memory:           268MB (   256 MiB) max;    202MB (   192 MiB) avg
Allocated non-heap memory:        37MB (    35 MiB) max;     27MB (    26 MiB) avg
Total process virtual memory:  13307MB ( 12691 MiB) max;  13279MB ( 12664 MiB) avg

Verification result: TRUE. No property violation found by chosen configuration.
More details about the verification run can be found in the directory "/home/yqs17/blazer/cpachecker-inc-pred/output-us-precise-cfa/39_7a.platform--x86--panasonic-laptop.ko.set/009.a19a6ee.39_7a.cil_safe.i".
