scripts/cpa.sh -heap 10000M -predicateAnalysis-ABElfb-debug -setprop cpa.impacted.eliminate=true -disable-java-assertions -outputpath /home/yqs17/blazer/cpachecker-inc-pred/output-us-precise-cfa/43_1a.media--video--videobuf-vmalloc.ko.set/010.384b835.43_1a.cil_safe.i -isIncPred -spec /home/yqs17/blazer/cpachecker-inc-pred/LDVErrorLabel.spc -stats -setprop cpa.impacted.pre_invariants.file=/home/yqs17/blazer/cpachecker-inc-pred/output-us-precise-cfa/43_1a.media--video--videobuf-vmalloc.ko.set/009.64f9477.43_1a.cil_safe.i/impacted-invariants.txt -setprop analysis.prev.program=/home/yqs17/blazer/cpachecker-inc-pred/programs/drivers--media--video--videobuf-vmalloc.ko/009.64f9477.43_1a.cil_safe.i -entryfunction ldv_main0_sequence_infinite_withcheck_stateful /home/yqs17/blazer/cpachecker-inc-pred/programs/drivers--media--video--videobuf-vmalloc.ko/010.384b835.43_1a.cil_safe.i


--------------------------------------------------------------------------------


Running CPAchecker with Java heap of size 10000M.
Running CPAchecker with the following extra VM options:  -Djava.io.tmpdir=/tmp/BenchExec_run_0rt3pve0/tmp
Number of modified edges: 13
Begin analysis 
Read invariant objects done
ImpactedCPA statistics
----------------------
  Number of invariants partial hits:                            0
  Number of invariants hits:                                    24
  Number of invariants trys:                                    40
  Number of invariants bots:                                    16
  Number of invariants not valid:                               0
  Initial reached size:                                         733
  Input invariants file size:                                   1068
  Max impacted number of variables:                             0
  Number of last version invariants:                            42
  Number of this version invariants:                            0
  CPU time for invariant read:                                      0.160s
  CPU time for invariant write:                                     0.000s
  Time for invariant write:                                         0.000s
  Time for invariant read:                                          0.083s

AutomatonAnalysis (SVCOMP) statistics
-------------------------------------
Number of states:                                  1
Total time for successor computation:                  0.009s
Automaton transfers with branching:                0
Automaton transfer successors:                          656 (count: 656, min: 1, max: 1, avg: 1.00) [1 x 656]

CPA algorithm statistics
------------------------
Number of iterations:            635
Max size of waitlist:            12
Average size of waitlist:        2
Number of computed successors:   656
Max successors for one state:    2
Number of times merged:          0
Number of times stopped:         11
Number of times abs stopped:     27
Number of times nonAbs stopped:  394
Number of coverage check (part): 421
Number of times doAbstraction node:  101
Number of times breaked:         1

Total time for CPA algorithm:         0.089s (Max:     0.089s)
CPU time for CPA algorithm:           0.740s
  Time for choose from waitlist:      0.002s
  Time for precision adjustment:      0.008s
  Time for transfer relation:         0.053s
  Time for merge operator:            0.000s
  Time for stop operator:             0.001s
  Time for adding to reached set:     0.006s

PredicateCPA statistics
-----------------------
Read Precision Time:                0.000s
Precision file size:                0
Write Precision Time:               0.004s
Number of abstractions:            61 (5% of all post computations)
  Times abstraction was reused:    0
  Because of function entry/exit:  75 (123%)
  Because of loop head:            26 (43%)
  Because of join nodes:           0 (0%)
  Because of threshold:            0 (0%)
  Times precision was empty:       0 (0%)
  Times precision was {false}:     0 (0%)
  Times result was cached:         21 (25%)
  Times cartesian abs was used:    0 (0%)
  Times boolean abs was used:      64 (75%)
  Times result was 'false':        2 (3%)
Number of strengthen sat checks:   0
Number of coverage checks:         421
  BDD entailment checks:           27
Number of SMT sat checks:          766
  trivial:                         432
  cached:                          214

Max ABE block size:                       15
Number of predicates discovered:          2
Number of abstraction locations:          0
Max number of predicates per location:    0
Avg number of predicates per location:    0
Total predicates per abstraction:         85
Max number of predicates per abstraction: 2
Avg number of predicates per abstraction: 1.33
Number of irrelevant predicates:          20 (24%)
Number of preds handled by boolean abs:   65 (76%)
  Total number of models for allsat:      62
  Max number of models for allsat:        1
  Avg number of models for allsat:        0.97

Number of path formula cache hits:   282 (22%)

Time for post operator:                  0.696s
  Time for path formula creation:        0.322s
    Actual computation:                  0.308s
Time for strengthen operator:            0.007s
Time for prec operator:                  0.237s
  Time for abstraction:                  0.106s (Max:     0.011s, Count: 61)
    Boolean abstraction:                 0.070s
    Solving time:                        0.045s (Max:     0.009s)
    Model enumeration time:              0.002s
    Time for BDD construction:           0.007s (Max:     0.002s)
Time for merge operator:                 0.053s
Time for coverage check:                 0.001s
  Time for BDD entailment checks:        0.000s
Total time for SMT solver (w/o itp):     0.315s

Number of BDD nodes:                               203
Size of BDD node table:                            466043
Size of BDD cache:                                 46619
Size of BDD node cleanup queue:                           0 (count: 3699, min: 0, max: 0, avg: 0.00)
Time for BDD node cleanup:                             0.000s
Time for BDD garbage collection:                       0.000s (in 0 runs)

PrecisionBootstrap statistics
-----------------------------
Init. function predicates:                         0
Init. global predicates:                           0
Init. location predicates:                         0

ImpactedCPA statistics
----------------------
  Number of invariants partial hits:                            0
  Number of invariants hits:                                    24
  Number of invariants trys:                                    40
  Number of invariants bots:                                    16
  Number of invariants not valid:                               0
  Initial reached size:                                         733
  Input invariants file size:                                   1068
  Max impacted number of variables:                             0
  Number of last version invariants:                            42
  Number of this version invariants:                            40
  CPU time for invariant read:                                      0.160s
  CPU time for invariant write:                                     0.020s
  Time for invariant write:                                         0.015s
  Time for invariant read:                                          0.083s

AutomatonAnalysis (SVCOMP) statistics
-------------------------------------
Number of states:                                  1
Total time for successor computation:                  0.011s
Automaton transfers with branching:                0
Automaton transfer successors:                         1205 (count: 1205, min: 1, max: 1, avg: 1.00) [1 x 1205]

CPA algorithm statistics
------------------------
Number of iterations:            400
Max size of waitlist:            33
Average size of waitlist:        21
Number of computed successors:   442
Max successors for one state:    2
Number of times merged:          182
Number of times stopped:         209
Number of times abs stopped:     27
Number of times nonAbs stopped:  394
Number of coverage check (part): 421
Number of times doAbstraction node:  101
Number of times breaked:         0

Total time for CPA algorithm:         0.295s (Max:     0.295s)
CPU time for CPA algorithm:           0.740s
  Time for choose from waitlist:      0.000s
  Time for precision adjustment:      0.115s
  Time for transfer relation:         0.102s
  Time for merge operator:            0.053s
  Time for stop operator:             0.008s
  Time for adding to reached set:     0.000s

Predicate-Abstraction Refiner statistics
----------------------------------------
  Predicate creation:                                  0.000s
  Precision update:                                    0.000s
  ARG update:                                          0.000s

Length of refined path (in blocks):                       0 (count: 0, min: 0, max: 0, avg: 0.00)
Number of affected states:                                0 (count: 0, min: 0, max: 0, avg: 0.00)
Length (states) of path with itp 'true':                  0 (count: 0, min: 0, max: 0, avg: 0.00)
Length (states) of path with itp non-trivial itp:         0 (count: 0, min: 0, max: 0, avg: 0.00)
Length (states) of path with itp 'false':                 0 (count: 0, min: 0, max: 0, avg: 0.00)
Different non-trivial interpolants along paths:           0 (count: 0, min: 0, max: 0, avg: 0.00)
Equal non-trivial interpolants along paths:               0 (count: 0, min: 0, max: 0, avg: 0.00)
Different precisions along paths:                         0 (count: 0, min: 0, max: 0, avg: 0.00)
Equal precisions along paths:                             0 (count: 0, min: 0, max: 0, avg: 0.00)
Number of refs with location-based cutoff:                0

CEGAR algorithm statistics
--------------------------
Number of refinements:                0
Refinement times:             0
First time for refinement:             0.296s
Last time for refinement:              0.296s
Average time for analysis:          0.296s
Number of analysis:                1

Code Coverage
-----------------------------
  Visited lines:          2444
  Total lines:            10
  Line coverage:          244.400

CPAchecker general statistics
-----------------------------
Number of program locations:     1029
Number of CFA edges:             1132
Number of relevant variables:    133
Number of functions:             29
Number of loops:                 4
Size of reached set:             964
  Number of reached locations:   857 (83%)
    Avg states per location:     1
    Max states per location:     10 (at node N526)
  Number of reached functions:   15 (52%)
  Number of partitions:          964
    Avg size of partitions:      1
    Max size of partitions:      1
  Number of target states:       0

Time for analysis setup:                   4.514s
  Time for cfa diff:                   2.003s
  Time for loading CPAs:                   0.376s
  Time for impacted traverse:              0.007s
  Time for loading parser:        0.032s
  Time for CFA construction:      0.943s
    Time for parsing file(s):     0.323s
    Time for AST to CFA:          0.313s
    Time for CFA sanity check:    0.000s
    Time for post-processing:     0.194s
      Time for var class.:        0.000s
Time for normal Analysis:                         0.297s
CPU time for analysis:                     2.230s
CPU time for impacted:                     0.530s
CPU time for normal analysis:              0.580s
CPU time for init:                         1.650s

Time for Garbage Collector:       0.128s (in 5 runs)
Garbage Collector(s) used:    PS MarkSweep, PS Scavenge
Used heap memory:                 86MB (    82 MiB) max;     49MB (    47 MiB) avg;    110MB (   105 MiB) peak
Used non-heap memory:             33MB (    31 MiB) max;     25MB (    24 MiB) avg;     35MB (    33 MiB) peak
Used in PS Old Gen pool:          19MB (    18 MiB) max;      7MB (     7 MiB) avg;     24MB (    23 MiB) peak
Allocated heap memory:           255MB (   244 MiB) max;    195MB (   186 MiB) avg
Allocated non-heap memory:        35MB (    33 MiB) max;     26MB (    25 MiB) avg
Total process virtual memory:  13307MB ( 12691 MiB) max;  13281MB ( 12666 MiB) avg

Verification result: TRUE. No property violation found by chosen configuration.
More details about the verification run can be found in the directory "/home/yqs17/blazer/cpachecker-inc-pred/output-us-precise-cfa/43_1a.media--video--videobuf-vmalloc.ko.set/010.384b835.43_1a.cil_safe.i".
