scripts/cpa.sh -heap 10000M -predicateAnalysis-ABElfb-debug -setprop cpa.impacted.eliminate=true -disable-java-assertions -outputpath /home/yqs17/blazer/cpachecker-inc-pred/output-us-precise-cfa/32_1.media--video--videobuf-vmalloc.ko.set/020.de1e575.32_1.cil_safe.i -isIncPred -spec /home/yqs17/blazer/cpachecker-inc-pred/LDVErrorLabel.spc -stats -setprop cpa.impacted.pre_invariants.file=/home/yqs17/blazer/cpachecker-inc-pred/output-us-precise-cfa/32_1.media--video--videobuf-vmalloc.ko.set/019.5d6aaf5.32_1.cil_safe.i/impacted-invariants.txt -setprop analysis.prev.program=/home/yqs17/blazer/cpachecker-inc-pred/programs/drivers--media--video--videobuf-vmalloc.ko/019.5d6aaf5.32_1.cil_safe.i -entryfunction ldv_main0_sequence_infinite_withcheck_stateful /home/yqs17/blazer/cpachecker-inc-pred/programs/drivers--media--video--videobuf-vmalloc.ko/020.de1e575.32_1.cil_safe.i


--------------------------------------------------------------------------------


Running CPAchecker with Java heap of size 10000M.
Running CPAchecker with the following extra VM options:  -Djava.io.tmpdir=/tmp/BenchExec_run_i7uqaj9z/tmp
Number of modified edges: 61
Begin analysis 
Read invariant objects done
PredicateCPA statistics
-----------------------
Read Precision Time:                0.000s
Precision file size:                0
Write Precision Time:               0.002s
Number of abstractions:            282 (9% of all post computations)
  Times abstraction was reused:    0
  Because of function entry/exit:  283 (100%)
  Because of loop head:            48 (17%)
  Because of join nodes:           0 (0%)
  Because of threshold:            0 (0%)
  Times precision was empty:       0 (0%)
  Times precision was {false}:     0 (0%)
  Times result was cached:         78 (25%)
  Times cartesian abs was used:    0 (0%)
  Times boolean abs was used:      235 (75%)
  Times result was 'false':        5 (2%)
Number of strengthen sat checks:   1
  Times result was 'false':        0 (0%)
Number of coverage checks:         653
  BDD entailment checks:           91
Number of SMT sat checks:          852
  trivial:                         458
  cached:                          251

Max ABE block size:                       25
Number of predicates discovered:          4
Number of abstraction locations:          0
Max number of predicates per location:    0
Avg number of predicates per location:    0
Total predicates per abstraction:         521
Max number of predicates per abstraction: 3
Avg number of predicates per abstraction: 2.22
Number of irrelevant predicates:          38 (7%)
Number of preds handled by boolean abs:   483 (93%)
  Total number of models for allsat:      305
  Max number of models for allsat:        2
  Avg number of models for allsat:        1.30

Number of path formula cache hits:   857 (25%)

Time for post operator:                  1.180s
  Time for path formula creation:        0.569s
    Actual computation:                  0.544s
Time for strengthen operator:            0.009s
  Time for satisfiability checks:        0.000s
Time for prec operator:                  0.793s
  Time for abstraction:                  0.575s (Max:     0.016s, Count: 282)
    Boolean abstraction:                 0.291s
    Solving time:                        0.106s (Max:     0.012s)
    Model enumeration time:              0.040s
    Time for BDD construction:           0.024s (Max:     0.001s)
Time for merge operator:                 0.073s
Time for coverage check:                 0.002s
  Time for BDD entailment checks:        0.001s
Total time for SMT solver (w/o itp):     0.482s

Number of BDD nodes:                               212
Size of BDD node table:                            466043
Size of BDD cache:                                 46619
Size of BDD node cleanup queue:                         220 (count: 4973, min: 0, max: 220, avg: 0.04)
Time for BDD node cleanup:                             0.003s
Time for BDD garbage collection:                       0.000s (in 0 runs)

PrecisionBootstrap statistics
-----------------------------
Init. function predicates:                         0
Init. global predicates:                           0
Init. location predicates:                         0

ImpactedCPA statistics
----------------------
  Number of invariants partial hits:                            0
  Number of invariants hits:                                    31
  Number of invariants trys:                                    49
  Number of invariants bots:                                    19
  Number of invariants not valid:                               1
  Initial reached size:                                         812
  Input invariants file size:                                   1130
  Max impacted number of variables:                             0
  Number of last version invariants:                            50
  Number of this version invariants:                            50
  CPU time for invariant read:                                      0.230s
  CPU time for invariant write:                                     0.030s
  Time for invariant write:                                         0.019s
  Time for invariant read:                                          0.123s

AutomatonAnalysis (SVCOMP) statistics
-------------------------------------
Number of states:                                  1
Total time for successor computation:                  0.029s
Automaton transfers with branching:                0
Automaton transfer successors:                         3298 (count: 3298, min: 1, max: 1, avg: 1.00) [1 x 3298]

CPA algorithm statistics
------------------------
Number of iterations:            2245
Max size of waitlist:            30
Average size of waitlist:        19
Number of computed successors:   2450
Max successors for one state:    2
Number of times merged:          263
Number of times stopped:         317
Number of times abs stopped:     54
Number of times nonAbs stopped:  562
Number of coverage check (part): 653
Number of times doAbstraction node:  331
Number of times breaked:         1

Total time for CPA algorithm:         1.334s (Max:     0.741s)
CPU time for CPA algorithm:           2.640s
  Time for choose from waitlist:      0.006s
  Time for precision adjustment:      0.625s
  Time for transfer relation:         0.500s
  Time for merge operator:            0.089s
  Time for stop operator:             0.016s
  Time for adding to reached set:     0.019s

Predicate-Abstraction Refiner statistics
----------------------------------------
Avg. length of target path (in blocks):                  12 (count: 1, min: 12, max: 12, avg: 12.00)
Number of infeasible sliced prefixes:                     0 (count: 0, min: 0, max: 0, avg: 0.00)

Time for refinement:                                   0.072s
  Counterexample analysis:                0.057s (Max:     0.057s, Calls: 1)
    Refinement sat check:                 0.013s
    Interpolant computation:              0.000s
  Error path post-processing:                          0.000s
  Path-formulas extraction:                            0.000s
  Building the counterexample trace:                   0.057s
  Extracting precise counterexample:                   0.000s
  Extracting infeasible sliced prefixes:               0.000s
  Selecting infeasible sliced prefixes:                0.000s
  Predicate creation:                                  0.000s
  Precision update:                                    0.001s
  ARG update:                                          0.010s

Length of refined path (in blocks):                       9 (count: 1, min: 9, max: 9, avg: 9.00)
Number of affected states:                                8 (count: 1, min: 8, max: 8, avg: 8.00)
Length (states) of path with itp 'true':                  0 (count: 1, min: 0, max: 0, avg: 0.00)
Length (states) of path with itp non-trivial itp:         8 (count: 1, min: 8, max: 8, avg: 8.00)
Length (states) of path with itp 'false':                 1 (count: 1, min: 1, max: 1, avg: 1.00)
Different non-trivial interpolants along paths:           0 (count: 1, min: 0, max: 0, avg: 0.00)
Equal non-trivial interpolants along paths:               7 (count: 1, min: 7, max: 7, avg: 7.00)
Different precisions along paths:                         0 (count: 0, min: 0, max: 0, avg: 0.00)
Equal precisions along paths:                             0 (count: 0, min: 0, max: 0, avg: 0.00)
Number of refs with location-based cutoff:                0

CEGAR algorithm statistics
--------------------------
Number of refinements:                1
Number of successful refinements:     1
Number of failed refinements:         0
Max. size of reached set before ref.: 1706
Max. size of reached set after ref.:  529
Avg. size of reached set before ref.: 1706.00
Avg. size of reached set after ref.:  529.00

Total time for CEGAR algorithm:       1.412s
CPU time for CEGAR algorithm:         2.800s
Time for refinements:                 0.077s
CPU time for refinements:             0.160s
Average time for refinement:          0.077s
Max time for refinement:              0.077s
First time for refinement:             0.667s
Last time for refinement:              0.594s
Average time for analysis:          0.667s
Number of analysis:                2

Code Coverage
-----------------------------
  Visited lines:          2846
  Total lines:            15
  Line coverage:          189.733

CPAchecker general statistics
-----------------------------
Number of program locations:     1143
Number of CFA edges:             1260
Number of relevant variables:    108
Number of functions:             24
Number of loops:                 4
Size of reached set:             1763
  Number of reached locations:   1056 (92%)
    Avg states per location:     1
    Max states per location:     29 (at node N655)
  Number of reached functions:   17 (71%)
  Number of partitions:          1734
    Avg size of partitions:      1
    Max size of partitions:      2 (with key [N575 (before /work/ldvuser/novikov/work/current--X--drivers/media/video/videobuf-vmalloc.ko--X--defaultlinux--X--32_1--X--cpachecker/linux/csd_deg_dscv/11/dscv_tempdir/dscv/ri/32_1/drivers/media/video/videobuf-vmalloc.c, lines 678-783), 1768817083, Init])
  Number of target states:       0

Time for analysis setup:                   6.146s
  Time for cfa diff:                   3.121s
  Time for loading CPAs:                   0.371s
  Time for impacted traverse:              0.006s
  Time for loading parser:        0.031s
  Time for CFA construction:      1.209s
    Time for parsing file(s):     0.395s
    Time for AST to CFA:          0.408s
    Time for CFA sanity check:    0.000s
    Time for post-processing:     0.270s
      Time for var class.:        0.000s
Time for normal Analysis:                         1.412s
CPU time for analysis:                     5.010s
CPU time for impacted:                     0.000s
CPU time for normal analysis:              2.800s
CPU time for init:                         2.210s

Time for Garbage Collector:       0.158s (in 6 runs)
Garbage Collector(s) used:    PS MarkSweep, PS Scavenge
Used heap memory:                177MB (   169 MiB) max;     65MB (    62 MiB) avg;    192MB (   183 MiB) peak
Used non-heap memory:             36MB (    34 MiB) max;     26MB (    25 MiB) avg;     37MB (    36 MiB) peak
Used in PS Old Gen pool:          24MB (    23 MiB) max;     10MB (     9 MiB) avg;     26MB (    25 MiB) peak
Allocated heap memory:           263MB (   251 MiB) max;    206MB (   196 MiB) avg
Allocated non-heap memory:        38MB (    36 MiB) max;     27MB (    26 MiB) avg
Total process virtual memory:  13307MB ( 12691 MiB) max;  13285MB ( 12670 MiB) avg

Verification result: TRUE. No property violation found by chosen configuration.
More details about the verification run can be found in the directory "/home/yqs17/blazer/cpachecker-inc-pred/output-us-precise-cfa/32_1.media--video--videobuf-vmalloc.ko.set/020.de1e575.32_1.cil_safe.i".
