scripts/cpa.sh -heap 10000M -predicateAnalysis-ABElfb-debug -setprop cpa.impacted.eliminate=true -disable-java-assertions -outputpath /home/yqs17/blazer/cpachecker-inc-pred/output-us-precise-cfa/08_1a.mtd--mtdoops.ko.set/040.a3dd332.08_1a.cil_safe.i -isIncPred -spec /home/yqs17/blazer/cpachecker-inc-pred/LDVErrorLabel.spc -stats -setprop cpa.impacted.pre_invariants.file=/home/yqs17/blazer/cpachecker-inc-pred/output-us-precise-cfa/08_1a.mtd--mtdoops.ko.set/039.800ffd3.08_1a.cil_safe.i/impacted-invariants.txt -setprop analysis.prev.program=/home/yqs17/blazer/cpachecker-inc-pred/programs/drivers--mtd--mtdoops.ko/039.800ffd3.08_1a.cil_safe.i -entryfunction ldv_main0_sequence_infinite_withcheck_stateful /home/yqs17/blazer/cpachecker-inc-pred/programs/drivers--mtd--mtdoops.ko/040.a3dd332.08_1a.cil_safe.i


--------------------------------------------------------------------------------


Running CPAchecker with Java heap of size 10000M.
Running CPAchecker with the following extra VM options:  -Djava.io.tmpdir=/tmp/BenchExec_run_629ahcfu/tmp
Number of modified edges: 44
Begin analysis 
Read invariant objects done
ImpactedCPA statistics
----------------------
  Number of invariants partial hits:                            0
  Number of invariants hits:                                    27
  Number of invariants trys:                                    34
  Number of invariants bots:                                    8
  Number of invariants not valid:                               1
  Initial reached size:                                         733
  Input invariants file size:                                   1030
  Max impacted number of variables:                             0
  Number of last version invariants:                            40
  Number of this version invariants:                            0
  CPU time for invariant read:                                      0.210s
  CPU time for invariant write:                                     0.000s
  Time for invariant write:                                         0.000s
  Time for invariant read:                                          0.107s

AutomatonAnalysis (SVCOMP) statistics
-------------------------------------
Number of states:                                  1
Total time for successor computation:                  0.004s
Automaton transfers with branching:                0
Automaton transfer successors:                          532 (count: 532, min: 1, max: 1, avg: 1.00) [1 x 532]

CPA algorithm statistics
------------------------
Number of iterations:            524
Max size of waitlist:            6
Average size of waitlist:        1
Number of computed successors:   532
Max successors for one state:    2
Number of times merged:          0
Number of times stopped:         3
Number of times abs stopped:     11
Number of times nonAbs stopped:  218
Number of coverage check (part): 229
Number of times doAbstraction node:  47
Number of times breaked:         1

Total time for CPA algorithm:         0.079s (Max:     0.079s)
CPU time for CPA algorithm:           0.360s
  Time for choose from waitlist:      0.001s
  Time for precision adjustment:      0.007s
  Time for transfer relation:         0.045s
  Time for merge operator:            0.000s
  Time for stop operator:             0.006s
  Time for adding to reached set:     0.003s

PredicateCPA statistics
-----------------------
Read Precision Time:                0.000s
Precision file size:                0
Write Precision Time:               0.001s
Number of abstractions:            13 (1% of all post computations)
  Times abstraction was reused:    0
  Because of function entry/exit:  38 (292%)
  Because of loop head:            9 (69%)
  Because of join nodes:           0 (0%)
  Because of threshold:            0 (0%)
  Times precision was empty:       0 (0%)
  Times precision was {false}:     1 (3%)
  Times result was cached:         11 (28%)
  Times cartesian abs was used:    0 (0%)
  Times boolean abs was used:      28 (70%)
  Times result was 'false':        0 (0%)
Number of strengthen sat checks:   0
Number of coverage checks:         229
  BDD entailment checks:           11
Number of SMT sat checks:          760
  trivial:                         429
  cached:                          202

Max ABE block size:                       20
Number of predicates discovered:          2
Number of abstraction locations:          0
Max number of predicates per location:    0
Avg number of predicates per location:    0
Total predicates per abstraction:         34
Max number of predicates per abstraction: 2
Avg number of predicates per abstraction: 1.17
Number of irrelevant predicates:          6 (18%)
Number of preds handled by boolean abs:   28 (82%)
  Total number of models for allsat:      28
  Max number of models for allsat:        1
  Avg number of models for allsat:        1.00

Number of path formula cache hits:   156 (17%)

Time for post operator:                  1.136s
  Time for path formula creation:        0.409s
    Actual computation:                  0.397s
Time for strengthen operator:            0.007s
Time for prec operator:                  0.177s
  Time for abstraction:                  0.030s (Max:     0.016s, Count: 13)
    Boolean abstraction:                 0.059s
    Solving time:                        0.035s (Max:     0.009s)
    Model enumeration time:              0.003s
    Time for BDD construction:           0.012s (Max:     0.007s)
Time for merge operator:                 0.080s
Time for coverage check:                 0.000s
  Time for BDD entailment checks:        0.000s
Total time for SMT solver (w/o itp):     0.589s

Number of BDD nodes:                               202
Size of BDD node table:                            466043
Size of BDD cache:                                 46619
Size of BDD node cleanup queue:                           0 (count: 3949, min: 0, max: 0, avg: 0.00)
Time for BDD node cleanup:                             0.001s
Time for BDD garbage collection:                       0.000s (in 0 runs)

PrecisionBootstrap statistics
-----------------------------
Init. function predicates:                         0
Init. global predicates:                           0
Init. location predicates:                         0

ImpactedCPA statistics
----------------------
  Number of invariants partial hits:                            0
  Number of invariants hits:                                    27
  Number of invariants trys:                                    34
  Number of invariants bots:                                    8
  Number of invariants not valid:                               1
  Initial reached size:                                         733
  Input invariants file size:                                   1030
  Max impacted number of variables:                             0
  Number of last version invariants:                            40
  Number of this version invariants:                            27
  CPU time for invariant read:                                      0.210s
  CPU time for invariant write:                                     0.030s
  Time for invariant write:                                         0.019s
  Time for invariant read:                                          0.107s

AutomatonAnalysis (SVCOMP) statistics
-------------------------------------
Number of states:                                  1
Total time for successor computation:                  0.005s
Automaton transfers with branching:                0
Automaton transfer successors:                          869 (count: 869, min: 1, max: 1, avg: 1.00) [1 x 869]

CPA algorithm statistics
------------------------
Number of iterations:            97
Max size of waitlist:            13
Average size of waitlist:        8
Number of computed successors:   110
Max successors for one state:    2
Number of times merged:          90
Number of times stopped:         101
Number of times abs stopped:     11
Number of times nonAbs stopped:  218
Number of coverage check (part): 229
Number of times doAbstraction node:  47
Number of times breaked:         0

Total time for CPA algorithm:         0.109s (Max:     0.109s)
CPU time for CPA algorithm:           0.360s
  Time for choose from waitlist:      0.000s
  Time for precision adjustment:      0.038s
  Time for transfer relation:         0.013s
  Time for merge operator:            0.054s
  Time for stop operator:             0.002s
  Time for adding to reached set:     0.000s

Predicate-Abstraction Refiner statistics
----------------------------------------
  Predicate creation:                                  0.000s
  Precision update:                                    0.000s
  ARG update:                                          0.000s

Length of refined path (in blocks):                       0 (count: 0, min: 0, max: 0, avg: 0.00)
Number of affected states:                                0 (count: 0, min: 0, max: 0, avg: 0.00)
Length (states) of path with itp 'true':                  0 (count: 0, min: 0, max: 0, avg: 0.00)
Length (states) of path with itp non-trivial itp:         0 (count: 0, min: 0, max: 0, avg: 0.00)
Length (states) of path with itp 'false':                 0 (count: 0, min: 0, max: 0, avg: 0.00)
Different non-trivial interpolants along paths:           0 (count: 0, min: 0, max: 0, avg: 0.00)
Equal non-trivial interpolants along paths:               0 (count: 0, min: 0, max: 0, avg: 0.00)
Different precisions along paths:                         0 (count: 0, min: 0, max: 0, avg: 0.00)
Equal precisions along paths:                             0 (count: 0, min: 0, max: 0, avg: 0.00)
Number of refs with location-based cutoff:                0

CEGAR algorithm statistics
--------------------------
Number of refinements:                0
Refinement times:             0
First time for refinement:             0.109s
Last time for refinement:              0.109s
Average time for analysis:          0.109s
Number of analysis:                1

Code Coverage
-----------------------------
  Visited lines:          1959
  Total lines:            5
  Line coverage:          391.800

CPAchecker general statistics
-----------------------------
Number of program locations:     1189
Number of CFA edges:             1310
Number of relevant variables:    191
Number of functions:             40
Number of loops:                 5
Size of reached set:             742
  Number of reached locations:   728 (61%)
    Avg states per location:     1
    Max states per location:     3 (at node N805)
  Number of reached functions:   13 (33%)
  Number of partitions:          742
    Avg size of partitions:      1
    Max size of partitions:      1
  Number of target states:       0

Time for analysis setup:                   6.175s
  Time for cfa diff:                   2.805s
  Time for loading CPAs:                   0.392s
  Time for impacted traverse:              0.010s
  Time for loading parser:        0.028s
  Time for CFA construction:      1.187s
    Time for parsing file(s):     0.393s
    Time for AST to CFA:          0.420s
    Time for CFA sanity check:    0.000s
    Time for post-processing:     0.246s
      Time for var class.:        0.000s
Time for normal Analysis:                         0.110s
CPU time for analysis:                     2.980s
CPU time for impacted:                     0.570s
CPU time for normal analysis:              0.210s
CPU time for init:                         2.770s

Time for Garbage Collector:       0.135s (in 5 runs)
Garbage Collector(s) used:    PS MarkSweep, PS Scavenge
Used heap memory:                130MB (   124 MiB) max;     55MB (    52 MiB) avg;    153MB (   146 MiB) peak
Used non-heap memory:             33MB (    31 MiB) max;     25MB (    24 MiB) avg;     35MB (    34 MiB) peak
Used in PS Old Gen pool:          20MB (    19 MiB) max;      7MB (     7 MiB) avg;     21MB (    20 MiB) peak
Allocated heap memory:           250MB (   238 MiB) max;    196MB (   187 MiB) avg
Allocated non-heap memory:        35MB (    34 MiB) max;     26MB (    25 MiB) avg
Total process virtual memory:  13308MB ( 12691 MiB) max;  13281MB ( 12666 MiB) avg

Verification result: TRUE. No property violation found by chosen configuration.
More details about the verification run can be found in the directory "/home/yqs17/blazer/cpachecker-inc-pred/output-us-precise-cfa/08_1a.mtd--mtdoops.ko.set/040.a3dd332.08_1a.cil_safe.i".
