scripts/cpa.sh -heap 10000M -predicateAnalysis-ABElfb-debug -setprop cpa.impacted.eliminate=true -disable-java-assertions -outputpath /home/yqs17/blazer/cpachecker-inc-pred/output-us-precise-cfa/32_7a.video--backlight--tdo24m.ko.set/012.53c7a2f.32_7a.cil_safe.i -isIncPred -spec /home/yqs17/blazer/cpachecker-inc-pred/LDVErrorLabel.spc -stats -setprop cpa.impacted.pre_invariants.file=/home/yqs17/blazer/cpachecker-inc-pred/output-us-precise-cfa/32_7a.video--backlight--tdo24m.ko.set/011.97d9655.32_7a.cil_safe.i/impacted-invariants.txt -setprop analysis.prev.program=/home/yqs17/blazer/cpachecker-inc-pred/programs/drivers--video--backlight--tdo24m.ko/011.97d9655.32_7a.cil_safe.i -entryfunction ldv_main0_sequence_infinite_withcheck_stateful /home/yqs17/blazer/cpachecker-inc-pred/programs/drivers--video--backlight--tdo24m.ko/012.53c7a2f.32_7a.cil_safe.i


--------------------------------------------------------------------------------


Running CPAchecker with Java heap of size 10000M.
Running CPAchecker with the following extra VM options:  -Djava.io.tmpdir=/tmp/BenchExec_run_tzp6rqtd/tmp
Number of modified edges: 3
Begin analysis 
Read invariant objects done
PredicateCPA statistics
-----------------------
Read Precision Time:                0.000s
Precision file size:                1390
Write Precision Time:               0.002s
Number of abstractions:            452 (7% of all post computations)
  Times abstraction was reused:    0
  Because of function entry/exit:  362 (80%)
  Because of loop head:            159 (35%)
  Because of join nodes:           0 (0%)
  Because of threshold:            0 (0%)
  Times precision was empty:       0 (0%)
  Times precision was {false}:     0 (0%)
  Times result was cached:         291 (59%)
  Times cartesian abs was used:    0 (0%)
  Times boolean abs was used:      206 (41%)
  Times result was 'false':        3 (1%)
Number of strengthen sat checks:   0
Number of coverage checks:         1524
  BDD entailment checks:           154
Number of SMT sat checks:          1148
  trivial:                         635
  cached:                          304

Max ABE block size:                       28
Number of predicates discovered:          10
Number of abstraction locations:          0
Max number of predicates per location:    0
Avg number of predicates per location:    0
Total predicates per abstraction:         1951
Max number of predicates per abstraction: 10
Avg number of predicates per abstraction: 9.47
Number of irrelevant predicates:          281 (14%)
Number of preds handled by boolean abs:   1670 (86%)
  Total number of models for allsat:      283
  Max number of models for allsat:        3
  Avg number of models for allsat:        1.37

Number of path formula cache hits:   2349 (36%)

Time for post operator:                  2.303s
  Time for path formula creation:        0.955s
    Actual computation:                  0.884s
Time for strengthen operator:            0.022s
Time for prec operator:                  0.959s
  Time for abstraction:                  0.633s (Max:     0.014s, Count: 452)
    Boolean abstraction:                 0.322s
    Solving time:                        0.080s (Max:     0.008s)
    Model enumeration time:              0.014s
    Time for BDD construction:           0.027s (Max:     0.012s)
Time for merge operator:                 0.165s
Time for coverage check:                 0.005s
  Time for BDD entailment checks:        0.002s
Total time for SMT solver (w/o itp):     0.759s

Number of BDD nodes:                               410
Size of BDD node table:                            466043
Size of BDD cache:                                 46619
Size of BDD node cleanup queue:                         516 (count: 7560, min: 0, max: 239, avg: 0.07)
Time for BDD node cleanup:                             0.005s
Time for BDD garbage collection:                       0.000s (in 0 runs)

PrecisionBootstrap statistics
-----------------------------
Init. function predicates:                         0
Init. global predicates:                           0
Init. location predicates:                         0

ImpactedCPA statistics
----------------------
  Number of invariants partial hits:                            0
  Number of invariants hits:                                    45
  Number of invariants trys:                                    69
  Number of invariants bots:                                    24
  Number of invariants not valid:                               0
  Initial reached size:                                         1098
  Input invariants file size:                                   3031
  Max impacted number of variables:                             0
  Number of last version invariants:                            76
  Number of this version invariants:                            76
  CPU time for invariant read:                                      0.550s
  CPU time for invariant write:                                     0.060s
  Time for invariant write:                                         0.032s
  Time for invariant read:                                          0.280s

AutomatonAnalysis (SVCOMP) statistics
-------------------------------------
Number of states:                                  1
Total time for successor computation:                  0.028s
Automaton transfers with branching:                0
Automaton transfer successors:                         6195 (count: 6195, min: 1, max: 1, avg: 1.00) [1 x 6195]

CPA algorithm statistics
------------------------
Number of iterations:            4442
Max size of waitlist:            35
Average size of waitlist:        25
Number of computed successors:   5055
Max successors for one state:    2
Number of times merged:          666
Number of times stopped:         820
Number of times abs stopped:     154
Number of times nonAbs stopped:  1370
Number of coverage check (part): 1524
Number of times doAbstraction node:  521
Number of times breaked:         0

Total time for CPA algorithm:         2.124s (Max:     2.124s)
CPU time for CPA algorithm:           4.220s
  Time for choose from waitlist:      0.017s
  Time for precision adjustment:      0.738s
  Time for transfer relation:         1.012s
  Time for merge operator:            0.197s
  Time for stop operator:             0.035s
  Time for adding to reached set:     0.020s

Predicate-Abstraction Refiner statistics
----------------------------------------
  Predicate creation:                                  0.000s
  Precision update:                                    0.000s
  ARG update:                                          0.000s

Length of refined path (in blocks):                       0 (count: 0, min: 0, max: 0, avg: 0.00)
Number of affected states:                                0 (count: 0, min: 0, max: 0, avg: 0.00)
Length (states) of path with itp 'true':                  0 (count: 0, min: 0, max: 0, avg: 0.00)
Length (states) of path with itp non-trivial itp:         0 (count: 0, min: 0, max: 0, avg: 0.00)
Length (states) of path with itp 'false':                 0 (count: 0, min: 0, max: 0, avg: 0.00)
Different non-trivial interpolants along paths:           0 (count: 0, min: 0, max: 0, avg: 0.00)
Equal non-trivial interpolants along paths:               0 (count: 0, min: 0, max: 0, avg: 0.00)
Different precisions along paths:                         0 (count: 0, min: 0, max: 0, avg: 0.00)
Equal precisions along paths:                             0 (count: 0, min: 0, max: 0, avg: 0.00)
Number of refs with location-based cutoff:                0

CEGAR algorithm statistics
--------------------------
Number of refinements:                0
Refinement times:             0
First time for refinement:             2.125s
Last time for refinement:              2.125s
Average time for analysis:          2.125s
Number of analysis:                1

Code Coverage
-----------------------------
  Visited lines:          3538
  Total lines:            12
  Line coverage:          294.833

CPAchecker general statistics
-----------------------------
Number of program locations:     1759
Number of CFA edges:             1992
Number of relevant variables:    162
Number of functions:             91
Number of loops:                 2
Size of reached set:             5330
  Number of reached locations:   1139 (65%)
    Avg states per location:     4
    Max states per location:     72 (at node N38)
  Number of reached functions:   25 (27%)
  Number of partitions:          5330
    Avg size of partitions:      1
    Max size of partitions:      1
  Number of target states:       0

Time for analysis setup:                   6.670s
  Time for cfa diff:                   2.482s
  Time for loading CPAs:                   0.350s
  Time for impacted traverse:              0.003s
  Time for loading parser:        0.027s
  Time for CFA construction:      1.470s
    Time for parsing file(s):     0.464s
    Time for AST to CFA:          0.516s
    Time for CFA sanity check:    0.001s
    Time for post-processing:     0.312s
      Time for var class.:        0.000s
Time for normal Analysis:                         2.125s
CPU time for analysis:                     7.970s
CPU time for impacted:                     0.000s
CPU time for normal analysis:              4.220s
CPU time for init:                         3.750s

Time for Garbage Collector:       0.282s (in 9 runs)
Garbage Collector(s) used:    PS MarkSweep, PS Scavenge
Used heap memory:                308MB (   294 MiB) max;     85MB (    81 MiB) avg;    338MB (   322 MiB) peak
Used non-heap memory:             36MB (    35 MiB) max;     28MB (    27 MiB) avg;     38MB (    36 MiB) peak
Used in PS Old Gen pool:          31MB (    29 MiB) max;     16MB (    15 MiB) avg;     31MB (    30 MiB) peak
Allocated heap memory:           585MB (   558 MiB) max;    253MB (   241 MiB) avg
Allocated non-heap memory:        38MB (    37 MiB) max;     30MB (    29 MiB) avg
Total process virtual memory:  13308MB ( 12692 MiB) max;  13286MB ( 12670 MiB) avg

Verification result: TRUE. No property violation found by chosen configuration.
More details about the verification run can be found in the directory "/home/yqs17/blazer/cpachecker-inc-pred/output-us-precise-cfa/32_7a.video--backlight--tdo24m.ko.set/012.53c7a2f.32_7a.cil_safe.i".
