scripts/cpa.sh -heap 10000M -predicateAnalysis-ABElfb-debug -setprop cpa.impacted.eliminate=true -disable-java-assertions -outputpath /home/yqs17/blazer/cpachecker-inc-pred/output-us-precise-cfa/08_1a.usb--serial--spcp8x5.ko.set/027.d860322.08_1a.cil_safe.i -isIncPred -spec /home/yqs17/blazer/cpachecker-inc-pred/LDVErrorLabel.spc -stats -setprop cpa.impacted.pre_invariants.file=/home/yqs17/blazer/cpachecker-inc-pred/output-us-precise-cfa/08_1a.usb--serial--spcp8x5.ko.set/026.90ab5ee.08_1a.cil_safe.i/impacted-invariants.txt -setprop analysis.prev.program=/home/yqs17/blazer/cpachecker-inc-pred/programs/drivers--usb--serial--spcp8x5.ko/026.90ab5ee.08_1a.cil_safe.i -entryfunction ldv_main0_sequence_infinite_withcheck_stateful /home/yqs17/blazer/cpachecker-inc-pred/programs/drivers--usb--serial--spcp8x5.ko/027.d860322.08_1a.cil_safe.i


--------------------------------------------------------------------------------


Running CPAchecker with Java heap of size 10000M.
Running CPAchecker with the following extra VM options:  -Djava.io.tmpdir=/tmp/BenchExec_run_zcdjbjtb/tmp
Number of modified edges: 57
Begin analysis 
Read invariant objects done
ImpactedCPA statistics
----------------------
  Number of invariants partial hits:                            0
  Number of invariants hits:                                    4
  Number of invariants trys:                                    5
  Number of invariants bots:                                    1
  Number of invariants not valid:                               0
  Initial reached size:                                         700
  Input invariants file size:                                   1107
  Max impacted number of variables:                             2
  Number of last version invariants:                            34
  Number of this version invariants:                            0
  CPU time for invariant read:                                      0.410s
  CPU time for invariant write:                                     0.000s
  Time for invariant write:                                         0.000s
  Time for invariant read:                                          0.219s

AutomatonAnalysis (SVCOMP) statistics
-------------------------------------
Number of states:                                  1
Total time for successor computation:                  0.015s
Automaton transfers with branching:                0
Automaton transfer successors:                         2133 (count: 2133, min: 1, max: 1, avg: 1.00) [1 x 2133]

CPA algorithm statistics
------------------------
Number of iterations:            2118
Max size of waitlist:            4
Average size of waitlist:        1
Number of computed successors:   2133
Max successors for one state:    2
Number of times merged:          0
Number of times stopped:         6
Number of times abs stopped:     0
Number of times nonAbs stopped:  4
Number of coverage check (part): 4
Number of times doAbstraction node:  5
Number of times breaked:         3

Total time for CPA algorithm:         0.199s (Max:     0.099s)
CPU time for CPA algorithm:           0.380s
  Time for choose from waitlist:      0.005s
  Time for precision adjustment:      0.026s
  Time for transfer relation:         0.094s
  Time for merge operator:            0.000s
  Time for stop operator:             0.014s
  Time for adding to reached set:     0.013s

PredicateCPA statistics
-----------------------
Read Precision Time:                0.000s
Precision file size:                0
Write Precision Time:               0.001s
Number of abstractions:            0 (0% of all post computations)
Number of strengthen sat checks:   0
Number of coverage checks:         4
  BDD entailment checks:           0
Number of SMT sat checks:          702
  trivial:                         590
  cached:                          91

Max ABE block size:                       0
Number of predicates discovered:          4
Number of abstraction locations:          0
Max number of predicates per location:    0
Avg number of predicates per location:    0
Total predicates per abstraction:         8
Max number of predicates per abstraction: 4
Avg number of predicates per abstraction: 2.00
Number of irrelevant predicates:          0 (0%)
Number of preds handled by boolean abs:   8 (100%)
  Total number of models for allsat:      4
  Max number of models for allsat:        1
  Avg number of models for allsat:        1.00

Number of path formula cache hits:   1 (0%)

Time for post operator:                  0.337s
  Time for path formula creation:        0.174s
    Actual computation:                  0.156s
Time for strengthen operator:            0.008s
Time for prec operator:                  0.052s
Time for merge operator:                 0.002s
Time for coverage check:                 0.000s
Total time for SMT solver (w/o itp):     0.106s

Number of BDD nodes:                               210
Size of BDD node table:                            466043
Size of BDD cache:                                 46619
Size of BDD node cleanup queue:                           0 (count: 4871, min: 0, max: 0, avg: 0.00)
Time for BDD node cleanup:                             0.003s
Time for BDD garbage collection:                       0.000s (in 0 runs)

PrecisionBootstrap statistics
-----------------------------
Init. function predicates:                         0
Init. global predicates:                           0
Init. location predicates:                         0

ImpactedCPA statistics
----------------------
  Number of invariants partial hits:                            0
  Number of invariants hits:                                    4
  Number of invariants trys:                                    5
  Number of invariants bots:                                    1
  Number of invariants not valid:                               0
  Initial reached size:                                         700
  Input invariants file size:                                   1107
  Max impacted number of variables:                             2
  Number of last version invariants:                            34
  Number of this version invariants:                            4
  CPU time for invariant read:                                      0.410s
  CPU time for invariant write:                                     0.030s
  Time for invariant write:                                         0.017s
  Time for invariant read:                                          0.219s

AutomatonAnalysis (SVCOMP) statistics
-------------------------------------
Number of states:                                  1
Total time for successor computation:                  0.003s
Automaton transfers with branching:                0
Automaton transfer successors:                          702 (count: 702, min: 1, max: 1, avg: 1.00) [1 x 702]

CPA algorithm statistics
------------------------
Number of iterations:            2
Max size of waitlist:            1
Average size of waitlist:        1
Number of computed successors:   1
Max successors for one state:    1
Number of times merged:          1
Number of times stopped:         1
Number of times abs stopped:     0
Number of times nonAbs stopped:  4
Number of coverage check (part): 4
Number of times doAbstraction node:  5
Number of times breaked:         0

Total time for CPA algorithm:         0.001s (Max:     0.001s)
CPU time for CPA algorithm:           0.380s
  Time for choose from waitlist:      0.000s
  Time for precision adjustment:      0.000s
  Time for transfer relation:         0.000s
  Time for merge operator:            0.001s
  Time for stop operator:             0.000s
  Time for adding to reached set:     0.000s

Predicate-Abstraction Refiner statistics
----------------------------------------
  Predicate creation:                                  0.000s
  Precision update:                                    0.000s
  ARG update:                                          0.000s

Length of refined path (in blocks):                       0 (count: 0, min: 0, max: 0, avg: 0.00)
Number of affected states:                                0 (count: 0, min: 0, max: 0, avg: 0.00)
Length (states) of path with itp 'true':                  0 (count: 0, min: 0, max: 0, avg: 0.00)
Length (states) of path with itp non-trivial itp:         0 (count: 0, min: 0, max: 0, avg: 0.00)
Length (states) of path with itp 'false':                 0 (count: 0, min: 0, max: 0, avg: 0.00)
Different non-trivial interpolants along paths:           0 (count: 0, min: 0, max: 0, avg: 0.00)
Equal non-trivial interpolants along paths:               0 (count: 0, min: 0, max: 0, avg: 0.00)
Different precisions along paths:                         0 (count: 0, min: 0, max: 0, avg: 0.00)
Equal precisions along paths:                             0 (count: 0, min: 0, max: 0, avg: 0.00)
Number of refs with location-based cutoff:                0

CEGAR algorithm statistics
--------------------------
Number of refinements:                0
Refinement times:             0
First time for refinement:             0.001s
Last time for refinement:              0.001s
Average time for analysis:          0.001s
Number of analysis:                1

Code Coverage
-----------------------------
  Visited lines:          3242
  Total lines:            10
  Line coverage:          324.200

CPAchecker general statistics
-----------------------------
Number of program locations:     1580
Number of CFA edges:             1810
Number of relevant variables:    233
Number of functions:             39
Number of loops:                 5
Size of reached set:             700
  Number of reached locations:   700 (44%)
    Avg states per location:     1
    Max states per location:     1 (at node N861)
  Number of reached functions:   3 (8%)
  Number of partitions:          700
    Avg size of partitions:      1
    Max size of partitions:      1
  Number of target states:       0

Time for analysis setup:                   5.980s
  Time for cfa diff:                   3.163s
  Time for loading CPAs:                   0.385s
  Time for impacted traverse:              0.012s
  Time for loading parser:        0.027s
  Time for CFA construction:      1.344s
    Time for parsing file(s):     0.416s
    Time for AST to CFA:          0.484s
    Time for CFA sanity check:    0.000s
    Time for post-processing:     0.304s
      Time for var class.:        0.000s
Time for normal Analysis:                         0.002s
CPU time for analysis:                     0.930s
CPU time for impacted:                     0.840s
CPU time for normal analysis:              0.000s
CPU time for init:                         0.930s

Time for Garbage Collector:       0.168s (in 6 runs)
Garbage Collector(s) used:    PS MarkSweep, PS Scavenge
Used heap memory:                 94MB (    90 MiB) max;     45MB (    43 MiB) avg;    116MB (   110 MiB) peak
Used non-heap memory:             34MB (    32 MiB) max;     24MB (    23 MiB) avg;     35MB (    33 MiB) peak
Used in PS Old Gen pool:          30MB (    28 MiB) max;     11MB (    10 MiB) avg;     30MB (    28 MiB) peak
Allocated heap memory:           270MB (   258 MiB) max;    189MB (   181 MiB) avg
Allocated non-heap memory:        36MB (    34 MiB) max;     25MB (    24 MiB) avg
Total process virtual memory:  13308MB ( 12692 MiB) max;  13276MB ( 12661 MiB) avg

Verification result: TRUE. No property violation found by chosen configuration.
More details about the verification run can be found in the directory "/home/yqs17/blazer/cpachecker-inc-pred/output-us-precise-cfa/08_1a.usb--serial--spcp8x5.ko.set/027.d860322.08_1a.cil_safe.i".
