scripts/cpa.sh -heap 10000M -predicateAnalysis-ABElfb-debug -setprop cpa.impacted.eliminate=true -disable-java-assertions -outputpath /home/yqs17/blazer/cpachecker-inc-pred/output-us-precise-cfa/32_7a.usb--serial--cp210x.ko.set/008.0601e11.32_7a.cil_safe.i -isIncPred -spec /home/yqs17/blazer/cpachecker-inc-pred/LDVErrorLabel.spc -stats -setprop cpa.impacted.pre_invariants.file=/home/yqs17/blazer/cpachecker-inc-pred/output-us-precise-cfa/32_7a.usb--serial--cp210x.ko.set/007.f9c99bb.32_7a.cil_safe.i/impacted-invariants.txt -setprop analysis.prev.program=/home/yqs17/blazer/cpachecker-inc-pred/programs/drivers--usb--serial--cp210x.ko/007.f9c99bb.32_7a.cil_safe.i -entryfunction ldv_main0_sequence_infinite_withcheck_stateful /home/yqs17/blazer/cpachecker-inc-pred/programs/drivers--usb--serial--cp210x.ko/008.0601e11.32_7a.cil_safe.i


--------------------------------------------------------------------------------


Running CPAchecker with Java heap of size 10000M.
Running CPAchecker with the following extra VM options:  -Djava.io.tmpdir=/tmp/BenchExec_run_x4olhhc6/tmp
Number of modified edges: 65
Begin analysis 
Read invariant objects done
PredicateCPA statistics
-----------------------
Read Precision Time:                0.000s
Precision file size:                53
Write Precision Time:               0.002s
Number of abstractions:            7609 (16% of all post computations)
  Times abstraction was reused:    0
  Because of function entry/exit:  6818 (90%)
  Because of loop head:            866 (11%)
  Because of join nodes:           0 (0%)
  Because of threshold:            0 (0%)
  Times precision was empty:       0 (0%)
  Times precision was {false}:     0 (0%)
  Times result was cached:         5755 (75%)
  Times cartesian abs was used:    0 (0%)
  Times boolean abs was used:      1906 (25%)
  Times result was 'false':        15 (0%)
Number of strengthen sat checks:   1
  Times result was 'false':        0 (0%)
Number of coverage checks:         9246
  BDD entailment checks:           1998
Number of SMT sat checks:          1255
  trivial:                         534
  cached:                          396

Max ABE block size:                       35
Number of predicates discovered:          6
Number of abstraction locations:          0
Max number of predicates per location:    0
Avg number of predicates per location:    0
Total predicates per abstraction:         8239
Max number of predicates per abstraction: 5
Avg number of predicates per abstraction: 4.32
Number of irrelevant predicates:          774 (9%)
Number of preds handled by boolean abs:   7465 (91%)
  Total number of models for allsat:      2172
  Max number of models for allsat:        4
  Avg number of models for allsat:        1.14

Number of path formula cache hits:   33281 (61%)

Time for post operator:                  5.629s
  Time for path formula creation:        3.317s
    Actual computation:                  2.942s
Time for strengthen operator:            0.082s
  Time for satisfiability checks:        0.000s
Time for prec operator:                  5.586s
  Time for abstraction:                  4.650s (Max:     0.064s, Count: 7609)
    Boolean abstraction:                 1.472s
    Solving time:                        0.673s (Max:     0.062s)
    Model enumeration time:              0.129s
    Time for BDD construction:           0.064s (Max:     0.001s)
Time for merge operator:                 0.816s
Time for coverage check:                 0.007s
  Time for BDD entailment checks:        0.007s
Total time for SMT solver (w/o itp):     1.469s

Number of BDD nodes:                               285
Size of BDD node table:                            466043
Size of BDD cache:                                 46619
Size of BDD node cleanup queue:                        1883 (count: 23922, min: 0, max: 533, avg: 0.08)
Time for BDD node cleanup:                             0.004s
Time for BDD garbage collection:                       0.000s (in 0 runs)

PrecisionBootstrap statistics
-----------------------------
Init. function predicates:                         0
Init. global predicates:                           0
Init. location predicates:                         0

ImpactedCPA statistics
----------------------
  Number of invariants partial hits:                            0
  Number of invariants hits:                                    52
  Number of invariants trys:                                    75
  Number of invariants bots:                                    24
  Number of invariants not valid:                               1
  Initial reached size:                                         1164
  Input invariants file size:                                   1909
  Max impacted number of variables:                             0
  Number of last version invariants:                            97
  Number of this version invariants:                            98
  CPU time for invariant read:                                      0.470s
  CPU time for invariant write:                                     0.090s
  Time for invariant write:                                         0.047s
  Time for invariant read:                                          0.238s

AutomatonAnalysis (SVCOMP) statistics
-------------------------------------
Number of states:                                  1
Total time for successor computation:                  0.121s
Automaton transfers with branching:                0
Automaton transfer successors:                        48583 (count: 48583, min: 1, max: 1, avg: 1.00) [1 x 48583]

CPA algorithm statistics
------------------------
Number of iterations:            41987
Max size of waitlist:            55
Average size of waitlist:        28
Number of computed successors:   47332
Max successors for one state:    2
Number of times merged:          3560
Number of times stopped:         5435
Number of times abs stopped:     1875
Number of times nonAbs stopped:  7248
Number of coverage check (part): 9246
Number of times doAbstraction node:  7684
Number of times breaked:         1

Total time for CPA algorithm:        12.679s (Max:     8.505s)
CPU time for CPA algorithm:          25.240s
  Time for choose from waitlist:      0.064s
  Time for precision adjustment:      5.443s
  Time for transfer relation:         5.180s
  Time for merge operator:            0.973s
  Time for stop operator:             0.158s
  Time for adding to reached set:     0.221s

Predicate-Abstraction Refiner statistics
----------------------------------------
Avg. length of target path (in blocks):                  26 (count: 1, min: 26, max: 26, avg: 26.00)
Number of infeasible sliced prefixes:                     0 (count: 0, min: 0, max: 0, avg: 0.00)

Time for refinement:                                   0.180s
  Counterexample analysis:                0.114s (Max:     0.114s, Calls: 1)
    Refinement sat check:                 0.020s
    Interpolant computation:              0.000s
  Error path post-processing:                          0.000s
  Path-formulas extraction:                            0.000s
  Building the counterexample trace:                   0.114s
  Extracting precise counterexample:                   0.000s
  Extracting infeasible sliced prefixes:               0.000s
  Selecting infeasible sliced prefixes:                0.000s
  Predicate creation:                                  0.001s
  Precision update:                                    0.002s
  ARG update:                                          0.059s

Length of refined path (in blocks):                      22 (count: 1, min: 22, max: 22, avg: 22.00)
Number of affected states:                               21 (count: 1, min: 21, max: 21, avg: 21.00)
Length (states) of path with itp 'true':                  0 (count: 1, min: 0, max: 0, avg: 0.00)
Length (states) of path with itp non-trivial itp:        21 (count: 1, min: 21, max: 21, avg: 21.00)
Length (states) of path with itp 'false':                 1 (count: 1, min: 1, max: 1, avg: 1.00)
Different non-trivial interpolants along paths:           0 (count: 1, min: 0, max: 0, avg: 0.00)
Equal non-trivial interpolants along paths:              20 (count: 1, min: 20, max: 20, avg: 20.00)
Different precisions along paths:                         0 (count: 0, min: 0, max: 0, avg: 0.00)
Equal precisions along paths:                             0 (count: 0, min: 0, max: 0, avg: 0.00)
Number of refs with location-based cutoff:                0

CEGAR algorithm statistics
--------------------------
Number of refinements:                1
Number of successful refinements:     1
Number of failed refinements:         0
Max. size of reached set before ref.: 12070
Max. size of reached set after ref.:  641
Avg. size of reached set before ref.: 12070.00
Avg. size of reached set after ref.:  641.00

Total time for CEGAR algorithm:      12.866s
CPU time for CEGAR algorithm:        25.620s
Time for refinements:                 0.186s
CPU time for refinements:             0.380s
Average time for refinement:          0.186s
Max time for refinement:              0.186s
First time for refinement:             6.340s
Last time for refinement:              8.506s
Average time for analysis:          6.340s
Number of analysis:                2

Code Coverage
-----------------------------
  Visited lines:          3768
  Total lines:            10
  Line coverage:          376.800

CPAchecker general statistics
-----------------------------
Number of program locations:     1778
Number of CFA edges:             2084
Number of relevant variables:    192
Number of functions:             45
Number of loops:                 6
Size of reached set:             31617
  Number of reached locations:   1576 (89%)
    Avg states per location:     20
    Max states per location:     829 (at node N235)
  Number of reached functions:   32 (71%)
  Number of partitions:          30218
    Avg size of partitions:      1
    Max size of partitions:      8 (with key [N240 (entry of function cp210x_get_config in /work/ldvuser/novikov/work/current--X--drivers/usb/serial/cp210x.ko--X--defaultlinux--X--32_7a--X--cpachecker/linux/csd_deg_dscv/11/dscv_tempdir/dscv/ri/32_7a/drivers/usb/serial/cp210x.c.prepared, lines 239-317), 58540770, Init])
  Number of target states:       0

Time for analysis setup:                   9.318s
  Time for cfa diff:                   4.985s
  Time for loading CPAs:                   0.415s
  Time for impacted traverse:              0.007s
  Time for loading parser:        0.037s
  Time for CFA construction:      1.448s
    Time for parsing file(s):     0.455s
    Time for AST to CFA:          0.557s
    Time for CFA sanity check:    0.000s
    Time for post-processing:     0.303s
      Time for var class.:        0.000s
Time for normal Analysis:                        12.866s
CPU time for analysis:                    29.520s
CPU time for impacted:                     0.000s
CPU time for normal analysis:             25.630s
CPU time for init:                         3.900s

Time for Garbage Collector:       0.480s (in 13 runs)
Garbage Collector(s) used:    PS MarkSweep, PS Scavenge
Used heap memory:                776MB (   740 MiB) max;    209MB (   199 MiB) avg;    861MB (   821 MiB) peak
Used non-heap memory:             43MB (    41 MiB) max;     34MB (    33 MiB) avg;     44MB (    42 MiB) peak
Used in PS Old Gen pool:          49MB (    47 MiB) max;     22MB (    21 MiB) avg;     49MB (    47 MiB) peak
Allocated heap memory:          1157MB (  1104 MiB) max;    495MB (   472 MiB) avg
Allocated non-heap memory:        45MB (    42 MiB) max;     36MB (    34 MiB) avg
Total process virtual memory:  13309MB ( 12693 MiB) max;  13298MB ( 12682 MiB) avg

Verification result: TRUE. No property violation found by chosen configuration.
More details about the verification run can be found in the directory "/home/yqs17/blazer/cpachecker-inc-pred/output-us-precise-cfa/32_7a.usb--serial--cp210x.ko.set/008.0601e11.32_7a.cil_safe.i".
