scripts/cpa.sh -heap 10000M -predicateAnalysis-ABElfb-debug -setprop cpa.impacted.eliminate=true -disable-java-assertions -outputpath /home/yqs17/blazer/cpachecker-inc-pred/output-us-precise-cfa/32_7a.target--loopback--tcm_loop.ko.set/003.1078da1.32_7a.cil_safe.i -isIncPred -spec /home/yqs17/blazer/cpachecker-inc-pred/LDVErrorLabel.spc -stats -setprop cpa.impacted.pre_invariants.file=/home/yqs17/blazer/cpachecker-inc-pred/output-us-precise-cfa/32_7a.target--loopback--tcm_loop.ko.set/000.3703b2c.32_7a.cil_safe.i/impacted-invariants.txt -setprop analysis.prev.program=/home/yqs17/blazer/cpachecker-inc-pred/programs/drivers--target--loopback--tcm_loop.ko/000.3703b2c.32_7a.cil_safe.i -entryfunction ldv_main0_sequence_infinite_withcheck_stateful /home/yqs17/blazer/cpachecker-inc-pred/programs/drivers--target--loopback--tcm_loop.ko/003.1078da1.32_7a.cil_safe.i


--------------------------------------------------------------------------------


Running CPAchecker with Java heap of size 10000M.
Running CPAchecker with the following extra VM options:  -Djava.io.tmpdir=/tmp/BenchExec_run_u3fribzu/tmp
Number of modified edges: 71
Begin analysis 
Read invariant objects done
PredicateCPA statistics
-----------------------
Read Precision Time:                0.000s
Precision file size:                28270
Write Precision Time:               0.005s
Number of abstractions:            135 (6% of all post computations)
  Times abstraction was reused:    0
  Because of function entry/exit:  195 (144%)
  Because of loop head:            18 (13%)
  Because of join nodes:           0 (0%)
  Because of threshold:            0 (0%)
  Times precision was empty:       0 (0%)
  Times precision was {false}:     0 (0%)
  Times result was cached:         48 (24%)
  Times cartesian abs was used:    0 (0%)
  Times boolean abs was used:      149 (76%)
  Times result was 'false':        0 (0%)
Number of strengthen sat checks:   0
Number of coverage checks:         481
  BDD entailment checks:           83
Number of SMT sat checks:          1682
  trivial:                         981
  cached:                          500

Max ABE block size:                       14
Number of predicates discovered:          17
Number of abstraction locations:          0
Max number of predicates per location:    0
Avg number of predicates per location:    0
Total predicates per abstraction:         1661
Max number of predicates per abstraction: 17
Avg number of predicates per abstraction: 11.15
Number of irrelevant predicates:          1308 (79%)
Number of preds handled by boolean abs:   353 (21%)
  Total number of models for allsat:      203
  Max number of models for allsat:        6
  Avg number of models for allsat:        1.36

Number of path formula cache hits:   282 (11%)

Time for post operator:                  1.285s
  Time for path formula creation:        0.518s
    Actual computation:                  0.463s
Time for strengthen operator:            0.011s
Time for prec operator:                  0.683s
  Time for abstraction:                  0.320s (Max:     0.011s, Count: 135)
    Boolean abstraction:                 0.222s
    Solving time:                        0.081s (Max:     0.011s)
    Model enumeration time:              0.029s
    Time for BDD construction:           0.014s (Max:     0.001s)
Time for merge operator:                 0.044s
Time for coverage check:                 0.004s
  Time for BDD entailment checks:        0.003s
Total time for SMT solver (w/o itp):     0.554s

Number of BDD nodes:                               525
Size of BDD node table:                            466043
Size of BDD cache:                                 46619
Size of BDD node cleanup queue:                         293 (count: 9766, min: 0, max: 293, avg: 0.03)
Time for BDD node cleanup:                             0.001s
Time for BDD garbage collection:                       0.000s (in 0 runs)

PrecisionBootstrap statistics
-----------------------------
Init. function predicates:                         0
Init. global predicates:                           0
Init. location predicates:                         0

ImpactedCPA statistics
----------------------
  Number of invariants partial hits:                            0
  Number of invariants hits:                                    62
  Number of invariants trys:                                    78
  Number of invariants bots:                                    23
  Number of invariants not valid:                               7
  Initial reached size:                                         1642
  Input invariants file size:                                   2358
  Max impacted number of variables:                             0
  Number of last version invariants:                            113
  Number of this version invariants:                            108
  CPU time for invariant read:                                      0.400s
  CPU time for invariant write:                                     0.050s
  Time for invariant write:                                         0.031s
  Time for invariant read:                                          0.199s

AutomatonAnalysis (SVCOMP) statistics
-------------------------------------
Number of states:                                  1
Total time for successor computation:                  0.033s
Automaton transfers with branching:                0
Automaton transfer successors:                         2441 (count: 2441, min: 1, max: 1, avg: 1.00) [1 x 2441]

CPA algorithm statistics
------------------------
Number of iterations:            679
Max size of waitlist:            43
Average size of waitlist:        27
Number of computed successors:   761
Max successors for one state:    2
Number of times merged:          183
Number of times stopped:         250
Number of times abs stopped:     67
Number of times nonAbs stopped:  398
Number of coverage check (part): 481
Number of times doAbstraction node:  213
Number of times breaked:         0

Total time for CPA algorithm:         0.735s (Max:     0.735s)
CPU time for CPA algorithm:           1.460s
  Time for choose from waitlist:      0.003s
  Time for precision adjustment:      0.363s
  Time for transfer relation:         0.275s
  Time for merge operator:            0.051s
  Time for stop operator:             0.013s
  Time for adding to reached set:     0.001s

Predicate-Abstraction Refiner statistics
----------------------------------------
  Predicate creation:                                  0.000s
  Precision update:                                    0.000s
  ARG update:                                          0.000s

Length of refined path (in blocks):                       0 (count: 0, min: 0, max: 0, avg: 0.00)
Number of affected states:                                0 (count: 0, min: 0, max: 0, avg: 0.00)
Length (states) of path with itp 'true':                  0 (count: 0, min: 0, max: 0, avg: 0.00)
Length (states) of path with itp non-trivial itp:         0 (count: 0, min: 0, max: 0, avg: 0.00)
Length (states) of path with itp 'false':                 0 (count: 0, min: 0, max: 0, avg: 0.00)
Different non-trivial interpolants along paths:           0 (count: 0, min: 0, max: 0, avg: 0.00)
Equal non-trivial interpolants along paths:               0 (count: 0, min: 0, max: 0, avg: 0.00)
Different precisions along paths:                         0 (count: 0, min: 0, max: 0, avg: 0.00)
Equal precisions along paths:                             0 (count: 0, min: 0, max: 0, avg: 0.00)
Number of refs with location-based cutoff:                0

CEGAR algorithm statistics
--------------------------
Number of refinements:                0
Refinement times:             0
First time for refinement:             0.735s
Last time for refinement:              0.735s
Average time for analysis:          0.735s
Number of analysis:                1

Code Coverage
-----------------------------
  Visited lines:          6416
  Total lines:            4
  Line coverage:          1604.000

CPAchecker general statistics
-----------------------------
Number of program locations:     2690
Number of CFA edges:             2973
Number of relevant variables:    333
Number of functions:             105
Number of loops:                 2
Size of reached set:             2153
  Number of reached locations:   1908 (71%)
    Avg states per location:     1
    Max states per location:     12 (at node N1557)
  Number of reached functions:   48 (46%)
  Number of partitions:          2150
    Avg size of partitions:      1
    Max size of partitions:      3 (with key [N1559 (before /work/ldvuser/novikov/work/current--X--drivers/target/loopback/tcm_loop.ko--X--defaultlinux--X--32_7a--X--cpachecker/linux/csd_deg_dscv/11/dscv_tempdir/dscv/ri/32_7a/drivers/target/loopback/tcm_loop.c.prepared, line 1725), 438511557, Init])
  Number of target states:       0

Time for analysis setup:                   9.382s
  Time for cfa diff:                   4.838s
  Time for loading CPAs:                   0.407s
  Time for impacted traverse:              0.007s
  Time for loading parser:        0.041s
  Time for CFA construction:      1.861s
    Time for parsing file(s):     0.523s
    Time for AST to CFA:          0.730s
    Time for CFA sanity check:    0.000s
    Time for post-processing:     0.402s
      Time for var class.:        0.000s
Time for normal Analysis:                         0.737s
CPU time for analysis:                     5.040s
CPU time for impacted:                     0.000s
CPU time for normal analysis:              1.460s
CPU time for init:                         3.580s

Time for Garbage Collector:       0.225s (in 7 runs)
Garbage Collector(s) used:    PS MarkSweep, PS Scavenge
Used heap memory:                179MB (   171 MiB) max;     87MB (    83 MiB) avg;    212MB (   202 MiB) peak
Used non-heap memory:             37MB (    35 MiB) max;     27MB (    26 MiB) avg;     38MB (    36 MiB) peak
Used in PS Old Gen pool:          27MB (    26 MiB) max;     21MB (    20 MiB) avg;     46MB (    44 MiB) peak
Allocated heap memory:           365MB (   348 MiB) max;    250MB (   239 MiB) avg
Allocated non-heap memory:        38MB (    37 MiB) max;     29MB (    27 MiB) avg
Total process virtual memory:  13308MB ( 12692 MiB) max;  13281MB ( 12666 MiB) avg

Verification result: TRUE. No property violation found by chosen configuration.
More details about the verification run can be found in the directory "/home/yqs17/blazer/cpachecker-inc-pred/output-us-precise-cfa/32_7a.target--loopback--tcm_loop.ko.set/003.1078da1.32_7a.cil_safe.i".
