scripts/cpa.sh -heap 10000M -predicateAnalysis-ABElfb-debug -setprop cpa.impacted.eliminate=true -disable-java-assertions -outputpath /home/yqs17/blazer/cpachecker-inc-pred/output-us-precise-cfa/32_7a.gpu--drm--i915--i915.ko.set/083.f1acec9.32_7a.cil_safe.i -isIncPred -spec /home/yqs17/blazer/cpachecker-inc-pred/LDVErrorLabel.spc -stats -setprop cpa.impacted.pre_invariants.file=/home/yqs17/blazer/cpachecker-inc-pred/output-us-precise-cfa/32_7a.gpu--drm--i915--i915.ko.set/082.3c4fdcf.32_7a.cil_safe.i/impacted-invariants.txt -setprop analysis.prev.program=/home/yqs17/blazer/cpachecker-inc-pred/programs/drivers--gpu--drm--i915--i915.ko/082.3c4fdcf.32_7a.cil_safe.i -entryfunction ldv_main0_sequence_infinite_withcheck_stateful /home/yqs17/blazer/cpachecker-inc-pred/programs/drivers--gpu--drm--i915--i915.ko/083.f1acec9.32_7a.cil_safe.i


--------------------------------------------------------------------------------


Running CPAchecker with Java heap of size 10000M.
Running CPAchecker with the following extra VM options:  -Djava.io.tmpdir=/tmp/BenchExec_run_c1sievic/tmp
Number of modified edges: 4
Begin analysis 
Read invariant objects done
PredicateCPA statistics
-----------------------
Read Precision Time:                0.000s
Precision file size:                0
Write Precision Time:               0.001s
Number of abstractions:            0 (0% of all post computations)
Number of strengthen sat checks:   0
Number of coverage checks:         10
  BDD entailment checks:           0
Number of SMT sat checks:          1750
  trivial:                         778
  cached:                          863

Max ABE block size:                       0
Number of predicates discovered:          2
Number of abstraction locations:          0
Max number of predicates per location:    0
Avg number of predicates per location:    0
Total predicates per abstraction:         6
Max number of predicates per abstraction: 1
Avg number of predicates per abstraction: 1.00
Number of irrelevant predicates:          0 (0%)
Number of preds handled by boolean abs:   6 (100%)
  Total number of models for allsat:      6
  Max number of models for allsat:        1
  Avg number of models for allsat:        1.00

Number of path formula cache hits:   1 (0%)

Time for post operator:                  6.013s
  Time for path formula creation:        0.820s
    Actual computation:                  0.794s
Time for strengthen operator:            0.001s
Time for prec operator:                  0.216s
Time for merge operator:                 0.004s
Time for coverage check:                 0.000s
Total time for SMT solver (w/o itp):     4.386s

Number of BDD nodes:                               202
Size of BDD node table:                            466043
Size of BDD cache:                                 46619
Size of BDD node cleanup queue:                           0 (count: 66960, min: 0, max: 0, avg: 0.00)
Time for BDD node cleanup:                             0.006s
Time for BDD garbage collection:                       0.000s (in 0 runs)

PrecisionBootstrap statistics
-----------------------------
Init. function predicates:                         0
Init. global predicates:                           0
Init. location predicates:                         0

ImpactedCPA statistics
----------------------
  Number of invariants partial hits:                            0
  Number of invariants hits:                                    6
  Number of invariants trys:                                    9
  Number of invariants bots:                                    3
  Number of invariants not valid:                               0
  Initial reached size:                                         1743
  Input invariants file size:                                   3390
  Max impacted number of variables:                             0
  Number of last version invariants:                            481
  Number of this version invariants:                            6
  CPU time for invariant read:                                      1.100s
  CPU time for invariant write:                                     0.100s
  Time for invariant write:                                         0.052s
  Time for invariant read:                                          0.578s

AutomatonAnalysis (SVCOMP) statistics
-------------------------------------
Number of states:                                  1
Total time for successor computation:                  0.010s
Automaton transfers with branching:                0
Automaton transfer successors:                         1750 (count: 1750, min: 1, max: 1, avg: 1.00) [1 x 1750]

CPA algorithm statistics
------------------------
Number of iterations:            2
Max size of waitlist:            1
Average size of waitlist:        1
Number of computed successors:   1
Max successors for one state:    1
Number of times merged:          1
Number of times stopped:         1
Number of times abs stopped:     0
Number of times nonAbs stopped:  10
Number of coverage check (part): 10
Number of times doAbstraction node:  9
Number of times breaked:         0

Total time for CPA algorithm:         0.003s (Max:     0.003s)
CPU time for CPA algorithm:           0.000s
  Time for choose from waitlist:      0.000s
  Time for precision adjustment:      0.000s
  Time for transfer relation:         0.000s
  Time for merge operator:            0.000s
  Time for stop operator:             0.000s
  Time for adding to reached set:     0.000s

Predicate-Abstraction Refiner statistics
----------------------------------------
  Predicate creation:                                  0.000s
  Precision update:                                    0.000s
  ARG update:                                          0.000s

Length of refined path (in blocks):                       0 (count: 0, min: 0, max: 0, avg: 0.00)
Number of affected states:                                0 (count: 0, min: 0, max: 0, avg: 0.00)
Length (states) of path with itp 'true':                  0 (count: 0, min: 0, max: 0, avg: 0.00)
Length (states) of path with itp non-trivial itp:         0 (count: 0, min: 0, max: 0, avg: 0.00)
Length (states) of path with itp 'false':                 0 (count: 0, min: 0, max: 0, avg: 0.00)
Different non-trivial interpolants along paths:           0 (count: 0, min: 0, max: 0, avg: 0.00)
Equal non-trivial interpolants along paths:               0 (count: 0, min: 0, max: 0, avg: 0.00)
Different precisions along paths:                         0 (count: 0, min: 0, max: 0, avg: 0.00)
Equal precisions along paths:                             0 (count: 0, min: 0, max: 0, avg: 0.00)
Number of refs with location-based cutoff:                0

CEGAR algorithm statistics
--------------------------
Number of refinements:                0
Refinement times:             0
First time for refinement:             0.003s
Last time for refinement:              0.003s
Average time for analysis:          0.003s
Number of analysis:                1

Code Coverage
-----------------------------
  Visited lines:          5310
  Total lines:            5
  Line coverage:          1062.000

CPAchecker general statistics
-----------------------------
Number of program locations:     21868
Number of CFA edges:             29773
Number of relevant variables:    4620
Number of functions:             645
Number of loops:                 154
Size of reached set:             1743
  Number of reached locations:   1743 (8%)
    Avg states per location:     1
    Max states per location:     1 (at node N41)
  Number of reached functions:   4 (1%)
  Number of partitions:          1743
    Avg size of partitions:      1
    Max size of partitions:      1
  Number of target states:       0

Time for analysis setup:                  36.242s
  Time for cfa diff:                  24.478s
  Time for loading CPAs:                   0.390s
  Time for impacted traverse:              0.045s
  Time for loading parser:        0.029s
  Time for CFA construction:      4.139s
    Time for parsing file(s):     0.704s
    Time for AST to CFA:          1.545s
    Time for CFA sanity check:    0.001s
    Time for post-processing:     1.527s
      Time for var class.:        0.000s
Time for normal Analysis:                         0.003s
CPU time for analysis:                    12.800s
CPU time for impacted:                     0.000s
CPU time for normal analysis:              0.010s
CPU time for init:                        12.800s

Time for Garbage Collector:       0.795s (in 13 runs)
Garbage Collector(s) used:    PS MarkSweep, PS Scavenge
Used heap memory:               1003MB (   957 MiB) max;    295MB (   281 MiB) avg;   1087MB (  1037 MiB) peak
Used non-heap memory:             38MB (    37 MiB) max;     30MB (    29 MiB) avg;     40MB (    38 MiB) peak
Used in PS Old Gen pool:          74MB (    71 MiB) max;     64MB (    61 MiB) avg;     83MB (    80 MiB) peak
Allocated heap memory:          1506MB (  1437 MiB) max;    730MB (   696 MiB) avg
Allocated non-heap memory:        40MB (    38 MiB) max;     32MB (    31 MiB) avg
Total process virtual memory:  13307MB ( 12691 MiB) max;  13289MB ( 12674 MiB) avg

Verification result: TRUE. No property violation found by chosen configuration.
More details about the verification run can be found in the directory "/home/yqs17/blazer/cpachecker-inc-pred/output-us-precise-cfa/32_7a.gpu--drm--i915--i915.ko.set/083.f1acec9.32_7a.cil_safe.i".
