scripts/cpa.sh -heap 10000M -predicateAnalysis-ABElfb-debug -setprop cpa.impacted.eliminate=true -disable-java-assertions -outputpath /home/yqs17/blazer/cpachecker-inc-pred/output-us-precise-cfa/32_7a.media--dvb--ttpci--budget-patch.ko.set/021.25985ed.32_7a.cil_safe.i -isIncPred -spec /home/yqs17/blazer/cpachecker-inc-pred/LDVErrorLabel.spc -stats -setprop cpa.impacted.pre_invariants.file=/home/yqs17/blazer/cpachecker-inc-pred/output-us-precise-cfa/32_7a.media--dvb--ttpci--budget-patch.ko.set/020.631dd1a.32_7a.cil_safe.i/impacted-invariants.txt -setprop analysis.prev.program=/home/yqs17/blazer/cpachecker-inc-pred/programs/drivers--media--dvb--ttpci--budget-patch.ko/020.631dd1a.32_7a.cil_safe.i -entryfunction ldv_main0_sequence_infinite_withcheck_stateful /home/yqs17/blazer/cpachecker-inc-pred/programs/drivers--media--dvb--ttpci--budget-patch.ko/021.25985ed.32_7a.cil_safe.i


--------------------------------------------------------------------------------


Running CPAchecker with Java heap of size 10000M.
Running CPAchecker with the following extra VM options:  -Djava.io.tmpdir=/tmp/BenchExec_run_qh024k_r/tmp
Number of modified edges: 165
Begin analysis 
Read invariant objects done
ImpactedCPA statistics
----------------------
  Number of invariants partial hits:                            0
  Number of invariants hits:                                    4
  Number of invariants trys:                                    6
  Number of invariants bots:                                    2
  Number of invariants not valid:                               0
  Initial reached size:                                         1102
  Input invariants file size:                                   1252
  Max impacted number of variables:                             1
  Number of last version invariants:                            125
  Number of this version invariants:                            0
  CPU time for invariant read:                                      0.520s
  CPU time for invariant write:                                     0.000s
  Time for invariant write:                                         0.000s
  Time for invariant read:                                          0.282s

AutomatonAnalysis (SVCOMP) statistics
-------------------------------------
Number of states:                                  1
Total time for successor computation:                  0.016s
Automaton transfers with branching:                0
Automaton transfer successors:                         2242 (count: 2242, min: 1, max: 1, avg: 1.00) [1 x 2242]

CPA algorithm statistics
------------------------
Number of iterations:            2234
Max size of waitlist:            5
Average size of waitlist:        1
Number of computed successors:   2242
Max successors for one state:    2
Number of times merged:          0
Number of times stopped:         0
Number of times abs stopped:     84077
Number of times nonAbs stopped:  309390
Number of coverage check (part): 393474
Number of times doAbstraction node:  276651
Number of times breaked:         2

Total time for CPA algorithm:         0.194s (Max:     0.133s)
CPU time for CPA algorithm:         286.580s
  Time for choose from waitlist:      0.005s
  Time for precision adjustment:      0.029s
  Time for transfer relation:         0.093s
  Time for stop operator:             0.006s
  Time for adding to reached set:     0.009s

PredicateCPA statistics
-----------------------
Read Precision Time:                0.000s
Precision file size:                0
Write Precision Time:               0.001s
Number of abstractions:            276645 (12% of all post computations)
  Times abstraction was reused:    0
  Because of function entry/exit:  192543 (70%)
  Because of loop head:            84108 (30%)
  Because of join nodes:           0 (0%)
  Because of threshold:            0 (0%)
  Times precision was empty:       0 (0%)
  Times precision was {false}:     0 (0%)
  Times result was cached:         274565 (99%)
  Times cartesian abs was used:    0 (0%)
  Times boolean abs was used:      2084 (1%)
  Times result was 'false':        4 (0%)
Number of strengthen sat checks:   2
  Times result was 'false':        0 (0%)
Number of coverage checks:         393474
  BDD entailment checks:           84084
Number of SMT sat checks:          1105
  trivial:                         1008
  cached:                          78

Max ABE block size:                       104
Number of predicates discovered:          4
Number of abstraction locations:          0
Max number of predicates per location:    0
Avg number of predicates per location:    0
Total predicates per abstraction:         4181
Max number of predicates per abstraction: 3
Avg number of predicates per abstraction: 2.01
Number of irrelevant predicates:          8 (0%)
Number of preds handled by boolean abs:   4173 (100%)
  Total number of models for allsat:      2081
  Max number of models for allsat:        1
  Avg number of models for allsat:        1.00

Number of path formula cache hits:   1820603 (70%)

Time for post operator:                101.577s
  Time for path formula creation:       97.774s
    Actual computation:                 86.380s
Time for strengthen operator:            1.235s
  Time for satisfiability checks:        0.000s
Time for prec operator:                 51.174s
  Time for abstraction:                 24.720s (Max:     0.555s, Count: 276645)
    Boolean abstraction:                 1.137s
    Solving time:                        0.821s (Max:     0.019s)
    Model enumeration time:              0.025s
    Time for BDD construction:           0.061s (Max:     0.012s)
Time for merge operator:                22.813s
Time for coverage check:                 0.103s
  Time for BDD entailment checks:        0.064s
Total time for SMT solver (w/o itp):     1.034s

Number of BDD nodes:                               207
Size of BDD node table:                            466043
Size of BDD cache:                                 46619
Size of BDD node cleanup queue:                        2089 (count: 223713, min: 0, max: 152, avg: 0.01)
Time for BDD node cleanup:                             0.012s
Time for BDD garbage collection:                       0.000s (in 0 runs)

PrecisionBootstrap statistics
-----------------------------
Init. function predicates:                         0
Init. global predicates:                           0
Init. location predicates:                         0

ImpactedCPA statistics
----------------------
  Number of invariants partial hits:                            0
  Number of invariants hits:                                    4
  Number of invariants trys:                                    6
  Number of invariants bots:                                    2
  Number of invariants not valid:                               0
  Initial reached size:                                         1102
  Input invariants file size:                                   1252
  Max impacted number of variables:                             1
  Number of last version invariants:                            125
  Number of this version invariants:                            125
  CPU time for invariant read:                                      0.520s
  CPU time for invariant write:                                     0.050s
  Time for invariant write:                                         0.023s
  Time for invariant read:                                          0.282s

AutomatonAnalysis (SVCOMP) statistics
-------------------------------------
Number of states:                                  1
Total time for successor computation:                  0.882s
  Time for transition matches:                         0.202s
  Time for transition assertions:                      0.000s
  Time for transition actions:                         0.000s
Automaton transfers with branching:                0
Automaton transfer successors:                      2321923 (count: 2321923, min: 1, max: 1, avg: 1.00) [1 x 2321923]

CPA algorithm statistics
------------------------
Number of iterations:            2081733
Max size of waitlist:            338
Average size of waitlist:        219
Number of computed successors:   2320820
Max successors for one state:    2
Number of times merged:          154695
Number of times stopped:         238772
Number of times abs stopped:     84077
Number of times nonAbs stopped:  309390
Number of coverage check (part): 393474
Number of times doAbstraction node:  276651
Number of times breaked:         2

Total time for CPA algorithm:       199.992s (Max:    80.618s)
CPU time for CPA algorithm:         286.580s
  Time for choose from waitlist:      0.557s
  Time for precision adjustment:     53.016s
  Time for transfer relation:       111.965s
  Time for merge operator:           24.631s
  Time for stop operator:             1.956s
  Time for adding to reached set:     3.294s

Predicate-Abstraction Refiner statistics
----------------------------------------
Avg. length of target path (in blocks):                  23 (count: 2, min: 10, max: 13, avg: 11.50)
Number of infeasible sliced prefixes:                     0 (count: 0, min: 0, max: 0, avg: 0.00)

Time for refinement:                                   4.135s
  Counterexample analysis:                0.056s (Max:     0.046s, Calls: 2)
    Refinement sat check:                 0.005s
    Interpolant computation:              0.000s
  Error path post-processing:                          0.000s
  Path-formulas extraction:                            0.000s
  Building the counterexample trace:                   0.056s
  Extracting precise counterexample:                   0.000s
  Extracting infeasible sliced prefixes:               0.000s
  Selecting infeasible sliced prefixes:                0.000s
  Predicate creation:                                  0.000s
  Precision update:                                    0.002s
  ARG update:                                          4.070s

Length of refined path (in blocks):                      21 (count: 2, min: 9, max: 12, avg: 10.50)
Number of affected states:                               17 (count: 2, min: 7, max: 10, avg: 8.50)
Length (states) of path with itp 'true':                  2 (count: 2, min: 1, max: 1, avg: 1.00)
Length (states) of path with itp non-trivial itp:        17 (count: 2, min: 7, max: 10, avg: 8.50)
Length (states) of path with itp 'false':                 2 (count: 2, min: 1, max: 1, avg: 1.00)
Different non-trivial interpolants along paths:           0 (count: 2, min: 0, max: 0, avg: 0.00)
Equal non-trivial interpolants along paths:              15 (count: 2, min: 6, max: 9, avg: 7.50)
Different precisions along paths:                         0 (count: 0, min: 0, max: 0, avg: 0.00)
Equal precisions along paths:                             0 (count: 0, min: 0, max: 0, avg: 0.00)
Number of refs with location-based cutoff:                0

CEGAR algorithm statistics
--------------------------
Number of refinements:                2
Number of successful refinements:     2
Number of failed refinements:         0
Max. size of reached set before ref.: 942152
Max. size of reached set after ref.:  1090
Avg. size of reached set before ref.: 706891.00
Avg. size of reached set after ref.:  1090.00

Total time for CEGAR algorithm:     204.137s
CPU time for CEGAR algorithm:       291.270s
Time for refinements:                 4.145s
CPU time for refinements:             5.070s
Average time for refinement:          2.072s
Max time for refinement:              2.597s
First time for refinement:            50.347s
Last time for refinement:             44.425s
Average time for analysis:         50.347s
Number of analysis:                3

Code Coverage
-----------------------------
  Visited lines:          6293
  Total lines:            23
  Line coverage:          273.609

CPAchecker general statistics
-----------------------------
Number of program locations:     2262
Number of CFA edges:             2593
Number of relevant variables:    221
Number of functions:             50
Number of loops:                 10
Size of reached set:             671544
  Number of reached locations:   2013 (89%)
    Avg states per location:     333
    Max states per location:     6012 (at node N127)
  Number of reached functions:   26 (52%)
  Number of partitions:          669589
    Avg size of partitions:      1
    Max size of partitions:      21 (with key [N432 (entry of function alps_bsrv2_tuner_set_params in /work/ldvuser/novikov/work/current--X--drivers/media/dvb/ttpci/budget-patch.ko--X--defaultlinux--X--32_7a--X--cpachecker/linux/csd_deg_dscv/11/dscv_tempdir/dscv/ri/32_7a/drivers/media/dvb/ttpci/budget-patch.c.prepared, lines 288-368), 764187639, Init])
  Number of target states:       0
  Size of final wait list        311

Time for analysis setup:                  20.363s
  Time for cfa diff:                  16.888s
  Time for loading CPAs:                   0.460s
  Time for impacted traverse:              0.013s
  Time for loading parser:        0.040s
  Time for CFA construction:      1.635s
    Time for parsing file(s):     0.441s
    Time for AST to CFA:          0.628s
    Time for CFA sanity check:    0.000s
    Time for post-processing:     0.388s
      Time for var class.:        0.000s
Time for normal Analysis:                       204.137s
CPU time for analysis:                   292.620s
CPU time for impacted:                     0.910s
CPU time for normal analysis:              0.000s
CPU time for init:                         1.350s

Time for Garbage Collector:      35.128s (in 58 runs)
Garbage Collector(s) used:    PS MarkSweep, PS Scavenge
Used heap memory:               3889MB (  3708 MiB) max;   1732MB (  1652 MiB) avg;   4771MB (  4550 MiB) peak
Used non-heap memory:             45MB (    43 MiB) max;     41MB (    39 MiB) avg;     45MB (    43 MiB) peak
Used in PS Old Gen pool:         971MB (   926 MiB) max;    458MB (   437 MiB) avg;   1017MB (   970 MiB) peak
Allocated heap memory:          4296MB (  4097 MiB) max;   3128MB (  2983 MiB) avg
Allocated non-heap memory:        47MB (    45 MiB) max;     44MB (    42 MiB) avg
Total process virtual memory:  13310MB ( 12693 MiB) max;  13306MB ( 12689 MiB) avg

Verification result: UNKNOWN, incomplete analysis.
More details about the verification run can be found in the directory "/home/yqs17/blazer/cpachecker-inc-pred/output-us-precise-cfa/32_7a.media--dvb--ttpci--budget-patch.ko.set/021.25985ed.32_7a.cil_safe.i".
