scripts/cpa.sh -heap 10000M -predicateAnalysis-ABElfb-debug -setprop cpa.impacted.eliminate=true -disable-java-assertions -outputpath /home/yqs17/blazer/cpachecker-inc-pred/output-us-precise-cfa/43_1a.video--arkfb.ko.set/004.20e061f.43_1a.cil_safe.i -isIncPred -spec /home/yqs17/blazer/cpachecker-inc-pred/LDVErrorLabel.spc -stats -setprop cpa.impacted.pre_invariants.file=/home/yqs17/blazer/cpachecker-inc-pred/output-us-precise-cfa/43_1a.video--arkfb.ko.set/003.1abf917.43_1a.cil_safe.i/impacted-invariants.txt -setprop analysis.prev.program=/home/yqs17/blazer/cpachecker-inc-pred/programs/drivers--video--arkfb.ko/003.1abf917.43_1a.cil_safe.i -entryfunction ldv_main0_sequence_infinite_withcheck_stateful /home/yqs17/blazer/cpachecker-inc-pred/programs/drivers--video--arkfb.ko/004.20e061f.43_1a.cil_safe.i


--------------------------------------------------------------------------------


Running CPAchecker with Java heap of size 10000M.
Running CPAchecker with the following extra VM options:  -Djava.io.tmpdir=/tmp/BenchExec_run_7xkqvgjh/tmp
Number of modified edges: 3
Begin analysis 
Read invariant objects done
Error: /work/ldvuser/novikov/work/current--X--drivers/video/arkfb.ko--X--defaultlinux--X--43_1a--X--cpachecker/linux/csd_deg_dscv/11/dscv_tempdir/dscv/ri/43_1a/drivers/video/arkfb.c.prepared, line 369: Unrecognized C code (Impossible structure assignment due to incompatible types: assignment of UnaliasedLocation{variable=dac_set_mode::mode} with type signed int to UnaliasedLocation{variable=ark_pci_suspend::state} with type struct pm_message): tmp = ark_pci_suspend(info, mode); (line was originally pointer call(ark_pci_suspend) tmp = (*((info->dacops)->dac_set_mode))(info, mode);) (AssignmentHandler.makeDestructiveAssignment, SEVERE)

ImpactedCPA statistics
----------------------
  Number of invariants partial hits:                            0
  Number of invariants hits:                                    34
  Number of invariants trys:                                    60
  Number of invariants bots:                                    27
  Number of invariants not valid:                               1
  Initial reached size:                                         1054
  Input invariants file size:                                   1286
  Max impacted number of variables:                             3
  Number of last version invariants:                            129
  Number of this version invariants:                            0
  CPU time for invariant read:                                      0.550s
  CPU time for invariant write:                                     0.000s
  Time for invariant write:                                         0.000s
  Time for invariant read:                                          0.290s

AutomatonAnalysis (SVCOMP) statistics
-------------------------------------
Number of states:                                  1
Total time for successor computation:                  0.070s
Automaton transfers with branching:                0
Automaton transfer successors:                        13670 (count: 13670, min: 1, max: 1, avg: 1.00) [1 x 13670]

CPA algorithm statistics
------------------------
Number of iterations:            12902
Max size of waitlist:            50
Average size of waitlist:        29
Number of computed successors:   13670
Max successors for one state:    2
Number of times merged:          0
Number of times stopped:         587
Number of times abs stopped:     133
Number of times nonAbs stopped:  278
Number of coverage check (part): 411
Number of times doAbstraction node:  1533
Number of times breaked:         4

Total time for CPA algorithm:         0.748s (Max:     0.347s)
CPU time for CPA algorithm:           4.560s
  Time for choose from waitlist:      0.021s
  Time for precision adjustment:      0.053s
  Time for transfer relation:         0.395s
  Time for merge operator:            0.009s
  Time for stop operator:             0.060s
  Time for adding to reached set:     0.033s

PredicateCPA statistics
-----------------------
Read Precision Time:                0.000s
Precision file size:                0
Write Precision Time:               0.001s
Number of abstractions:            1473 (28% of all post computations)
  Times abstraction was reused:    0
  Because of function entry/exit:  1519 (103%)
  Because of loop head:            14 (1%)
  Because of join nodes:           0 (0%)
  Because of threshold:            0 (0%)
  Times precision was empty:       0 (0%)
  Times precision was {false}:     1 (0%)
  Times result was cached:         1105 (73%)
  Times cartesian abs was used:    0 (0%)
  Times boolean abs was used:      401 (27%)
  Times result was 'false':        1 (0%)
Number of strengthen sat checks:   0
Number of coverage checks:         411
  BDD entailment checks:           133
Number of SMT sat checks:          1094
  trivial:                         575
  cached:                          341

Max ABE block size:                       21
Number of predicates discovered:          2
Number of abstraction locations:          0
Max number of predicates per location:    0
Avg number of predicates per location:    0
Total predicates per abstraction:         770
Max number of predicates per abstraction: 2
Avg number of predicates per abstraction: 1.92
Number of irrelevant predicates:          48 (6%)
Number of preds handled by boolean abs:   722 (94%)
  Total number of models for allsat:      400
  Max number of models for allsat:        1
  Avg number of models for allsat:        1.00

Number of path formula cache hits:   1742 (29%)

Time for post operator:                  2.190s
  Time for path formula creation:        1.061s
    Actual computation:                  1.045s
Time for strengthen operator:            0.014s
Time for prec operator:                  0.820s
  Time for abstraction:                  0.533s (Max:     0.027s, Count: 1473)
    Boolean abstraction:                 0.256s
    Solving time:                        0.103s (Max:     0.022s)
    Model enumeration time:              0.010s
    Time for BDD construction:           0.071s (Max:     0.035s)
Time for merge operator:                 0.077s
Time for coverage check:                 0.000s
  Time for BDD entailment checks:        0.000s
Total time for SMT solver (w/o itp):     0.981s

Number of BDD nodes:                               203
Size of BDD node table:                            466043
Size of BDD cache:                                 46619
Size of BDD node cleanup queue:                         405 (count: 11129, min: 0, max: 359, avg: 0.04)
Time for BDD node cleanup:                             0.002s
Time for BDD garbage collection:                       0.000s (in 0 runs)

PrecisionBootstrap statistics
-----------------------------
Init. function predicates:                         0
Init. global predicates:                           0
Init. location predicates:                         0

ImpactedCPA statistics
----------------------
  Number of invariants partial hits:                            0
  Number of invariants hits:                                    34
  Number of invariants trys:                                    60
  Number of invariants bots:                                    27
  Number of invariants not valid:                               1
  Initial reached size:                                         1054
  Input invariants file size:                                   1286
  Max impacted number of variables:                             3
  Number of last version invariants:                            129
  Number of this version invariants:                            129
  CPU time for invariant read:                                      0.550s
  CPU time for invariant write:                                     0.070s
  Time for invariant write:                                         0.036s
  Time for invariant read:                                          0.290s

AutomatonAnalysis (SVCOMP) statistics
-------------------------------------
Number of states:                                  1
Total time for successor computation:                  0.024s
Automaton transfers with branching:                0
Automaton transfer successors:                         5342 (count: 5342, min: 1, max: 1, avg: 1.00) [1 x 5342]

CPA algorithm statistics
------------------------
Number of iterations:            4063
Max size of waitlist:            53
Average size of waitlist:        29
Number of computed successors:   4250
Max successors for one state:    2
Number of times merged:          127
Number of times stopped:         260
Number of times abs stopped:     133
Number of times nonAbs stopped:  278
Number of coverage check (part): 411
Number of times doAbstraction node:  1533
Number of times breaked:         0

Total time for CPA algorithm:         1.548s (Max:     1.548s)
CPU time for CPA algorithm:           4.560s
  Time for choose from waitlist:      0.011s
  Time for precision adjustment:      0.676s
  Time for transfer relation:         0.658s
  Time for merge operator:            0.061s
  Time for stop operator:             0.033s
  Time for adding to reached set:     0.026s

Predicate-Abstraction Refiner statistics
----------------------------------------
  Predicate creation:                                  0.000s
  Precision update:                                    0.000s
  ARG update:                                          0.000s

Length of refined path (in blocks):                       0 (count: 0, min: 0, max: 0, avg: 0.00)
Number of affected states:                                0 (count: 0, min: 0, max: 0, avg: 0.00)
Length (states) of path with itp 'true':                  0 (count: 0, min: 0, max: 0, avg: 0.00)
Length (states) of path with itp non-trivial itp:         0 (count: 0, min: 0, max: 0, avg: 0.00)
Length (states) of path with itp 'false':                 0 (count: 0, min: 0, max: 0, avg: 0.00)
Different non-trivial interpolants along paths:           0 (count: 0, min: 0, max: 0, avg: 0.00)
Equal non-trivial interpolants along paths:               0 (count: 0, min: 0, max: 0, avg: 0.00)
Different precisions along paths:                         0 (count: 0, min: 0, max: 0, avg: 0.00)
Equal precisions along paths:                             0 (count: 0, min: 0, max: 0, avg: 0.00)
Number of refs with location-based cutoff:                0

CEGAR algorithm statistics
--------------------------
Number of refinements:                0
Refinement times:             0
First time for refinement:             0.848s
Last time for refinement:              1.697s
Average time for analysis:          0.848s
Number of analysis:                1

Code Coverage
-----------------------------
  Visited lines:          3710
  Total lines:            5
  Line coverage:          742.000

CPAchecker general statistics
-----------------------------
Number of program locations:     2011
Number of CFA edges:             2420
Number of relevant variables:    365
Number of functions:             79
Number of loops:                 11
Size of reached set:             5043
  Number of reached locations:   1370 (68%)
    Avg states per location:     3
    Max states per location:     76 (at node N136)
  Number of reached functions:   47 (59%)
  Number of partitions:          5032
    Avg size of partitions:      1
    Max size of partitions:      2 (with key [N182 (entry of function svga_wcrt_mask in include/linux/svga.h, lines 88-100), 130509263, Init])
  Number of target states:       0
  Size of final wait list        37

Time for analysis setup:                   8.415s
  Time for cfa diff:                   3.218s
  Time for loading CPAs:                   0.429s
  Time for impacted traverse:              0.013s
  Time for loading parser:        0.032s
  Time for CFA construction:      1.531s
    Time for parsing file(s):     0.422s
    Time for AST to CFA:          0.533s
    Time for CFA sanity check:    0.000s
    Time for post-processing:     0.406s
      Time for var class.:        0.000s
Time for normal Analysis:                         1.548s
CPU time for analysis:                     7.030s
CPU time for impacted:                     1.920s
CPU time for normal analysis:              0.000s
CPU time for init:                         3.950s

Time for Garbage Collector:       0.256s (in 8 runs)
Garbage Collector(s) used:    PS MarkSweep, PS Scavenge
Used heap memory:                271MB (   258 MiB) max;     81MB (    77 MiB) avg;    294MB (   280 MiB) peak
Used non-heap memory:             37MB (    35 MiB) max;     28MB (    27 MiB) avg;     38MB (    36 MiB) peak
Used in PS Old Gen pool:          22MB (    21 MiB) max;     15MB (    14 MiB) avg;     35MB (    34 MiB) peak
Allocated heap memory:           419MB (   400 MiB) max;    238MB (   227 MiB) avg
Allocated non-heap memory:        38MB (    36 MiB) max;     30MB (    29 MiB) avg
Total process virtual memory:  13308MB ( 12692 MiB) max;  13287MB ( 12671 MiB) avg

Verification result: UNKNOWN, incomplete analysis.
More details about the verification run can be found in the directory "/home/yqs17/blazer/cpachecker-inc-pred/output-us-precise-cfa/43_1a.video--arkfb.ko.set/004.20e061f.43_1a.cil_safe.i".
