scripts/cpa.sh -heap 10000M -predicateAnalysis-ABElfb-debug -setprop cpa.impacted.eliminate=true -disable-java-assertions -outputpath /home/yqs17/blazer/cpachecker-inc-pred/output-us-precise-cfa/08_1a.usb--serial--mos7840.ko.set/020.0ba4034.08_1a.cil_safe.i -isIncPred -spec /home/yqs17/blazer/cpachecker-inc-pred/LDVErrorLabel.spc -stats -setprop cpa.impacted.pre_invariants.file=/home/yqs17/blazer/cpachecker-inc-pred/output-us-precise-cfa/08_1a.usb--serial--mos7840.ko.set/019.e298449.08_1a.cil_safe.i/impacted-invariants.txt -setprop analysis.prev.program=/home/yqs17/blazer/cpachecker-inc-pred/programs/drivers--usb--serial--mos7840.ko/019.e298449.08_1a.cil_safe.i -entryfunction ldv_main0_sequence_infinite_withcheck_stateful /home/yqs17/blazer/cpachecker-inc-pred/programs/drivers--usb--serial--mos7840.ko/020.0ba4034.08_1a.cil_safe.i


--------------------------------------------------------------------------------


Running CPAchecker with Java heap of size 10000M.
Running CPAchecker with the following extra VM options:  -Djava.io.tmpdir=/tmp/BenchExec_run_g3jhxdm0/tmp
Number of modified edges: 1
Begin analysis 
Read invariant objects done
PredicateCPA statistics
-----------------------
Read Precision Time:                0.000s
Precision file size:                0
Write Precision Time:               0.002s
Number of abstractions:            718 (9% of all post computations)
  Times abstraction was reused:    0
  Because of function entry/exit:  743 (103%)
  Because of loop head:            72 (10%)
  Because of join nodes:           0 (0%)
  Because of threshold:            0 (0%)
  Times precision was empty:       0 (0%)
  Times precision was {false}:     0 (0%)
  Times result was cached:         106 (14%)
  Times cartesian abs was used:    0 (0%)
  Times boolean abs was used:      676 (86%)
  Times result was 'false':        1 (0%)
Number of strengthen sat checks:   0
Number of coverage checks:         2653
  BDD entailment checks:           167
Number of SMT sat checks:          1569
  trivial:                         500
  cached:                          639

Max ABE block size:                       39
Number of predicates discovered:          4
Number of abstraction locations:          0
Max number of predicates per location:    0
Avg number of predicates per location:    0
Total predicates per abstraction:         2586
Max number of predicates per abstraction: 4
Avg number of predicates per abstraction: 3.83
Number of irrelevant predicates:          204 (8%)
Number of preds handled by boolean abs:   2382 (92%)
  Total number of models for allsat:      2068
  Max number of models for allsat:        5
  Avg number of models for allsat:        3.06

Number of path formula cache hits:   748 (9%)

Time for post operator:                  2.359s
  Time for path formula creation:        1.150s
    Actual computation:                  1.085s
Time for strengthen operator:            0.032s
Time for prec operator:                  1.531s
  Time for abstraction:                  1.227s (Max:     0.046s, Count: 718)
    Boolean abstraction:                 0.643s
    Solving time:                        0.138s (Max:     0.008s)
    Model enumeration time:              0.181s
    Time for BDD construction:           0.039s (Max:     0.007s)
Time for merge operator:                 0.290s
Time for coverage check:                 0.000s
  Time for BDD entailment checks:        0.000s
Total time for SMT solver (w/o itp):     1.043s

Number of BDD nodes:                               242
Size of BDD node table:                            466043
Size of BDD cache:                                 46619
Size of BDD node cleanup queue:                         634 (count: 15945, min: 0, max: 279, avg: 0.04)
Time for BDD node cleanup:                             0.009s
Time for BDD garbage collection:                       0.000s (in 0 runs)

PrecisionBootstrap statistics
-----------------------------
Init. function predicates:                         0
Init. global predicates:                           0
Init. location predicates:                         0

ImpactedCPA statistics
----------------------
  Number of invariants partial hits:                            0
  Number of invariants hits:                                    64
  Number of invariants trys:                                    97
  Number of invariants bots:                                    33
  Number of invariants not valid:                               0
  Initial reached size:                                         1452
  Input invariants file size:                                   4834
  Max impacted number of variables:                             0
  Number of last version invariants:                            240
  Number of this version invariants:                            241
  CPU time for invariant read:                                      0.930s
  CPU time for invariant write:                                     0.120s
  Time for invariant write:                                         0.063s
  Time for invariant read:                                          0.488s

AutomatonAnalysis (SVCOMP) statistics
-------------------------------------
Number of states:                                  1
Total time for successor computation:                  0.030s
Automaton transfers with branching:                0
Automaton transfer successors:                         8398 (count: 8398, min: 1, max: 1, avg: 1.00) [1 x 8398]

CPA algorithm statistics
------------------------
Number of iterations:            5997
Max size of waitlist:            115
Average size of waitlist:        80
Number of computed successors:   6834
Max successors for one state:    2
Number of times merged:          1163
Number of times stopped:         1330
Number of times abs stopped:     167
Number of times nonAbs stopped:  2486
Number of coverage check (part): 2653
Number of times doAbstraction node:  815
Number of times breaked:         0

Total time for CPA algorithm:         3.057s (Max:     3.057s)
CPU time for CPA algorithm:           6.100s
  Time for choose from waitlist:      0.019s
  Time for precision adjustment:      1.317s
  Time for transfer relation:         1.181s
  Time for merge operator:            0.310s
  Time for stop operator:             0.028s
  Time for adding to reached set:     0.045s

Predicate-Abstraction Refiner statistics
----------------------------------------
  Predicate creation:                                  0.000s
  Precision update:                                    0.000s
  ARG update:                                          0.000s

Length of refined path (in blocks):                       0 (count: 0, min: 0, max: 0, avg: 0.00)
Number of affected states:                                0 (count: 0, min: 0, max: 0, avg: 0.00)
Length (states) of path with itp 'true':                  0 (count: 0, min: 0, max: 0, avg: 0.00)
Length (states) of path with itp non-trivial itp:         0 (count: 0, min: 0, max: 0, avg: 0.00)
Length (states) of path with itp 'false':                 0 (count: 0, min: 0, max: 0, avg: 0.00)
Different non-trivial interpolants along paths:           0 (count: 0, min: 0, max: 0, avg: 0.00)
Equal non-trivial interpolants along paths:               0 (count: 0, min: 0, max: 0, avg: 0.00)
Different precisions along paths:                         0 (count: 0, min: 0, max: 0, avg: 0.00)
Equal precisions along paths:                             0 (count: 0, min: 0, max: 0, avg: 0.00)
Number of refs with location-based cutoff:                0

CEGAR algorithm statistics
--------------------------
Number of refinements:                0
Refinement times:             0
First time for refinement:             3.058s
Last time for refinement:              3.058s
Average time for analysis:          3.058s
Number of analysis:                1

Code Coverage
-----------------------------
  Visited lines:          4829
  Total lines:            10
  Line coverage:          482.900

CPAchecker general statistics
-----------------------------
Number of program locations:     3634
Number of CFA edges:             4435
Number of relevant variables:    546
Number of functions:             68
Number of loops:                 16
Size of reached set:             6955
  Number of reached locations:   3385 (93%)
    Avg states per location:     2
    Max states per location:     74 (at node N117)
  Number of reached functions:   58 (85%)
  Number of partitions:          6941
    Avg size of partitions:      1
    Max size of partitions:      2 (with key [N38 (entry of function kmalloc in include/linux/slub_def.h, lines 197-207), -1525486437, Init])
  Number of target states:       0

Time for analysis setup:                  13.879s
  Time for cfa diff:                   9.104s
  Time for loading CPAs:                   0.382s
  Time for impacted traverse:              0.017s
  Time for loading parser:        0.039s
  Time for CFA construction:      1.804s
    Time for parsing file(s):     0.483s
    Time for AST to CFA:          0.651s
    Time for CFA sanity check:    0.000s
    Time for post-processing:     0.454s
      Time for var class.:        0.000s
Time for normal Analysis:                         3.059s
CPU time for analysis:                     9.810s
CPU time for impacted:                     0.000s
CPU time for normal analysis:              6.100s
CPU time for init:                         3.710s

Time for Garbage Collector:       0.317s (in 9 runs)
Garbage Collector(s) used:    PS MarkSweep, PS Scavenge
Used heap memory:                315MB (   300 MiB) max;     86MB (    82 MiB) avg;    350MB (   333 MiB) peak
Used non-heap memory:             38MB (    37 MiB) max;     29MB (    27 MiB) avg;     39MB (    37 MiB) peak
Used in PS Old Gen pool:          29MB (    28 MiB) max;     21MB (    20 MiB) avg;     43MB (    41 MiB) peak
Allocated heap memory:           576MB (   550 MiB) max;    286MB (   273 MiB) avg
Allocated non-heap memory:        40MB (    38 MiB) max;     30MB (    29 MiB) avg
Total process virtual memory:  13307MB ( 12691 MiB) max;  13291MB ( 12675 MiB) avg

Verification result: TRUE. No property violation found by chosen configuration.
More details about the verification run can be found in the directory "/home/yqs17/blazer/cpachecker-inc-pred/output-us-precise-cfa/08_1a.usb--serial--mos7840.ko.set/020.0ba4034.08_1a.cil_safe.i".
