scripts/cpa.sh -heap 10000M -predicateAnalysis-ABElfb-debug -setprop cpa.impacted.eliminate=true -disable-java-assertions -outputpath /home/yqs17/blazer/cpachecker-inc-pred/output-us-precise-cfa/08_1a.media--dvb--ttpci--budget-patch.ko.set/020.631dd1a.08_1a.cil_safe.i -isIncPred -spec /home/yqs17/blazer/cpachecker-inc-pred/LDVErrorLabel.spc -stats -setprop cpa.impacted.pre_invariants.file=/home/yqs17/blazer/cpachecker-inc-pred/output-us-precise-cfa/08_1a.media--dvb--ttpci--budget-patch.ko.set/019.af901ca.08_1a.cil_safe.i/impacted-invariants.txt -setprop analysis.prev.program=/home/yqs17/blazer/cpachecker-inc-pred/programs/drivers--media--dvb--ttpci--budget-patch.ko/019.af901ca.08_1a.cil_safe.i -entryfunction ldv_main0_sequence_infinite_withcheck_stateful /home/yqs17/blazer/cpachecker-inc-pred/programs/drivers--media--dvb--ttpci--budget-patch.ko/020.631dd1a.08_1a.cil_safe.i


--------------------------------------------------------------------------------


Running CPAchecker with Java heap of size 10000M.
Running CPAchecker with the following extra VM options:  -Djava.io.tmpdir=/tmp/BenchExec_run_hrnnjvob/tmp
Number of modified edges: 154
Begin analysis 
Read invariant objects done
PredicateCPA statistics
-----------------------
Read Precision Time:                0.000s
Precision file size:                660
Write Precision Time:               0.002s
Number of abstractions:            62529 (12% of all post computations)
  Times abstraction was reused:    0
  Because of function entry/exit:  43527 (70%)
  Because of loop head:            19018 (30%)
  Because of join nodes:           0 (0%)
  Because of threshold:            0 (0%)
  Times precision was empty:       0 (0%)
  Times precision was {false}:     0 (0%)
  Times result was cached:         61400 (98%)
  Times cartesian abs was used:    0 (0%)
  Times boolean abs was used:      1141 (2%)
  Times result was 'false':        0 (0%)
Number of strengthen sat checks:   0
Number of coverage checks:         88985
  BDD entailment checks:           19015
Number of SMT sat checks:          1104
  trivial:                         917
  cached:                          148

Max ABE block size:                       104
Number of predicates discovered:          1
Number of abstraction locations:          0
Max number of predicates per location:    0
Avg number of predicates per location:    0
Total predicates per abstraction:         1141
Max number of predicates per abstraction: 1
Avg number of predicates per abstraction: 1.00
Number of irrelevant predicates:          0 (0%)
Number of preds handled by boolean abs:   1141 (100%)
  Total number of models for allsat:      1141
  Max number of models for allsat:        1
  Avg number of models for allsat:        1.00

Number of path formula cache hits:   233743 (42%)

Time for post operator:                 48.970s
  Time for path formula creation:       47.575s
    Actual computation:                 43.331s
Time for strengthen operator:            0.339s
Time for prec operator:                 11.279s
  Time for abstraction:                  7.523s (Max:     0.094s, Count: 62529)
    Boolean abstraction:                 0.803s
    Solving time:                        0.612s (Max:     0.015s)
    Model enumeration time:              0.019s
    Time for BDD construction:           0.031s (Max:     0.011s)
Time for merge operator:                 9.884s
Time for coverage check:                 0.036s
  Time for BDD entailment checks:        0.016s
Total time for SMT solver (w/o itp):     0.833s

Number of BDD nodes:                               202
Size of BDD node table:                            466043
Size of BDD cache:                                 46619
Size of BDD node cleanup queue:                        1000 (count: 117644, min: 0, max: 158, avg: 0.01)
Time for BDD node cleanup:                             0.010s
Time for BDD garbage collection:                       0.000s (in 0 runs)

PrecisionBootstrap statistics
-----------------------------
Init. function predicates:                         0
Init. global predicates:                           0
Init. location predicates:                         0

ImpactedCPA statistics
----------------------
  Number of invariants partial hits:                            0
  Number of invariants hits:                                    12
  Number of invariants trys:                                    16
  Number of invariants bots:                                    4
  Number of invariants not valid:                               0
  Initial reached size:                                         1099
  Input invariants file size:                                   1426
  Max impacted number of variables:                             0
  Number of last version invariants:                            125
  Number of this version invariants:                            125
  CPU time for invariant read:                                      0.250s
  CPU time for invariant write:                                     0.050s
  Time for invariant write:                                         0.023s
  Time for invariant read:                                          0.134s

AutomatonAnalysis (SVCOMP) statistics
-------------------------------------
Number of states:                                  1
Total time for successor computation:                  0.207s
Automaton transfers with branching:                0
Automaton transfer successors:                       525546 (count: 525546, min: 1, max: 1, avg: 1.00) [1 x 525546]

CPA algorithm statistics
------------------------
Number of iterations:            470456
Max size of waitlist:            336
Average size of waitlist:        223
Number of computed successors:   524443
Max successors for one state:    2
Number of times merged:          34984
Number of times stopped:         53999
Number of times abs stopped:     19015
Number of times nonAbs stopped:  69970
Number of coverage check (part): 88985
Number of times doAbstraction node:  62545
Number of times breaked:         0

Total time for CPA algorithm:        77.389s (Max:    77.389s)
CPU time for CPA algorithm:         120.670s
  Time for choose from waitlist:      0.215s
  Time for precision adjustment:     11.869s
  Time for transfer relation:        51.576s
  Time for merge operator:           10.616s
  Time for stop operator:             0.584s
  Time for adding to reached set:     0.943s

Predicate-Abstraction Refiner statistics
----------------------------------------
  Predicate creation:                                  0.000s
  Precision update:                                    0.000s
  ARG update:                                          0.000s

Length of refined path (in blocks):                       0 (count: 0, min: 0, max: 0, avg: 0.00)
Number of affected states:                                0 (count: 0, min: 0, max: 0, avg: 0.00)
Length (states) of path with itp 'true':                  0 (count: 0, min: 0, max: 0, avg: 0.00)
Length (states) of path with itp non-trivial itp:         0 (count: 0, min: 0, max: 0, avg: 0.00)
Length (states) of path with itp 'false':                 0 (count: 0, min: 0, max: 0, avg: 0.00)
Different non-trivial interpolants along paths:           0 (count: 0, min: 0, max: 0, avg: 0.00)
Equal non-trivial interpolants along paths:               0 (count: 0, min: 0, max: 0, avg: 0.00)
Different precisions along paths:                         0 (count: 0, min: 0, max: 0, avg: 0.00)
Equal precisions along paths:                             0 (count: 0, min: 0, max: 0, avg: 0.00)
Number of refs with location-based cutoff:                0

CEGAR algorithm statistics
--------------------------
Number of refinements:                0
Refinement times:             0
First time for refinement:            77.389s
Last time for refinement:             77.389s
Average time for analysis:         77.389s
Number of analysis:                1

Code Coverage
-----------------------------
  Visited lines:          5877
  Total lines:            4
  Line coverage:          1469.250

CPAchecker general statistics
-----------------------------
Number of program locations:     2193
Number of CFA edges:             2538
Number of relevant variables:    241
Number of functions:             43
Number of loops:                 12
Size of reached set:             471543
  Number of reached locations:   1936 (88%)
    Avg states per location:     243
    Max states per location:     4224 (at node N346)
  Number of reached functions:   26 (60%)
  Number of partitions:          470133
    Avg size of partitions:      1
    Max size of partitions:      21 (with key [N651 (entry of function alps_bsrv2_tuner_set_params in /work/ldvuser/novikov/work/current--X--drivers/media/dvb/ttpci/budget-patch.ko--X--defaultlinux--X--08_1a--X--cpachecker/linux/csd_deg_dscv/11/dscv_tempdir/dscv/ri/08_1a/drivers/media/dvb/ttpci/budget-patch.c.prepared, lines 272-352), 1562005363, Init])
  Number of target states:       0

Time for analysis setup:                  18.560s
  Time for cfa diff:                  15.152s
  Time for loading CPAs:                   0.407s
  Time for impacted traverse:              0.007s
  Time for loading parser:        0.030s
  Time for CFA construction:      1.741s
    Time for parsing file(s):     0.476s
    Time for AST to CFA:          0.628s
    Time for CFA sanity check:    0.000s
    Time for post-processing:     0.451s
      Time for var class.:        0.000s
Time for normal Analysis:                        77.389s
CPU time for analysis:                   122.500s
CPU time for impacted:                     0.000s
CPU time for normal analysis:            120.670s
CPU time for init:                         1.830s

Time for Garbage Collector:       9.983s (in 31 runs)
Garbage Collector(s) used:    PS MarkSweep, PS Scavenge
Used heap memory:               3797MB (  3621 MiB) max;   1021MB (   974 MiB) avg;   3870MB (  3690 MiB) peak
Used non-heap memory:             44MB (    42 MiB) max;     38MB (    37 MiB) avg;     45MB (    43 MiB) peak
Used in PS Old Gen pool:         494MB (   471 MiB) max;    181MB (   173 MiB) avg;    494MB (   471 MiB) peak
Allocated heap memory:          4039MB (  3852 MiB) max;   1994MB (  1901 MiB) avg
Allocated non-heap memory:        46MB (    44 MiB) max;     41MB (    39 MiB) avg
Total process virtual memory:  13310MB ( 12694 MiB) max;  13304MB ( 12687 MiB) avg

Verification result: TRUE. No property violation found by chosen configuration.
More details about the verification run can be found in the directory "/home/yqs17/blazer/cpachecker-inc-pred/output-us-precise-cfa/08_1a.media--dvb--ttpci--budget-patch.ko.set/020.631dd1a.08_1a.cil_safe.i".
