scripts/cpa.sh -heap 10000M -predicateAnalysis-ABElfb-debug -setprop cpa.impacted.eliminate=true -disable-java-assertions -outputpath /home/yqs17/blazer/cpachecker-inc-pred/output-us-precise-cfa/08_1a.usb--serial--ssu100.ko.set/017.90ab5ee.08_1a.cil_safe.i -isIncPred -spec /home/yqs17/blazer/cpachecker-inc-pred/LDVErrorLabel.spc -stats -setprop cpa.impacted.pre_invariants.file=/home/yqs17/blazer/cpachecker-inc-pred/output-us-precise-cfa/08_1a.usb--serial--ssu100.ko.set/016.00a0d0d.08_1a.cil_safe.i/impacted-invariants.txt -setprop analysis.prev.program=/home/yqs17/blazer/cpachecker-inc-pred/programs/drivers--usb--serial--ssu100.ko/016.00a0d0d.08_1a.cil_safe.i -entryfunction ldv_main0_sequence_infinite_withcheck_stateful /home/yqs17/blazer/cpachecker-inc-pred/programs/drivers--usb--serial--ssu100.ko/017.90ab5ee.08_1a.cil_safe.i


--------------------------------------------------------------------------------


Running CPAchecker with Java heap of size 10000M.
Running CPAchecker with the following extra VM options:  -Djava.io.tmpdir=/tmp/BenchExec_run_xftumjgk/tmp
Number of modified edges: 156
Begin analysis 
Read invariant objects done
ImpactedCPA statistics
----------------------
  Number of invariants partial hits:                            0
  Number of invariants hits:                                    4
  Number of invariants trys:                                    5
  Number of invariants bots:                                    1
  Number of invariants not valid:                               0
  Initial reached size:                                         733
  Input invariants file size:                                   1177
  Max impacted number of variables:                             2
  Number of last version invariants:                            44
  Number of this version invariants:                            0
  CPU time for invariant read:                                      0.470s
  CPU time for invariant write:                                     0.000s
  Time for invariant write:                                         0.000s
  Time for invariant read:                                          0.250s

AutomatonAnalysis (SVCOMP) statistics
-------------------------------------
Number of states:                                  1
Total time for successor computation:                  0.022s
Automaton transfers with branching:                0
Automaton transfer successors:                         2989 (count: 2989, min: 1, max: 1, avg: 1.00) [1 x 2989]

CPA algorithm statistics
------------------------
Number of iterations:            2960
Max size of waitlist:            6
Average size of waitlist:        1
Number of computed successors:   2989
Max successors for one state:    2
Number of times merged:          0
Number of times stopped:         15
Number of times abs stopped:     0
Number of times nonAbs stopped:  8
Number of coverage check (part): 8
Number of times doAbstraction node:  5
Number of times breaked:         4

Total time for CPA algorithm:         0.250s (Max:     0.111s)
CPU time for CPA algorithm:           0.490s
  Time for choose from waitlist:      0.010s
  Time for precision adjustment:      0.026s
  Time for transfer relation:         0.124s
  Time for merge operator:            0.001s
  Time for stop operator:             0.018s
  Time for adding to reached set:     0.011s

PredicateCPA statistics
-----------------------
Read Precision Time:                0.000s
Precision file size:                16793
Write Precision Time:               0.004s
Number of abstractions:            0 (0% of all post computations)
Number of strengthen sat checks:   0
Number of coverage checks:         8
  BDD entailment checks:           0
Number of SMT sat checks:          737
  trivial:                         596
  cached:                          116

Max ABE block size:                       0
Number of predicates discovered:          6
Number of abstraction locations:          0
Max number of predicates per location:    0
Avg number of predicates per location:    0
Total predicates per abstraction:         10
Max number of predicates per abstraction: 6
Avg number of predicates per abstraction: 2.50
Number of irrelevant predicates:          0 (0%)
Number of preds handled by boolean abs:   10 (100%)
  Total number of models for allsat:      4
  Max number of models for allsat:        1
  Avg number of models for allsat:        1.00

Number of path formula cache hits:   1 (0%)

Time for post operator:                  0.345s
  Time for path formula creation:        0.174s
    Actual computation:                  0.163s
Time for strengthen operator:            0.003s
Time for prec operator:                  0.051s
Time for merge operator:                 0.007s
Time for coverage check:                 0.000s
Total time for SMT solver (w/o itp):     0.108s

Number of BDD nodes:                               223
Size of BDD node table:                            466043
Size of BDD cache:                                 46619
Size of BDD node cleanup queue:                           0 (count: 5236, min: 0, max: 0, avg: 0.00)
Time for BDD node cleanup:                             0.001s
Time for BDD garbage collection:                       0.000s (in 0 runs)

PrecisionBootstrap statistics
-----------------------------
Init. function predicates:                         0
Init. global predicates:                           0
Init. location predicates:                         0

ImpactedCPA statistics
----------------------
  Number of invariants partial hits:                            0
  Number of invariants hits:                                    4
  Number of invariants trys:                                    5
  Number of invariants bots:                                    1
  Number of invariants not valid:                               0
  Initial reached size:                                         733
  Input invariants file size:                                   1177
  Max impacted number of variables:                             2
  Number of last version invariants:                            44
  Number of this version invariants:                            4
  CPU time for invariant read:                                      0.470s
  CPU time for invariant write:                                     0.040s
  Time for invariant write:                                         0.021s
  Time for invariant read:                                          0.250s

AutomatonAnalysis (SVCOMP) statistics
-------------------------------------
Number of states:                                  1
Total time for successor computation:                  0.003s
Automaton transfers with branching:                0
Automaton transfer successors:                          737 (count: 737, min: 1, max: 1, avg: 1.00) [1 x 737]

CPA algorithm statistics
------------------------
Number of iterations:            2
Max size of waitlist:            1
Average size of waitlist:        1
Number of computed successors:   1
Max successors for one state:    1
Number of times merged:          1
Number of times stopped:         1
Number of times abs stopped:     0
Number of times nonAbs stopped:  8
Number of coverage check (part): 8
Number of times doAbstraction node:  5
Number of times breaked:         0

Total time for CPA algorithm:         0.001s (Max:     0.001s)
CPU time for CPA algorithm:           0.490s
  Time for choose from waitlist:      0.000s
  Time for precision adjustment:      0.000s
  Time for transfer relation:         0.000s
  Time for merge operator:            0.001s
  Time for stop operator:             0.000s
  Time for adding to reached set:     0.000s

Predicate-Abstraction Refiner statistics
----------------------------------------
  Predicate creation:                                  0.000s
  Precision update:                                    0.000s
  ARG update:                                          0.000s

Length of refined path (in blocks):                       0 (count: 0, min: 0, max: 0, avg: 0.00)
Number of affected states:                                0 (count: 0, min: 0, max: 0, avg: 0.00)
Length (states) of path with itp 'true':                  0 (count: 0, min: 0, max: 0, avg: 0.00)
Length (states) of path with itp non-trivial itp:         0 (count: 0, min: 0, max: 0, avg: 0.00)
Length (states) of path with itp 'false':                 0 (count: 0, min: 0, max: 0, avg: 0.00)
Different non-trivial interpolants along paths:           0 (count: 0, min: 0, max: 0, avg: 0.00)
Equal non-trivial interpolants along paths:               0 (count: 0, min: 0, max: 0, avg: 0.00)
Different precisions along paths:                         0 (count: 0, min: 0, max: 0, avg: 0.00)
Equal precisions along paths:                             0 (count: 0, min: 0, max: 0, avg: 0.00)
Number of refs with location-based cutoff:                0

CEGAR algorithm statistics
--------------------------
Number of refinements:                0
Refinement times:             0
First time for refinement:             0.001s
Last time for refinement:              0.001s
Average time for analysis:          0.001s
Number of analysis:                1

Code Coverage
-----------------------------
  Visited lines:          3259
  Total lines:            10
  Line coverage:          325.900

CPAchecker general statistics
-----------------------------
Number of program locations:     1693
Number of CFA edges:             1964
Number of relevant variables:    234
Number of functions:             48
Number of loops:                 4
Size of reached set:             733
  Number of reached locations:   733 (43%)
    Avg states per location:     1
    Max states per location:     1 (at node N931)
  Number of reached functions:   3 (6%)
  Number of partitions:          733
    Avg size of partitions:      1
    Max size of partitions:      1
  Number of target states:       0

Time for analysis setup:                  10.933s
  Time for cfa diff:                   7.862s
  Time for loading CPAs:                   0.464s
  Time for impacted traverse:              0.011s
  Time for loading parser:        0.034s
  Time for CFA construction:      1.417s
    Time for parsing file(s):     0.439s
    Time for AST to CFA:          0.517s
    Time for CFA sanity check:    0.000s
    Time for post-processing:     0.301s
      Time for var class.:        0.000s
Time for normal Analysis:                         0.001s
CPU time for analysis:                     0.960s
CPU time for impacted:                     1.000s
CPU time for normal analysis:              0.010s
CPU time for init:                         0.960s

Time for Garbage Collector:       0.181s (in 6 runs)
Garbage Collector(s) used:    PS MarkSweep, PS Scavenge
Used heap memory:                 91MB (    87 MiB) max;     49MB (    47 MiB) avg;    117MB (   111 MiB) peak
Used non-heap memory:             34MB (    32 MiB) max;     25MB (    24 MiB) avg;     35MB (    33 MiB) peak
Used in PS Old Gen pool:          23MB (    22 MiB) max;     12MB (    11 MiB) avg;     31MB (    29 MiB) peak
Allocated heap memory:           270MB (   258 MiB) max;    191MB (   182 MiB) avg
Allocated non-heap memory:        36MB (    34 MiB) max;     26MB (    25 MiB) avg
Total process virtual memory:  13307MB ( 12691 MiB) max;  13287MB ( 12671 MiB) avg

Verification result: TRUE. No property violation found by chosen configuration.
More details about the verification run can be found in the directory "/home/yqs17/blazer/cpachecker-inc-pred/output-us-precise-cfa/08_1a.usb--serial--ssu100.ko.set/017.90ab5ee.08_1a.cil_safe.i".
