scripts/cpa.sh -heap 10000M -predicateAnalysis-ABElfb-debug -setprop cpa.impacted.eliminate=true -disable-java-assertions -outputpath /home/yqs17/blazer/cpachecker-inc-pred/output-us-precise-cfa/32_1.video--arkfb.ko.set/007.7a8fc9b.32_1.cil_safe.i -isIncPred -spec /home/yqs17/blazer/cpachecker-inc-pred/LDVErrorLabel.spc -stats -setprop cpa.impacted.pre_invariants.file=/home/yqs17/blazer/cpachecker-inc-pred/output-us-precise-cfa/32_1.video--arkfb.ko.set/006.594a881.32_1.cil_safe.i/impacted-invariants.txt -setprop analysis.prev.program=/home/yqs17/blazer/cpachecker-inc-pred/programs/drivers--video--arkfb.ko/006.594a881.32_1.cil_safe.i -entryfunction ldv_main0_sequence_infinite_withcheck_stateful /home/yqs17/blazer/cpachecker-inc-pred/programs/drivers--video--arkfb.ko/007.7a8fc9b.32_1.cil_safe.i


--------------------------------------------------------------------------------


Running CPAchecker with Java heap of size 10000M.
Running CPAchecker with the following extra VM options:  -Djava.io.tmpdir=/tmp/BenchExec_run_s4k__wve/tmp
Number of modified edges: 17
Begin analysis 
Read invariant objects done
Error: /work/ldvuser/novikov/work/current--X--drivers/video/arkfb.ko--X--defaultlinux--X--32_1--X--cpachecker/linux/csd_deg_dscv/11/dscv_tempdir/dscv/ri/32_1/drivers/video/arkfb.c, line 354: Unrecognized C code (Impossible structure assignment due to incompatible types: assignment of UnaliasedLocation{variable=dac_set_mode::mode} with type signed int to UnaliasedLocation{variable=ark_pci_suspend::state} with type struct pm_message): tmp = ark_pci_suspend(info, mode); (line was originally pointer call(ark_pci_suspend) tmp = (*((info->dacops)->dac_set_mode))(info, mode);) (AssignmentHandler.makeDestructiveAssignment, SEVERE)

ImpactedCPA statistics
----------------------
  Number of invariants partial hits:                            0
  Number of invariants hits:                                    55
  Number of invariants trys:                                    89
  Number of invariants bots:                                    34
  Number of invariants not valid:                               0
  Initial reached size:                                         1154
  Input invariants file size:                                   1246
  Max impacted number of variables:                             2
  Number of last version invariants:                            125
  Number of this version invariants:                            0
  CPU time for invariant read:                                      0.520s
  CPU time for invariant write:                                     0.000s
  Time for invariant write:                                         0.000s
  Time for invariant read:                                          0.274s

AutomatonAnalysis (SVCOMP) statistics
-------------------------------------
Number of states:                                  1
Total time for successor computation:                  0.024s
Automaton transfers with branching:                0
Automaton transfer successors:                         2373 (count: 2373, min: 1, max: 1, avg: 1.00) [1 x 2373]

CPA algorithm statistics
------------------------
Number of iterations:            2361
Max size of waitlist:            4
Average size of waitlist:        1
Number of computed successors:   2373
Max successors for one state:    2
Number of times merged:          0
Number of times stopped:         3
Number of times abs stopped:     105
Number of times nonAbs stopped:  142
Number of coverage check (part): 247
Number of times doAbstraction node:  1219
Number of times breaked:         3

Total time for CPA algorithm:         0.207s (Max:     0.102s)
CPU time for CPA algorithm:           2.780s
  Time for choose from waitlist:      0.008s
  Time for precision adjustment:      0.023s
  Time for transfer relation:         0.107s
  Time for merge operator:            0.001s
  Time for stop operator:             0.010s
  Time for adding to reached set:     0.008s

PredicateCPA statistics
-----------------------
Read Precision Time:                0.000s
Precision file size:                811
Write Precision Time:               0.002s
Number of abstractions:            1130 (25% of all post computations)
  Times abstraction was reused:    0
  Because of function entry/exit:  1217 (108%)
  Because of loop head:            2 (0%)
  Because of join nodes:           0 (0%)
  Because of threshold:            0 (0%)
  Times precision was empty:       0 (0%)
  Times precision was {false}:     0 (0%)
  Times result was cached:         856 (72%)
  Times cartesian abs was used:    0 (0%)
  Times boolean abs was used:      329 (28%)
  Times result was 'false':        0 (0%)
Number of strengthen sat checks:   0
Number of coverage checks:         247
  BDD entailment checks:           105
Number of SMT sat checks:          1200
  trivial:                         683
  cached:                          337

Max ABE block size:                       26
Number of predicates discovered:          2
Number of abstraction locations:          0
Max number of predicates per location:    0
Avg number of predicates per location:    0
Total predicates per abstraction:         614
Max number of predicates per abstraction: 2
Avg number of predicates per abstraction: 1.87
Number of irrelevant predicates:          285 (46%)
Number of preds handled by boolean abs:   329 (54%)
  Total number of models for allsat:      329
  Max number of models for allsat:        1
  Avg number of models for allsat:        1.00

Number of path formula cache hits:   1635 (32%)

Time for post operator:                  2.041s
  Time for path formula creation:        0.857s
    Actual computation:                  0.882s
Time for strengthen operator:            0.011s
Time for prec operator:                  0.646s
  Time for abstraction:                  0.379s (Max:     0.016s, Count: 1130)
    Boolean abstraction:                 0.141s
    Solving time:                        0.067s (Max:     0.016s)
    Model enumeration time:              0.010s
    Time for BDD construction:           0.022s (Max:     0.009s)
Time for merge operator:                 0.027s
Time for coverage check:                 0.001s
  Time for BDD entailment checks:        0.001s
Total time for SMT solver (w/o itp):     0.859s

Number of BDD nodes:                               202
Size of BDD node table:                            466043
Size of BDD cache:                                 46619
Size of BDD node cleanup queue:                          45 (count: 10442, min: 0, max: 45, avg: 0.00)
Time for BDD node cleanup:                             0.003s
Time for BDD garbage collection:                       0.000s (in 0 runs)

PrecisionBootstrap statistics
-----------------------------
Init. function predicates:                         0
Init. global predicates:                           0
Init. location predicates:                         0

ImpactedCPA statistics
----------------------
  Number of invariants partial hits:                            0
  Number of invariants hits:                                    55
  Number of invariants trys:                                    89
  Number of invariants bots:                                    34
  Number of invariants not valid:                               0
  Initial reached size:                                         1154
  Input invariants file size:                                   1246
  Max impacted number of variables:                             2
  Number of last version invariants:                            125
  Number of this version invariants:                            125
  CPU time for invariant read:                                      0.520s
  CPU time for invariant write:                                     0.050s
  Time for invariant write:                                         0.024s
  Time for invariant read:                                          0.274s

AutomatonAnalysis (SVCOMP) statistics
-------------------------------------
Number of states:                                  1
Total time for successor computation:                  0.030s
Automaton transfers with branching:                0
Automaton transfer successors:                         4515 (count: 4515, min: 1, max: 1, avg: 1.00) [1 x 4515]

CPA algorithm statistics
------------------------
Number of iterations:            3171
Max size of waitlist:            50
Average size of waitlist:        27
Number of computed successors:   3315
Max successors for one state:    2
Number of times merged:          59
Number of times stopped:         163
Number of times abs stopped:     105
Number of times nonAbs stopped:  142
Number of coverage check (part): 247
Number of times doAbstraction node:  1219
Number of times breaked:         0

Total time for CPA algorithm:         1.193s (Max:     1.193s)
CPU time for CPA algorithm:           2.780s
  Time for choose from waitlist:      0.016s
  Time for precision adjustment:      0.482s
  Time for transfer relation:         0.552s
  Time for merge operator:            0.032s
  Time for stop operator:             0.017s
  Time for adding to reached set:     0.026s

Predicate-Abstraction Refiner statistics
----------------------------------------
  Predicate creation:                                  0.000s
  Precision update:                                    0.000s
  ARG update:                                          0.000s

Length of refined path (in blocks):                       0 (count: 0, min: 0, max: 0, avg: 0.00)
Number of affected states:                                0 (count: 0, min: 0, max: 0, avg: 0.00)
Length (states) of path with itp 'true':                  0 (count: 0, min: 0, max: 0, avg: 0.00)
Length (states) of path with itp non-trivial itp:         0 (count: 0, min: 0, max: 0, avg: 0.00)
Length (states) of path with itp 'false':                 0 (count: 0, min: 0, max: 0, avg: 0.00)
Different non-trivial interpolants along paths:           0 (count: 0, min: 0, max: 0, avg: 0.00)
Equal non-trivial interpolants along paths:               0 (count: 0, min: 0, max: 0, avg: 0.00)
Different precisions along paths:                         0 (count: 0, min: 0, max: 0, avg: 0.00)
Equal precisions along paths:                             0 (count: 0, min: 0, max: 0, avg: 0.00)
Number of refs with location-based cutoff:                0

CEGAR algorithm statistics
--------------------------
Number of refinements:                0
Refinement times:             0
First time for refinement:             0.671s
Last time for refinement:              1.342s
Average time for analysis:          0.671s
Number of analysis:                1

Code Coverage
-----------------------------
  Visited lines:          3806
  Total lines:            32
  Line coverage:          118.938

CPAchecker general statistics
-----------------------------
Number of program locations:     2055
Number of CFA edges:             2507
Number of relevant variables:    334
Number of functions:             81
Number of loops:                 11
Size of reached set:             4306
  Number of reached locations:   1367 (67%)
    Avg states per location:     3
    Max states per location:     54 (at node N155)
  Number of reached functions:   45 (56%)
  Number of partitions:          4289
    Avg size of partitions:      1
    Max size of partitions:      4 (with key [N459 (entry of function dac_release in /work/ldvuser/novikov/work/current--X--drivers/video/arkfb.ko--X--defaultlinux--X--32_1--X--cpachecker/linux/csd_deg_dscv/11/dscv_tempdir/dscv/ri/32_1/drivers/video/arkfb.c, lines 362-372), -1280634525, Init])
  Number of target states:       0
  Size of final wait list        36

Time for analysis setup:                   8.263s
  Time for cfa diff:                   3.481s
  Time for loading CPAs:                   0.456s
  Time for impacted traverse:              0.013s
  Time for loading parser:        0.039s
  Time for CFA construction:      1.681s
    Time for parsing file(s):     0.447s
    Time for AST to CFA:          0.627s
    Time for CFA sanity check:    0.000s
    Time for post-processing:     0.407s
      Time for var class.:        0.000s
Time for normal Analysis:                         1.193s
CPU time for analysis:                     6.250s
CPU time for impacted:                     0.910s
CPU time for normal analysis:              0.000s
CPU time for init:                         3.870s

Time for Garbage Collector:       0.200s (in 7 runs)
Garbage Collector(s) used:    PS MarkSweep, PS Scavenge
Used heap memory:                210MB (   200 MiB) max;     78MB (    75 MiB) avg;    250MB (   239 MiB) peak
Used non-heap memory:             37MB (    35 MiB) max;     28MB (    27 MiB) avg;     38MB (    37 MiB) peak
Used in PS Old Gen pool:          22MB (    21 MiB) max;     14MB (    14 MiB) avg;     32MB (    31 MiB) peak
Allocated heap memory:           353MB (   337 MiB) max;    228MB (   218 MiB) avg
Allocated non-heap memory:        39MB (    37 MiB) max;     29MB (    28 MiB) avg
Total process virtual memory:  13309MB ( 12692 MiB) max;  13284MB ( 12668 MiB) avg

Verification result: UNKNOWN, incomplete analysis.
More details about the verification run can be found in the directory "/home/yqs17/blazer/cpachecker-inc-pred/output-us-precise-cfa/32_1.video--arkfb.ko.set/007.7a8fc9b.32_1.cil_safe.i".
