scripts/cpa.sh -heap 10000M -predicateAnalysis-ABElfb-debug -setprop cpa.impacted.eliminate=true -disable-java-assertions -outputpath /home/yqs17/blazer/cpachecker-inc-pred/output-us-precise-cfa/08_1a.usb--serial--metro-usb.ko.set/013.7045778.08_1a.cil_safe.i -isIncPred -spec /home/yqs17/blazer/cpachecker-inc-pred/LDVErrorLabel.spc -stats -setprop cpa.impacted.pre_invariants.file=/home/yqs17/blazer/cpachecker-inc-pred/output-us-precise-cfa/08_1a.usb--serial--metro-usb.ko.set/012.28a4b6a.08_1a.cil_safe.i/impacted-invariants.txt -setprop analysis.prev.program=/home/yqs17/blazer/cpachecker-inc-pred/programs/drivers--usb--serial--metro-usb.ko/012.28a4b6a.08_1a.cil_safe.i -entryfunction ldv_main0_sequence_infinite_withcheck_stateful /home/yqs17/blazer/cpachecker-inc-pred/programs/drivers--usb--serial--metro-usb.ko/013.7045778.08_1a.cil_safe.i


--------------------------------------------------------------------------------


Running CPAchecker with Java heap of size 10000M.
Running CPAchecker with the following extra VM options:  -Djava.io.tmpdir=/tmp/BenchExec_run_vbtjvs6g/tmp
Number of modified edges: 29
Begin analysis 
Read invariant objects done
ImpactedCPA statistics
----------------------
  Number of invariants partial hits:                            0
  Number of invariants hits:                                    22
  Number of invariants trys:                                    32
  Number of invariants bots:                                    11
  Number of invariants not valid:                               1
  Initial reached size:                                         901
  Input invariants file size:                                   2242
  Max impacted number of variables:                             0
  Number of last version invariants:                            89
  Number of this version invariants:                            0
  CPU time for invariant read:                                      0.400s
  CPU time for invariant write:                                     0.000s
  Time for invariant write:                                         0.000s
  Time for invariant read:                                          0.205s

AutomatonAnalysis (SVCOMP) statistics
-------------------------------------
Number of states:                                  1
Total time for successor computation:                  0.013s
Automaton transfers with branching:                0
Automaton transfer successors:                          681 (count: 681, min: 1, max: 1, avg: 1.00) [1 x 681]

CPA algorithm statistics
------------------------
Number of iterations:            670
Max size of waitlist:            10
Average size of waitlist:        1
Number of computed successors:   681
Max successors for one state:    2
Number of times merged:          0
Number of times stopped:         2
Number of times abs stopped:     33
Number of times nonAbs stopped:  366
Number of coverage check (part): 399
Number of times doAbstraction node:  208
Number of times breaked:         1

Total time for CPA algorithm:         0.096s (Max:     0.096s)
CPU time for CPA algorithm:           2.190s
  Time for choose from waitlist:      0.005s
  Time for precision adjustment:      0.012s
  Time for transfer relation:         0.061s
  Time for merge operator:            0.001s
  Time for stop operator:             0.004s
  Time for adding to reached set:     0.004s

PredicateCPA statistics
-----------------------
Read Precision Time:                0.000s
Precision file size:                0
Write Precision Time:               0.002s
Number of abstractions:            176 (9% of all post computations)
  Times abstraction was reused:    0
  Because of function entry/exit:  193 (110%)
  Because of loop head:            15 (9%)
  Because of join nodes:           0 (0%)
  Because of threshold:            0 (0%)
  Times precision was empty:       0 (0%)
  Times precision was {false}:     1 (1%)
  Times result was cached:         20 (10%)
  Times cartesian abs was used:    0 (0%)
  Times boolean abs was used:      177 (89%)
  Times result was 'false':        0 (0%)
Number of strengthen sat checks:   0
Number of coverage checks:         399
  BDD entailment checks:           33
Number of SMT sat checks:          921
  trivial:                         611
  cached:                          189

Max ABE block size:                       25
Number of predicates discovered:          6
Number of abstraction locations:          0
Max number of predicates per location:    0
Avg number of predicates per location:    0
Total predicates per abstraction:         736
Max number of predicates per abstraction: 6
Avg number of predicates per abstraction: 4.13
Number of irrelevant predicates:          213 (29%)
Number of preds handled by boolean abs:   523 (71%)
  Total number of models for allsat:      365
  Max number of models for allsat:        4
  Avg number of models for allsat:        2.06

Number of path formula cache hits:   176 (9%)

Time for post operator:                  0.992s
  Time for path formula creation:        0.476s
    Actual computation:                  0.446s
Time for strengthen operator:            0.009s
Time for prec operator:                  0.657s
  Time for abstraction:                  0.508s (Max:     0.015s, Count: 176)
    Boolean abstraction:                 0.312s
    Solving time:                        0.092s (Max:     0.008s)
    Model enumeration time:              0.070s
    Time for BDD construction:           0.019s (Max:     0.001s)
Time for merge operator:                 0.049s
Time for coverage check:                 0.001s
  Time for BDD entailment checks:        0.001s
Total time for SMT solver (w/o itp):     0.507s

Number of BDD nodes:                               265
Size of BDD node table:                            466043
Size of BDD cache:                                 46619
Size of BDD node cleanup queue:                           0 (count: 5758, min: 0, max: 0, avg: 0.00)
Time for BDD node cleanup:                             0.000s
Time for BDD garbage collection:                       0.000s (in 0 runs)

PrecisionBootstrap statistics
-----------------------------
Init. function predicates:                         0
Init. global predicates:                           0
Init. location predicates:                         0

ImpactedCPA statistics
----------------------
  Number of invariants partial hits:                            0
  Number of invariants hits:                                    22
  Number of invariants trys:                                    32
  Number of invariants bots:                                    11
  Number of invariants not valid:                               1
  Initial reached size:                                         901
  Input invariants file size:                                   2242
  Max impacted number of variables:                             0
  Number of last version invariants:                            89
  Number of this version invariants:                            95
  CPU time for invariant read:                                      0.400s
  CPU time for invariant write:                                     0.120s
  Time for invariant write:                                         0.059s
  Time for invariant read:                                          0.205s

AutomatonAnalysis (SVCOMP) statistics
-------------------------------------
Number of states:                                  1
Total time for successor computation:                  0.029s
Automaton transfers with branching:                0
Automaton transfer successors:                         1962 (count: 1962, min: 1, max: 1, avg: 1.00) [1 x 1962]

CPA algorithm statistics
------------------------
Number of iterations:            979
Max size of waitlist:            31
Average size of waitlist:        19
Number of computed successors:   1042
Max successors for one state:    2
Number of times merged:          174
Number of times stopped:         207
Number of times abs stopped:     33
Number of times nonAbs stopped:  366
Number of coverage check (part): 399
Number of times doAbstraction node:  208
Number of times breaked:         0

Total time for CPA algorithm:         1.007s (Max:     1.007s)
CPU time for CPA algorithm:           2.190s
  Time for choose from waitlist:      0.003s
  Time for precision adjustment:      0.528s
  Time for transfer relation:         0.363s
  Time for merge operator:            0.060s
  Time for stop operator:             0.006s
  Time for adding to reached set:     0.015s

Predicate-Abstraction Refiner statistics
----------------------------------------
  Predicate creation:                                  0.000s
  Precision update:                                    0.000s
  ARG update:                                          0.000s

Length of refined path (in blocks):                       0 (count: 0, min: 0, max: 0, avg: 0.00)
Number of affected states:                                0 (count: 0, min: 0, max: 0, avg: 0.00)
Length (states) of path with itp 'true':                  0 (count: 0, min: 0, max: 0, avg: 0.00)
Length (states) of path with itp non-trivial itp:         0 (count: 0, min: 0, max: 0, avg: 0.00)
Length (states) of path with itp 'false':                 0 (count: 0, min: 0, max: 0, avg: 0.00)
Different non-trivial interpolants along paths:           0 (count: 0, min: 0, max: 0, avg: 0.00)
Equal non-trivial interpolants along paths:               0 (count: 0, min: 0, max: 0, avg: 0.00)
Different precisions along paths:                         0 (count: 0, min: 0, max: 0, avg: 0.00)
Equal precisions along paths:                             0 (count: 0, min: 0, max: 0, avg: 0.00)
Number of refs with location-based cutoff:                0

CEGAR algorithm statistics
--------------------------
Number of refinements:                0
Refinement times:             0
First time for refinement:             1.008s
Last time for refinement:              1.008s
Average time for analysis:          1.008s
Number of analysis:                1

Code Coverage
-----------------------------
  Visited lines:          3568
  Total lines:            10
  Line coverage:          356.800

CPAchecker general statistics
-----------------------------
Number of program locations:     1433
Number of CFA edges:             1623
Number of relevant variables:    196
Number of functions:             31
Number of loops:                 3
Size of reached set:             1736
  Number of reached locations:   1383 (97%)
    Avg states per location:     1
    Max states per location:     23 (at node N830)
  Number of reached functions:   24 (77%)
  Number of partitions:          1735
    Avg size of partitions:      1
    Max size of partitions:      2 (with key [N1 (entry of function spinlock_check in include/linux/spinlock.h, lines 272-280), -1489777600, Init])
  Number of target states:       0

Time for analysis setup:                   6.334s
  Time for cfa diff:                   2.859s
  Time for loading CPAs:                   0.422s
  Time for impacted traverse:              0.011s
  Time for loading parser:        0.027s
  Time for CFA construction:      1.338s
    Time for parsing file(s):     0.399s
    Time for AST to CFA:          0.485s
    Time for CFA sanity check:    0.000s
    Time for post-processing:     0.298s
      Time for var class.:        0.000s
Time for normal Analysis:                         1.008s
CPU time for analysis:                     4.360s
CPU time for impacted:                     0.650s
CPU time for normal analysis:              2.010s
CPU time for init:                         2.360s

Time for Garbage Collector:       0.288s (in 6 runs)
Garbage Collector(s) used:    PS MarkSweep, PS Scavenge
Used heap memory:                171MB (   163 MiB) max;     53MB (    51 MiB) avg;    198MB (   189 MiB) peak
Used non-heap memory:             36MB (    34 MiB) max;     26MB (    25 MiB) avg;     37MB (    36 MiB) peak
Used in PS Old Gen pool:          26MB (    25 MiB) max;     13MB (    12 MiB) avg;     32MB (    31 MiB) peak
Allocated heap memory:           274MB (   261 MiB) max;    207MB (   197 MiB) avg
Allocated non-heap memory:        38MB (    36 MiB) max;     27MB (    26 MiB) avg
Total process virtual memory:  13307MB ( 12691 MiB) max;  13282MB ( 12666 MiB) avg

Verification result: TRUE. No property violation found by chosen configuration.
More details about the verification run can be found in the directory "/home/yqs17/blazer/cpachecker-inc-pred/output-us-precise-cfa/08_1a.usb--serial--metro-usb.ko.set/013.7045778.08_1a.cil_safe.i".
