scripts/cpa.sh -heap 10000M -predicateAnalysis-ABElfb-debug -setprop cpa.impacted.eliminate=true -disable-java-assertions -outputpath /home/yqs17/blazer/cpachecker-inc-pred/output-us-precise-cfa/39_7a.rtc--rtc-pcf2123.ko.set/005.6c3fb55.39_7a.cil_safe.i -isIncPred -spec /home/yqs17/blazer/cpachecker-inc-pred/LDVErrorLabel.spc -stats -setprop cpa.impacted.pre_invariants.file=/home/yqs17/blazer/cpachecker-inc-pred/output-us-precise-cfa/39_7a.rtc--rtc-pcf2123.ko.set/004.2113852.39_7a.cil_safe.i/impacted-invariants.txt -setprop analysis.prev.program=/home/yqs17/blazer/cpachecker-inc-pred/programs/drivers--rtc--rtc-pcf2123.ko/004.2113852.39_7a.cil_safe.i -entryfunction ldv_main0_sequence_infinite_withcheck_stateful /home/yqs17/blazer/cpachecker-inc-pred/programs/drivers--rtc--rtc-pcf2123.ko/005.6c3fb55.39_7a.cil_safe.i


--------------------------------------------------------------------------------


Running CPAchecker with Java heap of size 10000M.
Running CPAchecker with the following extra VM options:  -Djava.io.tmpdir=/tmp/BenchExec_run_rqsinyyd/tmp
Number of modified edges: 36
Begin analysis 
Read invariant objects done
PredicateCPA statistics
-----------------------
Read Precision Time:                0.000s
Precision file size:                319
Write Precision Time:               0.002s
Number of abstractions:            113 (9% of all post computations)
  Times abstraction was reused:    0
  Because of function entry/exit:  139 (123%)
  Because of loop head:            17 (15%)
  Because of join nodes:           0 (0%)
  Because of threshold:            0 (0%)
  Times precision was empty:       0 (0%)
  Times precision was {false}:     0 (0%)
  Times result was cached:         46 (31%)
  Times cartesian abs was used:    0 (0%)
  Times boolean abs was used:      101 (69%)
  Times result was 'false':        4 (4%)
Number of strengthen sat checks:   0
Number of coverage checks:         166
  BDD entailment checks:           36
Number of SMT sat checks:          687
  trivial:                         365
  cached:                          217

Max ABE block size:                       20
Number of predicates discovered:          5
Number of abstraction locations:          0
Max number of predicates per location:    0
Avg number of predicates per location:    0
Total predicates per abstraction:         489
Max number of predicates per abstraction: 5
Avg number of predicates per abstraction: 4.84
Number of irrelevant predicates:          64 (13%)
Number of preds handled by boolean abs:   425 (87%)
  Total number of models for allsat:      98
  Max number of models for allsat:        2
  Avg number of models for allsat:        0.97

Number of path formula cache hits:   101 (8%)

Time for post operator:                  0.830s
  Time for path formula creation:        0.387s
    Actual computation:                  0.370s
Time for strengthen operator:            0.010s
Time for prec operator:                  0.501s
  Time for abstraction:                  0.237s (Max:     0.013s, Count: 113)
    Boolean abstraction:                 0.189s
    Solving time:                        0.060s (Max:     0.006s)
    Model enumeration time:              0.002s
    Time for BDD construction:           0.010s (Max:     0.001s)
Time for merge operator:                 0.020s
Time for coverage check:                 0.001s
  Time for BDD entailment checks:        0.000s
Total time for SMT solver (w/o itp):     0.329s

Number of BDD nodes:                               220
Size of BDD node table:                            466043
Size of BDD cache:                                 46619
Size of BDD node cleanup queue:                           0 (count: 4599, min: 0, max: 0, avg: 0.00)
Time for BDD node cleanup:                             0.001s
Time for BDD garbage collection:                       0.000s (in 0 runs)

PrecisionBootstrap statistics
-----------------------------
Init. function predicates:                         0
Init. global predicates:                           0
Init. location predicates:                         0

ImpactedCPA statistics
----------------------
  Number of invariants partial hits:                            0
  Number of invariants hits:                                    34
  Number of invariants trys:                                    43
  Number of invariants bots:                                    10
  Number of invariants not valid:                               1
  Initial reached size:                                         667
  Input invariants file size:                                   2006
  Max impacted number of variables:                             0
  Number of last version invariants:                            60
  Number of this version invariants:                            59
  CPU time for invariant read:                                      0.320s
  CPU time for invariant write:                                     0.060s
  Time for invariant write:                                         0.040s
  Time for invariant read:                                          0.171s

AutomatonAnalysis (SVCOMP) statistics
-------------------------------------
Number of states:                                  1
Total time for successor computation:                  0.011s
Automaton transfers with branching:                0
Automaton transfer successors:                         1232 (count: 1232, min: 1, max: 1, avg: 1.00) [1 x 1232]

CPA algorithm statistics
------------------------
Number of iterations:            524
Max size of waitlist:            21
Average size of waitlist:        14
Number of computed successors:   549
Max successors for one state:    2
Number of times merged:          58
Number of times stopped:         81
Number of times abs stopped:     23
Number of times nonAbs stopped:  130
Number of coverage check (part): 166
Number of times doAbstraction node:  156
Number of times breaked:         0

Total time for CPA algorithm:         0.494s (Max:     0.494s)
CPU time for CPA algorithm:           1.000s
  Time for choose from waitlist:      0.003s
  Time for precision adjustment:      0.258s
  Time for transfer relation:         0.183s
  Time for merge operator:            0.023s
  Time for stop operator:             0.009s
  Time for adding to reached set:     0.001s

Predicate-Abstraction Refiner statistics
----------------------------------------
  Predicate creation:                                  0.000s
  Precision update:                                    0.000s
  ARG update:                                          0.000s

Length of refined path (in blocks):                       0 (count: 0, min: 0, max: 0, avg: 0.00)
Number of affected states:                                0 (count: 0, min: 0, max: 0, avg: 0.00)
Length (states) of path with itp 'true':                  0 (count: 0, min: 0, max: 0, avg: 0.00)
Length (states) of path with itp non-trivial itp:         0 (count: 0, min: 0, max: 0, avg: 0.00)
Length (states) of path with itp 'false':                 0 (count: 0, min: 0, max: 0, avg: 0.00)
Different non-trivial interpolants along paths:           0 (count: 0, min: 0, max: 0, avg: 0.00)
Equal non-trivial interpolants along paths:               0 (count: 0, min: 0, max: 0, avg: 0.00)
Different precisions along paths:                         0 (count: 0, min: 0, max: 0, avg: 0.00)
Equal precisions along paths:                             0 (count: 0, min: 0, max: 0, avg: 0.00)
Number of refs with location-based cutoff:                0

CEGAR algorithm statistics
--------------------------
Number of refinements:                0
Refinement times:             0
First time for refinement:             0.494s
Last time for refinement:              0.494s
Average time for analysis:          0.494s
Number of analysis:                1

Code Coverage
-----------------------------
  Visited lines:          1894
  Total lines:            22
  Line coverage:          86.091

CPAchecker general statistics
-----------------------------
Number of program locations:     1188
Number of CFA edges:             1333
Number of relevant variables:    143
Number of functions:             59
Number of loops:                 4
Size of reached set:             1131
  Number of reached locations:   815 (69%)
    Avg states per location:     1
    Max states per location:     9 (at node N261)
  Number of reached functions:   22 (37%)
  Number of partitions:          1125
    Avg size of partitions:      1
    Max size of partitions:      2 (with key [N455 (before /work/ldvuser/novikov/work/current--X--drivers/rtc/rtc-pcf2123.ko--X--defaultlinux--X--39_7a--X--cpachecker/linux/csd_deg_dscv/11/dscv_tempdir/dscv/ri/39_7a/drivers/rtc/rtc-pcf2123.c.prepared, line 664), 450006089, Init])
  Number of target states:       0

Time for analysis setup:                   5.293s
  Time for cfa diff:                   2.457s
  Time for loading CPAs:                   0.366s
  Time for impacted traverse:              0.005s
  Time for loading parser:        0.028s
  Time for CFA construction:      1.036s
    Time for parsing file(s):     0.339s
    Time for AST to CFA:          0.371s
    Time for CFA sanity check:    0.000s
    Time for post-processing:     0.215s
      Time for var class.:        0.000s
Time for normal Analysis:                         0.494s
CPU time for analysis:                     3.130s
CPU time for impacted:                     0.000s
CPU time for normal analysis:              1.000s
CPU time for init:                         2.130s

Time for Garbage Collector:       0.141s (in 5 runs)
Garbage Collector(s) used:    PS MarkSweep, PS Scavenge
Used heap memory:                134MB (   127 MiB) max;     52MB (    50 MiB) avg;    158MB (   150 MiB) peak
Used non-heap memory:             33MB (    31 MiB) max;     25MB (    24 MiB) avg;     35MB (    33 MiB) peak
Used in PS Old Gen pool:          21MB (    20 MiB) max;      9MB (     8 MiB) avg;     23MB (    22 MiB) peak
Allocated heap memory:           256MB (   245 MiB) max;    198MB (   189 MiB) avg
Allocated non-heap memory:        35MB (    34 MiB) max;     26MB (    25 MiB) avg
Total process virtual memory:  13308MB ( 12692 MiB) max;  13282MB ( 12667 MiB) avg

Verification result: TRUE. No property violation found by chosen configuration.
More details about the verification run can be found in the directory "/home/yqs17/blazer/cpachecker-inc-pred/output-us-precise-cfa/39_7a.rtc--rtc-pcf2123.ko.set/005.6c3fb55.39_7a.cil_safe.i".
