scripts/cpa.sh -heap 10000M -predicateAnalysis-ABElfb-debug -setprop cpa.impacted.eliminate=true -disable-java-assertions -outputpath /home/yqs17/blazer/cpachecker-inc-pred/output-us-precise-cfa/32_7a.net--wireless--wl12xx--wl12xx_sdio.ko.set/001.d75387c.32_7a.cil_safe.i -isIncPred -spec /home/yqs17/blazer/cpachecker-inc-pred/LDVErrorLabel.spc -stats -setprop cpa.impacted.pre_invariants.file=/home/yqs17/blazer/cpachecker-inc-pred/output-us-precise-cfa/32_7a.net--wireless--wl12xx--wl12xx_sdio.ko.set/000.00d2010.32_7a.cil_safe.i/impacted-invariants.txt -setprop analysis.prev.program=/home/yqs17/blazer/cpachecker-inc-pred/programs/drivers--net--wireless--wl12xx--wl12xx_sdio.ko/000.00d2010.32_7a.cil_safe.i -entryfunction ldv_main0_sequence_infinite_withcheck_stateful /home/yqs17/blazer/cpachecker-inc-pred/programs/drivers--net--wireless--wl12xx--wl12xx_sdio.ko/001.d75387c.32_7a.cil_safe.i


--------------------------------------------------------------------------------


Running CPAchecker with Java heap of size 10000M.
Running CPAchecker with the following extra VM options:  -Djava.io.tmpdir=/tmp/BenchExec_run_dn9x341a/tmp
Number of modified edges: 84
Begin analysis 
Read invariant objects done
ImpactedCPA statistics
----------------------
  Number of invariants partial hits:                            0
  Number of invariants hits:                                    50
  Number of invariants trys:                                    69
  Number of invariants bots:                                    19
  Number of invariants not valid:                               0
  Initial reached size:                                         1197
  Input invariants file size:                                   1477
  Max impacted number of variables:                             0
  Number of last version invariants:                            84
  Number of this version invariants:                            0
  CPU time for invariant read:                                      0.420s
  CPU time for invariant write:                                     0.000s
  Time for invariant write:                                         0.000s
  Time for invariant read:                                          0.234s

AutomatonAnalysis (SVCOMP) statistics
-------------------------------------
Number of states:                                  1
Total time for successor computation:                  0.008s
Automaton transfers with branching:                0
Automaton transfer successors:                          936 (count: 936, min: 1, max: 1, avg: 1.00) [1 x 936]

CPA algorithm statistics
------------------------
Number of iterations:            931
Max size of waitlist:            4
Average size of waitlist:        1
Number of computed successors:   936
Max successors for one state:    2
Number of times merged:          0
Number of times stopped:         2
Number of times abs stopped:     28
Number of times nonAbs stopped:  208
Number of coverage check (part): 236
Number of times doAbstraction node:  153
Number of times breaked:         1

Total time for CPA algorithm:         0.119s (Max:     0.119s)
CPU time for CPA algorithm:           1.210s
  Time for choose from waitlist:      0.003s
  Time for precision adjustment:      0.011s
  Time for transfer relation:         0.058s
  Time for merge operator:            0.001s
  Time for stop operator:             0.007s
  Time for adding to reached set:     0.008s

PredicateCPA statistics
-----------------------
Read Precision Time:                0.000s
Precision file size:                11555
Write Precision Time:               0.003s
Number of abstractions:            84 (5% of all post computations)
  Times abstraction was reused:    0
  Because of function entry/exit:  125 (149%)
  Because of loop head:            28 (33%)
  Because of join nodes:           0 (0%)
  Because of threshold:            0 (0%)
  Times precision was empty:       0 (0%)
  Times precision was {false}:     0 (0%)
  Times result was cached:         20 (15%)
  Times cartesian abs was used:    0 (0%)
  Times boolean abs was used:      114 (85%)
  Times result was 'false':        0 (0%)
Number of strengthen sat checks:   0
Number of coverage checks:         236
  BDD entailment checks:           28
Number of SMT sat checks:          1222
  trivial:                         835
  cached:                          287

Max ABE block size:                       12
Number of predicates discovered:          4
Number of abstraction locations:          0
Max number of predicates per location:    0
Avg number of predicates per location:    0
Total predicates per abstraction:         339
Max number of predicates per abstraction: 4
Avg number of predicates per abstraction: 2.97
Number of irrelevant predicates:          111 (33%)
Number of preds handled by boolean abs:   228 (67%)
  Total number of models for allsat:      147
  Max number of models for allsat:        3
  Avg number of models for allsat:        1.29

Number of path formula cache hits:   139 (8%)

Time for post operator:                  0.819s
  Time for path formula creation:        0.386s
    Actual computation:                  0.352s
Time for strengthen operator:            0.008s
Time for prec operator:                  0.548s
  Time for abstraction:                  0.241s (Max:     0.011s, Count: 84)
    Boolean abstraction:                 0.186s
    Solving time:                        0.046s (Max:     0.008s)
    Model enumeration time:              0.025s
    Time for BDD construction:           0.013s (Max:     0.005s)
Time for merge operator:                 0.036s
Time for coverage check:                 0.000s
  Time for BDD entailment checks:        0.000s
Total time for SMT solver (w/o itp):     0.324s

Number of BDD nodes:                               231
Size of BDD node table:                            466043
Size of BDD cache:                                 46619
Size of BDD node cleanup queue:                           0 (count: 5708, min: 0, max: 0, avg: 0.00)
Time for BDD node cleanup:                             0.001s
Time for BDD garbage collection:                       0.000s (in 0 runs)

PrecisionBootstrap statistics
-----------------------------
Init. function predicates:                         0
Init. global predicates:                           0
Init. location predicates:                         0

ImpactedCPA statistics
----------------------
  Number of invariants partial hits:                            0
  Number of invariants hits:                                    50
  Number of invariants trys:                                    69
  Number of invariants bots:                                    19
  Number of invariants not valid:                               0
  Initial reached size:                                         1197
  Input invariants file size:                                   1477
  Max impacted number of variables:                             0
  Number of last version invariants:                            84
  Number of this version invariants:                            89
  CPU time for invariant read:                                      0.420s
  CPU time for invariant write:                                     0.080s
  Time for invariant write:                                         0.041s
  Time for invariant read:                                          0.234s

AutomatonAnalysis (SVCOMP) statistics
-------------------------------------
Number of states:                                  1
Total time for successor computation:                  0.008s
Automaton transfers with branching:                0
Automaton transfer successors:                         1730 (count: 1730, min: 1, max: 1, avg: 1.00) [1 x 1730]

CPA algorithm statistics
------------------------
Number of iterations:            472
Max size of waitlist:            32
Average size of waitlist:        23
Number of computed successors:   509
Max successors for one state:    2
Number of times merged:          98
Number of times stopped:         126
Number of times abs stopped:     28
Number of times nonAbs stopped:  208
Number of coverage check (part): 236
Number of times doAbstraction node:  153
Number of times breaked:         0

Total time for CPA algorithm:         0.491s (Max:     0.491s)
CPU time for CPA algorithm:           1.210s
  Time for choose from waitlist:      0.002s
  Time for precision adjustment:      0.259s
  Time for transfer relation:         0.164s
  Time for merge operator:            0.033s
  Time for stop operator:             0.005s
  Time for adding to reached set:     0.007s

Predicate-Abstraction Refiner statistics
----------------------------------------
  Predicate creation:                                  0.000s
  Precision update:                                    0.000s
  ARG update:                                          0.000s

Length of refined path (in blocks):                       0 (count: 0, min: 0, max: 0, avg: 0.00)
Number of affected states:                                0 (count: 0, min: 0, max: 0, avg: 0.00)
Length (states) of path with itp 'true':                  0 (count: 0, min: 0, max: 0, avg: 0.00)
Length (states) of path with itp non-trivial itp:         0 (count: 0, min: 0, max: 0, avg: 0.00)
Length (states) of path with itp 'false':                 0 (count: 0, min: 0, max: 0, avg: 0.00)
Different non-trivial interpolants along paths:           0 (count: 0, min: 0, max: 0, avg: 0.00)
Equal non-trivial interpolants along paths:               0 (count: 0, min: 0, max: 0, avg: 0.00)
Different precisions along paths:                         0 (count: 0, min: 0, max: 0, avg: 0.00)
Equal precisions along paths:                             0 (count: 0, min: 0, max: 0, avg: 0.00)
Number of refs with location-based cutoff:                0

CEGAR algorithm statistics
--------------------------
Number of refinements:                0
Refinement times:             0
First time for refinement:             0.491s
Last time for refinement:              0.491s
Average time for analysis:          0.491s
Number of analysis:                1

Code Coverage
-----------------------------
  Visited lines:          4826
  Total lines:            4
  Line coverage:          1206.500

CPAchecker general statistics
-----------------------------
Number of program locations:     1527
Number of CFA edges:             1659
Number of relevant variables:    145
Number of functions:             48
Number of loops:                 2
Size of reached set:             1580
  Number of reached locations:   1429 (94%)
    Avg states per location:     1
    Max states per location:     14 (at node N620)
  Number of reached functions:   37 (77%)
  Number of partitions:          1580
    Avg size of partitions:      1
    Max size of partitions:      1
  Number of target states:       0

Time for analysis setup:                   9.541s
  Time for cfa diff:                   6.015s
  Time for loading CPAs:                   0.433s
  Time for impacted traverse:              0.012s
  Time for loading parser:        0.037s
  Time for CFA construction:      1.426s
    Time for parsing file(s):     0.483s
    Time for AST to CFA:          0.498s
    Time for CFA sanity check:    0.000s
    Time for post-processing:     0.277s
      Time for var class.:        0.000s
Time for normal Analysis:                         0.491s
CPU time for analysis:                     3.160s
CPU time for impacted:                     0.690s
CPU time for normal analysis:              0.980s
CPU time for init:                         2.180s

Time for Garbage Collector:       0.180s (in 6 runs)
Garbage Collector(s) used:    PS MarkSweep, PS Scavenge
Used heap memory:                141MB (   134 MiB) max;     65MB (    62 MiB) avg;    177MB (   169 MiB) peak
Used non-heap memory:             33MB (    32 MiB) max;     25MB (    24 MiB) avg;     35MB (    34 MiB) peak
Used in PS Old Gen pool:          25MB (    24 MiB) max;     14MB (    13 MiB) avg;     33MB (    32 MiB) peak
Allocated heap memory:           270MB (   258 MiB) max;    198MB (   189 MiB) avg
Allocated non-heap memory:        36MB (    34 MiB) max;     27MB (    25 MiB) avg
Total process virtual memory:  13309MB ( 12692 MiB) max;  13286MB ( 12671 MiB) avg

Verification result: TRUE. No property violation found by chosen configuration.
More details about the verification run can be found in the directory "/home/yqs17/blazer/cpachecker-inc-pred/output-us-precise-cfa/32_7a.net--wireless--wl12xx--wl12xx_sdio.ko.set/001.d75387c.32_7a.cil_safe.i".
