scripts/cpa.sh -heap 10000M -predicateAnalysis-ABElfb-debug -setprop cpa.impacted.eliminate=true -disable-java-assertions -outputpath /home/yqs17/blazer/cpachecker-inc-pred/output-us-precise-cfa/43_1a.media--video--videobuf-vmalloc.ko.set/017.aa9479e.43_1a.cil_safe.i -isIncPred -spec /home/yqs17/blazer/cpachecker-inc-pred/LDVErrorLabel.spc -stats -setprop cpa.impacted.pre_invariants.file=/home/yqs17/blazer/cpachecker-inc-pred/output-us-precise-cfa/43_1a.media--video--videobuf-vmalloc.ko.set/016.aaea56a.43_1a.cil_safe.i/impacted-invariants.txt -setprop analysis.prev.program=/home/yqs17/blazer/cpachecker-inc-pred/programs/drivers--media--video--videobuf-vmalloc.ko/016.aaea56a.43_1a.cil_safe.i -entryfunction ldv_main0_sequence_infinite_withcheck_stateful /home/yqs17/blazer/cpachecker-inc-pred/programs/drivers--media--video--videobuf-vmalloc.ko/017.aa9479e.43_1a.cil_safe.i


--------------------------------------------------------------------------------


Running CPAchecker with Java heap of size 10000M.
Running CPAchecker with the following extra VM options:  -Djava.io.tmpdir=/tmp/BenchExec_run_r_jucdzk/tmp
Number of modified edges: 0
Begin analysis 
Read invariant objects done
PredicateCPA statistics
-----------------------
Read Precision Time:                0.000s
Precision file size:                0
Write Precision Time:               0.002s
Number of abstractions:            2076 (12% of all post computations)
  Times abstraction was reused:    0
  Because of function entry/exit:  1770 (85%)
  Because of loop head:            307 (15%)
  Because of join nodes:           0 (0%)
  Because of threshold:            0 (0%)
  Times precision was empty:       137 (7%)
  Times precision was {false}:     124 (6%)
  Times result was cached:         1463 (70%)
  Times cartesian abs was used:    0 (0%)
  Times boolean abs was used:      352 (17%)
  Times result was 'false':        102 (5%)
Number of strengthen sat checks:   16
  Times result was 'false':        0 (0%)
Number of coverage checks:         2494
  BDD entailment checks:           494
Number of SMT sat checks:          527
  trivial:                         480
  cached:                          42

Max ABE block size:                       22
Number of predicates discovered:          5
Number of abstraction locations:          0
Max number of predicates per location:    0
Avg number of predicates per location:    0
Total predicates per abstraction:         865
Max number of predicates per abstraction: 3
Avg number of predicates per abstraction: 1.82
Number of irrelevant predicates:          436 (50%)
Number of preds handled by boolean abs:   429 (50%)
  Total number of models for allsat:      364
  Max number of models for allsat:        2
  Avg number of models for allsat:        1.03

Number of path formula cache hits:   11891 (62%)

Time for post operator:                  1.358s
  Time for path formula creation:        0.794s
    Actual computation:                  0.728s
Time for strengthen operator:            0.023s
  Time for satisfiability checks:        0.000s
Time for prec operator:                  1.107s
  Time for abstraction:                  0.961s (Max:     0.020s, Count: 2076)
    Boolean abstraction:                 0.187s
    Solving time:                        0.175s (Max:     0.010s)
    Model enumeration time:              0.007s
    Time for BDD construction:           0.017s (Max:     0.009s)
Time for merge operator:                 0.099s
Time for coverage check:                 0.005s
  Time for BDD entailment checks:        0.005s
Total time for SMT solver (w/o itp):     0.290s

Number of BDD nodes:                               209
Size of BDD node table:                            466043
Size of BDD cache:                                 46619
Size of BDD node cleanup queue:                         331 (count: 6102, min: 0, max: 132, avg: 0.05)
Time for BDD node cleanup:                             0.001s
Time for BDD garbage collection:                       0.000s (in 0 runs)

PrecisionBootstrap statistics
-----------------------------
Init. function predicates:                         0
Init. global predicates:                           0
Init. location predicates:                         0

ImpactedCPA statistics
----------------------
  Number of invariants partial hits:                            0
  Number of invariants hits:                                    0
  Number of invariants trys:                                    1
  Number of invariants bots:                                    1
  Number of invariants not valid:                               0
  Initial reached size:                                         1
  Input invariants file size:                                   1008
  Max impacted number of variables:                             0
  Number of last version invariants:                            40
  Number of this version invariants:                            41
  CPU time for invariant read:                                      0.150s
  CPU time for invariant write:                                     0.030s
  Time for invariant write:                                         0.019s
  Time for invariant read:                                          0.078s

AutomatonAnalysis (SVCOMP) statistics
-------------------------------------
Number of states:                                  1
Total time for successor computation:                  0.058s
Automaton transfers with branching:                0
Automaton transfer successors:                        17409 (count: 17409, min: 1, max: 1, avg: 1.00) [1 x 17409]

CPA algorithm statistics
------------------------
Number of iterations:            15225
Max size of waitlist:            25
Average size of waitlist:        12
Number of computed successors:   16898
Max successors for one state:    2
Number of times merged:          1000
Number of times stopped:         1319
Number of times abs stopped:     319
Number of times nonAbs stopped:  2000
Number of coverage check (part): 2494
Number of times doAbstraction node:  2077
Number of times breaked:         16

Total time for CPA algorithm:         3.292s (Max:     0.291s)
CPU time for CPA algorithm:           6.470s
  Time for choose from waitlist:      0.039s
  Time for precision adjustment:      1.186s
  Time for transfer relation:         1.526s
  Time for merge operator:            0.169s
  Time for stop operator:             0.060s
  Time for adding to reached set:     0.055s

Predicate-Abstraction Refiner statistics
----------------------------------------
Avg. length of target path (in blocks):                 222 (count: 16, min: 6, max: 25, avg: 13.88)
Number of infeasible sliced prefixes:                     0 (count: 0, min: 0, max: 0, avg: 0.00)

Time for refinement:                                   0.536s
  Counterexample analysis:                0.419s (Max:     0.072s, Calls: 16)
    Refinement sat check:                 0.119s
    Interpolant computation:              0.000s
  Error path post-processing:                          0.000s
  Path-formulas extraction:                            0.004s
  Building the counterexample trace:                   0.419s
  Extracting precise counterexample:                   0.000s
  Extracting infeasible sliced prefixes:               0.000s
  Selecting infeasible sliced prefixes:                0.000s
  Predicate creation:                                  0.001s
  Precision update:                                    0.005s
  ARG update:                                          0.085s

Length of refined path (in blocks):                     151 (count: 16, min: 2, max: 21, avg: 9.44)
Number of affected states:                              129 (count: 16, min: 1, max: 20, avg: 8.06)
Length (states) of path with itp 'true':                  6 (count: 16, min: 0, max: 6, avg: 0.38)
Length (states) of path with itp non-trivial itp:       129 (count: 16, min: 1, max: 20, avg: 8.06)
Length (states) of path with itp 'false':                16 (count: 16, min: 1, max: 1, avg: 1.00)
Different non-trivial interpolants along paths:           0 (count: 16, min: 0, max: 0, avg: 0.00)
Equal non-trivial interpolants along paths:             113 (count: 16, min: 0, max: 19, avg: 7.06)
Different precisions along paths:                         0 (count: 0, min: 0, max: 0, avg: 0.00)
Equal precisions along paths:                             0 (count: 0, min: 0, max: 0, avg: 0.00)
Number of refs with location-based cutoff:                0

CEGAR algorithm statistics
--------------------------
Number of refinements:                16
Number of successful refinements:     16
Number of failed refinements:         0
Max. size of reached set before ref.: 1746
Max. size of reached set after ref.:  759
Avg. size of reached set before ref.: 1400.19
Avg. size of reached set after ref.:  526.50

Total time for CEGAR algorithm:       3.866s
CPU time for CEGAR algorithm:         7.630s
Time for refinements:                 0.571s
CPU time for refinements:             1.160s
Average time for refinement:          0.035s
Max time for refinement:              0.089s
First time for refinement:             0.193s
Last time for refinement:              0.090s
Average time for analysis:          0.193s
Number of analysis:                17

Code Coverage
-----------------------------
  Visited lines:          2687
  Total lines:            10
  Line coverage:          268.700

CPAchecker general statistics
-----------------------------
Number of program locations:     1091
Number of CFA edges:             1202
Number of relevant variables:    133
Number of functions:             28
Number of loops:                 4
Size of reached set:             1499
  Number of reached locations:   931 (85%)
    Avg states per location:     1
    Max states per location:     21 (at node N625)
  Number of reached functions:   15 (54%)
  Number of partitions:          1491
    Avg size of partitions:      1
    Max size of partitions:      2 (with key [N568 (before /work/ldvuser/novikov/work/current--X--drivers/media/video/videobuf-vmalloc.ko--X--defaultlinux--X--43_1a--X--cpachecker/linux/csd_deg_dscv/11/dscv_tempdir/dscv/ri/43_1a/drivers/media/video/videobuf-vmalloc.c.prepared, line 678), Function ldv_main0_sequence_infinite_withcheck_stateful called from node N482, stack depth 1 [3cee53dc], stack [ldv_main0_sequence_infinite_withcheck_stateful], Init])
  Number of target states:       0

Time for analysis setup:                   3.817s
  Time for cfa diff:                   2.073s
  Time for loading CPAs:                   0.330s
  Time for impacted traverse:              0.005s
  Time for loading parser:        0.025s
  Time for CFA construction:      0.911s
    Time for parsing file(s):     0.298s
    Time for AST to CFA:          0.301s
    Time for CFA sanity check:    0.000s
    Time for post-processing:     0.184s
      Time for var class.:        0.000s
Time for normal Analysis:                         3.866s
CPU time for analysis:                     8.250s
CPU time for impacted:                     0.000s
CPU time for normal analysis:              7.630s
CPU time for init:                         0.620s

Time for Garbage Collector:       0.155s (in 8 runs)
Garbage Collector(s) used:    PS MarkSweep, PS Scavenge
Used heap memory:                268MB (   255 MiB) max;     78MB (    74 MiB) avg;    274MB (   261 MiB) peak
Used non-heap memory:             38MB (    37 MiB) max;     29MB (    28 MiB) avg;     39MB (    37 MiB) peak
Used in PS Old Gen pool:          18MB (    17 MiB) max;     11MB (    10 MiB) avg;     23MB (    21 MiB) peak
Allocated heap memory:           352MB (   336 MiB) max;    232MB (   221 MiB) avg
Allocated non-heap memory:        40MB (    38 MiB) max;     30MB (    29 MiB) avg
Total process virtual memory:  13307MB ( 12691 MiB) max;  13291MB ( 12675 MiB) avg

Verification result: TRUE. No property violation found by chosen configuration.
More details about the verification run can be found in the directory "/home/yqs17/blazer/cpachecker-inc-pred/output-us-precise-cfa/43_1a.media--video--videobuf-vmalloc.ko.set/017.aa9479e.43_1a.cil_safe.i".
