scripts/cpa.sh -heap 10000M -predicateAnalysis-ABElfb-debug -setprop cpa.impacted.eliminate=true -disable-java-assertions -outputpath /home/yqs17/blazer/cpachecker-inc-pred/output-us-precise-cfa/39_7a.hwmon--it87.ko.set/069.a00afb9.39_7a.cil_safe.i -isIncPred -spec /home/yqs17/blazer/cpachecker-inc-pred/LDVErrorLabel.spc -stats -setprop cpa.impacted.pre_invariants.file=/home/yqs17/blazer/cpachecker-inc-pred/output-us-precise-cfa/39_7a.hwmon--it87.ko.set/068.cccfc9c.39_7a.cil_safe.i/impacted-invariants.txt -setprop analysis.prev.program=/home/yqs17/blazer/cpachecker-inc-pred/programs/drivers--hwmon--it87.ko/068.cccfc9c.39_7a.cil_safe.i -entryfunction ldv_main0_sequence_infinite_withcheck_stateful /home/yqs17/blazer/cpachecker-inc-pred/programs/drivers--hwmon--it87.ko/069.a00afb9.39_7a.cil_safe.i


--------------------------------------------------------------------------------


Running CPAchecker with Java heap of size 10000M.
Running CPAchecker with the following extra VM options:  -Djava.io.tmpdir=/tmp/BenchExec_run__0utctwt/tmp
Number of modified edges: 75
Begin analysis 
Read invariant objects done
ImpactedCPA statistics
----------------------
  Number of invariants partial hits:                            0
  Number of invariants hits:                                    7
  Number of invariants trys:                                    8
  Number of invariants bots:                                    1
  Number of invariants not valid:                               0
  Initial reached size:                                         892
  Input invariants file size:                                   6151
  Max impacted number of variables:                             0
  Number of last version invariants:                            134
  Number of this version invariants:                            0
  CPU time for invariant read:                                      0.920s
  CPU time for invariant write:                                     0.000s
  Time for invariant write:                                         0.000s
  Time for invariant read:                                          0.479s

AutomatonAnalysis (SVCOMP) statistics
-------------------------------------
Number of states:                                  1
Total time for successor computation:                  0.008s
Automaton transfers with branching:                0
Automaton transfer successors:                         1067 (count: 1067, min: 1, max: 1, avg: 1.00) [1 x 1067]

CPA algorithm statistics
------------------------
Number of iterations:            1051
Max size of waitlist:            8
Average size of waitlist:        1
Number of computed successors:   1067
Max successors for one state:    2
Number of times merged:          0
Number of times stopped:         9
Number of times abs stopped:     59
Number of times nonAbs stopped:  378
Number of coverage check (part): 439
Number of times doAbstraction node:  637
Number of times breaked:         1

Total time for CPA algorithm:         0.134s (Max:     0.134s)
CPU time for CPA algorithm:           5.870s
  Time for choose from waitlist:      0.002s
  Time for precision adjustment:      0.019s
  Time for transfer relation:         0.056s
  Time for merge operator:            0.001s
  Time for stop operator:             0.007s
  Time for adding to reached set:     0.007s

PredicateCPA statistics
-----------------------
Read Precision Time:                0.000s
Precision file size:                0
Write Precision Time:               0.003s
Number of abstractions:            629 (16% of all post computations)
  Times abstraction was reused:    0
  Because of function entry/exit:  584 (93%)
  Because of loop head:            53 (8%)
  Because of join nodes:           0 (0%)
  Because of threshold:            0 (0%)
  Times precision was empty:       0 (0%)
  Times precision was {false}:     0 (0%)
  Times result was cached:         373 (59%)
  Times cartesian abs was used:    0 (0%)
  Times boolean abs was used:      263 (41%)
  Times result was 'false':        19 (3%)
Number of strengthen sat checks:   0
Number of coverage checks:         439
  BDD entailment checks:           61
Number of SMT sat checks:          892
  trivial:                         495
  cached:                          214

Max ABE block size:                       36
Number of predicates discovered:          13
Number of abstraction locations:          0
Max number of predicates per location:    0
Avg number of predicates per location:    0
Total predicates per abstraction:         3342
Max number of predicates per abstraction: 13
Avg number of predicates per abstraction: 12.71
Number of irrelevant predicates:          450 (13%)
Number of preds handled by boolean abs:   2892 (87%)
  Total number of models for allsat:      251
  Max number of models for allsat:        1
  Avg number of models for allsat:        0.95

Number of path formula cache hits:   333 (8%)

Time for post operator:                 12.524s
  Time for path formula creation:        1.229s
    Actual computation:                  1.061s
Time for strengthen operator:            0.010s
Time for prec operator:                  1.348s
  Time for abstraction:                  1.105s (Max:     0.029s, Count: 629)
    Boolean abstraction:                 0.536s
    Solving time:                        0.227s (Max:     0.090s)
    Model enumeration time:              0.006s
    Time for BDD construction:           0.013s (Max:     0.001s)
Time for merge operator:                 0.616s
Time for coverage check:                 0.002s
  Time for BDD entailment checks:        0.001s
Total time for SMT solver (w/o itp):    11.014s

Number of BDD nodes:                               528
Size of BDD node table:                            466043
Size of BDD cache:                                 46619
Size of BDD node cleanup queue:                           3 (count: 14031, min: 0, max: 3, avg: 0.00)
Time for BDD node cleanup:                             0.002s
Time for BDD garbage collection:                       0.000s (in 0 runs)

PrecisionBootstrap statistics
-----------------------------
Init. function predicates:                         0
Init. global predicates:                           0
Init. location predicates:                         0

ImpactedCPA statistics
----------------------
  Number of invariants partial hits:                            0
  Number of invariants hits:                                    7
  Number of invariants trys:                                    8
  Number of invariants bots:                                    1
  Number of invariants not valid:                               0
  Initial reached size:                                         892
  Input invariants file size:                                   6151
  Max impacted number of variables:                             0
  Number of last version invariants:                            134
  Number of this version invariants:                            129
  CPU time for invariant read:                                      0.920s
  CPU time for invariant write:                                     0.140s
  Time for invariant write:                                         0.073s
  Time for invariant read:                                          0.479s

AutomatonAnalysis (SVCOMP) statistics
-------------------------------------
Number of states:                                  1
Total time for successor computation:                  0.010s
Automaton transfers with branching:                0
Automaton transfer successors:                         3918 (count: 3918, min: 1, max: 1, avg: 1.00) [1 x 3918]

CPA algorithm statistics
------------------------
Number of iterations:            2760
Max size of waitlist:            22
Average size of waitlist:        10
Number of computed successors:   3026
Max successors for one state:    2
Number of times merged:          189
Number of times stopped:         248
Number of times abs stopped:     59
Number of times nonAbs stopped:  378
Number of coverage check (part): 439
Number of times doAbstraction node:  637
Number of times breaked:         0

Total time for CPA algorithm:         2.810s (Max:     2.810s)
CPU time for CPA algorithm:           5.870s
  Time for choose from waitlist:      0.018s
  Time for precision adjustment:      1.193s
  Time for transfer relation:         0.852s
  Time for merge operator:            0.631s
  Time for stop operator:             0.013s
  Time for adding to reached set:     0.021s

Predicate-Abstraction Refiner statistics
----------------------------------------
  Predicate creation:                                  0.000s
  Precision update:                                    0.000s
  ARG update:                                          0.000s

Length of refined path (in blocks):                       0 (count: 0, min: 0, max: 0, avg: 0.00)
Number of affected states:                                0 (count: 0, min: 0, max: 0, avg: 0.00)
Length (states) of path with itp 'true':                  0 (count: 0, min: 0, max: 0, avg: 0.00)
Length (states) of path with itp non-trivial itp:         0 (count: 0, min: 0, max: 0, avg: 0.00)
Length (states) of path with itp 'false':                 0 (count: 0, min: 0, max: 0, avg: 0.00)
Different non-trivial interpolants along paths:           0 (count: 0, min: 0, max: 0, avg: 0.00)
Equal non-trivial interpolants along paths:               0 (count: 0, min: 0, max: 0, avg: 0.00)
Different precisions along paths:                         0 (count: 0, min: 0, max: 0, avg: 0.00)
Equal precisions along paths:                             0 (count: 0, min: 0, max: 0, avg: 0.00)
Number of refs with location-based cutoff:                0

CEGAR algorithm statistics
--------------------------
Number of refinements:                0
Refinement times:             0
First time for refinement:             2.810s
Last time for refinement:              2.810s
Average time for analysis:          2.810s
Number of analysis:                1

Code Coverage
-----------------------------
  Visited lines:          3179
  Total lines:            10
  Line coverage:          317.900

CPAchecker general statistics
-----------------------------
Number of program locations:     3690
Number of CFA edges:             4310
Number of relevant variables:    675
Number of functions:             150
Number of loops:                 22
Size of reached set:             3651
  Number of reached locations:   1726 (47%)
    Avg states per location:     2
    Max states per location:     62 (at node N279)
  Number of reached functions:   34 (23%)
  Number of partitions:          3599
    Avg size of partitions:      1
    Max size of partitions:      5 (with key [N343 (entry of function superio_exit in /work/ldvuser/novikov/work/current--X--drivers/hwmon/it87.ko--X--defaultlinux--X--39_7a--X--cpachecker/linux/csd_deg_dscv/11/dscv_tempdir/dscv/ri/39_7a/drivers/hwmon/it87.c.prepared, lines 178-190), 179501838, Init])
  Number of target states:       0

Time for analysis setup:                  21.588s
  Time for cfa diff:                   6.503s
  Time for loading CPAs:                   0.408s
  Time for impacted traverse:              0.013s
  Time for loading parser:        0.024s
  Time for CFA construction:      1.843s
    Time for parsing file(s):     0.433s
    Time for AST to CFA:          0.655s
    Time for CFA sanity check:    0.001s
    Time for post-processing:     0.570s
      Time for var class.:        0.000s
Time for normal Analysis:                         2.811s
CPU time for analysis:                    28.770s
CPU time for impacted:                     0.690s
CPU time for normal analysis:              5.620s
CPU time for init:                        23.150s

Time for Garbage Collector:       0.385s (in 17 runs)
Garbage Collector(s) used:    PS MarkSweep, PS Scavenge
Used heap memory:               1201MB (  1145 MiB) max;    323MB (   308 MiB) avg;   1240MB (  1182 MiB) peak
Used non-heap memory:             41MB (    39 MiB) max;     32MB (    31 MiB) avg;     42MB (    40 MiB) peak
Used in PS Old Gen pool:          34MB (    32 MiB) max;     27MB (    26 MiB) avg;     42MB (    40 MiB) peak
Allocated heap memory:          1661MB (  1584 MiB) max;    725MB (   691 MiB) avg
Allocated non-heap memory:        43MB (    41 MiB) max;     34MB (    32 MiB) avg
Total process virtual memory:  13309MB ( 12693 MiB) max;  13297MB ( 12681 MiB) avg

Verification result: TRUE. No property violation found by chosen configuration.
More details about the verification run can be found in the directory "/home/yqs17/blazer/cpachecker-inc-pred/output-us-precise-cfa/39_7a.hwmon--it87.ko.set/069.a00afb9.39_7a.cil_safe.i".
