scripts/cpa.sh -heap 10000M -predicateAnalysis-ABElfb-debug -setprop cpa.impacted.eliminate=true -disable-java-assertions -outputpath /home/yqs17/blazer/cpachecker-inc-pred/output-us-precise-cfa/68_1.usb--serial--cp210x.ko.set/013.d94c7bd.68_1.cil_safe.i -isIncPred -spec /home/yqs17/blazer/cpachecker-inc-pred/LDVErrorLabel.spc -stats -setprop cpa.impacted.pre_invariants.file=/home/yqs17/blazer/cpachecker-inc-pred/output-us-precise-cfa/68_1.usb--serial--cp210x.ko.set/012.6f88139.68_1.cil_safe.i/impacted-invariants.txt -setprop analysis.prev.program=/home/yqs17/blazer/cpachecker-inc-pred/programs/drivers--usb--serial--cp210x.ko/012.6f88139.68_1.cil_safe.i -entryfunction ldv_main0_sequence_infinite_withcheck_stateful /home/yqs17/blazer/cpachecker-inc-pred/programs/drivers--usb--serial--cp210x.ko/013.d94c7bd.68_1.cil_safe.i


--------------------------------------------------------------------------------


Running CPAchecker with Java heap of size 10000M.
Running CPAchecker with the following extra VM options:  -Djava.io.tmpdir=/tmp/BenchExec_run_37ho4m9w/tmp
Number of modified edges: 37
Begin analysis 
Read invariant objects done
PredicateCPA statistics
-----------------------
Read Precision Time:                0.000s
Precision file size:                0
Write Precision Time:               0.001s
Number of abstractions:            1590 (14% of all post computations)
  Times abstraction was reused:    0
  Because of function entry/exit:  1468 (92%)
  Because of loop head:            192 (12%)
  Because of join nodes:           0 (0%)
  Because of threshold:            0 (0%)
  Times precision was empty:       0 (0%)
  Times precision was {false}:     0 (0%)
  Times result was cached:         1238 (76%)
  Times cartesian abs was used:    0 (0%)
  Times boolean abs was used:      396 (24%)
  Times result was 'false':        0 (0%)
Number of strengthen sat checks:   0
Number of coverage checks:         2120
  BDD entailment checks:           408
Number of SMT sat checks:          1275
  trivial:                         533
  cached:                          437

Max ABE block size:                       35
Number of predicates discovered:          2
Number of abstraction locations:          0
Max number of predicates per location:    0
Avg number of predicates per location:    0
Total predicates per abstraction:         792
Max number of predicates per abstraction: 2
Avg number of predicates per abstraction: 2.00
Number of irrelevant predicates:          0 (0%)
Number of preds handled by boolean abs:   792 (100%)
  Total number of models for allsat:      396
  Max number of models for allsat:        1
  Avg number of models for allsat:        1.00

Number of path formula cache hits:   6596 (51%)

Time for post operator:                  1.718s
  Time for path formula creation:        0.877s
    Actual computation:                  0.759s
Time for strengthen operator:            0.028s
Time for prec operator:                  1.023s
  Time for abstraction:                  0.745s (Max:     0.030s, Count: 1590)
    Boolean abstraction:                 0.240s
    Solving time:                        0.130s (Max:     0.010s)
    Model enumeration time:              0.003s
    Time for BDD construction:           0.011s (Max:     0.001s)
Time for merge operator:                 0.184s
Time for coverage check:                 0.002s
  Time for BDD entailment checks:        0.002s
Total time for SMT solver (w/o itp):     0.595s

Number of BDD nodes:                               203
Size of BDD node table:                            466043
Size of BDD cache:                                 46619
Size of BDD node cleanup queue:                         309 (count: 11476, min: 0, max: 216, avg: 0.03)
Time for BDD node cleanup:                             0.004s
Time for BDD garbage collection:                       0.000s (in 0 runs)

PrecisionBootstrap statistics
-----------------------------
Init. function predicates:                         0
Init. global predicates:                           0
Init. location predicates:                         0

ImpactedCPA statistics
----------------------
  Number of invariants partial hits:                            0
  Number of invariants hits:                                    44
  Number of invariants trys:                                    70
  Number of invariants bots:                                    26
  Number of invariants not valid:                               0
  Initial reached size:                                         1184
  Input invariants file size:                                   1370
  Max impacted number of variables:                             0
  Number of last version invariants:                            86
  Number of this version invariants:                            86
  CPU time for invariant read:                                      0.200s
  CPU time for invariant write:                                     0.050s
  Time for invariant write:                                         0.022s
  Time for invariant read:                                          0.102s

AutomatonAnalysis (SVCOMP) statistics
-------------------------------------
Number of states:                                  1
Total time for successor computation:                  0.033s
Automaton transfers with branching:                0
Automaton transfer successors:                        11703 (count: 11703, min: 1, max: 1, avg: 1.00) [1 x 11703]

CPA algorithm statistics
------------------------
Number of iterations:            9344
Max size of waitlist:            55
Average size of waitlist:        33
Number of computed successors:   10430
Max successors for one state:    2
Number of times merged:          792
Number of times stopped:         1200
Number of times abs stopped:     408
Number of times nonAbs stopped:  1712
Number of coverage check (part): 2120
Number of times doAbstraction node:  1660
Number of times breaked:         0

Total time for CPA algorithm:         2.380s (Max:     2.380s)
CPU time for CPA algorithm:           4.730s
  Time for choose from waitlist:      0.020s
  Time for precision adjustment:      0.900s
  Time for transfer relation:         1.028s
  Time for merge operator:            0.177s
  Time for stop operator:             0.038s
  Time for adding to reached set:     0.049s

Predicate-Abstraction Refiner statistics
----------------------------------------
  Predicate creation:                                  0.000s
  Precision update:                                    0.000s
  ARG update:                                          0.000s

Length of refined path (in blocks):                       0 (count: 0, min: 0, max: 0, avg: 0.00)
Number of affected states:                                0 (count: 0, min: 0, max: 0, avg: 0.00)
Length (states) of path with itp 'true':                  0 (count: 0, min: 0, max: 0, avg: 0.00)
Length (states) of path with itp non-trivial itp:         0 (count: 0, min: 0, max: 0, avg: 0.00)
Length (states) of path with itp 'false':                 0 (count: 0, min: 0, max: 0, avg: 0.00)
Different non-trivial interpolants along paths:           0 (count: 0, min: 0, max: 0, avg: 0.00)
Equal non-trivial interpolants along paths:               0 (count: 0, min: 0, max: 0, avg: 0.00)
Different precisions along paths:                         0 (count: 0, min: 0, max: 0, avg: 0.00)
Equal precisions along paths:                             0 (count: 0, min: 0, max: 0, avg: 0.00)
Number of refs with location-based cutoff:                0

CEGAR algorithm statistics
--------------------------
Number of refinements:                0
Refinement times:             0
First time for refinement:             2.380s
Last time for refinement:              2.380s
Average time for analysis:          2.380s
Number of analysis:                1

Code Coverage
-----------------------------
  Visited lines:          3950
  Total lines:            6
  Line coverage:          658.333

CPAchecker general statistics
-----------------------------
Number of program locations:     2208
Number of CFA edges:             2519
Number of relevant variables:    238
Number of functions:             45
Number of loops:                 6
Size of reached set:             10414
  Number of reached locations:   1699 (77%)
    Avg states per location:     6
    Max states per location:     247 (at node N650)
  Number of reached functions:   27 (60%)
  Number of partitions:          10027
    Avg size of partitions:      1
    Max size of partitions:      8 (with key [N655 (entry of function cp210x_get_config in /work/ldvuser/novikov/work/current--X--drivers/usb/serial/cp210x.ko--X--defaultlinux--X--68_1--X--cpachecker/linux/csd_deg_dscv/11/dscv_tempdir/dscv/ri/68_1/drivers/usb/serial/cp210x.c, lines 231-313), -1603201770, Init])
  Number of target states:       0

Time for analysis setup:                   8.631s
  Time for cfa diff:                   5.360s
  Time for loading CPAs:                   0.335s
  Time for impacted traverse:              0.006s
  Time for loading parser:        0.029s
  Time for CFA construction:      1.248s
    Time for parsing file(s):     0.363s
    Time for AST to CFA:          0.487s
    Time for CFA sanity check:    0.000s
    Time for post-processing:     0.242s
      Time for var class.:        0.000s
Time for normal Analysis:                         2.380s
CPU time for analysis:                     7.490s
CPU time for impacted:                     0.000s
CPU time for normal analysis:              4.730s
CPU time for init:                         2.760s

Time for Garbage Collector:       0.201s (in 8 runs)
Garbage Collector(s) used:    PS MarkSweep, PS Scavenge
Used heap memory:                308MB (   294 MiB) max;     80MB (    76 MiB) avg;    322MB (   307 MiB) peak
Used non-heap memory:             37MB (    35 MiB) max;     28MB (    27 MiB) avg;     38MB (    36 MiB) peak
Used in PS Old Gen pool:          23MB (    22 MiB) max;     14MB (    13 MiB) avg;     30MB (    28 MiB) peak
Allocated heap memory:           407MB (   389 MiB) max;    234MB (   223 MiB) avg
Allocated non-heap memory:        39MB (    37 MiB) max;     29MB (    28 MiB) avg
Total process virtual memory:  13307MB ( 12691 MiB) max;  13290MB ( 12675 MiB) avg

Verification result: TRUE. No property violation found by chosen configuration.
More details about the verification run can be found in the directory "/home/yqs17/blazer/cpachecker-inc-pred/output-us-precise-cfa/68_1.usb--serial--cp210x.ko.set/013.d94c7bd.68_1.cil_safe.i".
