scripts/cpa.sh -heap 10000M -predicateAnalysis-ABElfb-debug -setprop cpa.impacted.eliminate=true -disable-java-assertions -outputpath /home/yqs17/blazer/cpachecker-inc-pred/output-us-precise-cfa/39_7a.gpu--drm--i915--i915.ko.set/007.398c9cb.39_7a.cil_safe.i -isIncPred -spec /home/yqs17/blazer/cpachecker-inc-pred/LDVErrorLabel.spc -stats -setprop cpa.impacted.pre_invariants.file=/home/yqs17/blazer/cpachecker-inc-pred/output-us-precise-cfa/39_7a.gpu--drm--i915--i915.ko.set/006.d3a6d44.39_7a.cil_safe.i/impacted-invariants.txt -setprop analysis.prev.program=/home/yqs17/blazer/cpachecker-inc-pred/programs/drivers--gpu--drm--i915--i915.ko/006.d3a6d44.39_7a.cil_safe.i -entryfunction ldv_main0_sequence_infinite_withcheck_stateful /home/yqs17/blazer/cpachecker-inc-pred/programs/drivers--gpu--drm--i915--i915.ko/007.398c9cb.39_7a.cil_safe.i


--------------------------------------------------------------------------------


Running CPAchecker with Java heap of size 10000M.
Running CPAchecker with the following extra VM options:  -Djava.io.tmpdir=/tmp/BenchExec_run_9ywdfn3f/tmp
Number of modified edges: 0
Begin analysis 
Read invariant objects done
ImpactedCPA statistics
----------------------
  Number of invariants partial hits:                            0
  Number of invariants hits:                                    21
  Number of invariants trys:                                    29
  Number of invariants bots:                                    8
  Number of invariants not valid:                               0
  Initial reached size:                                         1117
  Input invariants file size:                                   6730
  Max impacted number of variables:                             0
  Number of last version invariants:                            297
  Number of this version invariants:                            0
  CPU time for invariant read:                                      1.130s
  CPU time for invariant write:                                     0.000s
  Time for invariant write:                                         0.000s
  Time for invariant read:                                          0.590s

AutomatonAnalysis (SVCOMP) statistics
-------------------------------------
Number of states:                                  1
Total time for successor computation:                  0.012s
Automaton transfers with branching:                0
Automaton transfer successors:                         1006 (count: 1006, min: 1, max: 1, avg: 1.00) [1 x 1006]

CPA algorithm statistics
------------------------
Number of iterations:            1002
Max size of waitlist:            5
Average size of waitlist:        1
Number of computed successors:   1006
Max successors for one state:    2
Number of times merged:          0
Number of times stopped:         0
Number of times abs stopped:     60
Number of times nonAbs stopped:  310
Number of coverage check (part): 370
Number of times doAbstraction node:  613
Number of times breaked:         1

Total time for CPA algorithm:         0.128s (Max:     0.128s)
CPU time for CPA algorithm:           4.530s
  Time for choose from waitlist:      0.004s
  Time for precision adjustment:      0.009s
  Time for transfer relation:         0.081s
  Time for stop operator:             0.006s
  Time for adding to reached set:     0.005s

PredicateCPA statistics
-----------------------
Read Precision Time:                0.000s
Precision file size:                6488
Write Precision Time:               0.002s
Number of abstractions:            584 (17% of all post computations)
  Times abstraction was reused:    0
  Because of function entry/exit:  566 (97%)
  Because of loop head:            47 (8%)
  Because of join nodes:           0 (0%)
  Because of threshold:            0 (0%)
  Times precision was empty:       0 (0%)
  Times precision was {false}:     0 (0%)
  Times result was cached:         206 (34%)
  Times cartesian abs was used:    0 (0%)
  Times boolean abs was used:      399 (66%)
  Times result was 'false':        0 (0%)
Number of strengthen sat checks:   0
Number of coverage checks:         370
  BDD entailment checks:           60
Number of SMT sat checks:          1134
  trivial:                         616
  cached:                          436

Max ABE block size:                       21
Number of predicates discovered:          9
Number of abstraction locations:          0
Max number of predicates per location:    0
Avg number of predicates per location:    0
Total predicates per abstraction:         3566
Max number of predicates per abstraction: 9
Avg number of predicates per abstraction: 8.94
Number of irrelevant predicates:          0 (0%)
Number of preds handled by boolean abs:   3566 (100%)
  Total number of models for allsat:      399
  Max number of models for allsat:        1
  Avg number of models for allsat:        1.00

Number of path formula cache hits:   158 (4%)

Time for post operator:                  1.296s
  Time for path formula creation:        0.680s
    Actual computation:                  0.628s
Time for strengthen operator:            0.009s
Time for prec operator:                  1.344s
  Time for abstraction:                  1.115s (Max:     0.022s, Count: 584)
    Boolean abstraction:                 0.564s
    Solving time:                        0.117s (Max:     0.008s)
    Model enumeration time:              0.013s
    Time for BDD construction:           0.011s (Max:     0.001s)
Time for merge operator:                 0.055s
Time for coverage check:                 0.000s
  Time for BDD entailment checks:        0.000s
Total time for SMT solver (w/o itp):     0.417s

Number of BDD nodes:                               255
Size of BDD node table:                            466043
Size of BDD cache:                                 46619
Size of BDD node cleanup queue:                         268 (count: 22657, min: 0, max: 268, avg: 0.01)
Time for BDD node cleanup:                             0.002s
Time for BDD garbage collection:                       0.000s (in 0 runs)

PrecisionBootstrap statistics
-----------------------------
Init. function predicates:                         0
Init. global predicates:                           0
Init. location predicates:                         0

ImpactedCPA statistics
----------------------
  Number of invariants partial hits:                            0
  Number of invariants hits:                                    21
  Number of invariants trys:                                    29
  Number of invariants bots:                                    8
  Number of invariants not valid:                               0
  Initial reached size:                                         1117
  Input invariants file size:                                   6730
  Max impacted number of variables:                             0
  Number of last version invariants:                            297
  Number of this version invariants:                            245
  CPU time for invariant read:                                      1.130s
  CPU time for invariant write:                                     0.160s
  Time for invariant write:                                         0.087s
  Time for invariant read:                                          0.590s

AutomatonAnalysis (SVCOMP) statistics
-------------------------------------
Number of states:                                  1
Total time for successor computation:                  0.013s
Automaton transfers with branching:                0
Automaton transfer successors:                         3517 (count: 3517, min: 1, max: 1, avg: 1.00) [1 x 3517]

CPA algorithm statistics
------------------------
Number of iterations:            2200
Max size of waitlist:            15
Average size of waitlist:        8
Number of computed successors:   2391
Max successors for one state:    2
Number of times merged:          153
Number of times stopped:         213
Number of times abs stopped:     60
Number of times nonAbs stopped:  310
Number of coverage check (part): 370
Number of times doAbstraction node:  613
Number of times breaked:         0

Total time for CPA algorithm:         2.152s (Max:     2.152s)
CPU time for CPA algorithm:           4.530s
  Time for choose from waitlist:      0.005s
  Time for precision adjustment:      1.192s
  Time for transfer relation:         0.793s
  Time for merge operator:            0.068s
  Time for stop operator:             0.015s
  Time for adding to reached set:     0.026s

Predicate-Abstraction Refiner statistics
----------------------------------------
  Predicate creation:                                  0.000s
  Precision update:                                    0.000s
  ARG update:                                          0.000s

Length of refined path (in blocks):                       0 (count: 0, min: 0, max: 0, avg: 0.00)
Number of affected states:                                0 (count: 0, min: 0, max: 0, avg: 0.00)
Length (states) of path with itp 'true':                  0 (count: 0, min: 0, max: 0, avg: 0.00)
Length (states) of path with itp non-trivial itp:         0 (count: 0, min: 0, max: 0, avg: 0.00)
Length (states) of path with itp 'false':                 0 (count: 0, min: 0, max: 0, avg: 0.00)
Different non-trivial interpolants along paths:           0 (count: 0, min: 0, max: 0, avg: 0.00)
Equal non-trivial interpolants along paths:               0 (count: 0, min: 0, max: 0, avg: 0.00)
Different precisions along paths:                         0 (count: 0, min: 0, max: 0, avg: 0.00)
Equal precisions along paths:                             0 (count: 0, min: 0, max: 0, avg: 0.00)
Number of refs with location-based cutoff:                0

CEGAR algorithm statistics
--------------------------
Number of refinements:                0
Refinement times:             0
First time for refinement:             2.152s
Last time for refinement:              2.152s
Average time for analysis:          2.152s
Number of analysis:                1

Code Coverage
-----------------------------
  Visited lines:          3735
  Total lines:            10
  Line coverage:          373.500

CPAchecker general statistics
-----------------------------
Number of program locations:     6183
Number of CFA edges:             7735
Number of relevant variables:    1073
Number of functions:             292
Number of loops:                 37
Size of reached set:             3295
  Number of reached locations:   1870 (30%)
    Avg states per location:     1
    Max states per location:     97 (at node N12)
  Number of reached functions:   22 (8%)
  Number of partitions:          3267
    Avg size of partitions:      1
    Max size of partitions:      4 (with key [N13 (entry of function readl in include/asm/io.h, lines 20-30), -505793145, Init])
  Number of target states:       0

Time for analysis setup:                  13.186s
  Time for cfa diff:                   8.333s
  Time for loading CPAs:                   0.436s
  Time for impacted traverse:              0.017s
  Time for loading parser:        0.034s
  Time for CFA construction:      2.500s
    Time for parsing file(s):     0.554s
    Time for AST to CFA:          0.888s
    Time for CFA sanity check:    0.000s
    Time for post-processing:     0.760s
      Time for var class.:        0.000s
Time for normal Analysis:                         2.153s
CPU time for analysis:                     6.220s
CPU time for impacted:                     0.730s
CPU time for normal analysis:              4.280s
CPU time for init:                         1.940s

Time for Garbage Collector:       0.308s (in 8 runs)
Garbage Collector(s) used:    PS MarkSweep, PS Scavenge
Used heap memory:                332MB (   317 MiB) max;     89MB (    85 MiB) avg;    377MB (   360 MiB) peak
Used non-heap memory:             37MB (    35 MiB) max;     29MB (    28 MiB) avg;     38MB (    37 MiB) peak
Used in PS Old Gen pool:          39MB (    37 MiB) max;     30MB (    29 MiB) avg;     41MB (    39 MiB) peak
Allocated heap memory:           441MB (   421 MiB) max;    291MB (   278 MiB) avg
Allocated non-heap memory:        39MB (    37 MiB) max;     30MB (    29 MiB) avg
Total process virtual memory:  13307MB ( 12691 MiB) max;  13285MB ( 12669 MiB) avg

Verification result: TRUE. No property violation found by chosen configuration.
More details about the verification run can be found in the directory "/home/yqs17/blazer/cpachecker-inc-pred/output-us-precise-cfa/39_7a.gpu--drm--i915--i915.ko.set/007.398c9cb.39_7a.cil_safe.i".
