scripts/cpa.sh -heap 10000M -predicateAnalysis-ABElfb-debug -setprop cpa.impacted.eliminate=true -disable-java-assertions -outputpath /home/yqs17/blazer/cpachecker-inc-pred/output-us-precise-cfa/39_7a.leds--leds-bd2802.ko.set/007.551ea73.39_7a.cil_safe.i -isIncPred -spec /home/yqs17/blazer/cpachecker-inc-pred/LDVErrorLabel.spc -stats -setprop cpa.impacted.pre_invariants.file=/home/yqs17/blazer/cpachecker-inc-pred/output-us-precise-cfa/39_7a.leds--leds-bd2802.ko.set/006.0c8617d.39_7a.cil_safe.i/impacted-invariants.txt -setprop analysis.prev.program=/home/yqs17/blazer/cpachecker-inc-pred/programs/drivers--leds--leds-bd2802.ko/006.0c8617d.39_7a.cil_safe.i -entryfunction ldv_main0_sequence_infinite_withcheck_stateful /home/yqs17/blazer/cpachecker-inc-pred/programs/drivers--leds--leds-bd2802.ko/007.551ea73.39_7a.cil_safe.i


--------------------------------------------------------------------------------


Running CPAchecker with Java heap of size 10000M.
Running CPAchecker with the following extra VM options:  -Djava.io.tmpdir=/tmp/BenchExec_run_b_tq2or7/tmp
Number of modified edges: 119
Begin analysis 
Read invariant objects done
ImpactedCPA statistics
----------------------
  Number of invariants partial hits:                            0
  Number of invariants hits:                                    40
  Number of invariants trys:                                    57
  Number of invariants bots:                                    17
  Number of invariants not valid:                               0
  Initial reached size:                                         863
  Input invariants file size:                                   2488
  Max impacted number of variables:                             0
  Number of last version invariants:                            115
  Number of this version invariants:                            0
  CPU time for invariant read:                                      0.910s
  CPU time for invariant write:                                     0.000s
  Time for invariant write:                                         0.000s
  Time for invariant read:                                          0.477s

AutomatonAnalysis (SVCOMP) statistics
-------------------------------------
Number of states:                                  1
Total time for successor computation:                  0.008s
Automaton transfers with branching:                0
Automaton transfer successors:                          640 (count: 640, min: 1, max: 1, avg: 1.00) [1 x 640]

CPA algorithm statistics
------------------------
Number of iterations:            635
Max size of waitlist:            5
Average size of waitlist:        1
Number of computed successors:   640
Max successors for one state:    2
Number of times merged:          0
Number of times stopped:         1
Number of times abs stopped:     29
Number of times nonAbs stopped:  186
Number of coverage check (part): 215
Number of times doAbstraction node:  129
Number of times breaked:         1

Total time for CPA algorithm:         0.098s (Max:     0.098s)
CPU time for CPA algorithm:           0.640s
  Time for choose from waitlist:      0.002s
  Time for precision adjustment:      0.012s
  Time for transfer relation:         0.061s
  Time for merge operator:            0.000s
  Time for stop operator:             0.005s
  Time for adding to reached set:     0.004s

PredicateCPA statistics
-----------------------
Read Precision Time:                0.000s
Precision file size:                0
Write Precision Time:               0.003s
Number of abstractions:            72 (6% of all post computations)
  Times abstraction was reused:    0
  Because of function entry/exit:  99 (138%)
  Because of loop head:            30 (42%)
  Because of join nodes:           0 (0%)
  Because of threshold:            0 (0%)
  Times precision was empty:       0 (0%)
  Times precision was {false}:     0 (0%)
  Times result was cached:         24 (21%)
  Times cartesian abs was used:    0 (0%)
  Times boolean abs was used:      88 (79%)
  Times result was 'false':        0 (0%)
Number of strengthen sat checks:   0
Number of coverage checks:         215
  BDD entailment checks:           29
Number of SMT sat checks:          889
  trivial:                         415
  cached:                          334

Max ABE block size:                       9
Number of predicates discovered:          5
Number of abstraction locations:          0
Max number of predicates per location:    0
Avg number of predicates per location:    0
Total predicates per abstraction:         385
Max number of predicates per abstraction: 5
Avg number of predicates per abstraction: 4.38
Number of irrelevant predicates:          46 (12%)
Number of preds handled by boolean abs:   339 (88%)
  Total number of models for allsat:      89
  Max number of models for allsat:        2
  Avg number of models for allsat:        1.01

Number of path formula cache hits:   137 (11%)

Time for post operator:                  1.330s
  Time for path formula creation:        0.369s
    Actual computation:                  0.345s
Time for strengthen operator:            0.005s
Time for prec operator:                  0.272s
  Time for abstraction:                  0.098s (Max:     0.006s, Count: 72)
    Boolean abstraction:                 0.097s
    Solving time:                        0.026s (Max:     0.009s)
    Model enumeration time:              0.006s
    Time for BDD construction:           0.020s (Max:     0.008s)
Time for merge operator:                 0.016s
Time for coverage check:                 0.000s
  Time for BDD entailment checks:        0.000s
Total time for SMT solver (w/o itp):     0.757s

Number of BDD nodes:                               221
Size of BDD node table:                            466043
Size of BDD cache:                                 46619
Size of BDD node cleanup queue:                         114 (count: 8030, min: 0, max: 114, avg: 0.01)
Time for BDD node cleanup:                             0.001s
Time for BDD garbage collection:                       0.000s (in 0 runs)

PrecisionBootstrap statistics
-----------------------------
Init. function predicates:                         0
Init. global predicates:                           0
Init. location predicates:                         0

ImpactedCPA statistics
----------------------
  Number of invariants partial hits:                            0
  Number of invariants hits:                                    40
  Number of invariants trys:                                    57
  Number of invariants bots:                                    17
  Number of invariants not valid:                               0
  Initial reached size:                                         863
  Input invariants file size:                                   2488
  Max impacted number of variables:                             0
  Number of last version invariants:                            115
  Number of this version invariants:                            63
  CPU time for invariant read:                                      0.910s
  CPU time for invariant write:                                     0.060s
  Time for invariant write:                                         0.031s
  Time for invariant read:                                          0.477s

AutomatonAnalysis (SVCOMP) statistics
-------------------------------------
Number of states:                                  1
Total time for successor computation:                  0.005s
Automaton transfers with branching:                0
Automaton transfer successors:                         1241 (count: 1241, min: 1, max: 1, avg: 1.00) [1 x 1241]

CPA algorithm statistics
------------------------
Number of iterations:            325
Max size of waitlist:            16
Average size of waitlist:        12
Number of computed successors:   355
Max successors for one state:    2
Number of times merged:          86
Number of times stopped:         115
Number of times abs stopped:     29
Number of times nonAbs stopped:  186
Number of coverage check (part): 215
Number of times doAbstraction node:  129
Number of times breaked:         0

Total time for CPA algorithm:         0.231s (Max:     0.231s)
CPU time for CPA algorithm:           0.640s
  Time for choose from waitlist:      0.001s
  Time for precision adjustment:      0.107s
  Time for transfer relation:         0.074s
  Time for merge operator:            0.027s
  Time for stop operator:             0.008s
  Time for adding to reached set:     0.000s

Predicate-Abstraction Refiner statistics
----------------------------------------
  Predicate creation:                                  0.000s
  Precision update:                                    0.000s
  ARG update:                                          0.000s

Length of refined path (in blocks):                       0 (count: 0, min: 0, max: 0, avg: 0.00)
Number of affected states:                                0 (count: 0, min: 0, max: 0, avg: 0.00)
Length (states) of path with itp 'true':                  0 (count: 0, min: 0, max: 0, avg: 0.00)
Length (states) of path with itp non-trivial itp:         0 (count: 0, min: 0, max: 0, avg: 0.00)
Length (states) of path with itp 'false':                 0 (count: 0, min: 0, max: 0, avg: 0.00)
Different non-trivial interpolants along paths:           0 (count: 0, min: 0, max: 0, avg: 0.00)
Equal non-trivial interpolants along paths:               0 (count: 0, min: 0, max: 0, avg: 0.00)
Different precisions along paths:                         0 (count: 0, min: 0, max: 0, avg: 0.00)
Equal precisions along paths:                             0 (count: 0, min: 0, max: 0, avg: 0.00)
Number of refs with location-based cutoff:                0

CEGAR algorithm statistics
--------------------------
Number of refinements:                0
Refinement times:             0
First time for refinement:             0.231s
Last time for refinement:              0.231s
Average time for analysis:          0.231s
Number of analysis:                1

Code Coverage
-----------------------------
  Visited lines:          2160
  Total lines:            23
  Line coverage:          93.913

CPAchecker general statistics
-----------------------------
Number of program locations:     2314
Number of CFA edges:             2682
Number of relevant variables:    477
Number of functions:             112
Number of loops:                 10
Size of reached set:             1103
  Number of reached locations:   950 (41%)
    Avg states per location:     1
    Max states per location:     6 (at node N68)
  Number of reached functions:   25 (22%)
  Number of partitions:          1103
    Avg size of partitions:      1
    Max size of partitions:      1
  Number of target states:       0

Time for analysis setup:                   8.994s
  Time for cfa diff:                   4.723s
  Time for loading CPAs:                   0.377s
  Time for impacted traverse:              0.013s
  Time for loading parser:        0.030s
  Time for CFA construction:      1.522s
    Time for parsing file(s):     0.421s
    Time for AST to CFA:          0.542s
    Time for CFA sanity check:    0.000s
    Time for post-processing:     0.396s
      Time for var class.:        0.000s
Time for normal Analysis:                         0.232s
CPU time for analysis:                     3.550s
CPU time for impacted:                     0.600s
CPU time for normal analysis:              0.470s
CPU time for init:                         3.080s

Time for Garbage Collector:       0.217s (in 7 runs)
Garbage Collector(s) used:    PS MarkSweep, PS Scavenge
Used heap memory:                173MB (   165 MiB) max;     56MB (    54 MiB) avg;    197MB (   188 MiB) peak
Used non-heap memory:             35MB (    34 MiB) max;     27MB (    26 MiB) avg;     37MB (    35 MiB) peak
Used in PS Old Gen pool:          30MB (    29 MiB) max;     13MB (    12 MiB) avg;     31MB (    30 MiB) peak
Allocated heap memory:           393MB (   375 MiB) max;    206MB (   196 MiB) avg
Allocated non-heap memory:        37MB (    36 MiB) max;     28MB (    27 MiB) avg
Total process virtual memory:  13309MB ( 12692 MiB) max;  13284MB ( 12668 MiB) avg

Verification result: TRUE. No property violation found by chosen configuration.
More details about the verification run can be found in the directory "/home/yqs17/blazer/cpachecker-inc-pred/output-us-precise-cfa/39_7a.leds--leds-bd2802.ko.set/007.551ea73.39_7a.cil_safe.i".
