scripts/cpa.sh -heap 10000M -predicateAnalysis-ABElfb-debug -setprop cpa.impacted.eliminate=true -disable-java-assertions -outputpath /home/yqs17/blazer/cpachecker-inc-pred/output-us-precise-cfa/32_1.mtd--ar7part.ko.set/001.986ee01.32_1.cil_safe.i -stats -spec /home/yqs17/blazer/cpachecker-inc-pred/LDVErrorLabel.spc -entryfunction ldv_main0_sequence_infinite_withcheck_stateful /home/yqs17/blazer/cpachecker-inc-pred/programs/drivers--mtd--ar7part.ko/001.986ee01.32_1.cil_safe.i


--------------------------------------------------------------------------------


Running CPAchecker with Java heap of size 10000M.
Running CPAchecker with the following extra VM options:  -Djava.io.tmpdir=/tmp/BenchExec_run_gibdb5yv/tmp
Begin analysis 
PredicateCPA statistics
-----------------------
Read Precision Time:                0.000s
Precision file size:                0
Write Precision Time:               0.001s
Number of abstractions:            72 (9% of all post computations)
  Times abstraction was reused:    0
  Because of function entry/exit:  38 (53%)
  Because of loop head:            34 (47%)
  Because of join nodes:           0 (0%)
  Because of threshold:            0 (0%)
  Times precision was empty:       31 (43%)
  Times precision was {false}:     11 (15%)
  Times result was cached:         13 (18%)
  Times cartesian abs was used:    0 (0%)
  Times boolean abs was used:      17 (24%)
  Times result was 'false':        4 (6%)
Number of strengthen sat checks:   2
  Times result was 'false':        0 (0%)
Number of coverage checks:         87
  BDD entailment checks:           31
Number of SMT sat checks:          2
  trivial:                         2
  cached:                          0

Max ABE block size:                       25
Number of predicates discovered:          2
Number of abstraction locations:          0
Max number of predicates per location:    0
Avg number of predicates per location:    0
Total predicates per abstraction:         28
Max number of predicates per abstraction: 1
Avg number of predicates per abstraction: 1.00
Number of irrelevant predicates:          11 (39%)
Number of preds handled by boolean abs:   17 (61%)
  Total number of models for allsat:      17
  Max number of models for allsat:        1
  Avg number of models for allsat:        1.00

Number of path formula cache hits:   410 (46%)

Time for post operator:                  0.312s
  Time for path formula creation:        0.265s
    Actual computation:                  0.247s
Time for strengthen operator:            0.004s
  Time for satisfiability checks:        0.000s
Time for prec operator:                  0.285s
  Time for abstraction:                  0.265s (Max:     0.040s, Count: 72)
    Boolean abstraction:                 0.056s
    Solving time:                        0.072s (Max:     0.016s)
    Model enumeration time:              0.000s
    Time for BDD construction:           0.002s (Max:     0.001s)
Time for merge operator:                 0.028s
Time for coverage check:                 0.004s
  Time for BDD entailment checks:        0.004s
Total time for SMT solver (w/o itp):     0.072s

Number of BDD nodes:                               202
Size of BDD node table:                            466043
Size of BDD cache:                                 46619
Size of BDD node cleanup queue:                           0 (count: 1214, min: 0, max: 0, avg: 0.00)
Time for BDD node cleanup:                             0.002s
Time for BDD garbage collection:                       0.000s (in 0 runs)

PrecisionBootstrap statistics
-----------------------------
Init. function predicates:                         0
Init. global predicates:                           0
Init. location predicates:                         0

ImpactedCPA statistics
----------------------
  Number of invariants partial hits:                            0
  Number of invariants hits:                                    0
  Number of invariants trys:                                    0
  Number of invariants bots:                                    0
  Number of invariants not valid:                               0
  Initial reached size:                                         1
  Input invariants file size:                                   0
  Max impacted number of variables:                             0
  Number of last version invariants:                            0
  Number of this version invariants:                            10
  CPU time for invariant read:                                      0.000s
  CPU time for invariant write:                                     0.030s
  Time for invariant write:                                         0.020s
  Time for invariant read:                                          0.000s

AutomatonAnalysis (SVCOMP) statistics
-------------------------------------
Number of states:                                  1
Total time for successor computation:                  0.015s
Automaton transfers with branching:                0
Automaton transfer successors:                          838 (count: 838, min: 1, max: 1, avg: 1.00) [1 x 838]

CPA algorithm statistics
------------------------
Number of iterations:            774
Max size of waitlist:            10
Average size of waitlist:        4
Number of computed successors:   838
Max successors for one state:    2
Number of times merged:          28
Number of times stopped:         57
Number of times abs stopped:     29
Number of times nonAbs stopped:  56
Number of coverage check (part): 87
Number of times doAbstraction node:  72
Number of times breaked:         2

Total time for CPA algorithm:         0.818s (Max:     0.347s)
CPU time for CPA algorithm:           1.620s
  Time for choose from waitlist:      0.006s
  Time for precision adjustment:      0.318s
  Time for transfer relation:         0.399s
  Time for merge operator:            0.033s
  Time for stop operator:             0.011s
  Time for adding to reached set:     0.010s

Predicate-Abstraction Refiner statistics
----------------------------------------
Avg. length of target path (in blocks):                  15 (count: 2, min: 5, max: 10, avg: 7.50)
Number of infeasible sliced prefixes:                     0 (count: 0, min: 0, max: 0, avg: 0.00)

Time for refinement:                                   0.143s
  Counterexample analysis:                0.123s (Max:     0.066s, Calls: 2)
    Refinement sat check:                 0.045s
    Interpolant computation:              0.000s
  Error path post-processing:                          0.000s
  Path-formulas extraction:                            0.000s
  Building the counterexample trace:                   0.123s
  Extracting precise counterexample:                   0.000s
  Extracting infeasible sliced prefixes:               0.000s
  Selecting infeasible sliced prefixes:                0.000s
  Predicate creation:                                  0.003s
  Precision update:                                    0.002s
  ARG update:                                          0.013s

Length of refined path (in blocks):                      13 (count: 2, min: 4, max: 9, avg: 6.50)
Number of affected states:                               11 (count: 2, min: 3, max: 8, avg: 5.50)
Length (states) of path with itp 'true':                  0 (count: 2, min: 0, max: 0, avg: 0.00)
Length (states) of path with itp non-trivial itp:        11 (count: 2, min: 3, max: 8, avg: 5.50)
Length (states) of path with itp 'false':                 2 (count: 2, min: 1, max: 1, avg: 1.00)
Different non-trivial interpolants along paths:           0 (count: 2, min: 0, max: 0, avg: 0.00)
Equal non-trivial interpolants along paths:               9 (count: 2, min: 2, max: 7, avg: 4.50)
Different precisions along paths:                         0 (count: 0, min: 0, max: 0, avg: 0.00)
Equal precisions along paths:                             0 (count: 0, min: 0, max: 0, avg: 0.00)
Number of refs with location-based cutoff:                0

CEGAR algorithm statistics
--------------------------
Number of refinements:                2
Number of successful refinements:     2
Number of failed refinements:         0
Max. size of reached set before ref.: 447
Max. size of reached set after ref.:  129
Avg. size of reached set before ref.: 369.00
Avg. size of reached set after ref.:  129.00

Total time for CEGAR algorithm:       0.978s
CPU time for CEGAR algorithm:         1.930s
Time for refinements:                 0.152s
CPU time for refinements:             0.290s
Average time for refinement:          0.076s
Max time for refinement:              0.079s
First time for refinement:             0.275s
Last time for refinement:              0.175s
Average time for analysis:          0.275s
Number of analysis:                3

Code Coverage
-----------------------------
  Visited lines:          528
  Total lines:            86
  Line coverage:          6.140

CPAchecker general statistics
-----------------------------
Number of program locations:     334
Number of CFA edges:             360
Number of relevant variables:    25
Number of functions:             13
Number of loops:                 4
Size of reached set:             298
  Number of reached locations:   256 (77%)
    Avg states per location:     1
    Max states per location:     3 (at node N0)
  Number of reached functions:   4 (31%)
  Number of partitions:          298
    Avg size of partitions:      1
    Max size of partitions:      1
  Number of target states:       0

Time for analysis setup:                   1.029s
  Time for cfa diff:                   0.000s
  Time for loading CPAs:                   0.346s
  Time for impacted traverse:              0.002s
  Time for loading parser:        0.025s
  Time for CFA construction:      0.555s
    Time for parsing file(s):     0.192s
    Time for AST to CFA:          0.197s
    Time for CFA sanity check:    0.000s
    Time for post-processing:     0.096s
      Time for var class.:        0.000s
Time for normal Analysis:                         0.978s
CPU time for analysis:                     1.930s
CPU time for impacted:                     0.000s
CPU time for normal analysis:              1.940s
CPU time for init:                         0.000s

Time for Garbage Collector:       0.025s (in 2 runs)
Garbage Collector(s) used:    PS MarkSweep, PS Scavenge
Used heap memory:                 72MB (    68 MiB) max;     38MB (    36 MiB) avg;     78MB (    74 MiB) peak
Used non-heap memory:             30MB (    29 MiB) max;     23MB (    22 MiB) avg;     32MB (    30 MiB) peak
Used in PS Old Gen pool:          13MB (    12 MiB) max;      7MB (     6 MiB) avg;     13MB (    12 MiB) peak
Allocated heap memory:           190MB (   182 MiB) max;    170MB (   163 MiB) avg
Allocated non-heap memory:        31MB (    29 MiB) max;     23MB (    22 MiB) avg
Total process virtual memory:  13238MB ( 12625 MiB) max;  13234MB ( 12621 MiB) avg

Verification result: TRUE. No property violation found by chosen configuration.
More details about the verification run can be found in the directory "/home/yqs17/blazer/cpachecker-inc-pred/output-us-precise-cfa/32_1.mtd--ar7part.ko.set/001.986ee01.32_1.cil_safe.i".
