scripts/cpa.sh -heap 10000M -predicateAnalysis-ABElfb-debug -setprop cpa.impacted.eliminate=true -disable-java-assertions -outputpath /home/yqs17/blazer/cpachecker-inc-pred/output-us-precise-cfa/08_1a.net--phy--dp83640.ko.set/003.ae6e86b.08_1a.cil_safe.i -isIncPred -spec /home/yqs17/blazer/cpachecker-inc-pred/LDVErrorLabel.spc -stats -setprop cpa.impacted.pre_invariants.file=/home/yqs17/blazer/cpachecker-inc-pred/output-us-precise-cfa/08_1a.net--phy--dp83640.ko.set/002.2331038.08_1a.cil_safe.i/impacted-invariants.txt -setprop analysis.prev.program=/home/yqs17/blazer/cpachecker-inc-pred/programs/drivers--net--phy--dp83640.ko/002.2331038.08_1a.cil_safe.i -entryfunction ldv_main0_sequence_infinite_withcheck_stateful /home/yqs17/blazer/cpachecker-inc-pred/programs/drivers--net--phy--dp83640.ko/003.ae6e86b.08_1a.cil_safe.i


--------------------------------------------------------------------------------


Running CPAchecker with Java heap of size 10000M.
Running CPAchecker with the following extra VM options:  -Djava.io.tmpdir=/tmp/BenchExec_run_y7eklnq4/tmp
Number of modified edges: 0
Begin analysis 
Read invariant objects done
PredicateCPA statistics
-----------------------
Read Precision Time:                0.000s
Precision file size:                0
Write Precision Time:               0.003s
Number of abstractions:            95 (5% of all post computations)
  Times abstraction was reused:    0
  Because of function entry/exit:  171 (180%)
  Because of loop head:            28 (29%)
  Because of join nodes:           0 (0%)
  Because of threshold:            0 (0%)
  Times precision was empty:       0 (0%)
  Times precision was {false}:     0 (0%)
  Times result was cached:         46 (27%)
  Times cartesian abs was used:    0 (0%)
  Times boolean abs was used:      125 (73%)
  Times result was 'false':        0 (0%)
Number of strengthen sat checks:   0
Number of coverage checks:         318
  BDD entailment checks:           40
Number of SMT sat checks:          1526
  trivial:                         730
  cached:                          464

Max ABE block size:                       15
Number of predicates discovered:          5
Number of abstraction locations:          0
Max number of predicates per location:    0
Avg number of predicates per location:    0
Total predicates per abstraction:         555
Max number of predicates per abstraction: 5
Avg number of predicates per abstraction: 4.44
Number of irrelevant predicates:          53 (10%)
Number of preds handled by boolean abs:   502 (90%)
  Total number of models for allsat:      241
  Max number of models for allsat:        4
  Avg number of models for allsat:        1.93

Number of path formula cache hits:   200 (10%)

Time for post operator:                  1.528s
  Time for path formula creation:        0.504s
    Actual computation:                  0.466s
Time for strengthen operator:            0.009s
Time for prec operator:                  0.595s
  Time for abstraction:                  0.138s (Max:     0.009s, Count: 95)
    Boolean abstraction:                 0.207s
    Solving time:                        0.060s (Max:     0.007s)
    Model enumeration time:              0.041s
    Time for BDD construction:           0.010s (Max:     0.002s)
Time for merge operator:                 0.053s
Time for coverage check:                 0.000s
  Time for BDD entailment checks:        0.000s
Total time for SMT solver (w/o itp):     0.840s

Number of BDD nodes:                               261
Size of BDD node table:                            466043
Size of BDD cache:                                 46619
Size of BDD node cleanup queue:                         100 (count: 7879, min: 0, max: 100, avg: 0.01)
Time for BDD node cleanup:                             0.005s
Time for BDD garbage collection:                       0.000s (in 0 runs)

PrecisionBootstrap statistics
-----------------------------
Init. function predicates:                         0
Init. global predicates:                           0
Init. location predicates:                         0

ImpactedCPA statistics
----------------------
  Number of invariants partial hits:                            0
  Number of invariants hits:                                    76
  Number of invariants trys:                                    104
  Number of invariants bots:                                    29
  Number of invariants not valid:                               1
  Initial reached size:                                         1456
  Input invariants file size:                                   3518
  Max impacted number of variables:                             0
  Number of last version invariants:                            176
  Number of this version invariants:                            90
  CPU time for invariant read:                                      0.590s
  CPU time for invariant write:                                     0.110s
  Time for invariant write:                                         0.055s
  Time for invariant read:                                          0.300s

AutomatonAnalysis (SVCOMP) statistics
-------------------------------------
Number of states:                                  1
Total time for successor computation:                  0.023s
Automaton transfers with branching:                0
Automaton transfer successors:                         1945 (count: 1945, min: 1, max: 1, avg: 1.00) [1 x 1945]

CPA algorithm statistics
------------------------
Number of iterations:            394
Max size of waitlist:            20
Average size of waitlist:        14
Number of computed successors:   420
Max successors for one state:    2
Number of times merged:          98
Number of times stopped:         138
Number of times abs stopped:     40
Number of times nonAbs stopped:  278
Number of coverage check (part): 318
Number of times doAbstraction node:  199
Number of times breaked:         0

Total time for CPA algorithm:         0.318s (Max:     0.318s)
CPU time for CPA algorithm:           0.640s
  Time for choose from waitlist:      0.003s
  Time for precision adjustment:      0.152s
  Time for transfer relation:         0.114s
  Time for merge operator:            0.017s
  Time for stop operator:             0.006s
  Time for adding to reached set:     0.003s

Predicate-Abstraction Refiner statistics
----------------------------------------
  Predicate creation:                                  0.000s
  Precision update:                                    0.000s
  ARG update:                                          0.000s

Length of refined path (in blocks):                       0 (count: 0, min: 0, max: 0, avg: 0.00)
Number of affected states:                                0 (count: 0, min: 0, max: 0, avg: 0.00)
Length (states) of path with itp 'true':                  0 (count: 0, min: 0, max: 0, avg: 0.00)
Length (states) of path with itp non-trivial itp:         0 (count: 0, min: 0, max: 0, avg: 0.00)
Length (states) of path with itp 'false':                 0 (count: 0, min: 0, max: 0, avg: 0.00)
Different non-trivial interpolants along paths:           0 (count: 0, min: 0, max: 0, avg: 0.00)
Equal non-trivial interpolants along paths:               0 (count: 0, min: 0, max: 0, avg: 0.00)
Different precisions along paths:                         0 (count: 0, min: 0, max: 0, avg: 0.00)
Equal precisions along paths:                             0 (count: 0, min: 0, max: 0, avg: 0.00)
Number of refs with location-based cutoff:                0

CEGAR algorithm statistics
--------------------------
Number of refinements:                0
Refinement times:             0
First time for refinement:             0.318s
Last time for refinement:              0.318s
Average time for analysis:          0.318s
Number of analysis:                1

Code Coverage
-----------------------------
  Visited lines:          4277
  Total lines:            4
  Line coverage:          1069.250

CPAchecker general statistics
-----------------------------
Number of program locations:     2160
Number of CFA edges:             2508
Number of relevant variables:    362
Number of functions:             71
Number of loops:                 13
Size of reached set:             1738
  Number of reached locations:   1496 (69%)
    Avg states per location:     1
    Max states per location:     15 (at node N178)
  Number of reached functions:   40 (56%)
  Number of partitions:          1729
    Avg size of partitions:      1
    Max size of partitions:      2 (with key [N179 (entry of function broadcast_write in /work/ldvuser/novikov/work/current--X--drivers/net/phy/dp83640.ko--X--defaultlinux--X--08_1a--X--cpachecker/linux/csd_deg_dscv/11/dscv_tempdir/dscv/ri/08_1a/drivers/net/phy/dp83640.c.prepared, lines 164-174), -68648597, Init])
  Number of target states:       0

Time for analysis setup:                   7.959s
  Time for cfa diff:                   3.133s
  Time for loading CPAs:                   0.375s
  Time for impacted traverse:              0.011s
  Time for loading parser:        0.034s
  Time for CFA construction:      1.559s
    Time for parsing file(s):     0.452s
    Time for AST to CFA:          0.572s
    Time for CFA sanity check:    0.000s
    Time for post-processing:     0.370s
      Time for var class.:        0.000s
Time for normal Analysis:                         0.319s
CPU time for analysis:                     5.350s
CPU time for impacted:                     0.000s
CPU time for normal analysis:              0.640s
CPU time for init:                         4.710s

Time for Garbage Collector:       0.242s (in 7 runs)
Garbage Collector(s) used:    PS MarkSweep, PS Scavenge
Used heap memory:                178MB (   170 MiB) max;     71MB (    68 MiB) avg;    198MB (   189 MiB) peak
Used non-heap memory:             37MB (    35 MiB) max;     27MB (    26 MiB) avg;     38MB (    36 MiB) peak
Used in PS Old Gen pool:          25MB (    24 MiB) max;     14MB (    13 MiB) avg;     32MB (    31 MiB) peak
Allocated heap memory:           351MB (   335 MiB) max;    222MB (   212 MiB) avg
Allocated non-heap memory:        38MB (    37 MiB) max;     29MB (    27 MiB) avg
Total process virtual memory:  13308MB ( 12692 MiB) max;  13282MB ( 12667 MiB) avg

Verification result: TRUE. No property violation found by chosen configuration.
More details about the verification run can be found in the directory "/home/yqs17/blazer/cpachecker-inc-pred/output-us-precise-cfa/08_1a.net--phy--dp83640.ko.set/003.ae6e86b.08_1a.cil_safe.i".
