scripts/cpa.sh -heap 10000M -predicateAnalysis-ABElfb-debug -setprop cpa.impacted.eliminate=true -disable-java-assertions -outputpath /home/yqs17/blazer/cpachecker-inc-pred/output-us-precise-cfa/39_7a.input--mouse--vsxxxaa.ko.set/012.21602325.39_7a.cil_safe.i -isIncPred -spec /home/yqs17/blazer/cpachecker-inc-pred/LDVErrorLabel.spc -stats -setprop cpa.impacted.pre_invariants.file=/home/yqs17/blazer/cpachecker-inc-pred/output-us-precise-cfa/39_7a.input--mouse--vsxxxaa.ko.set/011.dd0d544.39_7a.cil_safe.i/impacted-invariants.txt -setprop analysis.prev.program=/home/yqs17/blazer/cpachecker-inc-pred/programs/drivers--input--mouse--vsxxxaa.ko/011.dd0d544.39_7a.cil_safe.i -entryfunction ldv_main0_sequence_infinite_withcheck_stateful /home/yqs17/blazer/cpachecker-inc-pred/programs/drivers--input--mouse--vsxxxaa.ko/012.21602325.39_7a.cil_safe.i


--------------------------------------------------------------------------------


Running CPAchecker with Java heap of size 10000M.
Running CPAchecker with the following extra VM options:  -Djava.io.tmpdir=/tmp/BenchExec_run_0in3rm_d/tmp
Number of modified edges: 60
Begin analysis 
Read invariant objects done
ImpactedCPA statistics
----------------------
  Number of invariants partial hits:                            0
  Number of invariants hits:                                    2
  Number of invariants trys:                                    2
  Number of invariants bots:                                    1
  Number of invariants not valid:                               1
  Initial reached size:                                         452
  Input invariants file size:                                   3623
  Max impacted number of variables:                             0
  Number of last version invariants:                            104
  Number of this version invariants:                            0
  CPU time for invariant read:                                      0.810s
  CPU time for invariant write:                                     0.000s
  Time for invariant write:                                         0.000s
  Time for invariant read:                                          0.422s

AutomatonAnalysis (SVCOMP) statistics
-------------------------------------
Number of states:                                  1
Total time for successor computation:                  0.004s
Automaton transfers with branching:                0
Automaton transfer successors:                          489 (count: 489, min: 1, max: 1, avg: 1.00) [1 x 489]

CPA algorithm statistics
------------------------
Number of iterations:            484
Max size of waitlist:            5
Average size of waitlist:        1
Number of computed successors:   489
Max successors for one state:    2
Number of times merged:          0
Number of times stopped:         1
Number of times abs stopped:     89
Number of times nonAbs stopped:  166
Number of coverage check (part): 259
Number of times doAbstraction node:  625
Number of times breaked:         1

Total time for CPA algorithm:         0.073s (Max:     0.073s)
CPU time for CPA algorithm:           4.620s
  Time for choose from waitlist:      0.001s
  Time for precision adjustment:      0.011s
  Time for transfer relation:         0.042s
  Time for merge operator:            0.000s
  Time for stop operator:             0.005s
  Time for adding to reached set:     0.006s

PredicateCPA statistics
-----------------------
Read Precision Time:                0.000s
Precision file size:                1543
Write Precision Time:               0.004s
Number of abstractions:            623 (19% of all post computations)
  Times abstraction was reused:    0
  Because of function entry/exit:  578 (93%)
  Because of loop head:            47 (8%)
  Because of join nodes:           0 (0%)
  Because of threshold:            0 (0%)
  Times precision was empty:       0 (0%)
  Times precision was {false}:     0 (0%)
  Times result was cached:         377 (60%)
  Times cartesian abs was used:    0 (0%)
  Times boolean abs was used:      248 (40%)
  Times result was 'false':        13 (2%)
Number of strengthen sat checks:   0
Number of coverage checks:         259
  BDD entailment checks:           93
Number of SMT sat checks:          452
  trivial:                         339
  cached:                          96

Max ABE block size:                       23
Number of predicates discovered:          12
Number of abstraction locations:          0
Max number of predicates per location:    0
Avg number of predicates per location:    0
Total predicates per abstraction:         1977
Max number of predicates per abstraction: 8
Avg number of predicates per abstraction: 7.97
Number of irrelevant predicates:          494 (25%)
Number of preds handled by boolean abs:   1483 (75%)
  Total number of models for allsat:      240
  Max number of models for allsat:        1
  Avg number of models for allsat:        0.97

Number of path formula cache hits:   376 (11%)

Time for post operator:                  0.764s
  Time for path formula creation:        0.598s
    Actual computation:                  0.536s
Time for strengthen operator:            0.021s
Time for prec operator:                  1.279s
  Time for abstraction:                  1.190s (Max:     0.028s, Count: 623)
    Boolean abstraction:                 0.470s
    Solving time:                        0.162s (Max:     0.010s)
    Model enumeration time:              0.009s
    Time for BDD construction:           0.014s (Max:     0.002s)
Time for merge operator:                 0.040s
Time for coverage check:                 0.006s
  Time for BDD entailment checks:        0.006s
Total time for SMT solver (w/o itp):     0.229s

Number of BDD nodes:                               275
Size of BDD node table:                            466043
Size of BDD cache:                                 46619
Size of BDD node cleanup queue:                         196 (count: 7203, min: 0, max: 196, avg: 0.03)
Time for BDD node cleanup:                             0.001s
Time for BDD garbage collection:                       0.000s (in 0 runs)

PrecisionBootstrap statistics
-----------------------------
Init. function predicates:                         0
Init. global predicates:                           0
Init. location predicates:                         0

ImpactedCPA statistics
----------------------
  Number of invariants partial hits:                            0
  Number of invariants hits:                                    2
  Number of invariants trys:                                    2
  Number of invariants bots:                                    1
  Number of invariants not valid:                               1
  Initial reached size:                                         452
  Input invariants file size:                                   3623
  Max impacted number of variables:                             0
  Number of last version invariants:                            104
  Number of this version invariants:                            102
  CPU time for invariant read:                                      0.810s
  CPU time for invariant write:                                     0.090s
  Time for invariant write:                                         0.050s
  Time for invariant read:                                          0.422s

AutomatonAnalysis (SVCOMP) statistics
-------------------------------------
Number of states:                                  1
Total time for successor computation:                  0.042s
Automaton transfers with branching:                0
Automaton transfer successors:                         3240 (count: 3240, min: 1, max: 1, avg: 1.00) [1 x 3240]

CPA algorithm statistics
------------------------
Number of iterations:            2611
Max size of waitlist:            22
Average size of waitlist:        13
Number of computed successors:   2788
Max successors for one state:    2
Number of times merged:          83
Number of times stopped:         172
Number of times abs stopped:     89
Number of times nonAbs stopped:  166
Number of coverage check (part): 259
Number of times doAbstraction node:  625
Number of times breaked:         0

Total time for CPA algorithm:         2.252s (Max:     2.252s)
CPU time for CPA algorithm:           4.620s
  Time for choose from waitlist:      0.003s
  Time for precision adjustment:      1.297s
  Time for transfer relation:         0.733s
  Time for merge operator:            0.054s
  Time for stop operator:             0.039s
  Time for adding to reached set:     0.042s

Predicate-Abstraction Refiner statistics
----------------------------------------
  Predicate creation:                                  0.000s
  Precision update:                                    0.000s
  ARG update:                                          0.000s

Length of refined path (in blocks):                       0 (count: 0, min: 0, max: 0, avg: 0.00)
Number of affected states:                                0 (count: 0, min: 0, max: 0, avg: 0.00)
Length (states) of path with itp 'true':                  0 (count: 0, min: 0, max: 0, avg: 0.00)
Length (states) of path with itp non-trivial itp:         0 (count: 0, min: 0, max: 0, avg: 0.00)
Length (states) of path with itp 'false':                 0 (count: 0, min: 0, max: 0, avg: 0.00)
Different non-trivial interpolants along paths:           0 (count: 0, min: 0, max: 0, avg: 0.00)
Equal non-trivial interpolants along paths:               0 (count: 0, min: 0, max: 0, avg: 0.00)
Different precisions along paths:                         0 (count: 0, min: 0, max: 0, avg: 0.00)
Equal precisions along paths:                             0 (count: 0, min: 0, max: 0, avg: 0.00)
Number of refs with location-based cutoff:                0

CEGAR algorithm statistics
--------------------------
Number of refinements:                0
Refinement times:             0
First time for refinement:             2.252s
Last time for refinement:              2.252s
Average time for analysis:          2.252s
Number of analysis:                1

Code Coverage
-----------------------------
  Visited lines:          1910
  Total lines:            13
  Line coverage:          146.923

CPAchecker general statistics
-----------------------------
Number of program locations:     1516
Number of CFA edges:             1770
Number of relevant variables:    194
Number of functions:             93
Number of loops:                 8
Size of reached set:             3055
  Number of reached locations:   915 (60%)
    Avg states per location:     3
    Max states per location:     81 (at node N0)
  Number of reached functions:   29 (31%)
  Number of partitions:          3024
    Avg size of partitions:      1
    Max size of partitions:      6 (with key [N273 (entry of function vsxxxaa_drop_bytes in /work/ldvuser/novikov/work/current--X--drivers/input/mouse/vsxxxaa.ko--X--defaultlinux--X--39_7a--X--cpachecker/linux/csd_deg_dscv/11/dscv_tempdir/dscv/ri/39_7a/drivers/input/mouse/vsxxxaa.c.prepared, lines 179-198), 942252574, Init])
  Number of target states:       0

Time for analysis setup:                   6.538s
  Time for cfa diff:                   4.061s
  Time for loading CPAs:                   0.364s
  Time for impacted traverse:              0.009s
  Time for loading parser:        0.036s
  Time for CFA construction:      1.166s
    Time for parsing file(s):     0.331s
    Time for AST to CFA:          0.423s
    Time for CFA sanity check:    0.000s
    Time for post-processing:     0.278s
      Time for var class.:        0.000s
Time for normal Analysis:                         2.252s
CPU time for analysis:                     5.020s
CPU time for impacted:                     0.550s
CPU time for normal analysis:              4.490s
CPU time for init:                         0.530s

Time for Garbage Collector:       0.189s (in 6 runs)
Garbage Collector(s) used:    PS MarkSweep, PS Scavenge
Used heap memory:                182MB (   173 MiB) max;     73MB (    70 MiB) avg;    193MB (   184 MiB) peak
Used non-heap memory:             35MB (    34 MiB) max;     26MB (    25 MiB) avg;     37MB (    35 MiB) peak
Used in PS Old Gen pool:          22MB (    21 MiB) max;      9MB (     9 MiB) avg;     27MB (    26 MiB) peak
Allocated heap memory:           261MB (   249 MiB) max;    206MB (   196 MiB) avg
Allocated non-heap memory:        37MB (    36 MiB) max;     28MB (    26 MiB) avg
Total process virtual memory:  13307MB ( 12691 MiB) max;  13287MB ( 12671 MiB) avg

Verification result: TRUE. No property violation found by chosen configuration.
More details about the verification run can be found in the directory "/home/yqs17/blazer/cpachecker-inc-pred/output-us-precise-cfa/39_7a.input--mouse--vsxxxaa.ko.set/012.21602325.39_7a.cil_safe.i".
