scripts/cpa.sh -heap 10000M -predicateAnalysis-ABElfb-debug -setprop cpa.impacted.eliminate=true -disable-java-assertions -outputpath /home/yqs17/blazer/cpachecker-inc-pred/output-us-precise-cfa/08_1a.gpu--drm--i915--i915.ko.set/059.b670d81.08_1a.cil_safe.i -isIncPred -spec /home/yqs17/blazer/cpachecker-inc-pred/LDVErrorLabel.spc -stats -setprop cpa.impacted.pre_invariants.file=/home/yqs17/blazer/cpachecker-inc-pred/output-us-precise-cfa/08_1a.gpu--drm--i915--i915.ko.set/058.ce44b0e.08_1a.cil_safe.i/impacted-invariants.txt -setprop analysis.prev.program=/home/yqs17/blazer/cpachecker-inc-pred/programs/drivers--gpu--drm--i915--i915.ko/058.ce44b0e.08_1a.cil_safe.i -entryfunction ldv_main0_sequence_infinite_withcheck_stateful /home/yqs17/blazer/cpachecker-inc-pred/programs/drivers--gpu--drm--i915--i915.ko/059.b670d81.08_1a.cil_safe.i


--------------------------------------------------------------------------------


Running CPAchecker with Java heap of size 10000M.
Running CPAchecker with the following extra VM options:  -Djava.io.tmpdir=/tmp/BenchExec_run_ijozn5nl/tmp
Number of modified edges: 4
Begin analysis 
Read invariant objects done
PredicateCPA statistics
-----------------------
Read Precision Time:                0.000s
Precision file size:                0
Write Precision Time:               0.001s
Number of abstractions:            0 (0% of all post computations)
Number of strengthen sat checks:   0
Number of coverage checks:         2
  BDD entailment checks:           0
Number of SMT sat checks:          997
  trivial:                         619
  cached:                          362

Max ABE block size:                       0
Number of predicates discovered:          1
Number of abstraction locations:          0
Max number of predicates per location:    0
Avg number of predicates per location:    0
Total predicates per abstraction:         4
Max number of predicates per abstraction: 1
Avg number of predicates per abstraction: 1.00
Number of irrelevant predicates:          0 (0%)
Number of preds handled by boolean abs:   4 (100%)
  Total number of models for allsat:      4
  Max number of models for allsat:        1
  Avg number of models for allsat:        1.00

Number of path formula cache hits:   1 (0%)

Time for post operator:                  0.420s
  Time for path formula creation:        0.159s
    Actual computation:                  0.146s
Time for strengthen operator:            0.007s
Time for prec operator:                  0.044s
Time for merge operator:                 0.002s
Time for coverage check:                 0.000s
Total time for SMT solver (w/o itp):     0.155s

Number of BDD nodes:                               202
Size of BDD node table:                            466043
Size of BDD cache:                                 46619
Size of BDD node cleanup queue:                           0 (count: 24797, min: 0, max: 0, avg: 0.00)
Time for BDD node cleanup:                             0.003s
Time for BDD garbage collection:                       0.000s (in 0 runs)

PrecisionBootstrap statistics
-----------------------------
Init. function predicates:                         0
Init. global predicates:                           0
Init. location predicates:                         0

ImpactedCPA statistics
----------------------
  Number of invariants partial hits:                            0
  Number of invariants hits:                                    4
  Number of invariants trys:                                    5
  Number of invariants bots:                                    1
  Number of invariants not valid:                               0
  Initial reached size:                                         996
  Input invariants file size:                                   1679
  Max impacted number of variables:                             0
  Number of last version invariants:                            122
  Number of this version invariants:                            4
  CPU time for invariant read:                                      0.590s
  CPU time for invariant write:                                     0.070s
  Time for invariant write:                                         0.040s
  Time for invariant read:                                          0.328s

AutomatonAnalysis (SVCOMP) statistics
-------------------------------------
Number of states:                                  1
Total time for successor computation:                  0.019s
Automaton transfers with branching:                0
Automaton transfer successors:                          997 (count: 997, min: 1, max: 1, avg: 1.00) [1 x 997]

CPA algorithm statistics
------------------------
Number of iterations:            2
Max size of waitlist:            1
Average size of waitlist:        1
Number of computed successors:   1
Max successors for one state:    1
Number of times merged:          1
Number of times stopped:         1
Number of times abs stopped:     0
Number of times nonAbs stopped:  2
Number of coverage check (part): 2
Number of times doAbstraction node:  5
Number of times breaked:         0

Total time for CPA algorithm:         0.005s (Max:     0.005s)
CPU time for CPA algorithm:           0.020s
  Time for choose from waitlist:      0.000s
  Time for precision adjustment:      0.001s
  Time for transfer relation:         0.000s
  Time for merge operator:            0.003s
  Time for stop operator:             0.000s
  Time for adding to reached set:     0.000s

Predicate-Abstraction Refiner statistics
----------------------------------------
  Predicate creation:                                  0.000s
  Precision update:                                    0.000s
  ARG update:                                          0.000s

Length of refined path (in blocks):                       0 (count: 0, min: 0, max: 0, avg: 0.00)
Number of affected states:                                0 (count: 0, min: 0, max: 0, avg: 0.00)
Length (states) of path with itp 'true':                  0 (count: 0, min: 0, max: 0, avg: 0.00)
Length (states) of path with itp non-trivial itp:         0 (count: 0, min: 0, max: 0, avg: 0.00)
Length (states) of path with itp 'false':                 0 (count: 0, min: 0, max: 0, avg: 0.00)
Different non-trivial interpolants along paths:           0 (count: 0, min: 0, max: 0, avg: 0.00)
Equal non-trivial interpolants along paths:               0 (count: 0, min: 0, max: 0, avg: 0.00)
Different precisions along paths:                         0 (count: 0, min: 0, max: 0, avg: 0.00)
Equal precisions along paths:                             0 (count: 0, min: 0, max: 0, avg: 0.00)
Number of refs with location-based cutoff:                0

CEGAR algorithm statistics
--------------------------
Number of refinements:                0
Refinement times:             0
First time for refinement:             0.006s
Last time for refinement:              0.006s
Average time for analysis:          0.006s
Number of analysis:                1

Code Coverage
-----------------------------
  Visited lines:          3599
  Total lines:            5
  Line coverage:          719.800

CPAchecker general statistics
-----------------------------
Number of program locations:     8105
Number of CFA edges:             10389
Number of relevant variables:    1826
Number of functions:             221
Number of loops:                 61
Size of reached set:             996
  Number of reached locations:   996 (12%)
    Avg states per location:     1
    Max states per location:     1 (at node N41)
  Number of reached functions:   3 (1%)
  Number of partitions:          996
    Avg size of partitions:      1
    Max size of partitions:      1
  Number of target states:       0

Time for analysis setup:                  14.412s
  Time for cfa diff:                  10.031s
  Time for loading CPAs:                   0.449s
  Time for impacted traverse:              0.028s
  Time for loading parser:        0.027s
  Time for CFA construction:      2.767s
    Time for parsing file(s):     0.576s
    Time for AST to CFA:          1.100s
    Time for CFA sanity check:    0.000s
    Time for post-processing:     0.782s
      Time for var class.:        0.000s
Time for normal Analysis:                         0.006s
CPU time for analysis:                     1.240s
CPU time for impacted:                     0.000s
CPU time for normal analysis:              0.020s
CPU time for init:                         1.220s

Time for Garbage Collector:       0.377s (in 8 runs)
Garbage Collector(s) used:    PS MarkSweep, PS Scavenge
Used heap memory:                213MB (   203 MiB) max;    146MB (   139 MiB) avg;    233MB (   223 MiB) peak
Used non-heap memory:             36MB (    34 MiB) max;     27MB (    26 MiB) avg;     36MB (    34 MiB) peak
Used in PS Old Gen pool:          50MB (    48 MiB) max;     39MB (    37 MiB) avg;     54MB (    52 MiB) peak
Allocated heap memory:           452MB (   431 MiB) max;    266MB (   254 MiB) avg
Allocated non-heap memory:        37MB (    35 MiB) max;     28MB (    27 MiB) avg
Total process virtual memory:  13307MB ( 12691 MiB) max;  13279MB ( 12664 MiB) avg

Verification result: TRUE. No property violation found by chosen configuration.
More details about the verification run can be found in the directory "/home/yqs17/blazer/cpachecker-inc-pred/output-us-precise-cfa/08_1a.gpu--drm--i915--i915.ko.set/059.b670d81.08_1a.cil_safe.i".
