scripts/cpa.sh -heap 10000M -predicateAnalysis-ABElfb-debug -setprop cpa.impacted.eliminate=true -disable-java-assertions -outputpath /home/yqs17/blazer/cpachecker-inc-pred/output-us-precise-cfa/32_7a.usb--serial--mos7840.ko.set/058.5833041.32_7a.cil_safe.i -isIncPred -spec /home/yqs17/blazer/cpachecker-inc-pred/LDVErrorLabel.spc -stats -setprop cpa.impacted.pre_invariants.file=/home/yqs17/blazer/cpachecker-inc-pred/output-us-precise-cfa/32_7a.usb--serial--mos7840.ko.set/057.6580a67.32_7a.cil_safe.i/impacted-invariants.txt -setprop analysis.prev.program=/home/yqs17/blazer/cpachecker-inc-pred/programs/drivers--usb--serial--mos7840.ko/057.6580a67.32_7a.cil_safe.i -entryfunction ldv_main0_sequence_infinite_withcheck_stateful /home/yqs17/blazer/cpachecker-inc-pred/programs/drivers--usb--serial--mos7840.ko/058.5833041.32_7a.cil_safe.i


--------------------------------------------------------------------------------


Running CPAchecker with Java heap of size 10000M.
Running CPAchecker with the following extra VM options:  -Djava.io.tmpdir=/tmp/BenchExec_run_4kz6hia0/tmp
Number of modified edges: 85
Begin analysis 
Read invariant objects done
ImpactedCPA statistics
----------------------
  Number of invariants partial hits:                            0
  Number of invariants hits:                                    72
  Number of invariants trys:                                    109
  Number of invariants bots:                                    37
  Number of invariants not valid:                               0
  Initial reached size:                                         1702
  Input invariants file size:                                   8291
  Max impacted number of variables:                             2
  Number of last version invariants:                            254
  Number of this version invariants:                            0
  CPU time for invariant read:                                      1.020s
  CPU time for invariant write:                                     0.000s
  Time for invariant write:                                         0.000s
  Time for invariant read:                                          0.543s

AutomatonAnalysis (SVCOMP) statistics
-------------------------------------
Number of states:                                  1
Total time for successor computation:                  0.029s
Automaton transfers with branching:                0
Automaton transfer successors:                         3174 (count: 3174, min: 1, max: 1, avg: 1.00) [1 x 3174]

CPA algorithm statistics
------------------------
Number of iterations:            3138
Max size of waitlist:            7
Average size of waitlist:        1
Number of computed successors:   3174
Max successors for one state:    2
Number of times merged:          0
Number of times stopped:         23
Number of times abs stopped:     174
Number of times nonAbs stopped:  2516
Number of coverage check (part): 2690
Number of times doAbstraction node:  826
Number of times breaked:         4

Total time for CPA algorithm:         0.250s (Max:     0.108s)
CPU time for CPA algorithm:           8.040s
  Time for choose from waitlist:      0.009s
  Time for precision adjustment:      0.026s
  Time for transfer relation:         0.132s
  Time for merge operator:            0.001s
  Time for stop operator:             0.010s
  Time for adding to reached set:     0.011s

PredicateCPA statistics
-----------------------
Read Precision Time:                0.000s
Precision file size:                51
Write Precision Time:               0.003s
Number of abstractions:            717 (9% of all post computations)
  Times abstraction was reused:    0
  Because of function entry/exit:  755 (105%)
  Because of loop head:            71 (10%)
  Because of join nodes:           0 (0%)
  Because of threshold:            0 (0%)
  Times precision was empty:       0 (0%)
  Times precision was {false}:     0 (0%)
  Times result was cached:         129 (16%)
  Times cartesian abs was used:    0 (0%)
  Times boolean abs was used:      660 (84%)
  Times result was 'false':        1 (0%)
Number of strengthen sat checks:   0
Number of coverage checks:         2690
  BDD entailment checks:           174
Number of SMT sat checks:          1840
  trivial:                         627
  cached:                          678

Max ABE block size:                       37
Number of predicates discovered:          6
Number of abstraction locations:          0
Max number of predicates per location:    0
Avg number of predicates per location:    0
Total predicates per abstraction:         3955
Max number of predicates per abstraction: 6
Avg number of predicates per abstraction: 5.99
Number of irrelevant predicates:          0 (0%)
Number of preds handled by boolean abs:   3955 (100%)
  Total number of models for allsat:      2463
  Max number of models for allsat:        6
  Avg number of models for allsat:        3.73

Number of path formula cache hits:   856 (10%)

Time for post operator:                  2.988s
  Time for path formula creation:        1.346s
    Actual computation:                  1.255s
Time for strengthen operator:            0.026s
Time for prec operator:                  2.238s
  Time for abstraction:                  1.724s (Max:     0.041s, Count: 717)
    Boolean abstraction:                 0.999s
    Solving time:                        0.169s (Max:     0.008s)
    Model enumeration time:              0.361s
    Time for BDD construction:           0.049s (Max:     0.004s)
Time for merge operator:                 0.319s
Time for coverage check:                 0.003s
  Time for BDD entailment checks:        0.003s
Total time for SMT solver (w/o itp):     1.511s

Number of BDD nodes:                               343
Size of BDD node table:                            466043
Size of BDD cache:                                 46619
Size of BDD node cleanup queue:                         861 (count: 16265, min: 0, max: 302, avg: 0.05)
Time for BDD node cleanup:                             0.006s
Time for BDD garbage collection:                       0.000s (in 0 runs)

PrecisionBootstrap statistics
-----------------------------
Init. function predicates:                         0
Init. global predicates:                           0
Init. location predicates:                         0

ImpactedCPA statistics
----------------------
  Number of invariants partial hits:                            0
  Number of invariants hits:                                    72
  Number of invariants trys:                                    109
  Number of invariants bots:                                    37
  Number of invariants not valid:                               0
  Initial reached size:                                         1702
  Input invariants file size:                                   8291
  Max impacted number of variables:                             2
  Number of last version invariants:                            254
  Number of this version invariants:                            253
  CPU time for invariant read:                                      1.020s
  CPU time for invariant write:                                     0.170s
  Time for invariant write:                                         0.088s
  Time for invariant read:                                          0.543s

AutomatonAnalysis (SVCOMP) statistics
-------------------------------------
Number of states:                                  1
Total time for successor computation:                  0.028s
Automaton transfers with branching:                0
Automaton transfer successors:                         8378 (count: 8378, min: 1, max: 1, avg: 1.00) [1 x 8378]

CPA algorithm statistics
------------------------
Number of iterations:            5762
Max size of waitlist:            108
Average size of waitlist:        77
Number of computed successors:   6542
Max successors for one state:    2
Number of times merged:          1160
Number of times stopped:         1334
Number of times abs stopped:     174
Number of times nonAbs stopped:  2516
Number of coverage check (part): 2690
Number of times doAbstraction node:  826
Number of times breaked:         0

Total time for CPA algorithm:         3.780s (Max:     3.780s)
CPU time for CPA algorithm:           8.040s
  Time for choose from waitlist:      0.022s
  Time for precision adjustment:      1.873s
  Time for transfer relation:         1.346s
  Time for merge operator:            0.329s
  Time for stop operator:             0.048s
  Time for adding to reached set:     0.036s

Predicate-Abstraction Refiner statistics
----------------------------------------
  Predicate creation:                                  0.000s
  Precision update:                                    0.000s
  ARG update:                                          0.000s

Length of refined path (in blocks):                       0 (count: 0, min: 0, max: 0, avg: 0.00)
Number of affected states:                                0 (count: 0, min: 0, max: 0, avg: 0.00)
Length (states) of path with itp 'true':                  0 (count: 0, min: 0, max: 0, avg: 0.00)
Length (states) of path with itp non-trivial itp:         0 (count: 0, min: 0, max: 0, avg: 0.00)
Length (states) of path with itp 'false':                 0 (count: 0, min: 0, max: 0, avg: 0.00)
Different non-trivial interpolants along paths:           0 (count: 0, min: 0, max: 0, avg: 0.00)
Equal non-trivial interpolants along paths:               0 (count: 0, min: 0, max: 0, avg: 0.00)
Different precisions along paths:                         0 (count: 0, min: 0, max: 0, avg: 0.00)
Equal precisions along paths:                             0 (count: 0, min: 0, max: 0, avg: 0.00)
Number of refs with location-based cutoff:                0

CEGAR algorithm statistics
--------------------------
Number of refinements:                0
Refinement times:             0
First time for refinement:             3.781s
Last time for refinement:              3.781s
Average time for analysis:          3.781s
Number of analysis:                1

Code Coverage
-----------------------------
  Visited lines:          5171
  Total lines:            1
  Line coverage:          5171.000

CPAchecker general statistics
-----------------------------
Number of program locations:     3731
Number of CFA edges:             4551
Number of relevant variables:    553
Number of functions:             76
Number of loops:                 16
Size of reached set:             6909
  Number of reached locations:   3409 (91%)
    Avg states per location:     2
    Max states per location:     71 (at node N138)
  Number of reached functions:   61 (80%)
  Number of partitions:          6897
    Avg size of partitions:      1
    Max size of partitions:      2 (with key [N59 (entry of function kmalloc in include/linux/slub_def.h, lines 265-275), 458922570, Init])
  Number of target states:       0

Time for analysis setup:                  16.837s
  Time for cfa diff:                  10.895s
  Time for loading CPAs:                   0.449s
  Time for impacted traverse:              0.020s
  Time for loading parser:        0.032s
  Time for CFA construction:      1.841s
    Time for parsing file(s):     0.518s
    Time for AST to CFA:          0.646s
    Time for CFA sanity check:    0.000s
    Time for post-processing:     0.450s
      Time for var class.:        0.000s
Time for normal Analysis:                         3.781s
CPU time for analysis:                    12.680s
CPU time for impacted:                     0.960s
CPU time for normal analysis:              7.540s
CPU time for init:                         5.140s

Time for Garbage Collector:       0.332s (in 10 runs)
Garbage Collector(s) used:    PS MarkSweep, PS Scavenge
Used heap memory:                482MB (   460 MiB) max;    111MB (   106 MiB) avg;    521MB (   497 MiB) peak
Used non-heap memory:             39MB (    38 MiB) max;     30MB (    28 MiB) avg;     40MB (    39 MiB) peak
Used in PS Old Gen pool:          33MB (    31 MiB) max;     23MB (    22 MiB) avg;     42MB (    40 MiB) peak
Allocated heap memory:           587MB (   560 MiB) max;    305MB (   290 MiB) avg
Allocated non-heap memory:        41MB (    39 MiB) max;     31MB (    30 MiB) avg
Total process virtual memory:  13307MB ( 12691 MiB) max;  13292MB ( 12677 MiB) avg

Verification result: TRUE. No property violation found by chosen configuration.
More details about the verification run can be found in the directory "/home/yqs17/blazer/cpachecker-inc-pred/output-us-precise-cfa/32_7a.usb--serial--mos7840.ko.set/058.5833041.32_7a.cil_safe.i".
