scripts/cpa.sh -heap 10000M -predicateAnalysis-ABElfb-debug -setprop cpa.impacted.eliminate=true -disable-java-assertions -outputpath /home/yqs17/blazer/cpachecker-inc-pred/output-us-precise-cfa/08_1a.usb--serial--cp210x.ko.set/075.356fe44.08_1a.cil_safe.i -isIncPred -spec /home/yqs17/blazer/cpachecker-inc-pred/LDVErrorLabel.spc -stats -setprop cpa.impacted.pre_invariants.file=/home/yqs17/blazer/cpachecker-inc-pred/output-us-precise-cfa/08_1a.usb--serial--cp210x.ko.set/074.bcbec05.08_1a.cil_safe.i/impacted-invariants.txt -setprop analysis.prev.program=/home/yqs17/blazer/cpachecker-inc-pred/programs/drivers--usb--serial--cp210x.ko/074.bcbec05.08_1a.cil_safe.i -entryfunction ldv_main0_sequence_infinite_withcheck_stateful /home/yqs17/blazer/cpachecker-inc-pred/programs/drivers--usb--serial--cp210x.ko/075.356fe44.08_1a.cil_safe.i


--------------------------------------------------------------------------------


Running CPAchecker with Java heap of size 10000M.
Running CPAchecker with the following extra VM options:  -Djava.io.tmpdir=/tmp/BenchExec_run_3fyukh0k/tmp
Number of modified edges: 71
Begin analysis 
Read invariant objects done
ImpactedCPA statistics
----------------------
  Number of invariants partial hits:                            0
  Number of invariants hits:                                    30
  Number of invariants trys:                                    43
  Number of invariants bots:                                    15
  Number of invariants not valid:                               2
  Initial reached size:                                         940
  Input invariants file size:                                   1522
  Max impacted number of variables:                             0
  Number of last version invariants:                            125
  Number of this version invariants:                            0
  CPU time for invariant read:                                      0.470s
  CPU time for invariant write:                                     0.000s
  Time for invariant write:                                         0.000s
  Time for invariant read:                                          0.258s

AutomatonAnalysis (SVCOMP) statistics
-------------------------------------
Number of states:                                  1
Total time for successor computation:                  0.007s
Automaton transfers with branching:                0
Automaton transfer successors:                          698 (count: 698, min: 1, max: 1, avg: 1.00) [1 x 698]

CPA algorithm statistics
------------------------
Number of iterations:            687
Max size of waitlist:            10
Average size of waitlist:        1
Number of computed successors:   698
Max successors for one state:    2
Number of times merged:          0
Number of times stopped:         2
Number of times abs stopped:     648
Number of times nonAbs stopped:  1442
Number of coverage check (part): 2208
Number of times doAbstraction node:  2500
Number of times breaked:         1

Total time for CPA algorithm:         0.094s (Max:     0.094s)
CPU time for CPA algorithm:          10.700s
  Time for choose from waitlist:      0.003s
  Time for precision adjustment:      0.015s
  Time for transfer relation:         0.049s
  Time for merge operator:            0.000s
  Time for stop operator:             0.006s
  Time for adding to reached set:     0.005s

PredicateCPA statistics
-----------------------
Read Precision Time:                0.000s
Precision file size:                0
Write Precision Time:               0.002s
Number of abstractions:            2457 (15% of all post computations)
  Times abstraction was reused:    0
  Because of function entry/exit:  2277 (93%)
  Because of loop head:            223 (9%)
  Because of join nodes:           0 (0%)
  Because of threshold:            0 (0%)
  Times precision was empty:       0 (0%)
  Times precision was {false}:     1 (0%)
  Times result was cached:         1511 (61%)
  Times cartesian abs was used:    0 (0%)
  Times boolean abs was used:      975 (39%)
  Times result was 'false':        40 (2%)
Number of strengthen sat checks:   0
Number of coverage checks:         2208
  BDD entailment checks:           766
Number of SMT sat checks:          965
  trivial:                         626
  cached:                          206

Max ABE block size:                       49
Number of predicates discovered:          4
Number of abstraction locations:          0
Max number of predicates per location:    0
Avg number of predicates per location:    0
Total predicates per abstraction:         2708
Max number of predicates per abstraction: 4
Avg number of predicates per abstraction: 2.77
Number of irrelevant predicates:          969 (36%)
Number of preds handled by boolean abs:   1739 (64%)
  Total number of models for allsat:      969
  Max number of models for allsat:        3
  Avg number of models for allsat:        0.99

Number of path formula cache hits:   1854 (11%)

Time for post operator:                  2.798s
  Time for path formula creation:        1.825s
    Actual computation:                  1.556s
Time for strengthen operator:            0.038s
Time for prec operator:                  2.116s
  Time for abstraction:                  1.786s (Max:     0.060s, Count: 2457)
    Boolean abstraction:                 0.581s
    Solving time:                        0.252s (Max:     0.023s)
    Model enumeration time:              0.018s
    Time for BDD construction:           0.036s (Max:     0.001s)
Time for merge operator:                 0.220s
Time for coverage check:                 0.006s
  Time for BDD entailment checks:        0.003s
Total time for SMT solver (w/o itp):     0.734s

Number of BDD nodes:                               220
Size of BDD node table:                            466043
Size of BDD cache:                                 46619
Size of BDD node cleanup queue:                         791 (count: 14514, min: 0, max: 336, avg: 0.05)
Time for BDD node cleanup:                             0.003s
Time for BDD garbage collection:                       0.000s (in 0 runs)

PrecisionBootstrap statistics
-----------------------------
Init. function predicates:                         0
Init. global predicates:                           0
Init. location predicates:                         0

ImpactedCPA statistics
----------------------
  Number of invariants partial hits:                            0
  Number of invariants hits:                                    30
  Number of invariants trys:                                    43
  Number of invariants bots:                                    15
  Number of invariants not valid:                               2
  Initial reached size:                                         940
  Input invariants file size:                                   1522
  Max impacted number of variables:                             0
  Number of last version invariants:                            125
  Number of this version invariants:                            124
  CPU time for invariant read:                                      0.470s
  CPU time for invariant write:                                     0.080s
  Time for invariant write:                                         0.041s
  Time for invariant read:                                          0.258s

AutomatonAnalysis (SVCOMP) statistics
-------------------------------------
Number of states:                                  1
Total time for successor computation:                  0.063s
Automaton transfers with branching:                0
Automaton transfer successors:                        16358 (count: 16358, min: 1, max: 1, avg: 1.00) [1 x 16358]

CPA algorithm statistics
------------------------
Number of iterations:            14116
Max size of waitlist:            78
Average size of waitlist:        38
Number of computed successors:   15394
Max successors for one state:    2
Number of times merged:          711
Number of times stopped:         1359
Number of times abs stopped:     648
Number of times nonAbs stopped:  1442
Number of coverage check (part): 2208
Number of times doAbstraction node:  2500
Number of times breaked:         0

Total time for CPA algorithm:         5.275s (Max:     5.275s)
CPU time for CPA algorithm:          10.700s
  Time for choose from waitlist:      0.060s
  Time for precision adjustment:      2.058s
  Time for transfer relation:         2.424s
  Time for merge operator:            0.268s
  Time for stop operator:             0.078s
  Time for adding to reached set:     0.088s

Predicate-Abstraction Refiner statistics
----------------------------------------
  Predicate creation:                                  0.000s
  Precision update:                                    0.000s
  ARG update:                                          0.000s

Length of refined path (in blocks):                       0 (count: 0, min: 0, max: 0, avg: 0.00)
Number of affected states:                                0 (count: 0, min: 0, max: 0, avg: 0.00)
Length (states) of path with itp 'true':                  0 (count: 0, min: 0, max: 0, avg: 0.00)
Length (states) of path with itp non-trivial itp:         0 (count: 0, min: 0, max: 0, avg: 0.00)
Length (states) of path with itp 'false':                 0 (count: 0, min: 0, max: 0, avg: 0.00)
Different non-trivial interpolants along paths:           0 (count: 0, min: 0, max: 0, avg: 0.00)
Equal non-trivial interpolants along paths:               0 (count: 0, min: 0, max: 0, avg: 0.00)
Different precisions along paths:                         0 (count: 0, min: 0, max: 0, avg: 0.00)
Equal precisions along paths:                             0 (count: 0, min: 0, max: 0, avg: 0.00)
Number of refs with location-based cutoff:                0

CEGAR algorithm statistics
--------------------------
Number of refinements:                0
Refinement times:             0
First time for refinement:             5.275s
Last time for refinement:              5.275s
Average time for analysis:          5.275s
Number of analysis:                1

Code Coverage
-----------------------------
  Visited lines:          3816
  Total lines:            12
  Line coverage:          318.000

CPAchecker general statistics
-----------------------------
Number of program locations:     1923
Number of CFA edges:             2251
Number of relevant variables:    235
Number of functions:             33
Number of loops:                 3
Size of reached set:             14935
  Number of reached locations:   1871 (97%)
    Avg states per location:     7
    Max states per location:     484 (at node N1361)
  Number of reached functions:   26 (79%)
  Number of partitions:          14278
    Avg size of partitions:      1
    Max size of partitions:      12 (with key [N43 (entry of function cp210x_get_config in /work/ldvuser/novikov/work/current--X--drivers/usb/serial/cp210x.ko--X--defaultlinux--X--08_1a--X--cpachecker/linux/csd_deg_dscv/12/dscv_tempdir/dscv/ri/08_1a/drivers/usb/serial/cp210x.c.prepared, lines 279-380), 457081751, Init])
  Number of target states:       0

Time for analysis setup:                   8.190s
  Time for cfa diff:                   4.470s
  Time for loading CPAs:                   0.432s
  Time for impacted traverse:              0.016s
  Time for loading parser:        0.034s
  Time for CFA construction:      1.542s
    Time for parsing file(s):     0.467s
    Time for AST to CFA:          0.525s
    Time for CFA sanity check:    0.000s
    Time for post-processing:     0.345s
      Time for var class.:        0.000s
Time for normal Analysis:                         5.275s
CPU time for analysis:                    12.830s
CPU time for impacted:                     0.610s
CPU time for normal analysis:             10.520s
CPU time for init:                         2.310s

Time for Garbage Collector:       0.323s (in 9 runs)
Garbage Collector(s) used:    PS MarkSweep, PS Scavenge
Used heap memory:                343MB (   327 MiB) max;    101MB (    96 MiB) avg;    359MB (   342 MiB) peak
Used non-heap memory:             38MB (    36 MiB) max;     30MB (    29 MiB) avg;     39MB (    37 MiB) peak
Used in PS Old Gen pool:          25MB (    24 MiB) max;     16MB (    16 MiB) avg;     32MB (    31 MiB) peak
Allocated heap memory:           591MB (   564 MiB) max;    280MB (   267 MiB) avg
Allocated non-heap memory:        40MB (    38 MiB) max;     32MB (    30 MiB) avg
Total process virtual memory:  13309MB ( 12692 MiB) max;  13292MB ( 12676 MiB) avg

Verification result: TRUE. No property violation found by chosen configuration.
More details about the verification run can be found in the directory "/home/yqs17/blazer/cpachecker-inc-pred/output-us-precise-cfa/08_1a.usb--serial--cp210x.ko.set/075.356fe44.08_1a.cil_safe.i".
