scripts/cpa.sh -heap 10000M -predicateAnalysis-ABElfb-debug -setprop cpa.impacted.eliminate=true -disable-java-assertions -outputpath /home/yqs17/blazer/cpachecker-inc-pred/output-us-precise-cfa/32_7a.hwmon--it87.ko.set/077.a8ca103.32_7a.cil_safe.i -isIncPred -spec /home/yqs17/blazer/cpachecker-inc-pred/LDVErrorLabel.spc -stats -setprop cpa.impacted.pre_invariants.file=/home/yqs17/blazer/cpachecker-inc-pred/output-us-precise-cfa/32_7a.hwmon--it87.ko.set/076.6229cdb.32_7a.cil_safe.i/impacted-invariants.txt -setprop analysis.prev.program=/home/yqs17/blazer/cpachecker-inc-pred/programs/drivers--hwmon--it87.ko/076.6229cdb.32_7a.cil_safe.i -entryfunction ldv_main0_sequence_infinite_withcheck_stateful /home/yqs17/blazer/cpachecker-inc-pred/programs/drivers--hwmon--it87.ko/077.a8ca103.32_7a.cil_safe.i


--------------------------------------------------------------------------------


Running CPAchecker with Java heap of size 10000M.
Running CPAchecker with the following extra VM options:  -Djava.io.tmpdir=/tmp/BenchExec_run_9tae1wb_/tmp
Number of modified edges: 47
Begin analysis 
Read invariant objects done
ImpactedCPA statistics
----------------------
  Number of invariants partial hits:                            0
  Number of invariants hits:                                    7
  Number of invariants trys:                                    8
  Number of invariants bots:                                    1
  Number of invariants not valid:                               0
  Initial reached size:                                         887
  Input invariants file size:                                   3805
  Max impacted number of variables:                             0
  Number of last version invariants:                            153
  Number of this version invariants:                            0
  CPU time for invariant read:                                      0.680s
  CPU time for invariant write:                                     0.000s
  Time for invariant write:                                         0.000s
  Time for invariant read:                                          0.357s

AutomatonAnalysis (SVCOMP) statistics
-------------------------------------
Number of states:                                  1
Total time for successor computation:                  0.015s
Automaton transfers with branching:                0
Automaton transfer successors:                         1068 (count: 1068, min: 1, max: 1, avg: 1.00) [1 x 1068]

CPA algorithm statistics
------------------------
Number of iterations:            1051
Max size of waitlist:            8
Average size of waitlist:        1
Number of computed successors:   1068
Max successors for one state:    2
Number of times merged:          0
Number of times stopped:         10
Number of times abs stopped:     64
Number of times nonAbs stopped:  464
Number of coverage check (part): 530
Number of times doAbstraction node:  627
Number of times breaked:         1

Total time for CPA algorithm:         0.106s (Max:     0.106s)
CPU time for CPA algorithm:           5.900s
  Time for choose from waitlist:      0.004s
  Time for precision adjustment:      0.011s
  Time for transfer relation:         0.062s
  Time for merge operator:            0.001s
  Time for stop operator:             0.008s
  Time for adding to reached set:     0.005s

PredicateCPA statistics
-----------------------
Read Precision Time:                0.000s
Precision file size:                0
Write Precision Time:               0.002s
Number of abstractions:            619 (15% of all post computations)
  Times abstraction was reused:    0
  Because of function entry/exit:  567 (92%)
  Because of loop head:            60 (10%)
  Because of join nodes:           0 (0%)
  Because of threshold:            0 (0%)
  Times precision was empty:       0 (0%)
  Times precision was {false}:     0 (0%)
  Times result was cached:         385 (62%)
  Times cartesian abs was used:    0 (0%)
  Times boolean abs was used:      241 (38%)
  Times result was 'false':        7 (1%)
Number of strengthen sat checks:   0
Number of coverage checks:         530
  BDD entailment checks:           66
Number of SMT sat checks:          887
  trivial:                         545
  cached:                          166

Max ABE block size:                       37
Number of predicates discovered:          7
Number of abstraction locations:          0
Max number of predicates per location:    0
Avg number of predicates per location:    0
Total predicates per abstraction:         1615
Max number of predicates per abstraction: 7
Avg number of predicates per abstraction: 6.70
Number of irrelevant predicates:          406 (25%)
Number of preds handled by boolean abs:   1209 (75%)
  Total number of models for allsat:      236
  Max number of models for allsat:        1
  Avg number of models for allsat:        0.98

Number of path formula cache hits:   335 (8%)

Time for post operator:                 10.490s
  Time for path formula creation:        1.145s
    Actual computation:                  0.995s
Time for strengthen operator:            0.017s
Time for prec operator:                  1.178s
  Time for abstraction:                  0.893s (Max:     0.032s, Count: 619)
    Boolean abstraction:                 0.446s
    Solving time:                        0.289s (Max:     0.145s)
    Model enumeration time:              0.002s
    Time for BDD construction:           0.005s (Max:     0.001s)
Time for merge operator:                 0.864s
Time for coverage check:                 0.001s
  Time for BDD entailment checks:        0.001s
Total time for SMT solver (w/o itp):     9.239s

Number of BDD nodes:                               278
Size of BDD node table:                            466043
Size of BDD cache:                                 46619
Size of BDD node cleanup queue:                         184 (count: 13011, min: 0, max: 181, avg: 0.01)
Time for BDD node cleanup:                             0.004s
Time for BDD garbage collection:                       0.000s (in 0 runs)

PrecisionBootstrap statistics
-----------------------------
Init. function predicates:                         0
Init. global predicates:                           0
Init. location predicates:                         0

ImpactedCPA statistics
----------------------
  Number of invariants partial hits:                            0
  Number of invariants hits:                                    7
  Number of invariants trys:                                    8
  Number of invariants bots:                                    1
  Number of invariants not valid:                               0
  Initial reached size:                                         887
  Input invariants file size:                                   3805
  Max impacted number of variables:                             0
  Number of last version invariants:                            153
  Number of this version invariants:                            124
  CPU time for invariant read:                                      0.680s
  CPU time for invariant write:                                     0.100s
  Time for invariant write:                                         0.050s
  Time for invariant read:                                          0.357s

AutomatonAnalysis (SVCOMP) statistics
-------------------------------------
Number of states:                                  1
Total time for successor computation:                  0.012s
Automaton transfers with branching:                0
Automaton transfer successors:                         4068 (count: 4068, min: 1, max: 1, avg: 1.00) [1 x 4068]

CPA algorithm statistics
------------------------
Number of iterations:            2879
Max size of waitlist:            23
Average size of waitlist:        11
Number of computed successors:   3181
Max successors for one state:    2
Number of times merged:          232
Number of times stopped:         296
Number of times abs stopped:     64
Number of times nonAbs stopped:  464
Number of coverage check (part): 530
Number of times doAbstraction node:  627
Number of times breaked:         0

Total time for CPA algorithm:         2.861s (Max:     2.861s)
CPU time for CPA algorithm:           5.900s
  Time for choose from waitlist:      0.007s
  Time for precision adjustment:      0.980s
  Time for transfer relation:         0.891s
  Time for merge operator:            0.882s
  Time for stop operator:             0.025s
  Time for adding to reached set:     0.020s

Predicate-Abstraction Refiner statistics
----------------------------------------
  Predicate creation:                                  0.000s
  Precision update:                                    0.000s
  ARG update:                                          0.000s

Length of refined path (in blocks):                       0 (count: 0, min: 0, max: 0, avg: 0.00)
Number of affected states:                                0 (count: 0, min: 0, max: 0, avg: 0.00)
Length (states) of path with itp 'true':                  0 (count: 0, min: 0, max: 0, avg: 0.00)
Length (states) of path with itp non-trivial itp:         0 (count: 0, min: 0, max: 0, avg: 0.00)
Length (states) of path with itp 'false':                 0 (count: 0, min: 0, max: 0, avg: 0.00)
Different non-trivial interpolants along paths:           0 (count: 0, min: 0, max: 0, avg: 0.00)
Equal non-trivial interpolants along paths:               0 (count: 0, min: 0, max: 0, avg: 0.00)
Different precisions along paths:                         0 (count: 0, min: 0, max: 0, avg: 0.00)
Equal precisions along paths:                             0 (count: 0, min: 0, max: 0, avg: 0.00)
Number of refs with location-based cutoff:                0

CEGAR algorithm statistics
--------------------------
Number of refinements:                0
Refinement times:             0
First time for refinement:             2.861s
Last time for refinement:              2.861s
Average time for analysis:          2.861s
Number of analysis:                1

Code Coverage
-----------------------------
  Visited lines:          3220
  Total lines:            1
  Line coverage:          3220.000

CPAchecker general statistics
-----------------------------
Number of program locations:     3402
Number of CFA edges:             4041
Number of relevant variables:    669
Number of functions:             137
Number of loops:                 21
Size of reached set:             3765
  Number of reached locations:   1732 (51%)
    Avg states per location:     2
    Max states per location:     69 (at node N39)
  Number of reached functions:   33 (24%)
  Number of partitions:          3703
    Avg size of partitions:      1
    Max size of partitions:      6 (with key [N109 (entry of function superio_exit in /work/ldvuser/novikov/work/current--X--drivers/hwmon/it87.ko--X--defaultlinux--X--32_7a--X--cpachecker/linux/csd_deg_dscv/11/dscv_tempdir/dscv/ri/32_7a/drivers/hwmon/it87.c.prepared, lines 145-157), -1139518817, Init])
  Number of target states:       0

Time for analysis setup:                  17.183s
  Time for cfa diff:                   4.335s
  Time for loading CPAs:                   0.379s
  Time for impacted traverse:              0.011s
  Time for loading parser:        0.032s
  Time for CFA construction:      1.753s
    Time for parsing file(s):     0.447s
    Time for AST to CFA:          0.611s
    Time for CFA sanity check:    0.000s
    Time for post-processing:     0.533s
      Time for var class.:        0.000s
Time for normal Analysis:                         2.862s
CPU time for analysis:                    24.520s
CPU time for impacted:                     0.670s
CPU time for normal analysis:              5.710s
CPU time for init:                        18.820s

Time for Garbage Collector:       0.346s (in 18 runs)
Garbage Collector(s) used:    PS MarkSweep, PS Scavenge
Used heap memory:               1375MB (  1312 MiB) max;    318MB (   304 MiB) avg;   1385MB (  1321 MiB) peak
Used non-heap memory:             41MB (    39 MiB) max;     32MB (    31 MiB) avg;     42MB (    40 MiB) peak
Used in PS Old Gen pool:          33MB (    32 MiB) max;     26MB (    25 MiB) avg;     43MB (    41 MiB) peak
Allocated heap memory:          1455MB (  1388 MiB) max;    694MB (   662 MiB) avg
Allocated non-heap memory:        43MB (    41 MiB) max;     34MB (    33 MiB) avg
Total process virtual memory:  13307MB ( 12691 MiB) max;  13295MB ( 12679 MiB) avg

Verification result: TRUE. No property violation found by chosen configuration.
More details about the verification run can be found in the directory "/home/yqs17/blazer/cpachecker-inc-pred/output-us-precise-cfa/32_7a.hwmon--it87.ko.set/077.a8ca103.32_7a.cil_safe.i".
