scripts/cpa.sh -heap 10000M -predicateAnalysis-ABElfb-debug -setprop cpa.impacted.eliminate=true -disable-java-assertions -outputpath /home/yqs17/blazer/cpachecker-inc-pred/output-us-precise-cfa/08_1a.usb--serial--ssu100.ko.set/019.3a67460.08_1a.cil_safe.i -isIncPred -spec /home/yqs17/blazer/cpachecker-inc-pred/LDVErrorLabel.spc -stats -setprop cpa.impacted.pre_invariants.file=/home/yqs17/blazer/cpachecker-inc-pred/output-us-precise-cfa/08_1a.usb--serial--ssu100.ko.set/018.d860322.08_1a.cil_safe.i/impacted-invariants.txt -setprop analysis.prev.program=/home/yqs17/blazer/cpachecker-inc-pred/programs/drivers--usb--serial--ssu100.ko/018.d860322.08_1a.cil_safe.i -entryfunction ldv_main0_sequence_infinite_withcheck_stateful /home/yqs17/blazer/cpachecker-inc-pred/programs/drivers--usb--serial--ssu100.ko/019.3a67460.08_1a.cil_safe.i


--------------------------------------------------------------------------------


Running CPAchecker with Java heap of size 10000M.
Running CPAchecker with the following extra VM options:  -Djava.io.tmpdir=/tmp/BenchExec_run_v3ajpgb5/tmp
Number of modified edges: 6
Begin analysis 
Read invariant objects done
ImpactedCPA statistics
----------------------
  Number of invariants partial hits:                            0
  Number of invariants hits:                                    0
  Number of invariants trys:                                    1
  Number of invariants bots:                                    1
  Number of invariants not valid:                               0
  Initial reached size:                                         1
  Input invariants file size:                                   1156
  Max impacted number of variables:                             2
  Number of last version invariants:                            40
  Number of this version invariants:                            0
  CPU time for invariant read:                                      0.380s
  CPU time for invariant write:                                     0.000s
  Time for invariant write:                                         0.000s
  Time for invariant read:                                          0.203s

AutomatonAnalysis (SVCOMP) statistics
-------------------------------------
Number of states:                                  1
Total time for successor computation:                  0.025s
Automaton transfers with branching:                0
Automaton transfer successors:                         2229 (count: 2229, min: 1, max: 1, avg: 1.00) [1 x 2229]

CPA algorithm statistics
------------------------
Number of iterations:            2189
Max size of waitlist:            18
Average size of waitlist:        1
Number of computed successors:   2229
Max successors for one state:    2
Number of times merged:          0
Number of times stopped:         5
Number of times abs stopped:     12541
Number of times nonAbs stopped:  69240
Number of coverage check (part): 92209
Number of times doAbstraction node:  69427
Number of times breaked:         3

Total time for CPA algorithm:         0.209s (Max:     0.105s)
CPU time for CPA algorithm:          82.820s
  Time for choose from waitlist:      0.007s
  Time for precision adjustment:      0.023s
  Time for transfer relation:         0.112s
  Time for merge operator:            0.000s
  Time for stop operator:             0.007s
  Time for adding to reached set:     0.013s

PredicateCPA statistics
-----------------------
Read Precision Time:                0.000s
Precision file size:                12666
Write Precision Time:               0.002s
Number of abstractions:            69426 (16% of all post computations)
  Times abstraction was reused:    0
  Because of function entry/exit:  65342 (94%)
  Because of loop head:            4085 (6%)
  Because of join nodes:           0 (0%)
  Because of threshold:            0 (0%)
  Times precision was empty:       3536 (5%)
  Times precision was {false}:     2212 (3%)
  Times result was cached:         55288 (80%)
  Times cartesian abs was used:    0 (0%)
  Times boolean abs was used:      8390 (12%)
  Times result was 'false':        625 (1%)
Number of strengthen sat checks:   48
  Times result was 'false':        0 (0%)
Number of coverage checks:         92209
  BDD entailment checks:           22969
Number of SMT sat checks:          733
  trivial:                         674
  cached:                          56

Max ABE block size:                       36
Number of predicates discovered:          14
Number of abstraction locations:          0
Max number of predicates per location:    0
Avg number of predicates per location:    0
Total predicates per abstraction:         30088
Max number of predicates per abstraction: 7
Avg number of predicates per abstraction: 2.84
Number of irrelevant predicates:          8975 (30%)
Number of preds handled by boolean abs:   21113 (70%)
  Total number of models for allsat:      11861
  Max number of models for allsat:        4
  Avg number of models for allsat:        1.41

Number of path formula cache hits:   345981 (68%)

Time for post operator:                 16.949s
  Time for path formula creation:       10.078s
    Actual computation:                  8.749s
Time for strengthen operator:            0.314s
  Time for satisfiability checks:        0.001s
Time for prec operator:                 16.326s
  Time for abstraction:                 13.603s (Max:     0.873s, Count: 69426)
    Boolean abstraction:                 2.251s
    Solving time:                        1.182s (Max:     0.014s)
    Model enumeration time:              0.318s
    Time for BDD construction:           0.132s (Max:     0.002s)
Time for merge operator:                 2.558s
Time for coverage check:                 0.054s
  Time for BDD entailment checks:        0.023s
Total time for SMT solver (w/o itp):     1.522s

Number of BDD nodes:                               536
Size of BDD node table:                            466043
Size of BDD cache:                                 46619
Size of BDD node cleanup queue:                        8104 (count: 74189, min: 0, max: 2021, avg: 0.11)
Time for BDD node cleanup:                             0.009s
Time for BDD garbage collection:                       0.000s (in 0 runs)

PrecisionBootstrap statistics
-----------------------------
Init. function predicates:                         0
Init. global predicates:                           0
Init. location predicates:                         0

ImpactedCPA statistics
----------------------
  Number of invariants partial hits:                            0
  Number of invariants hits:                                    0
  Number of invariants trys:                                    1
  Number of invariants bots:                                    1
  Number of invariants not valid:                               0
  Initial reached size:                                         1
  Input invariants file size:                                   1156
  Max impacted number of variables:                             2
  Number of last version invariants:                            40
  Number of this version invariants:                            122
  CPU time for invariant read:                                      0.380s
  CPU time for invariant write:                                     0.080s
  Time for invariant write:                                         0.041s
  Time for invariant read:                                          0.203s

AutomatonAnalysis (SVCOMP) statistics
-------------------------------------
Number of states:                                  1
Total time for successor computation:                  0.277s
Automaton transfers with branching:                0
Automaton transfer successors:                       439261 (count: 439261, min: 1, max: 1, avg: 1.00) [1 x 439261]

CPA algorithm statistics
------------------------
Number of iterations:            390590
Max size of waitlist:            48
Average size of waitlist:        25
Number of computed successors:   438576
Max successors for one state:    2
Number of times merged:          34620
Number of times stopped:         47161
Number of times abs stopped:     12541
Number of times nonAbs stopped:  69240
Number of coverage check (part): 92209
Number of times doAbstraction node:  69427
Number of times breaked:         48

Total time for CPA algorithm:        43.915s (Max:     1.917s)
CPU time for CPA algorithm:          82.820s
  Time for choose from waitlist:      0.216s
  Time for precision adjustment:     17.067s
  Time for transfer relation:        20.263s
  Time for merge operator:            3.269s
  Time for stop operator:             0.598s
  Time for adding to reached set:     0.832s

Predicate-Abstraction Refiner statistics
----------------------------------------
Avg. length of target path (in blocks):                1260 (count: 48, min: 4, max: 73, avg: 26.25)
Number of infeasible sliced prefixes:                     0 (count: 0, min: 0, max: 0, avg: 0.00)

Time for refinement:                                   2.602s
  Counterexample analysis:                1.288s (Max:     0.128s, Calls: 48)
    Refinement sat check:                 0.211s
    Interpolant computation:              0.000s
  Error path post-processing:                          0.000s
  Path-formulas extraction:                            0.001s
  Building the counterexample trace:                   1.288s
  Extracting precise counterexample:                   0.000s
  Extracting infeasible sliced prefixes:               0.000s
  Selecting infeasible sliced prefixes:                0.000s
  Predicate creation:                                  0.019s
  Precision update:                                    0.017s
  ARG update:                                          1.234s

Length of refined path (in blocks):                    1037 (count: 48, min: 2, max: 66, avg: 21.60)
Number of affected states:                              969 (count: 48, min: 1, max: 65, avg: 20.19)
Length (states) of path with itp 'true':                 20 (count: 48, min: 0, max: 20, avg: 0.42)
Length (states) of path with itp non-trivial itp:       969 (count: 48, min: 1, max: 65, avg: 20.19)
Length (states) of path with itp 'false':                48 (count: 48, min: 1, max: 1, avg: 1.00)
Different non-trivial interpolants along paths:          33 (count: 48, min: 0, max: 2, avg: 0.69)
Equal non-trivial interpolants along paths:             888 (count: 48, min: 0, max: 62, avg: 18.50)
Different precisions along paths:                         0 (count: 0, min: 0, max: 0, avg: 0.00)
Equal precisions along paths:                             0 (count: 0, min: 0, max: 0, avg: 0.00)
Number of refs with location-based cutoff:                0

CEGAR algorithm statistics
--------------------------
Number of refinements:                48
Number of successful refinements:     48
Number of failed refinements:         0
Max. size of reached set before ref.: 13006
Max. size of reached set after ref.:  6833
Avg. size of reached set before ref.: 8811.81
Avg. size of reached set after ref.:  813.08

Total time for CEGAR algorithm:      46.606s
CPU time for CEGAR algorithm:        87.500s
Time for refinements:                 2.686s
CPU time for refinements:             5.080s
Average time for refinement:          0.055s
Max time for refinement:              0.151s
First time for refinement:             0.896s
Last time for refinement:              0.341s
Average time for analysis:          0.896s
Number of analysis:                49

Code Coverage
-----------------------------
  Visited lines:          3837
  Total lines:            10
  Line coverage:          383.700

CPAchecker general statistics
-----------------------------
Number of program locations:     1646
Number of CFA edges:             1911
Number of relevant variables:    228
Number of functions:             46
Number of loops:                 4
Size of reached set:             6852
  Number of reached locations:   1604 (97%)
    Avg states per location:     4
    Max states per location:     89 (at node N101)
  Number of reached functions:   40 (87%)
  Number of partitions:          6832
    Avg size of partitions:      1
    Max size of partitions:      4 (with key [N1035 (before /work/ldvuser/novikov/work/current--X--drivers/usb/serial/ssu100.ko--X--defaultlinux--X--08_1a--X--cpachecker/linux/csd_deg_dscv/11/dscv_tempdir/dscv/ri/08_1a/drivers/usb/serial/ssu100.c.prepared, line 1146), Function ldv_main0_sequence_infinite_withcheck_stateful called from node N932, stack depth 1 [8e25d3f], stack [ldv_main0_sequence_infinite_withcheck_stateful], Init])
  Number of target states:       0

Time for analysis setup:                   6.220s
  Time for cfa diff:                   3.507s
  Time for loading CPAs:                   0.462s
  Time for impacted traverse:              0.012s
  Time for loading parser:        0.037s
  Time for CFA construction:      1.442s
    Time for parsing file(s):     0.480s
    Time for AST to CFA:          0.456s
    Time for CFA sanity check:    0.000s
    Time for post-processing:     0.322s
      Time for var class.:        0.000s
Time for normal Analysis:                        46.606s
CPU time for analysis:                    88.000s
CPU time for impacted:                     0.880s
CPU time for normal analysis:             87.500s
CPU time for init:                         0.500s

Time for Garbage Collector:       1.889s (in 23 runs)
Garbage Collector(s) used:    PS MarkSweep, PS Scavenge
Used heap memory:               3001MB (  2862 MiB) max;    720MB (   687 MiB) avg;   3017MB (  2878 MiB) peak
Used non-heap memory:             47MB (    44 MiB) max;     40MB (    38 MiB) avg;     47MB (    45 MiB) peak
Used in PS Old Gen pool:          86MB (    82 MiB) max;     47MB (    44 MiB) avg;     86MB (    82 MiB) peak
Allocated heap memory:          3092MB (  2949 MiB) max;   1466MB (  1398 MiB) avg
Allocated non-heap memory:        48MB (    46 MiB) max;     42MB (    40 MiB) avg
Total process virtual memory:  13310MB ( 12693 MiB) max;  13303MB ( 12687 MiB) avg

Verification result: TRUE. No property violation found by chosen configuration.
More details about the verification run can be found in the directory "/home/yqs17/blazer/cpachecker-inc-pred/output-us-precise-cfa/08_1a.usb--serial--ssu100.ko.set/019.3a67460.08_1a.cil_safe.i".
