scripts/cpa.sh -heap 10000M -predicateAnalysis-ABElfb-debug -setprop cpa.impacted.eliminate=true -disable-java-assertions -outputpath /home/yqs17/blazer/cpachecker-inc-pred/output-us-precise-cfa/08_1a.hwmon--it87.ko.set/093.281dfd0.08_1a.cil_safe.i -isIncPred -spec /home/yqs17/blazer/cpachecker-inc-pred/LDVErrorLabel.spc -stats -setprop cpa.impacted.pre_invariants.file=/home/yqs17/blazer/cpachecker-inc-pred/output-us-precise-cfa/08_1a.hwmon--it87.ko.set/092.6c931ae.08_1a.cil_safe.i/impacted-invariants.txt -setprop analysis.prev.program=/home/yqs17/blazer/cpachecker-inc-pred/programs/drivers--hwmon--it87.ko/092.6c931ae.08_1a.cil_safe.i -entryfunction ldv_main0_sequence_infinite_withcheck_stateful /home/yqs17/blazer/cpachecker-inc-pred/programs/drivers--hwmon--it87.ko/093.281dfd0.08_1a.cil_safe.i


--------------------------------------------------------------------------------


Running CPAchecker with Java heap of size 10000M.
Running CPAchecker with the following extra VM options:  -Djava.io.tmpdir=/tmp/BenchExec_run_6fip7cwz/tmp
Number of modified edges: 0
Begin analysis 
Read invariant objects done
PredicateCPA statistics
-----------------------
Read Precision Time:                0.000s
Precision file size:                0
Write Precision Time:               0.001s
Number of abstractions:            932 (16% of all post computations)
  Times abstraction was reused:    0
  Because of function entry/exit:  861 (92%)
  Because of loop head:            111 (12%)
  Because of join nodes:           0 (0%)
  Because of threshold:            0 (0%)
  Times precision was empty:       0 (0%)
  Times precision was {false}:     0 (0%)
  Times result was cached:         649 (68%)
  Times cartesian abs was used:    0 (0%)
  Times boolean abs was used:      311 (32%)
  Times result was 'false':        0 (0%)
Number of strengthen sat checks:   0
Number of coverage checks:         972
  BDD entailment checks:           102
Number of SMT sat checks:          1197
  trivial:                         541
  cached:                          341

Max ABE block size:                       33
Number of predicates discovered:          2
Number of abstraction locations:          0
Max number of predicates per location:    0
Avg number of predicates per location:    0
Total predicates per abstraction:         618
Max number of predicates per abstraction: 2
Avg number of predicates per abstraction: 1.99
Number of irrelevant predicates:          19 (3%)
Number of preds handled by boolean abs:   599 (97%)
  Total number of models for allsat:      311
  Max number of models for allsat:        1
  Avg number of models for allsat:        1.00

Number of path formula cache hits:   566 (9%)

Time for post operator:                 15.821s
  Time for path formula creation:        2.300s
    Actual computation:                  1.979s
Time for strengthen operator:            0.024s
Time for prec operator:                  1.543s
  Time for abstraction:                  0.959s (Max:     0.060s, Count: 932)
    Boolean abstraction:                 0.573s
    Solving time:                        0.448s (Max:     0.233s)
    Model enumeration time:              0.006s
    Time for BDD construction:           0.021s (Max:     0.009s)
Time for merge operator:                 1.607s
Time for coverage check:                 0.001s
  Time for BDD entailment checks:        0.000s
Total time for SMT solver (w/o itp):    13.361s

Number of BDD nodes:                               204
Size of BDD node table:                            466043
Size of BDD cache:                                 46619
Size of BDD node cleanup queue:                         119 (count: 13935, min: 0, max: 119, avg: 0.01)
Time for BDD node cleanup:                             0.004s
Time for BDD garbage collection:                       0.000s (in 0 runs)

PrecisionBootstrap statistics
-----------------------------
Init. function predicates:                         0
Init. global predicates:                           0
Init. location predicates:                         0

ImpactedCPA statistics
----------------------
  Number of invariants partial hits:                            0
  Number of invariants hits:                                    28
  Number of invariants trys:                                    40
  Number of invariants bots:                                    12
  Number of invariants not valid:                               0
  Initial reached size:                                         1164
  Input invariants file size:                                   2403
  Max impacted number of variables:                             0
  Number of last version invariants:                            154
  Number of this version invariants:                            142
  CPU time for invariant read:                                      0.670s
  CPU time for invariant write:                                     0.060s
  Time for invariant write:                                         0.031s
  Time for invariant read:                                          0.345s

AutomatonAnalysis (SVCOMP) statistics
-------------------------------------
Number of states:                                  1
Total time for successor computation:                  0.014s
Automaton transfers with branching:                0
Automaton transfer successors:                         5885 (count: 5885, min: 1, max: 1, avg: 1.00) [1 x 5885]

CPA algorithm statistics
------------------------
Number of iterations:            4225
Max size of waitlist:            25
Average size of waitlist:        14
Number of computed successors:   4689
Max successors for one state:    2
Number of times merged:          414
Number of times stopped:         516
Number of times abs stopped:     102
Number of times nonAbs stopped:  870
Number of coverage check (part): 972
Number of times doAbstraction node:  972
Number of times breaked:         0

Total time for CPA algorithm:         4.736s (Max:     4.736s)
CPU time for CPA algorithm:           9.480s
  Time for choose from waitlist:      0.006s
  Time for precision adjustment:      1.156s
  Time for transfer relation:         1.812s
  Time for merge operator:            1.606s
  Time for stop operator:             0.027s
  Time for adding to reached set:     0.030s

Predicate-Abstraction Refiner statistics
----------------------------------------
  Predicate creation:                                  0.000s
  Precision update:                                    0.000s
  ARG update:                                          0.000s

Length of refined path (in blocks):                       0 (count: 0, min: 0, max: 0, avg: 0.00)
Number of affected states:                                0 (count: 0, min: 0, max: 0, avg: 0.00)
Length (states) of path with itp 'true':                  0 (count: 0, min: 0, max: 0, avg: 0.00)
Length (states) of path with itp non-trivial itp:         0 (count: 0, min: 0, max: 0, avg: 0.00)
Length (states) of path with itp 'false':                 0 (count: 0, min: 0, max: 0, avg: 0.00)
Different non-trivial interpolants along paths:           0 (count: 0, min: 0, max: 0, avg: 0.00)
Equal non-trivial interpolants along paths:               0 (count: 0, min: 0, max: 0, avg: 0.00)
Different precisions along paths:                         0 (count: 0, min: 0, max: 0, avg: 0.00)
Equal precisions along paths:                             0 (count: 0, min: 0, max: 0, avg: 0.00)
Number of refs with location-based cutoff:                0

CEGAR algorithm statistics
--------------------------
Number of refinements:                0
Refinement times:             0
First time for refinement:             4.736s
Last time for refinement:              4.736s
Average time for analysis:          4.736s
Number of analysis:                1

Code Coverage
-----------------------------
  Visited lines:          3566
  Total lines:            12
  Line coverage:          297.167

CPAchecker general statistics
-----------------------------
Number of program locations:     3415
Number of CFA edges:             4072
Number of relevant variables:    716
Number of functions:             96
Number of loops:                 25
Size of reached set:             5337
  Number of reached locations:   1987 (58%)
    Avg states per location:     2
    Max states per location:     90 (at node N27)
  Number of reached functions:   33 (34%)
  Number of partitions:          5241
    Avg size of partitions:      1
    Max size of partitions:      7 (with key [N1781 (entry of function it87_remove_files in /work/ldvuser/novikov/work/current--X--drivers/hwmon/it87.ko--X--defaultlinux--X--08_1a--X--cpachecker/linux/csd_deg_dscv/12/dscv_tempdir/dscv/ri/08_1a/drivers/hwmon/it87.c.prepared, lines 1932-2098), 1049830725, Init])
  Number of target states:       0

Time for analysis setup:                  23.165s
  Time for cfa diff:                   5.361s
  Time for loading CPAs:                   0.374s
  Time for impacted traverse:              0.013s
  Time for loading parser:        0.025s
  Time for CFA construction:      2.064s
    Time for parsing file(s):     0.512s
    Time for AST to CFA:          0.732s
    Time for CFA sanity check:    0.000s
    Time for post-processing:     0.613s
      Time for var class.:        0.000s
Time for normal Analysis:                         4.736s
CPU time for analysis:                    38.630s
CPU time for impacted:                     0.000s
CPU time for normal analysis:              9.480s
CPU time for init:                        29.150s

Time for Garbage Collector:       0.393s (in 19 runs)
Garbage Collector(s) used:    PS MarkSweep, PS Scavenge
Used heap memory:               1268MB (  1210 MiB) max;    328MB (   313 MiB) avg;   1288MB (  1228 MiB) peak
Used non-heap memory:             39MB (    37 MiB) max;     32MB (    31 MiB) avg;     39MB (    38 MiB) peak
Used in PS Old Gen pool:          32MB (    31 MiB) max;     27MB (    26 MiB) avg;     45MB (    42 MiB) peak
Allocated heap memory:          1583MB (  1510 MiB) max;    786MB (   750 MiB) avg
Allocated non-heap memory:        41MB (    39 MiB) max;     34MB (    33 MiB) avg
Total process virtual memory:  13307MB ( 12691 MiB) max;  13297MB ( 12681 MiB) avg

Verification result: TRUE. No property violation found by chosen configuration.
More details about the verification run can be found in the directory "/home/yqs17/blazer/cpachecker-inc-pred/output-us-precise-cfa/08_1a.hwmon--it87.ko.set/093.281dfd0.08_1a.cil_safe.i".
