scripts/cpa.sh -heap 10000M -predicateAnalysis-ABElfb-debug -setprop cpa.impacted.eliminate=true -disable-java-assertions -outputpath /home/yqs17/blazer/cpachecker-inc-pred/output-us-precise-cfa/08_1a.hwmon--it87.ko.set/043.67b671b.08_1a.cil_safe.i -isIncPred -spec /home/yqs17/blazer/cpachecker-inc-pred/LDVErrorLabel.spc -stats -setprop cpa.impacted.pre_invariants.file=/home/yqs17/blazer/cpachecker-inc-pred/output-us-precise-cfa/08_1a.hwmon--it87.ko.set/042.87b4b66.08_1a.cil_safe.i/impacted-invariants.txt -setprop analysis.prev.program=/home/yqs17/blazer/cpachecker-inc-pred/programs/drivers--hwmon--it87.ko/042.87b4b66.08_1a.cil_safe.i -entryfunction ldv_main0_sequence_infinite_withcheck_stateful /home/yqs17/blazer/cpachecker-inc-pred/programs/drivers--hwmon--it87.ko/043.67b671b.08_1a.cil_safe.i


--------------------------------------------------------------------------------


Running CPAchecker with Java heap of size 10000M.
Running CPAchecker with the following extra VM options:  -Djava.io.tmpdir=/tmp/BenchExec_run_968mo54l/tmp
Number of modified edges: 20
Begin analysis 
Read invariant objects done
ImpactedCPA statistics
----------------------
  Number of invariants partial hits:                            0
  Number of invariants hits:                                    5
  Number of invariants trys:                                    5
  Number of invariants bots:                                    1
  Number of invariants not valid:                               1
  Initial reached size:                                         384
  Input invariants file size:                                   2315
  Max impacted number of variables:                             1
  Number of last version invariants:                            106
  Number of this version invariants:                            0
  CPU time for invariant read:                                      0.540s
  CPU time for invariant write:                                     0.000s
  Time for invariant write:                                         0.000s
  Time for invariant read:                                          0.290s

AutomatonAnalysis (SVCOMP) statistics
-------------------------------------
Number of states:                                  1
Total time for successor computation:                  0.013s
Automaton transfers with branching:                0
Automaton transfer successors:                         1656 (count: 1656, min: 1, max: 1, avg: 1.00) [1 x 1656]

CPA algorithm statistics
------------------------
Number of iterations:            1617
Max size of waitlist:            7
Average size of waitlist:        1
Number of computed successors:   1656
Max successors for one state:    2
Number of times merged:          0
Number of times stopped:         24
Number of times abs stopped:     36
Number of times nonAbs stopped:  162
Number of coverage check (part): 200
Number of times doAbstraction node:  439
Number of times breaked:         3

Total time for CPA algorithm:         0.171s (Max:     0.088s)
CPU time for CPA algorithm:           3.390s
  Time for choose from waitlist:      0.007s
  Time for precision adjustment:      0.024s
  Time for transfer relation:         0.089s
  Time for merge operator:            0.001s
  Time for stop operator:             0.009s
  Time for adding to reached set:     0.007s

PredicateCPA statistics
-----------------------
Read Precision Time:                0.000s
Precision file size:                0
Write Precision Time:               0.002s
Number of abstractions:            434 (20% of all post computations)
  Times abstraction was reused:    0
  Because of function entry/exit:  416 (96%)
  Because of loop head:            23 (5%)
  Because of join nodes:           0 (0%)
  Because of threshold:            0 (0%)
  Times precision was empty:       0 (0%)
  Times precision was {false}:     0 (0%)
  Times result was cached:         268 (61%)
  Times cartesian abs was used:    0 (0%)
  Times boolean abs was used:      171 (39%)
  Times result was 'false':        5 (1%)
Number of strengthen sat checks:   0
Number of coverage checks:         200
  BDD entailment checks:           38
Number of SMT sat checks:          384
  trivial:                         173
  cached:                          118

Max ABE block size:                       68
Number of predicates discovered:          9
Number of abstraction locations:          0
Max number of predicates per location:    0
Avg number of predicates per location:    0
Total predicates per abstraction:         660
Max number of predicates per abstraction: 4
Avg number of predicates per abstraction: 3.86
Number of irrelevant predicates:          310 (47%)
Number of preds handled by boolean abs:   350 (53%)
  Total number of models for allsat:      167
  Max number of models for allsat:        1
  Avg number of models for allsat:        0.98

Number of path formula cache hits:   223 (10%)

Time for post operator:                  3.118s
  Time for path formula creation:        0.785s
    Actual computation:                  0.626s
Time for strengthen operator:            0.009s
Time for prec operator:                  0.727s
  Time for abstraction:                  0.576s (Max:     0.039s, Count: 434)
    Boolean abstraction:                 0.252s
    Solving time:                        0.141s (Max:     0.029s)
    Model enumeration time:              0.013s
    Time for BDD construction:           0.009s (Max:     0.001s)
Time for merge operator:                 0.151s
Time for coverage check:                 0.005s
  Time for BDD entailment checks:        0.002s
Total time for SMT solver (w/o itp):     2.254s

Number of BDD nodes:                               243
Size of BDD node table:                            466043
Size of BDD cache:                                 46619
Size of BDD node cleanup queue:                         163 (count: 7919, min: 0, max: 162, avg: 0.02)
Time for BDD node cleanup:                             0.000s
Time for BDD garbage collection:                       0.000s (in 0 runs)

PrecisionBootstrap statistics
-----------------------------
Init. function predicates:                         0
Init. global predicates:                           0
Init. location predicates:                         0

ImpactedCPA statistics
----------------------
  Number of invariants partial hits:                            0
  Number of invariants hits:                                    5
  Number of invariants trys:                                    5
  Number of invariants bots:                                    1
  Number of invariants not valid:                               1
  Initial reached size:                                         384
  Input invariants file size:                                   2315
  Max impacted number of variables:                             1
  Number of last version invariants:                            106
  Number of this version invariants:                            106
  CPU time for invariant read:                                      0.540s
  CPU time for invariant write:                                     0.080s
  Time for invariant write:                                         0.041s
  Time for invariant read:                                          0.290s

AutomatonAnalysis (SVCOMP) statistics
-------------------------------------
Number of states:                                  1
Total time for successor computation:                  0.013s
Automaton transfers with branching:                0
Automaton transfer successors:                         2184 (count: 2184, min: 1, max: 1, avg: 1.00) [1 x 2184]

CPA algorithm statistics
------------------------
Number of iterations:            1682
Max size of waitlist:            31
Average size of waitlist:        10
Number of computed successors:   1800
Max successors for one state:    2
Number of times merged:          81
Number of times stopped:         117
Number of times abs stopped:     36
Number of times nonAbs stopped:  162
Number of coverage check (part): 200
Number of times doAbstraction node:  439
Number of times breaked:         0

Total time for CPA algorithm:         1.535s (Max:     1.535s)
CPU time for CPA algorithm:           3.390s
  Time for choose from waitlist:      0.005s
  Time for precision adjustment:      0.660s
  Time for transfer relation:         0.636s
  Time for merge operator:            0.163s
  Time for stop operator:             0.012s
  Time for adding to reached set:     0.014s

Predicate-Abstraction Refiner statistics
----------------------------------------
  Predicate creation:                                  0.000s
  Precision update:                                    0.000s
  ARG update:                                          0.000s

Length of refined path (in blocks):                       0 (count: 0, min: 0, max: 0, avg: 0.00)
Number of affected states:                                0 (count: 0, min: 0, max: 0, avg: 0.00)
Length (states) of path with itp 'true':                  0 (count: 0, min: 0, max: 0, avg: 0.00)
Length (states) of path with itp non-trivial itp:         0 (count: 0, min: 0, max: 0, avg: 0.00)
Length (states) of path with itp 'false':                 0 (count: 0, min: 0, max: 0, avg: 0.00)
Different non-trivial interpolants along paths:           0 (count: 0, min: 0, max: 0, avg: 0.00)
Equal non-trivial interpolants along paths:               0 (count: 0, min: 0, max: 0, avg: 0.00)
Different precisions along paths:                         0 (count: 0, min: 0, max: 0, avg: 0.00)
Equal precisions along paths:                             0 (count: 0, min: 0, max: 0, avg: 0.00)
Number of refs with location-based cutoff:                0

CEGAR algorithm statistics
--------------------------
Number of refinements:                0
Refinement times:             0
First time for refinement:             1.535s
Last time for refinement:              1.535s
Average time for analysis:          1.535s
Number of analysis:                1

Code Coverage
-----------------------------
  Visited lines:          1395
  Total lines:            17
  Line coverage:          82.059

CPAchecker general statistics
-----------------------------
Number of program locations:     1988
Number of CFA edges:             2395
Number of relevant variables:    451
Number of functions:             71
Number of loops:                 12
Size of reached set:             2062
  Number of reached locations:   1073 (54%)
    Avg states per location:     1
    Max states per location:     48 (at node N0)
  Number of reached functions:   29 (41%)
  Number of partitions:          2026
    Avg size of partitions:      1
    Max size of partitions:      6 (with key [N110 (entry of function superio_exit in /work/ldvuser/novikov/work/current--X--drivers/hwmon/it87.ko--X--defaultlinux--X--08_1a--X--cpachecker/linux/csd_deg_dscv/11/dscv_tempdir/dscv/ri/08_1a/drivers/hwmon/it87.c.prepared, lines 111-123), 1451895869, Init])
  Number of target states:       0

Time for analysis setup:                   8.653s
  Time for cfa diff:                   3.496s
  Time for loading CPAs:                   0.406s
  Time for impacted traverse:              0.014s
  Time for loading parser:        0.035s
  Time for CFA construction:      1.387s
    Time for parsing file(s):     0.395s
    Time for AST to CFA:          0.475s
    Time for CFA sanity check:    0.000s
    Time for post-processing:     0.365s
      Time for var class.:        0.000s
Time for normal Analysis:                         1.535s
CPU time for analysis:                     8.460s
CPU time for impacted:                     0.780s
CPU time for normal analysis:              3.070s
CPU time for init:                         5.400s

Time for Garbage Collector:       0.198s (in 9 runs)
Garbage Collector(s) used:    PS MarkSweep, PS Scavenge
Used heap memory:                280MB (   267 MiB) max;     93MB (    89 MiB) avg;    281MB (   268 MiB) peak
Used non-heap memory:             36MB (    34 MiB) max;     28MB (    27 MiB) avg;     37MB (    35 MiB) peak
Used in PS Old Gen pool:          23MB (    22 MiB) max;     12MB (    12 MiB) avg;     24MB (    23 MiB) peak
Allocated heap memory:           499MB (   476 MiB) max;    250MB (   238 MiB) avg
Allocated non-heap memory:        38MB (    36 MiB) max;     30MB (    28 MiB) avg
Total process virtual memory:  13308MB ( 12692 MiB) max;  13289MB ( 12673 MiB) avg

Verification result: TRUE. No property violation found by chosen configuration.
More details about the verification run can be found in the directory "/home/yqs17/blazer/cpachecker-inc-pred/output-us-precise-cfa/08_1a.hwmon--it87.ko.set/043.67b671b.08_1a.cil_safe.i".
