scripts/cpa.sh -heap 10000M -predicateAnalysis-ABElfb-debug -setprop cpa.impacted.eliminate=true -disable-java-assertions -outputpath /home/yqs17/blazer/cpachecker-inc-pred/output-us-precise-cfa/43_1a.media--video--videobuf-vmalloc.ko.set/008.493977f.43_1a.cil_safe.i -isIncPred -spec /home/yqs17/blazer/cpachecker-inc-pred/LDVErrorLabel.spc -stats -setprop cpa.impacted.pre_invariants.file=/home/yqs17/blazer/cpachecker-inc-pred/output-us-precise-cfa/43_1a.media--video--videobuf-vmalloc.ko.set/007.0b29669.43_1a.cil_safe.i/impacted-invariants.txt -setprop analysis.prev.program=/home/yqs17/blazer/cpachecker-inc-pred/programs/drivers--media--video--videobuf-vmalloc.ko/007.0b29669.43_1a.cil_safe.i -entryfunction ldv_main0_sequence_infinite_withcheck_stateful /home/yqs17/blazer/cpachecker-inc-pred/programs/drivers--media--video--videobuf-vmalloc.ko/008.493977f.43_1a.cil_safe.i


--------------------------------------------------------------------------------


Running CPAchecker with Java heap of size 10000M.
Running CPAchecker with the following extra VM options:  -Djava.io.tmpdir=/tmp/BenchExec_run_jxscy9db/tmp
Number of modified edges: 25
Begin analysis 
Read invariant objects done
PredicateCPA statistics
-----------------------
Read Precision Time:                0.000s
Precision file size:                0
Write Precision Time:               0.001s
Number of abstractions:            61 (5% of all post computations)
  Times abstraction was reused:    0
  Because of function entry/exit:  75 (123%)
  Because of loop head:            26 (43%)
  Because of join nodes:           0 (0%)
  Because of threshold:            0 (0%)
  Times precision was empty:       0 (0%)
  Times precision was {false}:     0 (0%)
  Times result was cached:         21 (25%)
  Times cartesian abs was used:    0 (0%)
  Times boolean abs was used:      64 (75%)
  Times result was 'false':        2 (3%)
Number of strengthen sat checks:   0
Number of coverage checks:         421
  BDD entailment checks:           27
Number of SMT sat checks:          744
  trivial:                         410
  cached:                          214

Max ABE block size:                       15
Number of predicates discovered:          2
Number of abstraction locations:          0
Max number of predicates per location:    0
Avg number of predicates per location:    0
Total predicates per abstraction:         85
Max number of predicates per abstraction: 2
Avg number of predicates per abstraction: 1.33
Number of irrelevant predicates:          20 (24%)
Number of preds handled by boolean abs:   65 (76%)
  Total number of models for allsat:      62
  Max number of models for allsat:        1
  Avg number of models for allsat:        0.97

Number of path formula cache hits:   282 (22%)

Time for post operator:                  0.600s
  Time for path formula creation:        0.193s
    Actual computation:                  0.172s
Time for strengthen operator:            0.009s
Time for prec operator:                  0.204s
  Time for abstraction:                  0.093s (Max:     0.010s, Count: 61)
    Boolean abstraction:                 0.066s
    Solving time:                        0.042s (Max:     0.006s)
    Model enumeration time:              0.000s
    Time for BDD construction:           0.001s (Max:     0.001s)
Time for merge operator:                 0.041s
Time for coverage check:                 0.003s
  Time for BDD entailment checks:        0.001s
Total time for SMT solver (w/o itp):     0.364s

Number of BDD nodes:                               203
Size of BDD node table:                            466043
Size of BDD cache:                                 46619
Size of BDD node cleanup queue:                           0 (count: 3630, min: 0, max: 0, avg: 0.00)
Time for BDD node cleanup:                             0.001s
Time for BDD garbage collection:                       0.000s (in 0 runs)

PrecisionBootstrap statistics
-----------------------------
Init. function predicates:                         0
Init. global predicates:                           0
Init. location predicates:                         0

ImpactedCPA statistics
----------------------
  Number of invariants partial hits:                            0
  Number of invariants hits:                                    24
  Number of invariants trys:                                    40
  Number of invariants bots:                                    16
  Number of invariants not valid:                               0
  Initial reached size:                                         711
  Input invariants file size:                                   1067
  Max impacted number of variables:                             0
  Number of last version invariants:                            42
  Number of this version invariants:                            40
  CPU time for invariant read:                                      0.200s
  CPU time for invariant write:                                     0.030s
  Time for invariant write:                                         0.017s
  Time for invariant read:                                          0.095s

AutomatonAnalysis (SVCOMP) statistics
-------------------------------------
Number of states:                                  1
Total time for successor computation:                  0.011s
Automaton transfers with branching:                0
Automaton transfer successors:                         1183 (count: 1183, min: 1, max: 1, avg: 1.00) [1 x 1183]

CPA algorithm statistics
------------------------
Number of iterations:            400
Max size of waitlist:            33
Average size of waitlist:        21
Number of computed successors:   442
Max successors for one state:    2
Number of times merged:          182
Number of times stopped:         209
Number of times abs stopped:     27
Number of times nonAbs stopped:  394
Number of coverage check (part): 421
Number of times doAbstraction node:  101
Number of times breaked:         0

Total time for CPA algorithm:         0.253s (Max:     0.253s)
CPU time for CPA algorithm:           0.490s
  Time for choose from waitlist:      0.002s
  Time for precision adjustment:      0.102s
  Time for transfer relation:         0.081s
  Time for merge operator:            0.054s
  Time for stop operator:             0.005s
  Time for adding to reached set:     0.000s

Predicate-Abstraction Refiner statistics
----------------------------------------
  Predicate creation:                                  0.000s
  Precision update:                                    0.000s
  ARG update:                                          0.000s

Length of refined path (in blocks):                       0 (count: 0, min: 0, max: 0, avg: 0.00)
Number of affected states:                                0 (count: 0, min: 0, max: 0, avg: 0.00)
Length (states) of path with itp 'true':                  0 (count: 0, min: 0, max: 0, avg: 0.00)
Length (states) of path with itp non-trivial itp:         0 (count: 0, min: 0, max: 0, avg: 0.00)
Length (states) of path with itp 'false':                 0 (count: 0, min: 0, max: 0, avg: 0.00)
Different non-trivial interpolants along paths:           0 (count: 0, min: 0, max: 0, avg: 0.00)
Equal non-trivial interpolants along paths:               0 (count: 0, min: 0, max: 0, avg: 0.00)
Different precisions along paths:                         0 (count: 0, min: 0, max: 0, avg: 0.00)
Equal precisions along paths:                             0 (count: 0, min: 0, max: 0, avg: 0.00)
Number of refs with location-based cutoff:                0

CEGAR algorithm statistics
--------------------------
Number of refinements:                0
Refinement times:             0
First time for refinement:             0.253s
Last time for refinement:              0.253s
Average time for analysis:          0.253s
Number of analysis:                1

Code Coverage
-----------------------------
  Visited lines:          2336
  Total lines:            3
  Line coverage:          778.667

CPAchecker general statistics
-----------------------------
Number of program locations:     1006
Number of CFA edges:             1109
Number of relevant variables:    132
Number of functions:             29
Number of loops:                 4
Size of reached set:             942
  Number of reached locations:   835 (83%)
    Avg states per location:     1
    Max states per location:     10 (at node N525)
  Number of reached functions:   15 (52%)
  Number of partitions:          942
    Avg size of partitions:      1
    Max size of partitions:      1
  Number of target states:       0

Time for analysis setup:                   4.501s
  Time for cfa diff:                   2.173s
  Time for loading CPAs:                   0.344s
  Time for impacted traverse:              0.006s
  Time for loading parser:        0.025s
  Time for CFA construction:      0.910s
    Time for parsing file(s):     0.310s
    Time for AST to CFA:          0.314s
    Time for CFA sanity check:    0.000s
    Time for post-processing:     0.171s
      Time for var class.:        0.000s
Time for normal Analysis:                         0.253s
CPU time for analysis:                     2.020s
CPU time for impacted:                     0.000s
CPU time for normal analysis:              0.510s
CPU time for init:                         1.520s

Time for Garbage Collector:       0.136s (in 5 runs)
Garbage Collector(s) used:    PS MarkSweep, PS Scavenge
Used heap memory:                 85MB (    81 MiB) max;     47MB (    45 MiB) avg;    105MB (   100 MiB) peak
Used non-heap memory:             32MB (    31 MiB) max;     24MB (    23 MiB) avg;     34MB (    32 MiB) peak
Used in PS Old Gen pool:          22MB (    21 MiB) max;      7MB (     7 MiB) avg;     24MB (    22 MiB) peak
Allocated heap memory:           256MB (   245 MiB) max;    194MB (   185 MiB) avg
Allocated non-heap memory:        35MB (    33 MiB) max;     25MB (    24 MiB) avg
Total process virtual memory:  13307MB ( 12691 MiB) max;  13280MB ( 12665 MiB) avg

Verification result: TRUE. No property violation found by chosen configuration.
More details about the verification run can be found in the directory "/home/yqs17/blazer/cpachecker-inc-pred/output-us-precise-cfa/43_1a.media--video--videobuf-vmalloc.ko.set/008.493977f.43_1a.cil_safe.i".
