scripts/cpa.sh -heap 10000M -predicateAnalysis-ABElfb-debug -setprop cpa.impacted.eliminate=true -disable-java-assertions -outputpath /home/yqs17/blazer/cpachecker-inc-pred/output-us-precise-cfa/32_7a.isdn--mISDN--mISDN_core.ko.set/072.4b921ed.32_7a.cil_safe.i -isIncPred -spec /home/yqs17/blazer/cpachecker-inc-pred/LDVErrorLabel.spc -stats -setprop cpa.impacted.pre_invariants.file=/home/yqs17/blazer/cpachecker-inc-pred/output-us-precise-cfa/32_7a.isdn--mISDN--mISDN_core.ko.set/071.2509933.32_7a.cil_safe.i/impacted-invariants.txt -setprop analysis.prev.program=/home/yqs17/blazer/cpachecker-inc-pred/programs/drivers--isdn--mISDN--mISDN_core.ko/071.2509933.32_7a.cil_safe.i -entryfunction ldv_main0_sequence_infinite_withcheck_stateful /home/yqs17/blazer/cpachecker-inc-pred/programs/drivers--isdn--mISDN--mISDN_core.ko/072.4b921ed.32_7a.cil_safe.i


--------------------------------------------------------------------------------


Running CPAchecker with Java heap of size 10000M.
Running CPAchecker with the following extra VM options:  -Djava.io.tmpdir=/tmp/BenchExec_run_bdvkjqfv/tmp
Number of modified edges: 23
Begin analysis 
Read invariant objects done
ImpactedCPA statistics
----------------------
  Number of invariants partial hits:                            0
  Number of invariants hits:                                    31
  Number of invariants trys:                                    42
  Number of invariants bots:                                    11
  Number of invariants not valid:                               0
  Initial reached size:                                         1738
  Input invariants file size:                                   2792
  Max impacted number of variables:                             1
  Number of last version invariants:                            379
  Number of this version invariants:                            0
  CPU time for invariant read:                                      1.430s
  CPU time for invariant write:                                     0.000s
  Time for invariant write:                                         0.000s
  Time for invariant read:                                          0.736s

AutomatonAnalysis (SVCOMP) statistics
-------------------------------------
Number of states:                                  1
Total time for successor computation:                  0.023s
Automaton transfers with branching:                0
Automaton transfer successors:                         3238 (count: 3238, min: 1, max: 1, avg: 1.00) [1 x 3238]

CPA algorithm statistics
------------------------
Number of iterations:            3226
Max size of waitlist:            6
Average size of waitlist:        1
Number of computed successors:   3238
Max successors for one state:    2
Number of times merged:          0
Number of times stopped:         2
Number of times abs stopped:     15
Number of times nonAbs stopped:  118
Number of coverage check (part): 133
Number of times doAbstraction node:  111
Number of times breaked:         2

Total time for CPA algorithm:         0.228s (Max:     0.173s)
CPU time for CPA algorithm:           0.960s
  Time for choose from waitlist:      0.003s
  Time for precision adjustment:      0.026s
  Time for transfer relation:         0.117s
  Time for merge operator:            0.001s
  Time for stop operator:             0.010s
  Time for adding to reached set:     0.017s

PredicateCPA statistics
-----------------------
Read Precision Time:                0.000s
Precision file size:                6742
Write Precision Time:               0.003s
Number of abstractions:            69 (3% of all post computations)
  Times abstraction was reused:    0
  Because of function entry/exit:  97 (141%)
  Because of loop head:            14 (20%)
  Because of join nodes:           0 (0%)
  Because of threshold:            0 (0%)
  Times precision was empty:       0 (0%)
  Times precision was {false}:     0 (0%)
  Times result was cached:         9 (9%)
  Times cartesian abs was used:    0 (0%)
  Times boolean abs was used:      91 (91%)
  Times result was 'false':        0 (0%)
Number of strengthen sat checks:   0
Number of coverage checks:         133
  BDD entailment checks:           15
Number of SMT sat checks:          1754
  trivial:                         899
  cached:                          718

Max ABE block size:                       9
Number of predicates discovered:          2
Number of abstraction locations:          0
Max number of predicates per location:    0
Avg number of predicates per location:    0
Total predicates per abstraction:         153
Max number of predicates per abstraction: 2
Avg number of predicates per abstraction: 1.68
Number of irrelevant predicates:          0 (0%)
Number of preds handled by boolean abs:   153 (100%)
  Total number of models for allsat:      91
  Max number of models for allsat:        1
  Avg number of models for allsat:        1.00

Number of path formula cache hits:   78 (4%)

Time for post operator:                  6.451s
  Time for path formula creation:        1.048s
    Actual computation:                  0.982s
Time for strengthen operator:            0.008s
Time for prec operator:                  0.327s
  Time for abstraction:                  0.086s (Max:     0.007s, Count: 69)
    Boolean abstraction:                 0.164s
    Solving time:                        0.134s (Max:     0.118s)
    Model enumeration time:              0.004s
    Time for BDD construction:           0.007s (Max:     0.003s)
Time for merge operator:                 0.024s
Time for coverage check:                 0.000s
  Time for BDD entailment checks:        0.000s
Total time for SMT solver (w/o itp):     4.521s

Number of BDD nodes:                               203
Size of BDD node table:                            466043
Size of BDD cache:                                 46619
Size of BDD node cleanup queue:                           0 (count: 57521, min: 0, max: 0, avg: 0.00)
Time for BDD node cleanup:                             0.003s
Time for BDD garbage collection:                       0.000s (in 0 runs)

PrecisionBootstrap statistics
-----------------------------
Init. function predicates:                         0
Init. global predicates:                           0
Init. location predicates:                         0

ImpactedCPA statistics
----------------------
  Number of invariants partial hits:                            0
  Number of invariants hits:                                    31
  Number of invariants trys:                                    42
  Number of invariants bots:                                    11
  Number of invariants not valid:                               0
  Initial reached size:                                         1738
  Input invariants file size:                                   2792
  Max impacted number of variables:                             1
  Number of last version invariants:                            379
  Number of this version invariants:                            54
  CPU time for invariant read:                                      1.430s
  CPU time for invariant write:                                     0.110s
  Time for invariant write:                                         0.057s
  Time for invariant read:                                          0.736s

AutomatonAnalysis (SVCOMP) statistics
-------------------------------------
Number of states:                                  1
Total time for successor computation:                  0.013s
Automaton transfers with branching:                0
Automaton transfer successors:                         2079 (count: 2079, min: 1, max: 1, avg: 1.00) [1 x 2079]

CPA algorithm statistics
------------------------
Number of iterations:            305
Max size of waitlist:            8
Average size of waitlist:        5
Number of computed successors:   326
Max successors for one state:    2
Number of times merged:          54
Number of times stopped:         69
Number of times abs stopped:     15
Number of times nonAbs stopped:  118
Number of coverage check (part): 133
Number of times doAbstraction node:  111
Number of times breaked:         0

Total time for CPA algorithm:         0.258s (Max:     0.258s)
CPU time for CPA algorithm:           0.960s
  Time for choose from waitlist:      0.001s
  Time for precision adjustment:      0.101s
  Time for transfer relation:         0.100s
  Time for merge operator:            0.024s
  Time for stop operator:             0.009s
  Time for adding to reached set:     0.002s

Predicate-Abstraction Refiner statistics
----------------------------------------
  Predicate creation:                                  0.000s
  Precision update:                                    0.000s
  ARG update:                                          0.000s

Length of refined path (in blocks):                       0 (count: 0, min: 0, max: 0, avg: 0.00)
Number of affected states:                                0 (count: 0, min: 0, max: 0, avg: 0.00)
Length (states) of path with itp 'true':                  0 (count: 0, min: 0, max: 0, avg: 0.00)
Length (states) of path with itp non-trivial itp:         0 (count: 0, min: 0, max: 0, avg: 0.00)
Length (states) of path with itp 'false':                 0 (count: 0, min: 0, max: 0, avg: 0.00)
Different non-trivial interpolants along paths:           0 (count: 0, min: 0, max: 0, avg: 0.00)
Equal non-trivial interpolants along paths:               0 (count: 0, min: 0, max: 0, avg: 0.00)
Different precisions along paths:                         0 (count: 0, min: 0, max: 0, avg: 0.00)
Equal precisions along paths:                             0 (count: 0, min: 0, max: 0, avg: 0.00)
Number of refs with location-based cutoff:                0

CEGAR algorithm statistics
--------------------------
Number of refinements:                0
Refinement times:             0
First time for refinement:             0.259s
Last time for refinement:              0.259s
Average time for analysis:          0.259s
Number of analysis:                1

Code Coverage
-----------------------------
  Visited lines:          5242
  Total lines:            23
  Line coverage:          227.913

CPAchecker general statistics
-----------------------------
Number of program locations:     18615
Number of CFA edges:             29166
Number of relevant variables:    2421
Number of functions:             493
Number of loops:                 44
Size of reached set:             1995
  Number of reached locations:   1808 (10%)
    Avg states per location:     1
    Max states per location:     6 (at node N632)
  Number of reached functions:   23 (5%)
  Number of partitions:          1993
    Avg size of partitions:      1
    Max size of partitions:      2 (with key [N4813 (entry of function l1_cleanup in /work/ldvuser/novikov/work/current--X--drivers/isdn/mISDN/mISDN_core.ko--X--defaultlinux--X--32_7a--X--cpachecker/linux/csd_deg_dscv/31/dscv_tempdir/dscv/ri/32_7a/drivers/isdn/mISDN/layer1.c.prepared, lines 469-479), 1334763911, Init])
  Number of target states:       0

Time for analysis setup:                  60.172s
  Time for cfa diff:                  47.207s
  Time for loading CPAs:                   0.672s
  Time for impacted traverse:              0.067s
  Time for loading parser:        0.037s
  Time for CFA construction:      4.263s
    Time for parsing file(s):     0.703s
    Time for AST to CFA:          1.428s
    Time for CFA sanity check:    0.000s
    Time for post-processing:     1.795s
      Time for var class.:        0.000s
Time for normal Analysis:                         0.259s
CPU time for analysis:                    13.530s
CPU time for impacted:                     1.220s
CPU time for normal analysis:              0.520s
CPU time for init:                        13.020s

Time for Garbage Collector:       0.913s (in 12 runs)
Garbage Collector(s) used:    PS MarkSweep, PS Scavenge
Used heap memory:                951MB (   907 MiB) max;    208MB (   199 MiB) avg;   1054MB (  1005 MiB) peak
Used non-heap memory:             39MB (    37 MiB) max;     31MB (    30 MiB) avg;     41MB (    39 MiB) peak
Used in PS Old Gen pool:          67MB (    64 MiB) max;     61MB (    58 MiB) avg;     81MB (    77 MiB) peak
Allocated heap memory:          1099MB (  1048 MiB) max;    723MB (   689 MiB) avg
Allocated non-heap memory:        41MB (    39 MiB) max;     32MB (    31 MiB) avg
Total process virtual memory:  13307MB ( 12691 MiB) max;  13293MB ( 12677 MiB) avg

Verification result: TRUE. No property violation found by chosen configuration.
More details about the verification run can be found in the directory "/home/yqs17/blazer/cpachecker-inc-pred/output-us-precise-cfa/32_7a.isdn--mISDN--mISDN_core.ko.set/072.4b921ed.32_7a.cil_safe.i".
