scripts/cpa.sh -heap 10000M -predicateAnalysis-ABElfb-debug -setprop cpa.impacted.eliminate=true -disable-java-assertions -outputpath /home/yqs17/blazer/cpachecker-inc-pred/output-us-precise-cfa/39_7a.rtc--rtc-pcf2123.ko.set/001.f3d2570a.39_7a.cil_safe.i -isIncPred -spec /home/yqs17/blazer/cpachecker-inc-pred/LDVErrorLabel.spc -stats -setprop cpa.impacted.pre_invariants.file=/home/yqs17/blazer/cpachecker-inc-pred/output-us-precise-cfa/39_7a.rtc--rtc-pcf2123.ko.set/000.7f3923a.39_7a.cil_safe.i/impacted-invariants.txt -setprop analysis.prev.program=/home/yqs17/blazer/cpachecker-inc-pred/programs/drivers--rtc--rtc-pcf2123.ko/000.7f3923a.39_7a.cil_safe.i -entryfunction ldv_main0_sequence_infinite_withcheck_stateful /home/yqs17/blazer/cpachecker-inc-pred/programs/drivers--rtc--rtc-pcf2123.ko/001.f3d2570a.39_7a.cil_safe.i


--------------------------------------------------------------------------------


Running CPAchecker with Java heap of size 10000M.
Running CPAchecker with the following extra VM options:  -Djava.io.tmpdir=/tmp/BenchExec_run_o8hramwu/tmp
Number of modified edges: 11
Begin analysis 
Read invariant objects done
ImpactedCPA statistics
----------------------
  Number of invariants partial hits:                            0
  Number of invariants hits:                                    42
  Number of invariants trys:                                    55
  Number of invariants bots:                                    13
  Number of invariants not valid:                               0
  Initial reached size:                                         998
  Input invariants file size:                                   2734
  Max impacted number of variables:                             0
  Number of last version invariants:                            92
  Number of this version invariants:                            0
  CPU time for invariant read:                                      0.830s
  CPU time for invariant write:                                     0.000s
  Time for invariant write:                                         0.000s
  Time for invariant read:                                          0.418s

AutomatonAnalysis (SVCOMP) statistics
-------------------------------------
Number of states:                                  1
Total time for successor computation:                  0.006s
Automaton transfers with branching:                0
Automaton transfer successors:                          678 (count: 678, min: 1, max: 1, avg: 1.00) [1 x 678]

CPA algorithm statistics
------------------------
Number of iterations:            673
Max size of waitlist:            5
Average size of waitlist:        1
Number of computed successors:   678
Max successors for one state:    2
Number of times merged:          0
Number of times stopped:         1
Number of times abs stopped:     57
Number of times nonAbs stopped:  224
Number of coverage check (part): 281
Number of times doAbstraction node:  361
Number of times breaked:         1

Total time for CPA algorithm:         0.091s (Max:     0.091s)
CPU time for CPA algorithm:           2.120s
  Time for choose from waitlist:      0.002s
  Time for precision adjustment:      0.015s
  Time for transfer relation:         0.038s
  Time for merge operator:            0.001s
  Time for stop operator:             0.001s
  Time for adding to reached set:     0.011s

PredicateCPA statistics
-----------------------
Read Precision Time:                0.000s
Precision file size:                10134
Write Precision Time:               0.003s
Number of abstractions:            306 (13% of all post computations)
  Times abstraction was reused:    0
  Because of function entry/exit:  345 (113%)
  Because of loop head:            16 (5%)
  Because of join nodes:           0 (0%)
  Because of threshold:            0 (0%)
  Times precision was empty:       0 (0%)
  Times precision was {false}:     0 (0%)
  Times result was cached:         157 (45%)
  Times cartesian abs was used:    0 (0%)
  Times boolean abs was used:      191 (55%)
  Times result was 'false':        0 (0%)
Number of strengthen sat checks:   0
Number of coverage checks:         281
  BDD entailment checks:           57
Number of SMT sat checks:          1023
  trivial:                         533
  cached:                          356

Max ABE block size:                       22
Number of predicates discovered:          7
Number of abstraction locations:          0
Max number of predicates per location:    0
Avg number of predicates per location:    0
Total predicates per abstraction:         1298
Max number of predicates per abstraction: 7
Avg number of predicates per abstraction: 6.80
Number of irrelevant predicates:          150 (12%)
Number of preds handled by boolean abs:   1148 (88%)
  Total number of models for allsat:      192
  Max number of models for allsat:        2
  Avg number of models for allsat:        1.01

Number of path formula cache hits:   199 (8%)

Time for post operator:                  1.030s
  Time for path formula creation:        0.475s
    Actual computation:                  0.440s
Time for strengthen operator:            0.012s
Time for prec operator:                  0.767s
  Time for abstraction:                  0.472s (Max:     0.016s, Count: 306)
    Boolean abstraction:                 0.277s
    Solving time:                        0.068s (Max:     0.006s)
    Model enumeration time:              0.006s
    Time for BDD construction:           0.012s (Max:     0.001s)
Time for merge operator:                 0.018s
Time for coverage check:                 0.004s
  Time for BDD entailment checks:        0.004s
Total time for SMT solver (w/o itp):     0.349s

Number of BDD nodes:                               245
Size of BDD node table:                            466043
Size of BDD cache:                                 46619
Size of BDD node cleanup queue:                         169 (count: 7997, min: 0, max: 169, avg: 0.02)
Time for BDD node cleanup:                             0.001s
Time for BDD garbage collection:                       0.000s (in 0 runs)

PrecisionBootstrap statistics
-----------------------------
Init. function predicates:                         0
Init. global predicates:                           0
Init. location predicates:                         0

ImpactedCPA statistics
----------------------
  Number of invariants partial hits:                            0
  Number of invariants hits:                                    42
  Number of invariants trys:                                    55
  Number of invariants bots:                                    13
  Number of invariants not valid:                               0
  Initial reached size:                                         998
  Input invariants file size:                                   2734
  Max impacted number of variables:                             0
  Number of last version invariants:                            92
  Number of this version invariants:                            90
  CPU time for invariant read:                                      0.830s
  CPU time for invariant write:                                     0.090s
  Time for invariant write:                                         0.047s
  Time for invariant read:                                          0.418s

AutomatonAnalysis (SVCOMP) statistics
-------------------------------------
Number of states:                                  1
Total time for successor computation:                  0.024s
Automaton transfers with branching:                0
Automaton transfer successors:                         2352 (count: 2352, min: 1, max: 1, avg: 1.00) [1 x 2352]

CPA algorithm statistics
------------------------
Number of iterations:            1279
Max size of waitlist:            29
Average size of waitlist:        18
Number of computed successors:   1335
Max successors for one state:    2
Number of times merged:          105
Number of times stopped:         162
Number of times abs stopped:     57
Number of times nonAbs stopped:  224
Number of coverage check (part): 281
Number of times doAbstraction node:  361
Number of times breaked:         0

Total time for CPA algorithm:         0.987s (Max:     0.987s)
CPU time for CPA algorithm:           2.120s
  Time for choose from waitlist:      0.006s
  Time for precision adjustment:      0.511s
  Time for transfer relation:         0.396s
  Time for merge operator:            0.027s
  Time for stop operator:             0.010s
  Time for adding to reached set:     0.006s

Predicate-Abstraction Refiner statistics
----------------------------------------
  Predicate creation:                                  0.000s
  Precision update:                                    0.000s
  ARG update:                                          0.000s

Length of refined path (in blocks):                       0 (count: 0, min: 0, max: 0, avg: 0.00)
Number of affected states:                                0 (count: 0, min: 0, max: 0, avg: 0.00)
Length (states) of path with itp 'true':                  0 (count: 0, min: 0, max: 0, avg: 0.00)
Length (states) of path with itp non-trivial itp:         0 (count: 0, min: 0, max: 0, avg: 0.00)
Length (states) of path with itp 'false':                 0 (count: 0, min: 0, max: 0, avg: 0.00)
Different non-trivial interpolants along paths:           0 (count: 0, min: 0, max: 0, avg: 0.00)
Equal non-trivial interpolants along paths:               0 (count: 0, min: 0, max: 0, avg: 0.00)
Different precisions along paths:                         0 (count: 0, min: 0, max: 0, avg: 0.00)
Equal precisions along paths:                             0 (count: 0, min: 0, max: 0, avg: 0.00)
Number of refs with location-based cutoff:                0

CEGAR algorithm statistics
--------------------------
Number of refinements:                0
Refinement times:             0
First time for refinement:             0.987s
Last time for refinement:              0.987s
Average time for analysis:          0.987s
Number of analysis:                1

Code Coverage
-----------------------------
  Visited lines:          2846
  Total lines:            10
  Line coverage:          284.600

CPAchecker general statistics
-----------------------------
Number of program locations:     2015
Number of CFA edges:             2315
Number of relevant variables:    253
Number of functions:             100
Number of loops:                 6
Size of reached set:             2171
  Number of reached locations:   1259 (62%)
    Avg states per location:     1
    Max states per location:     25 (at node N35)
  Number of reached functions:   24 (24%)
  Number of partitions:          2121
    Avg size of partitions:      1
    Max size of partitions:      4 (with key [N274 (entry of function spi_write in include/linux/spi/spi.h, lines 565-603), -2015525510, Init])
  Number of target states:       0

Time for analysis setup:                   6.604s
  Time for cfa diff:                   3.004s
  Time for loading CPAs:                   0.407s
  Time for impacted traverse:              0.006s
  Time for loading parser:        0.038s
  Time for CFA construction:      1.375s
    Time for parsing file(s):     0.451s
    Time for AST to CFA:          0.485s
    Time for CFA sanity check:    0.000s
    Time for post-processing:     0.293s
      Time for var class.:        0.000s
Time for normal Analysis:                         0.988s
CPU time for analysis:                     4.150s
CPU time for impacted:                     0.600s
CPU time for normal analysis:              1.950s
CPU time for init:                         2.200s

Time for Garbage Collector:       0.206s (in 6 runs)
Garbage Collector(s) used:    PS MarkSweep, PS Scavenge
Used heap memory:                179MB (   170 MiB) max;     59MB (    56 MiB) avg;    197MB (   188 MiB) peak
Used non-heap memory:             36MB (    34 MiB) max;     27MB (    26 MiB) avg;     37MB (    36 MiB) peak
Used in PS Old Gen pool:          25MB (    23 MiB) max;     14MB (    13 MiB) avg;     31MB (    30 MiB) peak
Allocated heap memory:           270MB (   257 MiB) max;    209MB (   199 MiB) avg
Allocated non-heap memory:        38MB (    36 MiB) max;     28MB (    27 MiB) avg
Total process virtual memory:  13307MB ( 12691 MiB) max;  13282MB ( 12666 MiB) avg

Verification result: TRUE. No property violation found by chosen configuration.
More details about the verification run can be found in the directory "/home/yqs17/blazer/cpachecker-inc-pred/output-us-precise-cfa/39_7a.rtc--rtc-pcf2123.ko.set/001.f3d2570a.39_7a.cil_safe.i".
