scripts/cpa.sh -heap 10000M -predicateAnalysis-ABElfb-debug -setprop cpa.impacted.eliminate=true -disable-java-assertions -outputpath /home/yqs17/blazer/cpachecker-inc-pred/output-us-precise-cfa/32_7a.usb--serial--mos7840.ko.set/018.11e1abb.32_7a.cil_safe.i -isIncPred -spec /home/yqs17/blazer/cpachecker-inc-pred/LDVErrorLabel.spc -stats -setprop cpa.impacted.pre_invariants.file=/home/yqs17/blazer/cpachecker-inc-pred/output-us-precise-cfa/32_7a.usb--serial--mos7840.ko.set/017.dc0d5c1.32_7a.cil_safe.i/impacted-invariants.txt -setprop analysis.prev.program=/home/yqs17/blazer/cpachecker-inc-pred/programs/drivers--usb--serial--mos7840.ko/017.dc0d5c1.32_7a.cil_safe.i -entryfunction ldv_main0_sequence_infinite_withcheck_stateful /home/yqs17/blazer/cpachecker-inc-pred/programs/drivers--usb--serial--mos7840.ko/018.11e1abb.32_7a.cil_safe.i


--------------------------------------------------------------------------------


Running CPAchecker with Java heap of size 10000M.
Running CPAchecker with the following extra VM options:  -Djava.io.tmpdir=/tmp/BenchExec_run_orted471/tmp
Number of modified edges: 63
Begin analysis 
Read invariant objects done
ImpactedCPA statistics
----------------------
  Number of invariants partial hits:                            0
  Number of invariants hits:                                    6
  Number of invariants trys:                                    9
  Number of invariants bots:                                    3
  Number of invariants not valid:                               0
  Initial reached size:                                         651
  Input invariants file size:                                   1658
  Max impacted number of variables:                             8
  Number of last version invariants:                            243
  Number of this version invariants:                            0
  CPU time for invariant read:                                      0.700s
  CPU time for invariant write:                                     0.000s
  Time for invariant write:                                         0.000s
  Time for invariant read:                                          0.369s

AutomatonAnalysis (SVCOMP) statistics
-------------------------------------
Number of states:                                  1
Total time for successor computation:                  0.086s
Automaton transfers with branching:                0
Automaton transfer successors:                        44896 (count: 44896, min: 1, max: 1, avg: 1.00) [1 x 44896]

CPA algorithm statistics
------------------------
Number of iterations:            39618
Max size of waitlist:            91
Average size of waitlist:        29
Number of computed successors:   44896
Max successors for one state:    2
Number of times merged:          28
Number of times stopped:         5310
Number of times abs stopped:     146
Number of times nonAbs stopped:  1566
Number of coverage check (part): 1712
Number of times doAbstraction node:  817
Number of times breaked:         0

Total time for CPA algorithm:         1.537s (Max:     0.815s)
CPU time for CPA algorithm:           9.050s
  Time for choose from waitlist:      0.035s
  Time for precision adjustment:      0.112s
  Time for transfer relation:         0.781s
  Time for merge operator:            0.054s
  Time for stop operator:             0.110s
  Time for adding to reached set:     0.094s

PredicateCPA statistics
-----------------------
Read Precision Time:                0.000s
Precision file size:                176
Write Precision Time:               0.002s
Number of abstractions:            808 (10% of all post computations)
  Times abstraction was reused:    0
  Because of function entry/exit:  754 (93%)
  Because of loop head:            63 (8%)
  Because of join nodes:           0 (0%)
  Because of threshold:            0 (0%)
  Times precision was empty:       0 (0%)
  Times precision was {false}:     0 (0%)
  Times result was cached:         164 (20%)
  Times cartesian abs was used:    0 (0%)
  Times boolean abs was used:      650 (80%)
  Times result was 'false':        1 (0%)
Number of strengthen sat checks:   0
Number of coverage checks:         1712
  BDD entailment checks:           146
Number of SMT sat checks:          658
  trivial:                         518
  cached:                          112

Max ABE block size:                       39
Number of predicates discovered:          1
Number of abstraction locations:          0
Max number of predicates per location:    0
Avg number of predicates per location:    0
Total predicates per abstraction:         650
Max number of predicates per abstraction: 1
Avg number of predicates per abstraction: 1.00
Number of irrelevant predicates:          0 (0%)
Number of preds handled by boolean abs:   650 (100%)
  Total number of models for allsat:      649
  Max number of models for allsat:        1
  Avg number of models for allsat:        1.00

Number of path formula cache hits:   75 (1%)

Time for post operator:                  1.478s
  Time for path formula creation:        1.220s
    Actual computation:                  1.136s
Time for strengthen operator:            0.032s
Time for prec operator:                  1.138s
  Time for abstraction:                  0.983s (Max:     0.021s, Count: 808)
    Boolean abstraction:                 0.343s
    Solving time:                        0.253s (Max:     0.012s)
    Model enumeration time:              0.010s
    Time for BDD construction:           0.021s (Max:     0.005s)
Time for merge operator:                 0.314s
Time for coverage check:                 0.001s
  Time for BDD entailment checks:        0.001s
Total time for SMT solver (w/o itp):     0.335s

Number of BDD nodes:                               202
Size of BDD node table:                            466043
Size of BDD cache:                                 46619
Size of BDD node cleanup queue:                         365 (count: 15827, min: 0, max: 365, avg: 0.02)
Time for BDD node cleanup:                             0.006s
Time for BDD garbage collection:                       0.000s (in 0 runs)

PrecisionBootstrap statistics
-----------------------------
Init. function predicates:                         0
Init. global predicates:                           0
Init. location predicates:                         0

ImpactedCPA statistics
----------------------
  Number of invariants partial hits:                            0
  Number of invariants hits:                                    6
  Number of invariants trys:                                    9
  Number of invariants bots:                                    3
  Number of invariants not valid:                               0
  Initial reached size:                                         651
  Input invariants file size:                                   1658
  Max impacted number of variables:                             8
  Number of last version invariants:                            243
  Number of this version invariants:                            246
  CPU time for invariant read:                                      0.700s
  CPU time for invariant write:                                     0.060s
  Time for invariant write:                                         0.032s
  Time for invariant read:                                          0.369s

AutomatonAnalysis (SVCOMP) statistics
-------------------------------------
Number of states:                                  1
Total time for successor computation:                  0.015s
Automaton transfers with branching:                0
Automaton transfer successors:                         8147 (count: 8147, min: 1, max: 1, avg: 1.00) [1 x 8147]

CPA algorithm statistics
------------------------
Number of iterations:            6587
Max size of waitlist:            39
Average size of waitlist:        28
Number of computed successors:   7490
Max successors for one state:    2
Number of times merged:          779
Number of times stopped:         925
Number of times abs stopped:     146
Number of times nonAbs stopped:  1566
Number of coverage check (part): 1712
Number of times doAbstraction node:  817
Number of times breaked:         0

Total time for CPA algorithm:         3.027s (Max:     3.027s)
CPU time for CPA algorithm:           9.050s
  Time for choose from waitlist:      0.019s
  Time for precision adjustment:      1.130s
  Time for transfer relation:         1.380s
  Time for merge operator:            0.371s
  Time for stop operator:             0.015s
  Time for adding to reached set:     0.032s

Predicate-Abstraction Refiner statistics
----------------------------------------
  Predicate creation:                                  0.000s
  Precision update:                                    0.000s
  ARG update:                                          0.000s

Length of refined path (in blocks):                       0 (count: 0, min: 0, max: 0, avg: 0.00)
Number of affected states:                                0 (count: 0, min: 0, max: 0, avg: 0.00)
Length (states) of path with itp 'true':                  0 (count: 0, min: 0, max: 0, avg: 0.00)
Length (states) of path with itp non-trivial itp:         0 (count: 0, min: 0, max: 0, avg: 0.00)
Length (states) of path with itp 'false':                 0 (count: 0, min: 0, max: 0, avg: 0.00)
Different non-trivial interpolants along paths:           0 (count: 0, min: 0, max: 0, avg: 0.00)
Equal non-trivial interpolants along paths:               0 (count: 0, min: 0, max: 0, avg: 0.00)
Different precisions along paths:                         0 (count: 0, min: 0, max: 0, avg: 0.00)
Equal precisions along paths:                             0 (count: 0, min: 0, max: 0, avg: 0.00)
Number of refs with location-based cutoff:                0

CEGAR algorithm statistics
--------------------------
Number of refinements:                0
Refinement times:             0
First time for refinement:             3.028s
Last time for refinement:              3.028s
Average time for analysis:          3.028s
Number of analysis:                1

Code Coverage
-----------------------------
  Visited lines:          4807
  Total lines:            10
  Line coverage:          480.700

CPAchecker general statistics
-----------------------------
Number of program locations:     3579
Number of CFA edges:             4377
Number of relevant variables:    541
Number of functions:             63
Number of loops:                 16
Size of reached set:             7215
  Number of reached locations:   3393 (95%)
    Avg states per location:     2
    Max states per location:     83 (at node N117)
  Number of reached functions:   59 (94%)
  Number of partitions:          7181
    Avg size of partitions:      1
    Max size of partitions:      10 (with key [N133 (entry of function mos7840_set_reg_sync in /work/ldvuser/novikov/work/current--X--drivers/usb/serial/mos7840.ko--X--defaultlinux--X--32_7a--X--cpachecker/linux/csd_deg_dscv/11/dscv_tempdir/dscv/ri/32_7a/drivers/usb/serial/mos7840.c.prepared, lines 236-263), -178193847, Init])
  Number of target states:       0

Time for analysis setup:                  14.603s
  Time for cfa diff:                   9.991s
  Time for loading CPAs:                   0.430s
  Time for impacted traverse:              0.019s
  Time for loading parser:        0.027s
  Time for CFA construction:      1.705s
    Time for parsing file(s):     0.435s
    Time for AST to CFA:          0.655s
    Time for CFA sanity check:    0.000s
    Time for post-processing:     0.433s
      Time for var class.:        0.000s
Time for normal Analysis:                         3.028s
CPU time for analysis:                     6.780s
CPU time for impacted:                     3.560s
CPU time for normal analysis:              6.020s
CPU time for init:                         0.780s

Time for Garbage Collector:       0.403s (in 8 runs)
Garbage Collector(s) used:    PS MarkSweep, PS Scavenge
Used heap memory:                341MB (   325 MiB) max;     85MB (    81 MiB) avg;    377MB (   359 MiB) peak
Used non-heap memory:             39MB (    37 MiB) max;     29MB (    27 MiB) avg;     40MB (    38 MiB) peak
Used in PS Old Gen pool:          36MB (    35 MiB) max;     22MB (    21 MiB) avg;     41MB (    39 MiB) peak
Allocated heap memory:           441MB (   421 MiB) max;    289MB (   276 MiB) avg
Allocated non-heap memory:        41MB (    39 MiB) max;     30MB (    29 MiB) avg
Total process virtual memory:  13307MB ( 12691 MiB) max;  13291MB ( 12675 MiB) avg

Verification result: TRUE. No property violation found by chosen configuration.
More details about the verification run can be found in the directory "/home/yqs17/blazer/cpachecker-inc-pred/output-us-precise-cfa/32_7a.usb--serial--mos7840.ko.set/018.11e1abb.32_7a.cil_safe.i".
