scripts/cpa.sh -heap 10000M -predicateAnalysis-ABElfb-debug -setprop cpa.impacted.eliminate=true -disable-java-assertions -outputpath /home/yqs17/blazer/cpachecker-inc-pred/output-us-precise-cfa/08_1a.media--dvb--frontends--cxd2820r.ko.set/020.3b6a567.08_1a.cil_safe.i -isIncPred -spec /home/yqs17/blazer/cpachecker-inc-pred/LDVErrorLabel.spc -stats -setprop cpa.impacted.pre_invariants.file=/home/yqs17/blazer/cpachecker-inc-pred/output-us-precise-cfa/08_1a.media--dvb--frontends--cxd2820r.ko.set/019.1f64972.08_1a.cil_safe.i/impacted-invariants.txt -setprop analysis.prev.program=/home/yqs17/blazer/cpachecker-inc-pred/programs/drivers--media--dvb--frontends--cxd2820r.ko/019.1f64972.08_1a.cil_safe.i -entryfunction ldv_main0_sequence_infinite_withcheck_stateful /home/yqs17/blazer/cpachecker-inc-pred/programs/drivers--media--dvb--frontends--cxd2820r.ko/020.3b6a567.08_1a.cil_safe.i


--------------------------------------------------------------------------------


Running CPAchecker with Java heap of size 10000M.
Running CPAchecker with the following extra VM options:  -Djava.io.tmpdir=/tmp/BenchExec_run_3zmxhv_q/tmp
Number of modified edges: 0
Begin analysis 
Read invariant objects done
ImpactedCPA statistics
----------------------
  Number of invariants partial hits:                            0
  Number of invariants hits:                                    0
  Number of invariants trys:                                    1
  Number of invariants bots:                                    1
  Number of invariants not valid:                               0
  Initial reached size:                                         1
  Input invariants file size:                                   1566
  Max impacted number of variables:                             0
  Number of last version invariants:                            190
  Number of this version invariants:                            0
  CPU time for invariant read:                                      0.450s
  CPU time for invariant write:                                     0.000s
  Time for invariant write:                                         0.000s
  Time for invariant read:                                          0.245s

AutomatonAnalysis (SVCOMP) statistics
-------------------------------------
Number of states:                                  1
Total time for successor computation:                  0.010s
Automaton transfers with branching:                0
Automaton transfer successors:                          687 (count: 687, min: 1, max: 1, avg: 1.00) [1 x 687]

CPA algorithm statistics
------------------------
Number of iterations:            679
Max size of waitlist:            8
Average size of waitlist:        1
Number of computed successors:   687
Max successors for one state:    2
Number of times merged:          0
Number of times stopped:         1
Number of times abs stopped:     86053
Number of times nonAbs stopped:  343068
Number of coverage check (part): 431055
Number of times doAbstraction node:  336806
Number of times breaked:         1

Total time for CPA algorithm:         0.089s (Max:     0.089s)
CPU time for CPA algorithm:         270.950s
  Time for choose from waitlist:      0.000s
  Time for precision adjustment:      0.010s
  Time for transfer relation:         0.050s
  Time for merge operator:            0.001s
  Time for stop operator:             0.005s
  Time for adding to reached set:     0.007s

PredicateCPA statistics
-----------------------
Read Precision Time:                0.000s
Precision file size:                4067
Write Precision Time:               0.002s
Number of abstractions:            336805 (9% of all post computations)
  Times abstraction was reused:    0
  Because of function entry/exit:  334543 (99%)
  Because of loop head:            2263 (1%)
  Because of join nodes:           0 (0%)
  Because of threshold:            0 (0%)
  Times precision was empty:       101812 (30%)
  Times precision was {false}:     5584 (2%)
  Times result was cached:         228081 (68%)
  Times cartesian abs was used:    0 (0%)
  Times boolean abs was used:      1328 (0%)
  Times result was 'false':        1772 (1%)
Number of strengthen sat checks:   41
  Times result was 'false':        0 (0%)
Number of coverage checks:         431055
  BDD entailment checks:           87987
Number of SMT sat checks:          691
  trivial:                         605
  cached:                          82

Max ABE block size:                       131
Number of predicates discovered:          7
Number of abstraction locations:          0
Max number of predicates per location:    0
Avg number of predicates per location:    0
Total predicates per abstraction:         7291
Max number of predicates per abstraction: 2
Avg number of predicates per abstraction: 1.05
Number of irrelevant predicates:          5935 (81%)
Number of preds handled by boolean abs:   1356 (19%)
  Total number of models for allsat:      1387
  Max number of models for allsat:        2
  Avg number of models for allsat:        1.04

Number of path formula cache hits:   4028486 (93%)

Time for post operator:                 58.691s
  Time for path formula creation:       42.127s
    Actual computation:                 27.687s
Time for strengthen operator:            2.004s
  Time for satisfiability checks:        0.000s
Time for prec operator:                103.562s
  Time for abstraction:                 60.364s (Max:     1.563s, Count: 336805)
    Boolean abstraction:                 0.398s
    Solving time:                        5.170s (Max:     0.205s)
    Model enumeration time:              0.010s
    Time for BDD construction:           0.025s (Max:     0.010s)
Time for merge operator:                 6.798s
Time for coverage check:                 0.097s
  Time for BDD entailment checks:        0.058s
Total time for SMT solver (w/o itp):     5.216s

Number of BDD nodes:                               217
Size of BDD node table:                            466043
Size of BDD cache:                                 46619
Size of BDD node cleanup queue:                        1355 (count: 234185, min: 0, max: 340, avg: 0.01)
Time for BDD node cleanup:                             0.014s
Time for BDD garbage collection:                       0.000s (in 0 runs)

PrecisionBootstrap statistics
-----------------------------
Init. function predicates:                         0
Init. global predicates:                           0
Init. location predicates:                         0

ImpactedCPA statistics
----------------------
  Number of invariants partial hits:                            0
  Number of invariants hits:                                    0
  Number of invariants trys:                                    1
  Number of invariants bots:                                    1
  Number of invariants not valid:                               0
  Initial reached size:                                         1
  Input invariants file size:                                   1566
  Max impacted number of variables:                             0
  Number of last version invariants:                            190
  Number of this version invariants:                            198
  CPU time for invariant read:                                      0.450s
  CPU time for invariant write:                                     0.090s
  Time for invariant write:                                         0.045s
  Time for invariant read:                                          0.245s

AutomatonAnalysis (SVCOMP) statistics
-------------------------------------
Number of states:                                  1
Total time for successor computation:                  1.029s
  Time for transition matches:                         0.276s
  Time for transition assertions:                      0.000s
  Time for transition actions:                         0.000s
Automaton transfers with branching:                0
Automaton transfer successors:                      3854157 (count: 3854157, min: 1, max: 1, avg: 1.00) [1 x 3854157]

CPA algorithm statistics
------------------------
Number of iterations:            3593762
Max size of waitlist:            111
Average size of waitlist:        65
Number of computed successors:   3853507
Max successors for one state:    2
Number of times merged:          171534
Number of times stopped:         257587
Number of times abs stopped:     86053
Number of times nonAbs stopped:  343068
Number of coverage check (part): 431055
Number of times doAbstraction node:  336806
Number of times breaked:         41

Total time for CPA algorithm:       204.723s (Max:    23.913s)
CPU time for CPA algorithm:         270.950s
  Time for choose from waitlist:      0.945s
  Time for precision adjustment:    106.720s
  Time for transfer relation:        74.342s
  Time for merge operator:            8.600s
  Time for stop operator:             2.730s
  Time for adding to reached set:     5.731s

Predicate-Abstraction Refiner statistics
----------------------------------------
Avg. length of target path (in blocks):                1378 (count: 41, min: 4, max: 91, avg: 33.61)
Number of infeasible sliced prefixes:                     0 (count: 0, min: 0, max: 0, avg: 0.00)

Time for refinement:                                  17.206s
  Counterexample analysis:                8.917s (Max:     1.178s, Calls: 41)
    Refinement sat check:                 0.501s
    Interpolant computation:              0.000s
  Error path post-processing:                          0.000s
  Path-formulas extraction:                            0.000s
  Building the counterexample trace:                   8.917s
  Extracting precise counterexample:                   0.000s
  Extracting infeasible sliced prefixes:               0.000s
  Selecting infeasible sliced prefixes:                0.000s
  Predicate creation:                                  0.015s
  Precision update:                                    0.010s
  ARG update:                                          8.229s

Length of refined path (in blocks):                    1203 (count: 41, min: 3, max: 90, avg: 29.34)
Number of affected states:                             1013 (count: 41, min: 1, max: 89, avg: 24.71)
Length (states) of path with itp 'true':                149 (count: 41, min: 0, max: 45, avg: 3.63)
Length (states) of path with itp non-trivial itp:      1013 (count: 41, min: 1, max: 89, avg: 24.71)
Length (states) of path with itp 'false':                41 (count: 41, min: 1, max: 1, avg: 1.00)
Different non-trivial interpolants along paths:           0 (count: 41, min: 0, max: 0, avg: 0.00)
Equal non-trivial interpolants along paths:             972 (count: 41, min: 0, max: 88, avg: 23.71)
Different precisions along paths:                         0 (count: 0, min: 0, max: 0, avg: 0.00)
Equal precisions along paths:                             0 (count: 0, min: 0, max: 0, avg: 0.00)
Number of refs with location-based cutoff:                0

CEGAR algorithm statistics
--------------------------
Number of refinements:                41
Number of successful refinements:     41
Number of failed refinements:         0
Max. size of reached set before ref.: 104326
Max. size of reached set after ref.:  93859
Avg. size of reached set before ref.: 94406.90
Avg. size of reached set after ref.:  8960.10

Total time for CEGAR algorithm:     221.990s
CPU time for CEGAR algorithm:       292.000s
Time for refinements:                17.265s
CPU time for refinements:            21.230s
Average time for refinement:          0.421s
Max time for refinement:              1.389s
First time for refinement:             4.772s
Last time for refinement:              4.130s
Average time for analysis:          4.772s
Number of analysis:                42

Code Coverage
-----------------------------
  Visited lines:          4305
  Total lines:            10
  Line coverage:          430.500

CPAchecker general statistics
-----------------------------
Number of program locations:     2904
Number of CFA edges:             3483
Number of relevant variables:    377
Number of functions:             66
Number of loops:                 9
Size of reached set:             90830
  Number of reached locations:   2710 (93%)
    Avg states per location:     33
    Max states per location:     948 (at node N24)
  Number of reached functions:   55 (83%)
  Number of partitions:          90815
    Avg size of partitions:      1
    Max size of partitions:      2 (with key [N1279 (before /work/ldvuser/novikov/work/current--X--drivers/media/dvb/frontends/cxd2820r.ko--X--defaultlinux--X--08_1a--X--cpachecker/linux/csd_deg_dscv/23/dscv_tempdir/dscv/ri/08_1a/drivers/media/dvb/frontends/cxd2820r_c.c.prepared, line 332), Function cxd2820r_sleep_c called from node N547, stack depth 6 [80cdd89], stack [ldv_main0_sequence_infinite_withcheck_stateful, cxd2820r_search, cxd2820r_set_frontend, cxd2820r_set_frontend_c, cxd2820r_sleep, cxd2820r_sleep_c], Init])
  Number of target states:       0
  Size of final wait list        46

Time for analysis setup:                   7.651s
  Time for cfa diff:                   4.576s
  Time for loading CPAs:                   0.429s
  Time for impacted traverse:              0.016s
  Time for loading parser:        0.037s
  Time for CFA construction:      1.837s
    Time for parsing file(s):     0.530s
    Time for AST to CFA:          0.591s
    Time for CFA sanity check:    0.000s
    Time for post-processing:     0.502s
      Time for var class.:        0.000s
Time for normal Analysis:                       221.990s
CPU time for analysis:                   292.650s
CPU time for impacted:                     0.710s
CPU time for normal analysis:              0.000s
CPU time for init:                         0.640s

Time for Garbage Collector:      11.798s (in 60 runs)
Garbage Collector(s) used:    PS MarkSweep, PS Scavenge
Used heap memory:               3505MB (  3343 MiB) max;   1569MB (  1496 MiB) avg;   3702MB (  3531 MiB) peak
Used non-heap memory:             45MB (    43 MiB) max;     42MB (    40 MiB) avg;     46MB (    44 MiB) peak
Used in PS Old Gen pool:         219MB (   208 MiB) max;    141MB (   135 MiB) avg;    237MB (   226 MiB) peak
Allocated heap memory:          3728MB (  3556 MiB) max;   3098MB (  2954 MiB) avg
Allocated non-heap memory:        47MB (    45 MiB) max;     44MB (    42 MiB) avg
Total process virtual memory:  13310MB ( 12693 MiB) max;  13306MB ( 12690 MiB) avg

Verification result: UNKNOWN, incomplete analysis.
More details about the verification run can be found in the directory "/home/yqs17/blazer/cpachecker-inc-pred/output-us-precise-cfa/08_1a.media--dvb--frontends--cxd2820r.ko.set/020.3b6a567.08_1a.cil_safe.i".
