scripts/cpa.sh -heap 10000M -predicateAnalysis-ABElfb-debug -setprop cpa.impacted.eliminate=true -disable-java-assertions -outputpath /home/yqs17/blazer/cpachecker-inc-pred/output-us-precise-cfa/39_7a.usb--serial--spcp8x5.ko.set/031.32078f9.39_7a.cil_safe.i -isIncPred -spec /home/yqs17/blazer/cpachecker-inc-pred/LDVErrorLabel.spc -stats -setprop cpa.impacted.pre_invariants.file=/home/yqs17/blazer/cpachecker-inc-pred/output-us-precise-cfa/39_7a.usb--serial--spcp8x5.ko.set/030.5026bb0.39_7a.cil_safe.i/impacted-invariants.txt -setprop analysis.prev.program=/home/yqs17/blazer/cpachecker-inc-pred/programs/drivers--usb--serial--spcp8x5.ko/030.5026bb0.39_7a.cil_safe.i -entryfunction ldv_main0_sequence_infinite_withcheck_stateful /home/yqs17/blazer/cpachecker-inc-pred/programs/drivers--usb--serial--spcp8x5.ko/031.32078f9.39_7a.cil_safe.i


--------------------------------------------------------------------------------


Running CPAchecker with Java heap of size 10000M.
Running CPAchecker with the following extra VM options:  -Djava.io.tmpdir=/tmp/BenchExec_run_2be4v0lq/tmp
Number of modified edges: 7
Begin analysis 
Read invariant objects done
ImpactedCPA statistics
----------------------
  Number of invariants partial hits:                            0
  Number of invariants hits:                                    38
  Number of invariants trys:                                    54
  Number of invariants bots:                                    16
  Number of invariants not valid:                               0
  Initial reached size:                                         1126
  Input invariants file size:                                   7424
  Max impacted number of variables:                             0
  Number of last version invariants:                            129
  Number of this version invariants:                            0
  CPU time for invariant read:                                      0.950s
  CPU time for invariant write:                                     0.000s
  Time for invariant write:                                         0.000s
  Time for invariant read:                                          0.496s

AutomatonAnalysis (SVCOMP) statistics
-------------------------------------
Number of states:                                  1
Total time for successor computation:                  0.006s
Automaton transfers with branching:                0
Automaton transfer successors:                          788 (count: 788, min: 1, max: 1, avg: 1.00) [1 x 788]

CPA algorithm statistics
------------------------
Number of iterations:            777
Max size of waitlist:            10
Average size of waitlist:        1
Number of computed successors:   788
Max successors for one state:    2
Number of times merged:          0
Number of times stopped:         2
Number of times abs stopped:     51
Number of times nonAbs stopped:  660
Number of coverage check (part): 711
Number of times doAbstraction node:  347
Number of times breaked:         1

Total time for CPA algorithm:         0.101s (Max:     0.101s)
CPU time for CPA algorithm:           3.440s
  Time for choose from waitlist:      0.006s
  Time for precision adjustment:      0.014s
  Time for transfer relation:         0.060s
  Time for merge operator:            0.001s
  Time for stop operator:             0.009s
  Time for adding to reached set:     0.002s

PredicateCPA statistics
-----------------------
Read Precision Time:                0.000s
Precision file size:                340
Write Precision Time:               0.004s
Number of abstractions:            293 (10% of all post computations)
  Times abstraction was reused:    0
  Because of function entry/exit:  322 (110%)
  Because of loop head:            25 (9%)
  Because of join nodes:           0 (0%)
  Because of threshold:            0 (0%)
  Times precision was empty:       0 (0%)
  Times precision was {false}:     0 (0%)
  Times result was cached:         110 (33%)
  Times cartesian abs was used:    0 (0%)
  Times boolean abs was used:      221 (67%)
  Times result was 'false':        18 (6%)
Number of strengthen sat checks:   0
Number of coverage checks:         711
  BDD entailment checks:           51
Number of SMT sat checks:          1172
  trivial:                         607
  cached:                          369

Max ABE block size:                       35
Number of predicates discovered:          12
Number of abstraction locations:          0
Max number of predicates per location:    0
Avg number of predicates per location:    0
Total predicates per abstraction:         2641
Max number of predicates per abstraction: 12
Avg number of predicates per abstraction: 11.95
Number of irrelevant predicates:          0 (0%)
Number of preds handled by boolean abs:   2641 (100%)
  Total number of models for allsat:      335
  Max number of models for allsat:        2
  Avg number of models for allsat:        1.52

Number of path formula cache hits:   267 (9%)

Time for post operator:                  1.624s
  Time for path formula creation:        0.619s
    Actual computation:                  0.550s
Time for strengthen operator:            0.009s
Time for prec operator:                  1.274s
  Time for abstraction:                  0.805s (Max:     0.016s, Count: 293)
    Boolean abstraction:                 0.556s
    Solving time:                        0.107s (Max:     0.006s)
    Model enumeration time:              0.053s
    Time for BDD construction:           0.029s (Max:     0.003s)
Time for merge operator:                 0.123s
Time for coverage check:                 0.002s
  Time for BDD entailment checks:        0.000s
Total time for SMT solver (w/o itp):     0.722s

Number of BDD nodes:                               524
Size of BDD node table:                            466043
Size of BDD cache:                                 46619
Size of BDD node cleanup queue:                         289 (count: 8569, min: 0, max: 177, avg: 0.03)
Time for BDD node cleanup:                             0.003s
Time for BDD garbage collection:                       0.000s (in 0 runs)

PrecisionBootstrap statistics
-----------------------------
Init. function predicates:                         0
Init. global predicates:                           0
Init. location predicates:                         0

ImpactedCPA statistics
----------------------
  Number of invariants partial hits:                            0
  Number of invariants hits:                                    38
  Number of invariants trys:                                    54
  Number of invariants bots:                                    16
  Number of invariants not valid:                               0
  Initial reached size:                                         1126
  Input invariants file size:                                   7424
  Max impacted number of variables:                             0
  Number of last version invariants:                            129
  Number of this version invariants:                            130
  CPU time for invariant read:                                      0.950s
  CPU time for invariant write:                                     0.140s
  Time for invariant write:                                         0.070s
  Time for invariant read:                                          0.496s

AutomatonAnalysis (SVCOMP) statistics
-------------------------------------
Number of states:                                  1
Total time for successor computation:                  0.012s
Automaton transfers with branching:                0
Automaton transfer successors:                         3038 (count: 3038, min: 1, max: 1, avg: 1.00) [1 x 3038]

CPA algorithm statistics
------------------------
Number of iterations:            1675
Max size of waitlist:            60
Average size of waitlist:        26
Number of computed successors:   1875
Max successors for one state:    2
Number of times merged:          308
Number of times stopped:         359
Number of times abs stopped:     51
Number of times nonAbs stopped:  660
Number of coverage check (part): 711
Number of times doAbstraction node:  347
Number of times breaked:         0

Total time for CPA algorithm:         1.627s (Max:     1.627s)
CPU time for CPA algorithm:           3.440s
  Time for choose from waitlist:      0.008s
  Time for precision adjustment:      0.839s
  Time for transfer relation:         0.584s
  Time for merge operator:            0.127s
  Time for stop operator:             0.014s
  Time for adding to reached set:     0.014s

Predicate-Abstraction Refiner statistics
----------------------------------------
  Predicate creation:                                  0.000s
  Precision update:                                    0.000s
  ARG update:                                          0.000s

Length of refined path (in blocks):                       0 (count: 0, min: 0, max: 0, avg: 0.00)
Number of affected states:                                0 (count: 0, min: 0, max: 0, avg: 0.00)
Length (states) of path with itp 'true':                  0 (count: 0, min: 0, max: 0, avg: 0.00)
Length (states) of path with itp non-trivial itp:         0 (count: 0, min: 0, max: 0, avg: 0.00)
Length (states) of path with itp 'false':                 0 (count: 0, min: 0, max: 0, avg: 0.00)
Different non-trivial interpolants along paths:           0 (count: 0, min: 0, max: 0, avg: 0.00)
Equal non-trivial interpolants along paths:               0 (count: 0, min: 0, max: 0, avg: 0.00)
Different precisions along paths:                         0 (count: 0, min: 0, max: 0, avg: 0.00)
Equal precisions along paths:                             0 (count: 0, min: 0, max: 0, avg: 0.00)
Number of refs with location-based cutoff:                0

CEGAR algorithm statistics
--------------------------
Number of refinements:                0
Refinement times:             0
First time for refinement:             1.627s
Last time for refinement:              1.627s
Average time for analysis:          1.627s
Number of analysis:                1

Code Coverage
-----------------------------
  Visited lines:          3776
  Total lines:            10
  Line coverage:          377.600

CPAchecker general statistics
-----------------------------
Number of program locations:     2152
Number of CFA edges:             2470
Number of relevant variables:    272
Number of functions:             100
Number of loops:                 5
Size of reached set:             2624
  Number of reached locations:   1627 (76%)
    Avg states per location:     1
    Max states per location:     18 (at node N1013)
  Number of reached functions:   43 (43%)
  Number of partitions:          2615
    Avg size of partitions:      1
    Max size of partitions:      2 (with key [N95 (entry of function __create_pipe in include/linux/usb.h, lines 1560-1568), -1948715907, Init])
  Number of target states:       0

Time for analysis setup:                   7.405s
  Time for cfa diff:                   2.997s
  Time for loading CPAs:                   0.432s
  Time for impacted traverse:              0.009s
  Time for loading parser:        0.034s
  Time for CFA construction:      1.430s
    Time for parsing file(s):     0.407s
    Time for AST to CFA:          0.549s
    Time for CFA sanity check:    0.000s
    Time for post-processing:     0.316s
      Time for var class.:        0.000s
Time for normal Analysis:                         1.628s
CPU time for analysis:                     6.690s
CPU time for impacted:                     0.610s
CPU time for normal analysis:              3.250s
CPU time for init:                         3.440s

Time for Garbage Collector:       0.218s (in 8 runs)
Garbage Collector(s) used:    PS MarkSweep, PS Scavenge
Used heap memory:                297MB (   283 MiB) max;     81MB (    77 MiB) avg;    306MB (   292 MiB) peak
Used non-heap memory:             37MB (    35 MiB) max;     28MB (    27 MiB) avg;     38MB (    36 MiB) peak
Used in PS Old Gen pool:          25MB (    24 MiB) max;     15MB (    14 MiB) avg;     32MB (    30 MiB) peak
Allocated heap memory:           412MB (   393 MiB) max;    238MB (   227 MiB) avg
Allocated non-heap memory:        39MB (    37 MiB) max;     30MB (    29 MiB) avg
Total process virtual memory:  13309MB ( 12692 MiB) max;  13286MB ( 12670 MiB) avg

Verification result: TRUE. No property violation found by chosen configuration.
More details about the verification run can be found in the directory "/home/yqs17/blazer/cpachecker-inc-pred/output-us-precise-cfa/39_7a.usb--serial--spcp8x5.ko.set/031.32078f9.39_7a.cil_safe.i".
