scripts/cpa.sh -heap 10000M -predicateAnalysis-ABElfb-debug -setprop cpa.impacted.eliminate=true -disable-java-assertions -outputpath /home/yqs17/blazer/cpachecker-inc-pred/output-us-precise-cfa/39_7a.input--misc--keyspan_remote.ko.set/010.419b1a1.39_7a.cil_safe.i -isIncPred -spec /home/yqs17/blazer/cpachecker-inc-pred/LDVErrorLabel.spc -stats -setprop cpa.impacted.pre_invariants.file=/home/yqs17/blazer/cpachecker-inc-pred/output-us-precise-cfa/39_7a.input--misc--keyspan_remote.ko.set/009.3b449fe.39_7a.cil_safe.i/impacted-invariants.txt -setprop analysis.prev.program=/home/yqs17/blazer/cpachecker-inc-pred/programs/drivers--input--misc--keyspan_remote.ko/009.3b449fe.39_7a.cil_safe.i -entryfunction ldv_main0_sequence_infinite_withcheck_stateful /home/yqs17/blazer/cpachecker-inc-pred/programs/drivers--input--misc--keyspan_remote.ko/010.419b1a1.39_7a.cil_safe.i


--------------------------------------------------------------------------------


Running CPAchecker with Java heap of size 10000M.
Running CPAchecker with the following extra VM options:  -Djava.io.tmpdir=/tmp/BenchExec_run_kftqdfss/tmp
Number of modified edges: 7
Begin analysis 
Read invariant objects done
PredicateCPA statistics
-----------------------
Read Precision Time:                0.000s
Precision file size:                319
Write Precision Time:               0.003s
Number of abstractions:            18 (2% of all post computations)
  Times abstraction was reused:    0
  Because of function entry/exit:  65 (361%)
  Because of loop head:            10 (56%)
  Because of join nodes:           0 (0%)
  Because of threshold:            0 (0%)
  Times precision was empty:       0 (0%)
  Times precision was {false}:     0 (0%)
  Times result was cached:         7 (11%)
  Times cartesian abs was used:    0 (0%)
  Times boolean abs was used:      56 (89%)
  Times result was 'false':        0 (0%)
Number of strengthen sat checks:   0
Number of coverage checks:         184
  BDD entailment checks:           12
Number of SMT sat checks:          1057
  trivial:                         592
  cached:                          299

Max ABE block size:                       20
Number of predicates discovered:          9
Number of abstraction locations:          0
Max number of predicates per location:    0
Avg number of predicates per location:    0
Total predicates per abstraction:         496
Max number of predicates per abstraction: 9
Avg number of predicates per abstraction: 8.86
Number of irrelevant predicates:          0 (0%)
Number of preds handled by boolean abs:   496 (100%)
  Total number of models for allsat:      58
  Max number of models for allsat:        2
  Avg number of models for allsat:        1.04

Number of path formula cache hits:   116 (10%)

Time for post operator:                  0.996s
  Time for path formula creation:        0.288s
    Actual computation:                  0.259s
Time for strengthen operator:            0.009s
Time for prec operator:                  0.408s
  Time for abstraction:                  0.086s (Max:     0.019s, Count: 18)
    Boolean abstraction:                 0.161s
    Solving time:                        0.039s (Max:     0.005s)
    Model enumeration time:              0.003s
    Time for BDD construction:           0.008s (Max:     0.001s)
Time for merge operator:                 0.025s
Time for coverage check:                 0.001s
  Time for BDD entailment checks:        0.000s
Total time for SMT solver (w/o itp):     0.469s

Number of BDD nodes:                               303
Size of BDD node table:                            466043
Size of BDD cache:                                 46619
Size of BDD node cleanup queue:                         173 (count: 6334, min: 0, max: 173, avg: 0.03)
Time for BDD node cleanup:                             0.001s
Time for BDD garbage collection:                       0.000s (in 0 runs)

PrecisionBootstrap statistics
-----------------------------
Init. function predicates:                         0
Init. global predicates:                           0
Init. location predicates:                         0

ImpactedCPA statistics
----------------------
  Number of invariants partial hits:                            0
  Number of invariants hits:                                    45
  Number of invariants trys:                                    57
  Number of invariants bots:                                    12
  Number of invariants not valid:                               0
  Initial reached size:                                         1025
  Input invariants file size:                                   2692
  Max impacted number of variables:                             0
  Number of last version invariants:                            53
  Number of this version invariants:                            49
  CPU time for invariant read:                                      0.510s
  CPU time for invariant write:                                     0.050s
  Time for invariant write:                                         0.029s
  Time for invariant read:                                          0.264s

AutomatonAnalysis (SVCOMP) statistics
-------------------------------------
Number of states:                                  1
Total time for successor computation:                  0.021s
Automaton transfers with branching:                0
Automaton transfer successors:                         1181 (count: 1181, min: 1, max: 1, avg: 1.00) [1 x 1181]

CPA algorithm statistics
------------------------
Number of iterations:            121
Max size of waitlist:            9
Average size of waitlist:        7
Number of computed successors:   131
Max successors for one state:    2
Number of times merged:          72
Number of times stopped:         84
Number of times abs stopped:     12
Number of times nonAbs stopped:  172
Number of coverage check (part): 184
Number of times doAbstraction node:  75
Number of times breaked:         0

Total time for CPA algorithm:         0.158s (Max:     0.158s)
CPU time for CPA algorithm:           0.310s
  Time for choose from waitlist:      0.001s
  Time for precision adjustment:      0.088s
  Time for transfer relation:         0.040s
  Time for merge operator:            0.022s
  Time for stop operator:             0.003s
  Time for adding to reached set:     0.000s

Predicate-Abstraction Refiner statistics
----------------------------------------
  Predicate creation:                                  0.000s
  Precision update:                                    0.000s
  ARG update:                                          0.000s

Length of refined path (in blocks):                       0 (count: 0, min: 0, max: 0, avg: 0.00)
Number of affected states:                                0 (count: 0, min: 0, max: 0, avg: 0.00)
Length (states) of path with itp 'true':                  0 (count: 0, min: 0, max: 0, avg: 0.00)
Length (states) of path with itp non-trivial itp:         0 (count: 0, min: 0, max: 0, avg: 0.00)
Length (states) of path with itp 'false':                 0 (count: 0, min: 0, max: 0, avg: 0.00)
Different non-trivial interpolants along paths:           0 (count: 0, min: 0, max: 0, avg: 0.00)
Equal non-trivial interpolants along paths:               0 (count: 0, min: 0, max: 0, avg: 0.00)
Different precisions along paths:                         0 (count: 0, min: 0, max: 0, avg: 0.00)
Equal precisions along paths:                             0 (count: 0, min: 0, max: 0, avg: 0.00)
Number of refs with location-based cutoff:                0

CEGAR algorithm statistics
--------------------------
Number of refinements:                0
Refinement times:             0
First time for refinement:             0.159s
Last time for refinement:              0.159s
Average time for analysis:          0.159s
Number of analysis:                1

Code Coverage
-----------------------------
  Visited lines:          3144
  Total lines:            10
  Line coverage:          314.400

CPAchecker general statistics
-----------------------------
Number of program locations:     1857
Number of CFA edges:             2062
Number of relevant variables:    185
Number of functions:             84
Number of loops:                 9
Size of reached set:             1072
  Number of reached locations:   1036 (56%)
    Avg states per location:     1
    Max states per location:     5 (at node N570)
  Number of reached functions:   23 (27%)
  Number of partitions:          1072
    Avg size of partitions:      1
    Max size of partitions:      1
  Number of target states:       0

Time for analysis setup:                   6.488s
  Time for cfa diff:                   2.687s
  Time for loading CPAs:                   0.359s
  Time for impacted traverse:              0.006s
  Time for loading parser:        0.036s
  Time for CFA construction:      1.354s
    Time for parsing file(s):     0.383s
    Time for AST to CFA:          0.519s
    Time for CFA sanity check:    0.001s
    Time for post-processing:     0.302s
      Time for var class.:        0.000s
Time for normal Analysis:                         0.159s
CPU time for analysis:                     3.460s
CPU time for impacted:                     0.000s
CPU time for normal analysis:              0.320s
CPU time for init:                         3.150s

Time for Garbage Collector:       0.206s (in 7 runs)
Garbage Collector(s) used:    PS MarkSweep, PS Scavenge
Used heap memory:                183MB (   174 MiB) max;     56MB (    53 MiB) avg;    198MB (   189 MiB) peak
Used non-heap memory:             34MB (    32 MiB) max;     26MB (    24 MiB) avg;     36MB (    34 MiB) peak
Used in PS Old Gen pool:          32MB (    30 MiB) max;     13MB (    12 MiB) avg;     33MB (    31 MiB) peak
Allocated heap memory:           270MB (   258 MiB) max;    202MB (   193 MiB) avg
Allocated non-heap memory:        36MB (    34 MiB) max;     27MB (    26 MiB) avg
Total process virtual memory:  13308MB ( 12692 MiB) max;  13279MB ( 12664 MiB) avg

Verification result: TRUE. No property violation found by chosen configuration.
More details about the verification run can be found in the directory "/home/yqs17/blazer/cpachecker-inc-pred/output-us-precise-cfa/39_7a.input--misc--keyspan_remote.ko.set/010.419b1a1.39_7a.cil_safe.i".
