scripts/cpa.sh -heap 10000M -predicateAnalysis-ABElfb-debug -setprop cpa.impacted.eliminate=true -disable-java-assertions -outputpath /home/yqs17/blazer/cpachecker-inc-pred/output-us-precise-cfa/32_7a.usb--serial--metro-usb.ko.set/004.159d4d8.32_7a.cil_safe.i -isIncPred -spec /home/yqs17/blazer/cpachecker-inc-pred/LDVErrorLabel.spc -stats -setprop cpa.impacted.pre_invariants.file=/home/yqs17/blazer/cpachecker-inc-pred/output-us-precise-cfa/32_7a.usb--serial--metro-usb.ko.set/003.1935e35.32_7a.cil_safe.i/impacted-invariants.txt -setprop analysis.prev.program=/home/yqs17/blazer/cpachecker-inc-pred/programs/drivers--usb--serial--metro-usb.ko/003.1935e35.32_7a.cil_safe.i -entryfunction ldv_main0_sequence_infinite_withcheck_stateful /home/yqs17/blazer/cpachecker-inc-pred/programs/drivers--usb--serial--metro-usb.ko/004.159d4d8.32_7a.cil_safe.i


--------------------------------------------------------------------------------


Running CPAchecker with Java heap of size 10000M.
Running CPAchecker with the following extra VM options:  -Djava.io.tmpdir=/tmp/BenchExec_run_95ki2aj4/tmp
Number of modified edges: 2
Begin analysis 
Read invariant objects done
PredicateCPA statistics
-----------------------
Read Precision Time:                0.000s
Precision file size:                1949
Write Precision Time:               0.002s
Number of abstractions:            78 (5% of all post computations)
  Times abstraction was reused:    0
  Because of function entry/exit:  104 (133%)
  Because of loop head:            19 (24%)
  Because of join nodes:           0 (0%)
  Because of threshold:            0 (0%)
  Times precision was empty:       0 (0%)
  Times precision was {false}:     0 (0%)
  Times result was cached:         15 (14%)
  Times cartesian abs was used:    0 (0%)
  Times boolean abs was used:      96 (86%)
  Times result was 'false':        0 (0%)
Number of strengthen sat checks:   0
Number of coverage checks:         308
  BDD entailment checks:           20
Number of SMT sat checks:          975
  trivial:                         597
  cached:                          218

Max ABE block size:                       21
Number of predicates discovered:          8
Number of abstraction locations:          0
Max number of predicates per location:    0
Avg number of predicates per location:    0
Total predicates per abstraction:         761
Max number of predicates per abstraction: 8
Avg number of predicates per abstraction: 7.93
Number of irrelevant predicates:          0 (0%)
Number of preds handled by boolean abs:   761 (100%)
  Total number of models for allsat:      220
  Max number of models for allsat:        3
  Avg number of models for allsat:        2.29

Number of path formula cache hits:   137 (9%)

Time for post operator:                  1.051s
  Time for path formula creation:        0.319s
    Actual computation:                  0.302s
Time for strengthen operator:            0.005s
Time for prec operator:                  0.647s
  Time for abstraction:                  0.270s (Max:     0.009s, Count: 78)
    Boolean abstraction:                 0.265s
    Solving time:                        0.044s (Max:     0.002s)
    Model enumeration time:              0.049s
    Time for BDD construction:           0.019s (Max:     0.008s)
Time for merge operator:                 0.038s
Time for coverage check:                 0.000s
  Time for BDD entailment checks:        0.000s
Total time for SMT solver (w/o itp):     0.547s

Number of BDD nodes:                               338
Size of BDD node table:                            466043
Size of BDD cache:                                 46619
Size of BDD node cleanup queue:                         221 (count: 5056, min: 0, max: 221, avg: 0.04)
Time for BDD node cleanup:                             0.007s
Time for BDD garbage collection:                       0.000s (in 0 runs)

PrecisionBootstrap statistics
-----------------------------
Init. function predicates:                         0
Init. global predicates:                           0
Init. location predicates:                         0

ImpactedCPA statistics
----------------------
  Number of invariants partial hits:                            0
  Number of invariants hits:                                    33
  Number of invariants trys:                                    45
  Number of invariants bots:                                    13
  Number of invariants not valid:                               1
  Initial reached size:                                         941
  Input invariants file size:                                   3518
  Max impacted number of variables:                             0
  Number of last version invariants:                            67
  Number of this version invariants:                            67
  CPU time for invariant read:                                      0.500s
  CPU time for invariant write:                                     0.080s
  Time for invariant write:                                         0.041s
  Time for invariant read:                                          0.256s

AutomatonAnalysis (SVCOMP) statistics
-------------------------------------
Number of states:                                  1
Total time for successor computation:                  0.136s
Automaton transfers with branching:                0
Automaton transfer successors:                         1507 (count: 1507, min: 1, max: 1, avg: 1.00) [1 x 1507]

CPA algorithm statistics
------------------------
Number of iterations:            491
Max size of waitlist:            24
Average size of waitlist:        16
Number of computed successors:   534
Max successors for one state:    2
Number of times merged:          124
Number of times stopped:         142
Number of times abs stopped:     18
Number of times nonAbs stopped:  288
Number of coverage check (part): 308
Number of times doAbstraction node:  123
Number of times breaked:         0

Total time for CPA algorithm:         0.574s (Max:     0.574s)
CPU time for CPA algorithm:           1.140s
  Time for choose from waitlist:      0.001s
  Time for precision adjustment:      0.287s
  Time for transfer relation:         0.218s
  Time for merge operator:            0.040s
  Time for stop operator:             0.006s
  Time for adding to reached set:     0.002s

Predicate-Abstraction Refiner statistics
----------------------------------------
  Predicate creation:                                  0.000s
  Precision update:                                    0.000s
  ARG update:                                          0.000s

Length of refined path (in blocks):                       0 (count: 0, min: 0, max: 0, avg: 0.00)
Number of affected states:                                0 (count: 0, min: 0, max: 0, avg: 0.00)
Length (states) of path with itp 'true':                  0 (count: 0, min: 0, max: 0, avg: 0.00)
Length (states) of path with itp non-trivial itp:         0 (count: 0, min: 0, max: 0, avg: 0.00)
Length (states) of path with itp 'false':                 0 (count: 0, min: 0, max: 0, avg: 0.00)
Different non-trivial interpolants along paths:           0 (count: 0, min: 0, max: 0, avg: 0.00)
Equal non-trivial interpolants along paths:               0 (count: 0, min: 0, max: 0, avg: 0.00)
Different precisions along paths:                         0 (count: 0, min: 0, max: 0, avg: 0.00)
Equal precisions along paths:                             0 (count: 0, min: 0, max: 0, avg: 0.00)
Number of refs with location-based cutoff:                0

CEGAR algorithm statistics
--------------------------
Number of refinements:                0
Refinement times:             0
First time for refinement:             0.574s
Last time for refinement:              0.574s
Average time for analysis:          0.574s
Number of analysis:                1

Code Coverage
-----------------------------
  Visited lines:          3496
  Total lines:            10
  Line coverage:          349.600

CPAchecker general statistics
-----------------------------
Number of program locations:     1360
Number of CFA edges:             1519
Number of relevant variables:    153
Number of functions:             43
Number of loops:                 3
Size of reached set:             1333
  Number of reached locations:   1174 (86%)
    Avg states per location:     1
    Max states per location:     11 (at node N568)
  Number of reached functions:   22 (51%)
  Number of partitions:          1330
    Avg size of partitions:      1
    Max size of partitions:      2 (with key [N304 (before /work/ldvuser/novikov/work/current--X--drivers/usb/serial/metro-usb.ko--X--defaultlinux--X--32_7a--X--cpachecker/linux/csd_deg_dscv/11/dscv_tempdir/dscv/ri/32_7a/drivers/usb/serial/metro-usb.c.prepared, lines 400-405), -1468295773, Init])
  Number of target states:       0

Time for analysis setup:                   6.285s
  Time for cfa diff:                   2.580s
  Time for loading CPAs:                   0.351s
  Time for impacted traverse:              0.005s
  Time for loading parser:        0.033s
  Time for CFA construction:      1.350s
    Time for parsing file(s):     0.429s
    Time for AST to CFA:          0.456s
    Time for CFA sanity check:    0.000s
    Time for post-processing:     0.319s
      Time for var class.:        0.000s
Time for normal Analysis:                         0.574s
CPU time for analysis:                     4.170s
CPU time for impacted:                     0.000s
CPU time for normal analysis:              1.140s
CPU time for init:                         3.030s

Time for Garbage Collector:       0.173s (in 6 runs)
Garbage Collector(s) used:    PS MarkSweep, PS Scavenge
Used heap memory:                174MB (   166 MiB) max;     49MB (    46 MiB) avg;    197MB (   188 MiB) peak
Used non-heap memory:             35MB (    33 MiB) max;     26MB (    25 MiB) avg;     37MB (    35 MiB) peak
Used in PS Old Gen pool:          24MB (    23 MiB) max;     12MB (    11 MiB) avg;     31MB (    30 MiB) peak
Allocated heap memory:           268MB (   256 MiB) max;    205MB (   195 MiB) avg
Allocated non-heap memory:        37MB (    35 MiB) max;     27MB (    26 MiB) avg
Total process virtual memory:  13307MB ( 12691 MiB) max;  13281MB ( 12666 MiB) avg

Verification result: TRUE. No property violation found by chosen configuration.
More details about the verification run can be found in the directory "/home/yqs17/blazer/cpachecker-inc-pred/output-us-precise-cfa/32_7a.usb--serial--metro-usb.ko.set/004.159d4d8.32_7a.cil_safe.i".
