scripts/cpa.sh -heap 10000M -predicateAnalysis-ABElfb-debug -setprop cpa.impacted.eliminate=true -disable-java-assertions -outputpath /home/yqs17/blazer/cpachecker-inc-pred/output-us-precise-cfa/68_1.i2c--algos--i2c-algo-pca.ko.set/015.c80ebe7.68_1.cil_safe.i -stats -spec /home/yqs17/blazer/cpachecker-inc-pred/LDVErrorLabel.spc -entryfunction ldv_main0_sequence_infinite_withcheck_stateful /home/yqs17/blazer/cpachecker-inc-pred/programs/drivers--i2c--algos--i2c-algo-pca.ko/015.c80ebe7.68_1.cil_safe.i


--------------------------------------------------------------------------------


Running CPAchecker with Java heap of size 10000M.
Running CPAchecker with the following extra VM options:  -Djava.io.tmpdir=/tmp/BenchExec_run_atct3j15/tmp
Begin analysis 
PredicateCPA statistics
-----------------------
Read Precision Time:                0.000s
Precision file size:                0
Write Precision Time:               0.003s
Number of abstractions:            13781 (12% of all post computations)
  Times abstraction was reused:    0
  Because of function entry/exit:  12271 (89%)
  Because of loop head:            1510 (11%)
  Because of join nodes:           0 (0%)
  Because of threshold:            0 (0%)
  Times precision was empty:       4180 (30%)
  Times precision was {false}:     615 (4%)
  Times result was cached:         8504 (62%)
  Times cartesian abs was used:    0 (0%)
  Times boolean abs was used:      482 (3%)
  Times result was 'false':        53 (0%)
Number of strengthen sat checks:   22
  Times result was 'false':        0 (0%)
Number of coverage checks:         20653
  BDD entailment checks:           5509
Number of SMT sat checks:          22
  trivial:                         22
  cached:                          0

Max ABE block size:                       28
Number of predicates discovered:          3
Number of abstraction locations:          0
Max number of predicates per location:    0
Avg number of predicates per location:    0
Total predicates per abstraction:         1880
Max number of predicates per abstraction: 2
Avg number of predicates per abstraction: 1.71
Number of irrelevant predicates:          1319 (70%)
Number of preds handled by boolean abs:   561 (30%)
  Total number of models for allsat:      482
  Max number of models for allsat:        1
  Avg number of models for allsat:        1.00

Number of path formula cache hits:   99276 (74%)

Time for post operator:                  4.043s
  Time for path formula creation:        2.835s
    Actual computation:                  2.425s
Time for strengthen operator:            0.136s
  Time for satisfiability checks:        0.000s
Time for prec operator:                  3.356s
  Time for abstraction:                  2.574s (Max:     0.046s, Count: 13781)
    Boolean abstraction:                 0.220s
    Solving time:                        0.307s (Max:     0.012s)
    Model enumeration time:              0.008s
    Time for BDD construction:           0.004s (Max:     0.001s)
Time for merge operator:                 0.471s
Time for coverage check:                 0.028s
  Time for BDD entailment checks:        0.024s
Total time for SMT solver (w/o itp):     0.315s

Number of BDD nodes:                               204
Size of BDD node table:                            466043
Size of BDD cache:                                 46619
Size of BDD node cleanup queue:                         468 (count: 17223, min: 0, max: 76, avg: 0.03)
Time for BDD node cleanup:                             0.005s
Time for BDD garbage collection:                       0.000s (in 0 runs)

PrecisionBootstrap statistics
-----------------------------
Init. function predicates:                         0
Init. global predicates:                           0
Init. location predicates:                         0

ImpactedCPA statistics
----------------------
  Number of invariants partial hits:                            0
  Number of invariants hits:                                    0
  Number of invariants trys:                                    0
  Number of invariants bots:                                    0
  Number of invariants not valid:                               0
  Initial reached size:                                         1
  Input invariants file size:                                   0
  Max impacted number of variables:                             0
  Number of last version invariants:                            0
  Number of this version invariants:                            57
  CPU time for invariant read:                                      0.000s
  CPU time for invariant write:                                     0.070s
  Time for invariant write:                                         0.040s
  Time for invariant read:                                          0.000s

AutomatonAnalysis (SVCOMP) statistics
-------------------------------------
Number of states:                                  1
Total time for successor computation:                  0.138s
Automaton transfers with branching:                0
Automaton transfer successors:                       119309 (count: 119309, min: 1, max: 1, avg: 1.00) [1 x 119309]

CPA algorithm statistics
------------------------
Number of iterations:            107927
Max size of waitlist:            51
Average size of waitlist:        26
Number of computed successors:   119309
Max successors for one state:    2
Number of times merged:          7572
Number of times stopped:         11278
Number of times abs stopped:     3706
Number of times nonAbs stopped:  15144
Number of coverage check (part): 20653
Number of times doAbstraction node:  13781
Number of times breaked:         22

Total time for CPA algorithm:        11.285s (Max:     0.985s)
CPU time for CPA algorithm:          22.430s
  Time for choose from waitlist:      0.100s
  Time for precision adjustment:      3.669s
  Time for transfer relation:         5.401s
  Time for merge operator:            0.722s
  Time for stop operator:             0.304s
  Time for adding to reached set:     0.303s

Predicate-Abstraction Refiner statistics
----------------------------------------
Avg. length of target path (in blocks):                 300 (count: 22, min: 4, max: 20, avg: 13.64)
Number of infeasible sliced prefixes:                     0 (count: 0, min: 0, max: 0, avg: 0.00)

Time for refinement:                                   0.909s
  Counterexample analysis:                0.489s (Max:     0.064s, Calls: 22)
    Refinement sat check:                 0.140s
    Interpolant computation:              0.000s
  Error path post-processing:                          0.000s
  Path-formulas extraction:                            0.001s
  Building the counterexample trace:                   0.490s
  Extracting precise counterexample:                   0.000s
  Extracting infeasible sliced prefixes:               0.000s
  Selecting infeasible sliced prefixes:                0.000s
  Predicate creation:                                  0.006s
  Precision update:                                    0.005s
  ARG update:                                          0.382s

Length of refined path (in blocks):                     278 (count: 22, min: 3, max: 19, avg: 12.64)
Number of affected states:                              256 (count: 22, min: 2, max: 18, avg: 11.64)
Length (states) of path with itp 'true':                  0 (count: 22, min: 0, max: 0, avg: 0.00)
Length (states) of path with itp non-trivial itp:       256 (count: 22, min: 2, max: 18, avg: 11.64)
Length (states) of path with itp 'false':                22 (count: 22, min: 1, max: 1, avg: 1.00)
Different non-trivial interpolants along paths:           0 (count: 22, min: 0, max: 0, avg: 0.00)
Equal non-trivial interpolants along paths:             234 (count: 22, min: 1, max: 17, avg: 10.64)
Different precisions along paths:                         0 (count: 0, min: 0, max: 0, avg: 0.00)
Equal precisions along paths:                             0 (count: 0, min: 0, max: 0, avg: 0.00)
Number of refs with location-based cutoff:                0

CEGAR algorithm statistics
--------------------------
Number of refinements:                22
Number of successful refinements:     22
Number of failed refinements:         0
Max. size of reached set before ref.: 8164
Max. size of reached set after ref.:  526
Avg. size of reached set before ref.: 5349.14
Avg. size of reached set after ref.:  526.00

Total time for CEGAR algorithm:      12.244s
CPU time for CEGAR algorithm:        24.360s
Time for refinements:                 0.953s
CPU time for refinements:             1.930s
Average time for refinement:          0.043s
Max time for refinement:              0.105s
First time for refinement:             0.490s
Last time for refinement:              0.067s
Average time for analysis:          0.490s
Number of analysis:                23

Code Coverage
-----------------------------
  Visited lines:          2937
  Total lines:            15
  Line coverage:          195.800

CPAchecker general statistics
-----------------------------
Number of program locations:     1120
Number of CFA edges:             1264
Number of relevant variables:    89
Number of functions:             22
Number of loops:                 5
Size of reached set:             1870
  Number of reached locations:   1045 (93%)
    Avg states per location:     1
    Max states per location:     16 (at node N450)
  Number of reached functions:   15 (68%)
  Number of partitions:          1870
    Avg size of partitions:      1
    Max size of partitions:      1
  Number of target states:       0

Time for analysis setup:                   1.594s
  Time for cfa diff:                   0.000s
  Time for loading CPAs:                   0.361s
  Time for impacted traverse:              0.008s
  Time for loading parser:        0.028s
  Time for CFA construction:      1.115s
    Time for parsing file(s):     0.362s
    Time for AST to CFA:          0.371s
    Time for CFA sanity check:    0.000s
    Time for post-processing:     0.222s
      Time for var class.:        0.000s
Time for normal Analysis:                        12.244s
CPU time for analysis:                    24.360s
CPU time for impacted:                     0.000s
CPU time for normal analysis:             24.360s
CPU time for init:                         0.000s

Time for Garbage Collector:       0.488s (in 14 runs)
Garbage Collector(s) used:    PS MarkSweep, PS Scavenge
Used heap memory:                562MB (   536 MiB) max;    160MB (   153 MiB) avg;    577MB (   550 MiB) peak
Used non-heap memory:             37MB (    36 MiB) max;     33MB (    31 MiB) avg;     40MB (    38 MiB) peak
Used in PS Old Gen pool:          27MB (    26 MiB) max;     22MB (    21 MiB) avg;     31MB (    29 MiB) peak
Allocated heap memory:           655MB (   625 MiB) max;    387MB (   369 MiB) avg
Allocated non-heap memory:        41MB (    39 MiB) max;     35MB (    34 MiB) avg
Total process virtual memory:  13242MB ( 12629 MiB) max;  13239MB ( 12625 MiB) avg

Verification result: TRUE. No property violation found by chosen configuration.
More details about the verification run can be found in the directory "/home/yqs17/blazer/cpachecker-inc-pred/output-us-precise-cfa/68_1.i2c--algos--i2c-algo-pca.ko.set/015.c80ebe7.68_1.cil_safe.i".
