scripts/cpa.sh -heap 10000M -predicateAnalysis-ABElfb-debug -setprop cpa.impacted.eliminate=true -disable-java-assertions -outputpath /home/yqs17/blazer/cpachecker-inc-pred/output-us-precise-cfa/32_7a.net--usb--catc.ko.set/019.7073949.32_7a.cil_safe.i -isIncPred -spec /home/yqs17/blazer/cpachecker-inc-pred/LDVErrorLabel.spc -stats -setprop cpa.impacted.pre_invariants.file=/home/yqs17/blazer/cpachecker-inc-pred/output-us-precise-cfa/32_7a.net--usb--catc.ko.set/018.871039f.32_7a.cil_safe.i/impacted-invariants.txt -setprop analysis.prev.program=/home/yqs17/blazer/cpachecker-inc-pred/programs/drivers--net--usb--catc.ko/018.871039f.32_7a.cil_safe.i -entryfunction ldv_main0_sequence_infinite_withcheck_stateful /home/yqs17/blazer/cpachecker-inc-pred/programs/drivers--net--usb--catc.ko/019.7073949.32_7a.cil_safe.i


--------------------------------------------------------------------------------


Running CPAchecker with Java heap of size 10000M.
Running CPAchecker with the following extra VM options:  -Djava.io.tmpdir=/tmp/BenchExec_run_e0dotuvo/tmp
Number of modified edges: 137
Begin analysis 
Read invariant objects done
ImpactedCPA statistics
----------------------
  Number of invariants partial hits:                            0
  Number of invariants hits:                                    1
  Number of invariants trys:                                    2
  Number of invariants bots:                                    1
  Number of invariants not valid:                               0
  Initial reached size:                                         866
  Input invariants file size:                                   984
  Max impacted number of variables:                             1
  Number of last version invariants:                            55
  Number of this version invariants:                            0
  CPU time for invariant read:                                      0.400s
  CPU time for invariant write:                                     0.000s
  Time for invariant write:                                         0.000s
  Time for invariant read:                                          0.215s

AutomatonAnalysis (SVCOMP) statistics
-------------------------------------
Number of states:                                  1
Total time for successor computation:                  0.007s
Automaton transfers with branching:                0
Automaton transfer successors:                         1818 (count: 1818, min: 1, max: 1, avg: 1.00) [1 x 1818]

CPA algorithm statistics
------------------------
Number of iterations:            1806
Max size of waitlist:            4
Average size of waitlist:        1
Number of computed successors:   1818
Max successors for one state:    2
Number of times merged:          0
Number of times stopped:         6
Number of times abs stopped:     10557
Number of times nonAbs stopped:  44436
Number of coverage check (part): 60751
Number of times doAbstraction node:  70650
Number of times breaked:         2

Total time for CPA algorithm:         0.171s (Max:     0.105s)
CPU time for CPA algorithm:          58.690s
  Time for choose from waitlist:      0.007s
  Time for precision adjustment:      0.022s
  Time for transfer relation:         0.072s
  Time for merge operator:            0.002s
  Time for stop operator:             0.012s
  Time for adding to reached set:     0.006s

PredicateCPA statistics
-----------------------
Read Precision Time:                0.000s
Precision file size:                0
Write Precision Time:               0.001s
Number of abstractions:            70648 (16% of all post computations)
  Times abstraction was reused:    0
  Because of function entry/exit:  68437 (97%)
  Because of loop head:            2213 (3%)
  Because of join nodes:           0 (0%)
  Because of threshold:            0 (0%)
  Times precision was empty:       0 (0%)
  Times precision was {false}:     0 (0%)
  Times result was cached:         65339 (92%)
  Times cartesian abs was used:    0 (0%)
  Times boolean abs was used:      5310 (8%)
  Times result was 'false':        1448 (2%)
Number of strengthen sat checks:   42
  Times result was 'false':        0 (0%)
Number of coverage checks:         60751
  BDD entailment checks:           16315
Number of SMT sat checks:          908
  trivial:                         793
  cached:                          105

Max ABE block size:                       25
Number of predicates discovered:          13
Number of abstraction locations:          0
Max number of predicates per location:    0
Avg number of predicates per location:    0
Total predicates per abstraction:         18535
Max number of predicates per abstraction: 10
Avg number of predicates per abstraction: 3.49
Number of irrelevant predicates:          7637 (41%)
Number of preds handled by boolean abs:   10898 (59%)
  Total number of models for allsat:      5476
  Max number of models for allsat:        6
  Avg number of models for allsat:        1.03

Number of path formula cache hits:   438183 (85%)

Time for post operator:                 12.952s
  Time for path formula creation:        6.295s
    Actual computation:                  4.779s
Time for strengthen operator:            0.324s
  Time for satisfiability checks:        0.002s
Time for prec operator:                 11.390s
  Time for abstraction:                  8.777s (Max:     0.119s, Count: 70648)
    Boolean abstraction:                 1.295s
    Solving time:                        0.627s (Max:     0.015s)
    Model enumeration time:              0.084s
    Time for BDD construction:           0.120s (Max:     0.034s)
Time for merge operator:                 0.602s
Time for coverage check:                 0.047s
  Time for BDD entailment checks:        0.032s
Total time for SMT solver (w/o itp):     0.785s

Number of BDD nodes:                               1267
Size of BDD node table:                            466043
Size of BDD cache:                                 46619
Size of BDD node cleanup queue:                        4407 (count: 49213, min: 0, max: 1091, avg: 0.09)
Time for BDD node cleanup:                             0.010s
Time for BDD garbage collection:                       0.000s (in 0 runs)

PrecisionBootstrap statistics
-----------------------------
Init. function predicates:                         0
Init. global predicates:                           0
Init. location predicates:                         0

ImpactedCPA statistics
----------------------
  Number of invariants partial hits:                            0
  Number of invariants hits:                                    1
  Number of invariants trys:                                    2
  Number of invariants bots:                                    1
  Number of invariants not valid:                               0
  Initial reached size:                                         866
  Input invariants file size:                                   984
  Max impacted number of variables:                             1
  Number of last version invariants:                            55
  Number of this version invariants:                            143
  CPU time for invariant read:                                      0.400s
  CPU time for invariant write:                                     0.050s
  Time for invariant write:                                         0.026s
  Time for invariant read:                                          0.215s

AutomatonAnalysis (SVCOMP) statistics
-------------------------------------
Number of states:                                  1
Total time for successor computation:                  0.266s
Automaton transfers with branching:                0
Automaton transfer successors:                       439914 (count: 439914, min: 1, max: 1, avg: 1.00) [1 x 439914]

CPA algorithm statistics
------------------------
Number of iterations:            404769
Max size of waitlist:            45
Average size of waitlist:        25
Number of computed successors:   439048
Max successors for one state:    2
Number of times merged:          22218
Number of times stopped:         32775
Number of times abs stopped:     10557
Number of times nonAbs stopped:  44436
Number of coverage check (part): 60751
Number of times doAbstraction node:  70650
Number of times breaked:         42

Total time for CPA algorithm:        31.980s (Max:     2.428s)
CPU time for CPA algorithm:          58.690s
  Time for choose from waitlist:      0.202s
  Time for precision adjustment:     11.984s
  Time for transfer relation:        15.972s
  Time for merge operator:            1.069s
  Time for stop operator:             0.549s
  Time for adding to reached set:     0.776s

Predicate-Abstraction Refiner statistics
----------------------------------------
Avg. length of target path (in blocks):                1757 (count: 42, min: 12, max: 117, avg: 41.83)
Number of infeasible sliced prefixes:                     0 (count: 0, min: 0, max: 0, avg: 0.00)

Time for refinement:                                   3.378s
  Counterexample analysis:                2.134s (Max:     0.268s, Calls: 42)
    Refinement sat check:                 0.249s
    Interpolant computation:              0.000s
  Error path post-processing:                          0.000s
  Path-formulas extraction:                            0.001s
  Building the counterexample trace:                   2.136s
  Extracting precise counterexample:                   0.000s
  Extracting infeasible sliced prefixes:               0.000s
  Selecting infeasible sliced prefixes:                0.000s
  Predicate creation:                                  0.009s
  Precision update:                                    0.016s
  ARG update:                                          1.163s

Length of refined path (in blocks):                    1375 (count: 42, min: 8, max: 101, avg: 32.74)
Number of affected states:                             1115 (count: 42, min: 1, max: 99, avg: 26.55)
Length (states) of path with itp 'true':                218 (count: 42, min: 0, max: 56, avg: 5.19)
Length (states) of path with itp non-trivial itp:      1115 (count: 42, min: 1, max: 99, avg: 26.55)
Length (states) of path with itp 'false':                42 (count: 42, min: 1, max: 1, avg: 1.00)
Different non-trivial interpolants along paths:           2 (count: 42, min: 0, max: 2, avg: 0.05)
Equal non-trivial interpolants along paths:            1071 (count: 42, min: 0, max: 98, avg: 25.50)
Different precisions along paths:                         0 (count: 0, min: 0, max: 0, avg: 0.00)
Equal precisions along paths:                             0 (count: 0, min: 0, max: 0, avg: 0.00)
Number of refs with location-based cutoff:                0

CEGAR algorithm statistics
--------------------------
Number of refinements:                42
Number of successful refinements:     42
Number of failed refinements:         0
Max. size of reached set before ref.: 32446
Max. size of reached set after ref.:  14085
Avg. size of reached set before ref.: 10963.81
Avg. size of reached set after ref.:  1701.38

Total time for CEGAR algorithm:      35.445s
CPU time for CEGAR algorithm:        65.100s
Time for refinements:                 3.463s
CPU time for refinements:             6.700s
Average time for refinement:          0.082s
Max time for refinement:              0.317s
First time for refinement:             0.743s
Last time for refinement:              0.552s
Average time for analysis:          0.743s
Number of analysis:                43

Code Coverage
-----------------------------
  Visited lines:          4605
  Total lines:            4
  Line coverage:          1151.250

CPAchecker general statistics
-----------------------------
Number of program locations:     2079
Number of CFA edges:             2399
Number of relevant variables:    292
Number of functions:             71
Number of loops:                 6
Size of reached set:             16669
  Number of reached locations:   1651 (79%)
    Avg states per location:     10
    Max states per location:     354 (at node N239)
  Number of reached functions:   45 (63%)
  Number of partitions:          15998
    Avg size of partitions:      1
    Max size of partitions:      12 (with key [N745 (before /work/ldvuser/novikov/work/current--X--drivers/net/usb/catc.ko--X--defaultlinux--X--32_7a--X--cpachecker/linux/csd_deg_dscv/11/dscv_tempdir/dscv/ri/32_7a/drivers/net/usb/catc.c.prepared, line 627), -333213077, Init])
  Number of target states:       0

Time for analysis setup:                  15.364s
  Time for cfa diff:                  12.404s
  Time for loading CPAs:                   0.406s
  Time for impacted traverse:              0.013s
  Time for loading parser:        0.022s
  Time for CFA construction:      1.529s
    Time for parsing file(s):     0.464s
    Time for AST to CFA:          0.555s
    Time for CFA sanity check:    0.000s
    Time for post-processing:     0.356s
      Time for var class.:        0.000s
Time for normal Analysis:                        35.445s
CPU time for analysis:                    66.010s
CPU time for impacted:                     0.750s
CPU time for normal analysis:             65.100s
CPU time for init:                         0.910s

Time for Garbage Collector:       0.704s (in 20 runs)
Garbage Collector(s) used:    PS MarkSweep, PS Scavenge
Used heap memory:               3023MB (  2883 MiB) max;    584MB (   557 MiB) avg;   3043MB (  2902 MiB) peak
Used non-heap memory:             46MB (    43 MiB) max;     37MB (    35 MiB) avg;     46MB (    44 MiB) peak
Used in PS Old Gen pool:          60MB (    58 MiB) max;     29MB (    28 MiB) avg;     60MB (    58 MiB) peak
Allocated heap memory:          3068MB (  2926 MiB) max;   1197MB (  1141 MiB) avg
Allocated non-heap memory:        47MB (    45 MiB) max;     39MB (    37 MiB) avg
Total process virtual memory:  13309MB ( 12693 MiB) max;  13302MB ( 12686 MiB) avg

Verification result: TRUE. No property violation found by chosen configuration.
More details about the verification run can be found in the directory "/home/yqs17/blazer/cpachecker-inc-pred/output-us-precise-cfa/32_7a.net--usb--catc.ko.set/019.7073949.32_7a.cil_safe.i".
