scripts/cpa.sh -heap 10000M -predicateAnalysis-ABElfb-debug -setprop cpa.impacted.eliminate=true -disable-java-assertions -outputpath /home/yqs17/blazer/cpachecker-inc-pred/output-us-precise-cfa/08_1a.rtc--rtc-pcf2123.ko.set/003.5a0e3ad.08_1a.cil_safe.i -isIncPred -spec /home/yqs17/blazer/cpachecker-inc-pred/LDVErrorLabel.spc -stats -setprop cpa.impacted.pre_invariants.file=/home/yqs17/blazer/cpachecker-inc-pred/output-us-precise-cfa/08_1a.rtc--rtc-pcf2123.ko.set/002.b51e829.08_1a.cil_safe.i/impacted-invariants.txt -setprop analysis.prev.program=/home/yqs17/blazer/cpachecker-inc-pred/programs/drivers--rtc--rtc-pcf2123.ko/002.b51e829.08_1a.cil_safe.i -entryfunction ldv_main0_sequence_infinite_withcheck_stateful /home/yqs17/blazer/cpachecker-inc-pred/programs/drivers--rtc--rtc-pcf2123.ko/003.5a0e3ad.08_1a.cil_safe.i


--------------------------------------------------------------------------------


Running CPAchecker with Java heap of size 10000M.
Running CPAchecker with the following extra VM options:  -Djava.io.tmpdir=/tmp/BenchExec_run_dwzmkmhf/tmp
Number of modified edges: 24
Begin analysis 
Read invariant objects done
ImpactedCPA statistics
----------------------
  Number of invariants partial hits:                            0
  Number of invariants hits:                                    40
  Number of invariants trys:                                    53
  Number of invariants bots:                                    13
  Number of invariants not valid:                               0
  Initial reached size:                                         734
  Input invariants file size:                                   1345
  Max impacted number of variables:                             0
  Number of last version invariants:                            89
  Number of this version invariants:                            0
  CPU time for invariant read:                                      0.240s
  CPU time for invariant write:                                     0.000s
  Time for invariant write:                                         0.000s
  Time for invariant read:                                          0.126s

AutomatonAnalysis (SVCOMP) statistics
-------------------------------------
Number of states:                                  1
Total time for successor computation:                  0.008s
Automaton transfers with branching:                0
Automaton transfer successors:                          427 (count: 427, min: 1, max: 1, avg: 1.00) [1 x 427]

CPA algorithm statistics
------------------------
Number of iterations:            423
Max size of waitlist:            4
Average size of waitlist:        1
Number of computed successors:   427
Max successors for one state:    2
Number of times merged:          0
Number of times stopped:         1
Number of times abs stopped:     57
Number of times nonAbs stopped:  224
Number of coverage check (part): 281
Number of times doAbstraction node:  359
Number of times breaked:         1

Total time for CPA algorithm:         0.071s (Max:     0.071s)
CPU time for CPA algorithm:           1.850s
  Time for choose from waitlist:      0.000s
  Time for precision adjustment:      0.009s
  Time for transfer relation:         0.045s
  Time for merge operator:            0.000s
  Time for stop operator:             0.006s
  Time for adding to reached set:     0.000s

PredicateCPA statistics
-----------------------
Read Precision Time:                0.000s
Precision file size:                3715
Write Precision Time:               0.003s
Number of abstractions:            306 (15% of all post computations)
  Times abstraction was reused:    0
  Because of function entry/exit:  343 (112%)
  Because of loop head:            16 (5%)
  Because of join nodes:           0 (0%)
  Because of threshold:            0 (0%)
  Times precision was empty:       0 (0%)
  Times precision was {false}:     0 (0%)
  Times result was cached:         157 (45%)
  Times cartesian abs was used:    0 (0%)
  Times boolean abs was used:      189 (55%)
  Times result was 'false':        0 (0%)
Number of strengthen sat checks:   0
Number of coverage checks:         281
  BDD entailment checks:           57
Number of SMT sat checks:          754
  trivial:                         327
  cached:                          315

Max ABE block size:                       22
Number of predicates discovered:          2
Number of abstraction locations:          0
Max number of predicates per location:    0
Avg number of predicates per location:    0
Total predicates per abstraction:         345
Max number of predicates per abstraction: 2
Avg number of predicates per abstraction: 1.83
Number of irrelevant predicates:          150 (43%)
Number of preds handled by boolean abs:   195 (57%)
  Total number of models for allsat:      190
  Max number of models for allsat:        2
  Avg number of models for allsat:        1.01

Number of path formula cache hits:   199 (9%)

Time for post operator:                  1.080s
  Time for path formula creation:        0.626s
    Actual computation:                  0.563s
Time for strengthen operator:            0.008s
Time for prec operator:                  0.505s
  Time for abstraction:                  0.294s (Max:     0.011s, Count: 306)
    Boolean abstraction:                 0.135s
    Solving time:                        0.062s (Max:     0.005s)
    Model enumeration time:              0.004s
    Time for BDD construction:           0.004s (Max:     0.001s)
Time for merge operator:                 0.021s
Time for coverage check:                 0.003s
  Time for BDD entailment checks:        0.000s
Total time for SMT solver (w/o itp):     0.340s

Number of BDD nodes:                               204
Size of BDD node table:                            466043
Size of BDD cache:                                 46619
Size of BDD node cleanup queue:                           0 (count: 5607, min: 0, max: 0, avg: 0.00)
Time for BDD node cleanup:                             0.003s
Time for BDD garbage collection:                       0.000s (in 0 runs)

PrecisionBootstrap statistics
-----------------------------
Init. function predicates:                         0
Init. global predicates:                           0
Init. location predicates:                         0

ImpactedCPA statistics
----------------------
  Number of invariants partial hits:                            0
  Number of invariants hits:                                    40
  Number of invariants trys:                                    53
  Number of invariants bots:                                    13
  Number of invariants not valid:                               0
  Initial reached size:                                         734
  Input invariants file size:                                   1345
  Max impacted number of variables:                             0
  Number of last version invariants:                            89
  Number of this version invariants:                            88
  CPU time for invariant read:                                      0.240s
  CPU time for invariant write:                                     0.050s
  Time for invariant write:                                         0.029s
  Time for invariant read:                                          0.126s

AutomatonAnalysis (SVCOMP) statistics
-------------------------------------
Number of states:                                  1
Total time for successor computation:                  0.014s
Automaton transfers with branching:                0
Automaton transfer successors:                         2088 (count: 2088, min: 1, max: 1, avg: 1.00) [1 x 2088]

CPA algorithm statistics
------------------------
Number of iterations:            1279
Max size of waitlist:            29
Average size of waitlist:        18
Number of computed successors:   1335
Max successors for one state:    2
Number of times merged:          105
Number of times stopped:         162
Number of times abs stopped:     57
Number of times nonAbs stopped:  224
Number of coverage check (part): 281
Number of times doAbstraction node:  359
Number of times breaked:         0

Total time for CPA algorithm:         0.864s (Max:     0.864s)
CPU time for CPA algorithm:           1.850s
  Time for choose from waitlist:      0.008s
  Time for precision adjustment:      0.358s
  Time for transfer relation:         0.404s
  Time for merge operator:            0.031s
  Time for stop operator:             0.022s
  Time for adding to reached set:     0.008s

Predicate-Abstraction Refiner statistics
----------------------------------------
  Predicate creation:                                  0.000s
  Precision update:                                    0.000s
  ARG update:                                          0.000s

Length of refined path (in blocks):                       0 (count: 0, min: 0, max: 0, avg: 0.00)
Number of affected states:                                0 (count: 0, min: 0, max: 0, avg: 0.00)
Length (states) of path with itp 'true':                  0 (count: 0, min: 0, max: 0, avg: 0.00)
Length (states) of path with itp non-trivial itp:         0 (count: 0, min: 0, max: 0, avg: 0.00)
Length (states) of path with itp 'false':                 0 (count: 0, min: 0, max: 0, avg: 0.00)
Different non-trivial interpolants along paths:           0 (count: 0, min: 0, max: 0, avg: 0.00)
Equal non-trivial interpolants along paths:               0 (count: 0, min: 0, max: 0, avg: 0.00)
Different precisions along paths:                         0 (count: 0, min: 0, max: 0, avg: 0.00)
Equal precisions along paths:                             0 (count: 0, min: 0, max: 0, avg: 0.00)
Number of refs with location-based cutoff:                0

CEGAR algorithm statistics
--------------------------
Number of refinements:                0
Refinement times:             0
First time for refinement:             0.865s
Last time for refinement:              0.865s
Average time for analysis:          0.865s
Number of analysis:                1

Code Coverage
-----------------------------
  Visited lines:          1824
  Total lines:            13
  Line coverage:          140.308

CPAchecker general statistics
-----------------------------
Number of program locations:     1274
Number of CFA edges:             1500
Number of relevant variables:    208
Number of functions:             40
Number of loops:                 6
Size of reached set:             1907
  Number of reached locations:   995 (78%)
    Avg states per location:     1
    Max states per location:     25 (at node N35)
  Number of reached functions:   23 (57%)
  Number of partitions:          1857
    Avg size of partitions:      1
    Max size of partitions:      4 (with key [N305 (entry of function spi_write in include/linux/spi/spi.h, lines 566-604), 1083831638, Init])
  Number of target states:       0

Time for analysis setup:                   5.829s
  Time for cfa diff:                   2.807s
  Time for loading CPAs:                   0.449s
  Time for impacted traverse:              0.011s
  Time for loading parser:        0.023s
  Time for CFA construction:      1.177s
    Time for parsing file(s):     0.315s
    Time for AST to CFA:          0.448s
    Time for CFA sanity check:    0.000s
    Time for post-processing:     0.274s
      Time for var class.:        0.000s
Time for normal Analysis:                         0.866s
CPU time for analysis:                     3.720s
CPU time for impacted:                     0.600s
CPU time for normal analysis:              1.720s
CPU time for init:                         2.000s

Time for Garbage Collector:       0.154s (in 5 runs)
Garbage Collector(s) used:    PS MarkSweep, PS Scavenge
Used heap memory:                148MB (   142 MiB) max;     57MB (    55 MiB) avg;    175MB (   167 MiB) peak
Used non-heap memory:             33MB (    31 MiB) max;     25MB (    24 MiB) avg;     35MB (    33 MiB) peak
Used in PS Old Gen pool:          22MB (    21 MiB) max;      9MB (     8 MiB) avg;     24MB (    23 MiB) peak
Allocated heap memory:           257MB (   246 MiB) max;    200MB (   191 MiB) avg
Allocated non-heap memory:        35MB (    33 MiB) max;     26MB (    25 MiB) avg
Total process virtual memory:  13307MB ( 12691 MiB) max;  13284MB ( 12669 MiB) avg

Verification result: TRUE. No property violation found by chosen configuration.
More details about the verification run can be found in the directory "/home/yqs17/blazer/cpachecker-inc-pred/output-us-precise-cfa/08_1a.rtc--rtc-pcf2123.ko.set/003.5a0e3ad.08_1a.cil_safe.i".
