scripts/cpa.sh -heap 10000M -predicateAnalysis-ABElfb-debug -setprop cpa.impacted.eliminate=true -disable-java-assertions -outputpath /home/yqs17/blazer/cpachecker-inc-pred/output-us-precise-cfa/32_7a.media--video--cx231xx--cx231xx-dvb.ko.set/011.ede676c.32_7a.cil_safe.i -isIncPred -spec /home/yqs17/blazer/cpachecker-inc-pred/LDVErrorLabel.spc -stats -setprop cpa.impacted.pre_invariants.file=/home/yqs17/blazer/cpachecker-inc-pred/output-us-precise-cfa/32_7a.media--video--cx231xx--cx231xx-dvb.ko.set/010.a6f6fb9.32_7a.cil_safe.i/impacted-invariants.txt -setprop analysis.prev.program=/home/yqs17/blazer/cpachecker-inc-pred/programs/drivers--media--video--cx231xx--cx231xx-dvb.ko/010.a6f6fb9.32_7a.cil_safe.i -entryfunction ldv_main0_sequence_infinite_withcheck_stateful /home/yqs17/blazer/cpachecker-inc-pred/programs/drivers--media--video--cx231xx--cx231xx-dvb.ko/011.ede676c.32_7a.cil_safe.i


--------------------------------------------------------------------------------


Running CPAchecker with Java heap of size 10000M.
Running CPAchecker with the following extra VM options:  -Djava.io.tmpdir=/tmp/BenchExec_run_677p0npe/tmp
Number of modified edges: 139
Begin analysis 
Read invariant objects done
ImpactedCPA statistics
----------------------
  Number of invariants partial hits:                            0
  Number of invariants hits:                                    30
  Number of invariants trys:                                    55
  Number of invariants bots:                                    25
  Number of invariants not valid:                               0
  Initial reached size:                                         1517
  Input invariants file size:                                   968
  Max impacted number of variables:                             0
  Number of last version invariants:                            36
  Number of this version invariants:                            0
  CPU time for invariant read:                                      0.410s
  CPU time for invariant write:                                     0.000s
  Time for invariant write:                                         0.000s
  Time for invariant read:                                          0.220s

AutomatonAnalysis (SVCOMP) statistics
-------------------------------------
Number of states:                                  1
Total time for successor computation:                  0.016s
Automaton transfers with branching:                0
Automaton transfer successors:                         1157 (count: 1157, min: 1, max: 1, avg: 1.00) [1 x 1157]

CPA algorithm statistics
------------------------
Number of iterations:            1153
Max size of waitlist:            5
Average size of waitlist:        1
Number of computed successors:   1157
Max successors for one state:    2
Number of times merged:          0
Number of times stopped:         0
Number of times abs stopped:     90937
Number of times nonAbs stopped:  782174
Number of coverage check (part): 882351
Number of times doAbstraction node:  209578
Number of times breaked:         1

Total time for CPA algorithm:         0.126s (Max:     0.126s)
CPU time for CPA algorithm:         283.010s
  Time for choose from waitlist:      0.005s
  Time for precision adjustment:      0.020s
  Time for transfer relation:         0.075s
  Time for stop operator:             0.003s
  Time for adding to reached set:     0.004s

PredicateCPA statistics
-----------------------
Read Precision Time:                0.000s
Precision file size:                0
Write Precision Time:               0.002s
Number of abstractions:            209523 (8% of all post computations)
  Times abstraction was reused:    0
  Because of function entry/exit:  173187 (83%)
  Because of loop head:            36391 (17%)
  Because of join nodes:           0 (0%)
  Because of threshold:            0 (0%)
  Times precision was empty:       0 (0%)
  Times precision was {false}:     0 (0%)
  Times result was cached:         207639 (99%)
  Times cartesian abs was used:    0 (0%)
  Times boolean abs was used:      1914 (1%)
  Times result was 'false':        2275 (1%)
Number of strengthen sat checks:   3
  Times result was 'false':        0 (0%)
Number of coverage checks:         882351
  BDD entailment checks:           100177
Number of SMT sat checks:          1571
  trivial:                         1060
  cached:                          324

Max ABE block size:                       92
Number of predicates discovered:          4
Number of abstraction locations:          0
Max number of predicates per location:    0
Avg number of predicates per location:    0
Total predicates per abstraction:         4740
Max number of predicates per abstraction: 3
Avg number of predicates per abstraction: 2.48
Number of irrelevant predicates:          22 (0%)
Number of preds handled by boolean abs:   4718 (100%)
  Total number of models for allsat:      2384
  Max number of models for allsat:        2
  Avg number of models for allsat:        1.25

Number of path formula cache hits:   2054161 (66%)

Time for post operator:                103.019s
  Time for path formula creation:       62.518s
    Actual computation:                 45.384s
Time for strengthen operator:            1.568s
  Time for satisfiability checks:        0.000s
Time for prec operator:                 31.456s
  Time for abstraction:                 20.161s (Max:     0.775s, Count: 209523)
    Boolean abstraction:                 0.935s
    Solving time:                        0.538s (Max:     0.006s)
    Model enumeration time:              0.083s
    Time for BDD construction:           0.078s (Max:     0.008s)
Time for merge operator:                37.166s
Time for coverage check:                 0.152s
  Time for BDD entailment checks:        0.088s
Total time for SMT solver (w/o itp):     1.132s

Number of BDD nodes:                               211
Size of BDD node table:                            466043
Size of BDD cache:                                 46619
Size of BDD node cleanup queue:                       15162 (count: 144223, min: 0, max: 13273, avg: 0.11)
Time for BDD node cleanup:                             0.023s
Time for BDD garbage collection:                       0.000s (in 0 runs)

PrecisionBootstrap statistics
-----------------------------
Init. function predicates:                         0
Init. global predicates:                           0
Init. location predicates:                         0

ImpactedCPA statistics
----------------------
  Number of invariants partial hits:                            0
  Number of invariants hits:                                    30
  Number of invariants trys:                                    55
  Number of invariants bots:                                    25
  Number of invariants not valid:                               0
  Initial reached size:                                         1517
  Input invariants file size:                                   968
  Max impacted number of variables:                             0
  Number of last version invariants:                            36
  Number of this version invariants:                            87
  CPU time for invariant read:                                      0.410s
  CPU time for invariant write:                                     0.030s
  Time for invariant write:                                         0.019s
  Time for invariant read:                                          0.220s

AutomatonAnalysis (SVCOMP) statistics
-------------------------------------
Number of states:                                  1
Total time for successor computation:                  0.885s
  Time for transition matches:                         0.318s
  Time for transition assertions:                      0.000s
  Time for transition actions:                         0.001s
Automaton transfers with branching:                0
Automaton transfer successors:                      2767726 (count: 2767726, min: 1, max: 1, avg: 1.00) [1 x 2767726]

CPA algorithm statistics
------------------------
Number of iterations:            2281802
Max size of waitlist:            291
Average size of waitlist:        175
Number of computed successors:   2766164
Max successors for one state:    2
Number of times merged:          391066
Number of times stopped:         482003
Number of times abs stopped:     90937
Number of times nonAbs stopped:  782174
Number of coverage check (part): 882351
Number of times doAbstraction node:  209578
Number of times breaked:         3

Total time for CPA algorithm:       202.628s (Max:    79.733s)
CPU time for CPA algorithm:         283.010s
  Time for choose from waitlist:      0.812s
  Time for precision adjustment:     33.510s
  Time for transfer relation:       114.972s
  Time for merge operator:           42.186s
  Time for stop operator:             2.547s
  Time for adding to reached set:     3.530s

Predicate-Abstraction Refiner statistics
----------------------------------------
Avg. length of target path (in blocks):                  78 (count: 3, min: 24, max: 28, avg: 26.00)
Number of infeasible sliced prefixes:                     0 (count: 0, min: 0, max: 0, avg: 0.00)

Time for refinement:                                   6.101s
  Counterexample analysis:                0.224s (Max:     0.123s, Calls: 3)
    Refinement sat check:                 0.025s
    Interpolant computation:              0.000s
  Error path post-processing:                          0.000s
  Path-formulas extraction:                            0.000s
  Building the counterexample trace:                   0.224s
  Extracting precise counterexample:                   0.000s
  Extracting infeasible sliced prefixes:               0.000s
  Selecting infeasible sliced prefixes:                0.000s
  Predicate creation:                                  0.001s
  Precision update:                                    0.003s
  ARG update:                                          5.859s

Length of refined path (in blocks):                      75 (count: 3, min: 23, max: 27, avg: 25.00)
Number of affected states:                               36 (count: 3, min: 10, max: 14, avg: 12.00)
Length (states) of path with itp 'true':                 36 (count: 3, min: 12, max: 12, avg: 12.00)
Length (states) of path with itp non-trivial itp:        36 (count: 3, min: 10, max: 14, avg: 12.00)
Length (states) of path with itp 'false':                 3 (count: 3, min: 1, max: 1, avg: 1.00)
Different non-trivial interpolants along paths:           0 (count: 3, min: 0, max: 0, avg: 0.00)
Equal non-trivial interpolants along paths:              33 (count: 3, min: 9, max: 13, avg: 11.00)
Different precisions along paths:                         0 (count: 0, min: 0, max: 0, avg: 0.00)
Equal precisions along paths:                             0 (count: 0, min: 0, max: 0, avg: 0.00)
Number of refs with location-based cutoff:                0

CEGAR algorithm statistics
--------------------------
Number of refinements:                3
Number of successful refinements:     3
Number of failed refinements:         0
Max. size of reached set before ref.: 772285
Max. size of reached set after ref.:  2076
Avg. size of reached set before ref.: 675530.67
Avg. size of reached set after ref.:  2076.00

Total time for CEGAR algorithm:     208.741s
CPU time for CEGAR algorithm:       290.040s
Time for refinements:                 6.112s
CPU time for refinements:             7.280s
Average time for refinement:          2.037s
Max time for refinement:              2.231s
First time for refinement:            40.791s
Last time for refinement:             17.876s
Average time for analysis:         40.791s
Number of analysis:                4

Code Coverage
-----------------------------
  Visited lines:          6810
  Total lines:            4
  Line coverage:          1702.500

CPAchecker general statistics
-----------------------------
Number of program locations:     2897
Number of CFA edges:             3352
Number of relevant variables:    295
Number of functions:             89
Number of loops:                 4
Size of reached set:             263039
  Number of reached locations:   2041 (70%)
    Avg states per location:     128
    Max states per location:     3119 (at node N240)
  Number of reached functions:   18 (20%)
  Number of partitions:          257197
    Avg size of partitions:      1
    Max size of partitions:      20 (with key [N476 (entry of function cx231xx_set_analog_freq in /work/ldvuser/novikov/work/current--X--drivers/media/video/cx231xx/cx231xx-dvb.ko--X--defaultlinux--X--32_7a--X--cpachecker/linux/csd_deg_dscv/11/dscv_tempdir/dscv/ri/32_7a/drivers/media/video/cx231xx/cx231xx-dvb.c.prepared, lines 445-478), 688606510, Init])
  Number of target states:       0
  Size of final wait list        181

Time for analysis setup:                  13.055s
  Time for cfa diff:                   8.899s
  Time for loading CPAs:                   0.431s
  Time for impacted traverse:              0.015s
  Time for loading parser:        0.035s
  Time for CFA construction:      1.812s
    Time for parsing file(s):     0.501s
    Time for AST to CFA:          0.697s
    Time for CFA sanity check:    0.000s
    Time for post-processing:     0.425s
      Time for var class.:        0.000s
Time for normal Analysis:                       208.741s
CPU time for analysis:                   292.700s
CPU time for impacted:                     0.720s
CPU time for normal analysis:              0.000s
CPU time for init:                         2.650s

Time for Garbage Collector:      39.145s (in 61 runs)
Garbage Collector(s) used:    PS MarkSweep, PS Scavenge
Used heap memory:               3969MB (  3785 MiB) max;   1736MB (  1656 MiB) avg;   4640MB (  4425 MiB) peak
Used non-heap memory:             45MB (    43 MiB) max;     42MB (    40 MiB) avg;     46MB (    43 MiB) peak
Used in PS Old Gen pool:         956MB (   912 MiB) max;    488MB (   466 MiB) avg;    972MB (   926 MiB) peak
Allocated heap memory:          4199MB (  4005 MiB) max;   3167MB (  3020 MiB) avg
Allocated non-heap memory:        48MB (    45 MiB) max;     45MB (    43 MiB) avg
Total process virtual memory:  13310MB ( 12693 MiB) max;  13306MB ( 12689 MiB) avg

Verification result: UNKNOWN, incomplete analysis.
More details about the verification run can be found in the directory "/home/yqs17/blazer/cpachecker-inc-pred/output-us-precise-cfa/32_7a.media--video--cx231xx--cx231xx-dvb.ko.set/011.ede676c.32_7a.cil_safe.i".
