scripts/cpa.sh -heap 10000M -predicateAnalysis-ABElfb-debug -setprop cpa.impacted.eliminate=true -disable-java-assertions -outputpath /home/yqs17/blazer/cpachecker-inc-pred/output-us-precise-cfa/32_1.gpu--drm--i915--i915.ko.set/042.ad42ca8.32_1.cil_safe.i -isIncPred -spec /home/yqs17/blazer/cpachecker-inc-pred/LDVErrorLabel.spc -stats -setprop cpa.impacted.pre_invariants.file=/home/yqs17/blazer/cpachecker-inc-pred/output-us-precise-cfa/32_1.gpu--drm--i915--i915.ko.set/041.881ee98.32_1.cil_safe.i/impacted-invariants.txt -setprop analysis.prev.program=/home/yqs17/blazer/cpachecker-inc-pred/programs/drivers--gpu--drm--i915--i915.ko/041.881ee98.32_1.cil_safe.i -entryfunction ldv_main0_sequence_infinite_withcheck_stateful /home/yqs17/blazer/cpachecker-inc-pred/programs/drivers--gpu--drm--i915--i915.ko/042.ad42ca8.32_1.cil_safe.i


--------------------------------------------------------------------------------


Running CPAchecker with Java heap of size 10000M.
Running CPAchecker with the following extra VM options:  -Djava.io.tmpdir=/tmp/BenchExec_run_dmukoour/tmp
Number of modified edges: 0
Begin analysis 
Read invariant objects done
ImpactedCPA statistics
----------------------
  Number of invariants partial hits:                            0
  Number of invariants hits:                                    13
  Number of invariants trys:                                    17
  Number of invariants bots:                                    6
  Number of invariants not valid:                               2
  Initial reached size:                                         1068
  Input invariants file size:                                   1689
  Max impacted number of variables:                             0
  Number of last version invariants:                            130
  Number of this version invariants:                            0
  CPU time for invariant read:                                      0.790s
  CPU time for invariant write:                                     0.000s
  Time for invariant write:                                         0.000s
  Time for invariant read:                                          0.418s

AutomatonAnalysis (SVCOMP) statistics
-------------------------------------
Number of states:                                  1
Total time for successor computation:                  0.019s
Automaton transfers with branching:                0
Automaton transfer successors:                         1024 (count: 1024, min: 1, max: 1, avg: 1.00) [1 x 1024]

CPA algorithm statistics
------------------------
Number of iterations:            1021
Max size of waitlist:            4
Average size of waitlist:        1
Number of computed successors:   1024
Max successors for one state:    2
Number of times merged:          0
Number of times stopped:         0
Number of times abs stopped:     3
Number of times nonAbs stopped:  12
Number of coverage check (part): 15
Number of times doAbstraction node:  20
Number of times breaked:         1

Total time for CPA algorithm:         0.126s (Max:     0.126s)
CPU time for CPA algorithm:           0.260s
  Time for choose from waitlist:      0.005s
  Time for precision adjustment:      0.016s
  Time for transfer relation:         0.071s
  Time for stop operator:             0.006s
  Time for adding to reached set:     0.004s

PredicateCPA statistics
-----------------------
Read Precision Time:                0.000s
Precision file size:                855
Write Precision Time:               0.002s
Number of abstractions:            3 (0% of all post computations)
  Times abstraction was reused:    0
  Because of function entry/exit:  14 (467%)
  Because of loop head:            6 (200%)
  Because of join nodes:           0 (0%)
  Because of threshold:            0 (0%)
  Times precision was empty:       0 (0%)
  Times precision was {false}:     2 (13%)
  Times result was cached:         3 (19%)
  Times cartesian abs was used:    0 (0%)
  Times boolean abs was used:      11 (69%)
  Times result was 'false':        0 (0%)
Number of strengthen sat checks:   0
Number of coverage checks:         15
  BDD entailment checks:           3
Number of SMT sat checks:          1076
  trivial:                         626
  cached:                          415

Max ABE block size:                       0
Number of predicates discovered:          2
Number of abstraction locations:          0
Max number of predicates per location:    0
Avg number of predicates per location:    0
Total predicates per abstraction:         13
Max number of predicates per abstraction: 1
Avg number of predicates per abstraction: 1.00
Number of irrelevant predicates:          2 (15%)
Number of preds handled by boolean abs:   11 (85%)
  Total number of models for allsat:      11
  Max number of models for allsat:        1
  Avg number of models for allsat:        1.00

Number of path formula cache hits:   11 (1%)

Time for post operator:                  0.536s
  Time for path formula creation:        0.233s
    Actual computation:                  0.209s
Time for strengthen operator:            0.002s
Time for prec operator:                  0.092s
  Time for abstraction:                  0.001s (Max:     0.001s, Count: 3)
    Boolean abstraction:                 0.049s
    Solving time:                        0.012s (Max:     0.007s)
    Model enumeration time:              0.001s
    Time for BDD construction:           0.023s (Max:     0.022s)
Time for merge operator:                 0.007s
Time for coverage check:                 0.001s
  Time for BDD entailment checks:        0.001s
Total time for SMT solver (w/o itp):     0.198s

Number of BDD nodes:                               202
Size of BDD node table:                            466043
Size of BDD cache:                                 46619
Size of BDD node cleanup queue:                           0 (count: 28107, min: 0, max: 0, avg: 0.00)
Time for BDD node cleanup:                             0.003s
Time for BDD garbage collection:                       0.000s (in 0 runs)

PrecisionBootstrap statistics
-----------------------------
Init. function predicates:                         0
Init. global predicates:                           0
Init. location predicates:                         0

ImpactedCPA statistics
----------------------
  Number of invariants partial hits:                            0
  Number of invariants hits:                                    13
  Number of invariants trys:                                    17
  Number of invariants bots:                                    6
  Number of invariants not valid:                               2
  Initial reached size:                                         1068
  Input invariants file size:                                   1689
  Max impacted number of variables:                             0
  Number of last version invariants:                            130
  Number of this version invariants:                            11
  CPU time for invariant read:                                      0.790s
  CPU time for invariant write:                                     0.060s
  Time for invariant write:                                         0.031s
  Time for invariant read:                                          0.418s

AutomatonAnalysis (SVCOMP) statistics
-------------------------------------
Number of states:                                  1
Total time for successor computation:                  0.011s
Automaton transfers with branching:                0
Automaton transfer successors:                         1082 (count: 1082, min: 1, max: 1, avg: 1.00) [1 x 1082]

CPA algorithm statistics
------------------------
Number of iterations:            8
Max size of waitlist:            4
Average size of waitlist:        2
Number of computed successors:   7
Max successors for one state:    1
Number of times merged:          4
Number of times stopped:         7
Number of times abs stopped:     3
Number of times nonAbs stopped:  12
Number of coverage check (part): 15
Number of times doAbstraction node:  20
Number of times breaked:         0

Total time for CPA algorithm:         0.009s (Max:     0.009s)
CPU time for CPA algorithm:           0.260s
  Time for choose from waitlist:      0.000s
  Time for precision adjustment:      0.001s
  Time for transfer relation:         0.001s
  Time for merge operator:            0.003s
  Time for stop operator:             0.001s
  Time for adding to reached set:     0.000s

Predicate-Abstraction Refiner statistics
----------------------------------------
  Predicate creation:                                  0.000s
  Precision update:                                    0.000s
  ARG update:                                          0.000s

Length of refined path (in blocks):                       0 (count: 0, min: 0, max: 0, avg: 0.00)
Number of affected states:                                0 (count: 0, min: 0, max: 0, avg: 0.00)
Length (states) of path with itp 'true':                  0 (count: 0, min: 0, max: 0, avg: 0.00)
Length (states) of path with itp non-trivial itp:         0 (count: 0, min: 0, max: 0, avg: 0.00)
Length (states) of path with itp 'false':                 0 (count: 0, min: 0, max: 0, avg: 0.00)
Different non-trivial interpolants along paths:           0 (count: 0, min: 0, max: 0, avg: 0.00)
Equal non-trivial interpolants along paths:               0 (count: 0, min: 0, max: 0, avg: 0.00)
Different precisions along paths:                         0 (count: 0, min: 0, max: 0, avg: 0.00)
Equal precisions along paths:                             0 (count: 0, min: 0, max: 0, avg: 0.00)
Number of refs with location-based cutoff:                0

CEGAR algorithm statistics
--------------------------
Number of refinements:                0
Refinement times:             0
First time for refinement:             0.009s
Last time for refinement:              0.009s
Average time for analysis:          0.009s
Number of analysis:                1

Code Coverage
-----------------------------
  Visited lines:          3624
  Total lines:            6
  Line coverage:          604.000

CPAchecker general statistics
-----------------------------
Number of program locations:     9177
Number of CFA edges:             11731
Number of relevant variables:    1453
Number of functions:             222
Number of loops:                 67
Size of reached set:             1068
  Number of reached locations:   1065 (12%)
    Avg states per location:     1
    Max states per location:     3 (at node N89)
  Number of reached functions:   6 (3%)
  Number of partitions:          1068
    Avg size of partitions:      1
    Max size of partitions:      1
  Number of target states:       0

Time for analysis setup:                  21.643s
  Time for cfa diff:                  16.593s
  Time for loading CPAs:                   0.515s
  Time for impacted traverse:              0.036s
  Time for loading parser:        0.040s
  Time for CFA construction:      3.019s
    Time for parsing file(s):     0.697s
    Time for AST to CFA:          1.132s
    Time for CFA sanity check:    0.000s
    Time for post-processing:     0.895s
      Time for var class.:        0.000s
Time for normal Analysis:                         0.009s
CPU time for analysis:                     1.440s
CPU time for impacted:                     0.830s
CPU time for normal analysis:              0.030s
CPU time for init:                         1.430s

Time for Garbage Collector:       0.438s (in 8 runs)
Garbage Collector(s) used:    PS MarkSweep, PS Scavenge
Used heap memory:                170MB (   162 MiB) max;     82MB (    79 MiB) avg;    232MB (   221 MiB) peak
Used non-heap memory:             37MB (    35 MiB) max;     29MB (    27 MiB) avg;     37MB (    36 MiB) peak
Used in PS Old Gen pool:          47MB (    45 MiB) max;     40MB (    38 MiB) avg;     50MB (    47 MiB) peak
Allocated heap memory:           450MB (   429 MiB) max;    398MB (   380 MiB) avg
Allocated non-heap memory:        38MB (    36 MiB) max;     30MB (    28 MiB) avg
Total process virtual memory:  13307MB ( 12691 MiB) max;  13286MB ( 12670 MiB) avg

Verification result: TRUE. No property violation found by chosen configuration.
More details about the verification run can be found in the directory "/home/yqs17/blazer/cpachecker-inc-pred/output-us-precise-cfa/32_1.gpu--drm--i915--i915.ko.set/042.ad42ca8.32_1.cil_safe.i".
