scripts/cpa.sh -heap 10000M -predicateAnalysis-ABElfb-debug -setprop cpa.impacted.eliminate=true -disable-java-assertions -outputpath /home/yqs17/blazer/cpachecker-inc-pred/output-us-precise-cfa/32_7a.block--drbd--drbd.ko.set/015.8b43aeb.32_7a.cil_safe.i -isIncPred -spec /home/yqs17/blazer/cpachecker-inc-pred/LDVErrorLabel.spc -stats -setprop cpa.impacted.pre_invariants.file=/home/yqs17/blazer/cpachecker-inc-pred/output-us-precise-cfa/32_7a.block--drbd--drbd.ko.set/014.753c891.32_7a.cil_safe.i/impacted-invariants.txt -setprop analysis.prev.program=/home/yqs17/blazer/cpachecker-inc-pred/programs/drivers--block--drbd--drbd.ko/014.753c891.32_7a.cil_safe.i -entryfunction ldv_main1_sequence_infinite_withcheck_stateful /home/yqs17/blazer/cpachecker-inc-pred/programs/drivers--block--drbd--drbd.ko/015.8b43aeb.32_7a.cil_safe.i


--------------------------------------------------------------------------------


Running CPAchecker with Java heap of size 10000M.
Running CPAchecker with the following extra VM options:  -Djava.io.tmpdir=/tmp/BenchExec_run_ge6em0cs/tmp
Number of modified edges: 382
Begin analysis 
Read invariant objects done
ImpactedCPA statistics
----------------------
  Number of invariants partial hits:                            0
  Number of invariants hits:                                    2
  Number of invariants trys:                                    3
  Number of invariants bots:                                    1
  Number of invariants not valid:                               0
  Initial reached size:                                         1928
  Input invariants file size:                                   3957
  Max impacted number of variables:                             0
  Number of last version invariants:                            700
  Number of this version invariants:                            0
  CPU time for invariant read:                                      0.850s
  CPU time for invariant write:                                     0.000s
  Time for invariant write:                                         0.000s
  Time for invariant read:                                          0.429s

AutomatonAnalysis (SVCOMP) statistics
-------------------------------------
Number of states:                                  1
Total time for successor computation:                  0.020s
Automaton transfers with branching:                0
Automaton transfer successors:                         1964 (count: 1964, min: 1, max: 1, avg: 1.00) [1 x 1964]

CPA algorithm statistics
------------------------
Number of iterations:            1958
Max size of waitlist:            5
Average size of waitlist:        1
Number of computed successors:   1964
Max successors for one state:    2
Number of times merged:          0
Number of times stopped:         3
Number of times abs stopped:     3
Number of times nonAbs stopped:  4
Number of coverage check (part): 7
Number of times doAbstraction node:  22
Number of times breaked:         1

Total time for CPA algorithm:         0.184s (Max:     0.184s)
CPU time for CPA algorithm:           0.530s
  Time for choose from waitlist:      0.007s
  Time for precision adjustment:      0.020s
  Time for transfer relation:         0.097s
  Time for merge operator:            0.001s
  Time for stop operator:             0.013s
  Time for adding to reached set:     0.003s

PredicateCPA statistics
-----------------------
Read Precision Time:                0.000s
Precision file size:                569
Write Precision Time:               0.002s
Number of abstractions:            19 (1% of all post computations)
  Times abstraction was reused:    0
  Because of function entry/exit:  18 (95%)
  Because of loop head:            4 (21%)
  Because of join nodes:           0 (0%)
  Because of threshold:            0 (0%)
  Times precision was empty:       0 (0%)
  Times precision was {false}:     0 (0%)
  Times result was cached:         5 (24%)
  Times cartesian abs was used:    0 (0%)
  Times boolean abs was used:      16 (76%)
  Times result was 'false':        6 (32%)
Number of strengthen sat checks:   0
Number of coverage checks:         7
  BDD entailment checks:           3
Number of SMT sat checks:          1928
  trivial:                         995
  cached:                          883

Max ABE block size:                       7
Number of predicates discovered:          4
Number of abstraction locations:          0
Max number of predicates per location:    0
Avg number of predicates per location:    0
Total predicates per abstraction:         60
Max number of predicates per abstraction: 4
Avg number of predicates per abstraction: 3.75
Number of irrelevant predicates:          0 (0%)
Number of preds handled by boolean abs:   60 (100%)
  Total number of models for allsat:      13
  Max number of models for allsat:        1
  Avg number of models for allsat:        0.81

Number of path formula cache hits:   2 (0%)

Time for post operator:                  2.150s
  Time for path formula creation:        0.427s
    Actual computation:                  0.402s
Time for strengthen operator:            0.006s
Time for prec operator:                  0.875s
  Time for abstraction:                  0.051s (Max:     0.011s, Count: 19)
    Boolean abstraction:                 0.800s
    Solving time:                        0.783s (Max:     0.783s)
    Model enumeration time:              0.002s
    Time for BDD construction:           0.002s (Max:     0.001s)
Time for merge operator:                 0.003s
Time for coverage check:                 0.000s
  Time for BDD entailment checks:        0.000s
Total time for SMT solver (w/o itp):     1.949s

Number of BDD nodes:                               211
Size of BDD node table:                            466043
Size of BDD cache:                                 46619
Size of BDD node cleanup queue:                           1 (count: 95453, min: 0, max: 1, avg: 0.00)
Time for BDD node cleanup:                             0.009s
Time for BDD garbage collection:                       0.000s (in 0 runs)

PrecisionBootstrap statistics
-----------------------------
Init. function predicates:                         0
Init. global predicates:                           0
Init. location predicates:                         0

ImpactedCPA statistics
----------------------
  Number of invariants partial hits:                            0
  Number of invariants hits:                                    2
  Number of invariants trys:                                    3
  Number of invariants bots:                                    1
  Number of invariants not valid:                               0
  Initial reached size:                                         1928
  Input invariants file size:                                   3957
  Max impacted number of variables:                             0
  Number of last version invariants:                            700
  Number of this version invariants:                            11
  CPU time for invariant read:                                      0.850s
  CPU time for invariant write:                                     0.140s
  Time for invariant write:                                         0.074s
  Time for invariant read:                                          0.429s

AutomatonAnalysis (SVCOMP) statistics
-------------------------------------
Number of states:                                  1
Total time for successor computation:                  0.024s
Automaton transfers with branching:                0
Automaton transfer successors:                         2012 (count: 2012, min: 1, max: 1, avg: 1.00) [1 x 2012]

CPA algorithm statistics
------------------------
Number of iterations:            74
Max size of waitlist:            5
Average size of waitlist:        2
Number of computed successors:   84
Max successors for one state:    2
Number of times merged:          2
Number of times stopped:         5
Number of times abs stopped:     3
Number of times nonAbs stopped:  4
Number of coverage check (part): 7
Number of times doAbstraction node:  22
Number of times breaked:         0

Total time for CPA algorithm:         0.099s (Max:     0.099s)
CPU time for CPA algorithm:           0.530s
  Time for choose from waitlist:      0.000s
  Time for precision adjustment:      0.056s
  Time for transfer relation:         0.036s
  Time for merge operator:            0.003s
  Time for stop operator:             0.001s
  Time for adding to reached set:     0.002s

Predicate-Abstraction Refiner statistics
----------------------------------------
  Predicate creation:                                  0.000s
  Precision update:                                    0.000s
  ARG update:                                          0.000s

Length of refined path (in blocks):                       0 (count: 0, min: 0, max: 0, avg: 0.00)
Number of affected states:                                0 (count: 0, min: 0, max: 0, avg: 0.00)
Length (states) of path with itp 'true':                  0 (count: 0, min: 0, max: 0, avg: 0.00)
Length (states) of path with itp non-trivial itp:         0 (count: 0, min: 0, max: 0, avg: 0.00)
Length (states) of path with itp 'false':                 0 (count: 0, min: 0, max: 0, avg: 0.00)
Different non-trivial interpolants along paths:           0 (count: 0, min: 0, max: 0, avg: 0.00)
Equal non-trivial interpolants along paths:               0 (count: 0, min: 0, max: 0, avg: 0.00)
Different precisions along paths:                         0 (count: 0, min: 0, max: 0, avg: 0.00)
Equal precisions along paths:                             0 (count: 0, min: 0, max: 0, avg: 0.00)
Number of refs with location-based cutoff:                0

CEGAR algorithm statistics
--------------------------
Number of refinements:                0
Refinement times:             0
First time for refinement:             0.099s
Last time for refinement:              0.099s
Average time for analysis:          0.099s
Number of analysis:                1

Code Coverage
-----------------------------
  Visited lines:          5824
  Total lines:            13
  Line coverage:          448.000

CPAchecker general statistics
-----------------------------
Number of program locations:     31274
Number of CFA edges:             42708
Number of relevant variables:    6951
Number of functions:             749
Number of loops:                 175
Size of reached set:             2001
  Number of reached locations:   1985 (6%)
    Avg states per location:     1
    Max states per location:     2 (at node N2940)
  Number of reached functions:   6 (1%)
  Number of partitions:          2000
    Avg size of partitions:      1
    Max size of partitions:      2 (with key [N32181 (entry of function ldv_check_final_state in /work/ldvuser/novikov/work/current--X--drivers/block/drbd/drbd.ko--X--defaultlinux--X--32_7a--X--cpachecker/linux/csd_deg_dscv/19/dscv_tempdir/rule-instrumentor/32_7a/common-model/ldv_common_model.c, lines 477-506), 1699270117, Init])
  Number of target states:       0

Time for analysis setup:                  59.444s
  Time for cfa diff:                  47.895s
  Time for loading CPAs:                   0.798s
  Time for impacted traverse:              0.103s
  Time for loading parser:        0.028s
  Time for CFA construction:      6.686s
    Time for parsing file(s):     1.107s
    Time for AST to CFA:          2.193s
    Time for CFA sanity check:    0.002s
    Time for post-processing:     2.804s
      Time for var class.:        0.000s
Time for normal Analysis:                         0.099s
CPU time for analysis:                     6.340s
CPU time for impacted:                     1.170s
CPU time for normal analysis:              0.210s
CPU time for init:                         6.140s

Time for Garbage Collector:       2.312s (in 16 runs)
Garbage Collector(s) used:    PS MarkSweep, PS Scavenge
Used heap memory:                537MB (   513 MiB) max;    228MB (   218 MiB) avg;    556MB (   530 MiB) peak
Used non-heap memory:             43MB (    41 MiB) max;     32MB (    30 MiB) avg;     43MB (    41 MiB) peak
Used in PS Old Gen pool:          88MB (    84 MiB) max;     82MB (    78 MiB) avg;     88MB (    84 MiB) peak
Allocated heap memory:           790MB (   754 MiB) max;    521MB (   497 MiB) avg
Allocated non-heap memory:        44MB (    42 MiB) max;     33MB (    32 MiB) avg
Total process virtual memory:  13309MB ( 12693 MiB) max;  13290MB ( 12674 MiB) avg

Verification result: TRUE. No property violation found by chosen configuration.
More details about the verification run can be found in the directory "/home/yqs17/blazer/cpachecker-inc-pred/output-us-precise-cfa/32_7a.block--drbd--drbd.ko.set/015.8b43aeb.32_7a.cil_safe.i".
