scripts/cpa.sh -heap 10000M -predicateAnalysis-ABElfb-debug -setprop cpa.impacted.eliminate=true -disable-java-assertions -outputpath /home/yqs17/blazer/cpachecker-inc-pred/output-us-precise-cfa/08_1a.target--loopback--tcm_loop.ko.set/026.c4795fb.08_1a.cil_safe.i -isIncPred -spec /home/yqs17/blazer/cpachecker-inc-pred/LDVErrorLabel.spc -stats -setprop cpa.impacted.pre_invariants.file=/home/yqs17/blazer/cpachecker-inc-pred/output-us-precise-cfa/08_1a.target--loopback--tcm_loop.ko.set/025.33c3faf.08_1a.cil_safe.i/impacted-invariants.txt -setprop analysis.prev.program=/home/yqs17/blazer/cpachecker-inc-pred/programs/drivers--target--loopback--tcm_loop.ko/025.33c3faf.08_1a.cil_safe.i -entryfunction ldv_main0_sequence_infinite_withcheck_stateful /home/yqs17/blazer/cpachecker-inc-pred/programs/drivers--target--loopback--tcm_loop.ko/026.c4795fb.08_1a.cil_safe.i


--------------------------------------------------------------------------------


Running CPAchecker with Java heap of size 10000M.
Running CPAchecker with the following extra VM options:  -Djava.io.tmpdir=/tmp/BenchExec_run_gdgms1ql/tmp
Number of modified edges: 79
Begin analysis 
Read invariant objects done
ImpactedCPA statistics
----------------------
  Number of invariants partial hits:                            0
  Number of invariants hits:                                    13
  Number of invariants trys:                                    18
  Number of invariants bots:                                    5
  Number of invariants not valid:                               0
  Initial reached size:                                         1275
  Input invariants file size:                                   1605
  Max impacted number of variables:                             1
  Number of last version invariants:                            65
  Number of this version invariants:                            0
  CPU time for invariant read:                                      0.690s
  CPU time for invariant write:                                     0.000s
  Time for invariant write:                                         0.000s
  Time for invariant read:                                          0.357s

AutomatonAnalysis (SVCOMP) statistics
-------------------------------------
Number of states:                                  1
Total time for successor computation:                  0.025s
Automaton transfers with branching:                0
Automaton transfer successors:                         2512 (count: 2512, min: 1, max: 1, avg: 1.00) [1 x 2512]

CPA algorithm statistics
------------------------
Number of iterations:            2496
Max size of waitlist:            7
Average size of waitlist:        1
Number of computed successors:   2512
Max successors for one state:    2
Number of times merged:          0
Number of times stopped:         4
Number of times abs stopped:     7
Number of times nonAbs stopped:  62
Number of coverage check (part): 69
Number of times doAbstraction node:  40
Number of times breaked:         2

Total time for CPA algorithm:         0.223s (Max:     0.155s)
CPU time for CPA algorithm:           0.760s
  Time for choose from waitlist:      0.006s
  Time for precision adjustment:      0.023s
  Time for transfer relation:         0.108s
  Time for merge operator:            0.001s
  Time for stop operator:             0.010s
  Time for adding to reached set:     0.012s

PredicateCPA statistics
-----------------------
Read Precision Time:                0.000s
Precision file size:                948
Write Precision Time:               0.004s
Number of abstractions:            22 (2% of all post computations)
  Times abstraction was reused:    0
  Because of function entry/exit:  39 (177%)
  Because of loop head:            1 (5%)
  Because of join nodes:           0 (0%)
  Because of threshold:            0 (0%)
  Times precision was empty:       0 (0%)
  Times precision was {false}:     0 (0%)
  Times result was cached:         1 (3%)
  Times cartesian abs was used:    0 (0%)
  Times boolean abs was used:      34 (97%)
  Times result was 'false':        0 (0%)
Number of strengthen sat checks:   0
Number of coverage checks:         69
  BDD entailment checks:           7
Number of SMT sat checks:          1281
  trivial:                         988
  cached:                          243

Max ABE block size:                       9
Number of predicates discovered:          6
Number of abstraction locations:          0
Max number of predicates per location:    0
Avg number of predicates per location:    0
Total predicates per abstraction:         90
Max number of predicates per abstraction: 6
Avg number of predicates per abstraction: 2.65
Number of irrelevant predicates:          4 (4%)
Number of preds handled by boolean abs:   86 (96%)
  Total number of models for allsat:      35
  Max number of models for allsat:        2
  Avg number of models for allsat:        1.03

Number of path formula cache hits:   43 (3%)

Time for post operator:                  0.548s
  Time for path formula creation:        0.254s
    Actual computation:                  0.225s
Time for strengthen operator:            0.007s
Time for prec operator:                  0.197s
  Time for abstraction:                  0.087s (Max:     0.014s, Count: 22)
    Boolean abstraction:                 0.082s
    Solving time:                        0.017s (Max:     0.004s)
    Model enumeration time:              0.002s
    Time for BDD construction:           0.006s (Max:     0.001s)
Time for merge operator:                 0.013s
Time for coverage check:                 0.000s
  Time for BDD entailment checks:        0.000s
Total time for SMT solver (w/o itp):     0.208s

Number of BDD nodes:                               253
Size of BDD node table:                            466043
Size of BDD cache:                                 46619
Size of BDD node cleanup queue:                           0 (count: 9266, min: 0, max: 0, avg: 0.00)
Time for BDD node cleanup:                             0.001s
Time for BDD garbage collection:                       0.000s (in 0 runs)

PrecisionBootstrap statistics
-----------------------------
Init. function predicates:                         0
Init. global predicates:                           0
Init. location predicates:                         0

ImpactedCPA statistics
----------------------
  Number of invariants partial hits:                            0
  Number of invariants hits:                                    13
  Number of invariants trys:                                    18
  Number of invariants bots:                                    5
  Number of invariants not valid:                               0
  Initial reached size:                                         1275
  Input invariants file size:                                   1605
  Max impacted number of variables:                             1
  Number of last version invariants:                            65
  Number of this version invariants:                            21
  CPU time for invariant read:                                      0.690s
  CPU time for invariant write:                                     0.070s
  Time for invariant write:                                         0.036s
  Time for invariant read:                                          0.357s

AutomatonAnalysis (SVCOMP) statistics
-------------------------------------
Number of states:                                  1
Total time for successor computation:                  0.007s
Automaton transfers with branching:                0
Automaton transfer successors:                         1448 (count: 1448, min: 1, max: 1, avg: 1.00) [1 x 1448]

CPA algorithm statistics
------------------------
Number of iterations:            162
Max size of waitlist:            7
Average size of waitlist:        4
Number of computed successors:   168
Max successors for one state:    2
Number of times merged:          30
Number of times stopped:         37
Number of times abs stopped:     7
Number of times nonAbs stopped:  62
Number of coverage check (part): 69
Number of times doAbstraction node:  40
Number of times breaked:         0

Total time for CPA algorithm:         0.165s (Max:     0.165s)
CPU time for CPA algorithm:           0.760s
  Time for choose from waitlist:      0.000s
  Time for precision adjustment:      0.094s
  Time for transfer relation:         0.053s
  Time for merge operator:            0.011s
  Time for stop operator:             0.001s
  Time for adding to reached set:     0.001s

Predicate-Abstraction Refiner statistics
----------------------------------------
  Predicate creation:                                  0.000s
  Precision update:                                    0.000s
  ARG update:                                          0.000s

Length of refined path (in blocks):                       0 (count: 0, min: 0, max: 0, avg: 0.00)
Number of affected states:                                0 (count: 0, min: 0, max: 0, avg: 0.00)
Length (states) of path with itp 'true':                  0 (count: 0, min: 0, max: 0, avg: 0.00)
Length (states) of path with itp non-trivial itp:         0 (count: 0, min: 0, max: 0, avg: 0.00)
Length (states) of path with itp 'false':                 0 (count: 0, min: 0, max: 0, avg: 0.00)
Different non-trivial interpolants along paths:           0 (count: 0, min: 0, max: 0, avg: 0.00)
Equal non-trivial interpolants along paths:               0 (count: 0, min: 0, max: 0, avg: 0.00)
Different precisions along paths:                         0 (count: 0, min: 0, max: 0, avg: 0.00)
Equal precisions along paths:                             0 (count: 0, min: 0, max: 0, avg: 0.00)
Number of refs with location-based cutoff:                0

CEGAR algorithm statistics
--------------------------
Number of refinements:                0
Refinement times:             0
First time for refinement:             0.165s
Last time for refinement:              0.165s
Average time for analysis:          0.165s
Number of analysis:                1

Code Coverage
-----------------------------
  Visited lines:          5958
  Total lines:            4
  Line coverage:          1489.500

CPAchecker general statistics
-----------------------------
Number of program locations:     2906
Number of CFA edges:             3250
Number of relevant variables:    369
Number of functions:             101
Number of loops:                 2
Size of reached set:             1406
  Number of reached locations:   1380 (47%)
    Avg states per location:     1
    Max states per location:     5 (at node N1836)
  Number of reached functions:   9 (9%)
  Number of partitions:          1406
    Avg size of partitions:      1
    Max size of partitions:      1
  Number of target states:       0

Time for analysis setup:                   8.389s
  Time for cfa diff:                   4.498s
  Time for loading CPAs:                   0.501s
  Time for impacted traverse:              0.016s
  Time for loading parser:        0.026s
  Time for CFA construction:      1.846s
    Time for parsing file(s):     0.517s
    Time for AST to CFA:          0.676s
    Time for CFA sanity check:    0.000s
    Time for post-processing:     0.438s
      Time for var class.:        0.000s
Time for normal Analysis:                         0.165s
CPU time for analysis:                     1.820s
CPU time for impacted:                     1.020s
CPU time for normal analysis:              0.340s
CPU time for init:                         1.480s

Time for Garbage Collector:       0.230s (in 6 runs)
Garbage Collector(s) used:    PS MarkSweep, PS Scavenge
Used heap memory:                182MB (   174 MiB) max;     92MB (    88 MiB) avg;    206MB (   197 MiB) peak
Used non-heap memory:             34MB (    33 MiB) max;     26MB (    25 MiB) avg;     36MB (    34 MiB) peak
Used in PS Old Gen pool:          27MB (    26 MiB) max;     21MB (    20 MiB) avg;     45MB (    43 MiB) peak
Allocated heap memory:           270MB (   258 MiB) max;    240MB (   229 MiB) avg
Allocated non-heap memory:        37MB (    35 MiB) max;     27MB (    26 MiB) avg
Total process virtual memory:  13307MB ( 12691 MiB) max;  13276MB ( 12661 MiB) avg

Verification result: TRUE. No property violation found by chosen configuration.
More details about the verification run can be found in the directory "/home/yqs17/blazer/cpachecker-inc-pred/output-us-precise-cfa/08_1a.target--loopback--tcm_loop.ko.set/026.c4795fb.08_1a.cil_safe.i".
