scripts/cpa.sh -heap 10000M -predicateAnalysis-ABElfb-debug -setprop cpa.impacted.eliminate=true -disable-java-assertions -outputpath /home/yqs17/blazer/cpachecker-inc-pred/output-us-precise-cfa/08_1a.i2c--algos--i2c-algo-pca.ko.set/018.8e99ada.08_1a.cil_safe.i -isIncPred -spec /home/yqs17/blazer/cpachecker-inc-pred/LDVErrorLabel.spc -stats -setprop cpa.impacted.pre_invariants.file=/home/yqs17/blazer/cpachecker-inc-pred/output-us-precise-cfa/08_1a.i2c--algos--i2c-algo-pca.ko.set/017.eff9ec9.08_1a.cil_safe.i/impacted-invariants.txt -setprop analysis.prev.program=/home/yqs17/blazer/cpachecker-inc-pred/programs/drivers--i2c--algos--i2c-algo-pca.ko/017.eff9ec9.08_1a.cil_safe.i -entryfunction ldv_main0_sequence_infinite_withcheck_stateful /home/yqs17/blazer/cpachecker-inc-pred/programs/drivers--i2c--algos--i2c-algo-pca.ko/018.8e99ada.08_1a.cil_safe.i


--------------------------------------------------------------------------------


Running CPAchecker with Java heap of size 10000M.
Running CPAchecker with the following extra VM options:  -Djava.io.tmpdir=/tmp/BenchExec_run_o2xn2l7o/tmp
Number of modified edges: 62
Begin analysis 
Read invariant objects done
ImpactedCPA statistics
----------------------
  Number of invariants partial hits:                            0
  Number of invariants hits:                                    6
  Number of invariants trys:                                    9
  Number of invariants bots:                                    3
  Number of invariants not valid:                               0
  Initial reached size:                                         493
  Input invariants file size:                                   1063
  Max impacted number of variables:                             0
  Number of last version invariants:                            42
  Number of this version invariants:                            0
  CPU time for invariant read:                                      0.150s
  CPU time for invariant write:                                     0.000s
  Time for invariant write:                                         0.000s
  Time for invariant read:                                          0.081s

AutomatonAnalysis (SVCOMP) statistics
-------------------------------------
Number of states:                                  1
Total time for successor computation:                  0.009s
Automaton transfers with branching:                0
Automaton transfer successors:                          423 (count: 423, min: 1, max: 1, avg: 1.00) [1 x 423]

CPA algorithm statistics
------------------------
Number of iterations:            419
Max size of waitlist:            5
Average size of waitlist:        1
Number of computed successors:   423
Max successors for one state:    2
Number of times merged:          0
Number of times stopped:         0
Number of times abs stopped:     38
Number of times nonAbs stopped:  346
Number of coverage check (part): 384
Number of times doAbstraction node:  114
Number of times breaked:         1

Total time for CPA algorithm:         0.066s (Max:     0.066s)
CPU time for CPA algorithm:           1.960s
  Time for choose from waitlist:      0.001s
  Time for precision adjustment:      0.006s
  Time for transfer relation:         0.038s
  Time for stop operator:             0.003s
  Time for adding to reached set:     0.001s

PredicateCPA statistics
-----------------------
Read Precision Time:                0.000s
Precision file size:                0
Write Precision Time:               0.005s
Number of abstractions:            105 (6% of all post computations)
  Times abstraction was reused:    0
  Because of function entry/exit:  86 (82%)
  Because of loop head:            28 (27%)
  Because of join nodes:           0 (0%)
  Because of threshold:            0 (0%)
  Times precision was empty:       0 (0%)
  Times precision was {false}:     0 (0%)
  Times result was cached:         47 (42%)
  Times cartesian abs was used:    0 (0%)
  Times boolean abs was used:      64 (58%)
  Times result was 'false':        0 (0%)
Number of strengthen sat checks:   0
Number of coverage checks:         384
  BDD entailment checks:           38
Number of SMT sat checks:          496
  trivial:                         360
  cached:                          115

Max ABE block size:                       41
Number of predicates discovered:          1
Number of abstraction locations:          0
Max number of predicates per location:    0
Avg number of predicates per location:    0
Total predicates per abstraction:         64
Max number of predicates per abstraction: 1
Avg number of predicates per abstraction: 1.00
Number of irrelevant predicates:          0 (0%)
Number of preds handled by boolean abs:   64 (100%)
  Total number of models for allsat:      64
  Max number of models for allsat:        1
  Avg number of models for allsat:        1.00

Number of path formula cache hits:   126 (7%)

Time for post operator:                  0.491s
  Time for path formula creation:        0.334s
    Actual computation:                  0.318s
Time for strengthen operator:            0.006s
Time for prec operator:                  0.433s
  Time for abstraction:                  0.375s (Max:     0.024s, Count: 105)
    Boolean abstraction:                 0.135s
    Solving time:                        0.092s (Max:     0.009s)
    Model enumeration time:              0.002s
    Time for BDD construction:           0.010s (Max:     0.004s)
Time for merge operator:                 0.066s
Time for coverage check:                 0.001s
  Time for BDD entailment checks:        0.000s
Total time for SMT solver (w/o itp):     0.154s

Number of BDD nodes:                               202
Size of BDD node table:                            466043
Size of BDD cache:                                 46619
Size of BDD node cleanup queue:                           2 (count: 5235, min: 0, max: 2, avg: 0.00)
Time for BDD node cleanup:                             0.001s
Time for BDD garbage collection:                       0.000s (in 0 runs)

PrecisionBootstrap statistics
-----------------------------
Init. function predicates:                         0
Init. global predicates:                           0
Init. location predicates:                         0

ImpactedCPA statistics
----------------------
  Number of invariants partial hits:                            0
  Number of invariants hits:                                    6
  Number of invariants trys:                                    9
  Number of invariants bots:                                    3
  Number of invariants not valid:                               0
  Initial reached size:                                         493
  Input invariants file size:                                   1063
  Max impacted number of variables:                             0
  Number of last version invariants:                            42
  Number of this version invariants:                            48
  CPU time for invariant read:                                      0.150s
  CPU time for invariant write:                                     0.030s
  Time for invariant write:                                         0.017s
  Time for invariant read:                                          0.081s

AutomatonAnalysis (SVCOMP) statistics
-------------------------------------
Number of states:                                  1
Total time for successor computation:                  0.011s
Automaton transfers with branching:                0
Automaton transfer successors:                         1868 (count: 1868, min: 1, max: 1, avg: 1.00) [1 x 1868]

CPA algorithm statistics
------------------------
Number of iterations:            1249
Max size of waitlist:            31
Average size of waitlist:        20
Number of computed successors:   1373
Max successors for one state:    2
Number of times merged:          173
Number of times stopped:         211
Number of times abs stopped:     38
Number of times nonAbs stopped:  346
Number of coverage check (part): 384
Number of times doAbstraction node:  114
Number of times breaked:         0

Total time for CPA algorithm:         0.937s (Max:     0.937s)
CPU time for CPA algorithm:           1.960s
  Time for choose from waitlist:      0.005s
  Time for precision adjustment:      0.404s
  Time for transfer relation:         0.346s
  Time for merge operator:            0.104s
  Time for stop operator:             0.022s
  Time for adding to reached set:     0.006s

Predicate-Abstraction Refiner statistics
----------------------------------------
  Predicate creation:                                  0.000s
  Precision update:                                    0.000s
  ARG update:                                          0.000s

Length of refined path (in blocks):                       0 (count: 0, min: 0, max: 0, avg: 0.00)
Number of affected states:                                0 (count: 0, min: 0, max: 0, avg: 0.00)
Length (states) of path with itp 'true':                  0 (count: 0, min: 0, max: 0, avg: 0.00)
Length (states) of path with itp non-trivial itp:         0 (count: 0, min: 0, max: 0, avg: 0.00)
Length (states) of path with itp 'false':                 0 (count: 0, min: 0, max: 0, avg: 0.00)
Different non-trivial interpolants along paths:           0 (count: 0, min: 0, max: 0, avg: 0.00)
Equal non-trivial interpolants along paths:               0 (count: 0, min: 0, max: 0, avg: 0.00)
Different precisions along paths:                         0 (count: 0, min: 0, max: 0, avg: 0.00)
Equal precisions along paths:                             0 (count: 0, min: 0, max: 0, avg: 0.00)
Number of refs with location-based cutoff:                0

CEGAR algorithm statistics
--------------------------
Number of refinements:                0
Refinement times:             0
First time for refinement:             0.937s
Last time for refinement:              0.937s
Average time for analysis:          0.937s
Number of analysis:                1

Code Coverage
-----------------------------
  Visited lines:          2205
  Total lines:            13
  Line coverage:          169.615

CPAchecker general statistics
-----------------------------
Number of program locations:     1539
Number of CFA edges:             1717
Number of relevant variables:    155
Number of functions:             25
Number of loops:                 5
Size of reached set:             1655
  Number of reached locations:   1183 (77%)
    Avg states per location:     1
    Max states per location:     12 (at node N743)
  Number of reached functions:   14 (56%)
  Number of partitions:          1655
    Avg size of partitions:      1
    Max size of partitions:      1
  Number of target states:       0

Time for analysis setup:                   6.186s
  Time for cfa diff:                   3.887s
  Time for loading CPAs:                   0.399s
  Time for impacted traverse:              0.014s
  Time for loading parser:        0.030s
  Time for CFA construction:      1.177s
    Time for parsing file(s):     0.316s
    Time for AST to CFA:          0.410s
    Time for CFA sanity check:    0.000s
    Time for post-processing:     0.311s
      Time for var class.:        0.000s
Time for normal Analysis:                         0.938s
CPU time for analysis:                     2.560s
CPU time for impacted:                     0.610s
CPU time for normal analysis:              1.860s
CPU time for init:                         0.700s

Time for Garbage Collector:       0.147s (in 5 runs)
Garbage Collector(s) used:    PS MarkSweep, PS Scavenge
Used heap memory:                114MB (   109 MiB) max;     57MB (    55 MiB) avg;    137MB (   130 MiB) peak
Used non-heap memory:             32MB (    31 MiB) max;     24MB (    23 MiB) avg;     34MB (    33 MiB) peak
Used in PS Old Gen pool:          18MB (    17 MiB) max;      6MB (     6 MiB) avg;     23MB (    21 MiB) peak
Allocated heap memory:           247MB (   236 MiB) max;    194MB (   185 MiB) avg
Allocated non-heap memory:        35MB (    33 MiB) max;     26MB (    25 MiB) avg
Total process virtual memory:  13307MB ( 12691 MiB) max;  13284MB ( 12668 MiB) avg

Verification result: TRUE. No property violation found by chosen configuration.
More details about the verification run can be found in the directory "/home/yqs17/blazer/cpachecker-inc-pred/output-us-precise-cfa/08_1a.i2c--algos--i2c-algo-pca.ko.set/018.8e99ada.08_1a.cil_safe.i".
