scripts/cpa.sh -heap 10000M -predicateAnalysis-ABElfb-debug -setprop cpa.impacted.eliminate=true -disable-java-assertions -outputpath /home/yqs17/blazer/cpachecker-inc-pred/output-us-precise-cfa/39_7a.usb--serial--cp210x.ko.set/010.9a68e39.39_7a.cil_safe.i -isIncPred -spec /home/yqs17/blazer/cpachecker-inc-pred/LDVErrorLabel.spc -stats -setprop cpa.impacted.pre_invariants.file=/home/yqs17/blazer/cpachecker-inc-pred/output-us-precise-cfa/39_7a.usb--serial--cp210x.ko.set/009.8bf16ba.39_7a.cil_safe.i/impacted-invariants.txt -setprop analysis.prev.program=/home/yqs17/blazer/cpachecker-inc-pred/programs/drivers--usb--serial--cp210x.ko/009.8bf16ba.39_7a.cil_safe.i -entryfunction ldv_main0_sequence_infinite_withcheck_stateful /home/yqs17/blazer/cpachecker-inc-pred/programs/drivers--usb--serial--cp210x.ko/010.9a68e39.39_7a.cil_safe.i


--------------------------------------------------------------------------------


Running CPAchecker with Java heap of size 10000M.
Running CPAchecker with the following extra VM options:  -Djava.io.tmpdir=/tmp/BenchExec_run_co2iwgwu/tmp
Number of modified edges: 67
Begin analysis 
Read invariant objects done
PredicateCPA statistics
-----------------------
Read Precision Time:                0.000s
Precision file size:                53
Write Precision Time:               0.002s
Number of abstractions:            1592 (14% of all post computations)
  Times abstraction was reused:    0
  Because of function entry/exit:  1469 (92%)
  Because of loop head:            193 (12%)
  Because of join nodes:           0 (0%)
  Because of threshold:            0 (0%)
  Times precision was empty:       0 (0%)
  Times precision was {false}:     0 (0%)
  Times result was cached:         1218 (74%)
  Times cartesian abs was used:    0 (0%)
  Times boolean abs was used:      420 (26%)
  Times result was 'false':        0 (0%)
Number of strengthen sat checks:   0
Number of coverage checks:         2122
  BDD entailment checks:           410
Number of SMT sat checks:          1331
  trivial:                         569
  cached:                          418

Max ABE block size:                       35
Number of predicates discovered:          9
Number of abstraction locations:          0
Max number of predicates per location:    0
Avg number of predicates per location:    0
Total predicates per abstraction:         3665
Max number of predicates per abstraction: 9
Avg number of predicates per abstraction: 8.73
Number of irrelevant predicates:          342 (9%)
Number of preds handled by boolean abs:   3323 (91%)
  Total number of models for allsat:      675
  Max number of models for allsat:        3
  Avg number of models for allsat:        1.61

Number of path formula cache hits:   6471 (52%)

Time for post operator:                  2.658s
  Time for path formula creation:        1.138s
    Actual computation:                  1.004s
Time for strengthen operator:            0.030s
Time for prec operator:                  2.148s
  Time for abstraction:                  1.698s (Max:     0.028s, Count: 1592)
    Boolean abstraction:                 0.728s
    Solving time:                        0.214s (Max:     0.009s)
    Model enumeration time:              0.104s
    Time for BDD construction:           0.040s (Max:     0.012s)
Time for merge operator:                 0.211s
Time for coverage check:                 0.005s
  Time for BDD entailment checks:        0.002s
Total time for SMT solver (w/o itp):     0.903s

Number of BDD nodes:                               403
Size of BDD node table:                            466043
Size of BDD cache:                                 46619
Size of BDD node cleanup queue:                         569 (count: 12167, min: 0, max: 237, avg: 0.05)
Time for BDD node cleanup:                             0.003s
Time for BDD garbage collection:                       0.000s (in 0 runs)

PrecisionBootstrap statistics
-----------------------------
Init. function predicates:                         0
Init. global predicates:                           0
Init. location predicates:                         0

ImpactedCPA statistics
----------------------
  Number of invariants partial hits:                            0
  Number of invariants hits:                                    46
  Number of invariants trys:                                    70
  Number of invariants bots:                                    24
  Number of invariants not valid:                               0
  Initial reached size:                                         1238
  Input invariants file size:                                   3621
  Max impacted number of variables:                             0
  Number of last version invariants:                            87
  Number of this version invariants:                            88
  CPU time for invariant read:                                      0.800s
  CPU time for invariant write:                                     0.070s
  Time for invariant write:                                         0.040s
  Time for invariant read:                                          0.410s

AutomatonAnalysis (SVCOMP) statistics
-------------------------------------
Number of states:                                  1
Total time for successor computation:                  0.057s
Automaton transfers with branching:                0
Automaton transfer successors:                        11096 (count: 11096, min: 1, max: 1, avg: 1.00) [1 x 11096]

CPA algorithm statistics
------------------------
Number of iterations:            8684
Max size of waitlist:            57
Average size of waitlist:        35
Number of computed successors:   9771
Max successors for one state:    2
Number of times merged:          792
Number of times stopped:         1202
Number of times abs stopped:     410
Number of times nonAbs stopped:  1712
Number of coverage check (part): 2122
Number of times doAbstraction node:  1662
Number of times breaked:         0

Total time for CPA algorithm:         4.104s (Max:     4.104s)
CPU time for CPA algorithm:           8.170s
  Time for choose from waitlist:      0.028s
  Time for precision adjustment:      1.877s
  Time for transfer relation:         1.701s
  Time for merge operator:            0.200s
  Time for stop operator:             0.047s
  Time for adding to reached set:     0.056s

Predicate-Abstraction Refiner statistics
----------------------------------------
  Predicate creation:                                  0.000s
  Precision update:                                    0.000s
  ARG update:                                          0.000s

Length of refined path (in blocks):                       0 (count: 0, min: 0, max: 0, avg: 0.00)
Number of affected states:                                0 (count: 0, min: 0, max: 0, avg: 0.00)
Length (states) of path with itp 'true':                  0 (count: 0, min: 0, max: 0, avg: 0.00)
Length (states) of path with itp non-trivial itp:         0 (count: 0, min: 0, max: 0, avg: 0.00)
Length (states) of path with itp 'false':                 0 (count: 0, min: 0, max: 0, avg: 0.00)
Different non-trivial interpolants along paths:           0 (count: 0, min: 0, max: 0, avg: 0.00)
Equal non-trivial interpolants along paths:               0 (count: 0, min: 0, max: 0, avg: 0.00)
Different precisions along paths:                         0 (count: 0, min: 0, max: 0, avg: 0.00)
Equal precisions along paths:                             0 (count: 0, min: 0, max: 0, avg: 0.00)
Number of refs with location-based cutoff:                0

CEGAR algorithm statistics
--------------------------
Number of refinements:                0
Refinement times:             0
First time for refinement:             4.104s
Last time for refinement:              4.104s
Average time for analysis:          4.104s
Number of analysis:                1

Code Coverage
-----------------------------
  Visited lines:          3821
  Total lines:            10
  Line coverage:          382.100

CPAchecker general statistics
-----------------------------
Number of program locations:     2328
Number of CFA edges:             2705
Number of relevant variables:    241
Number of functions:             103
Number of loops:                 6
Size of reached set:             9807
  Number of reached locations:   1636 (70%)
    Avg states per location:     5
    Max states per location:     247 (at node N242)
  Number of reached functions:   28 (27%)
  Number of partitions:          9420
    Avg size of partitions:      1
    Max size of partitions:      8 (with key [N247 (entry of function cp210x_get_config in /work/ldvuser/novikov/work/current--X--drivers/usb/serial/cp210x.ko--X--defaultlinux--X--39_7a--X--cpachecker/linux/csd_deg_dscv/11/dscv_tempdir/dscv/ri/39_7a/drivers/usb/serial/cp210x.c.prepared, lines 286-364), 1541107643, Init])
  Number of target states:       0

Time for analysis setup:                   9.714s
  Time for cfa diff:                   5.345s
  Time for loading CPAs:                   0.382s
  Time for impacted traverse:              0.008s
  Time for loading parser:        0.035s
  Time for CFA construction:      1.484s
    Time for parsing file(s):     0.459s
    Time for AST to CFA:          0.515s
    Time for CFA sanity check:    0.001s
    Time for post-processing:     0.337s
      Time for var class.:        0.000s
Time for normal Analysis:                         4.104s
CPU time for analysis:                    11.920s
CPU time for impacted:                     0.000s
CPU time for normal analysis:              8.170s
CPU time for init:                         3.750s

Time for Garbage Collector:       0.327s (in 10 runs)
Garbage Collector(s) used:    PS MarkSweep, PS Scavenge
Used heap memory:                458MB (   437 MiB) max;    106MB (   101 MiB) avg;    494MB (   471 MiB) peak
Used non-heap memory:             38MB (    36 MiB) max;     30MB (    28 MiB) avg;     39MB (    37 MiB) peak
Used in PS Old Gen pool:          26MB (    24 MiB) max;     17MB (    16 MiB) avg;     35MB (    33 MiB) peak
Allocated heap memory:           561MB (   535 MiB) max;    285MB (   271 MiB) avg
Allocated non-heap memory:        40MB (    38 MiB) max;     31MB (    30 MiB) avg
Total process virtual memory:  13308MB ( 12692 MiB) max;  13292MB ( 12676 MiB) avg

Verification result: TRUE. No property violation found by chosen configuration.
More details about the verification run can be found in the directory "/home/yqs17/blazer/cpachecker-inc-pred/output-us-precise-cfa/39_7a.usb--serial--cp210x.ko.set/010.9a68e39.39_7a.cil_safe.i".
