scripts/cpa.sh -heap 10000M -predicateAnalysis-ABElfb-debug -setprop cpa.impacted.eliminate=true -disable-java-assertions -outputpath /home/yqs17/blazer/cpachecker-inc-pred/output-us-precise-cfa/32_7a.block--drbd--drbd.ko.set/019.820cd61.32_7a.cil_safe.i -isIncPred -spec /home/yqs17/blazer/cpachecker-inc-pred/LDVErrorLabel.spc -stats -setprop cpa.impacted.pre_invariants.file=/home/yqs17/blazer/cpachecker-inc-pred/output-us-precise-cfa/32_7a.block--drbd--drbd.ko.set/018.7b886f4.32_7a.cil_safe.i/impacted-invariants.txt -setprop analysis.prev.program=/home/yqs17/blazer/cpachecker-inc-pred/programs/drivers--block--drbd--drbd.ko/018.7b886f4.32_7a.cil_safe.i -entryfunction ldv_main1_sequence_infinite_withcheck_stateful /home/yqs17/blazer/cpachecker-inc-pred/programs/drivers--block--drbd--drbd.ko/019.820cd61.32_7a.cil_safe.i


--------------------------------------------------------------------------------


Running CPAchecker with Java heap of size 10000M.
Running CPAchecker with the following extra VM options:  -Djava.io.tmpdir=/tmp/BenchExec_run_7c3v6dyu/tmp
Number of modified edges: 134
Begin analysis 
Read invariant objects done
PredicateCPA statistics
-----------------------
Read Precision Time:                0.000s
Precision file size:                569
Write Precision Time:               0.003s
Number of abstractions:            2 (0% of all post computations)
  Times abstraction was reused:    0
  Because of function entry/exit:  12 (600%)
  Because of loop head:            4 (200%)
  Because of join nodes:           0 (0%)
  Because of threshold:            0 (0%)
  Times precision was empty:       0 (0%)
  Times precision was {false}:     0 (0%)
  Times result was cached:         2 (15%)
  Times cartesian abs was used:    0 (0%)
  Times boolean abs was used:      11 (85%)
  Times result was 'false':        0 (0%)
Number of strengthen sat checks:   0
Number of coverage checks:         26
  BDD entailment checks:           2
Number of SMT sat checks:          1996
  trivial:                         995
  cached:                          930

Max ABE block size:                       2
Number of predicates discovered:          4
Number of abstraction locations:          0
Max number of predicates per location:    0
Avg number of predicates per location:    0
Total predicates per abstraction:         33
Max number of predicates per abstraction: 4
Avg number of predicates per abstraction: 3.00
Number of irrelevant predicates:          0 (0%)
Number of preds handled by boolean abs:   33 (100%)
  Total number of models for allsat:      11
  Max number of models for allsat:        1
  Avg number of models for allsat:        1.00

Number of path formula cache hits:   19 (1%)

Time for post operator:                  2.220s
  Time for path formula creation:        0.536s
    Actual computation:                  0.495s
Time for strengthen operator:            0.003s
Time for prec operator:                  0.275s
  Time for abstraction:                  0.004s (Max:     0.002s, Count: 2)
    Boolean abstraction:                 0.208s
    Solving time:                        0.197s (Max:     0.193s)
    Model enumeration time:              0.001s
    Time for BDD construction:           0.000s (Max:     0.000s)
Time for merge operator:                 0.003s
Time for coverage check:                 0.001s
  Time for BDD entailment checks:        0.000s
Total time for SMT solver (w/o itp):     1.314s

Number of BDD nodes:                               211
Size of BDD node table:                            466043
Size of BDD cache:                                 46619
Size of BDD node cleanup queue:                          35 (count: 95477, min: 0, max: 35, avg: 0.00)
Time for BDD node cleanup:                             0.011s
Time for BDD garbage collection:                       0.000s (in 0 runs)

PrecisionBootstrap statistics
-----------------------------
Init. function predicates:                         0
Init. global predicates:                           0
Init. location predicates:                         0

ImpactedCPA statistics
----------------------
  Number of invariants partial hits:                            0
  Number of invariants hits:                                    11
  Number of invariants trys:                                    14
  Number of invariants bots:                                    3
  Number of invariants not valid:                               0
  Initial reached size:                                         1989
  Input invariants file size:                                   3948
  Max impacted number of variables:                             0
  Number of last version invariants:                            701
  Number of this version invariants:                            11
  CPU time for invariant read:                                      0.570s
  CPU time for invariant write:                                     0.130s
  Time for invariant write:                                         0.067s
  Time for invariant read:                                          0.289s

AutomatonAnalysis (SVCOMP) statistics
-------------------------------------
Number of states:                                  1
Total time for successor computation:                  0.037s
Automaton transfers with branching:                0
Automaton transfer successors:                         2005 (count: 2005, min: 1, max: 1, avg: 1.00) [1 x 2005]

CPA algorithm statistics
------------------------
Number of iterations:            12
Max size of waitlist:            3
Average size of waitlist:        2
Number of computed successors:   12
Max successors for one state:    2
Number of times merged:          10
Number of times stopped:         12
Number of times abs stopped:     2
Number of times nonAbs stopped:  24
Number of coverage check (part): 26
Number of times doAbstraction node:  16
Number of times breaked:         0

Total time for CPA algorithm:         0.012s (Max:     0.012s)
CPU time for CPA algorithm:           0.020s
  Time for choose from waitlist:      0.000s
  Time for precision adjustment:      0.005s
  Time for transfer relation:         0.002s
  Time for merge operator:            0.001s
  Time for stop operator:             0.002s
  Time for adding to reached set:     0.000s

Predicate-Abstraction Refiner statistics
----------------------------------------
  Predicate creation:                                  0.000s
  Precision update:                                    0.000s
  ARG update:                                          0.000s

Length of refined path (in blocks):                       0 (count: 0, min: 0, max: 0, avg: 0.00)
Number of affected states:                                0 (count: 0, min: 0, max: 0, avg: 0.00)
Length (states) of path with itp 'true':                  0 (count: 0, min: 0, max: 0, avg: 0.00)
Length (states) of path with itp non-trivial itp:         0 (count: 0, min: 0, max: 0, avg: 0.00)
Length (states) of path with itp 'false':                 0 (count: 0, min: 0, max: 0, avg: 0.00)
Different non-trivial interpolants along paths:           0 (count: 0, min: 0, max: 0, avg: 0.00)
Equal non-trivial interpolants along paths:               0 (count: 0, min: 0, max: 0, avg: 0.00)
Different precisions along paths:                         0 (count: 0, min: 0, max: 0, avg: 0.00)
Equal precisions along paths:                             0 (count: 0, min: 0, max: 0, avg: 0.00)
Number of refs with location-based cutoff:                0

CEGAR algorithm statistics
--------------------------
Number of refinements:                0
Refinement times:             0
First time for refinement:             0.013s
Last time for refinement:              0.013s
Average time for analysis:          0.013s
Number of analysis:                1

Code Coverage
-----------------------------
  Visited lines:          5824
  Total lines:            13
  Line coverage:          448.000

CPAchecker general statistics
-----------------------------
Number of program locations:     31283
Number of CFA edges:             42718
Number of relevant variables:    6953
Number of functions:             749
Number of loops:                 175
Size of reached set:             1989
  Number of reached locations:   1985 (6%)
    Avg states per location:     1
    Max states per location:     2 (at node N2940)
  Number of reached functions:   6 (1%)
  Number of partitions:          1989
    Avg size of partitions:      1
    Max size of partitions:      1
  Number of target states:       0

Time for analysis setup:                  56.381s
  Time for cfa diff:                  45.112s
  Time for loading CPAs:                   0.528s
  Time for impacted traverse:              0.077s
  Time for loading parser:        0.037s
  Time for CFA construction:      6.682s
    Time for parsing file(s):     1.099s
    Time for AST to CFA:          2.170s
    Time for CFA sanity check:    0.001s
    Time for post-processing:     2.904s
      Time for var class.:        0.000s
Time for normal Analysis:                         0.013s
CPU time for analysis:                     5.490s
CPU time for impacted:                     0.000s
CPU time for normal analysis:              0.020s
CPU time for init:                         5.470s

Time for Garbage Collector:       2.190s (in 16 runs)
Garbage Collector(s) used:    PS MarkSweep, PS Scavenge
Used heap memory:                553MB (   528 MiB) max;    234MB (   223 MiB) avg;    555MB (   529 MiB) peak
Used non-heap memory:             45MB (    43 MiB) max;     32MB (    30 MiB) avg;     46MB (    43 MiB) peak
Used in PS Old Gen pool:          86MB (    82 MiB) max;     80MB (    76 MiB) avg;     86MB (    82 MiB) peak
Allocated heap memory:           793MB (   756 MiB) max;    518MB (   494 MiB) avg
Allocated non-heap memory:        46MB (    44 MiB) max;     33MB (    31 MiB) avg
Total process virtual memory:  13309MB ( 12693 MiB) max;  13289MB ( 12673 MiB) avg

Verification result: TRUE. No property violation found by chosen configuration.
More details about the verification run can be found in the directory "/home/yqs17/blazer/cpachecker-inc-pred/output-us-precise-cfa/32_7a.block--drbd--drbd.ko.set/019.820cd61.32_7a.cil_safe.i".
