scripts/cpa.sh -heap 10000M -predicateAnalysis-ABElfb-debug -setprop cpa.impacted.eliminate=true -disable-java-assertions -outputpath /home/yqs17/blazer/cpachecker-inc-pred/output-us-precise-cfa/39_7a.net--wireless--wl12xx--wl12xx_sdio.ko.set/005.2da69b8.39_7a.cil_safe.i -isIncPred -spec /home/yqs17/blazer/cpachecker-inc-pred/LDVErrorLabel.spc -stats -setprop cpa.impacted.pre_invariants.file=/home/yqs17/blazer/cpachecker-inc-pred/output-us-precise-cfa/39_7a.net--wireless--wl12xx--wl12xx_sdio.ko.set/004.a620865.39_7a.cil_safe.i/impacted-invariants.txt -setprop analysis.prev.program=/home/yqs17/blazer/cpachecker-inc-pred/programs/drivers--net--wireless--wl12xx--wl12xx_sdio.ko/004.a620865.39_7a.cil_safe.i -entryfunction ldv_main0_sequence_infinite_withcheck_stateful /home/yqs17/blazer/cpachecker-inc-pred/programs/drivers--net--wireless--wl12xx--wl12xx_sdio.ko/005.2da69b8.39_7a.cil_safe.i


--------------------------------------------------------------------------------


Running CPAchecker with Java heap of size 10000M.
Running CPAchecker with the following extra VM options:  -Djava.io.tmpdir=/tmp/BenchExec_run_pj0lej5e/tmp
Number of modified edges: 1
Begin analysis 
Read invariant objects done
ImpactedCPA statistics
----------------------
  Number of invariants partial hits:                            0
  Number of invariants hits:                                    6
  Number of invariants trys:                                    7
  Number of invariants bots:                                    1
  Number of invariants not valid:                               0
  Initial reached size:                                         1058
  Input invariants file size:                                   1691
  Max impacted number of variables:                             0
  Number of last version invariants:                            40
  Number of this version invariants:                            0
  CPU time for invariant read:                                      0.480s
  CPU time for invariant write:                                     0.000s
  Time for invariant write:                                         0.000s
  Time for invariant read:                                          0.257s

AutomatonAnalysis (SVCOMP) statistics
-------------------------------------
Number of states:                                  1
Total time for successor computation:                  0.012s
Automaton transfers with branching:                0
Automaton transfer successors:                         1044 (count: 1044, min: 1, max: 1, avg: 1.00) [1 x 1044]

CPA algorithm statistics
------------------------
Number of iterations:            1038
Max size of waitlist:            5
Average size of waitlist:        1
Number of computed successors:   1044
Max successors for one state:    2
Number of times merged:          0
Number of times stopped:         2
Number of times abs stopped:     0
Number of times nonAbs stopped:  4
Number of coverage check (part): 4
Number of times doAbstraction node:  7
Number of times breaked:         1

Total time for CPA algorithm:         0.132s (Max:     0.132s)
CPU time for CPA algorithm:           0.260s
  Time for choose from waitlist:      0.005s
  Time for precision adjustment:      0.019s
  Time for transfer relation:         0.068s
  Time for merge operator:            0.000s
  Time for stop operator:             0.009s
  Time for adding to reached set:     0.004s

PredicateCPA statistics
-----------------------
Read Precision Time:                0.000s
Precision file size:                334
Write Precision Time:               0.003s
Number of abstractions:            0 (0% of all post computations)
Number of strengthen sat checks:   0
Number of coverage checks:         4
  BDD entailment checks:           0
Number of SMT sat checks:          1069
  trivial:                         851
  cached:                          164

Max ABE block size:                       0
Number of predicates discovered:          13
Number of abstraction locations:          0
Max number of predicates per location:    0
Avg number of predicates per location:    0
Total predicates per abstraction:         66
Max number of predicates per abstraction: 13
Avg number of predicates per abstraction: 11.00
Number of irrelevant predicates:          0 (0%)
Number of preds handled by boolean abs:   66 (100%)
  Total number of models for allsat:      6
  Max number of models for allsat:        1
  Avg number of models for allsat:        1.00

Number of path formula cache hits:   1 (0%)

Time for post operator:                  0.475s
  Time for path formula creation:        0.200s
    Actual computation:                  0.187s
Time for strengthen operator:            0.006s
Time for prec operator:                  0.117s
Time for merge operator:                 0.003s
Time for coverage check:                 0.000s
Total time for SMT solver (w/o itp):     0.175s

Number of BDD nodes:                               312
Size of BDD node table:                            466043
Size of BDD cache:                                 46619
Size of BDD node cleanup queue:                           0 (count: 7283, min: 0, max: 0, avg: 0.00)
Time for BDD node cleanup:                             0.003s
Time for BDD garbage collection:                       0.000s (in 0 runs)

PrecisionBootstrap statistics
-----------------------------
Init. function predicates:                         0
Init. global predicates:                           0
Init. location predicates:                         0

ImpactedCPA statistics
----------------------
  Number of invariants partial hits:                            0
  Number of invariants hits:                                    6
  Number of invariants trys:                                    7
  Number of invariants bots:                                    1
  Number of invariants not valid:                               0
  Initial reached size:                                         1058
  Input invariants file size:                                   1691
  Max impacted number of variables:                             0
  Number of last version invariants:                            40
  Number of this version invariants:                            6
  CPU time for invariant read:                                      0.480s
  CPU time for invariant write:                                     0.080s
  Time for invariant write:                                         0.041s
  Time for invariant read:                                          0.257s

AutomatonAnalysis (SVCOMP) statistics
-------------------------------------
Number of states:                                  1
Total time for successor computation:                  0.000s
Automaton transfers with branching:                0
Automaton transfer successors:                         1060 (count: 1060, min: 1, max: 1, avg: 1.00) [1 x 1060]

CPA algorithm statistics
------------------------
Number of iterations:            2
Max size of waitlist:            1
Average size of waitlist:        1
Number of computed successors:   1
Max successors for one state:    1
Number of times merged:          1
Number of times stopped:         1
Number of times abs stopped:     0
Number of times nonAbs stopped:  4
Number of coverage check (part): 4
Number of times doAbstraction node:  7
Number of times breaked:         0

Total time for CPA algorithm:         0.001s (Max:     0.001s)
CPU time for CPA algorithm:           0.260s
  Time for choose from waitlist:      0.001s
  Time for precision adjustment:      0.000s
  Time for transfer relation:         0.000s
  Time for merge operator:            0.000s
  Time for stop operator:             0.000s
  Time for adding to reached set:     0.000s

Predicate-Abstraction Refiner statistics
----------------------------------------
  Predicate creation:                                  0.000s
  Precision update:                                    0.000s
  ARG update:                                          0.000s

Length of refined path (in blocks):                       0 (count: 0, min: 0, max: 0, avg: 0.00)
Number of affected states:                                0 (count: 0, min: 0, max: 0, avg: 0.00)
Length (states) of path with itp 'true':                  0 (count: 0, min: 0, max: 0, avg: 0.00)
Length (states) of path with itp non-trivial itp:         0 (count: 0, min: 0, max: 0, avg: 0.00)
Length (states) of path with itp 'false':                 0 (count: 0, min: 0, max: 0, avg: 0.00)
Different non-trivial interpolants along paths:           0 (count: 0, min: 0, max: 0, avg: 0.00)
Equal non-trivial interpolants along paths:               0 (count: 0, min: 0, max: 0, avg: 0.00)
Different precisions along paths:                         0 (count: 0, min: 0, max: 0, avg: 0.00)
Equal precisions along paths:                             0 (count: 0, min: 0, max: 0, avg: 0.00)
Number of refs with location-based cutoff:                0

CEGAR algorithm statistics
--------------------------
Number of refinements:                0
Refinement times:             0
First time for refinement:             0.002s
Last time for refinement:              0.002s
Average time for analysis:          0.002s
Number of analysis:                1

Code Coverage
-----------------------------
  Visited lines:          4670
  Total lines:            4
  Line coverage:          1167.500

CPAchecker general statistics
-----------------------------
Number of program locations:     2316
Number of CFA edges:             2558
Number of relevant variables:    200
Number of functions:             119
Number of loops:                 2
Size of reached set:             1058
  Number of reached locations:   1058 (46%)
    Avg states per location:     1
    Max states per location:     1 (at node N460)
  Number of reached functions:   4 (3%)
  Number of partitions:          1058
    Avg size of partitions:      1
    Max size of partitions:      1
  Number of target states:       0

Time for analysis setup:                   6.107s
  Time for cfa diff:                   2.954s
  Time for loading CPAs:                   0.407s
  Time for impacted traverse:              0.008s
  Time for loading parser:        0.034s
  Time for CFA construction:      1.450s
    Time for parsing file(s):     0.424s
    Time for AST to CFA:          0.608s
    Time for CFA sanity check:    0.000s
    Time for post-processing:     0.260s
      Time for var class.:        0.000s
Time for normal Analysis:                         0.002s
CPU time for analysis:                     1.390s
CPU time for impacted:                     0.710s
CPU time for normal analysis:              0.010s
CPU time for init:                         1.390s

Time for Garbage Collector:       0.193s (in 6 runs)
Garbage Collector(s) used:    PS MarkSweep, PS Scavenge
Used heap memory:                 90MB (    86 MiB) max;     43MB (    41 MiB) avg;    133MB (   126 MiB) peak
Used non-heap memory:             33MB (    32 MiB) max;     25MB (    24 MiB) avg;     36MB (    34 MiB) peak
Used in PS Old Gen pool:          22MB (    21 MiB) max;     13MB (    12 MiB) avg;     35MB (    33 MiB) peak
Allocated heap memory:           270MB (   258 MiB) max;    230MB (   219 MiB) avg
Allocated non-heap memory:        36MB (    35 MiB) max;     26MB (    25 MiB) avg
Total process virtual memory:  13307MB ( 12691 MiB) max;  13274MB ( 12659 MiB) avg

Verification result: TRUE. No property violation found by chosen configuration.
More details about the verification run can be found in the directory "/home/yqs17/blazer/cpachecker-inc-pred/output-us-precise-cfa/39_7a.net--wireless--wl12xx--wl12xx_sdio.ko.set/005.2da69b8.39_7a.cil_safe.i".
