scripts/cpa.sh -heap 10000M -predicateAnalysis-ABElfb-debug -setprop cpa.impacted.eliminate=true -disable-java-assertions -outputpath /home/yqs17/blazer/cpachecker-inc-pred/output-us-precise-cfa/39_7a.target--loopback--tcm_loop.ko.set/030.f872c9f.39_7a.cil_safe.i -isIncPred -spec /home/yqs17/blazer/cpachecker-inc-pred/LDVErrorLabel.spc -stats -setprop cpa.impacted.pre_invariants.file=/home/yqs17/blazer/cpachecker-inc-pred/output-us-precise-cfa/39_7a.target--loopback--tcm_loop.ko.set/029.c8e31f2.39_7a.cil_safe.i/impacted-invariants.txt -setprop analysis.prev.program=/home/yqs17/blazer/cpachecker-inc-pred/programs/drivers--target--loopback--tcm_loop.ko/029.c8e31f2.39_7a.cil_safe.i -entryfunction ldv_main0_sequence_infinite_withcheck_stateful /home/yqs17/blazer/cpachecker-inc-pred/programs/drivers--target--loopback--tcm_loop.ko/030.f872c9f.39_7a.cil_safe.i


--------------------------------------------------------------------------------


Running CPAchecker with Java heap of size 10000M.
Running CPAchecker with the following extra VM options:  -Djava.io.tmpdir=/tmp/BenchExec_run_2_lfimoq/tmp
Number of modified edges: 20
Begin analysis 
Read invariant objects done
ImpactedCPA statistics
----------------------
  Number of invariants partial hits:                            0
  Number of invariants hits:                                    56
  Number of invariants trys:                                    81
  Number of invariants bots:                                    25
  Number of invariants not valid:                               0
  Initial reached size:                                         1839
  Input invariants file size:                                   7943
  Max impacted number of variables:                             1
  Number of last version invariants:                            112
  Number of this version invariants:                            0
  CPU time for invariant read:                                      1.180s
  CPU time for invariant write:                                     0.000s
  Time for invariant write:                                         0.000s
  Time for invariant read:                                          0.607s

AutomatonAnalysis (SVCOMP) statistics
-------------------------------------
Number of states:                                  1
Total time for successor computation:                  0.022s
Automaton transfers with branching:                0
Automaton transfer successors:                         2840 (count: 2840, min: 1, max: 1, avg: 1.00) [1 x 2840]

CPA algorithm statistics
------------------------
Number of iterations:            2824
Max size of waitlist:            7
Average size of waitlist:        1
Number of computed successors:   2840
Max successors for one state:    2
Number of times merged:          0
Number of times stopped:         4
Number of times abs stopped:     84
Number of times nonAbs stopped:  490
Number of coverage check (part): 574
Number of times doAbstraction node:  324
Number of times breaked:         2

Total time for CPA algorithm:         0.223s (Max:     0.149s)
CPU time for CPA algorithm:           2.980s
  Time for choose from waitlist:      0.006s
  Time for precision adjustment:      0.032s
  Time for transfer relation:         0.113s
  Time for merge operator:            0.001s
  Time for stop operator:             0.013s
  Time for adding to reached set:     0.012s

PredicateCPA statistics
-----------------------
Read Precision Time:                0.000s
Precision file size:                319
Write Precision Time:               0.004s
Number of abstractions:            243 (7% of all post computations)
  Times abstraction was reused:    0
  Because of function entry/exit:  303 (125%)
  Because of loop head:            21 (9%)
  Because of join nodes:           0 (0%)
  Because of threshold:            0 (0%)
  Times precision was empty:       0 (0%)
  Times precision was {false}:     0 (0%)
  Times result was cached:         152 (51%)
  Times cartesian abs was used:    0 (0%)
  Times boolean abs was used:      147 (49%)
  Times result was 'false':        0 (0%)
Number of strengthen sat checks:   0
Number of coverage checks:         574
  BDD entailment checks:           84
Number of SMT sat checks:          1888
  trivial:                         1030
  cached:                          622

Max ABE block size:                       18
Number of predicates discovered:          15
Number of abstraction locations:          0
Max number of predicates per location:    0
Avg number of predicates per location:    0
Total predicates per abstraction:         2191
Max number of predicates per abstraction: 15
Avg number of predicates per abstraction: 14.90
Number of irrelevant predicates:          0 (0%)
Number of preds handled by boolean abs:   2191 (100%)
  Total number of models for allsat:      274
  Max number of models for allsat:        2
  Avg number of models for allsat:        1.86

Number of path formula cache hits:   302 (9%)

Time for post operator:                  1.588s
  Time for path formula creation:        0.544s
    Actual computation:                  0.477s
Time for strengthen operator:            0.005s
Time for prec operator:                  1.238s
  Time for abstraction:                  0.678s (Max:     0.032s, Count: 243)
    Boolean abstraction:                 0.515s
    Solving time:                        0.091s (Max:     0.011s)
    Model enumeration time:              0.045s
    Time for BDD construction:           0.014s (Max:     0.001s)
Time for merge operator:                 0.042s
Time for coverage check:                 0.001s
  Time for BDD entailment checks:        0.000s
Total time for SMT solver (w/o itp):     0.731s

Number of BDD nodes:                               460
Size of BDD node table:                            466043
Size of BDD cache:                                 46619
Size of BDD node cleanup queue:                         340 (count: 14182, min: 0, max: 340, avg: 0.02)
Time for BDD node cleanup:                             0.003s
Time for BDD garbage collection:                       0.000s (in 0 runs)

PrecisionBootstrap statistics
-----------------------------
Init. function predicates:                         0
Init. global predicates:                           0
Init. location predicates:                         0

ImpactedCPA statistics
----------------------
  Number of invariants partial hits:                            0
  Number of invariants hits:                                    56
  Number of invariants trys:                                    81
  Number of invariants bots:                                    25
  Number of invariants not valid:                               0
  Initial reached size:                                         1839
  Input invariants file size:                                   7943
  Max impacted number of variables:                             1
  Number of last version invariants:                            112
  Number of this version invariants:                            111
  CPU time for invariant read:                                      1.180s
  CPU time for invariant write:                                     0.170s
  Time for invariant write:                                         0.084s
  Time for invariant read:                                          0.607s

AutomatonAnalysis (SVCOMP) statistics
-------------------------------------
Number of states:                                  1
Total time for successor computation:                  0.007s
Automaton transfers with branching:                0
Automaton transfer successors:                         3437 (count: 3437, min: 1, max: 1, avg: 1.00) [1 x 3437]

CPA algorithm statistics
------------------------
Number of iterations:            1434
Max size of waitlist:            59
Average size of waitlist:        41
Number of computed successors:   1562
Max successors for one state:    2
Number of times merged:          233
Number of times stopped:         317
Number of times abs stopped:     84
Number of times nonAbs stopped:  490
Number of coverage check (part): 574
Number of times doAbstraction node:  324
Number of times breaked:         0

Total time for CPA algorithm:         1.286s (Max:     1.286s)
CPU time for CPA algorithm:           2.980s
  Time for choose from waitlist:      0.004s
  Time for precision adjustment:      0.715s
  Time for transfer relation:         0.433s
  Time for merge operator:            0.070s
  Time for stop operator:             0.016s
  Time for adding to reached set:     0.004s

Predicate-Abstraction Refiner statistics
----------------------------------------
  Predicate creation:                                  0.000s
  Precision update:                                    0.000s
  ARG update:                                          0.000s

Length of refined path (in blocks):                       0 (count: 0, min: 0, max: 0, avg: 0.00)
Number of affected states:                                0 (count: 0, min: 0, max: 0, avg: 0.00)
Length (states) of path with itp 'true':                  0 (count: 0, min: 0, max: 0, avg: 0.00)
Length (states) of path with itp non-trivial itp:         0 (count: 0, min: 0, max: 0, avg: 0.00)
Length (states) of path with itp 'false':                 0 (count: 0, min: 0, max: 0, avg: 0.00)
Different non-trivial interpolants along paths:           0 (count: 0, min: 0, max: 0, avg: 0.00)
Equal non-trivial interpolants along paths:               0 (count: 0, min: 0, max: 0, avg: 0.00)
Different precisions along paths:                         0 (count: 0, min: 0, max: 0, avg: 0.00)
Equal precisions along paths:                             0 (count: 0, min: 0, max: 0, avg: 0.00)
Number of refs with location-based cutoff:                0

CEGAR algorithm statistics
--------------------------
Number of refinements:                0
Refinement times:             0
First time for refinement:             1.286s
Last time for refinement:              1.286s
Average time for analysis:          1.286s
Number of analysis:                1

Code Coverage
-----------------------------
  Visited lines:          6667
  Total lines:            4
  Line coverage:          1666.750

CPAchecker general statistics
-----------------------------
Number of program locations:     4058
Number of CFA edges:             4536
Number of relevant variables:    461
Number of functions:             210
Number of loops:                 2
Size of reached set:             3084
  Number of reached locations:   2198 (54%)
    Avg states per location:     1
    Max states per location:     19 (at node N1883)
  Number of reached functions:   45 (21%)
  Number of partitions:          3044
    Avg size of partitions:      1
    Max size of partitions:      4 (with key [N1529 (entry of function tcm_loop_drop_scsi_hba in /work/ldvuser/novikov/work/current--X--drivers/target/loopback/tcm_loop.ko--X--defaultlinux--X--39_7a--X--cpachecker/linux/csd_deg_dscv/11/dscv_tempdir/dscv/ri/39_7a/drivers/target/loopback/tcm_loop.c.prepared, lines 1411-1452), 1651995218, Init])
  Number of target states:       0

Time for analysis setup:                   9.528s
  Time for cfa diff:                   3.909s
  Time for loading CPAs:                   0.476s
  Time for impacted traverse:              0.014s
  Time for loading parser:        0.037s
  Time for CFA construction:      2.079s
    Time for parsing file(s):     0.527s
    Time for AST to CFA:          0.811s
    Time for CFA sanity check:    0.000s
    Time for post-processing:     0.518s
      Time for var class.:        0.000s
Time for normal Analysis:                         1.286s
CPU time for analysis:                     6.440s
CPU time for impacted:                     0.990s
CPU time for normal analysis:              2.550s
CPU time for init:                         3.890s

Time for Garbage Collector:       0.379s (in 8 runs)
Garbage Collector(s) used:    PS MarkSweep, PS Scavenge
Used heap memory:                339MB (   323 MiB) max;    127MB (   121 MiB) avg;    374MB (   357 MiB) peak
Used non-heap memory:             44MB (    42 MiB) max;     31MB (    29 MiB) avg;     45MB (    43 MiB) peak
Used in PS Old Gen pool:          36MB (    35 MiB) max;     27MB (    26 MiB) avg;     36MB (    35 MiB) peak
Allocated heap memory:           452MB (   431 MiB) max;    310MB (   296 MiB) avg
Allocated non-heap memory:        45MB (    43 MiB) max;     31MB (    30 MiB) avg
Total process virtual memory:  13309MB ( 12693 MiB) max;  13281MB ( 12666 MiB) avg

Verification result: TRUE. No property violation found by chosen configuration.
More details about the verification run can be found in the directory "/home/yqs17/blazer/cpachecker-inc-pred/output-us-precise-cfa/39_7a.target--loopback--tcm_loop.ko.set/030.f872c9f.39_7a.cil_safe.i".
