scripts/cpa.sh -heap 10000M -predicateAnalysis-ABElfb-debug -setprop cpa.impacted.eliminate=true -disable-java-assertions -outputpath /home/yqs17/blazer/cpachecker-inc-pred/output-us-precise-cfa/32_7a.leds--leds-bd2802.ko.set/015.e81d372.32_7a.cil_safe.i -isIncPred -spec /home/yqs17/blazer/cpachecker-inc-pred/LDVErrorLabel.spc -stats -setprop cpa.impacted.pre_invariants.file=/home/yqs17/blazer/cpachecker-inc-pred/output-us-precise-cfa/32_7a.leds--leds-bd2802.ko.set/012.98ea1ea.32_7a.cil_safe.i/impacted-invariants.txt -setprop analysis.prev.program=/home/yqs17/blazer/cpachecker-inc-pred/programs/drivers--leds--leds-bd2802.ko/012.98ea1ea.32_7a.cil_safe.i -entryfunction ldv_main0_sequence_infinite_withcheck_stateful /home/yqs17/blazer/cpachecker-inc-pred/programs/drivers--leds--leds-bd2802.ko/015.e81d372.32_7a.cil_safe.i


--------------------------------------------------------------------------------


Running CPAchecker with Java heap of size 10000M.
Running CPAchecker with the following extra VM options:  -Djava.io.tmpdir=/tmp/BenchExec_run_hk_rj1ot/tmp
Number of modified edges: 37
Begin analysis 
Read invariant objects done
PredicateCPA statistics
-----------------------
Read Precision Time:                0.000s
Precision file size:                5064
Write Precision Time:               0.002s
Number of abstractions:            76 (6% of all post computations)
  Times abstraction was reused:    0
  Because of function entry/exit:  92 (121%)
  Because of loop head:            30 (39%)
  Because of join nodes:           0 (0%)
  Because of threshold:            0 (0%)
  Times precision was empty:       0 (0%)
  Times precision was {false}:     0 (0%)
  Times result was cached:         24 (23%)
  Times cartesian abs was used:    0 (0%)
  Times boolean abs was used:      82 (77%)
  Times result was 'false':        0 (0%)
Number of strengthen sat checks:   0
Number of coverage checks:         289
  BDD entailment checks:           33
Number of SMT sat checks:          846
  trivial:                         477
  cached:                          241

Max ABE block size:                       15
Number of predicates discovered:          4
Number of abstraction locations:          0
Max number of predicates per location:    0
Avg number of predicates per location:    0
Total predicates per abstraction:         297
Max number of predicates per abstraction: 4
Avg number of predicates per abstraction: 3.62
Number of irrelevant predicates:          44 (15%)
Number of preds handled by boolean abs:   253 (85%)
  Total number of models for allsat:      88
  Max number of models for allsat:        2
  Avg number of models for allsat:        1.07

Number of path formula cache hits:   188 (15%)

Time for post operator:                  1.381s
  Time for path formula creation:        0.391s
    Actual computation:                  0.380s
Time for strengthen operator:            0.003s
Time for prec operator:                  0.285s
  Time for abstraction:                  0.129s (Max:     0.011s, Count: 76)
    Boolean abstraction:                 0.108s
    Solving time:                        0.043s (Max:     0.017s)
    Model enumeration time:              0.002s
    Time for BDD construction:           0.006s (Max:     0.001s)
Time for merge operator:                 0.031s
Time for coverage check:                 0.007s
  Time for BDD entailment checks:        0.005s
Total time for SMT solver (w/o itp):     0.708s

Number of BDD nodes:                               218
Size of BDD node table:                            466043
Size of BDD cache:                                 46619
Size of BDD node cleanup queue:                         153 (count: 7472, min: 0, max: 153, avg: 0.02)
Time for BDD node cleanup:                             0.002s
Time for BDD garbage collection:                       0.000s (in 0 runs)

PrecisionBootstrap statistics
-----------------------------
Init. function predicates:                         0
Init. global predicates:                           0
Init. location predicates:                         0

ImpactedCPA statistics
----------------------
  Number of invariants partial hits:                            0
  Number of invariants hits:                                    30
  Number of invariants trys:                                    46
  Number of invariants bots:                                    16
  Number of invariants not valid:                               0
  Initial reached size:                                         822
  Input invariants file size:                                   1761
  Max impacted number of variables:                             0
  Number of last version invariants:                            58
  Number of this version invariants:                            53
  CPU time for invariant read:                                      0.380s
  CPU time for invariant write:                                     0.050s
  Time for invariant write:                                         0.029s
  Time for invariant read:                                          0.199s

AutomatonAnalysis (SVCOMP) statistics
-------------------------------------
Number of states:                                  1
Total time for successor computation:                  0.020s
Automaton transfers with branching:                0
Automaton transfer successors:                         1238 (count: 1238, min: 1, max: 1, avg: 1.00) [1 x 1238]

CPA algorithm statistics
------------------------
Number of iterations:            357
Max size of waitlist:            16
Average size of waitlist:        12
Number of computed successors:   394
Max successors for one state:    2
Number of times merged:          121
Number of times stopped:         154
Number of times abs stopped:     33
Number of times nonAbs stopped:  256
Number of coverage check (part): 289
Number of times doAbstraction node:  122
Number of times breaked:         0

Total time for CPA algorithm:         0.360s (Max:     0.360s)
CPU time for CPA algorithm:           0.720s
  Time for choose from waitlist:      0.002s
  Time for precision adjustment:      0.141s
  Time for transfer relation:         0.146s
  Time for merge operator:            0.039s
  Time for stop operator:             0.015s
  Time for adding to reached set:     0.002s

Predicate-Abstraction Refiner statistics
----------------------------------------
  Predicate creation:                                  0.000s
  Precision update:                                    0.000s
  ARG update:                                          0.000s

Length of refined path (in blocks):                       0 (count: 0, min: 0, max: 0, avg: 0.00)
Number of affected states:                                0 (count: 0, min: 0, max: 0, avg: 0.00)
Length (states) of path with itp 'true':                  0 (count: 0, min: 0, max: 0, avg: 0.00)
Length (states) of path with itp non-trivial itp:         0 (count: 0, min: 0, max: 0, avg: 0.00)
Length (states) of path with itp 'false':                 0 (count: 0, min: 0, max: 0, avg: 0.00)
Different non-trivial interpolants along paths:           0 (count: 0, min: 0, max: 0, avg: 0.00)
Equal non-trivial interpolants along paths:               0 (count: 0, min: 0, max: 0, avg: 0.00)
Different precisions along paths:                         0 (count: 0, min: 0, max: 0, avg: 0.00)
Equal precisions along paths:                             0 (count: 0, min: 0, max: 0, avg: 0.00)
Number of refs with location-based cutoff:                0

CEGAR algorithm statistics
--------------------------
Number of refinements:                0
Refinement times:             0
First time for refinement:             0.361s
Last time for refinement:              0.361s
Average time for analysis:          0.361s
Number of analysis:                1

Code Coverage
-----------------------------
  Visited lines:          2186
  Total lines:            12
  Line coverage:          182.167

CPAchecker general statistics
-----------------------------
Number of program locations:     2179
Number of CFA edges:             2563
Number of relevant variables:    445
Number of functions:             99
Number of loops:                 9
Size of reached set:             1062
  Number of reached locations:   912 (42%)
    Avg states per location:     1
    Max states per location:     6 (at node N56)
  Number of reached functions:   20 (20%)
  Number of partitions:          1062
    Avg size of partitions:      1
    Max size of partitions:      1
  Number of target states:       0

Time for analysis setup:                   7.317s
  Time for cfa diff:                   3.319s
  Time for loading CPAs:                   0.358s
  Time for impacted traverse:              0.007s
  Time for loading parser:        0.038s
  Time for CFA construction:      1.601s
    Time for parsing file(s):     0.454s
    Time for AST to CFA:          0.575s
    Time for CFA sanity check:    0.000s
    Time for post-processing:     0.388s
      Time for var class.:        0.000s
Time for normal Analysis:                         0.361s
CPU time for analysis:                     3.950s
CPU time for impacted:                     0.000s
CPU time for normal analysis:              0.720s
CPU time for init:                         3.230s

Time for Garbage Collector:       0.236s (in 7 runs)
Garbage Collector(s) used:    PS MarkSweep, PS Scavenge
Used heap memory:                176MB (   168 MiB) max;     55MB (    52 MiB) avg;    196MB (   187 MiB) peak
Used non-heap memory:             35MB (    34 MiB) max;     27MB (    26 MiB) avg;     37MB (    35 MiB) peak
Used in PS Old Gen pool:          30MB (    29 MiB) max;     13MB (    12 MiB) avg;     31MB (    29 MiB) peak
Allocated heap memory:           270MB (   258 MiB) max;    200MB (   191 MiB) avg
Allocated non-heap memory:        37MB (    36 MiB) max;     28MB (    27 MiB) avg
Total process virtual memory:  13307MB ( 12691 MiB) max;  13280MB ( 12664 MiB) avg

Verification result: TRUE. No property violation found by chosen configuration.
More details about the verification run can be found in the directory "/home/yqs17/blazer/cpachecker-inc-pred/output-us-precise-cfa/32_7a.leds--leds-bd2802.ko.set/015.e81d372.32_7a.cil_safe.i".
