scripts/cpa.sh -heap 10000M -predicateAnalysis-ABElfb-debug -setprop cpa.impacted.eliminate=true -disable-java-assertions -outputpath /home/yqs17/blazer/cpachecker-inc-pred/output-us-precise-cfa/32_7a.usb--serial--cp210x.ko.set/019.aea006b.32_7a.cil_safe.i -isIncPred -spec /home/yqs17/blazer/cpachecker-inc-pred/LDVErrorLabel.spc -stats -setprop cpa.impacted.pre_invariants.file=/home/yqs17/blazer/cpachecker-inc-pred/output-us-precise-cfa/32_7a.usb--serial--cp210x.ko.set/018.d4e598f.32_7a.cil_safe.i/impacted-invariants.txt -setprop analysis.prev.program=/home/yqs17/blazer/cpachecker-inc-pred/programs/drivers--usb--serial--cp210x.ko/018.d4e598f.32_7a.cil_safe.i -entryfunction ldv_main0_sequence_infinite_withcheck_stateful /home/yqs17/blazer/cpachecker-inc-pred/programs/drivers--usb--serial--cp210x.ko/019.aea006b.32_7a.cil_safe.i


--------------------------------------------------------------------------------


Running CPAchecker with Java heap of size 10000M.
Running CPAchecker with the following extra VM options:  -Djava.io.tmpdir=/tmp/BenchExec_run_ov1cxih9/tmp
Number of modified edges: 1
Begin analysis 
Read invariant objects done
PredicateCPA statistics
-----------------------
Read Precision Time:                0.000s
Precision file size:                53
Write Precision Time:               0.003s
Number of abstractions:            6687 (14% of all post computations)
  Times abstraction was reused:    0
  Because of function entry/exit:  5863 (88%)
  Because of loop head:            901 (13%)
  Because of join nodes:           0 (0%)
  Because of threshold:            0 (0%)
  Times precision was empty:       0 (0%)
  Times precision was {false}:     0 (0%)
  Times result was cached:         4906 (73%)
  Times cartesian abs was used:    0 (0%)
  Times boolean abs was used:      1834 (27%)
  Times result was 'false':        15 (0%)
Number of strengthen sat checks:   1
  Times result was 'false':        0 (0%)
Number of coverage checks:         10113
  BDD entailment checks:           1603
Number of SMT sat checks:          1255
  trivial:                         539
  cached:                          390

Max ABE block size:                       35
Number of predicates discovered:          6
Number of abstraction locations:          0
Max number of predicates per location:    0
Avg number of predicates per location:    0
Total predicates per abstraction:         7855
Max number of predicates per abstraction: 5
Avg number of predicates per abstraction: 4.28
Number of irrelevant predicates:          428 (5%)
Number of preds handled by boolean abs:   7427 (95%)
  Total number of models for allsat:      2365
  Max number of models for allsat:        3
  Avg number of models for allsat:        1.29

Number of path formula cache hits:   32423 (60%)

Time for post operator:                  5.430s
  Time for path formula creation:        3.015s
    Actual computation:                  2.600s
Time for strengthen operator:            0.093s
  Time for satisfiability checks:        0.001s
Time for prec operator:                  5.407s
  Time for abstraction:                  4.576s (Max:     0.067s, Count: 6687)
    Boolean abstraction:                 1.475s
    Solving time:                        0.640s (Max:     0.012s)
    Model enumeration time:              0.140s
    Time for BDD construction:           0.061s (Max:     0.001s)
Time for merge operator:                 0.751s
Time for coverage check:                 0.014s
  Time for BDD entailment checks:        0.010s
Total time for SMT solver (w/o itp):     1.394s

Number of BDD nodes:                               280
Size of BDD node table:                            466043
Size of BDD cache:                                 46619
Size of BDD node cleanup queue:                        1672 (count: 22594, min: 0, max: 429, avg: 0.07)
Time for BDD node cleanup:                             0.015s
Time for BDD garbage collection:                       0.000s (in 0 runs)

PrecisionBootstrap statistics
-----------------------------
Init. function predicates:                         0
Init. global predicates:                           0
Init. location predicates:                         0

ImpactedCPA statistics
----------------------
  Number of invariants partial hits:                            0
  Number of invariants hits:                                    53
  Number of invariants trys:                                    77
  Number of invariants bots:                                    26
  Number of invariants not valid:                               2
  Initial reached size:                                         1165
  Input invariants file size:                                   2614
  Max impacted number of variables:                             0
  Number of last version invariants:                            102
  Number of this version invariants:                            103
  CPU time for invariant read:                                      0.410s
  CPU time for invariant write:                                     0.080s
  Time for invariant write:                                         0.045s
  Time for invariant read:                                          0.210s

AutomatonAnalysis (SVCOMP) statistics
-------------------------------------
Number of states:                                  1
Total time for successor computation:                  0.097s
Automaton transfers with branching:                0
Automaton transfer successors:                        47964 (count: 47964, min: 1, max: 1, avg: 1.00) [1 x 47964]

CPA algorithm statistics
------------------------
Number of iterations:            41169
Max size of waitlist:            60
Average size of waitlist:        30
Number of computed successors:   46713
Max successors for one state:    2
Number of times merged:          4194
Number of times stopped:         5650
Number of times abs stopped:     1456
Number of times nonAbs stopped:  8510
Number of coverage check (part): 10113
Number of times doAbstraction node:  6764
Number of times breaked:         1

Total time for CPA algorithm:        12.270s (Max:     7.904s)
CPU time for CPA algorithm:          24.450s
  Time for choose from waitlist:      0.060s
  Time for precision adjustment:      5.281s
  Time for transfer relation:         5.072s
  Time for merge operator:            0.881s
  Time for stop operator:             0.183s
  Time for adding to reached set:     0.185s

Predicate-Abstraction Refiner statistics
----------------------------------------
Avg. length of target path (in blocks):                  22 (count: 1, min: 22, max: 22, avg: 22.00)
Number of infeasible sliced prefixes:                     0 (count: 0, min: 0, max: 0, avg: 0.00)

Time for refinement:                                   0.156s
  Counterexample analysis:                0.092s (Max:     0.092s, Calls: 1)
    Refinement sat check:                 0.017s
    Interpolant computation:              0.000s
  Error path post-processing:                          0.000s
  Path-formulas extraction:                            0.000s
  Building the counterexample trace:                   0.092s
  Extracting precise counterexample:                   0.000s
  Extracting infeasible sliced prefixes:               0.000s
  Selecting infeasible sliced prefixes:                0.000s
  Predicate creation:                                  0.000s
  Precision update:                                    0.001s
  ARG update:                                          0.057s

Length of refined path (in blocks):                      18 (count: 1, min: 18, max: 18, avg: 18.00)
Number of affected states:                               17 (count: 1, min: 17, max: 17, avg: 17.00)
Length (states) of path with itp 'true':                  0 (count: 1, min: 0, max: 0, avg: 0.00)
Length (states) of path with itp non-trivial itp:        17 (count: 1, min: 17, max: 17, avg: 17.00)
Length (states) of path with itp 'false':                 1 (count: 1, min: 1, max: 1, avg: 1.00)
Different non-trivial interpolants along paths:           0 (count: 1, min: 0, max: 0, avg: 0.00)
Equal non-trivial interpolants along paths:              16 (count: 1, min: 16, max: 16, avg: 16.00)
Different precisions along paths:                         0 (count: 0, min: 0, max: 0, avg: 0.00)
Equal precisions along paths:                             0 (count: 0, min: 0, max: 0, avg: 0.00)
Number of refs with location-based cutoff:                0

CEGAR algorithm statistics
--------------------------
Number of refinements:                1
Number of successful refinements:     1
Number of failed refinements:         0
Max. size of reached set before ref.: 12022
Max. size of reached set after ref.:  647
Avg. size of reached set before ref.: 12022.00
Avg. size of reached set after ref.:  647.00

Total time for CEGAR algorithm:      12.432s
CPU time for CEGAR algorithm:        24.770s
Time for refinements:                 0.162s
CPU time for refinements:             0.320s
Average time for refinement:          0.162s
Max time for refinement:              0.162s
First time for refinement:             6.135s
Last time for refinement:              7.904s
Average time for analysis:          6.135s
Number of analysis:                2

Code Coverage
-----------------------------
  Visited lines:          3779
  Total lines:            10
  Line coverage:          377.900

CPAchecker general statistics
-----------------------------
Number of program locations:     1818
Number of CFA edges:             2139
Number of relevant variables:    196
Number of functions:             49
Number of loops:                 6
Size of reached set:             30838
  Number of reached locations:   1598 (88%)
    Avg states per location:     19
    Max states per location:     540 (at node N305)
  Number of reached functions:   34 (69%)
  Number of partitions:          29695
    Avg size of partitions:      1
    Max size of partitions:      8 (with key [N260 (entry of function cp210x_get_config in /work/ldvuser/novikov/work/current--X--drivers/usb/serial/cp210x.ko--X--defaultlinux--X--32_7a--X--cpachecker/linux/csd_deg_dscv/11/dscv_tempdir/dscv/ri/32_7a/drivers/usb/serial/cp210x.c.prepared, lines 249-327), -246961902, Init])
  Number of target states:       0

Time for analysis setup:                   8.116s
  Time for cfa diff:                   3.864s
  Time for loading CPAs:                   0.361s
  Time for impacted traverse:              0.011s
  Time for loading parser:        0.026s
  Time for CFA construction:      1.458s
    Time for parsing file(s):     0.460s
    Time for AST to CFA:          0.500s
    Time for CFA sanity check:    0.001s
    Time for post-processing:     0.316s
      Time for var class.:        0.000s
Time for normal Analysis:                        12.432s
CPU time for analysis:                    28.710s
CPU time for impacted:                     0.000s
CPU time for normal analysis:             24.780s
CPU time for init:                         3.940s

Time for Garbage Collector:       0.555s (in 13 runs)
Garbage Collector(s) used:    PS MarkSweep, PS Scavenge
Used heap memory:                856MB (   816 MiB) max;    210MB (   200 MiB) avg;    928MB (   885 MiB) peak
Used non-heap memory:             44MB (    42 MiB) max;     35MB (    33 MiB) avg;     45MB (    43 MiB) peak
Used in PS Old Gen pool:          49MB (    46 MiB) max;     25MB (    23 MiB) avg;     49MB (    46 MiB) peak
Allocated heap memory:           984MB (   938 MiB) max;    476MB (   454 MiB) avg
Allocated non-heap memory:        45MB (    43 MiB) max;     36MB (    34 MiB) avg
Total process virtual memory:  13309MB ( 12693 MiB) max;  13297MB ( 12681 MiB) avg

Verification result: TRUE. No property violation found by chosen configuration.
More details about the verification run can be found in the directory "/home/yqs17/blazer/cpachecker-inc-pred/output-us-precise-cfa/32_7a.usb--serial--cp210x.ko.set/019.aea006b.32_7a.cil_safe.i".
