scripts/cpa.sh -heap 10000M -predicateAnalysis-ABElfb-debug -setprop cpa.impacted.eliminate=true -disable-java-assertions -outputpath /home/yqs17/blazer/cpachecker-inc-pred/output-us-precise-cfa/32_1.usb--serial--cp210x.ko.set/006.4cc27bd.32_1.cil_safe.i -isIncPred -spec /home/yqs17/blazer/cpachecker-inc-pred/LDVErrorLabel.spc -stats -setprop cpa.impacted.pre_invariants.file=/home/yqs17/blazer/cpachecker-inc-pred/output-us-precise-cfa/32_1.usb--serial--cp210x.ko.set/005.93ef1f1.32_1.cil_safe.i/impacted-invariants.txt -setprop analysis.prev.program=/home/yqs17/blazer/cpachecker-inc-pred/programs/drivers--usb--serial--cp210x.ko/005.93ef1f1.32_1.cil_safe.i -entryfunction ldv_main0_sequence_infinite_withcheck_stateful /home/yqs17/blazer/cpachecker-inc-pred/programs/drivers--usb--serial--cp210x.ko/006.4cc27bd.32_1.cil_safe.i


--------------------------------------------------------------------------------


Running CPAchecker with Java heap of size 10000M.
Running CPAchecker with the following extra VM options:  -Djava.io.tmpdir=/tmp/BenchExec_run_0zwebbms/tmp
Number of modified edges: 910
Begin analysis 
Read invariant objects done
ImpactedCPA statistics
----------------------
  Number of invariants partial hits:                            0
  Number of invariants hits:                                    42
  Number of invariants trys:                                    64
  Number of invariants bots:                                    23
  Number of invariants not valid:                               1
  Initial reached size:                                         1118
  Input invariants file size:                                   1473
  Max impacted number of variables:                             2
  Number of last version invariants:                            84
  Number of this version invariants:                            0
  CPU time for invariant read:                                      0.530s
  CPU time for invariant write:                                     0.000s
  Time for invariant write:                                         0.000s
  Time for invariant read:                                          0.275s

AutomatonAnalysis (SVCOMP) statistics
-------------------------------------
Number of states:                                  1
Total time for successor computation:                  0.016s
Automaton transfers with branching:                0
Automaton transfer successors:                         1956 (count: 1956, min: 1, max: 1, avg: 1.00) [1 x 1956]

CPA algorithm statistics
------------------------
Number of iterations:            1938
Max size of waitlist:            6
Average size of waitlist:        1
Number of computed successors:   1956
Max successors for one state:    2
Number of times merged:          0
Number of times stopped:         6
Number of times abs stopped:     1356
Number of times nonAbs stopped:  5310
Number of coverage check (part): 6701
Number of times doAbstraction node:  5540
Number of times breaked:         3

Total time for CPA algorithm:         0.188s (Max:     0.090s)
CPU time for CPA algorithm:          18.140s
  Time for choose from waitlist:      0.004s
  Time for precision adjustment:      0.031s
  Time for transfer relation:         0.086s
  Time for merge operator:            0.000s
  Time for stop operator:             0.012s
  Time for adding to reached set:     0.011s

PredicateCPA statistics
-----------------------
Read Precision Time:                0.000s
Precision file size:                0
Write Precision Time:               0.005s
Number of abstractions:            5476 (15% of all post computations)
  Times abstraction was reused:    0
  Because of function entry/exit:  4919 (90%)
  Because of loop head:            621 (11%)
  Because of join nodes:           0 (0%)
  Because of threshold:            0 (0%)
  Times precision was empty:       0 (0%)
  Times precision was {false}:     0 (0%)
  Times result was cached:         4316 (78%)
  Times cartesian abs was used:    0 (0%)
  Times boolean abs was used:      1202 (22%)
  Times result was 'false':        10 (0%)
Number of strengthen sat checks:   1
  Times result was 'false':        0 (0%)
Number of coverage checks:         6701
  BDD entailment checks:           1391
Number of SMT sat checks:          1203
  trivial:                         513
  cached:                          403

Max ABE block size:                       35
Number of predicates discovered:          5
Number of abstraction locations:          0
Max number of predicates per location:    0
Avg number of predicates per location:    0
Total predicates per abstraction:         3644
Max number of predicates per abstraction: 5
Avg number of predicates per abstraction: 3.03
Number of irrelevant predicates:          39 (1%)
Number of preds handled by boolean abs:   3605 (99%)
  Total number of models for allsat:      1443
  Max number of models for allsat:        2
  Avg number of models for allsat:        1.20

Number of path formula cache hits:   20553 (50%)

Time for post operator:                  4.171s
  Time for path formula creation:        2.546s
    Actual computation:                  2.282s
Time for strengthen operator:            0.083s
  Time for satisfiability checks:        0.001s
Time for prec operator:                  3.546s
  Time for abstraction:                  2.885s (Max:     0.064s, Count: 5476)
    Boolean abstraction:                 0.929s
    Solving time:                        0.504s (Max:     0.063s)
    Model enumeration time:              0.076s
    Time for BDD construction:           0.043s (Max:     0.012s)
Time for merge operator:                 0.656s
Time for coverage check:                 0.010s
  Time for BDD entailment checks:        0.004s
Total time for SMT solver (w/o itp):     1.146s

Number of BDD nodes:                               225
Size of BDD node table:                            466043
Size of BDD cache:                                 46619
Size of BDD node cleanup queue:                        1182 (count: 18324, min: 0, max: 367, avg: 0.06)
Time for BDD node cleanup:                             0.003s
Time for BDD garbage collection:                       0.000s (in 0 runs)

PrecisionBootstrap statistics
-----------------------------
Init. function predicates:                         0
Init. global predicates:                           0
Init. location predicates:                         0

ImpactedCPA statistics
----------------------
  Number of invariants partial hits:                            0
  Number of invariants hits:                                    42
  Number of invariants trys:                                    64
  Number of invariants bots:                                    23
  Number of invariants not valid:                               1
  Initial reached size:                                         1118
  Input invariants file size:                                   1473
  Max impacted number of variables:                             2
  Number of last version invariants:                            84
  Number of this version invariants:                            92
  CPU time for invariant read:                                      0.530s
  CPU time for invariant write:                                     0.060s
  Time for invariant write:                                         0.029s
  Time for invariant read:                                          0.275s

AutomatonAnalysis (SVCOMP) statistics
-------------------------------------
Number of states:                                  1
Total time for successor computation:                  0.116s
Automaton transfers with branching:                0
Automaton transfer successors:                        37514 (count: 37514, min: 1, max: 1, avg: 1.00) [1 x 37514]

CPA algorithm statistics
------------------------
Number of iterations:            32468
Max size of waitlist:            56
Average size of waitlist:        30
Number of computed successors:   36315
Max successors for one state:    2
Number of times merged:          2596
Number of times stopped:         3952
Number of times abs stopped:     1356
Number of times nonAbs stopped:  5310
Number of coverage check (part): 6701
Number of times doAbstraction node:  5540
Number of times breaked:         1

Total time for CPA algorithm:         8.911s (Max:     4.824s)
CPU time for CPA algorithm:          18.140s
  Time for choose from waitlist:      0.045s
  Time for precision adjustment:      3.418s
  Time for transfer relation:         3.901s
  Time for merge operator:            0.762s
  Time for stop operator:             0.121s
  Time for adding to reached set:     0.162s

Predicate-Abstraction Refiner statistics
----------------------------------------
Avg. length of target path (in blocks):                  21 (count: 1, min: 21, max: 21, avg: 21.00)
Number of infeasible sliced prefixes:                     0 (count: 0, min: 0, max: 0, avg: 0.00)

Time for refinement:                                   0.161s
  Counterexample analysis:                0.100s (Max:     0.100s, Calls: 1)
    Refinement sat check:                 0.015s
    Interpolant computation:              0.000s
  Error path post-processing:                          0.000s
  Path-formulas extraction:                            0.001s
  Building the counterexample trace:                   0.100s
  Extracting precise counterexample:                   0.000s
  Extracting infeasible sliced prefixes:               0.000s
  Selecting infeasible sliced prefixes:                0.000s
  Predicate creation:                                  0.001s
  Precision update:                                    0.001s
  ARG update:                                          0.053s

Length of refined path (in blocks):                       3 (count: 1, min: 3, max: 3, avg: 3.00)
Number of affected states:                                1 (count: 1, min: 1, max: 1, avg: 1.00)
Length (states) of path with itp 'true':                  1 (count: 1, min: 1, max: 1, avg: 1.00)
Length (states) of path with itp non-trivial itp:         1 (count: 1, min: 1, max: 1, avg: 1.00)
Length (states) of path with itp 'false':                 1 (count: 1, min: 1, max: 1, avg: 1.00)
Different non-trivial interpolants along paths:           0 (count: 1, min: 0, max: 0, avg: 0.00)
Equal non-trivial interpolants along paths:               0 (count: 1, min: 0, max: 0, avg: 0.00)
Different precisions along paths:                         0 (count: 0, min: 0, max: 0, avg: 0.00)
Equal precisions along paths:                             0 (count: 0, min: 0, max: 0, avg: 0.00)
Number of refs with location-based cutoff:                0

CEGAR algorithm statistics
--------------------------
Number of refinements:                1
Number of successful refinements:     1
Number of failed refinements:         0
Max. size of reached set before ref.: 12862
Max. size of reached set after ref.:  645
Avg. size of reached set before ref.: 12862.00
Avg. size of reached set after ref.:  645.00

Total time for CEGAR algorithm:       9.079s
CPU time for CEGAR algorithm:        18.090s
Time for refinements:                 0.167s
CPU time for refinements:             0.320s
Average time for refinement:          0.167s
Max time for refinement:              0.167s
First time for refinement:             4.456s
Last time for refinement:              4.825s
Average time for analysis:          4.456s
Number of analysis:                2

Code Coverage
-----------------------------
  Visited lines:          3754
  Total lines:            6
  Line coverage:          625.667

CPAchecker general statistics
-----------------------------
Number of program locations:     2153
Number of CFA edges:             2456
Number of relevant variables:    233
Number of functions:             43
Number of loops:                 6
Size of reached set:             21254
  Number of reached locations:   1682 (78%)
    Avg states per location:     12
    Max states per location:     524 (at node N647)
  Number of reached functions:   29 (67%)
  Number of partitions:          20393
    Avg size of partitions:      1
    Max size of partitions:      8 (with key [N652 (entry of function cp210x_get_config in /work/ldvuser/novikov/work/current--X--drivers/usb/serial/cp210x.ko--X--defaultlinux--X--32_1--X--cpachecker/linux/csd_deg_dscv/11/dscv_tempdir/dscv/ri/32_1/drivers/usb/serial/cp210x.c, lines 222-304), 1589728430, Init])
  Number of target states:       0

Time for analysis setup:                  16.089s
  Time for cfa diff:                  11.894s
  Time for loading CPAs:                   0.426s
  Time for impacted traverse:              0.019s
  Time for loading parser:        0.029s
  Time for CFA construction:      1.562s
    Time for parsing file(s):     0.439s
    Time for AST to CFA:          0.616s
    Time for CFA sanity check:    0.000s
    Time for post-processing:     0.326s
      Time for var class.:        0.000s
Time for normal Analysis:                         9.079s
CPU time for analysis:                    21.120s
CPU time for impacted:                     0.810s
CPU time for normal analysis:             18.100s
CPU time for init:                         3.030s

Time for Garbage Collector:       0.391s (in 11 runs)
Garbage Collector(s) used:    PS MarkSweep, PS Scavenge
Used heap memory:                588MB (   560 MiB) max;    129MB (   123 MiB) avg;    599MB (   571 MiB) peak
Used non-heap memory:             41MB (    39 MiB) max;     31MB (    29 MiB) avg;     42MB (    40 MiB) peak
Used in PS Old Gen pool:          33MB (    31 MiB) max;     17MB (    16 MiB) avg;     33MB (    31 MiB) peak
Allocated heap memory:           918MB (   875 MiB) max;    330MB (   315 MiB) avg
Allocated non-heap memory:        42MB (    40 MiB) max;     32MB (    30 MiB) avg
Total process virtual memory:  13309MB ( 12692 MiB) max;  13297MB ( 12681 MiB) avg

Verification result: TRUE. No property violation found by chosen configuration.
More details about the verification run can be found in the directory "/home/yqs17/blazer/cpachecker-inc-pred/output-us-precise-cfa/32_1.usb--serial--cp210x.ko.set/006.4cc27bd.32_1.cil_safe.i".
