scripts/cpa.sh -heap 10000M -predicateAnalysis-ABElfb-debug -setprop cpa.impacted.eliminate=true -disable-java-assertions -outputpath /home/yqs17/blazer/cpachecker-inc-pred/output-us-precise-cfa/08_1a.video--backlight--lms283gf05.ko.set/004.462dd83.08_1a.cil_safe.i -isIncPred -spec /home/yqs17/blazer/cpachecker-inc-pred/LDVErrorLabel.spc -stats -setprop cpa.impacted.pre_invariants.file=/home/yqs17/blazer/cpachecker-inc-pred/output-us-precise-cfa/08_1a.video--backlight--lms283gf05.ko.set/003.355b200.08_1a.cil_safe.i/impacted-invariants.txt -setprop analysis.prev.program=/home/yqs17/blazer/cpachecker-inc-pred/programs/drivers--video--backlight--lms283gf05.ko/003.355b200.08_1a.cil_safe.i -entryfunction ldv_main0_sequence_infinite_withcheck_stateful /home/yqs17/blazer/cpachecker-inc-pred/programs/drivers--video--backlight--lms283gf05.ko/004.462dd83.08_1a.cil_safe.i


--------------------------------------------------------------------------------


Running CPAchecker with Java heap of size 10000M.
Running CPAchecker with the following extra VM options:  -Djava.io.tmpdir=/tmp/BenchExec_run_3fu61dgu/tmp
Number of modified edges: 69
Begin analysis 
Read invariant objects done
PredicateCPA statistics
-----------------------
Read Precision Time:                0.000s
Precision file size:                3697
Write Precision Time:               0.003s
Number of abstractions:            7035 (20% of all post computations)
  Times abstraction was reused:    0
  Because of function entry/exit:  5679 (81%)
  Because of loop head:            1357 (19%)
  Because of join nodes:           0 (0%)
  Because of threshold:            0 (0%)
  Times precision was empty:       958 (14%)
  Times precision was {false}:     182 (3%)
  Times result was cached:         5287 (75%)
  Times cartesian abs was used:    0 (0%)
  Times boolean abs was used:      608 (9%)
  Times result was 'false':        263 (4%)
Number of strengthen sat checks:   15
  Times result was 'false':        0 (0%)
Number of coverage checks:         2576
  BDD entailment checks:           1886
Number of SMT sat checks:          634
  trivial:                         599
  cached:                          30

Max ABE block size:                       20
Number of predicates discovered:          21
Number of abstraction locations:          0
Max number of predicates per location:    0
Avg number of predicates per location:    0
Total predicates per abstraction:         2253
Max number of predicates per abstraction: 8
Avg number of predicates per abstraction: 2.85
Number of irrelevant predicates:          1082 (48%)
Number of preds handled by boolean abs:   1171 (52%)
  Total number of models for allsat:      700
  Max number of models for allsat:        3
  Avg number of models for allsat:        1.15

Number of path formula cache hits:   27690 (69%)

Time for post operator:                  2.743s
  Time for path formula creation:        1.540s
    Actual computation:                  1.323s
Time for strengthen operator:            0.043s
  Time for satisfiability checks:        0.000s
Time for prec operator:                  1.944s
  Time for abstraction:                  1.534s (Max:     0.046s, Count: 7035)
    Boolean abstraction:                 0.303s
    Solving time:                        0.137s (Max:     0.013s)
    Model enumeration time:              0.024s
    Time for BDD construction:           0.038s (Max:     0.003s)
Time for merge operator:                 0.046s
Time for coverage check:                 0.010s
  Time for BDD entailment checks:        0.008s
Total time for SMT solver (w/o itp):     0.426s

Number of BDD nodes:                               444
Size of BDD node table:                            466043
Size of BDD cache:                                 46619
Size of BDD node cleanup queue:                         658 (count: 10207, min: 0, max: 166, avg: 0.06)
Time for BDD node cleanup:                             0.002s
Time for BDD garbage collection:                       0.000s (in 0 runs)

PrecisionBootstrap statistics
-----------------------------
Init. function predicates:                         0
Init. global predicates:                           0
Init. location predicates:                         0

ImpactedCPA statistics
----------------------
  Number of invariants partial hits:                            0
  Number of invariants hits:                                    0
  Number of invariants trys:                                    1
  Number of invariants bots:                                    1
  Number of invariants not valid:                               0
  Initial reached size:                                         1
  Input invariants file size:                                   1544
  Max impacted number of variables:                             0
  Number of last version invariants:                            43
  Number of this version invariants:                            49
  CPU time for invariant read:                                      0.220s
  CPU time for invariant write:                                     0.040s
  Time for invariant write:                                         0.022s
  Time for invariant read:                                          0.125s

AutomatonAnalysis (SVCOMP) statistics
-------------------------------------
Number of states:                                  1
Total time for successor computation:                  0.085s
Automaton transfers with branching:                0
Automaton transfer successors:                        35405 (count: 35405, min: 1, max: 1, avg: 1.00) [1 x 35405]

CPA algorithm statistics
------------------------
Number of iterations:            33166
Max size of waitlist:            20
Average size of waitlist:        10
Number of computed successors:   34786
Max successors for one state:    2
Number of times merged:          345
Number of times stopped:         1245
Number of times abs stopped:     900
Number of times nonAbs stopped:  690
Number of coverage check (part): 2576
Number of times doAbstraction node:  7036
Number of times breaked:         15

Total time for CPA algorithm:         5.741s (Max:     0.593s)
CPU time for CPA algorithm:          11.430s
  Time for choose from waitlist:      0.062s
  Time for precision adjustment:      2.091s
  Time for transfer relation:         2.688s
  Time for merge operator:            0.091s
  Time for stop operator:             0.115s
  Time for adding to reached set:     0.187s

Predicate-Abstraction Refiner statistics
----------------------------------------
Avg. length of target path (in blocks):                 335 (count: 15, min: 4, max: 40, avg: 22.33)
Number of infeasible sliced prefixes:                     0 (count: 0, min: 0, max: 0, avg: 0.00)

Time for refinement:                                   0.915s
  Counterexample analysis:                0.718s (Max:     0.099s, Calls: 15)
    Refinement sat check:                 0.149s
    Interpolant computation:              0.000s
  Error path post-processing:                          0.000s
  Path-formulas extraction:                            0.000s
  Building the counterexample trace:                   0.718s
  Extracting precise counterexample:                   0.000s
  Extracting infeasible sliced prefixes:               0.000s
  Selecting infeasible sliced prefixes:                0.000s
  Predicate creation:                                  0.004s
  Precision update:                                    0.005s
  ARG update:                                          0.161s

Length of refined path (in blocks):                     282 (count: 15, min: 2, max: 38, avg: 18.80)
Number of affected states:                              205 (count: 15, min: 1, max: 37, avg: 13.67)
Length (states) of path with itp 'true':                 62 (count: 15, min: 0, max: 18, avg: 4.13)
Length (states) of path with itp non-trivial itp:       205 (count: 15, min: 1, max: 37, avg: 13.67)
Length (states) of path with itp 'false':                15 (count: 15, min: 1, max: 1, avg: 1.00)
Different non-trivial interpolants along paths:           8 (count: 15, min: 0, max: 2, avg: 0.53)
Equal non-trivial interpolants along paths:             182 (count: 15, min: 0, max: 34, avg: 12.13)
Different precisions along paths:                         0 (count: 0, min: 0, max: 0, avg: 0.00)
Equal precisions along paths:                             0 (count: 0, min: 0, max: 0, avg: 0.00)
Number of refs with location-based cutoff:                0

CEGAR algorithm statistics
--------------------------
Number of refinements:                15
Number of successful refinements:     15
Number of failed refinements:         0
Max. size of reached set before ref.: 5527
Max. size of reached set after ref.:  2673
Avg. size of reached set before ref.: 2902.00
Avg. size of reached set after ref.:  952.67

Total time for CEGAR algorithm:       6.693s
CPU time for CEGAR algorithm:        13.330s
Time for refinements:                 0.950s
CPU time for refinements:             1.890s
Average time for refinement:          0.063s
Max time for refinement:              0.116s
First time for refinement:             0.358s
Last time for refinement:              0.270s
Average time for analysis:          0.358s
Number of analysis:                16

Code Coverage
-----------------------------
  Visited lines:          3315
  Total lines:            5
  Line coverage:          663.000

CPAchecker general statistics
-----------------------------
Number of program locations:     953
Number of CFA edges:             1012
Number of relevant variables:    89
Number of functions:             25
Number of loops:                 6
Size of reached set:             4039
  Number of reached locations:   911 (96%)
    Avg states per location:     4
    Max states per location:     36 (at node N0)
  Number of reached functions:   19 (76%)
  Number of partitions:          4000
    Avg size of partitions:      1
    Max size of partitions:      4 (with key [N327 (before /work/ldvuser/novikov/work/current--X--drivers/video/backlight/lms283gf05.ko--X--defaultlinux--X--08_1a--X--cpachecker/linux/csd_deg_dscv/11/dscv_tempdir/dscv/ri/08_1a/drivers/video/backlight/lms283gf05.c.prepared, line 325), Function ldv_main0_sequence_infinite_withcheck_stateful called from node N276, stack depth 1 [14bf57b2], stack [ldv_main0_sequence_infinite_withcheck_stateful], Init])
  Number of target states:       0

Time for analysis setup:                   6.715s
  Time for cfa diff:                   4.059s
  Time for loading CPAs:                   0.377s
  Time for impacted traverse:              0.006s
  Time for loading parser:        0.037s
  Time for CFA construction:      1.118s
    Time for parsing file(s):     0.378s
    Time for AST to CFA:          0.360s
    Time for CFA sanity check:    0.000s
    Time for post-processing:     0.221s
      Time for var class.:        0.000s
Time for normal Analysis:                         6.693s
CPU time for analysis:                    15.100s
CPU time for impacted:                     0.000s
CPU time for normal analysis:             13.350s
CPU time for init:                         1.770s

Time for Garbage Collector:       0.269s (in 10 runs)
Garbage Collector(s) used:    PS MarkSweep, PS Scavenge
Used heap memory:                414MB (   395 MiB) max;    110MB (   105 MiB) avg;    420MB (   400 MiB) peak
Used non-heap memory:             39MB (    37 MiB) max;     30MB (    29 MiB) avg;     39MB (    38 MiB) peak
Used in PS Old Gen pool:          25MB (    24 MiB) max;     14MB (    13 MiB) avg;     26MB (    25 MiB) peak
Allocated heap memory:           506MB (   483 MiB) max;    282MB (   269 MiB) avg
Allocated non-heap memory:        40MB (    39 MiB) max;     31MB (    30 MiB) avg
Total process virtual memory:  13309MB ( 12692 MiB) max;  13295MB ( 12679 MiB) avg

Verification result: TRUE. No property violation found by chosen configuration.
More details about the verification run can be found in the directory "/home/yqs17/blazer/cpachecker-inc-pred/output-us-precise-cfa/08_1a.video--backlight--lms283gf05.ko.set/004.462dd83.08_1a.cil_safe.i".
