scripts/cpa.sh -heap 10000M -predicateAnalysis-ABElfb-debug -setprop cpa.impacted.eliminate=true -disable-java-assertions -outputpath /home/yqs17/blazer/cpachecker-inc-pred/output-us-precise-cfa/08_1a.mtd--devices--slram.ko.set/010.59018b6.08_1a.cil_safe.i -isIncPred -spec /home/yqs17/blazer/cpachecker-inc-pred/LDVErrorLabel.spc -stats -setprop cpa.impacted.pre_invariants.file=/home/yqs17/blazer/cpachecker-inc-pred/output-us-precise-cfa/08_1a.mtd--devices--slram.ko.set/009.a98889f.08_1a.cil_safe.i/impacted-invariants.txt -setprop analysis.prev.program=/home/yqs17/blazer/cpachecker-inc-pred/programs/drivers--mtd--devices--slram.ko/009.a98889f.08_1a.cil_safe.i -entryfunction ldv_main0_sequence_infinite_withcheck_stateful /home/yqs17/blazer/cpachecker-inc-pred/programs/drivers--mtd--devices--slram.ko/010.59018b6.08_1a.cil_safe.i


--------------------------------------------------------------------------------


Running CPAchecker with Java heap of size 10000M.
Running CPAchecker with the following extra VM options:  -Djava.io.tmpdir=/tmp/BenchExec_run_quhet942/tmp
Number of modified edges: 54
Begin analysis 
Read invariant objects done
PredicateCPA statistics
-----------------------
Read Precision Time:                0.000s
Precision file size:                1612
Write Precision Time:               0.003s
Number of abstractions:            65 (6% of all post computations)
  Times abstraction was reused:    0
  Because of function entry/exit:  69 (106%)
  Because of loop head:            20 (31%)
  Because of join nodes:           0 (0%)
  Because of threshold:            0 (0%)
  Times precision was empty:       0 (0%)
  Times precision was {false}:     0 (0%)
  Times result was cached:         17 (21%)
  Times cartesian abs was used:    0 (0%)
  Times boolean abs was used:      63 (79%)
  Times result was 'false':        2 (3%)
Number of strengthen sat checks:   0
Number of coverage checks:         155
  BDD entailment checks:           23
Number of SMT sat checks:          587
  trivial:                         413
  cached:                          116

Max ABE block size:                       17
Number of predicates discovered:          4
Number of abstraction locations:          0
Max number of predicates per location:    0
Avg number of predicates per location:    0
Total predicates per abstraction:         189
Max number of predicates per abstraction: 4
Avg number of predicates per abstraction: 3.00
Number of irrelevant predicates:          114 (60%)
Number of preds handled by boolean abs:   75 (40%)
  Total number of models for allsat:      65
  Max number of models for allsat:        2
  Avg number of models for allsat:        1.03

Number of path formula cache hits:   96 (9%)

Time for post operator:                  0.730s
  Time for path formula creation:        0.443s
    Actual computation:                  0.425s
Time for strengthen operator:            0.007s
Time for prec operator:                  0.348s
  Time for abstraction:                  0.228s (Max:     0.024s, Count: 65)
    Boolean abstraction:                 0.114s
    Solving time:                        0.058s (Max:     0.011s)
    Model enumeration time:              0.005s
    Time for BDD construction:           0.003s (Max:     0.001s)
Time for merge operator:                 0.023s
Time for coverage check:                 0.000s
  Time for BDD entailment checks:        0.000s
Total time for SMT solver (w/o itp):     0.231s

Number of BDD nodes:                               218
Size of BDD node table:                            466043
Size of BDD cache:                                 46619
Size of BDD node cleanup queue:                           0 (count: 2963, min: 0, max: 0, avg: 0.00)
Time for BDD node cleanup:                             0.001s
Time for BDD garbage collection:                       0.000s (in 0 runs)

PrecisionBootstrap statistics
-----------------------------
Init. function predicates:                         0
Init. global predicates:                           0
Init. location predicates:                         0

ImpactedCPA statistics
----------------------
  Number of invariants partial hits:                            0
  Number of invariants hits:                                    15
  Number of invariants trys:                                    24
  Number of invariants bots:                                    9
  Number of invariants not valid:                               0
  Initial reached size:                                         570
  Input invariants file size:                                   1126
  Max impacted number of variables:                             0
  Number of last version invariants:                            31
  Number of this version invariants:                            31
  CPU time for invariant read:                                      0.280s
  CPU time for invariant write:                                     0.040s
  Time for invariant write:                                         0.019s
  Time for invariant read:                                          0.139s

AutomatonAnalysis (SVCOMP) statistics
-------------------------------------
Number of states:                                  1
Total time for successor computation:                  0.017s
Automaton transfers with branching:                0
Automaton transfer successors:                         1002 (count: 1002, min: 1, max: 1, avg: 1.00) [1 x 1002]

CPA algorithm statistics
------------------------
Number of iterations:            381
Max size of waitlist:            14
Average size of waitlist:        9
Number of computed successors:   416
Max successors for one state:    2
Number of times merged:          58
Number of times stopped:         81
Number of times abs stopped:     23
Number of times nonAbs stopped:  132
Number of coverage check (part): 155
Number of times doAbstraction node:  89
Number of times breaked:         0

Total time for CPA algorithm:         0.529s (Max:     0.529s)
CPU time for CPA algorithm:           1.040s
  Time for choose from waitlist:      0.001s
  Time for precision adjustment:      0.248s
  Time for transfer relation:         0.233s
  Time for merge operator:            0.024s
  Time for stop operator:             0.004s
  Time for adding to reached set:     0.001s

Predicate-Abstraction Refiner statistics
----------------------------------------
  Predicate creation:                                  0.000s
  Precision update:                                    0.000s
  ARG update:                                          0.000s

Length of refined path (in blocks):                       0 (count: 0, min: 0, max: 0, avg: 0.00)
Number of affected states:                                0 (count: 0, min: 0, max: 0, avg: 0.00)
Length (states) of path with itp 'true':                  0 (count: 0, min: 0, max: 0, avg: 0.00)
Length (states) of path with itp non-trivial itp:         0 (count: 0, min: 0, max: 0, avg: 0.00)
Length (states) of path with itp 'false':                 0 (count: 0, min: 0, max: 0, avg: 0.00)
Different non-trivial interpolants along paths:           0 (count: 0, min: 0, max: 0, avg: 0.00)
Equal non-trivial interpolants along paths:               0 (count: 0, min: 0, max: 0, avg: 0.00)
Different precisions along paths:                         0 (count: 0, min: 0, max: 0, avg: 0.00)
Equal precisions along paths:                             0 (count: 0, min: 0, max: 0, avg: 0.00)
Number of refs with location-based cutoff:                0

CEGAR algorithm statistics
--------------------------
Number of refinements:                0
Refinement times:             0
First time for refinement:             0.529s
Last time for refinement:              0.529s
Average time for analysis:          0.529s
Number of analysis:                1

Code Coverage
-----------------------------
  Visited lines:          2252
  Total lines:            5
  Line coverage:          450.400

CPAchecker general statistics
-----------------------------
Number of program locations:     800
Number of CFA edges:             851
Number of relevant variables:    95
Number of functions:             23
Number of loops:                 5
Size of reached set:             903
  Number of reached locations:   683 (85%)
    Avg states per location:     1
    Max states per location:     8 (at node N100)
  Number of reached functions:   11 (48%)
  Number of partitions:          897
    Avg size of partitions:      1
    Max size of partitions:      2 (with key [N101 (entry of function register_device in /work/ldvuser/novikov/work/current--X--drivers/mtd/devices/slram.ko--X--defaultlinux--X--08_1a--X--cpachecker/linux/csd_deg_dscv/11/dscv_tempdir/dscv/ri/08_1a/drivers/mtd/devices/slram.c.prepared, lines 167-303), -848260188, Init])
  Number of target states:       0

Time for analysis setup:                   5.317s
  Time for cfa diff:                   2.735s
  Time for loading CPAs:                   0.370s
  Time for impacted traverse:              0.005s
  Time for loading parser:        0.029s
  Time for CFA construction:      1.070s
    Time for parsing file(s):     0.370s
    Time for AST to CFA:          0.359s
    Time for CFA sanity check:    0.000s
    Time for post-processing:     0.210s
      Time for var class.:        0.000s
Time for normal Analysis:                         0.529s
CPU time for analysis:                     2.600s
CPU time for impacted:                     0.000s
CPU time for normal analysis:              1.040s
CPU time for init:                         1.560s

Time for Garbage Collector:       0.154s (in 5 runs)
Garbage Collector(s) used:    PS MarkSweep, PS Scavenge
Used heap memory:                 89MB (    85 MiB) max;     45MB (    43 MiB) avg;    111MB (   105 MiB) peak
Used non-heap memory:             32MB (    31 MiB) max;     24MB (    23 MiB) avg;     34MB (    32 MiB) peak
Used in PS Old Gen pool:          23MB (    22 MiB) max;      8MB (     7 MiB) avg;     25MB (    23 MiB) peak
Allocated heap memory:           257MB (   246 MiB) max;    194MB (   185 MiB) avg
Allocated non-heap memory:        34MB (    33 MiB) max;     25MB (    24 MiB) avg
Total process virtual memory:  13307MB ( 12691 MiB) max;  13282MB ( 12667 MiB) avg

Verification result: TRUE. No property violation found by chosen configuration.
More details about the verification run can be found in the directory "/home/yqs17/blazer/cpachecker-inc-pred/output-us-precise-cfa/08_1a.mtd--devices--slram.ko.set/010.59018b6.08_1a.cil_safe.i".
