scripts/cpa.sh -heap 10000M -predicateAnalysis-ABElfb-debug -setprop cpa.impacted.eliminate=true -disable-java-assertions -outputpath /home/yqs17/blazer/cpachecker-inc-pred/output-us-precise-cfa/08_1a.input--joystick--magellan.ko.set/010.65ac9f7.08_1a.cil_safe.i -isIncPred -spec /home/yqs17/blazer/cpachecker-inc-pred/LDVErrorLabel.spc -stats -setprop cpa.impacted.pre_invariants.file=/home/yqs17/blazer/cpachecker-inc-pred/output-us-precise-cfa/08_1a.input--joystick--magellan.ko.set/009.d1659fc.08_1a.cil_safe.i/impacted-invariants.txt -setprop analysis.prev.program=/home/yqs17/blazer/cpachecker-inc-pred/programs/drivers--input--joystick--magellan.ko/009.d1659fc.08_1a.cil_safe.i -entryfunction ldv_main0_sequence_infinite_withcheck_stateful /home/yqs17/blazer/cpachecker-inc-pred/programs/drivers--input--joystick--magellan.ko/010.65ac9f7.08_1a.cil_safe.i


--------------------------------------------------------------------------------


Running CPAchecker with Java heap of size 10000M.
Running CPAchecker with the following extra VM options:  -Djava.io.tmpdir=/tmp/BenchExec_run_vw2_ljgv/tmp
Number of modified edges: 28
Begin analysis 
Read invariant objects done
ImpactedCPA statistics
----------------------
  Number of invariants partial hits:                            0
  Number of invariants hits:                                    0
  Number of invariants trys:                                    1
  Number of invariants bots:                                    1
  Number of invariants not valid:                               0
  Initial reached size:                                         1
  Input invariants file size:                                   1384
  Max impacted number of variables:                             2
  Number of last version invariants:                            39
  Number of this version invariants:                            0
  CPU time for invariant read:                                      0.250s
  CPU time for invariant write:                                     0.000s
  Time for invariant write:                                         0.000s
  Time for invariant read:                                          0.127s

AutomatonAnalysis (SVCOMP) statistics
-------------------------------------
Number of states:                                  1
Total time for successor computation:                  0.011s
Automaton transfers with branching:                0
Automaton transfer successors:                         1297 (count: 1297, min: 1, max: 1, avg: 1.00) [1 x 1297]

CPA algorithm statistics
------------------------
Number of iterations:            1268
Max size of waitlist:            14
Average size of waitlist:        1
Number of computed successors:   1297
Max successors for one state:    2
Number of times merged:          0
Number of times stopped:         8
Number of times abs stopped:     902
Number of times nonAbs stopped:  984
Number of coverage check (part): 2451
Number of times doAbstraction node:  3240
Number of times breaked:         3

Total time for CPA algorithm:         0.160s (Max:     0.077s)
CPU time for CPA algorithm:          10.730s
  Time for choose from waitlist:      0.006s
  Time for precision adjustment:      0.019s
  Time for transfer relation:         0.079s
  Time for merge operator:            0.001s
  Time for stop operator:             0.011s
  Time for adding to reached set:     0.013s

PredicateCPA statistics
-----------------------
Read Precision Time:                0.000s
Precision file size:                0
Write Precision Time:               0.001s
Number of abstractions:            3239 (18% of all post computations)
  Times abstraction was reused:    0
  Because of function entry/exit:  2441 (75%)
  Because of loop head:            799 (25%)
  Because of join nodes:           0 (0%)
  Because of threshold:            0 (0%)
  Times precision was empty:       548 (17%)
  Times precision was {false}:     233 (7%)
  Times result was cached:         1963 (61%)
  Times cartesian abs was used:    0 (0%)
  Times boolean abs was used:      495 (15%)
  Times result was 'false':        99 (3%)
Number of strengthen sat checks:   16
  Times result was 'false':        0 (0%)
Number of coverage checks:         2451
  BDD entailment checks:           1467
Number of SMT sat checks:          396
  trivial:                         360
  cached:                          32

Max ABE block size:                       17
Number of predicates discovered:          10
Number of abstraction locations:          0
Max number of predicates per location:    0
Avg number of predicates per location:    0
Total predicates per abstraction:         1359
Max number of predicates per abstraction: 4
Avg number of predicates per abstraction: 1.87
Number of irrelevant predicates:          605 (45%)
Number of preds handled by boolean abs:   754 (55%)
  Total number of models for allsat:      545
  Max number of models for allsat:        3
  Avg number of models for allsat:        1.10

Number of path formula cache hits:   12781 (62%)

Time for post operator:                  2.077s
  Time for path formula creation:        1.554s
    Actual computation:                  1.463s
Time for strengthen operator:            0.040s
  Time for satisfiability checks:        0.000s
Time for prec operator:                  2.231s
  Time for abstraction:                  1.795s (Max:     0.023s, Count: 3239)
    Boolean abstraction:                 0.318s
    Solving time:                        0.308s (Max:     0.011s)
    Model enumeration time:              0.028s
    Time for BDD construction:           0.017s (Max:     0.002s)
Time for merge operator:                 0.261s
Time for coverage check:                 0.004s
  Time for BDD entailment checks:        0.003s
Total time for SMT solver (w/o itp):     0.387s

Number of BDD nodes:                               269
Size of BDD node table:                            466043
Size of BDD cache:                                 46619
Size of BDD node cleanup queue:                         488 (count: 7152, min: 0, max: 221, avg: 0.07)
Time for BDD node cleanup:                             0.003s
Time for BDD garbage collection:                       0.000s (in 0 runs)

PrecisionBootstrap statistics
-----------------------------
Init. function predicates:                         0
Init. global predicates:                           0
Init. location predicates:                         0

ImpactedCPA statistics
----------------------
  Number of invariants partial hits:                            0
  Number of invariants hits:                                    0
  Number of invariants trys:                                    1
  Number of invariants bots:                                    1
  Number of invariants not valid:                               0
  Initial reached size:                                         1
  Input invariants file size:                                   1384
  Max impacted number of variables:                             2
  Number of last version invariants:                            39
  Number of this version invariants:                            38
  CPU time for invariant read:                                      0.250s
  CPU time for invariant write:                                     0.050s
  Time for invariant write:                                         0.028s
  Time for invariant read:                                          0.127s

AutomatonAnalysis (SVCOMP) statistics
-------------------------------------
Number of states:                                  1
Total time for successor computation:                  0.038s
Automaton transfers with branching:                0
Automaton transfer successors:                        18432 (count: 18432, min: 1, max: 1, avg: 1.00) [1 x 18432]

CPA algorithm statistics
------------------------
Number of iterations:            16517
Max size of waitlist:            23
Average size of waitlist:        11
Number of computed successors:   18052
Max successors for one state:    2
Number of times merged:          492
Number of times stopped:         1394
Number of times abs stopped:     902
Number of times nonAbs stopped:  984
Number of coverage check (part): 2451
Number of times doAbstraction node:  3240
Number of times breaked:         16

Total time for CPA algorithm:         5.255s (Max:     0.742s)
CPU time for CPA algorithm:          10.730s
  Time for choose from waitlist:      0.024s
  Time for precision adjustment:      2.312s
  Time for transfer relation:         2.206s
  Time for merge operator:            0.302s
  Time for stop operator:             0.065s
  Time for adding to reached set:     0.092s

Predicate-Abstraction Refiner statistics
----------------------------------------
Avg. length of target path (in blocks):                 280 (count: 16, min: 4, max: 27, avg: 17.50)
Number of infeasible sliced prefixes:                     0 (count: 0, min: 0, max: 0, avg: 0.00)

Time for refinement:                                   0.697s
  Counterexample analysis:                0.582s (Max:     0.068s, Calls: 16)
    Refinement sat check:                 0.154s
    Interpolant computation:              0.000s
  Error path post-processing:                          0.000s
  Path-formulas extraction:                            0.001s
  Building the counterexample trace:                   0.582s
  Extracting precise counterexample:                   0.000s
  Extracting infeasible sliced prefixes:               0.000s
  Selecting infeasible sliced prefixes:                0.000s
  Predicate creation:                                  0.005s
  Precision update:                                    0.009s
  ARG update:                                          0.080s

Length of refined path (in blocks):                     204 (count: 16, min: 2, max: 25, avg: 12.75)
Number of affected states:                              172 (count: 16, min: 1, max: 24, avg: 10.75)
Length (states) of path with itp 'true':                 16 (count: 16, min: 0, max: 10, avg: 1.00)
Length (states) of path with itp non-trivial itp:       172 (count: 16, min: 1, max: 24, avg: 10.75)
Length (states) of path with itp 'false':                16 (count: 16, min: 1, max: 1, avg: 1.00)
Different non-trivial interpolants along paths:           2 (count: 16, min: 0, max: 2, avg: 0.13)
Equal non-trivial interpolants along paths:             154 (count: 16, min: 0, max: 23, avg: 9.63)
Different precisions along paths:                         0 (count: 0, min: 0, max: 0, avg: 0.00)
Equal precisions along paths:                             0 (count: 0, min: 0, max: 0, avg: 0.00)
Number of refs with location-based cutoff:                0

CEGAR algorithm statistics
--------------------------
Number of refinements:                16
Number of successful refinements:     16
Number of failed refinements:         0
Max. size of reached set before ref.: 2279
Max. size of reached set after ref.:  995
Avg. size of reached set before ref.: 1416.13
Avg. size of reached set after ref.:  453.00

Total time for CEGAR algorithm:       5.980s
CPU time for CEGAR algorithm:        11.850s
Time for refinements:                 0.724s
CPU time for refinements:             1.440s
Average time for refinement:          0.045s
Max time for refinement:              0.074s
First time for refinement:             0.309s
Last time for refinement:              0.233s
Average time for analysis:          0.309s
Number of analysis:                17

Code Coverage
-----------------------------
  Visited lines:          1808
  Total lines:            21
  Line coverage:          86.095

CPAchecker general statistics
-----------------------------
Number of program locations:     680
Number of CFA edges:             731
Number of relevant variables:    62
Number of functions:             22
Number of loops:                 6
Size of reached set:             1150
  Number of reached locations:   635 (93%)
    Avg states per location:     1
    Max states per location:     12 (at node N75)
  Number of reached functions:   15 (68%)
  Number of partitions:          1144
    Avg size of partitions:      1
    Max size of partitions:      3 (with key [N298 (before /work/ldvuser/novikov/work/current--X--drivers/input/joystick/magellan.ko--X--defaultlinux--X--08_1a--X--cpachecker/linux/csd_deg_dscv/11/dscv_tempdir/dscv/ri/08_1a/drivers/input/joystick/magellan.c.prepared, line 325), Function ldv_main0_sequence_infinite_withcheck_stateful called from node N246, stack depth 1 [36ddaebf], stack [ldv_main0_sequence_infinite_withcheck_stateful], Init])
  Number of target states:       0

Time for analysis setup:                   7.934s
  Time for cfa diff:                   5.918s
  Time for loading CPAs:                   0.369s
  Time for impacted traverse:              0.009s
  Time for loading parser:        0.028s
  Time for CFA construction:      0.906s
    Time for parsing file(s):     0.305s
    Time for AST to CFA:          0.325s
    Time for CFA sanity check:    0.000s
    Time for post-processing:     0.175s
      Time for var class.:        0.000s
Time for normal Analysis:                         5.980s
CPU time for analysis:                    12.470s
CPU time for impacted:                     0.700s
CPU time for normal analysis:             11.850s
CPU time for init:                         0.620s

Time for Garbage Collector:       0.204s (in 10 runs)
Garbage Collector(s) used:    PS MarkSweep, PS Scavenge
Used heap memory:                462MB (   440 MiB) max;     93MB (    89 MiB) avg;    468MB (   446 MiB) peak
Used non-heap memory:             39MB (    37 MiB) max;     28MB (    27 MiB) avg;     40MB (    38 MiB) peak
Used in PS Old Gen pool:          25MB (    24 MiB) max;     13MB (    12 MiB) avg;     26MB (    24 MiB) peak
Allocated heap memory:           545MB (   520 MiB) max;    266MB (   253 MiB) avg
Allocated non-heap memory:        41MB (    39 MiB) max;     29MB (    28 MiB) avg
Total process virtual memory:  13309MB ( 12693 MiB) max;  13296MB ( 12680 MiB) avg

Verification result: TRUE. No property violation found by chosen configuration.
More details about the verification run can be found in the directory "/home/yqs17/blazer/cpachecker-inc-pred/output-us-precise-cfa/08_1a.input--joystick--magellan.ko.set/010.65ac9f7.08_1a.cil_safe.i".
