scripts/cpa.sh -heap 10000M -predicateAnalysis-ABElfb-debug -setprop cpa.impacted.eliminate=true -disable-java-assertions -outputpath /home/yqs17/blazer/cpachecker-inc-pred/output-us-precise-cfa/08_1a.usb--serial--mos7840.ko.set/040.a509a7e.08_1a.cil_safe.i -isIncPred -spec /home/yqs17/blazer/cpachecker-inc-pred/LDVErrorLabel.spc -stats -setprop cpa.impacted.pre_invariants.file=/home/yqs17/blazer/cpachecker-inc-pred/output-us-precise-cfa/08_1a.usb--serial--mos7840.ko.set/039.1e066d8.08_1a.cil_safe.i/impacted-invariants.txt -setprop analysis.prev.program=/home/yqs17/blazer/cpachecker-inc-pred/programs/drivers--usb--serial--mos7840.ko/039.1e066d8.08_1a.cil_safe.i -entryfunction ldv_main0_sequence_infinite_withcheck_stateful /home/yqs17/blazer/cpachecker-inc-pred/programs/drivers--usb--serial--mos7840.ko/040.a509a7e.08_1a.cil_safe.i


--------------------------------------------------------------------------------


Running CPAchecker with Java heap of size 10000M.
Running CPAchecker with the following extra VM options:  -Djava.io.tmpdir=/tmp/BenchExec_run_g4b6h1ux/tmp
Number of modified edges: 4
Begin analysis 
Read invariant objects done
PredicateCPA statistics
-----------------------
Read Precision Time:                0.000s
Precision file size:                0
Write Precision Time:               0.003s
Number of abstractions:            642 (8% of all post computations)
  Times abstraction was reused:    0
  Because of function entry/exit:  665 (104%)
  Because of loop head:            69 (11%)
  Because of join nodes:           0 (0%)
  Because of threshold:            0 (0%)
  Times precision was empty:       0 (0%)
  Times precision was {false}:     1 (0%)
  Times result was cached:         97 (14%)
  Times cartesian abs was used:    0 (0%)
  Times boolean abs was used:      601 (86%)
  Times result was 'false':        1 (0%)
Number of strengthen sat checks:   0
Number of coverage checks:         2515
  BDD entailment checks:           159
Number of SMT sat checks:          1629
  trivial:                         554
  cached:                          634

Max ABE block size:                       38
Number of predicates discovered:          5
Number of abstraction locations:          0
Max number of predicates per location:    0
Avg number of predicates per location:    0
Total predicates per abstraction:         2692
Max number of predicates per abstraction: 5
Avg number of predicates per abstraction: 4.47
Number of irrelevant predicates:          547 (20%)
Number of preds handled by boolean abs:   2145 (80%)
  Total number of models for allsat:      1785
  Max number of models for allsat:        4
  Avg number of models for allsat:        2.97

Number of path formula cache hits:   819 (10%)

Time for post operator:                  2.546s
  Time for path formula creation:        1.367s
    Actual computation:                  1.272s
Time for strengthen operator:            0.018s
Time for prec operator:                  1.545s
  Time for abstraction:                  1.251s (Max:     0.048s, Count: 642)
    Boolean abstraction:                 0.682s
    Solving time:                        0.162s (Max:     0.010s)
    Model enumeration time:              0.172s
    Time for BDD construction:           0.042s (Max:     0.005s)
Time for merge operator:                 0.355s
Time for coverage check:                 0.000s
  Time for BDD entailment checks:        0.000s
Total time for SMT solver (w/o itp):     1.021s

Number of BDD nodes:                               242
Size of BDD node table:                            466043
Size of BDD cache:                                 46619
Size of BDD node cleanup queue:                         609 (count: 15823, min: 0, max: 266, avg: 0.04)
Time for BDD node cleanup:                             0.004s
Time for BDD garbage collection:                       0.000s (in 0 runs)

PrecisionBootstrap statistics
-----------------------------
Init. function predicates:                         0
Init. global predicates:                           0
Init. location predicates:                         0

ImpactedCPA statistics
----------------------
  Number of invariants partial hits:                            0
  Number of invariants hits:                                    57
  Number of invariants trys:                                    92
  Number of invariants bots:                                    36
  Number of invariants not valid:                               1
  Initial reached size:                                         1517
  Input invariants file size:                                   4591
  Max impacted number of variables:                             0
  Number of last version invariants:                            223
  Number of this version invariants:                            219
  CPU time for invariant read:                                      1.000s
  CPU time for invariant write:                                     0.130s
  Time for invariant write:                                         0.071s
  Time for invariant read:                                          0.516s

AutomatonAnalysis (SVCOMP) statistics
-------------------------------------
Number of states:                                  1
Total time for successor computation:                  0.023s
Automaton transfers with branching:                0
Automaton transfer successors:                         7660 (count: 7660, min: 1, max: 1, avg: 1.00) [1 x 7660]

CPA algorithm statistics
------------------------
Number of iterations:            5318
Max size of waitlist:            112
Average size of waitlist:        76
Number of computed successors:   6035
Max successors for one state:    2
Number of times merged:          1105
Number of times stopped:         1264
Number of times abs stopped:     159
Number of times nonAbs stopped:  2356
Number of coverage check (part): 2515
Number of times doAbstraction node:  734
Number of times breaked:         0

Total time for CPA algorithm:         3.300s (Max:     3.300s)
CPU time for CPA algorithm:           6.590s
  Time for choose from waitlist:      0.012s
  Time for precision adjustment:      1.358s
  Time for transfer relation:         1.385s
  Time for merge operator:            0.373s
  Time for stop operator:             0.026s
  Time for adding to reached set:     0.030s

Predicate-Abstraction Refiner statistics
----------------------------------------
  Predicate creation:                                  0.000s
  Precision update:                                    0.000s
  ARG update:                                          0.000s

Length of refined path (in blocks):                       0 (count: 0, min: 0, max: 0, avg: 0.00)
Number of affected states:                                0 (count: 0, min: 0, max: 0, avg: 0.00)
Length (states) of path with itp 'true':                  0 (count: 0, min: 0, max: 0, avg: 0.00)
Length (states) of path with itp non-trivial itp:         0 (count: 0, min: 0, max: 0, avg: 0.00)
Length (states) of path with itp 'false':                 0 (count: 0, min: 0, max: 0, avg: 0.00)
Different non-trivial interpolants along paths:           0 (count: 0, min: 0, max: 0, avg: 0.00)
Equal non-trivial interpolants along paths:               0 (count: 0, min: 0, max: 0, avg: 0.00)
Different precisions along paths:                         0 (count: 0, min: 0, max: 0, avg: 0.00)
Equal precisions along paths:                             0 (count: 0, min: 0, max: 0, avg: 0.00)
Number of refs with location-based cutoff:                0

CEGAR algorithm statistics
--------------------------
Number of refinements:                0
Refinement times:             0
First time for refinement:             3.300s
Last time for refinement:              3.300s
Average time for analysis:          3.300s
Number of analysis:                1

Code Coverage
-----------------------------
  Visited lines:          4934
  Total lines:            10
  Line coverage:          493.400

CPAchecker general statistics
-----------------------------
Number of program locations:     3764
Number of CFA edges:             4588
Number of relevant variables:    580
Number of functions:             72
Number of loops:                 18
Size of reached set:             6287
  Number of reached locations:   3108 (83%)
    Avg states per location:     2
    Max states per location:     62 (at node N313)
  Number of reached functions:   52 (72%)
  Number of partitions:          6275
    Avg size of partitions:      1
    Max size of partitions:      3 (with key [N314 (entry of function __create_pipe in include/linux/usb.h, lines 1523-1531), 991791323, Init])
  Number of target states:       0

Time for analysis setup:                  14.761s
  Time for cfa diff:                   9.857s
  Time for loading CPAs:                   0.409s
  Time for impacted traverse:              0.019s
  Time for loading parser:        0.034s
  Time for CFA construction:      1.856s
    Time for parsing file(s):     0.494s
    Time for AST to CFA:          0.664s
    Time for CFA sanity check:    0.000s
    Time for post-processing:     0.515s
      Time for var class.:        0.000s
Time for normal Analysis:                         3.300s
CPU time for analysis:                    10.320s
CPU time for impacted:                     0.000s
CPU time for normal analysis:              6.590s
CPU time for init:                         3.730s

Time for Garbage Collector:       0.351s (in 9 runs)
Garbage Collector(s) used:    PS MarkSweep, PS Scavenge
Used heap memory:                322MB (   307 MiB) max;     94MB (    90 MiB) avg;    351MB (   334 MiB) peak
Used non-heap memory:             38MB (    36 MiB) max;     28MB (    27 MiB) avg;     39MB (    37 MiB) peak
Used in PS Old Gen pool:          29MB (    28 MiB) max;     23MB (    21 MiB) avg;     44MB (    42 MiB) peak
Allocated heap memory:           603MB (   576 MiB) max;    285MB (   272 MiB) avg
Allocated non-heap memory:        39MB (    37 MiB) max;     30MB (    28 MiB) avg
Total process virtual memory:  13307MB ( 12691 MiB) max;  13290MB ( 12675 MiB) avg

Verification result: TRUE. No property violation found by chosen configuration.
More details about the verification run can be found in the directory "/home/yqs17/blazer/cpachecker-inc-pred/output-us-precise-cfa/08_1a.usb--serial--mos7840.ko.set/040.a509a7e.08_1a.cil_safe.i".
