scripts/cpa.sh -heap 10000M -predicateAnalysis-ABElfb-debug -setprop cpa.impacted.eliminate=true -disable-java-assertions -outputpath /home/yqs17/blazer/cpachecker-inc-pred/output-us-precise-cfa/39_7a.mfd--janz-cmodio.ko.set/000.bd35813.39_7a.cil_safe.i -stats -spec /home/yqs17/blazer/cpachecker-inc-pred/LDVErrorLabel.spc -entryfunction ldv_main0_sequence_infinite_withcheck_stateful /home/yqs17/blazer/cpachecker-inc-pred/programs/drivers--mfd--janz-cmodio.ko/000.bd35813.39_7a.cil_safe.i


--------------------------------------------------------------------------------


Running CPAchecker with Java heap of size 10000M.
Running CPAchecker with the following extra VM options:  -Djava.io.tmpdir=/tmp/BenchExec_run_c95rcmeb/tmp
Begin analysis 
PredicateCPA statistics
-----------------------
Read Precision Time:                0.000s
Precision file size:                0
Write Precision Time:               0.003s
Number of abstractions:            3680 (15% of all post computations)
  Times abstraction was reused:    0
  Because of function entry/exit:  3447 (94%)
  Because of loop head:            233 (6%)
  Because of join nodes:           0 (0%)
  Because of threshold:            0 (0%)
  Times precision was empty:       731 (20%)
  Times precision was {false}:     240 (7%)
  Times result was cached:         1861 (51%)
  Times cartesian abs was used:    0 (0%)
  Times boolean abs was used:      848 (23%)
  Times result was 'false':        169 (5%)
Number of strengthen sat checks:   14
  Times result was 'false':        0 (0%)
Number of coverage checks:         1992
  BDD entailment checks:           1548
Number of SMT sat checks:          14
  trivial:                         14
  cached:                          0

Max ABE block size:                       22
Number of predicates discovered:          10
Number of abstraction locations:          0
Max number of predicates per location:    0
Avg number of predicates per location:    0
Total predicates per abstraction:         3279
Max number of predicates per abstraction: 7
Avg number of predicates per abstraction: 3.01
Number of irrelevant predicates:          1518 (46%)
Number of preds handled by boolean abs:   1761 (54%)
  Total number of models for allsat:      871
  Max number of models for allsat:        3
  Avg number of models for allsat:        1.03

Number of path formula cache hits:   15530 (59%)

Time for post operator:                  1.658s
  Time for path formula creation:        1.099s
    Actual computation:                  0.934s
Time for strengthen operator:            0.044s
  Time for satisfiability checks:        0.000s
Time for prec operator:                  1.380s
  Time for abstraction:                  1.136s (Max:     0.010s, Count: 3680)
    Boolean abstraction:                 0.313s
    Solving time:                        0.160s (Max:     0.004s)
    Model enumeration time:              0.027s
    Time for BDD construction:           0.017s (Max:     0.002s)
Time for merge operator:                 0.023s
Time for coverage check:                 0.007s
  Time for BDD entailment checks:        0.007s
Total time for SMT solver (w/o itp):     0.187s

Number of BDD nodes:                               378
Size of BDD node table:                            466043
Size of BDD cache:                                 46619
Size of BDD node cleanup queue:                         838 (count: 9809, min: 0, max: 314, avg: 0.09)
Time for BDD node cleanup:                             0.004s
Time for BDD garbage collection:                       0.000s (in 0 runs)

PrecisionBootstrap statistics
-----------------------------
Init. function predicates:                         0
Init. global predicates:                           0
Init. location predicates:                         0

ImpactedCPA statistics
----------------------
  Number of invariants partial hits:                            0
  Number of invariants hits:                                    0
  Number of invariants trys:                                    0
  Number of invariants bots:                                    0
  Number of invariants not valid:                               0
  Initial reached size:                                         1
  Input invariants file size:                                   0
  Max impacted number of variables:                             0
  Number of last version invariants:                            0
  Number of this version invariants:                            41
  CPU time for invariant read:                                      0.000s
  CPU time for invariant write:                                     0.070s
  Time for invariant write:                                         0.035s
  Time for invariant read:                                          0.000s

AutomatonAnalysis (SVCOMP) statistics
-------------------------------------
Number of states:                                  1
Total time for successor computation:                  0.118s
Automaton transfers with branching:                0
Automaton transfer successors:                        24366 (count: 24366, min: 1, max: 1, avg: 1.00) [1 x 24366]

CPA algorithm statistics
------------------------
Number of iterations:            22958
Max size of waitlist:            32
Average size of waitlist:        15
Number of computed successors:   24366
Max successors for one state:    2
Number of times merged:          222
Number of times stopped:         1225
Number of times abs stopped:     1003
Number of times nonAbs stopped:  444
Number of coverage check (part): 1992
Number of times doAbstraction node:  3680
Number of times breaked:         14

Total time for CPA algorithm:         4.391s (Max:     0.532s)
CPU time for CPA algorithm:           8.700s
  Time for choose from waitlist:      0.034s
  Time for precision adjustment:      1.506s
  Time for transfer relation:         2.249s
  Time for merge operator:            0.051s
  Time for stop operator:             0.086s
  Time for adding to reached set:     0.119s

Predicate-Abstraction Refiner statistics
----------------------------------------
Avg. length of target path (in blocks):                 351 (count: 14, min: 10, max: 40, avg: 25.07)
Number of infeasible sliced prefixes:                     0 (count: 0, min: 0, max: 0, avg: 0.00)

Time for refinement:                                   0.762s
  Counterexample analysis:                0.639s (Max:     0.151s, Calls: 14)
    Refinement sat check:                 0.150s
    Interpolant computation:              0.000s
  Error path post-processing:                          0.000s
  Path-formulas extraction:                            0.000s
  Building the counterexample trace:                   0.639s
  Extracting precise counterexample:                   0.000s
  Extracting infeasible sliced prefixes:               0.000s
  Selecting infeasible sliced prefixes:                0.000s
  Predicate creation:                                  0.010s
  Precision update:                                    0.005s
  ARG update:                                          0.098s

Length of refined path (in blocks):                     296 (count: 14, min: 6, max: 39, avg: 21.14)
Number of affected states:                              224 (count: 14, min: 1, max: 37, avg: 16.00)
Length (states) of path with itp 'true':                 58 (count: 14, min: 0, max: 14, avg: 4.14)
Length (states) of path with itp non-trivial itp:       224 (count: 14, min: 1, max: 37, avg: 16.00)
Length (states) of path with itp 'false':                14 (count: 14, min: 1, max: 1, avg: 1.00)
Different non-trivial interpolants along paths:           6 (count: 14, min: 0, max: 2, avg: 0.43)
Equal non-trivial interpolants along paths:             204 (count: 14, min: 0, max: 36, avg: 14.57)
Different precisions along paths:                         0 (count: 0, min: 0, max: 0, avg: 0.00)
Equal precisions along paths:                             0 (count: 0, min: 0, max: 0, avg: 0.00)
Number of refs with location-based cutoff:                0

CEGAR algorithm statistics
--------------------------
Number of refinements:                14
Number of successful refinements:     14
Number of failed refinements:         0
Max. size of reached set before ref.: 3158
Max. size of reached set after ref.:  994
Avg. size of reached set before ref.: 2058.50
Avg. size of reached set after ref.:  494.07

Total time for CEGAR algorithm:       5.177s
CPU time for CEGAR algorithm:        10.240s
Time for refinements:                 0.784s
CPU time for refinements:             1.540s
Average time for refinement:          0.056s
Max time for refinement:              0.157s
First time for refinement:             0.292s
Last time for refinement:              0.112s
Average time for analysis:          0.292s
Number of analysis:                15

Code Coverage
-----------------------------
  Visited lines:          1399
  Total lines:            23
  Line coverage:          60.826

CPAchecker general statistics
-----------------------------
Number of program locations:     1006
Number of CFA edges:             1125
Number of relevant variables:    128
Number of functions:             43
Number of loops:                 4
Size of reached set:             1071
  Number of reached locations:   677 (67%)
    Avg states per location:     1
    Max states per location:     20 (at node N27)
  Number of reached functions:   16 (37%)
  Number of partitions:          1067
    Avg size of partitions:      1
    Max size of partitions:      2 (with key [N563 (before /work/ldvuser/novikov/work/current--X--drivers/mfd/janz-cmodio.ko--X--defaultlinux--X--39_7a--X--cpachecker/linux/csd_deg_dscv/11/dscv_tempdir/dscv/ri/39_7a/drivers/mfd/janz-cmodio.c.prepared, line 435), Function ldv_main0_sequence_infinite_withcheck_stateful called from node N511, stack depth 1 [6731787b], stack [ldv_main0_sequence_infinite_withcheck_stateful], Init])
  Number of target states:       0

Time for analysis setup:                   1.357s
  Time for cfa diff:                   0.000s
  Time for loading CPAs:                   0.329s
  Time for impacted traverse:              0.006s
  Time for loading parser:        0.030s
  Time for CFA construction:      0.915s
    Time for parsing file(s):     0.242s
    Time for AST to CFA:          0.341s
    Time for CFA sanity check:    0.000s
    Time for post-processing:     0.215s
      Time for var class.:        0.000s
Time for normal Analysis:                         5.177s
CPU time for analysis:                    10.240s
CPU time for impacted:                     0.000s
CPU time for normal analysis:             10.250s
CPU time for init:                         0.000s

Time for Garbage Collector:       0.212s (in 9 runs)
Garbage Collector(s) used:    PS MarkSweep, PS Scavenge
Used heap memory:                319MB (   305 MiB) max;     95MB (    90 MiB) avg;    329MB (   314 MiB) peak
Used non-heap memory:             35MB (    34 MiB) max;     30MB (    29 MiB) avg;     38MB (    36 MiB) peak
Used in PS Old Gen pool:          22MB (    21 MiB) max;     15MB (    14 MiB) avg;     23MB (    22 MiB) peak
Allocated heap memory:           516MB (   493 MiB) max;    269MB (   257 MiB) avg
Allocated non-heap memory:        38MB (    37 MiB) max;     32MB (    31 MiB) avg
Total process virtual memory:  13240MB ( 12627 MiB) max;  13238MB ( 12624 MiB) avg

Verification result: TRUE. No property violation found by chosen configuration.
More details about the verification run can be found in the directory "/home/yqs17/blazer/cpachecker-inc-pred/output-us-precise-cfa/39_7a.mfd--janz-cmodio.ko.set/000.bd35813.39_7a.cil_safe.i".
