scripts/cpa.sh -heap 10000M -predicateAnalysis-ABElfb-debug -setprop cpa.impacted.eliminate=true -disable-java-assertions -outputpath /home/yqs17/blazer/cpachecker-inc-pred/output-us-precise-cfa/32_7a.regulator--wm831x-dcdc.ko.set/002.1304850.32_7a.cil_safe.i -isIncPred -spec /home/yqs17/blazer/cpachecker-inc-pred/LDVErrorLabel.spc -stats -setprop cpa.impacted.pre_invariants.file=/home/yqs17/blazer/cpachecker-inc-pred/output-us-precise-cfa/32_7a.regulator--wm831x-dcdc.ko.set/001.8267a9b.32_7a.cil_safe.i/impacted-invariants.txt -setprop analysis.prev.program=/home/yqs17/blazer/cpachecker-inc-pred/programs/drivers--regulator--wm831x-dcdc.ko/001.8267a9b.32_7a.cil_safe.i -entryfunction ldv_main0_sequence_infinite_withcheck_stateful /home/yqs17/blazer/cpachecker-inc-pred/programs/drivers--regulator--wm831x-dcdc.ko/002.1304850.32_7a.cil_safe.i


--------------------------------------------------------------------------------


Running CPAchecker with Java heap of size 10000M.
Running CPAchecker with the following extra VM options:  -Djava.io.tmpdir=/tmp/BenchExec_run_1xp7lp8t/tmp
Number of modified edges: 10
Begin analysis 
Read invariant objects done
ImpactedCPA statistics
----------------------
  Number of invariants partial hits:                            0
  Number of invariants hits:                                    0
  Number of invariants trys:                                    1
  Number of invariants bots:                                    1
  Number of invariants not valid:                               0
  Initial reached size:                                         1
  Input invariants file size:                                   1221
  Max impacted number of variables:                             33
  Number of last version invariants:                            120
  Number of this version invariants:                            0
  CPU time for invariant read:                                      0.400s
  CPU time for invariant write:                                     0.000s
  Time for invariant write:                                         0.000s
  Time for invariant read:                                          0.226s

AutomatonAnalysis (SVCOMP) statistics
-------------------------------------
Number of states:                                  1
Total time for successor computation:                  0.123s
Automaton transfers with branching:                0
Automaton transfer successors:                        22518 (count: 22518, min: 1, max: 1, avg: 1.00) [1 x 22518]

CPA algorithm statistics
------------------------
Number of iterations:            20872
Max size of waitlist:            130
Average size of waitlist:        59
Number of computed successors:   22518
Max successors for one state:    2
Number of times merged:          213
Number of times stopped:         1857
Number of times abs stopped:     84
Number of times nonAbs stopped:  176
Number of coverage check (part): 260
Number of times doAbstraction node:  368
Number of times breaked:         0

Total time for CPA algorithm:         1.326s (Max:     1.143s)
CPU time for CPA algorithm:           4.230s
  Time for choose from waitlist:      0.028s
  Time for precision adjustment:      0.080s
  Time for transfer relation:         0.673s
  Time for merge operator:            0.079s
  Time for stop operator:             0.089s
  Time for adding to reached set:     0.060s

PredicateCPA statistics
-----------------------
Read Precision Time:                0.000s
Precision file size:                2
Write Precision Time:               0.004s
Number of abstractions:            367 (11% of all post computations)
  Times abstraction was reused:    0
  Because of function entry/exit:  322 (88%)
  Because of loop head:            46 (13%)
  Because of join nodes:           0 (0%)
  Because of threshold:            0 (0%)
  Times precision was empty:       367 (100%)
  Times precision was {false}:     0 (0%)
  Times result was cached:         0 (0%)
  Times cartesian abs was used:    0 (0%)
  Times boolean abs was used:      0 (0%)
  Times result was 'false':        0 (0%)
Number of strengthen sat checks:   0
Number of coverage checks:         260
  BDD entailment checks:           84
Number of SMT sat checks:          508
  trivial:                         393
  cached:                          99

Max ABE block size:                       50
Number of predicates discovered:          0

Number of path formula cache hits:   1093 (32%)

Time for post operator:                  0.850s
  Time for path formula creation:        0.546s
    Actual computation:                  0.499s
Time for strengthen operator:            0.014s
Time for prec operator:                  0.118s
  Time for abstraction:                  0.074s (Max:     0.004s, Count: 367)
    Solving time:                        0.000s (Max:     0.000s)
    Model enumeration time:              0.000s
    Time for BDD construction:           0.000s (Max:     0.000s)
Time for merge operator:                 0.037s
Time for coverage check:                 0.013s
  Time for BDD entailment checks:        0.012s
Total time for SMT solver (w/o itp):     0.192s

Number of BDD nodes:                               202
Size of BDD node table:                            466043
Size of BDD cache:                                 46619
Size of BDD node cleanup queue:                           0 (count: 6976, min: 0, max: 0, avg: 0.00)
Time for BDD node cleanup:                             0.003s
Time for BDD garbage collection:                       0.000s (in 0 runs)

PrecisionBootstrap statistics
-----------------------------
Init. function predicates:                         0
Init. global predicates:                           0
Init. location predicates:                         0

ImpactedCPA statistics
----------------------
  Number of invariants partial hits:                            0
  Number of invariants hits:                                    0
  Number of invariants trys:                                    1
  Number of invariants bots:                                    1
  Number of invariants not valid:                               0
  Initial reached size:                                         1
  Input invariants file size:                                   1221
  Max impacted number of variables:                             33
  Number of last version invariants:                            120
  Number of this version invariants:                            138
  CPU time for invariant read:                                      0.400s
  CPU time for invariant write:                                     0.080s
  Time for invariant write:                                         0.040s
  Time for invariant read:                                          0.226s

AutomatonAnalysis (SVCOMP) statistics
-------------------------------------
Number of states:                                  1
Total time for successor computation:                  0.017s
Automaton transfers with branching:                0
Automaton transfer successors:                         3363 (count: 3363, min: 1, max: 1, avg: 1.00) [1 x 3363]

CPA algorithm statistics
------------------------
Number of iterations:            2684
Max size of waitlist:            55
Average size of waitlist:        37
Number of computed successors:   2855
Max successors for one state:    2
Number of times merged:          88
Number of times stopped:         172
Number of times abs stopped:     84
Number of times nonAbs stopped:  176
Number of coverage check (part): 260
Number of times doAbstraction node:  368
Number of times breaked:         0

Total time for CPA algorithm:         0.804s (Max:     0.804s)
CPU time for CPA algorithm:           4.230s
  Time for choose from waitlist:      0.006s
  Time for precision adjustment:      0.134s
  Time for transfer relation:         0.527s
  Time for merge operator:            0.042s
  Time for stop operator:             0.022s
  Time for adding to reached set:     0.011s

Predicate-Abstraction Refiner statistics
----------------------------------------
  Predicate creation:                                  0.000s
  Precision update:                                    0.000s
  ARG update:                                          0.000s

Length of refined path (in blocks):                       0 (count: 0, min: 0, max: 0, avg: 0.00)
Number of affected states:                                0 (count: 0, min: 0, max: 0, avg: 0.00)
Length (states) of path with itp 'true':                  0 (count: 0, min: 0, max: 0, avg: 0.00)
Length (states) of path with itp non-trivial itp:         0 (count: 0, min: 0, max: 0, avg: 0.00)
Length (states) of path with itp 'false':                 0 (count: 0, min: 0, max: 0, avg: 0.00)
Different non-trivial interpolants along paths:           0 (count: 0, min: 0, max: 0, avg: 0.00)
Equal non-trivial interpolants along paths:               0 (count: 0, min: 0, max: 0, avg: 0.00)
Different precisions along paths:                         0 (count: 0, min: 0, max: 0, avg: 0.00)
Equal precisions along paths:                             0 (count: 0, min: 0, max: 0, avg: 0.00)
Number of refs with location-based cutoff:                0

CEGAR algorithm statistics
--------------------------
Number of refinements:                0
Refinement times:             0
First time for refinement:             0.804s
Last time for refinement:              0.804s
Average time for analysis:          0.804s
Number of analysis:                1

Code Coverage
-----------------------------
  Visited lines:          2983
  Total lines:            5
  Line coverage:          596.600

CPAchecker general statistics
-----------------------------
Number of program locations:     1809
Number of CFA edges:             2111
Number of relevant variables:    318
Number of functions:             50
Number of loops:                 4
Size of reached set:             2684
  Number of reached locations:   1669 (92%)
    Avg states per location:     1
    Max states per location:     43 (at node N1521)
  Number of reached functions:   43 (86%)
  Number of partitions:          2684
    Avg size of partitions:      1
    Max size of partitions:      1
  Number of target states:       0

Time for analysis setup:                   7.176s
  Time for cfa diff:                   3.308s
  Time for loading CPAs:                   0.398s
  Time for impacted traverse:              0.013s
  Time for loading parser:        0.023s
  Time for CFA construction:      1.351s
    Time for parsing file(s):     0.417s
    Time for AST to CFA:          0.430s
    Time for CFA sanity check:    0.000s
    Time for post-processing:     0.362s
      Time for var class.:        0.000s
Time for normal Analysis:                         0.804s
CPU time for analysis:                     2.470s
CPU time for impacted:                     3.050s
CPU time for normal analysis:              1.600s
CPU time for init:                         0.870s

Time for Garbage Collector:       0.245s (in 6 runs)
Garbage Collector(s) used:    PS MarkSweep, PS Scavenge
Used heap memory:                137MB (   131 MiB) max;     40MB (    38 MiB) avg;    184MB (   176 MiB) peak
Used non-heap memory:             34MB (    33 MiB) max;     26MB (    25 MiB) avg;     36MB (    34 MiB) peak
Used in PS Old Gen pool:          24MB (    23 MiB) max;     11MB (    10 MiB) avg;     43MB (    41 MiB) peak
Allocated heap memory:           270MB (   258 MiB) max;    202MB (   193 MiB) avg
Allocated non-heap memory:        37MB (    35 MiB) max;     28MB (    26 MiB) avg
Total process virtual memory:  13307MB ( 12691 MiB) max;  13284MB ( 12668 MiB) avg

Verification result: TRUE. No property violation found by chosen configuration.
More details about the verification run can be found in the directory "/home/yqs17/blazer/cpachecker-inc-pred/output-us-precise-cfa/32_7a.regulator--wm831x-dcdc.ko.set/002.1304850.32_7a.cil_safe.i".
