scripts/cpa.sh -heap 10000M -predicateAnalysis-ABElfb-debug -setprop cpa.impacted.eliminate=true -disable-java-assertions -outputpath /home/yqs17/blazer/cpachecker-inc-pred/output-us-precise-cfa/39_7a.staging--comedi--adl_pci7432.ko.set/027.0ff9ba1.39_7a.cil_safe.i -isIncPred -spec /home/yqs17/blazer/cpachecker-inc-pred/LDVErrorLabel.spc -stats -setprop cpa.impacted.pre_invariants.file=/home/yqs17/blazer/cpachecker-inc-pred/output-us-precise-cfa/39_7a.staging--comedi--adl_pci7432.ko.set/026.e4eff32.39_7a.cil_safe.i/impacted-invariants.txt -setprop analysis.prev.program=/home/yqs17/blazer/cpachecker-inc-pred/programs/drivers--staging--comedi--adl_pci7432.ko/026.e4eff32.39_7a.cil_safe.i -entryfunction ldv_main0_sequence_infinite_withcheck_stateful /home/yqs17/blazer/cpachecker-inc-pred/programs/drivers--staging--comedi--adl_pci7432.ko/027.0ff9ba1.39_7a.cil_safe.i


--------------------------------------------------------------------------------


Running CPAchecker with Java heap of size 10000M.
Running CPAchecker with the following extra VM options:  -Djava.io.tmpdir=/tmp/BenchExec_run_yocq4por/tmp
Number of modified edges: 3
Begin analysis 
Read invariant objects done
ImpactedCPA statistics
----------------------
  Number of invariants partial hits:                            0
  Number of invariants hits:                                    19
  Number of invariants trys:                                    28
  Number of invariants bots:                                    10
  Number of invariants not valid:                               1
  Initial reached size:                                         489
  Input invariants file size:                                   1292
  Max impacted number of variables:                             0
  Number of last version invariants:                            20
  Number of this version invariants:                            0
  CPU time for invariant read:                                      0.280s
  CPU time for invariant write:                                     0.000s
  Time for invariant write:                                         0.000s
  Time for invariant read:                                          0.144s

AutomatonAnalysis (SVCOMP) statistics
-------------------------------------
Number of states:                                  1
Total time for successor computation:                  0.006s
Automaton transfers with branching:                0
Automaton transfer successors:                          382 (count: 382, min: 1, max: 1, avg: 1.00) [1 x 382]

CPA algorithm statistics
------------------------
Number of iterations:            372
Max size of waitlist:            10
Average size of waitlist:        1
Number of computed successors:   382
Max successors for one state:    2
Number of times merged:          0
Number of times stopped:         1
Number of times abs stopped:     16
Number of times nonAbs stopped:  208
Number of coverage check (part): 224
Number of times doAbstraction node:  44
Number of times breaked:         1

Total time for CPA algorithm:         0.067s (Max:     0.067s)
CPU time for CPA algorithm:           0.400s
  Time for choose from waitlist:      0.002s
  Time for precision adjustment:      0.008s
  Time for transfer relation:         0.034s
  Time for merge operator:            0.001s
  Time for stop operator:             0.003s
  Time for adding to reached set:     0.003s

PredicateCPA statistics
-----------------------
Read Precision Time:                0.000s
Precision file size:                53
Write Precision Time:               0.002s
Number of abstractions:            16 (3% of all post computations)
  Times abstraction was reused:    0
  Because of function entry/exit:  28 (175%)
  Because of loop head:            16 (100%)
  Because of join nodes:           0 (0%)
  Because of threshold:            0 (0%)
  Times precision was empty:       0 (0%)
  Times precision was {false}:     1 (3%)
  Times result was cached:         6 (17%)
  Times cartesian abs was used:    0 (0%)
  Times boolean abs was used:      28 (80%)
  Times result was 'false':        0 (0%)
Number of strengthen sat checks:   0
Number of coverage checks:         224
  BDD entailment checks:           16
Number of SMT sat checks:          511
  trivial:                         271
  cached:                          156

Max ABE block size:                       13
Number of predicates discovered:          4
Number of abstraction locations:          0
Max number of predicates per location:    0
Avg number of predicates per location:    0
Total predicates per abstraction:         78
Max number of predicates per abstraction: 4
Avg number of predicates per abstraction: 2.69
Number of irrelevant predicates:          10 (13%)
Number of preds handled by boolean abs:   68 (87%)
  Total number of models for allsat:      31
  Max number of models for allsat:        2
  Avg number of models for allsat:        1.11

Number of path formula cache hits:   164 (24%)

Time for post operator:                  0.592s
  Time for path formula creation:        0.279s
    Actual computation:                  0.256s
Time for strengthen operator:            0.003s
Time for prec operator:                  0.221s
  Time for abstraction:                  0.062s (Max:     0.012s, Count: 16)
    Boolean abstraction:                 0.073s
    Solving time:                        0.038s (Max:     0.010s)
    Model enumeration time:              0.002s
    Time for BDD construction:           0.003s (Max:     0.001s)
Time for merge operator:                 0.042s
Time for coverage check:                 0.001s
  Time for BDD entailment checks:        0.001s
Total time for SMT solver (w/o itp):     0.264s

Number of BDD nodes:                               207
Size of BDD node table:                            466043
Size of BDD cache:                                 46619
Size of BDD node cleanup queue:                           6 (count: 2502, min: 0, max: 6, avg: 0.00)
Time for BDD node cleanup:                             0.002s
Time for BDD garbage collection:                       0.000s (in 0 runs)

PrecisionBootstrap statistics
-----------------------------
Init. function predicates:                         0
Init. global predicates:                           0
Init. location predicates:                         0

ImpactedCPA statistics
----------------------
  Number of invariants partial hits:                            0
  Number of invariants hits:                                    19
  Number of invariants trys:                                    28
  Number of invariants bots:                                    10
  Number of invariants not valid:                               1
  Initial reached size:                                         489
  Input invariants file size:                                   1292
  Max impacted number of variables:                             0
  Number of last version invariants:                            20
  Number of this version invariants:                            18
  CPU time for invariant read:                                      0.280s
  CPU time for invariant write:                                     0.020s
  Time for invariant write:                                         0.014s
  Time for invariant read:                                          0.144s

AutomatonAnalysis (SVCOMP) statistics
-------------------------------------
Number of states:                                  1
Total time for successor computation:                  0.017s
Automaton transfers with branching:                0
Automaton transfer successors:                          618 (count: 618, min: 1, max: 1, avg: 1.00) [1 x 618]

CPA algorithm statistics
------------------------
Number of iterations:            93
Max size of waitlist:            12
Average size of waitlist:        8
Number of computed successors:   109
Max successors for one state:    2
Number of times merged:          93
Number of times stopped:         109
Number of times abs stopped:     16
Number of times nonAbs stopped:  208
Number of coverage check (part): 224
Number of times doAbstraction node:  44
Number of times breaked:         0

Total time for CPA algorithm:         0.135s (Max:     0.135s)
CPU time for CPA algorithm:           0.400s
  Time for choose from waitlist:      0.003s
  Time for precision adjustment:      0.065s
  Time for transfer relation:         0.013s
  Time for merge operator:            0.047s
  Time for stop operator:             0.005s
  Time for adding to reached set:     0.000s

Predicate-Abstraction Refiner statistics
----------------------------------------
  Predicate creation:                                  0.000s
  Precision update:                                    0.000s
  ARG update:                                          0.000s

Length of refined path (in blocks):                       0 (count: 0, min: 0, max: 0, avg: 0.00)
Number of affected states:                                0 (count: 0, min: 0, max: 0, avg: 0.00)
Length (states) of path with itp 'true':                  0 (count: 0, min: 0, max: 0, avg: 0.00)
Length (states) of path with itp non-trivial itp:         0 (count: 0, min: 0, max: 0, avg: 0.00)
Length (states) of path with itp 'false':                 0 (count: 0, min: 0, max: 0, avg: 0.00)
Different non-trivial interpolants along paths:           0 (count: 0, min: 0, max: 0, avg: 0.00)
Equal non-trivial interpolants along paths:               0 (count: 0, min: 0, max: 0, avg: 0.00)
Different precisions along paths:                         0 (count: 0, min: 0, max: 0, avg: 0.00)
Equal precisions along paths:                             0 (count: 0, min: 0, max: 0, avg: 0.00)
Number of refs with location-based cutoff:                0

CEGAR algorithm statistics
--------------------------
Number of refinements:                0
Refinement times:             0
First time for refinement:             0.136s
Last time for refinement:              0.136s
Average time for analysis:          0.136s
Number of analysis:                1

Code Coverage
-----------------------------
  Visited lines:          1385
  Total lines:            24
  Line coverage:          57.708

CPAchecker general statistics
-----------------------------
Number of program locations:     721
Number of CFA edges:             779
Number of relevant variables:    66
Number of functions:             33
Number of loops:                 2
Size of reached set:             489
  Number of reached locations:   477 (66%)
    Avg states per location:     1
    Max states per location:     5 (at node N244)
  Number of reached functions:   9 (27%)
  Number of partitions:          489
    Avg size of partitions:      1
    Max size of partitions:      1
  Number of target states:       0

Time for analysis setup:                   4.426s
  Time for cfa diff:                   1.947s
  Time for loading CPAs:                   0.377s
  Time for impacted traverse:              0.006s
  Time for loading parser:        0.026s
  Time for CFA construction:      0.867s
    Time for parsing file(s):     0.315s
    Time for AST to CFA:          0.310s
    Time for CFA sanity check:    0.000s
    Time for post-processing:     0.138s
      Time for var class.:        0.000s
Time for normal Analysis:                         0.137s
CPU time for analysis:                     1.930s
CPU time for impacted:                     0.510s
CPU time for normal analysis:              0.280s
CPU time for init:                         1.650s

Time for Garbage Collector:       0.119s (in 4 runs)
Garbage Collector(s) used:    PS MarkSweep, PS Scavenge
Used heap memory:                 81MB (    77 MiB) max;     35MB (    33 MiB) avg;    102MB (    98 MiB) peak
Used non-heap memory:             32MB (    31 MiB) max;     24MB (    23 MiB) avg;     35MB (    33 MiB) peak
Used in PS Old Gen pool:          21MB (    20 MiB) max;      5MB (     5 MiB) avg;     21MB (    20 MiB) peak
Allocated heap memory:           190MB (   182 MiB) max;    179MB (   171 MiB) avg
Allocated non-heap memory:        35MB (    34 MiB) max;     25MB (    24 MiB) avg
Total process virtual memory:  13307MB ( 12691 MiB) max;  13281MB ( 12665 MiB) avg

Verification result: TRUE. No property violation found by chosen configuration.
More details about the verification run can be found in the directory "/home/yqs17/blazer/cpachecker-inc-pred/output-us-precise-cfa/39_7a.staging--comedi--adl_pci7432.ko.set/027.0ff9ba1.39_7a.cil_safe.i".
