scripts/cpa.sh -heap 10000M -predicateAnalysis-ABElfb-debug -setprop cpa.impacted.eliminate=true -disable-java-assertions -outputpath /home/yqs17/blazer/cpachecker-inc-pred/output-us-precise-cfa/43_1a.usb--serial--spcp8x5.ko.set/000.619a6f1.43_1a.cil_safe.i -stats -spec /home/yqs17/blazer/cpachecker-inc-pred/LDVErrorLabel.spc -entryfunction ldv_main0_sequence_infinite_withcheck_stateful /home/yqs17/blazer/cpachecker-inc-pred/programs/drivers--usb--serial--spcp8x5.ko/000.619a6f1.43_1a.cil_safe.i


--------------------------------------------------------------------------------


Running CPAchecker with Java heap of size 10000M.
Running CPAchecker with the following extra VM options:  -Djava.io.tmpdir=/tmp/BenchExec_run__goze673/tmp
Begin analysis 
PredicateCPA statistics
-----------------------
Read Precision Time:                0.000s
Precision file size:                0
Write Precision Time:               0.002s
Number of abstractions:            24355 (17% of all post computations)
  Times abstraction was reused:    0
  Because of function entry/exit:  23020 (95%)
  Because of loop head:            1335 (5%)
  Because of join nodes:           0 (0%)
  Because of threshold:            0 (0%)
  Times precision was empty:       2508 (10%)
  Times precision was {false}:     653 (3%)
  Times result was cached:         19543 (80%)
  Times cartesian abs was used:    0 (0%)
  Times boolean abs was used:      1651 (7%)
  Times result was 'false':        717 (3%)
Number of strengthen sat checks:   49
  Times result was 'false':        0 (0%)
Number of coverage checks:         24927
  BDD entailment checks:           4167
Number of SMT sat checks:          49
  trivial:                         49
  cached:                          0

Max ABE block size:                       35
Number of predicates discovered:          8
Number of abstraction locations:          0
Max number of predicates per location:    0
Avg number of predicates per location:    0
Total predicates per abstraction:         3896
Max number of predicates per abstraction: 4
Avg number of predicates per abstraction: 1.69
Number of irrelevant predicates:          1880 (48%)
Number of preds handled by boolean abs:   2016 (52%)
  Total number of models for allsat:      1811
  Max number of models for allsat:        2
  Avg number of models for allsat:        1.10

Number of path formula cache hits:   88232 (55%)

Time for post operator:                  7.181s
  Time for path formula creation:        5.504s
    Actual computation:                  5.032s
Time for strengthen operator:            0.156s
  Time for satisfiability checks:        0.002s
Time for prec operator:                  4.786s
  Time for abstraction:                  3.659s (Max:     0.143s, Count: 24355)
    Boolean abstraction:                 0.512s
    Solving time:                        0.427s (Max:     0.011s)
    Model enumeration time:              0.019s
    Time for BDD construction:           0.041s (Max:     0.006s)
Time for merge operator:                 1.820s
Time for coverage check:                 0.026s
  Time for BDD entailment checks:        0.017s
Total time for SMT solver (w/o itp):     0.446s

Number of BDD nodes:                               240
Size of BDD node table:                            466043
Size of BDD cache:                                 46619
Size of BDD node cleanup queue:                        1672 (count: 23706, min: 0, max: 285, avg: 0.07)
Time for BDD node cleanup:                             0.005s
Time for BDD garbage collection:                       0.000s (in 0 runs)

PrecisionBootstrap statistics
-----------------------------
Init. function predicates:                         0
Init. global predicates:                           0
Init. location predicates:                         0

ImpactedCPA statistics
----------------------
  Number of invariants partial hits:                            0
  Number of invariants hits:                                    0
  Number of invariants trys:                                    0
  Number of invariants bots:                                    0
  Number of invariants not valid:                               0
  Initial reached size:                                         1
  Input invariants file size:                                   0
  Max impacted number of variables:                             0
  Number of last version invariants:                            0
  Number of this version invariants:                            186
  CPU time for invariant read:                                      0.000s
  CPU time for invariant write:                                     0.100s
  Time for invariant write:                                         0.055s
  Time for invariant read:                                          0.000s

AutomatonAnalysis (SVCOMP) statistics
-------------------------------------
Number of states:                                  1
Total time for successor computation:                  0.151s
Automaton transfers with branching:                0
Automaton transfer successors:                       143261 (count: 143261, min: 1, max: 1, avg: 1.00) [1 x 143261]

CPA algorithm statistics
------------------------
Number of iterations:            128075
Max size of waitlist:            61
Average size of waitlist:        24
Number of computed successors:   143261
Max successors for one state:    2
Number of times merged:          10380
Number of times stopped:         13636
Number of times abs stopped:     3256
Number of times nonAbs stopped:  20760
Number of coverage check (part): 24927
Number of times doAbstraction node:  24355
Number of times breaked:         49

Total time for CPA algorithm:        17.832s (Max:     1.190s)
CPU time for CPA algorithm:          34.840s
  Time for choose from waitlist:      0.115s
  Time for precision adjustment:      5.144s
  Time for transfer relation:         8.835s
  Time for merge operator:            2.143s
  Time for stop operator:             0.349s
  Time for adding to reached set:     0.372s

Predicate-Abstraction Refiner statistics
----------------------------------------
Avg. length of target path (in blocks):                2378 (count: 49, min: 11, max: 92, avg: 48.53)
Number of infeasible sliced prefixes:                     0 (count: 0, min: 0, max: 0, avg: 0.00)

Time for refinement:                                   4.159s
  Counterexample analysis:                3.585s (Max:     0.258s, Calls: 49)
    Refinement sat check:                 0.502s
    Interpolant computation:              0.000s
  Error path post-processing:                          0.000s
  Path-formulas extraction:                            0.002s
  Building the counterexample trace:                   3.585s
  Extracting precise counterexample:                   0.000s
  Extracting infeasible sliced prefixes:               0.000s
  Selecting infeasible sliced prefixes:                0.000s
  Predicate creation:                                  0.019s
  Precision update:                                    0.007s
  ARG update:                                          0.485s

Length of refined path (in blocks):                    1304 (count: 49, min: 6, max: 91, avg: 26.61)
Number of affected states:                              639 (count: 49, min: 1, max: 38, avg: 13.04)
Length (states) of path with itp 'true':                616 (count: 49, min: 0, max: 79, avg: 12.57)
Length (states) of path with itp non-trivial itp:       639 (count: 49, min: 1, max: 38, avg: 13.04)
Length (states) of path with itp 'false':                49 (count: 49, min: 1, max: 1, avg: 1.00)
Different non-trivial interpolants along paths:           1 (count: 49, min: 0, max: 1, avg: 0.02)
Equal non-trivial interpolants along paths:             589 (count: 49, min: 0, max: 37, avg: 12.02)
Different precisions along paths:                         0 (count: 0, min: 0, max: 0, avg: 0.00)
Equal precisions along paths:                             0 (count: 0, min: 0, max: 0, avg: 0.00)
Number of refs with location-based cutoff:                0

CEGAR algorithm statistics
--------------------------
Number of refinements:                49
Number of successful refinements:     49
Number of failed refinements:         0
Max. size of reached set before ref.: 8436
Max. size of reached set after ref.:  8208
Avg. size of reached set before ref.: 4320.84
Avg. size of reached set after ref.:  1860.33

Total time for CEGAR algorithm:      22.099s
CPU time for CEGAR algorithm:        43.120s
Time for refinements:                 4.260s
CPU time for refinements:             8.280s
Average time for refinement:          0.086s
Max time for refinement:              0.279s
First time for refinement:             0.356s
Last time for refinement:              0.008s
Average time for analysis:          0.356s
Number of analysis:                50

Code Coverage
-----------------------------
  Visited lines:          3641
  Total lines:            10
  Line coverage:          364.100

CPAchecker general statistics
-----------------------------
Number of program locations:     1824
Number of CFA edges:             2193
Number of relevant variables:    277
Number of functions:             61
Number of loops:                 7
Size of reached set:             8344
  Number of reached locations:   1736 (95%)
    Avg states per location:     4
    Max states per location:     90 (at node N1424)
  Number of reached functions:   53 (87%)
  Number of partitions:          8326
    Avg size of partitions:      1
    Max size of partitions:      3 (with key [N1304 (before /work/ldvuser/novikov/work/current--X--drivers/usb/serial/spcp8x5.ko--X--defaultlinux--X--43_1a--X--cpachecker/linux/csd_deg_dscv/11/dscv_tempdir/dscv/ri/43_1a/drivers/usb/serial/spcp8x5.c.prepared, line 2265), Function ldv_main0_sequence_infinite_withcheck_stateful called from node N1188, stack depth 1 [15b986cd], stack [ldv_main0_sequence_infinite_withcheck_stateful], Init])
  Number of target states:       0

Time for analysis setup:                   1.987s
  Time for cfa diff:                   0.000s
  Time for loading CPAs:                   0.390s
  Time for impacted traverse:              0.011s
  Time for loading parser:        0.027s
  Time for CFA construction:      1.461s
    Time for parsing file(s):     0.435s
    Time for AST to CFA:          0.474s
    Time for CFA sanity check:    0.001s
    Time for post-processing:     0.351s
      Time for var class.:        0.000s
Time for normal Analysis:                        22.099s
CPU time for analysis:                    43.120s
CPU time for impacted:                     0.000s
CPU time for normal analysis:             43.120s
CPU time for init:                         0.000s

Time for Garbage Collector:       0.866s (in 19 runs)
Garbage Collector(s) used:    PS MarkSweep, PS Scavenge
Used heap memory:                938MB (   895 MiB) max;    262MB (   250 MiB) avg;    945MB (   901 MiB) peak
Used non-heap memory:             43MB (    41 MiB) max;     36MB (    34 MiB) avg;     45MB (    43 MiB) peak
Used in PS Old Gen pool:          31MB (    29 MiB) max;     24MB (    23 MiB) avg;     31MB (    29 MiB) peak
Allocated heap memory:          1224MB (  1168 MiB) max;    588MB (   561 MiB) avg
Allocated non-heap memory:        45MB (    43 MiB) max;     39MB (    37 MiB) avg
Total process virtual memory:  13242MB ( 12628 MiB) max;  13239MB ( 12626 MiB) avg

Verification result: TRUE. No property violation found by chosen configuration.
More details about the verification run can be found in the directory "/home/yqs17/blazer/cpachecker-inc-pred/output-us-precise-cfa/43_1a.usb--serial--spcp8x5.ko.set/000.619a6f1.43_1a.cil_safe.i".
