scripts/cpa.sh -heap 10000M -predicateAnalysis-ABElfb-debug -setprop cpa.impacted.eliminate=true -disable-java-assertions -outputpath /home/yqs17/blazer/cpachecker-inc-pred/output-us-precise-cfa/39_7a.usb--serial--mos7840.ko.set/037.405f557.39_7a.cil_safe.i -isIncPred -spec /home/yqs17/blazer/cpachecker-inc-pred/LDVErrorLabel.spc -stats -setprop cpa.impacted.pre_invariants.file=/home/yqs17/blazer/cpachecker-inc-pred/output-us-precise-cfa/39_7a.usb--serial--mos7840.ko.set/036.f9c99bb.39_7a.cil_safe.i/impacted-invariants.txt -setprop analysis.prev.program=/home/yqs17/blazer/cpachecker-inc-pred/programs/drivers--usb--serial--mos7840.ko/036.f9c99bb.39_7a.cil_safe.i -entryfunction ldv_main0_sequence_infinite_withcheck_stateful /home/yqs17/blazer/cpachecker-inc-pred/programs/drivers--usb--serial--mos7840.ko/037.405f557.39_7a.cil_safe.i


--------------------------------------------------------------------------------


Running CPAchecker with Java heap of size 10000M.
Running CPAchecker with the following extra VM options:  -Djava.io.tmpdir=/tmp/BenchExec_run_njwsnxev/tmp
Number of modified edges: 67
Begin analysis 
Read invariant objects done
ImpactedCPA statistics
----------------------
  Number of invariants partial hits:                            0
  Number of invariants hits:                                    77
  Number of invariants trys:                                    113
  Number of invariants bots:                                    37
  Number of invariants not valid:                               1
  Initial reached size:                                         1754
  Input invariants file size:                                   9314
  Max impacted number of variables:                             0
  Number of last version invariants:                            293
  Number of this version invariants:                            0
  CPU time for invariant read:                                      1.180s
  CPU time for invariant write:                                     0.000s
  Time for invariant write:                                         0.000s
  Time for invariant read:                                          0.612s

AutomatonAnalysis (SVCOMP) statistics
-------------------------------------
Number of states:                                  1
Total time for successor computation:                  0.016s
Automaton transfers with branching:                0
Automaton transfer successors:                          836 (count: 836, min: 1, max: 1, avg: 1.00) [1 x 836]

CPA algorithm statistics
------------------------
Number of iterations:            828
Max size of waitlist:            6
Average size of waitlist:        1
Number of computed successors:   836
Max successors for one state:    2
Number of times merged:          0
Number of times stopped:         3
Number of times abs stopped:     174
Number of times nonAbs stopped:  2464
Number of coverage check (part): 2638
Number of times doAbstraction node:  968
Number of times breaked:         1

Total time for CPA algorithm:         0.102s (Max:     0.102s)
CPU time for CPA algorithm:           7.900s
  Time for choose from waitlist:      0.001s
  Time for precision adjustment:      0.013s
  Time for transfer relation:         0.060s
  Time for merge operator:            0.000s
  Time for stop operator:             0.004s
  Time for adding to reached set:     0.005s

PredicateCPA statistics
-----------------------
Read Precision Time:                0.000s
Precision file size:                25782
Write Precision Time:               0.003s
Number of abstractions:            855 (9% of all post computations)
  Times abstraction was reused:    0
  Because of function entry/exit:  898 (105%)
  Because of loop head:            70 (8%)
  Because of join nodes:           0 (0%)
  Because of threshold:            0 (0%)
  Times precision was empty:       0 (0%)
  Times precision was {false}:     0 (0%)
  Times result was cached:         213 (23%)
  Times cartesian abs was used:    0 (0%)
  Times boolean abs was used:      719 (77%)
  Times result was 'false':        17 (2%)
Number of strengthen sat checks:   1
  Times result was 'false':        0 (0%)
Number of coverage checks:         2638
  BDD entailment checks:           174
Number of SMT sat checks:          1894
  trivial:                         596
  cached:                          764

Max ABE block size:                       38
Number of predicates discovered:          12
Number of abstraction locations:          0
Max number of predicates per location:    0
Avg number of predicates per location:    0
Total predicates per abstraction:         7141
Max number of predicates per abstraction: 11
Avg number of predicates per abstraction: 9.93
Number of irrelevant predicates:          439 (6%)
Number of preds handled by boolean abs:   6702 (94%)
  Total number of models for allsat:      738
  Max number of models for allsat:        2
  Avg number of models for allsat:        1.03

Number of path formula cache hits:   855 (9%)

Time for post operator:                  3.069s
  Time for path formula creation:        1.300s
    Actual computation:                  1.203s
Time for strengthen operator:            0.032s
  Time for satisfiability checks:        0.001s
Time for prec operator:                  2.406s
  Time for abstraction:                  1.757s (Max:     0.028s, Count: 855)
    Boolean abstraction:                 1.008s
    Solving time:                        0.261s (Max:     0.013s)
    Model enumeration time:              0.012s
    Time for BDD construction:           0.039s (Max:     0.006s)
Time for merge operator:                 0.277s
Time for coverage check:                 0.003s
  Time for BDD entailment checks:        0.001s
Total time for SMT solver (w/o itp):     1.214s

Number of BDD nodes:                               368
Size of BDD node table:                            466043
Size of BDD cache:                                 46619
Size of BDD node cleanup queue:                         777 (count: 19921, min: 0, max: 259, avg: 0.04)
Time for BDD node cleanup:                             0.003s
Time for BDD garbage collection:                       0.000s (in 0 runs)

PrecisionBootstrap statistics
-----------------------------
Init. function predicates:                         0
Init. global predicates:                           0
Init. location predicates:                         0

ImpactedCPA statistics
----------------------
  Number of invariants partial hits:                            0
  Number of invariants hits:                                    77
  Number of invariants trys:                                    113
  Number of invariants bots:                                    37
  Number of invariants not valid:                               1
  Initial reached size:                                         1754
  Input invariants file size:                                   9314
  Max impacted number of variables:                             0
  Number of last version invariants:                            293
  Number of this version invariants:                            283
  CPU time for invariant read:                                      1.180s
  CPU time for invariant write:                                     0.170s
  Time for invariant write:                                         0.090s
  Time for invariant read:                                          0.612s

AutomatonAnalysis (SVCOMP) statistics
-------------------------------------
Number of states:                                  1
Total time for successor computation:                  0.027s
Automaton transfers with branching:                0
Automaton transfer successors:                         9034 (count: 9034, min: 1, max: 1, avg: 1.00) [1 x 9034]

CPA algorithm statistics
------------------------
Number of iterations:            6321
Max size of waitlist:            111
Average size of waitlist:        80
Number of computed successors:   7153
Max successors for one state:    2
Number of times merged:          1141
Number of times stopped:         1315
Number of times abs stopped:     174
Number of times nonAbs stopped:  2464
Number of coverage check (part): 2638
Number of times doAbstraction node:  968
Number of times breaked:         1

Total time for CPA algorithm:         3.865s (Max:     3.368s)
CPU time for CPA algorithm:           7.900s
  Time for choose from waitlist:      0.020s
  Time for precision adjustment:      1.916s
  Time for transfer relation:         1.420s
  Time for merge operator:            0.308s
  Time for stop operator:             0.039s
  Time for adding to reached set:     0.033s

Predicate-Abstraction Refiner statistics
----------------------------------------
Avg. length of target path (in blocks):                  29 (count: 1, min: 29, max: 29, avg: 29.00)
Number of infeasible sliced prefixes:                     0 (count: 0, min: 0, max: 0, avg: 0.00)

Time for refinement:                                   0.120s
  Counterexample analysis:                0.103s (Max:     0.103s, Calls: 1)
    Refinement sat check:                 0.023s
    Interpolant computation:              0.000s
  Error path post-processing:                          0.000s
  Path-formulas extraction:                            0.000s
  Building the counterexample trace:                   0.103s
  Extracting precise counterexample:                   0.000s
  Extracting infeasible sliced prefixes:               0.000s
  Selecting infeasible sliced prefixes:                0.000s
  Predicate creation:                                  0.001s
  Precision update:                                    0.002s
  ARG update:                                          0.010s

Length of refined path (in blocks):                      28 (count: 1, min: 28, max: 28, avg: 28.00)
Number of affected states:                               10 (count: 1, min: 10, max: 10, avg: 10.00)
Length (states) of path with itp 'true':                 17 (count: 1, min: 17, max: 17, avg: 17.00)
Length (states) of path with itp non-trivial itp:        10 (count: 1, min: 10, max: 10, avg: 10.00)
Length (states) of path with itp 'false':                 1 (count: 1, min: 1, max: 1, avg: 1.00)
Different non-trivial interpolants along paths:           0 (count: 1, min: 0, max: 0, avg: 0.00)
Equal non-trivial interpolants along paths:               9 (count: 1, min: 9, max: 9, avg: 9.00)
Different precisions along paths:                         0 (count: 0, min: 0, max: 0, avg: 0.00)
Equal precisions along paths:                             0 (count: 0, min: 0, max: 0, avg: 0.00)
Number of refs with location-based cutoff:                0

CEGAR algorithm statistics
--------------------------
Number of refinements:                1
Number of successful refinements:     1
Number of failed refinements:         0
Max. size of reached set before ref.: 7049
Max. size of reached set after ref.:  6983
Avg. size of reached set before ref.: 7049.00
Avg. size of reached set after ref.:  6983.00

Total time for CEGAR algorithm:       3.992s
CPU time for CEGAR algorithm:         7.950s
Time for refinements:                 0.127s
CPU time for refinements:             0.250s
Average time for refinement:          0.127s
Max time for refinement:              0.127s
First time for refinement:             1.932s
Last time for refinement:              0.497s
Average time for analysis:          1.932s
Number of analysis:                2

Code Coverage
-----------------------------
  Visited lines:          5146
  Total lines:            10
  Line coverage:          514.600

CPAchecker general statistics
-----------------------------
Number of program locations:     4696
Number of CFA edges:             5701
Number of relevant variables:    686
Number of functions:             161
Number of loops:                 18
Size of reached set:             7509
  Number of reached locations:   3700 (79%)
    Avg states per location:     2
    Max states per location:     74 (at node N322)
  Number of reached functions:   72 (45%)
  Number of partitions:          7496
    Avg size of partitions:      1
    Max size of partitions:      3 (with key [N323 (entry of function __create_pipe in include/linux/usb.h, lines 1521-1529), 344640623, Init])
  Number of target states:       0

Time for analysis setup:                  16.974s
  Time for cfa diff:                  10.946s
  Time for loading CPAs:                   0.440s
  Time for impacted traverse:              0.020s
  Time for loading parser:        0.024s
  Time for CFA construction:      1.933s
    Time for parsing file(s):     0.444s
    Time for AST to CFA:          0.744s
    Time for CFA sanity check:    0.000s
    Time for post-processing:     0.533s
      Time for var class.:        0.000s
Time for normal Analysis:                         3.992s
CPU time for analysis:                    13.330s
CPU time for impacted:                     0.750s
CPU time for normal analysis:              7.960s
CPU time for init:                         5.370s

Time for Garbage Collector:       0.338s (in 10 runs)
Garbage Collector(s) used:    PS MarkSweep, PS Scavenge
Used heap memory:                477MB (   454 MiB) max;    128MB (   122 MiB) avg;    513MB (   489 MiB) peak
Used non-heap memory:             39MB (    37 MiB) max;     30MB (    28 MiB) avg;     40MB (    38 MiB) peak
Used in PS Old Gen pool:          33MB (    32 MiB) max;     24MB (    23 MiB) avg;     43MB (    41 MiB) peak
Allocated heap memory:           582MB (   555 MiB) max;    311MB (   297 MiB) avg
Allocated non-heap memory:        40MB (    39 MiB) max;     31MB (    30 MiB) avg
Total process virtual memory:  13309MB ( 12693 MiB) max;  13292MB ( 12677 MiB) avg

Verification result: TRUE. No property violation found by chosen configuration.
More details about the verification run can be found in the directory "/home/yqs17/blazer/cpachecker-inc-pred/output-us-precise-cfa/39_7a.usb--serial--mos7840.ko.set/037.405f557.39_7a.cil_safe.i".
