scripts/cpa.sh -heap 10000M -predicateAnalysis-ABElfb-debug -setprop cpa.impacted.eliminate=true -disable-java-assertions -outputpath /home/yqs17/blazer/cpachecker-inc-pred/output-us-precise-cfa/32_7a.isdn--mISDN--mISDN_core.ko.set/003.ce425a9.32_7a.cil_safe.i -isIncPred -spec /home/yqs17/blazer/cpachecker-inc-pred/LDVErrorLabel.spc -stats -setprop cpa.impacted.pre_invariants.file=/home/yqs17/blazer/cpachecker-inc-pred/output-us-precise-cfa/32_7a.isdn--mISDN--mISDN_core.ko.set/002.ff4cc1d.32_7a.cil_safe.i/impacted-invariants.txt -setprop analysis.prev.program=/home/yqs17/blazer/cpachecker-inc-pred/programs/drivers--isdn--mISDN--mISDN_core.ko/002.ff4cc1d.32_7a.cil_safe.i -entryfunction ldv_main0_sequence_infinite_withcheck_stateful /home/yqs17/blazer/cpachecker-inc-pred/programs/drivers--isdn--mISDN--mISDN_core.ko/003.ce425a9.32_7a.cil_safe.i


--------------------------------------------------------------------------------


Running CPAchecker with Java heap of size 10000M.
Running CPAchecker with the following extra VM options:  -Djava.io.tmpdir=/tmp/BenchExec_run_5dguasxr/tmp
Number of modified edges: 19
Begin analysis 
Read invariant objects done
ImpactedCPA statistics
----------------------
  Number of invariants partial hits:                            0
  Number of invariants hits:                                    33
  Number of invariants trys:                                    40
  Number of invariants bots:                                    7
  Number of invariants not valid:                               0
  Initial reached size:                                         1328
  Input invariants file size:                                   2479
  Max impacted number of variables:                             0
  Number of last version invariants:                            375
  Number of this version invariants:                            0
  CPU time for invariant read:                                      1.440s
  CPU time for invariant write:                                     0.000s
  Time for invariant write:                                         0.000s
  Time for invariant read:                                          0.744s

AutomatonAnalysis (SVCOMP) statistics
-------------------------------------
Number of states:                                  1
Total time for successor computation:                  0.012s
Automaton transfers with branching:                0
Automaton transfer successors:                         1215 (count: 1215, min: 1, max: 1, avg: 1.00) [1 x 1215]

CPA algorithm statistics
------------------------
Number of iterations:            1210
Max size of waitlist:            5
Average size of waitlist:        1
Number of computed successors:   1215
Max successors for one state:    2
Number of times merged:          0
Number of times stopped:         1
Number of times abs stopped:     16
Number of times nonAbs stopped:  130
Number of coverage check (part): 146
Number of times doAbstraction node:  140
Number of times breaked:         1

Total time for CPA algorithm:         0.135s (Max:     0.135s)
CPU time for CPA algorithm:           0.880s
  Time for choose from waitlist:      0.006s
  Time for precision adjustment:      0.017s
  Time for transfer relation:         0.064s
  Time for merge operator:            0.001s
  Time for stop operator:             0.013s
  Time for adding to reached set:     0.006s

PredicateCPA statistics
-----------------------
Read Precision Time:                0.000s
Precision file size:                1411
Write Precision Time:               0.004s
Number of abstractions:            100 (6% of all post computations)
  Times abstraction was reused:    0
  Because of function entry/exit:  124 (124%)
  Because of loop head:            16 (16%)
  Because of join nodes:           0 (0%)
  Because of threshold:            0 (0%)
  Times precision was empty:       0 (0%)
  Times precision was {false}:     0 (0%)
  Times result was cached:         27 (20%)
  Times cartesian abs was used:    0 (0%)
  Times boolean abs was used:      106 (80%)
  Times result was 'false':        0 (0%)
Number of strengthen sat checks:   0
Number of coverage checks:         146
  BDD entailment checks:           16
Number of SMT sat checks:          1340
  trivial:                         671
  cached:                          560

Max ABE block size:                       9
Number of predicates discovered:          2
Number of abstraction locations:          0
Max number of predicates per location:    0
Avg number of predicates per location:    0
Total predicates per abstraction:         185
Max number of predicates per abstraction: 2
Avg number of predicates per abstraction: 1.75
Number of irrelevant predicates:          0 (0%)
Number of preds handled by boolean abs:   185 (100%)
  Total number of models for allsat:      106
  Max number of models for allsat:        1
  Avg number of models for allsat:        1.00

Number of path formula cache hits:   93 (5%)

Time for post operator:                  4.969s
  Time for path formula creation:        1.000s
    Actual computation:                  0.928s
Time for strengthen operator:            0.013s
Time for prec operator:                  0.424s
  Time for abstraction:                  0.123s (Max:     0.005s, Count: 100)
    Boolean abstraction:                 0.214s
    Solving time:                        0.168s (Max:     0.144s)
    Model enumeration time:              0.005s
    Time for BDD construction:           0.014s (Max:     0.008s)
Time for merge operator:                 0.028s
Time for coverage check:                 0.001s
  Time for BDD entailment checks:        0.000s
Total time for SMT solver (w/o itp):     3.274s

Number of BDD nodes:                               203
Size of BDD node table:                            466043
Size of BDD cache:                                 46619
Size of BDD node cleanup queue:                           0 (count: 47582, min: 0, max: 0, avg: 0.00)
Time for BDD node cleanup:                             0.006s
Time for BDD garbage collection:                       0.000s (in 0 runs)

PrecisionBootstrap statistics
-----------------------------
Init. function predicates:                         0
Init. global predicates:                           0
Init. location predicates:                         0

ImpactedCPA statistics
----------------------
  Number of invariants partial hits:                            0
  Number of invariants hits:                                    33
  Number of invariants trys:                                    40
  Number of invariants bots:                                    7
  Number of invariants not valid:                               0
  Initial reached size:                                         1328
  Input invariants file size:                                   2479
  Max impacted number of variables:                             0
  Number of last version invariants:                            375
  Number of this version invariants:                            66
  CPU time for invariant read:                                      1.440s
  CPU time for invariant write:                                     0.100s
  Time for invariant write:                                         0.056s
  Time for invariant read:                                          0.744s

AutomatonAnalysis (SVCOMP) statistics
-------------------------------------
Number of states:                                  1
Total time for successor computation:                  0.008s
Automaton transfers with branching:                0
Automaton transfer successors:                         1765 (count: 1765, min: 1, max: 1, avg: 1.00) [1 x 1765]

CPA algorithm statistics
------------------------
Number of iterations:            402
Max size of waitlist:            9
Average size of waitlist:        6
Number of computed successors:   426
Max successors for one state:    2
Number of times merged:          60
Number of times stopped:         76
Number of times abs stopped:     16
Number of times nonAbs stopped:  130
Number of coverage check (part): 146
Number of times doAbstraction node:  140
Number of times breaked:         0

Total time for CPA algorithm:         0.312s (Max:     0.312s)
CPU time for CPA algorithm:           0.880s
  Time for choose from waitlist:      0.001s
  Time for precision adjustment:      0.143s
  Time for transfer relation:         0.124s
  Time for merge operator:            0.026s
  Time for stop operator:             0.002s
  Time for adding to reached set:     0.004s

Predicate-Abstraction Refiner statistics
----------------------------------------
  Predicate creation:                                  0.000s
  Precision update:                                    0.000s
  ARG update:                                          0.000s

Length of refined path (in blocks):                       0 (count: 0, min: 0, max: 0, avg: 0.00)
Number of affected states:                                0 (count: 0, min: 0, max: 0, avg: 0.00)
Length (states) of path with itp 'true':                  0 (count: 0, min: 0, max: 0, avg: 0.00)
Length (states) of path with itp non-trivial itp:         0 (count: 0, min: 0, max: 0, avg: 0.00)
Length (states) of path with itp 'false':                 0 (count: 0, min: 0, max: 0, avg: 0.00)
Different non-trivial interpolants along paths:           0 (count: 0, min: 0, max: 0, avg: 0.00)
Equal non-trivial interpolants along paths:               0 (count: 0, min: 0, max: 0, avg: 0.00)
Different precisions along paths:                         0 (count: 0, min: 0, max: 0, avg: 0.00)
Equal precisions along paths:                             0 (count: 0, min: 0, max: 0, avg: 0.00)
Number of refs with location-based cutoff:                0

CEGAR algorithm statistics
--------------------------
Number of refinements:                0
Refinement times:             0
First time for refinement:             0.312s
Last time for refinement:              0.312s
Average time for analysis:          0.312s
Number of analysis:                1

Code Coverage
-----------------------------
  Visited lines:          3889
  Total lines:            4
  Line coverage:          972.250

CPAchecker general statistics
-----------------------------
Number of program locations:     15315
Number of CFA edges:             24114
Number of relevant variables:    2044
Number of functions:             367
Number of loops:                 43
Size of reached set:             1678
  Number of reached locations:   1422 (9%)
    Avg states per location:     1
    Max states per location:     11 (at node N385)
  Number of reached functions:   25 (7%)
  Number of partitions:          1678
    Avg size of partitions:      1
    Max size of partitions:      1
  Number of target states:       0

Time for analysis setup:                  49.390s
  Time for cfa diff:                  38.843s
  Time for loading CPAs:                   0.604s
  Time for impacted traverse:              0.069s
  Time for loading parser:        0.023s
  Time for CFA construction:      3.508s
    Time for parsing file(s):     0.602s
    Time for AST to CFA:          1.213s
    Time for CFA sanity check:    0.000s
    Time for post-processing:     1.391s
      Time for var class.:        0.000s
Time for normal Analysis:                         0.313s
CPU time for analysis:                    11.040s
CPU time for impacted:                     0.930s
CPU time for normal analysis:              0.630s
CPU time for init:                        10.410s

Time for Garbage Collector:       0.831s (in 11 runs)
Garbage Collector(s) used:    PS MarkSweep, PS Scavenge
Used heap memory:                686MB (   654 MiB) max;    191MB (   182 MiB) avg;    723MB (   689 MiB) peak
Used non-heap memory:             44MB (    42 MiB) max;     31MB (    30 MiB) avg;     45MB (    43 MiB) peak
Used in PS Old Gen pool:          62MB (    59 MiB) max;     50MB (    48 MiB) avg;     62MB (    59 MiB) peak
Allocated heap memory:          1060MB (  1011 MiB) max;    477MB (   455 MiB) avg
Allocated non-heap memory:        45MB (    43 MiB) max;     32MB (    31 MiB) avg
Total process virtual memory:  13309MB ( 12693 MiB) max;  13293MB ( 12677 MiB) avg

Verification result: TRUE. No property violation found by chosen configuration.
More details about the verification run can be found in the directory "/home/yqs17/blazer/cpachecker-inc-pred/output-us-precise-cfa/32_7a.isdn--mISDN--mISDN_core.ko.set/003.ce425a9.32_7a.cil_safe.i".
