scripts/cpa.sh -heap 10000M -predicateAnalysis-ABElfb-debug -setprop cpa.impacted.eliminate=true -disable-java-assertions -outputpath /home/yqs17/blazer/cpachecker-inc-pred/output-us-precise-cfa/39_7a.media--video--videobuf-vmalloc.ko.set/035.bb6dbe7.39_7a.cil_safe.i -isIncPred -spec /home/yqs17/blazer/cpachecker-inc-pred/LDVErrorLabel.spc -stats -setprop cpa.impacted.pre_invariants.file=/home/yqs17/blazer/cpachecker-inc-pred/output-us-precise-cfa/39_7a.media--video--videobuf-vmalloc.ko.set/034.959794d.39_7a.cil_safe.i/impacted-invariants.txt -setprop analysis.prev.program=/home/yqs17/blazer/cpachecker-inc-pred/programs/drivers--media--video--videobuf-vmalloc.ko/034.959794d.39_7a.cil_safe.i -entryfunction ldv_main0_sequence_infinite_withcheck_stateful /home/yqs17/blazer/cpachecker-inc-pred/programs/drivers--media--video--videobuf-vmalloc.ko/035.bb6dbe7.39_7a.cil_safe.i


--------------------------------------------------------------------------------


Running CPAchecker with Java heap of size 10000M.
Running CPAchecker with the following extra VM options:  -Djava.io.tmpdir=/tmp/BenchExec_run_1_0jfopa/tmp
Number of modified edges: 14
Begin analysis 
Read invariant objects done
ImpactedCPA statistics
----------------------
  Number of invariants partial hits:                            0
  Number of invariants hits:                                    20
  Number of invariants trys:                                    29
  Number of invariants bots:                                    9
  Number of invariants not valid:                               0
  Initial reached size:                                         639
  Input invariants file size:                                   1594
  Max impacted number of variables:                             0
  Number of last version invariants:                            29
  Number of this version invariants:                            0
  CPU time for invariant read:                                      0.200s
  CPU time for invariant write:                                     0.000s
  Time for invariant write:                                         0.000s
  Time for invariant read:                                          0.107s

AutomatonAnalysis (SVCOMP) statistics
-------------------------------------
Number of states:                                  1
Total time for successor computation:                  0.003s
Automaton transfers with branching:                0
Automaton transfer successors:                          500 (count: 500, min: 1, max: 1, avg: 1.00) [1 x 500]

CPA algorithm statistics
------------------------
Number of iterations:            490
Max size of waitlist:            10
Average size of waitlist:        1
Number of computed successors:   500
Max successors for one state:    2
Number of times merged:          0
Number of times stopped:         1
Number of times abs stopped:     14
Number of times nonAbs stopped:  174
Number of coverage check (part): 188
Number of times doAbstraction node:  56
Number of times breaked:         1

Total time for CPA algorithm:         0.069s (Max:     0.069s)
CPU time for CPA algorithm:           0.500s
  Time for choose from waitlist:      0.000s
  Time for precision adjustment:      0.011s
  Time for transfer relation:         0.038s
  Time for merge operator:            0.000s
  Time for stop operator:             0.002s
  Time for adding to reached set:     0.003s

PredicateCPA statistics
-----------------------
Read Precision Time:                0.000s
Precision file size:                0
Write Precision Time:               0.002s
Number of abstractions:            27 (3% of all post computations)
  Times abstraction was reused:    0
  Because of function entry/exit:  43 (159%)
  Because of loop head:            13 (48%)
  Because of join nodes:           0 (0%)
  Because of threshold:            0 (0%)
  Times precision was empty:       0 (0%)
  Times precision was {false}:     0 (0%)
  Times result was cached:         6 (13%)
  Times cartesian abs was used:    0 (0%)
  Times boolean abs was used:      41 (87%)
  Times result was 'false':        0 (0%)
Number of strengthen sat checks:   0
Number of coverage checks:         188
  BDD entailment checks:           14
Number of SMT sat checks:          660
  trivial:                         359
  cached:                          202

Max ABE block size:                       15
Number of predicates discovered:          6
Number of abstraction locations:          0
Max number of predicates per location:    0
Avg number of predicates per location:    0
Total predicates per abstraction:         227
Max number of predicates per abstraction: 6
Avg number of predicates per abstraction: 5.54
Number of irrelevant predicates:          13 (6%)
Number of preds handled by boolean abs:   214 (94%)
  Total number of models for allsat:      47
  Max number of models for allsat:        2
  Avg number of models for allsat:        1.15

Number of path formula cache hits:   123 (14%)

Time for post operator:                  0.691s
  Time for path formula creation:        0.354s
    Actual computation:                  0.329s
Time for strengthen operator:            0.003s
Time for prec operator:                  0.264s
  Time for abstraction:                  0.091s (Max:     0.020s, Count: 27)
    Boolean abstraction:                 0.094s
    Solving time:                        0.032s (Max:     0.010s)
    Model enumeration time:              0.005s
    Time for BDD construction:           0.009s (Max:     0.004s)
Time for merge operator:                 0.020s
Time for coverage check:                 0.002s
  Time for BDD entailment checks:        0.001s
Total time for SMT solver (w/o itp):     0.241s

Number of BDD nodes:                               225
Size of BDD node table:                            466043
Size of BDD cache:                                 46619
Size of BDD node cleanup queue:                           0 (count: 4644, min: 0, max: 0, avg: 0.00)
Time for BDD node cleanup:                             0.000s
Time for BDD garbage collection:                       0.000s (in 0 runs)

PrecisionBootstrap statistics
-----------------------------
Init. function predicates:                         0
Init. global predicates:                           0
Init. location predicates:                         0

ImpactedCPA statistics
----------------------
  Number of invariants partial hits:                            0
  Number of invariants hits:                                    20
  Number of invariants trys:                                    29
  Number of invariants bots:                                    9
  Number of invariants not valid:                               0
  Initial reached size:                                         639
  Input invariants file size:                                   1594
  Max impacted number of variables:                             0
  Number of last version invariants:                            29
  Number of this version invariants:                            27
  CPU time for invariant read:                                      0.200s
  CPU time for invariant write:                                     0.030s
  Time for invariant write:                                         0.019s
  Time for invariant read:                                          0.107s

AutomatonAnalysis (SVCOMP) statistics
-------------------------------------
Number of states:                                  1
Total time for successor computation:                  0.005s
Automaton transfers with branching:                0
Automaton transfer successors:                          863 (count: 863, min: 1, max: 1, avg: 1.00) [1 x 863]

CPA algorithm statistics
------------------------
Number of iterations:            188
Max size of waitlist:            15
Average size of waitlist:        11
Number of computed successors:   208
Max successors for one state:    2
Number of times merged:          79
Number of times stopped:         93
Number of times abs stopped:     14
Number of times nonAbs stopped:  174
Number of coverage check (part): 188
Number of times doAbstraction node:  56
Number of times breaked:         0

Total time for CPA algorithm:         0.191s (Max:     0.191s)
CPU time for CPA algorithm:           0.500s
  Time for choose from waitlist:      0.002s
  Time for precision adjustment:      0.097s
  Time for transfer relation:         0.066s
  Time for merge operator:            0.019s
  Time for stop operator:             0.003s
  Time for adding to reached set:     0.001s

Predicate-Abstraction Refiner statistics
----------------------------------------
  Predicate creation:                                  0.000s
  Precision update:                                    0.000s
  ARG update:                                          0.000s

Length of refined path (in blocks):                       0 (count: 0, min: 0, max: 0, avg: 0.00)
Number of affected states:                                0 (count: 0, min: 0, max: 0, avg: 0.00)
Length (states) of path with itp 'true':                  0 (count: 0, min: 0, max: 0, avg: 0.00)
Length (states) of path with itp non-trivial itp:         0 (count: 0, min: 0, max: 0, avg: 0.00)
Length (states) of path with itp 'false':                 0 (count: 0, min: 0, max: 0, avg: 0.00)
Different non-trivial interpolants along paths:           0 (count: 0, min: 0, max: 0, avg: 0.00)
Equal non-trivial interpolants along paths:               0 (count: 0, min: 0, max: 0, avg: 0.00)
Different precisions along paths:                         0 (count: 0, min: 0, max: 0, avg: 0.00)
Equal precisions along paths:                             0 (count: 0, min: 0, max: 0, avg: 0.00)
Number of refs with location-based cutoff:                0

CEGAR algorithm statistics
--------------------------
Number of refinements:                0
Refinement times:             0
First time for refinement:             0.191s
Last time for refinement:              0.191s
Average time for analysis:          0.191s
Number of analysis:                1

Code Coverage
-----------------------------
  Visited lines:          1932
  Total lines:            13
  Line coverage:          148.615

CPAchecker general statistics
-----------------------------
Number of program locations:     1377
Number of CFA edges:             1544
Number of relevant variables:    149
Number of functions:             64
Number of loops:                 4
Size of reached set:             754
  Number of reached locations:   716 (52%)
    Avg states per location:     1
    Max states per location:     7 (at node N613)
  Number of reached functions:   12 (19%)
  Number of partitions:          754
    Avg size of partitions:      1
    Max size of partitions:      1
  Number of target states:       0

Time for analysis setup:                   4.633s
  Time for cfa diff:                   2.029s
  Time for loading CPAs:                   0.348s
  Time for impacted traverse:              0.007s
  Time for loading parser:        0.020s
  Time for CFA construction:      1.041s
    Time for parsing file(s):     0.286s
    Time for AST to CFA:          0.425s
    Time for CFA sanity check:    0.000s
    Time for post-processing:     0.217s
      Time for var class.:        0.000s
Time for normal Analysis:                         0.191s
CPU time for analysis:                     2.150s
CPU time for impacted:                     0.490s
CPU time for normal analysis:              0.400s
CPU time for init:                         1.770s

Time for Garbage Collector:       0.188s (in 5 runs)
Garbage Collector(s) used:    PS MarkSweep, PS Scavenge
Used heap memory:                100MB (    95 MiB) max;     50MB (    48 MiB) avg;    122MB (   117 MiB) peak
Used non-heap memory:             32MB (    31 MiB) max;     24MB (    23 MiB) avg;     34MB (    33 MiB) peak
Used in PS Old Gen pool:          21MB (    20 MiB) max;      7MB (     7 MiB) avg;     23MB (    22 MiB) peak
Allocated heap memory:           257MB (   246 MiB) max;    194MB (   185 MiB) avg
Allocated non-heap memory:        35MB (    33 MiB) max;     26MB (    25 MiB) avg
Total process virtual memory:  13307MB ( 12691 MiB) max;  13277MB ( 12662 MiB) avg

Verification result: TRUE. No property violation found by chosen configuration.
More details about the verification run can be found in the directory "/home/yqs17/blazer/cpachecker-inc-pred/output-us-precise-cfa/39_7a.media--video--videobuf-vmalloc.ko.set/035.bb6dbe7.39_7a.cil_safe.i".
