scripts/cpa.sh -heap 10000M -predicateAnalysis-ABElfb-debug -setprop cpa.impacted.eliminate=true -disable-java-assertions -outputpath /home/yqs17/blazer/cpachecker-inc-pred/output-us-precise-cfa/39_7a.mtd--ar7part.ko.set/001.986ee01.39_7a.cil_safe.i -stats -spec /home/yqs17/blazer/cpachecker-inc-pred/LDVErrorLabel.spc -entryfunction ldv_main0_sequence_infinite_withcheck_stateful /home/yqs17/blazer/cpachecker-inc-pred/programs/drivers--mtd--ar7part.ko/001.986ee01.39_7a.cil_safe.i


--------------------------------------------------------------------------------


Running CPAchecker with Java heap of size 10000M.
Running CPAchecker with the following extra VM options:  -Djava.io.tmpdir=/tmp/BenchExec_run_jd8eh9mn/tmp
Begin analysis 
PredicateCPA statistics
-----------------------
Read Precision Time:                0.000s
Precision file size:                0
Write Precision Time:               0.004s
Number of abstractions:            140 (9% of all post computations)
  Times abstraction was reused:    0
  Because of function entry/exit:  74 (53%)
  Because of loop head:            66 (47%)
  Because of join nodes:           0 (0%)
  Because of threshold:            0 (0%)
  Times precision was empty:       47 (34%)
  Times precision was {false}:     14 (10%)
  Times result was cached:         36 (26%)
  Times cartesian abs was used:    0 (0%)
  Times boolean abs was used:      43 (31%)
  Times result was 'false':        10 (7%)
Number of strengthen sat checks:   4
  Times result was 'false':        0 (0%)
Number of coverage checks:         172
  BDD entailment checks:           60
Number of SMT sat checks:          4
  trivial:                         4
  cached:                          0

Max ABE block size:                       25
Number of predicates discovered:          3
Number of abstraction locations:          0
Max number of predicates per location:    0
Avg number of predicates per location:    0
Total predicates per abstraction:         83
Max number of predicates per abstraction: 2
Avg number of predicates per abstraction: 1.46
Number of irrelevant predicates:          23 (28%)
Number of preds handled by boolean abs:   60 (72%)
  Total number of models for allsat:      43
  Max number of models for allsat:        1
  Avg number of models for allsat:        1.00

Number of path formula cache hits:   1204 (70%)

Time for post operator:                  0.293s
  Time for path formula creation:        0.226s
    Actual computation:                  0.195s
Time for strengthen operator:            0.015s
  Time for satisfiability checks:        0.000s
Time for prec operator:                  0.439s
  Time for abstraction:                  0.406s (Max:     0.042s, Count: 140)
    Boolean abstraction:                 0.103s
    Solving time:                        0.116s (Max:     0.018s)
    Model enumeration time:              0.001s
    Time for BDD construction:           0.003s (Max:     0.001s)
Time for merge operator:                 0.031s
Time for coverage check:                 0.015s
  Time for BDD entailment checks:        0.015s
Total time for SMT solver (w/o itp):     0.117s

Number of BDD nodes:                               204
Size of BDD node table:                            466043
Size of BDD cache:                                 46619
Size of BDD node cleanup queue:                          52 (count: 1796, min: 0, max: 52, avg: 0.03)
Time for BDD node cleanup:                             0.002s
Time for BDD garbage collection:                       0.000s (in 0 runs)

PrecisionBootstrap statistics
-----------------------------
Init. function predicates:                         0
Init. global predicates:                           0
Init. location predicates:                         0

ImpactedCPA statistics
----------------------
  Number of invariants partial hits:                            0
  Number of invariants hits:                                    0
  Number of invariants trys:                                    0
  Number of invariants bots:                                    0
  Number of invariants not valid:                               0
  Initial reached size:                                         1
  Input invariants file size:                                   0
  Max impacted number of variables:                             0
  Number of last version invariants:                            0
  Number of this version invariants:                            12
  CPU time for invariant read:                                      0.000s
  CPU time for invariant write:                                     0.170s
  Time for invariant write:                                         0.096s
  Time for invariant read:                                          0.000s

AutomatonAnalysis (SVCOMP) statistics
-------------------------------------
Number of states:                                  1
Total time for successor computation:                  0.019s
Automaton transfers with branching:                0
Automaton transfer successors:                         1587 (count: 1587, min: 1, max: 1, avg: 1.00) [1 x 1587]

CPA algorithm statistics
------------------------
Number of iterations:            1457
Max size of waitlist:            11
Average size of waitlist:        5
Number of computed successors:   1587
Max successors for one state:    2
Number of times merged:          56
Number of times stopped:         110
Number of times abs stopped:     54
Number of times nonAbs stopped:  112
Number of coverage check (part): 172
Number of times doAbstraction node:  140
Number of times breaked:         4

Total time for CPA algorithm:         1.036s (Max:     0.300s)
CPU time for CPA algorithm:           2.010s
  Time for choose from waitlist:      0.004s
  Time for precision adjustment:      0.464s
  Time for transfer relation:         0.435s
  Time for merge operator:            0.038s
  Time for stop operator:             0.035s
  Time for adding to reached set:     0.018s

Predicate-Abstraction Refiner statistics
----------------------------------------
Avg. length of target path (in blocks):                  40 (count: 4, min: 8, max: 12, avg: 10.00)
Number of infeasible sliced prefixes:                     0 (count: 0, min: 0, max: 0, avg: 0.00)

Time for refinement:                                   0.197s
  Counterexample analysis:                0.168s (Max:     0.063s, Calls: 4)
    Refinement sat check:                 0.070s
    Interpolant computation:              0.000s
  Error path post-processing:                          0.000s
  Path-formulas extraction:                            0.000s
  Building the counterexample trace:                   0.168s
  Extracting precise counterexample:                   0.000s
  Extracting infeasible sliced prefixes:               0.000s
  Selecting infeasible sliced prefixes:                0.000s
  Predicate creation:                                  0.006s
  Precision update:                                    0.002s
  ARG update:                                          0.010s

Length of refined path (in blocks):                      36 (count: 4, min: 7, max: 11, avg: 9.00)
Number of affected states:                               28 (count: 4, min: 5, max: 9, avg: 7.00)
Length (states) of path with itp 'true':                  4 (count: 4, min: 1, max: 1, avg: 1.00)
Length (states) of path with itp non-trivial itp:        28 (count: 4, min: 5, max: 9, avg: 7.00)
Length (states) of path with itp 'false':                 4 (count: 4, min: 1, max: 1, avg: 1.00)
Different non-trivial interpolants along paths:           0 (count: 4, min: 0, max: 0, avg: 0.00)
Equal non-trivial interpolants along paths:              24 (count: 4, min: 4, max: 8, avg: 6.00)
Different precisions along paths:                         0 (count: 0, min: 0, max: 0, avg: 0.00)
Equal precisions along paths:                             0 (count: 0, min: 0, max: 0, avg: 0.00)
Number of refs with location-based cutoff:                0

CEGAR algorithm statistics
--------------------------
Number of refinements:                4
Number of successful refinements:     4
Number of failed refinements:         0
Max. size of reached set before ref.: 478
Max. size of reached set after ref.:  151
Avg. size of reached set before ref.: 435.00
Avg. size of reached set after ref.:  151.00

Total time for CEGAR algorithm:       1.246s
CPU time for CEGAR algorithm:         2.430s
Time for refinements:                 0.208s
CPU time for refinements:             0.420s
Average time for refinement:          0.052s
Max time for refinement:              0.077s
First time for refinement:             0.207s
Last time for refinement:              0.114s
Average time for analysis:          0.207s
Number of analysis:                5

Code Coverage
-----------------------------
  Visited lines:          525
  Total lines:            75
  Line coverage:          7.000

CPAchecker general statistics
-----------------------------
Number of program locations:     470
Number of CFA edges:             513
Number of relevant variables:    38
Number of functions:             28
Number of loops:                 4
Size of reached set:             332
  Number of reached locations:   284 (60%)
    Avg states per location:     1
    Max states per location:     3 (at node N0)
  Number of reached functions:   5 (18%)
  Number of partitions:          332
    Avg size of partitions:      1
    Max size of partitions:      1
  Number of target states:       0

Time for analysis setup:                   0.949s
  Time for cfa diff:                   0.000s
  Time for loading CPAs:                   0.297s
  Time for impacted traverse:              0.002s
  Time for loading parser:        0.020s
  Time for CFA construction:      0.550s
    Time for parsing file(s):     0.189s
    Time for AST to CFA:          0.197s
    Time for CFA sanity check:    0.000s
    Time for post-processing:     0.096s
      Time for var class.:        0.000s
Time for normal Analysis:                         1.246s
CPU time for analysis:                     2.430s
CPU time for impacted:                     0.000s
CPU time for normal analysis:              2.430s
CPU time for init:                         0.000s

Time for Garbage Collector:       0.101s (in 5 runs)
Garbage Collector(s) used:    PS MarkSweep, PS Scavenge
Used heap memory:                 97MB (    92 MiB) max;     46MB (    44 MiB) avg;    104MB (    99 MiB) peak
Used non-heap memory:             32MB (    31 MiB) max;     24MB (    23 MiB) avg;     34MB (    32 MiB) peak
Used in PS Old Gen pool:          13MB (    12 MiB) max;      8MB (     7 MiB) avg;     18MB (    17 MiB) peak
Allocated heap memory:           190MB (   182 MiB) max;    174MB (   166 MiB) avg
Allocated non-heap memory:        33MB (    32 MiB) max;     25MB (    24 MiB) avg
Total process virtual memory:  13238MB ( 12625 MiB) max;  13235MB ( 12622 MiB) avg

Verification result: TRUE. No property violation found by chosen configuration.
More details about the verification run can be found in the directory "/home/yqs17/blazer/cpachecker-inc-pred/output-us-precise-cfa/39_7a.mtd--ar7part.ko.set/001.986ee01.39_7a.cil_safe.i".
