scripts/cpa.sh -heap 10000M -predicateAnalysis-ABElfb-debug -setprop cpa.impacted.eliminate=true -disable-java-assertions -outputpath /home/yqs17/blazer/cpachecker-inc-pred/output-us-precise-cfa/39_7a.staging--comedi--comedi_bond.ko.set/025.8b6c569.39_7a.cil_safe.i -isIncPred -spec /home/yqs17/blazer/cpachecker-inc-pred/LDVErrorLabel.spc -stats -setprop cpa.impacted.pre_invariants.file=/home/yqs17/blazer/cpachecker-inc-pred/output-us-precise-cfa/39_7a.staging--comedi--comedi_bond.ko.set/024.eea6838.39_7a.cil_safe.i/impacted-invariants.txt -setprop analysis.prev.program=/home/yqs17/blazer/cpachecker-inc-pred/programs/drivers--staging--comedi--comedi_bond.ko/024.eea6838.39_7a.cil_safe.i -entryfunction ldv_main0_sequence_infinite_withcheck_stateful /home/yqs17/blazer/cpachecker-inc-pred/programs/drivers--staging--comedi--comedi_bond.ko/025.8b6c569.39_7a.cil_safe.i


--------------------------------------------------------------------------------


Running CPAchecker with Java heap of size 10000M.
Running CPAchecker with the following extra VM options:  -Djava.io.tmpdir=/tmp/BenchExec_run_z41tjonz/tmp
Number of modified edges: 0
Begin analysis 
Read invariant objects done
ImpactedCPA statistics
----------------------
  Number of invariants partial hits:                            0
  Number of invariants hits:                                    2
  Number of invariants trys:                                    3
  Number of invariants bots:                                    1
  Number of invariants not valid:                               0
  Initial reached size:                                         332
  Input invariants file size:                                   1097
  Max impacted number of variables:                             0
  Number of last version invariants:                            20
  Number of this version invariants:                            0
  CPU time for invariant read:                                      0.230s
  CPU time for invariant write:                                     0.000s
  Time for invariant write:                                         0.000s
  Time for invariant read:                                          0.117s

AutomatonAnalysis (SVCOMP) statistics
-------------------------------------
Number of states:                                  1
Total time for successor computation:                  0.008s
Automaton transfers with branching:                0
Automaton transfer successors:                          360 (count: 360, min: 1, max: 1, avg: 1.00) [1 x 360]

CPA algorithm statistics
------------------------
Number of iterations:            355
Max size of waitlist:            6
Average size of waitlist:        1
Number of computed successors:   360
Max successors for one state:    2
Number of times merged:          0
Number of times stopped:         0
Number of times abs stopped:     13
Number of times nonAbs stopped:  32
Number of coverage check (part): 45
Number of times doAbstraction node:  43
Number of times breaked:         1

Total time for CPA algorithm:         0.060s (Max:     0.060s)
CPU time for CPA algorithm:           2.760s
  Time for choose from waitlist:      0.001s
  Time for precision adjustment:      0.008s
  Time for transfer relation:         0.034s
  Time for stop operator:             0.006s
  Time for adding to reached set:     0.002s

PredicateCPA statistics
-----------------------
Read Precision Time:                0.000s
Precision file size:                462
Write Precision Time:               0.009s
Number of abstractions:            40 (6% of all post computations)
  Times abstraction was reused:    0
  Because of function entry/exit:  29 (73%)
  Because of loop head:            14 (35%)
  Because of join nodes:           0 (0%)
  Because of threshold:            0 (0%)
  Times precision was empty:       0 (0%)
  Times precision was {false}:     0 (0%)
  Times result was cached:         2 (5%)
  Times cartesian abs was used:    0 (0%)
  Times boolean abs was used:      40 (95%)
  Times result was 'false':        2 (5%)
Number of strengthen sat checks:   0
Number of coverage checks:         45
  BDD entailment checks:           13
Number of SMT sat checks:          332
  trivial:                         288
  cached:                          38

Max ABE block size:                       37
Number of predicates discovered:          3
Number of abstraction locations:          0
Max number of predicates per location:    0
Avg number of predicates per location:    0
Total predicates per abstraction:         117
Max number of predicates per abstraction: 3
Avg number of predicates per abstraction: 2.93
Number of irrelevant predicates:          0 (0%)
Number of preds handled by boolean abs:   117 (100%)
  Total number of models for allsat:      38
  Max number of models for allsat:        1
  Avg number of models for allsat:        0.95

Number of path formula cache hits:   2 (0%)

Time for post operator:                  0.753s
  Time for path formula creation:        0.586s
    Actual computation:                  0.564s
Time for strengthen operator:            0.004s
Time for prec operator:                  0.623s
  Time for abstraction:                  0.590s (Max:     0.177s, Count: 40)
    Boolean abstraction:                 0.196s
    Solving time:                        0.148s (Max:     0.051s)
    Model enumeration time:              0.003s
    Time for BDD construction:           0.003s (Max:     0.001s)
Time for merge operator:                 0.140s
Time for coverage check:                 0.000s
  Time for BDD entailment checks:        0.000s
Total time for SMT solver (w/o itp):     0.280s

Number of BDD nodes:                               206
Size of BDD node table:                            466043
Size of BDD cache:                                 46619
Size of BDD node cleanup queue:                          41 (count: 3029, min: 0, max: 41, avg: 0.01)
Time for BDD node cleanup:                             0.000s
Time for BDD garbage collection:                       0.000s (in 0 runs)

PrecisionBootstrap statistics
-----------------------------
Init. function predicates:                         0
Init. global predicates:                           0
Init. location predicates:                         0

ImpactedCPA statistics
----------------------
  Number of invariants partial hits:                            0
  Number of invariants hits:                                    2
  Number of invariants trys:                                    3
  Number of invariants bots:                                    1
  Number of invariants not valid:                               0
  Initial reached size:                                         332
  Input invariants file size:                                   1097
  Max impacted number of variables:                             0
  Number of last version invariants:                            20
  Number of this version invariants:                            25
  CPU time for invariant read:                                      0.230s
  CPU time for invariant write:                                     0.050s
  Time for invariant write:                                         0.024s
  Time for invariant read:                                          0.117s

AutomatonAnalysis (SVCOMP) statistics
-------------------------------------
Number of states:                                  1
Total time for successor computation:                  0.008s
Automaton transfers with branching:                0
Automaton transfer successors:                          688 (count: 688, min: 1, max: 1, avg: 1.00) [1 x 688]

CPA algorithm statistics
------------------------
Number of iterations:            326
Max size of waitlist:            14
Average size of waitlist:        6
Number of computed successors:   356
Max successors for one state:    2
Number of times merged:          16
Number of times stopped:         29
Number of times abs stopped:     13
Number of times nonAbs stopped:  32
Number of coverage check (part): 45
Number of times doAbstraction node:  43
Number of times breaked:         0

Total time for CPA algorithm:         1.342s (Max:     1.342s)
CPU time for CPA algorithm:           2.760s
  Time for choose from waitlist:      0.003s
  Time for precision adjustment:      0.616s
  Time for transfer relation:         0.542s
  Time for merge operator:            0.145s
  Time for stop operator:             0.010s
  Time for adding to reached set:     0.002s

Predicate-Abstraction Refiner statistics
----------------------------------------
  Predicate creation:                                  0.000s
  Precision update:                                    0.000s
  ARG update:                                          0.000s

Length of refined path (in blocks):                       0 (count: 0, min: 0, max: 0, avg: 0.00)
Number of affected states:                                0 (count: 0, min: 0, max: 0, avg: 0.00)
Length (states) of path with itp 'true':                  0 (count: 0, min: 0, max: 0, avg: 0.00)
Length (states) of path with itp non-trivial itp:         0 (count: 0, min: 0, max: 0, avg: 0.00)
Length (states) of path with itp 'false':                 0 (count: 0, min: 0, max: 0, avg: 0.00)
Different non-trivial interpolants along paths:           0 (count: 0, min: 0, max: 0, avg: 0.00)
Equal non-trivial interpolants along paths:               0 (count: 0, min: 0, max: 0, avg: 0.00)
Different precisions along paths:                         0 (count: 0, min: 0, max: 0, avg: 0.00)
Equal precisions along paths:                             0 (count: 0, min: 0, max: 0, avg: 0.00)
Number of refs with location-based cutoff:                0

CEGAR algorithm statistics
--------------------------
Number of refinements:                0
Refinement times:             0
First time for refinement:             1.342s
Last time for refinement:              1.342s
Average time for analysis:          1.342s
Number of analysis:                1

Code Coverage
-----------------------------
  Function coverage:      0.111
  Visited lines:          1462
  Total lines:            76
  Line coverage:          19.237
  Visited conditions:     4
  Total conditions:       48
  Condition coverage:     0.083

CPAchecker general statistics
-----------------------------
Number of program locations:     891
Number of CFA edges:             965
Number of relevant variables:    134
Number of functions:             31
Number of loops:                 5
Size of reached set:             657
  Number of reached locations:   637 (71%)
    Avg states per location:     1
    Max states per location:     4 (at node N153)
  Number of reached functions:   10 (32%)
  Number of partitions:          657
    Avg size of partitions:      1
    Max size of partitions:      1
  Number of target states:       0

Time for analysis setup:                   3.990s
  Time for cfa diff:                   2.056s
  Time for loading CPAs:                   0.371s
  Time for impacted traverse:              0.007s
  Time for loading parser:        0.027s
  Time for CFA construction:      0.930s
    Time for parsing file(s):     0.293s
    Time for AST to CFA:          0.340s
    Time for CFA sanity check:    0.001s
    Time for post-processing:     0.191s
      Time for var class.:        0.000s
Time for normal Analysis:                         1.342s
CPU time for analysis:                     3.180s
CPU time for impacted:                     0.470s
CPU time for normal analysis:              2.650s
CPU time for init:                         0.530s

Time for Garbage Collector:       0.132s (in 5 runs)
Garbage Collector(s) used:    PS MarkSweep, PS Scavenge
Used heap memory:                111MB (   105 MiB) max;     45MB (    43 MiB) avg;    123MB (   117 MiB) peak
Used non-heap memory:             32MB (    31 MiB) max;     25MB (    24 MiB) avg;     34MB (    33 MiB) peak
Used in PS Old Gen pool:          21MB (    20 MiB) max;      8MB (     7 MiB) avg;     21MB (    20 MiB) peak
Allocated heap memory:           218MB (   208 MiB) max;    183MB (   174 MiB) avg
Allocated non-heap memory:        35MB (    33 MiB) max;     27MB (    25 MiB) avg
Total process virtual memory:  13307MB ( 12691 MiB) max;  13283MB ( 12668 MiB) avg

Verification result: TRUE. No property violation found by chosen configuration.
More details about the verification run can be found in the directory "/home/yqs17/blazer/cpachecker-inc-pred/output-us-precise-cfa/39_7a.staging--comedi--comedi_bond.ko.set/025.8b6c569.39_7a.cil_safe.i".
