scripts/cpa.sh -heap 10000M -predicateAnalysis-ABElfb-debug -setprop cpa.impacted.eliminate=true -disable-java-assertions -outputpath /home/yqs17/blazer/cpachecker-inc-pred/output-us-precise-cfa/32_7a.block--drbd--drbd.ko.set/098.d790d4d.32_7a.cil_safe.i -isIncPred -spec /home/yqs17/blazer/cpachecker-inc-pred/LDVErrorLabel.spc -stats -setprop cpa.impacted.pre_invariants.file=/home/yqs17/blazer/cpachecker-inc-pred/output-us-precise-cfa/32_7a.block--drbd--drbd.ko.set/096.698f931.32_7a.cil_safe.i/impacted-invariants.txt -setprop analysis.prev.program=/home/yqs17/blazer/cpachecker-inc-pred/programs/drivers--block--drbd--drbd.ko/096.698f931.32_7a.cil_safe.i -entryfunction ldv_main1_sequence_infinite_withcheck_stateful /home/yqs17/blazer/cpachecker-inc-pred/programs/drivers--block--drbd--drbd.ko/098.d790d4d.32_7a.cil_safe.i


--------------------------------------------------------------------------------


Running CPAchecker with Java heap of size 10000M.
Running CPAchecker with the following extra VM options:  -Djava.io.tmpdir=/tmp/BenchExec_run_tjkv_rrc/tmp
Number of modified edges: 363
Begin analysis 
Read invariant objects done
ImpactedCPA statistics
----------------------
  Number of invariants partial hits:                            0
  Number of invariants hits:                                    2
  Number of invariants trys:                                    3
  Number of invariants bots:                                    1
  Number of invariants not valid:                               0
  Initial reached size:                                         2031
  Input invariants file size:                                   4352
  Max impacted number of variables:                             0
  Number of last version invariants:                            737
  Number of this version invariants:                            0
  CPU time for invariant read:                                      0.670s
  CPU time for invariant write:                                     0.000s
  Time for invariant write:                                         0.000s
  Time for invariant read:                                          0.350s

AutomatonAnalysis (SVCOMP) statistics
-------------------------------------
Number of states:                                  1
Total time for successor computation:                  0.022s
Automaton transfers with branching:                0
Automaton transfer successors:                         2067 (count: 2067, min: 1, max: 1, avg: 1.00) [1 x 2067]

CPA algorithm statistics
------------------------
Number of iterations:            2061
Max size of waitlist:            5
Average size of waitlist:        1
Number of computed successors:   2067
Max successors for one state:    2
Number of times merged:          0
Number of times stopped:         3
Number of times abs stopped:     3
Number of times nonAbs stopped:  4
Number of coverage check (part): 7
Number of times doAbstraction node:  26
Number of times breaked:         1

Total time for CPA algorithm:         0.207s (Max:     0.207s)
CPU time for CPA algorithm:           0.610s
  Time for choose from waitlist:      0.000s
  Time for precision adjustment:      0.020s
  Time for transfer relation:         0.116s
  Time for merge operator:            0.000s
  Time for stop operator:             0.013s
  Time for adding to reached set:     0.010s

PredicateCPA statistics
-----------------------
Read Precision Time:                0.000s
Precision file size:                1585
Write Precision Time:               0.003s
Number of abstractions:            23 (1% of all post computations)
  Times abstraction was reused:    0
  Because of function entry/exit:  22 (96%)
  Because of loop head:            4 (17%)
  Because of join nodes:           0 (0%)
  Because of threshold:            0 (0%)
  Times precision was empty:       0 (0%)
  Times precision was {false}:     0 (0%)
  Times result was cached:         7 (28%)
  Times cartesian abs was used:    0 (0%)
  Times boolean abs was used:      18 (72%)
  Times result was 'false':        10 (43%)
Number of strengthen sat checks:   0
Number of coverage checks:         7
  BDD entailment checks:           3
Number of SMT sat checks:          2031
  trivial:                         1038
  cached:                          938

Max ABE block size:                       7
Number of predicates discovered:          6
Number of abstraction locations:          0
Max number of predicates per location:    0
Avg number of predicates per location:    0
Total predicates per abstraction:         102
Max number of predicates per abstraction: 6
Avg number of predicates per abstraction: 5.67
Number of irrelevant predicates:          0 (0%)
Number of preds handled by boolean abs:   102 (100%)
  Total number of models for allsat:      13
  Max number of models for allsat:        1
  Avg number of models for allsat:        0.72

Number of path formula cache hits:   2 (0%)

Time for post operator:                  3.090s
  Time for path formula creation:        1.234s
    Actual computation:                  1.193s
Time for strengthen operator:            0.008s
Time for prec operator:                  0.138s
  Time for abstraction:                  0.054s (Max:     0.014s, Count: 23)
    Boolean abstraction:                 0.055s
    Solving time:                        0.038s (Max:     0.031s)
    Model enumeration time:              0.001s
    Time for BDD construction:           0.001s (Max:     0.001s)
Time for merge operator:                 0.003s
Time for coverage check:                 0.000s
  Time for BDD entailment checks:        0.000s
Total time for SMT solver (w/o itp):     1.277s

Number of BDD nodes:                               221
Size of BDD node table:                            466043
Size of BDD cache:                                 46619
Size of BDD node cleanup queue:                           1 (count: 99834, min: 0, max: 1, avg: 0.00)
Time for BDD node cleanup:                             0.021s
Time for BDD garbage collection:                       0.000s (in 0 runs)

PrecisionBootstrap statistics
-----------------------------
Init. function predicates:                         0
Init. global predicates:                           0
Init. location predicates:                         0

ImpactedCPA statistics
----------------------
  Number of invariants partial hits:                            0
  Number of invariants hits:                                    2
  Number of invariants trys:                                    3
  Number of invariants bots:                                    1
  Number of invariants not valid:                               0
  Initial reached size:                                         2031
  Input invariants file size:                                   4352
  Max impacted number of variables:                             0
  Number of last version invariants:                            737
  Number of this version invariants:                            11
  CPU time for invariant read:                                      0.670s
  CPU time for invariant write:                                     0.140s
  Time for invariant write:                                         0.066s
  Time for invariant read:                                          0.350s

AutomatonAnalysis (SVCOMP) statistics
-------------------------------------
Number of states:                                  1
Total time for successor computation:                  0.011s
Automaton transfers with branching:                0
Automaton transfer successors:                         2131 (count: 2131, min: 1, max: 1, avg: 1.00) [1 x 2131]

CPA algorithm statistics
------------------------
Number of iterations:            86
Max size of waitlist:            5
Average size of waitlist:        2
Number of computed successors:   100
Max successors for one state:    2
Number of times merged:          2
Number of times stopped:         5
Number of times abs stopped:     3
Number of times nonAbs stopped:  4
Number of coverage check (part): 7
Number of times doAbstraction node:  26
Number of times breaked:         0

Total time for CPA algorithm:         0.106s (Max:     0.106s)
CPU time for CPA algorithm:           0.610s
  Time for choose from waitlist:      0.000s
  Time for precision adjustment:      0.057s
  Time for transfer relation:         0.039s
  Time for merge operator:            0.005s
  Time for stop operator:             0.001s
  Time for adding to reached set:     0.001s

Predicate-Abstraction Refiner statistics
----------------------------------------
  Predicate creation:                                  0.000s
  Precision update:                                    0.000s
  ARG update:                                          0.000s

Length of refined path (in blocks):                       0 (count: 0, min: 0, max: 0, avg: 0.00)
Number of affected states:                                0 (count: 0, min: 0, max: 0, avg: 0.00)
Length (states) of path with itp 'true':                  0 (count: 0, min: 0, max: 0, avg: 0.00)
Length (states) of path with itp non-trivial itp:         0 (count: 0, min: 0, max: 0, avg: 0.00)
Length (states) of path with itp 'false':                 0 (count: 0, min: 0, max: 0, avg: 0.00)
Different non-trivial interpolants along paths:           0 (count: 0, min: 0, max: 0, avg: 0.00)
Equal non-trivial interpolants along paths:               0 (count: 0, min: 0, max: 0, avg: 0.00)
Different precisions along paths:                         0 (count: 0, min: 0, max: 0, avg: 0.00)
Equal precisions along paths:                             0 (count: 0, min: 0, max: 0, avg: 0.00)
Number of refs with location-based cutoff:                0

CEGAR algorithm statistics
--------------------------
Number of refinements:                0
Refinement times:             0
First time for refinement:             0.107s
Last time for refinement:              0.107s
Average time for analysis:          0.107s
Number of analysis:                1

Code Coverage
-----------------------------
  Visited lines:          5879
  Total lines:            13
  Line coverage:          452.231

CPAchecker general statistics
-----------------------------
Number of program locations:     32679
Number of CFA edges:             44864
Number of relevant variables:    7219
Number of functions:             823
Number of loops:                 185
Size of reached set:             2116
  Number of reached locations:   2094 (6%)
    Avg states per location:     1
    Max states per location:     2 (at node N3052)
  Number of reached functions:   6 (1%)
  Number of partitions:          2115
    Avg size of partitions:      1
    Max size of partitions:      2 (with key [N34512 (entry of function ldv_check_final_state in /work/ldvuser/novikov/work/current--X--drivers/block/drbd/drbd.ko--X--defaultlinux--X--32_7a--X--cpachecker/linux/csd_deg_dscv/19/dscv_tempdir/rule-instrumentor/32_7a/common-model/ldv_common_model.c, lines 785-828), -1251599770, Init])
  Number of target states:       0

Time for analysis setup:                  61.027s
  Time for cfa diff:                  48.843s
  Time for loading CPAs:                   0.900s
  Time for impacted traverse:              0.088s
  Time for loading parser:        0.039s
  Time for CFA construction:      7.076s
    Time for parsing file(s):     1.225s
    Time for AST to CFA:          2.223s
    Time for CFA sanity check:    0.001s
    Time for post-processing:     3.047s
      Time for var class.:        0.000s
Time for normal Analysis:                         0.107s
CPU time for analysis:                     6.730s
CPU time for impacted:                     1.250s
CPU time for normal analysis:              0.210s
CPU time for init:                         6.520s

Time for Garbage Collector:       2.178s (in 16 runs)
Garbage Collector(s) used:    PS MarkSweep, PS Scavenge
Used heap memory:                516MB (   492 MiB) max;    293MB (   279 MiB) avg;    567MB (   541 MiB) peak
Used non-heap memory:             44MB (    42 MiB) max;     32MB (    30 MiB) avg;     45MB (    42 MiB) peak
Used in PS Old Gen pool:          97MB (    93 MiB) max;     89MB (    85 MiB) avg;     97MB (    93 MiB) peak
Allocated heap memory:           773MB (   737 MiB) max;    528MB (   504 MiB) avg
Allocated non-heap memory:        46MB (    43 MiB) max;     33MB (    32 MiB) avg
Total process virtual memory:  13309MB ( 12693 MiB) max;  13290MB ( 12674 MiB) avg

Verification result: TRUE. No property violation found by chosen configuration.
More details about the verification run can be found in the directory "/home/yqs17/blazer/cpachecker-inc-pred/output-us-precise-cfa/32_7a.block--drbd--drbd.ko.set/098.d790d4d.32_7a.cil_safe.i".
