scripts/cpa.sh -heap 10000M -predicateAnalysis-ABElfb-debug -setprop cpa.impacted.eliminate=true -disable-java-assertions -outputpath /home/yqs17/blazer/cpachecker-inc-pred/output-us-precise-cfa/39_7a.net--phy--spi_ks8995.ko.set/003.633d159.39_7a.cil_safe.i -isIncPred -spec /home/yqs17/blazer/cpachecker-inc-pred/LDVErrorLabel.spc -stats -setprop cpa.impacted.pre_invariants.file=/home/yqs17/blazer/cpachecker-inc-pred/output-us-precise-cfa/39_7a.net--phy--spi_ks8995.ko.set/002.8d24248.39_7a.cil_safe.i/impacted-invariants.txt -setprop analysis.prev.program=/home/yqs17/blazer/cpachecker-inc-pred/programs/drivers--net--phy--spi_ks8995.ko/002.8d24248.39_7a.cil_safe.i -entryfunction ldv_main0_sequence_infinite_withcheck_stateful /home/yqs17/blazer/cpachecker-inc-pred/programs/drivers--net--phy--spi_ks8995.ko/003.633d159.39_7a.cil_safe.i


--------------------------------------------------------------------------------


Running CPAchecker with Java heap of size 10000M.
Running CPAchecker with the following extra VM options:  -Djava.io.tmpdir=/tmp/BenchExec_run_lfqpna1q/tmp
Number of modified edges: 59
Begin analysis 
Read invariant objects done
PredicateCPA statistics
-----------------------
Read Precision Time:                0.000s
Precision file size:                0
Write Precision Time:               0.002s
Number of abstractions:            81 (7% of all post computations)
  Times abstraction was reused:    0
  Because of function entry/exit:  118 (146%)
  Because of loop head:            10 (12%)
  Because of join nodes:           0 (0%)
  Because of threshold:            0 (0%)
  Times precision was empty:       0 (0%)
  Times precision was {false}:     0 (0%)
  Times result was cached:         30 (26%)
  Times cartesian abs was used:    0 (0%)
  Times boolean abs was used:      86 (74%)
  Times result was 'false':        0 (0%)
Number of strengthen sat checks:   0
Number of coverage checks:         131
  BDD entailment checks:           15
Number of SMT sat checks:          766
  trivial:                         408
  cached:                          256

Max ABE block size:                       11
Number of predicates discovered:          5
Number of abstraction locations:          0
Max number of predicates per location:    0
Avg number of predicates per location:    0
Total predicates per abstraction:         350
Max number of predicates per abstraction: 5
Avg number of predicates per abstraction: 4.07
Number of irrelevant predicates:          147 (42%)
Number of preds handled by boolean abs:   203 (58%)
  Total number of models for allsat:      90
  Max number of models for allsat:        3
  Avg number of models for allsat:        1.05

Number of path formula cache hits:   91 (8%)

Time for post operator:                  0.633s
  Time for path formula creation:        0.327s
    Actual computation:                  0.307s
Time for strengthen operator:            0.003s
Time for prec operator:                  0.341s
  Time for abstraction:                  0.145s (Max:     0.012s, Count: 81)
    Boolean abstraction:                 0.119s
    Solving time:                        0.025s (Max:     0.002s)
    Model enumeration time:              0.003s
    Time for BDD construction:           0.008s (Max:     0.004s)
Time for merge operator:                 0.014s
Time for coverage check:                 0.002s
  Time for BDD entailment checks:        0.001s
Total time for SMT solver (w/o itp):     0.205s

Number of BDD nodes:                               249
Size of BDD node table:                            466043
Size of BDD cache:                                 46619
Size of BDD node cleanup queue:                           0 (count: 4417, min: 0, max: 0, avg: 0.00)
Time for BDD node cleanup:                             0.007s
Time for BDD garbage collection:                       0.000s (in 0 runs)

PrecisionBootstrap statistics
-----------------------------
Init. function predicates:                         0
Init. global predicates:                           0
Init. location predicates:                         0

ImpactedCPA statistics
----------------------
  Number of invariants partial hits:                            0
  Number of invariants hits:                                    35
  Number of invariants trys:                                    47
  Number of invariants bots:                                    12
  Number of invariants not valid:                               0
  Initial reached size:                                         746
  Input invariants file size:                                   1638
  Max impacted number of variables:                             0
  Number of last version invariants:                            59
  Number of this version invariants:                            59
  CPU time for invariant read:                                      0.220s
  CPU time for invariant write:                                     0.030s
  Time for invariant write:                                         0.021s
  Time for invariant read:                                          0.118s

AutomatonAnalysis (SVCOMP) statistics
-------------------------------------
Number of states:                                  1
Total time for successor computation:                  0.010s
Automaton transfers with branching:                0
Automaton transfer successors:                         1102 (count: 1102, min: 1, max: 1, avg: 1.00) [1 x 1102]

CPA algorithm statistics
------------------------
Number of iterations:            324
Max size of waitlist:            13
Average size of waitlist:        10
Number of computed successors:   338
Max successors for one state:    2
Number of times merged:          51
Number of times stopped:         66
Number of times abs stopped:     15
Number of times nonAbs stopped:  116
Number of coverage check (part): 131
Number of times doAbstraction node:  128
Number of times breaked:         0

Total time for CPA algorithm:         0.333s (Max:     0.333s)
CPU time for CPA algorithm:           0.650s
  Time for choose from waitlist:      0.000s
  Time for precision adjustment:      0.168s
  Time for transfer relation:         0.133s
  Time for merge operator:            0.010s
  Time for stop operator:             0.003s
  Time for adding to reached set:     0.004s

Predicate-Abstraction Refiner statistics
----------------------------------------
  Predicate creation:                                  0.000s
  Precision update:                                    0.000s
  ARG update:                                          0.000s

Length of refined path (in blocks):                       0 (count: 0, min: 0, max: 0, avg: 0.00)
Number of affected states:                                0 (count: 0, min: 0, max: 0, avg: 0.00)
Length (states) of path with itp 'true':                  0 (count: 0, min: 0, max: 0, avg: 0.00)
Length (states) of path with itp non-trivial itp:         0 (count: 0, min: 0, max: 0, avg: 0.00)
Length (states) of path with itp 'false':                 0 (count: 0, min: 0, max: 0, avg: 0.00)
Different non-trivial interpolants along paths:           0 (count: 0, min: 0, max: 0, avg: 0.00)
Equal non-trivial interpolants along paths:               0 (count: 0, min: 0, max: 0, avg: 0.00)
Different precisions along paths:                         0 (count: 0, min: 0, max: 0, avg: 0.00)
Equal precisions along paths:                             0 (count: 0, min: 0, max: 0, avg: 0.00)
Number of refs with location-based cutoff:                0

CEGAR algorithm statistics
--------------------------
Number of refinements:                0
Refinement times:             0
First time for refinement:             0.333s
Last time for refinement:              0.333s
Average time for analysis:          0.333s
Number of analysis:                1

Code Coverage
-----------------------------
  Visited lines:          2068
  Total lines:            12
  Line coverage:          172.333

CPAchecker general statistics
-----------------------------
Number of program locations:     1162
Number of CFA edges:             1283
Number of relevant variables:    135
Number of functions:             61
Number of loops:                 1
Size of reached set:             1018
  Number of reached locations:   843 (73%)
    Avg states per location:     1
    Max states per location:     8 (at node N6)
  Number of reached functions:   26 (43%)
  Number of partitions:          1018
    Avg size of partitions:      1
    Max size of partitions:      1
  Number of target states:       0

Time for analysis setup:                   4.738s
  Time for cfa diff:                   2.432s
  Time for loading CPAs:                   0.318s
  Time for impacted traverse:              0.004s
  Time for loading parser:        0.021s
  Time for CFA construction:      0.862s
    Time for parsing file(s):     0.248s
    Time for AST to CFA:          0.330s
    Time for CFA sanity check:    0.000s
    Time for post-processing:     0.164s
      Time for var class.:        0.000s
Time for normal Analysis:                         0.334s
CPU time for analysis:                     2.300s
CPU time for impacted:                     0.000s
CPU time for normal analysis:              0.660s
CPU time for init:                         1.650s

Time for Garbage Collector:       0.122s (in 5 runs)
Garbage Collector(s) used:    PS MarkSweep, PS Scavenge
Used heap memory:                 93MB (    88 MiB) max;     49MB (    47 MiB) avg;    121MB (   115 MiB) peak
Used non-heap memory:             32MB (    30 MiB) max;     24MB (    23 MiB) avg;     34MB (    32 MiB) peak
Used in PS Old Gen pool:          19MB (    18 MiB) max;      7MB (     6 MiB) avg;     23MB (    22 MiB) peak
Allocated heap memory:           254MB (   243 MiB) max;    195MB (   186 MiB) avg
Allocated non-heap memory:        34MB (    32 MiB) max;     25MB (    24 MiB) avg
Total process virtual memory:  13307MB ( 12691 MiB) max;  13283MB ( 12668 MiB) avg

Verification result: TRUE. No property violation found by chosen configuration.
More details about the verification run can be found in the directory "/home/yqs17/blazer/cpachecker-inc-pred/output-us-precise-cfa/39_7a.net--phy--spi_ks8995.ko.set/003.633d159.39_7a.cil_safe.i".
