scripts/cpa.sh -heap 10000M -predicateAnalysis-ABElfb-debug -setprop cpa.impacted.eliminate=true -disable-java-assertions -outputpath /home/yqs17/blazer/cpachecker-inc-pred/output-us-precise-cfa/39_7a.isdn--mISDN--mISDN_core.ko.set/049.020f01e.39_7a.cil_safe.i -isIncPred -spec /home/yqs17/blazer/cpachecker-inc-pred/LDVErrorLabel.spc -stats -setprop cpa.impacted.pre_invariants.file=/home/yqs17/blazer/cpachecker-inc-pred/output-us-precise-cfa/39_7a.isdn--mISDN--mISDN_core.ko.set/048.ce384d9.39_7a.cil_safe.i/impacted-invariants.txt -setprop analysis.prev.program=/home/yqs17/blazer/cpachecker-inc-pred/programs/drivers--isdn--mISDN--mISDN_core.ko/048.ce384d9.39_7a.cil_safe.i -entryfunction ldv_main0_sequence_infinite_withcheck_stateful /home/yqs17/blazer/cpachecker-inc-pred/programs/drivers--isdn--mISDN--mISDN_core.ko/049.020f01e.39_7a.cil_safe.i


--------------------------------------------------------------------------------


Running CPAchecker with Java heap of size 10000M.
Running CPAchecker with the following extra VM options:  -Djava.io.tmpdir=/tmp/BenchExec_run_9l_nuxcy/tmp
Number of modified edges: 21
Begin analysis 
Read invariant objects done
ImpactedCPA statistics
----------------------
  Number of invariants partial hits:                            0
  Number of invariants hits:                                    31
  Number of invariants trys:                                    41
  Number of invariants bots:                                    10
  Number of invariants not valid:                               0
  Initial reached size:                                         1701
  Input invariants file size:                                   4243
  Max impacted number of variables:                             0
  Number of last version invariants:                            392
  Number of this version invariants:                            0
  CPU time for invariant read:                                      1.870s
  CPU time for invariant write:                                     0.000s
  Time for invariant write:                                         0.000s
  Time for invariant read:                                          0.961s

AutomatonAnalysis (SVCOMP) statistics
-------------------------------------
Number of states:                                  1
Total time for successor computation:                  0.017s
Automaton transfers with branching:                0
Automaton transfer successors:                         1552 (count: 1552, min: 1, max: 1, avg: 1.00) [1 x 1552]

CPA algorithm statistics
------------------------
Number of iterations:            1546
Max size of waitlist:            6
Average size of waitlist:        1
Number of computed successors:   1552
Max successors for one state:    2
Number of times merged:          0
Number of times stopped:         1
Number of times abs stopped:     15
Number of times nonAbs stopped:  118
Number of coverage check (part): 133
Number of times doAbstraction node:  110
Number of times breaked:         1

Total time for CPA algorithm:         0.160s (Max:     0.160s)
CPU time for CPA algorithm:           0.950s
  Time for choose from waitlist:      0.005s
  Time for precision adjustment:      0.022s
  Time for transfer relation:         0.086s
  Time for merge operator:            0.000s
  Time for stop operator:             0.003s
  Time for adding to reached set:     0.004s

PredicateCPA statistics
-----------------------
Read Precision Time:                0.000s
Precision file size:                2587
Write Precision Time:               0.003s
Number of abstractions:            69 (3% of all post computations)
  Times abstraction was reused:    0
  Because of function entry/exit:  96 (139%)
  Because of loop head:            14 (20%)
  Because of join nodes:           0 (0%)
  Because of threshold:            0 (0%)
  Times precision was empty:       0 (0%)
  Times precision was {false}:     0 (0%)
  Times result was cached:         9 (9%)
  Times cartesian abs was used:    0 (0%)
  Times boolean abs was used:      91 (91%)
  Times result was 'false':        0 (0%)
Number of strengthen sat checks:   0
Number of coverage checks:         133
  BDD entailment checks:           15
Number of SMT sat checks:          1725
  trivial:                         770
  cached:                          792

Max ABE block size:                       9
Number of predicates discovered:          11
Number of abstraction locations:          0
Max number of predicates per location:    0
Avg number of predicates per location:    0
Total predicates per abstraction:         963
Max number of predicates per abstraction: 11
Avg number of predicates per abstraction: 10.58
Number of irrelevant predicates:          0 (0%)
Number of preds handled by boolean abs:   963 (100%)
  Total number of models for allsat:      91
  Max number of models for allsat:        1
  Avg number of models for allsat:        1.00

Number of path formula cache hits:   78 (4%)

Time for post operator:                  8.294s
  Time for path formula creation:        1.030s
    Actual computation:                  0.949s
Time for strengthen operator:            0.013s
Time for prec operator:                  0.525s
  Time for abstraction:                  0.152s (Max:     0.006s, Count: 69)
    Boolean abstraction:                 0.277s
    Solving time:                        0.179s (Max:     0.143s)
    Model enumeration time:              0.010s
    Time for BDD construction:           0.008s (Max:     0.001s)
Time for merge operator:                 0.023s
Time for coverage check:                 0.001s
  Time for BDD entailment checks:        0.000s
Total time for SMT solver (w/o itp):     6.022s

Number of BDD nodes:                               298
Size of BDD node table:                            466043
Size of BDD cache:                                 46619
Size of BDD node cleanup queue:                           0 (count: 60079, min: 0, max: 0, avg: 0.00)
Time for BDD node cleanup:                             0.009s
Time for BDD garbage collection:                       0.000s (in 0 runs)

PrecisionBootstrap statistics
-----------------------------
Init. function predicates:                         0
Init. global predicates:                           0
Init. location predicates:                         0

ImpactedCPA statistics
----------------------
  Number of invariants partial hits:                            0
  Number of invariants hits:                                    31
  Number of invariants trys:                                    41
  Number of invariants bots:                                    10
  Number of invariants not valid:                               0
  Initial reached size:                                         1701
  Input invariants file size:                                   4243
  Max impacted number of variables:                             0
  Number of last version invariants:                            392
  Number of this version invariants:                            54
  CPU time for invariant read:                                      1.870s
  CPU time for invariant write:                                     0.150s
  Time for invariant write:                                         0.076s
  Time for invariant read:                                          0.961s

AutomatonAnalysis (SVCOMP) statistics
-------------------------------------
Number of states:                                  1
Total time for successor computation:                  0.004s
Automaton transfers with branching:                0
Automaton transfer successors:                         2061 (count: 2061, min: 1, max: 1, avg: 1.00) [1 x 2061]

CPA algorithm statistics
------------------------
Number of iterations:            325
Max size of waitlist:            8
Average size of waitlist:        5
Number of computed successors:   346
Max successors for one state:    2
Number of times merged:          54
Number of times stopped:         69
Number of times abs stopped:     15
Number of times nonAbs stopped:  118
Number of coverage check (part): 133
Number of times doAbstraction node:  110
Number of times breaked:         0

Total time for CPA algorithm:         0.318s (Max:     0.318s)
CPU time for CPA algorithm:           0.950s
  Time for choose from waitlist:      0.001s
  Time for precision adjustment:      0.170s
  Time for transfer relation:         0.114s
  Time for merge operator:            0.023s
  Time for stop operator:             0.003s
  Time for adding to reached set:     0.002s

Predicate-Abstraction Refiner statistics
----------------------------------------
  Predicate creation:                                  0.000s
  Precision update:                                    0.000s
  ARG update:                                          0.000s

Length of refined path (in blocks):                       0 (count: 0, min: 0, max: 0, avg: 0.00)
Number of affected states:                                0 (count: 0, min: 0, max: 0, avg: 0.00)
Length (states) of path with itp 'true':                  0 (count: 0, min: 0, max: 0, avg: 0.00)
Length (states) of path with itp non-trivial itp:         0 (count: 0, min: 0, max: 0, avg: 0.00)
Length (states) of path with itp 'false':                 0 (count: 0, min: 0, max: 0, avg: 0.00)
Different non-trivial interpolants along paths:           0 (count: 0, min: 0, max: 0, avg: 0.00)
Equal non-trivial interpolants along paths:               0 (count: 0, min: 0, max: 0, avg: 0.00)
Different precisions along paths:                         0 (count: 0, min: 0, max: 0, avg: 0.00)
Equal precisions along paths:                             0 (count: 0, min: 0, max: 0, avg: 0.00)
Number of refs with location-based cutoff:                0

CEGAR algorithm statistics
--------------------------
Number of refinements:                0
Refinement times:             0
First time for refinement:             0.319s
Last time for refinement:              0.319s
Average time for analysis:          0.319s
Number of analysis:                1

Code Coverage
-----------------------------
  Visited lines:          4614
  Total lines:            4
  Line coverage:          1153.500

CPAchecker general statistics
-----------------------------
Number of program locations:     19413
Number of CFA edges:             30332
Number of relevant variables:    2473
Number of functions:             526
Number of loops:                 51
Size of reached set:             1978
  Number of reached locations:   1771 (9%)
    Avg states per location:     1
    Max states per location:     6 (at node N803)
  Number of reached functions:   23 (4%)
  Number of partitions:          1976
    Avg size of partitions:      1
    Max size of partitions:      2 (with key [N5006 (entry of function l1_cleanup in /work/ldvuser/novikov/work/current--X--drivers/isdn/mISDN/mISDN_core.ko--X--defaultlinux--X--39_7a--X--cpachecker/linux/csd_deg_dscv/30/dscv_tempdir/dscv/ri/39_7a/drivers/isdn/mISDN/layer1.c.prepared, lines 521-531), -1924111485, Init])
  Number of target states:       0

Time for analysis setup:                  60.496s
  Time for cfa diff:                  45.474s
  Time for loading CPAs:                   0.677s
  Time for impacted traverse:              0.069s
  Time for loading parser:        0.025s
  Time for CFA construction:      4.192s
    Time for parsing file(s):     0.767s
    Time for AST to CFA:          1.336s
    Time for CFA sanity check:    0.000s
    Time for post-processing:     1.747s
      Time for var class.:        0.000s
Time for normal Analysis:                         0.319s
CPU time for analysis:                    17.930s
CPU time for impacted:                     1.130s
CPU time for normal analysis:              0.650s
CPU time for init:                        17.290s

Time for Garbage Collector:       1.088s (in 13 runs)
Garbage Collector(s) used:    PS MarkSweep, PS Scavenge
Used heap memory:               1052MB (  1004 MiB) max;    222MB (   211 MiB) avg;   1168MB (  1113 MiB) peak
Used non-heap memory:             47MB (    45 MiB) max;     33MB (    31 MiB) avg;     48MB (    45 MiB) peak
Used in PS Old Gen pool:          78MB (    74 MiB) max;     64MB (    61 MiB) avg;     80MB (    76 MiB) peak
Allocated heap memory:          1530MB (  1460 MiB) max;    762MB (   726 MiB) avg
Allocated non-heap memory:        48MB (    46 MiB) max;     33MB (    32 MiB) avg
Total process virtual memory:  13309MB ( 12693 MiB) max;  13294MB ( 12678 MiB) avg

Verification result: TRUE. No property violation found by chosen configuration.
More details about the verification run can be found in the directory "/home/yqs17/blazer/cpachecker-inc-pred/output-us-precise-cfa/39_7a.isdn--mISDN--mISDN_core.ko.set/049.020f01e.39_7a.cil_safe.i".
