scripts/cpa.sh -heap 10000M -predicateAnalysis-ABElfb-debug -setprop cpa.impacted.eliminate=true -disable-java-assertions -outputpath /home/yqs17/blazer/cpachecker-inc-pred/output-us-precise-cfa/32_7a.gpu--drm--i915--i915.ko.set/023.630681d.32_7a.cil_safe.i -isIncPred -spec /home/yqs17/blazer/cpachecker-inc-pred/LDVErrorLabel.spc -stats -setprop cpa.impacted.pre_invariants.file=/home/yqs17/blazer/cpachecker-inc-pred/output-us-precise-cfa/32_7a.gpu--drm--i915--i915.ko.set/022.e7d22bc.32_7a.cil_safe.i/impacted-invariants.txt -setprop analysis.prev.program=/home/yqs17/blazer/cpachecker-inc-pred/programs/drivers--gpu--drm--i915--i915.ko/022.e7d22bc.32_7a.cil_safe.i -entryfunction ldv_main0_sequence_infinite_withcheck_stateful /home/yqs17/blazer/cpachecker-inc-pred/programs/drivers--gpu--drm--i915--i915.ko/023.630681d.32_7a.cil_safe.i


--------------------------------------------------------------------------------


Running CPAchecker with Java heap of size 10000M.
Running CPAchecker with the following extra VM options:  -Djava.io.tmpdir=/tmp/BenchExec_run_jtuwuvpp/tmp
Number of modified edges: 3
Begin analysis 
Read invariant objects done
PredicateCPA statistics
-----------------------
Read Precision Time:                0.000s
Precision file size:                0
Write Precision Time:               0.001s
Number of abstractions:            595 (16% of all post computations)
  Times abstraction was reused:    0
  Because of function entry/exit:  578 (97%)
  Because of loop head:            47 (8%)
  Because of join nodes:           0 (0%)
  Because of threshold:            0 (0%)
  Times precision was empty:       0 (0%)
  Times precision was {false}:     0 (0%)
  Times result was cached:         178 (29%)
  Times cartesian abs was used:    0 (0%)
  Times boolean abs was used:      440 (71%)
  Times result was 'false':        0 (0%)
Number of strengthen sat checks:   0
Number of coverage checks:         397
  BDD entailment checks:           61
Number of SMT sat checks:          1178
  trivial:                         621
  cached:                          504

Max ABE block size:                       21
Number of predicates discovered:          2
Number of abstraction locations:          0
Max number of predicates per location:    0
Avg number of predicates per location:    0
Total predicates per abstraction:         862
Max number of predicates per abstraction: 2
Avg number of predicates per abstraction: 1.96
Number of irrelevant predicates:          0 (0%)
Number of preds handled by boolean abs:   862 (100%)
  Total number of models for allsat:      440
  Max number of models for allsat:        1
  Avg number of models for allsat:        1.00

Number of path formula cache hits:   110 (3%)

Time for post operator:                  1.051s
  Time for path formula creation:        0.657s
    Actual computation:                  0.598s
Time for strengthen operator:            0.011s
Time for prec operator:                  0.642s
  Time for abstraction:                  0.513s (Max:     0.013s, Count: 595)
    Boolean abstraction:                 0.207s
    Solving time:                        0.081s (Max:     0.008s)
    Model enumeration time:              0.011s
    Time for BDD construction:           0.025s (Max:     0.007s)
Time for merge operator:                 0.070s
Time for coverage check:                 0.000s
  Time for BDD entailment checks:        0.000s
Total time for SMT solver (w/o itp):     0.279s

Number of BDD nodes:                               203
Size of BDD node table:                            466043
Size of BDD cache:                                 46619
Size of BDD node cleanup queue:                           0 (count: 31186, min: 0, max: 0, avg: 0.00)
Time for BDD node cleanup:                             0.001s
Time for BDD garbage collection:                       0.000s (in 0 runs)

PrecisionBootstrap statistics
-----------------------------
Init. function predicates:                         0
Init. global predicates:                           0
Init. location predicates:                         0

ImpactedCPA statistics
----------------------
  Number of invariants partial hits:                            0
  Number of invariants hits:                                    23
  Number of invariants trys:                                    30
  Number of invariants bots:                                    7
  Number of invariants not valid:                               0
  Initial reached size:                                         1169
  Input invariants file size:                                   2806
  Max impacted number of variables:                             0
  Number of last version invariants:                            398
  Number of this version invariants:                            257
  CPU time for invariant read:                                      0.780s
  CPU time for invariant write:                                     0.090s
  Time for invariant write:                                         0.046s
  Time for invariant read:                                          0.409s

AutomatonAnalysis (SVCOMP) statistics
-------------------------------------
Number of states:                                  1
Total time for successor computation:                  0.025s
Automaton transfers with branching:                0
Automaton transfer successors:                         3804 (count: 3804, min: 1, max: 1, avg: 1.00) [1 x 3804]

CPA algorithm statistics
------------------------
Number of iterations:            2422
Max size of waitlist:            16
Average size of waitlist:        8
Number of computed successors:   2627
Max successors for one state:    2
Number of times merged:          166
Number of times stopped:         227
Number of times abs stopped:     61
Number of times nonAbs stopped:  336
Number of coverage check (part): 397
Number of times doAbstraction node:  625
Number of times breaked:         0

Total time for CPA algorithm:         1.480s (Max:     1.480s)
CPU time for CPA algorithm:           2.940s
  Time for choose from waitlist:      0.009s
  Time for precision adjustment:      0.569s
  Time for transfer relation:         0.697s
  Time for merge operator:            0.085s
  Time for stop operator:             0.010s
  Time for adding to reached set:     0.018s

Predicate-Abstraction Refiner statistics
----------------------------------------
  Predicate creation:                                  0.000s
  Precision update:                                    0.000s
  ARG update:                                          0.000s

Length of refined path (in blocks):                       0 (count: 0, min: 0, max: 0, avg: 0.00)
Number of affected states:                                0 (count: 0, min: 0, max: 0, avg: 0.00)
Length (states) of path with itp 'true':                  0 (count: 0, min: 0, max: 0, avg: 0.00)
Length (states) of path with itp non-trivial itp:         0 (count: 0, min: 0, max: 0, avg: 0.00)
Length (states) of path with itp 'false':                 0 (count: 0, min: 0, max: 0, avg: 0.00)
Different non-trivial interpolants along paths:           0 (count: 0, min: 0, max: 0, avg: 0.00)
Equal non-trivial interpolants along paths:               0 (count: 0, min: 0, max: 0, avg: 0.00)
Different precisions along paths:                         0 (count: 0, min: 0, max: 0, avg: 0.00)
Equal precisions along paths:                             0 (count: 0, min: 0, max: 0, avg: 0.00)
Number of refs with location-based cutoff:                0

CEGAR algorithm statistics
--------------------------
Number of refinements:                0
Refinement times:             0
First time for refinement:             1.485s
Last time for refinement:              1.485s
Average time for analysis:          1.485s
Number of analysis:                1

Code Coverage
-----------------------------
  Visited lines:          4067
  Total lines:            5
  Line coverage:          813.400

CPAchecker general statistics
-----------------------------
Number of program locations:     8971
Number of CFA edges:             11480
Number of relevant variables:    1921
Number of functions:             282
Number of loops:                 65
Size of reached set:             3569
  Number of reached locations:   2078 (23%)
    Avg states per location:     1
    Max states per location:     97 (at node N132)
  Number of reached functions:   28 (10%)
  Number of partitions:          3541
    Avg size of partitions:      1
    Max size of partitions:      4 (with key [N139 (entry of function writel in include/asm/io.h, lines 28-38), 1148630800, Init])
  Number of target states:       0

Time for analysis setup:                  16.307s
  Time for cfa diff:                  11.850s
  Time for loading CPAs:                   0.399s
  Time for impacted traverse:              0.023s
  Time for loading parser:        0.031s
  Time for CFA construction:      2.640s
    Time for parsing file(s):     0.602s
    Time for AST to CFA:          0.988s
    Time for CFA sanity check:    0.000s
    Time for post-processing:     0.787s
      Time for var class.:        0.000s
Time for normal Analysis:                         1.485s
CPU time for analysis:                     4.580s
CPU time for impacted:                     0.000s
CPU time for normal analysis:              2.960s
CPU time for init:                         1.630s

Time for Garbage Collector:       0.392s (in 8 runs)
Garbage Collector(s) used:    PS MarkSweep, PS Scavenge
Used heap memory:                299MB (   285 MiB) max;     97MB (    92 MiB) avg;    387MB (   369 MiB) peak
Used non-heap memory:             37MB (    35 MiB) max;     29MB (    27 MiB) avg;     38MB (    36 MiB) peak
Used in PS Old Gen pool:          46MB (    43 MiB) max;     37MB (    35 MiB) avg;     48MB (    46 MiB) peak
Allocated heap memory:           448MB (   428 MiB) max;    392MB (   373 MiB) avg
Allocated non-heap memory:        38MB (    36 MiB) max;     30MB (    29 MiB) avg
Total process virtual memory:  13307MB ( 12691 MiB) max;  13285MB ( 12669 MiB) avg

Verification result: TRUE. No property violation found by chosen configuration.
More details about the verification run can be found in the directory "/home/yqs17/blazer/cpachecker-inc-pred/output-us-precise-cfa/32_7a.gpu--drm--i915--i915.ko.set/023.630681d.32_7a.cil_safe.i".
