scripts/cpa.sh -heap 10000M -predicateAnalysis-ABElfb-debug -setprop cpa.impacted.eliminate=true -disable-java-assertions -outputpath /home/yqs17/blazer/cpachecker-inc-pred/output-us-precise-cfa/32_7a.hwmon--it87.ko.set/096.2cece01.32_7a.cil_safe.i -isIncPred -spec /home/yqs17/blazer/cpachecker-inc-pred/LDVErrorLabel.spc -stats -setprop cpa.impacted.pre_invariants.file=/home/yqs17/blazer/cpachecker-inc-pred/output-us-precise-cfa/32_7a.hwmon--it87.ko.set/095.929c6a5.32_7a.cil_safe.i/impacted-invariants.txt -setprop analysis.prev.program=/home/yqs17/blazer/cpachecker-inc-pred/programs/drivers--hwmon--it87.ko/095.929c6a5.32_7a.cil_safe.i -entryfunction ldv_main0_sequence_infinite_withcheck_stateful /home/yqs17/blazer/cpachecker-inc-pred/programs/drivers--hwmon--it87.ko/096.2cece01.32_7a.cil_safe.i


--------------------------------------------------------------------------------


Running CPAchecker with Java heap of size 10000M.
Running CPAchecker with the following extra VM options:  -Djava.io.tmpdir=/tmp/BenchExec_run_wmvx052m/tmp
Number of modified edges: 5
Begin analysis 
Read invariant objects done
ImpactedCPA statistics
----------------------
  Number of invariants partial hits:                            0
  Number of invariants hits:                                    30
  Number of invariants trys:                                    44
  Number of invariants bots:                                    14
  Number of invariants not valid:                               0
  Initial reached size:                                         1245
  Input invariants file size:                                   4098
  Max impacted number of variables:                             0
  Number of last version invariants:                            186
  Number of this version invariants:                            0
  CPU time for invariant read:                                      0.780s
  CPU time for invariant write:                                     0.000s
  Time for invariant write:                                         0.000s
  Time for invariant read:                                          0.405s

AutomatonAnalysis (SVCOMP) statistics
-------------------------------------
Number of states:                                  1
Total time for successor computation:                  0.013s
Automaton transfers with branching:                0
Automaton transfer successors:                         1057 (count: 1057, min: 1, max: 1, avg: 1.00) [1 x 1057]

CPA algorithm statistics
------------------------
Number of iterations:            1041
Max size of waitlist:            12
Average size of waitlist:        1
Number of computed successors:   1057
Max successors for one state:    2
Number of times merged:          0
Number of times stopped:         5
Number of times abs stopped:     102
Number of times nonAbs stopped:  870
Number of coverage check (part): 972
Number of times doAbstraction node:  976
Number of times breaked:         1

Total time for CPA algorithm:         0.118s (Max:     0.118s)
CPU time for CPA algorithm:          12.570s
  Time for choose from waitlist:      0.001s
  Time for precision adjustment:      0.007s
  Time for transfer relation:         0.075s
  Time for merge operator:            0.001s
  Time for stop operator:             0.001s
  Time for adding to reached set:     0.012s

PredicateCPA statistics
-----------------------
Read Precision Time:                0.000s
Precision file size:                0
Write Precision Time:               0.002s
Number of abstractions:            932 (16% of all post computations)
  Times abstraction was reused:    0
  Because of function entry/exit:  865 (93%)
  Because of loop head:            111 (12%)
  Because of join nodes:           0 (0%)
  Because of threshold:            0 (0%)
  Times precision was empty:       0 (0%)
  Times precision was {false}:     0 (0%)
  Times result was cached:         651 (68%)
  Times cartesian abs was used:    0 (0%)
  Times boolean abs was used:      311 (32%)
  Times result was 'false':        0 (0%)
Number of strengthen sat checks:   0
Number of coverage checks:         972
  BDD entailment checks:           102
Number of SMT sat checks:          1281
  trivial:                         595
  cached:                          357

Max ABE block size:                       33
Number of predicates discovered:          5
Number of abstraction locations:          0
Max number of predicates per location:    0
Avg number of predicates per location:    0
Total predicates per abstraction:         1551
Max number of predicates per abstraction: 5
Avg number of predicates per abstraction: 4.99
Number of irrelevant predicates:          0 (0%)
Number of preds handled by boolean abs:   1551 (100%)
  Total number of models for allsat:      332
  Max number of models for allsat:        2
  Avg number of models for allsat:        1.07

Number of path formula cache hits:   566 (9%)

Time for post operator:                 13.681s
  Time for path formula creation:        1.951s
    Actual computation:                  1.721s
Time for strengthen operator:            0.009s
Time for prec operator:                  1.683s
  Time for abstraction:                  1.208s (Max:     0.047s, Count: 932)
    Boolean abstraction:                 0.670s
    Solving time:                        0.506s (Max:     0.173s)
    Model enumeration time:              0.024s
    Time for BDD construction:           0.013s (Max:     0.001s)
Time for merge operator:                 3.199s
Time for coverage check:                 0.002s
  Time for BDD entailment checks:        0.002s
Total time for SMT solver (w/o itp):    11.665s

Number of BDD nodes:                               232
Size of BDD node table:                            466043
Size of BDD cache:                                 46619
Size of BDD node cleanup queue:                         212 (count: 15414, min: 0, max: 109, avg: 0.01)
Time for BDD node cleanup:                             0.004s
Time for BDD garbage collection:                       0.000s (in 0 runs)

PrecisionBootstrap statistics
-----------------------------
Init. function predicates:                         0
Init. global predicates:                           0
Init. location predicates:                         0

ImpactedCPA statistics
----------------------
  Number of invariants partial hits:                            0
  Number of invariants hits:                                    30
  Number of invariants trys:                                    44
  Number of invariants bots:                                    14
  Number of invariants not valid:                               0
  Initial reached size:                                         1245
  Input invariants file size:                                   4098
  Max impacted number of variables:                             0
  Number of last version invariants:                            186
  Number of this version invariants:                            144
  CPU time for invariant read:                                      0.780s
  CPU time for invariant write:                                     0.110s
  Time for invariant write:                                         0.054s
  Time for invariant read:                                          0.405s

AutomatonAnalysis (SVCOMP) statistics
-------------------------------------
Number of states:                                  1
Total time for successor computation:                  0.025s
Automaton transfers with branching:                0
Automaton transfer successors:                         5968 (count: 5968, min: 1, max: 1, avg: 1.00) [1 x 5968]

CPA algorithm statistics
------------------------
Number of iterations:            4225
Max size of waitlist:            25
Average size of waitlist:        14
Number of computed successors:   4689
Max successors for one state:    2
Number of times merged:          414
Number of times stopped:         516
Number of times abs stopped:     102
Number of times nonAbs stopped:  870
Number of coverage check (part): 972
Number of times doAbstraction node:  976
Number of times breaked:         0

Total time for CPA algorithm:         6.272s (Max:     6.272s)
CPU time for CPA algorithm:          12.570s
  Time for choose from waitlist:      0.012s
  Time for precision adjustment:      1.345s
  Time for transfer relation:         1.577s
  Time for merge operator:            3.222s
  Time for stop operator:             0.014s
  Time for adding to reached set:     0.024s

Predicate-Abstraction Refiner statistics
----------------------------------------
  Predicate creation:                                  0.000s
  Precision update:                                    0.000s
  ARG update:                                          0.000s

Length of refined path (in blocks):                       0 (count: 0, min: 0, max: 0, avg: 0.00)
Number of affected states:                                0 (count: 0, min: 0, max: 0, avg: 0.00)
Length (states) of path with itp 'true':                  0 (count: 0, min: 0, max: 0, avg: 0.00)
Length (states) of path with itp non-trivial itp:         0 (count: 0, min: 0, max: 0, avg: 0.00)
Length (states) of path with itp 'false':                 0 (count: 0, min: 0, max: 0, avg: 0.00)
Different non-trivial interpolants along paths:           0 (count: 0, min: 0, max: 0, avg: 0.00)
Equal non-trivial interpolants along paths:               0 (count: 0, min: 0, max: 0, avg: 0.00)
Different precisions along paths:                         0 (count: 0, min: 0, max: 0, avg: 0.00)
Equal precisions along paths:                             0 (count: 0, min: 0, max: 0, avg: 0.00)
Number of refs with location-based cutoff:                0

CEGAR algorithm statistics
--------------------------
Number of refinements:                0
Refinement times:             0
First time for refinement:             6.273s
Last time for refinement:              6.273s
Average time for analysis:          6.273s
Number of analysis:                1

Code Coverage
-----------------------------
  Visited lines:          3636
  Total lines:            12
  Line coverage:          303.000

CPAchecker general statistics
-----------------------------
Number of program locations:     3860
Number of CFA edges:             4646
Number of relevant variables:    744
Number of functions:             152
Number of loops:                 25
Size of reached set:             5418
  Number of reached locations:   2068 (54%)
    Avg states per location:     2
    Max states per location:     90 (at node N27)
  Number of reached functions:   34 (22%)
  Number of partitions:          5322
    Avg size of partitions:      1
    Max size of partitions:      7 (with key [N1681 (entry of function it87_remove_files in /work/ldvuser/novikov/work/current--X--drivers/hwmon/it87.ko--X--defaultlinux--X--32_7a--X--cpachecker/linux/csd_deg_dscv/12/dscv_tempdir/dscv/ri/32_7a/drivers/hwmon/it87.c.prepared, lines 1922-2088), -1074543228, Init])
  Number of target states:       0

Time for analysis setup:                  20.685s
  Time for cfa diff:                   4.922s
  Time for loading CPAs:                   0.418s
  Time for impacted traverse:              0.010s
  Time for loading parser:        0.030s
  Time for CFA construction:      1.905s
    Time for parsing file(s):     0.449s
    Time for AST to CFA:          0.709s
    Time for CFA sanity check:    0.000s
    Time for post-processing:     0.563s
      Time for var class.:        0.000s
Time for normal Analysis:                         6.274s
CPU time for analysis:                    35.940s
CPU time for impacted:                     0.770s
CPU time for normal analysis:             12.350s
CPU time for init:                        23.590s

Time for Garbage Collector:       0.376s (in 20 runs)
Garbage Collector(s) used:    PS MarkSweep, PS Scavenge
Used heap memory:               1524MB (  1453 MiB) max;    414MB (   395 MiB) avg;   1541MB (  1470 MiB) peak
Used non-heap memory:             41MB (    39 MiB) max;     34MB (    32 MiB) avg;     42MB (    40 MiB) peak
Used in PS Old Gen pool:          34MB (    32 MiB) max;     29MB (    28 MiB) avg;     45MB (    43 MiB) peak
Allocated heap memory:          1611MB (  1536 MiB) max;    859MB (   819 MiB) avg
Allocated non-heap memory:        43MB (    41 MiB) max;     36MB (    35 MiB) avg
Total process virtual memory:  13310MB ( 12693 MiB) max;  13298MB ( 12682 MiB) avg

Verification result: TRUE. No property violation found by chosen configuration.
More details about the verification run can be found in the directory "/home/yqs17/blazer/cpachecker-inc-pred/output-us-precise-cfa/32_7a.hwmon--it87.ko.set/096.2cece01.32_7a.cil_safe.i".
