scripts/cpa.sh -heap 10000M -predicateAnalysis-ABElfb-debug -setprop cpa.impacted.eliminate=true -disable-java-assertions -outputpath /home/yqs17/blazer/cpachecker-inc-pred/output-us-precise-cfa/39_7a.hwmon--ads7871.ko.set/005.4e21f4e.39_7a.cil_safe.i -isIncPred -spec /home/yqs17/blazer/cpachecker-inc-pred/LDVErrorLabel.spc -stats -setprop cpa.impacted.pre_invariants.file=/home/yqs17/blazer/cpachecker-inc-pred/output-us-precise-cfa/39_7a.hwmon--ads7871.ko.set/004.10775d1.39_7a.cil_safe.i/impacted-invariants.txt -setprop analysis.prev.program=/home/yqs17/blazer/cpachecker-inc-pred/programs/drivers--hwmon--ads7871.ko/004.10775d1.39_7a.cil_safe.i -entryfunction ldv_main0_sequence_infinite_withcheck_stateful /home/yqs17/blazer/cpachecker-inc-pred/programs/drivers--hwmon--ads7871.ko/005.4e21f4e.39_7a.cil_safe.i


--------------------------------------------------------------------------------


Running CPAchecker with Java heap of size 10000M.
Running CPAchecker with the following extra VM options:  -Djava.io.tmpdir=/tmp/BenchExec_run_z0nwhk_v/tmp
Number of modified edges: 34
Begin analysis 
Read invariant objects done
ImpactedCPA statistics
----------------------
  Number of invariants partial hits:                            0
  Number of invariants hits:                                    11
  Number of invariants trys:                                    16
  Number of invariants bots:                                    5
  Number of invariants not valid:                               0
  Initial reached size:                                         591
  Input invariants file size:                                   1648
  Max impacted number of variables:                             2
  Number of last version invariants:                            43
  Number of this version invariants:                            0
  CPU time for invariant read:                                      0.310s
  CPU time for invariant write:                                     0.000s
  Time for invariant write:                                         0.000s
  Time for invariant read:                                          0.154s

AutomatonAnalysis (SVCOMP) statistics
-------------------------------------
Number of states:                                  1
Total time for successor computation:                  0.016s
Automaton transfers with branching:                0
Automaton transfer successors:                         1100 (count: 1100, min: 1, max: 1, avg: 1.00) [1 x 1100]

CPA algorithm statistics
------------------------
Number of iterations:            1084
Max size of waitlist:            7
Average size of waitlist:        1
Number of computed successors:   1100
Max successors for one state:    2
Number of times merged:          0
Number of times stopped:         6
Number of times abs stopped:     6
Number of times nonAbs stopped:  28
Number of coverage check (part): 34
Number of times doAbstraction node:  78
Number of times breaked:         2

Total time for CPA algorithm:         0.130s (Max:     0.079s)
CPU time for CPA algorithm:           0.810s
  Time for choose from waitlist:      0.009s
  Time for precision adjustment:      0.010s
  Time for transfer relation:         0.069s
  Time for merge operator:            0.001s
  Time for stop operator:             0.005s
  Time for adding to reached set:     0.011s

PredicateCPA statistics
-----------------------
Read Precision Time:                0.000s
Precision file size:                0
Write Precision Time:               0.002s
Number of abstractions:            62 (7% of all post computations)
  Times abstraction was reused:    0
  Because of function entry/exit:  73 (118%)
  Because of loop head:            5 (8%)
  Because of join nodes:           0 (0%)
  Because of threshold:            0 (0%)
  Times precision was empty:       0 (0%)
  Times precision was {false}:     0 (0%)
  Times result was cached:         13 (18%)
  Times cartesian abs was used:    0 (0%)
  Times boolean abs was used:      60 (82%)
  Times result was 'false':        0 (0%)
Number of strengthen sat checks:   0
Number of coverage checks:         34
  BDD entailment checks:           6
Number of SMT sat checks:          600
  trivial:                         434
  cached:                          113

Max ABE block size:                       10
Number of predicates discovered:          5
Number of abstraction locations:          0
Max number of predicates per location:    0
Avg number of predicates per location:    0
Total predicates per abstraction:         296
Max number of predicates per abstraction: 5
Avg number of predicates per abstraction: 4.93
Number of irrelevant predicates:          0 (0%)
Number of preds handled by boolean abs:   296 (100%)
  Total number of models for allsat:      60
  Max number of models for allsat:        1
  Avg number of models for allsat:        1.00

Number of path formula cache hits:   18 (2%)

Time for post operator:                  0.628s
  Time for path formula creation:        0.221s
    Actual computation:                  0.192s
Time for strengthen operator:            0.012s
Time for prec operator:                  0.270s
  Time for abstraction:                  0.161s (Max:     0.008s, Count: 62)
    Boolean abstraction:                 0.116s
    Solving time:                        0.036s (Max:     0.010s)
    Model enumeration time:              0.001s
    Time for BDD construction:           0.014s (Max:     0.005s)
Time for merge operator:                 0.007s
Time for coverage check:                 0.000s
  Time for BDD entailment checks:        0.000s
Total time for SMT solver (w/o itp):     0.244s

Number of BDD nodes:                               227
Size of BDD node table:                            466043
Size of BDD cache:                                 46619
Size of BDD node cleanup queue:                           0 (count: 3995, min: 0, max: 0, avg: 0.00)
Time for BDD node cleanup:                             0.002s
Time for BDD garbage collection:                       0.000s (in 0 runs)

PrecisionBootstrap statistics
-----------------------------
Init. function predicates:                         0
Init. global predicates:                           0
Init. location predicates:                         0

ImpactedCPA statistics
----------------------
  Number of invariants partial hits:                            0
  Number of invariants hits:                                    11
  Number of invariants trys:                                    16
  Number of invariants bots:                                    5
  Number of invariants not valid:                               0
  Initial reached size:                                         591
  Input invariants file size:                                   1648
  Max impacted number of variables:                             2
  Number of last version invariants:                            43
  Number of this version invariants:                            43
  CPU time for invariant read:                                      0.310s
  CPU time for invariant write:                                     0.050s
  Time for invariant write:                                         0.027s
  Time for invariant read:                                          0.154s

AutomatonAnalysis (SVCOMP) statistics
-------------------------------------
Number of states:                                  1
Total time for successor computation:                  0.002s
Automaton transfers with branching:                0
Automaton transfer successors:                          874 (count: 874, min: 1, max: 1, avg: 1.00) [1 x 874]

CPA algorithm statistics
------------------------
Number of iterations:            269
Max size of waitlist:            7
Average size of waitlist:        3
Number of computed successors:   276
Max successors for one state:    2
Number of times merged:          11
Number of times stopped:         17
Number of times abs stopped:     6
Number of times nonAbs stopped:  28
Number of coverage check (part): 34
Number of times doAbstraction node:  78
Number of times breaked:         0

Total time for CPA algorithm:         0.281s (Max:     0.281s)
CPU time for CPA algorithm:           0.810s
  Time for choose from waitlist:      0.001s
  Time for precision adjustment:      0.171s
  Time for transfer relation:         0.096s
  Time for merge operator:            0.004s
  Time for stop operator:             0.000s
  Time for adding to reached set:     0.003s

Predicate-Abstraction Refiner statistics
----------------------------------------
  Predicate creation:                                  0.000s
  Precision update:                                    0.000s
  ARG update:                                          0.000s

Length of refined path (in blocks):                       0 (count: 0, min: 0, max: 0, avg: 0.00)
Number of affected states:                                0 (count: 0, min: 0, max: 0, avg: 0.00)
Length (states) of path with itp 'true':                  0 (count: 0, min: 0, max: 0, avg: 0.00)
Length (states) of path with itp non-trivial itp:         0 (count: 0, min: 0, max: 0, avg: 0.00)
Length (states) of path with itp 'false':                 0 (count: 0, min: 0, max: 0, avg: 0.00)
Different non-trivial interpolants along paths:           0 (count: 0, min: 0, max: 0, avg: 0.00)
Equal non-trivial interpolants along paths:               0 (count: 0, min: 0, max: 0, avg: 0.00)
Different precisions along paths:                         0 (count: 0, min: 0, max: 0, avg: 0.00)
Equal precisions along paths:                             0 (count: 0, min: 0, max: 0, avg: 0.00)
Number of refs with location-based cutoff:                0

CEGAR algorithm statistics
--------------------------
Number of refinements:                0
Refinement times:             0
First time for refinement:             0.282s
Last time for refinement:              0.282s
Average time for analysis:          0.282s
Number of analysis:                1

Code Coverage
-----------------------------
  Visited lines:          1957
  Total lines:            24
  Line coverage:          81.542

CPAchecker general statistics
-----------------------------
Number of program locations:     1129
Number of CFA edges:             1232
Number of relevant variables:    117
Number of functions:             60
Number of loops:                 2
Size of reached set:             850
  Number of reached locations:   738 (65%)
    Avg states per location:     1
    Max states per location:     4 (at node N193)
  Number of reached functions:   20 (33%)
  Number of partitions:          850
    Avg size of partitions:      1
    Max size of partitions:      1
  Number of target states:       0

Time for analysis setup:                   4.835s
  Time for cfa diff:                   2.358s
  Time for loading CPAs:                   0.335s
  Time for impacted traverse:              0.007s
  Time for loading parser:        0.031s
  Time for CFA construction:      0.961s
    Time for parsing file(s):     0.310s
    Time for AST to CFA:          0.337s
    Time for CFA sanity check:    0.000s
    Time for post-processing:     0.192s
      Time for var class.:        0.000s
Time for normal Analysis:                         0.282s
CPU time for analysis:                     1.950s
CPU time for impacted:                     0.600s
CPU time for normal analysis:              0.570s
CPU time for init:                         1.380s

Time for Garbage Collector:       0.152s (in 5 runs)
Garbage Collector(s) used:    PS MarkSweep, PS Scavenge
Used heap memory:                 89MB (    85 MiB) max;     41MB (    39 MiB) avg;    112MB (   107 MiB) peak
Used non-heap memory:             34MB (    32 MiB) max;     25MB (    23 MiB) avg;     36MB (    34 MiB) peak
Used in PS Old Gen pool:          24MB (    22 MiB) max;      7MB (     7 MiB) avg;     25MB (    23 MiB) peak
Allocated heap memory:           260MB (   248 MiB) max;    193MB (   184 MiB) avg
Allocated non-heap memory:        36MB (    34 MiB) max;     26MB (    24 MiB) avg
Total process virtual memory:  13307MB ( 12691 MiB) max;  13282MB ( 12666 MiB) avg

Verification result: TRUE. No property violation found by chosen configuration.
More details about the verification run can be found in the directory "/home/yqs17/blazer/cpachecker-inc-pred/output-us-precise-cfa/39_7a.hwmon--ads7871.ko.set/005.4e21f4e.39_7a.cil_safe.i".
