scripts/cpa.sh -heap 10000M -predicateAnalysis-ABEl-debug -setprop cpa.predicate.refinement.performInitialStaticRefinement=false -disable-java-assertions -outputpath /home/yqs17/blazer/cpachecker-inc-pred/output-ori-final/flat/drivers--staging--comedi--adl_pci7432.ko.020.55c03cf.39_7a.cil_safe.i -stats -spec /home/yqs17/blazer/cpachecker-inc-pred/LDVErrorLabel.spc -entryfunction ldv_main0_sequence_infinite_withcheck_stateful /home/yqs17/blazer/cpachecker-inc-pred/programs-flat/drivers--staging--comedi--adl_pci7432.ko.020.55c03cf.39_7a.cil_safe.i


--------------------------------------------------------------------------------


Running CPAchecker with Java heap of size 10000M.
Running CPAchecker with the following extra VM options:  -Djava.io.tmpdir=/tmp/BenchExec_run_18nlu3gs/tmp
PredicateCPA statistics
-----------------------
Read Precision Time:                0.000s
Precision file size:                0
Write Precision Time:               0.002s
Number of abstractions:            886 (14% of all post computations)
  Times abstraction was reused:    0
  Because of function entry/exit:  718 (81%)
  Because of loop head:            168 (19%)
  Because of join nodes:           0 (0%)
  Because of threshold:            0 (0%)
  Times precision was empty:       174 (20%)
  Times precision was {false}:     32 (4%)
  Times result was cached:         572 (65%)
  Times cartesian abs was used:    0 (0%)
  Times boolean abs was used:      108 (12%)
  Times result was 'false':        79 (9%)
Number of strengthen sat checks:   13
  Times result was 'false':        0 (0%)
Number of coverage checks:         1021
  BDD entailment checks:           301
Number of SMT sat checks:          13
  trivial:                         13
  cached:                          0

Max ABE block size:                       19
Number of predicates discovered:          4
Number of abstraction locations:          0
Max number of predicates per location:    0
Avg number of predicates per location:    0
Total predicates per abstraction:         246
Max number of predicates per abstraction: 3
Avg number of predicates per abstraction: 1.76
Number of irrelevant predicates:          77 (31%)
Number of preds handled by boolean abs:   169 (69%)
  Total number of models for allsat:      109
  Max number of models for allsat:        2
  Avg number of models for allsat:        1.01

Number of path formula cache hits:   6029 (82%)

Time for post operator:                  0.709s
  Time for path formula creation:        0.384s
    Actual computation:                  0.334s
Time for strengthen operator:            0.031s
  Time for satisfiability checks:        0.001s
Time for prec operator:                  0.778s
  Time for abstraction:                  0.656s (Max:     0.015s, Count: 886)
    Boolean abstraction:                 0.166s
    Solving time:                        0.094s (Max:     0.007s)
    Model enumeration time:              0.002s
    Time for BDD construction:           0.013s (Max:     0.004s)
Time for merge operator:                 0.042s
Time for coverage check:                 0.008s
  Time for BDD entailment checks:        0.006s
Total time for SMT solver (w/o itp):     0.096s

Number of BDD nodes:                               215
Size of BDD node table:                            466043
Size of BDD cache:                                 46619
Size of BDD node cleanup queue:                         121 (count: 3472, min: 0, max: 64, avg: 0.03)
Time for BDD node cleanup:                             0.002s
Time for BDD garbage collection:                       0.000s (in 0 runs)

PrecisionBootstrap statistics
-----------------------------
Init. function predicates:                         0
Init. global predicates:                           0
Init. location predicates:                         0

----------------------

AutomatonAnalysis (SVCOMP) statistics
-------------------------------------
Number of states:                                  1
Total time for successor computation:                  0.049s
Automaton transfers with branching:                0
Automaton transfer successors:                         6349 (count: 6349, min: 1, max: 1, avg: 1.00) [1 x 6349]

CPA algorithm statistics
------------------------
Number of iterations:            5597
Max size of waitlist:            16
Average size of waitlist:        6
Number of computed successors:   6349
Max successors for one state:    2
Number of times merged:          360
Number of times stopped:         571
Number of times abs stopped:     211
Number of times nonAbs stopped:  0
Number of times doAbstraction node:  886
Number of times breaked:         13

Total time for CPA algorithm:         2.190s (Max:     0.392s)
CPU time for CPA algorithm:           4.330s
  Time for choose from waitlist:      0.018s
  Time for precision adjustment:      0.847s
  Time for transfer relation:         1.003s
  Time for merge operator:            0.079s
  Time for stop operator:             0.051s
  Time for adding to reached set:     0.052s

Predicate-Abstraction Refiner statistics
----------------------------------------
Avg. length of target path (in blocks):                 177 (count: 13, min: 6, max: 26, avg: 13.62)
Number of infeasible sliced prefixes:                     0 (count: 0, min: 0, max: 0, avg: 0.00)

Time for refinement:                                   0.606s
  Counterexample analysis:                0.532s (Max:     0.122s, Calls: 13)
    Refinement sat check:                 0.139s
    Interpolant computation:              0.000s
  Error path post-processing:                          0.000s
  Path-formulas extraction:                            0.001s
  Building the counterexample trace:                   0.532s
  Extracting precise counterexample:                   0.000s
  Extracting infeasible sliced prefixes:               0.000s
  Selecting infeasible sliced prefixes:                0.000s
  Predicate creation:                                  0.010s
  Precision update:                                    0.007s
  ARG update:                                          0.040s

Length of refined path (in blocks):                     160 (count: 13, min: 4, max: 25, avg: 12.31)
Number of affected states:                              135 (count: 13, min: 3, max: 23, avg: 10.38)
Length (states) of path with itp 'true':                 12 (count: 13, min: 0, max: 1, avg: 0.92)
Length (states) of path with itp non-trivial itp:       135 (count: 13, min: 3, max: 23, avg: 10.38)
Length (states) of path with itp 'false':                13 (count: 13, min: 1, max: 1, avg: 1.00)
Different non-trivial interpolants along paths:           0 (count: 13, min: 0, max: 0, avg: 0.00)
Equal non-trivial interpolants along paths:             122 (count: 13, min: 2, max: 22, avg: 9.38)
Different precisions along paths:                         0 (count: 0, min: 0, max: 0, avg: 0.00)
Equal precisions along paths:                             0 (count: 0, min: 0, max: 0, avg: 0.00)
Number of refs with location-based cutoff:                0

CEGAR algorithm statistics
--------------------------
Number of refinements:                13
Lazy expansion status:                false
Expansion times:                      0
Total path lengths:                   5143
SP times:                             0
Number of added holes:                0
Number of successful refinements:     13
Number of failed refinements:         0
Max. size of reached set before ref.: 976
Max. size of reached set after ref.:  340
Avg. size of reached set before ref.: 718.23
Avg. size of reached set after ref.:  339.62

Total time for CEGAR algorithm:       2.832s
CPU time for CEGAR algorithm:         5.560s
Time for refinements:                 0.638s
CPU time for refinements:             1.230s
Average time for refinement:          0.049s
Max time for refinement:              0.125s
First time for refinement:             0.156s
Last time for refinement:              0.074s
Average time for analysis:          0.156s
Number of analysis:                14

Counterexample-Check Algorithm statistics
-----------------------------------------
Number of counterexample checks:    0

Code Coverage
-----------------------------
  Visited lines:          1452
  Total lines:            24
  Line coverage:          60.500

CPAchecker general statistics
-----------------------------
Number of program locations:     753
Number of CFA edges:             818
Number of relevant variables:    84
Number of functions:             37
Number of loops:                 3
Size of reached set:             778
  Number of reached locations:   555 (74%)
    Avg states per location:     1
    Max states per location:     6 (at node N115)
  Number of reached functions:   14 (38%)
  Number of partitions:          777
    Avg size of partitions:      1
    Max size of partitions:      2 (with key [N284 (before /work/ldvuser/novikov/work/current--X--drivers/staging/comedi/drivers/adl_pci7432.ko--X--defaultlinux--X--39_7a--X--cpachecker/linux/csd_deg_dscv/12/dscv_tempdir/dscv/ri/39_7a/drivers/staging/comedi/drivers/adl_pci7432.c.prepared, line 342), Function ldv_main0_sequence_infinite_withcheck_stateful called from node N227, stack depth 1 [4ba302e0], stack [ldv_main0_sequence_infinite_withcheck_stateful], Init])
  Number of target states:       0

Time for analysis setup:                   1.294s
  Time for loading CPAs:                   0.355s
  Time for impacted traverse:              0.002s
  Time for loading parser:        0.035s
  Time for CFA construction:      0.833s
    Time for parsing file(s):     0.285s
    Time for AST to CFA:          0.289s
    Time for CFA sanity check:    0.000s
    Time for post-processing:     0.158s
      Time for var class.:        0.000s
Time for Analysis:                         2.834s
CPU time for analysis:      5.570s

Time for Garbage Collector:       0.184s (in 6 runs)
Garbage Collector(s) used:    PS MarkSweep, PS Scavenge
Used heap memory:                 97MB (    92 MiB) max;     47MB (    45 MiB) avg;    105MB (   100 MiB) peak
Used non-heap memory:             36MB (    34 MiB) max;     28MB (    27 MiB) avg;     36MB (    34 MiB) peak
Used in PS Old Gen pool:          19MB (    18 MiB) max;      9MB (     8 MiB) avg;     19MB (    18 MiB) peak
Allocated heap memory:           270MB (   258 MiB) max;    191MB (   183 MiB) avg
Allocated non-heap memory:        36MB (    35 MiB) max;     29MB (    27 MiB) avg
Total process virtual memory:  13240MB ( 12627 MiB) max;  13236MB ( 12623 MiB) avg

Verification result: TRUE. No property violation found by chosen configuration.
More details about the verification run can be found in the directory "/home/yqs17/blazer/cpachecker-inc-pred/output-ori-final/flat/drivers--staging--comedi--adl_pci7432.ko.020.55c03cf.39_7a.cil_safe.i".
