scripts/cpa.sh -heap 10000M -predicateAnalysis-ABEl-debug -setprop cpa.predicate.refinement.performInitialStaticRefinement=false -disable-java-assertions -outputpath /home/yqs17/blazer/cpachecker-inc-pred/output-ori-final/flat/drivers--hwmon--it87.ko.083.16b5dda.32_7a.cil_safe.i -stats -spec /home/yqs17/blazer/cpachecker-inc-pred/LDVErrorLabel.spc -entryfunction ldv_main0_sequence_infinite_withcheck_stateful /home/yqs17/blazer/cpachecker-inc-pred/programs-flat/drivers--hwmon--it87.ko.083.16b5dda.32_7a.cil_safe.i


--------------------------------------------------------------------------------


Running CPAchecker with Java heap of size 10000M.
Running CPAchecker with the following extra VM options:  -Djava.io.tmpdir=/tmp/BenchExec_run_u3jlgste/tmp
PredicateCPA statistics
-----------------------
Read Precision Time:                0.000s
Precision file size:                0
Write Precision Time:               0.003s
Number of abstractions:            55925 (16% of all post computations)
  Times abstraction was reused:    0
  Because of function entry/exit:  45677 (82%)
  Because of loop head:            10248 (18%)
  Because of join nodes:           0 (0%)
  Because of threshold:            0 (0%)
  Times precision was empty:       12506 (22%)
  Times precision was {false}:     748 (1%)
  Times result was cached:         38833 (69%)
  Times cartesian abs was used:    0 (0%)
  Times boolean abs was used:      3838 (7%)
  Times result was 'false':        1857 (3%)
Number of strengthen sat checks:   33
  Times result was 'false':        0 (0%)
Number of coverage checks:         81705
  BDD entailment checks:           17571
Number of SMT sat checks:          33
  trivial:                         33
  cached:                          0

Max ABE block size:                       175
Number of predicates discovered:          20
Number of abstraction locations:          0
Max number of predicates per location:    0
Avg number of predicates per location:    0
Total predicates per abstraction:         17510
Max number of predicates per abstraction: 11
Avg number of predicates per abstraction: 3.82
Number of irrelevant predicates:          7906 (45%)
Number of preds handled by boolean abs:   9604 (55%)
  Total number of models for allsat:      4285
  Max number of models for allsat:        6
  Avg number of models for allsat:        1.12

Number of path formula cache hits:   314416 (75%)

Time for post operator:                 18.700s
  Time for path formula creation:       13.561s
    Actual computation:                  8.428s
Time for strengthen operator:            0.258s
  Time for satisfiability checks:        0.000s
Time for prec operator:                 15.201s
  Time for abstraction:                 11.772s (Max:     0.804s, Count: 55925)
    Boolean abstraction:                 3.202s
    Solving time:                        2.742s (Max:     0.661s)
    Model enumeration time:              0.258s
    Time for BDD construction:           0.061s (Max:     0.004s)
Time for merge operator:                 9.949s
Time for coverage check:                 0.053s
  Time for BDD entailment checks:        0.034s
Total time for SMT solver (w/o itp):     3.000s

Number of BDD nodes:                               1340
Size of BDD node table:                            466043
Size of BDD cache:                                 46619
Size of BDD node cleanup queue:                        4736 (count: 62286, min: 0, max: 986, avg: 0.08)
Time for BDD node cleanup:                             0.011s
Time for BDD garbage collection:                       0.000s (in 0 runs)

PrecisionBootstrap statistics
-----------------------------
Init. function predicates:                         0
Init. global predicates:                           0
Init. location predicates:                         0

----------------------

AutomatonAnalysis (SVCOMP) statistics
-------------------------------------
Number of states:                                  1
Total time for successor computation:                  0.212s
Automaton transfers with branching:                0
Automaton transfer successors:                       354044 (count: 354044, min: 1, max: 1, avg: 1.00) [1 x 354044]

CPA algorithm statistics
------------------------
Number of iterations:            311880
Max size of waitlist:            48
Average size of waitlist:        21
Number of computed successors:   354044
Max successors for one state:    2
Number of times merged:          32067
Number of times stopped:         40277
Number of times abs stopped:     8210
Number of times nonAbs stopped:  0
Number of times doAbstraction node:  55925
Number of times breaked:         33

Total time for CPA algorithm:        50.308s (Max:     3.676s)
CPU time for CPA algorithm:          85.370s
  Time for choose from waitlist:      0.163s
  Time for precision adjustment:     15.713s
  Time for transfer relation:        21.670s
  Time for merge operator:           10.518s
  Time for stop operator:             0.475s
  Time for adding to reached set:     0.635s

Predicate-Abstraction Refiner statistics
----------------------------------------
Avg. length of target path (in blocks):                6637 (count: 33, min: 30, max: 296, avg: 201.12)
Number of infeasible sliced prefixes:                     0 (count: 0, min: 0, max: 0, avg: 0.00)

Time for refinement:                                  63.417s
  Counterexample analysis:               62.530s (Max:     3.020s, Calls: 33)
    Refinement sat check:                 2.104s
    Interpolant computation:              0.000s
  Error path post-processing:                          0.000s
  Path-formulas extraction:                            0.003s
  Building the counterexample trace:                  62.531s
  Extracting precise counterexample:                   0.000s
  Extracting infeasible sliced prefixes:               0.000s
  Selecting infeasible sliced prefixes:                0.000s
  Predicate creation:                                  0.028s
  Precision update:                                    0.011s
  ARG update:                                          0.783s

Length of refined path (in blocks):                    6218 (count: 33, min: 15, max: 295, avg: 188.42)
Number of affected states:                             4795 (count: 33, min: 1, max: 293, avg: 145.30)
Length (states) of path with itp 'true':               1390 (count: 33, min: 0, max: 266, avg: 42.12)
Length (states) of path with itp non-trivial itp:      4795 (count: 33, min: 1, max: 293, avg: 145.30)
Length (states) of path with itp 'false':                33 (count: 33, min: 1, max: 1, avg: 1.00)
Different non-trivial interpolants along paths:          10 (count: 33, min: 0, max: 2, avg: 0.30)
Equal non-trivial interpolants along paths:            4752 (count: 33, min: 0, max: 292, avg: 144.00)
Different precisions along paths:                         0 (count: 0, min: 0, max: 0, avg: 0.00)
Equal precisions along paths:                             0 (count: 0, min: 0, max: 0, avg: 0.00)
Number of refs with location-based cutoff:                0

CEGAR algorithm statistics
--------------------------
Number of refinements:                33
Lazy expansion status:                false
Expansion times:                      0
Total path lengths:                   56396
SP times:                             1
Number of added holes:                0
Number of successful refinements:     33
Number of failed refinements:         0
Max. size of reached set before ref.: 21767
Max. size of reached set after ref.:  9525
Avg. size of reached set before ref.: 11159.73
Avg. size of reached set after ref.:  2031.97

Total time for CEGAR algorithm:     113.855s
CPU time for CEGAR algorithm:       164.050s
Time for refinements:                63.543s
CPU time for refinements:            78.670s
Average time for refinement:          1.925s
Max time for refinement:              3.051s
First time for refinement:             1.479s
Last time for refinement:              0.585s
Average time for analysis:          1.479s
Number of analysis:                34

Counterexample-Check Algorithm statistics
-----------------------------------------
Number of counterexample checks:    0

Code Coverage
-----------------------------
  Visited lines:          3288
  Total lines:            10
  Line coverage:          328.800

CPAchecker general statistics
-----------------------------
Number of program locations:     3611
Number of CFA edges:             4344
Number of relevant variables:    711
Number of functions:             154
Number of loops:                 21
Size of reached set:             10695
  Number of reached locations:   1803 (50%)
    Avg states per location:     5
    Max states per location:     100 (at node N1732)
  Number of reached functions:   36 (23%)
  Number of partitions:          10569
    Avg size of partitions:      1
    Max size of partitions:      3 (with key [N2525 (before /work/ldvuser/novikov/work/current--X--drivers/hwmon/it87.ko--X--defaultlinux--X--32_7a--X--cpachecker/linux/csd_deg_dscv/11/dscv_tempdir/dscv/ri/32_7a/drivers/hwmon/it87.c.prepared, line 2835), Function ldv_main0_sequence_infinite_withcheck_stateful called from node N2474, stack depth 1 [2db4ad1], stack [ldv_main0_sequence_infinite_withcheck_stateful], Init])
  Number of target states:       0

Time for analysis setup:                   2.717s
  Time for loading CPAs:                   0.434s
  Time for impacted traverse:              0.002s
  Time for loading parser:        0.033s
  Time for CFA construction:      2.169s
    Time for parsing file(s):     0.504s
    Time for AST to CFA:          0.794s
    Time for CFA sanity check:    0.000s
    Time for post-processing:     0.653s
      Time for var class.:        0.000s
Time for Analysis:                       113.867s
CPU time for analysis:    164.070s

Time for Garbage Collector:       2.841s (in 37 runs)
Garbage Collector(s) used:    PS MarkSweep, PS Scavenge
Used heap memory:               3453MB (  3293 MiB) max;   1074MB (  1024 MiB) avg;   3461MB (  3300 MiB) peak
Used non-heap memory:             45MB (    43 MiB) max;     41MB (    39 MiB) avg;     46MB (    44 MiB) peak
Used in PS Old Gen pool:          64MB (    61 MiB) max;     46MB (    44 MiB) avg;     64MB (    61 MiB) peak
Allocated heap memory:          3519MB (  3356 MiB) max;   2151MB (  2051 MiB) avg
Allocated non-heap memory:        48MB (    45 MiB) max;     45MB (    43 MiB) avg
Total process virtual memory:  13243MB ( 12629 MiB) max;  13240MB ( 12626 MiB) avg

Verification result: TRUE. No property violation found by chosen configuration.
More details about the verification run can be found in the directory "/home/yqs17/blazer/cpachecker-inc-pred/output-ori-final/flat/drivers--hwmon--it87.ko.083.16b5dda.32_7a.cil_safe.i".
