scripts/cpa.sh -heap 10000M -predicateAnalysis-ABEl-debug -setprop cpa.predicate.refinement.performInitialStaticRefinement=false -disable-java-assertions -outputpath /home/yqs17/blazer/cpachecker-inc-pred/output-ori-final/flat/drivers--target--loopback--tcm_loop.ko.035.2816890.08_1a.cil_safe.i -stats -spec /home/yqs17/blazer/cpachecker-inc-pred/LDVErrorLabel.spc -entryfunction ldv_main0_sequence_infinite_withcheck_stateful /home/yqs17/blazer/cpachecker-inc-pred/programs-flat/drivers--target--loopback--tcm_loop.ko.035.2816890.08_1a.cil_safe.i


--------------------------------------------------------------------------------


Running CPAchecker with Java heap of size 10000M.
Running CPAchecker with the following extra VM options:  -Djava.io.tmpdir=/tmp/BenchExec_run_948a8_w6/tmp
PredicateCPA statistics
-----------------------
Read Precision Time:                0.000s
Precision file size:                0
Write Precision Time:               0.002s
Number of abstractions:            182542 (16% of all post computations)
  Times abstraction was reused:    0
  Because of function entry/exit:  180436 (99%)
  Because of loop head:            2106 (1%)
  Because of join nodes:           0 (0%)
  Because of threshold:            0 (0%)
  Times precision was empty:       18041 (10%)
  Times precision was {false}:     1377 (1%)
  Times result was cached:         160189 (88%)
  Times cartesian abs was used:    0 (0%)
  Times boolean abs was used:      2935 (2%)
  Times result was 'false':        405 (0%)
Number of strengthen sat checks:   61
  Times result was 'false':        0 (0%)
Number of coverage checks:         161685
  BDD entailment checks:           62543
Number of SMT sat checks:          61
  trivial:                         61
  cached:                          0

Max ABE block size:                       32
Number of predicates discovered:          12
Number of abstraction locations:          0
Max number of predicates per location:    0
Avg number of predicates per location:    0
Total predicates per abstraction:         10273
Max number of predicates per abstraction: 8
Avg number of predicates per abstraction: 2.38
Number of irrelevant predicates:          6189 (60%)
Number of preds handled by boolean abs:   4084 (40%)
  Total number of models for allsat:      3039
  Max number of models for allsat:        3
  Avg number of models for allsat:        1.04

Number of path formula cache hits:   905516 (70%)

Time for post operator:                 37.457s
  Time for path formula creation:       26.011s
    Actual computation:                 19.526s
Time for strengthen operator:            0.697s
  Time for satisfiability checks:        0.000s
Time for prec operator:                 19.360s
  Time for abstraction:                 13.317s (Max:     0.158s, Count: 182542)
    Boolean abstraction:                 0.795s
    Solving time:                        0.705s (Max:     0.015s)
    Model enumeration time:              0.056s
    Time for BDD construction:           0.062s (Max:     0.001s)
Time for merge operator:                 3.028s
Time for coverage check:                 0.104s
  Time for BDD entailment checks:        0.080s
Total time for SMT solver (w/o itp):     0.761s

Number of BDD nodes:                               427
Size of BDD node table:                            466043
Size of BDD cache:                                 46619
Size of BDD node cleanup queue:                        2694 (count: 109985, min: 0, max: 338, avg: 0.02)
Time for BDD node cleanup:                             0.019s
Time for BDD garbage collection:                       0.000s (in 0 runs)

PrecisionBootstrap statistics
-----------------------------
Init. function predicates:                         0
Init. global predicates:                           0
Init. location predicates:                         0

----------------------

AutomatonAnalysis (SVCOMP) statistics
-------------------------------------
Number of states:                                  1
Total time for successor computation:                  0.515s
  Time for transition matches:                         0.135s
  Time for transition assertions:                      0.000s
  Time for transition actions:                         0.002s
Automaton transfers with branching:                0
Automaton transfer successors:                      1142330 (count: 1142330, min: 1, max: 1, avg: 1.00) [1 x 1142330]

CPA algorithm statistics
------------------------
Number of iterations:            1042335
Max size of waitlist:            85
Average size of waitlist:        49
Number of computed successors:   1142330
Max successors for one state:    2
Number of times merged:          49571
Number of times stopped:         99450
Number of times abs stopped:     49879
Number of times nonAbs stopped:  0
Number of times doAbstraction node:  182542
Number of times breaked:         61

Total time for CPA algorithm:        77.983s (Max:     3.221s)
CPU time for CPA algorithm:         127.530s
  Time for choose from waitlist:      0.467s
  Time for precision adjustment:     21.047s
  Time for transfer relation:        45.606s
  Time for merge operator:            4.005s
  Time for stop operator:             1.441s
  Time for adding to reached set:     2.127s

Predicate-Abstraction Refiner statistics
----------------------------------------
Avg. length of target path (in blocks):                2980 (count: 61, min: 23, max: 78, avg: 48.85)
Number of infeasible sliced prefixes:                     0 (count: 0, min: 0, max: 0, avg: 0.00)

Time for refinement:                                   6.847s
  Counterexample analysis:                3.581s (Max:     0.535s, Calls: 61)
    Refinement sat check:                 0.512s
    Interpolant computation:              0.000s
  Error path post-processing:                          0.000s
  Path-formulas extraction:                            0.003s
  Building the counterexample trace:                   3.582s
  Extracting precise counterexample:                   0.000s
  Extracting infeasible sliced prefixes:               0.000s
  Selecting infeasible sliced prefixes:                0.000s
  Predicate creation:                                  0.022s
  Precision update:                                    0.023s
  ARG update:                                          3.122s

Length of refined path (in blocks):                    2451 (count: 61, min: 5, max: 74, avg: 40.18)
Number of affected states:                             2352 (count: 61, min: 1, max: 73, avg: 38.56)
Length (states) of path with itp 'true':                 38 (count: 61, min: 0, max: 16, avg: 0.62)
Length (states) of path with itp non-trivial itp:      2352 (count: 61, min: 1, max: 73, avg: 38.56)
Length (states) of path with itp 'false':                61 (count: 61, min: 1, max: 1, avg: 1.00)
Different non-trivial interpolants along paths:           5 (count: 61, min: 0, max: 2, avg: 0.08)
Equal non-trivial interpolants along paths:            2286 (count: 61, min: 0, max: 72, avg: 37.48)
Different precisions along paths:                         0 (count: 0, min: 0, max: 0, avg: 0.00)
Equal precisions along paths:                             0 (count: 0, min: 0, max: 0, avg: 0.00)
Number of refs with location-based cutoff:                0

CEGAR algorithm statistics
--------------------------
Number of refinements:                61
Lazy expansion status:                false
Expansion times:                      0
Total path lengths:                   94325
SP times:                             0
Number of added holes:                0
Number of successful refinements:     61
Number of failed refinements:         0
Max. size of reached set before ref.: 33712
Max. size of reached set after ref.:  13196
Avg. size of reached set before ref.: 18295.10
Avg. size of reached set after ref.:  1485.52

Total time for CEGAR algorithm:      85.106s
CPU time for CEGAR algorithm:       140.130s
Time for refinements:                 7.114s
CPU time for refinements:            12.600s
Average time for refinement:          0.116s
Max time for refinement:              0.602s
First time for refinement:             1.257s
Last time for refinement:              0.702s
Average time for analysis:          1.257s
Number of analysis:                62

Counterexample-Check Algorithm statistics
-----------------------------------------
Number of counterexample checks:    0

Code Coverage
-----------------------------
  Visited lines:          6737
  Total lines:            4
  Line coverage:          1684.250

CPAchecker general statistics
-----------------------------
Number of program locations:     2974
Number of CFA edges:             3332
Number of relevant variables:    385
Number of functions:             99
Number of loops:                 2
Size of reached set:             17092
  Number of reached locations:   2289 (77%)
    Avg states per location:     7
    Max states per location:     195 (at node N1871)
  Number of reached functions:   55 (56%)
  Number of partitions:          17077
    Avg size of partitions:      1
    Max size of partitions:      4 (with key [N1853 (before /work/ldvuser/novikov/work/current--X--drivers/target/loopback/tcm_loop.ko--X--defaultlinux--X--08_1a--X--cpachecker/linux/csd_deg_dscv/11/dscv_tempdir/dscv/ri/08_1a/drivers/target/loopback/tcm_loop.c.prepared, line 1636), Function ldv_main0_sequence_infinite_withcheck_stateful called from node N1756, stack depth 1 [21618fa7], stack [ldv_main0_sequence_infinite_withcheck_stateful], Init])
  Number of target states:       0

Time for analysis setup:                   2.632s
  Time for loading CPAs:                   0.440s
  Time for impacted traverse:              0.002s
  Time for loading parser:        0.039s
  Time for CFA construction:      2.073s
    Time for parsing file(s):     0.605s
    Time for AST to CFA:          0.787s
    Time for CFA sanity check:    0.000s
    Time for post-processing:     0.462s
      Time for var class.:        0.000s
Time for Analysis:                        85.124s
CPU time for analysis:    140.160s

Time for Garbage Collector:       4.886s (in 35 runs)
Garbage Collector(s) used:    PS MarkSweep, PS Scavenge
Used heap memory:               3129MB (  2984 MiB) max;    838MB (   799 MiB) avg;   3159MB (  3013 MiB) peak
Used non-heap memory:             43MB (    41 MiB) max;     39MB (    38 MiB) avg;     45MB (    43 MiB) peak
Used in PS Old Gen pool:         164MB (   156 MiB) max;     87MB (    83 MiB) avg;    164MB (   156 MiB) peak
Allocated heap memory:          3230MB (  3081 MiB) max;   1647MB (  1571 MiB) avg
Allocated non-heap memory:        46MB (    44 MiB) max;     43MB (    41 MiB) avg
Total process virtual memory:  13243MB ( 12629 MiB) max;  13240MB ( 12626 MiB) avg

Verification result: TRUE. No property violation found by chosen configuration.
More details about the verification run can be found in the directory "/home/yqs17/blazer/cpachecker-inc-pred/output-ori-final/flat/drivers--target--loopback--tcm_loop.ko.035.2816890.08_1a.cil_safe.i".
