scripts/cpa.sh -heap 10000M -predicateAnalysis-ABEl-debug -setprop cpa.predicate.refinement.performInitialStaticRefinement=false -disable-java-assertions -outputpath /home/yqs17/blazer/cpachecker-inc-pred/output-ori-final/flat/drivers--gpu--drm--i915--i915.ko.051.05eff84.32_1.cil_safe.i -stats -spec /home/yqs17/blazer/cpachecker-inc-pred/LDVErrorLabel.spc -entryfunction ldv_main0_sequence_infinite_withcheck_stateful /home/yqs17/blazer/cpachecker-inc-pred/programs-flat/drivers--gpu--drm--i915--i915.ko.051.05eff84.32_1.cil_safe.i


--------------------------------------------------------------------------------


Running CPAchecker with Java heap of size 10000M.
Running CPAchecker with the following extra VM options:  -Djava.io.tmpdir=/tmp/BenchExec_run_o7nawhh2/tmp
PredicateCPA statistics
-----------------------
Read Precision Time:                0.000s
Precision file size:                0
Write Precision Time:               0.002s
Number of abstractions:            17709 (24% of all post computations)
  Times abstraction was reused:    0
  Because of function entry/exit:  16427 (93%)
  Because of loop head:            1282 (7%)
  Because of join nodes:           0 (0%)
  Because of threshold:            0 (0%)
  Times precision was empty:       9723 (55%)
  Times precision was {false}:     1145 (6%)
  Times result was cached:         6227 (35%)
  Times cartesian abs was used:    0 (0%)
  Times boolean abs was used:      614 (3%)
  Times result was 'false':        310 (2%)
Number of strengthen sat checks:   18
  Times result was 'false':        0 (0%)
Number of coverage checks:         11006
  BDD entailment checks:           1912
Number of SMT sat checks:          18
  trivial:                         18
  cached:                          0

Max ABE block size:                       20
Number of predicates discovered:          11
Number of abstraction locations:          0
Max number of predicates per location:    0
Avg number of predicates per location:    0
Total predicates per abstraction:         2987
Max number of predicates per abstraction: 4
Avg number of predicates per abstraction: 1.70
Number of irrelevant predicates:          2269 (76%)
Number of preds handled by boolean abs:   718 (24%)
  Total number of models for allsat:      810
  Max number of models for allsat:        2
  Avg number of models for allsat:        1.32

Number of path formula cache hits:   34970 (42%)

Time for post operator:                  4.691s
  Time for path formula creation:        4.004s
    Actual computation:                  3.399s
Time for strengthen operator:            0.106s
  Time for satisfiability checks:        0.002s
Time for prec operator:                  2.442s
  Time for abstraction:                  1.708s (Max:     0.053s, Count: 17709)
    Boolean abstraction:                 0.209s
    Solving time:                        0.231s (Max:     0.017s)
    Model enumeration time:              0.019s
    Time for BDD construction:           0.025s (Max:     0.004s)
Time for merge operator:                 0.668s
Time for coverage check:                 0.020s
  Time for BDD entailment checks:        0.013s
Total time for SMT solver (w/o itp):     0.250s

Number of BDD nodes:                               250
Size of BDD node table:                            466043
Size of BDD cache:                                 46619
Size of BDD node cleanup queue:                         443 (count: 44622, min: 0, max: 175, avg: 0.01)
Time for BDD node cleanup:                             0.009s
Time for BDD garbage collection:                       0.000s (in 0 runs)

PrecisionBootstrap statistics
-----------------------------
Init. function predicates:                         0
Init. global predicates:                           0
Init. location predicates:                         0

----------------------

AutomatonAnalysis (SVCOMP) statistics
-------------------------------------
Number of states:                                  1
Total time for successor computation:                  0.145s
Automaton transfers with branching:                0
Automaton transfer successors:                        72498 (count: 72498, min: 1, max: 1, avg: 1.00) [1 x 72498]

CPA algorithm statistics
------------------------
Number of iterations:            66058
Max size of waitlist:            16
Average size of waitlist:        8
Number of computed successors:   72498
Max successors for one state:    2
Number of times merged:          4547
Number of times stopped:         6127
Number of times abs stopped:     1580
Number of times nonAbs stopped:  0
Number of times doAbstraction node:  17709
Number of times breaked:         18

Total time for CPA algorithm:        11.848s (Max:     1.647s)
CPU time for CPA algorithm:          23.440s
  Time for choose from waitlist:      0.095s
  Time for precision adjustment:      2.665s
  Time for transfer relation:         7.060s
  Time for merge operator:            0.873s
  Time for stop operator:             0.207s
  Time for adding to reached set:     0.267s

Predicate-Abstraction Refiner statistics
----------------------------------------
Avg. length of target path (in blocks):                3155 (count: 18, min: 5, max: 255, avg: 175.28)
Number of infeasible sliced prefixes:                     0 (count: 0, min: 0, max: 0, avg: 0.00)

Time for refinement:                                   5.844s
  Counterexample analysis:                5.474s (Max:     0.524s, Calls: 18)
    Refinement sat check:                 0.358s
    Interpolant computation:              0.000s
  Error path post-processing:                          0.000s
  Path-formulas extraction:                            0.002s
  Building the counterexample trace:                   5.475s
  Extracting precise counterexample:                   0.000s
  Extracting infeasible sliced prefixes:               0.000s
  Selecting infeasible sliced prefixes:                0.000s
  Predicate creation:                                  0.022s
  Precision update:                                    0.008s
  ARG update:                                          0.289s

Length of refined path (in blocks):                    2097 (count: 18, min: 4, max: 254, avg: 116.50)
Number of affected states:                              545 (count: 18, min: 1, max: 253, avg: 30.28)
Length (states) of path with itp 'true':               1534 (count: 18, min: 0, max: 214, avg: 85.22)
Length (states) of path with itp non-trivial itp:       545 (count: 18, min: 1, max: 253, avg: 30.28)
Length (states) of path with itp 'false':                18 (count: 18, min: 1, max: 1, avg: 1.00)
Different non-trivial interpolants along paths:           2 (count: 18, min: 0, max: 1, avg: 0.11)
Equal non-trivial interpolants along paths:             525 (count: 18, min: 0, max: 252, avg: 29.17)
Different precisions along paths:                         0 (count: 0, min: 0, max: 0, avg: 0.00)
Equal precisions along paths:                             0 (count: 0, min: 0, max: 0, avg: 0.00)
Number of refs with location-based cutoff:                0

CEGAR algorithm statistics
--------------------------
Number of refinements:                18
Lazy expansion status:                false
Expansion times:                      0
Total path lengths:                   29377
SP times:                             0
Number of added holes:                0
Number of successful refinements:     18
Number of failed refinements:         0
Max. size of reached set before ref.: 6501
Max. size of reached set after ref.:  3398
Avg. size of reached set before ref.: 5744.22
Avg. size of reached set after ref.:  2273.17

Total time for CEGAR algorithm:      17.771s
CPU time for CEGAR algorithm:        35.040s
Time for refinements:                 5.921s
CPU time for refinements:            11.600s
Average time for refinement:          0.328s
Max time for refinement:              0.558s
First time for refinement:             0.623s
Last time for refinement:              0.334s
Average time for analysis:          0.623s
Number of analysis:                19

Counterexample-Check Algorithm statistics
-----------------------------------------
Number of counterexample checks:    0

Code Coverage
-----------------------------
  Visited lines:          4082
  Total lines:            6
  Line coverage:          680.333

CPAchecker general statistics
-----------------------------
Number of program locations:     8371
Number of CFA edges:             10808
Number of relevant variables:    1367
Number of functions:             223
Number of loops:                 61
Size of reached set:             3583
  Number of reached locations:   1881 (22%)
    Avg states per location:     1
    Max states per location:     99 (at node N138)
  Number of reached functions:   27 (12%)
  Number of partitions:          3563
    Avg size of partitions:      1
    Max size of partitions:      2 (with key [N3120 (before /work/ldvuser/novikov/work/current--X--drivers/gpu/drm/i915/i915.ko--X--defaultlinux--X--32_1--X--cpachecker/linux/csd_deg_dscv/21/dscv_tempdir/dscv/ri/32_1/drivers/gpu/drm/i915/i915_suspend.c, lines 76-88), Function i915_restore_palette called from node N3610, stack depth 4 [a577415], stack [ldv_main0_sequence_infinite_withcheck_stateful, i915_resume, i915_restore_state, i915_restore_palette], Init])
  Number of target states:       0

Time for analysis setup:                   3.525s
  Time for loading CPAs:                   0.453s
  Time for impacted traverse:              0.002s
  Time for loading parser:        0.028s
  Time for CFA construction:      2.965s
    Time for parsing file(s):     0.654s
    Time for AST to CFA:          1.134s
    Time for CFA sanity check:    0.000s
    Time for post-processing:     0.862s
      Time for var class.:        0.000s
Time for Analysis:                        17.776s
CPU time for analysis:     35.050s

Time for Garbage Collector:       0.743s (in 17 runs)
Garbage Collector(s) used:    PS MarkSweep, PS Scavenge
Used heap memory:                593MB (   565 MiB) max;    190MB (   181 MiB) avg;    606MB (   578 MiB) peak
Used non-heap memory:             42MB (    40 MiB) max;     34MB (    33 MiB) avg;     43MB (    41 MiB) peak
Used in PS Old Gen pool:          37MB (    35 MiB) max;     31MB (    30 MiB) avg;     45MB (    43 MiB) peak
Allocated heap memory:           839MB (   801 MiB) max;    439MB (   419 MiB) avg
Allocated non-heap memory:        45MB (    42 MiB) max;     37MB (    35 MiB) avg
Total process virtual memory:  13242MB ( 12629 MiB) max;  13238MB ( 12625 MiB) avg

Verification result: TRUE. No property violation found by chosen configuration.
More details about the verification run can be found in the directory "/home/yqs17/blazer/cpachecker-inc-pred/output-ori-final/flat/drivers--gpu--drm--i915--i915.ko.051.05eff84.32_1.cil_safe.i".
