scripts/cpa.sh -heap 10000M -predicateAnalysis-ABEl-debug -setprop cpa.predicate.refinement.performInitialStaticRefinement=false -disable-java-assertions -outputpath /home/yqs17/blazer/cpachecker-inc-pred/output-ori-final/flat/drivers--regulator--wm831x-dcdc.ko.015.b47ba9fd.08_1a.cil_safe.i -stats -spec /home/yqs17/blazer/cpachecker-inc-pred/LDVErrorLabel.spc -entryfunction ldv_main0_sequence_infinite_withcheck_stateful /home/yqs17/blazer/cpachecker-inc-pred/programs-flat/drivers--regulator--wm831x-dcdc.ko.015.b47ba9fd.08_1a.cil_safe.i


--------------------------------------------------------------------------------


Running CPAchecker with Java heap of size 10000M.
Running CPAchecker with the following extra VM options:  -Djava.io.tmpdir=/tmp/BenchExec_run_dkxbsvv0/tmp
PredicateCPA statistics
-----------------------
Read Precision Time:                0.000s
Precision file size:                0
Write Precision Time:               0.003s
Number of abstractions:            138824 (12% of all post computations)
  Times abstraction was reused:    0
  Because of function entry/exit:  128383 (92%)
  Because of loop head:            10441 (8%)
  Because of join nodes:           0 (0%)
  Because of threshold:            0 (0%)
  Times precision was empty:       7121 (5%)
  Times precision was {false}:     4593 (3%)
  Times result was cached:         120355 (87%)
  Times cartesian abs was used:    0 (0%)
  Times boolean abs was used:      6755 (5%)
  Times result was 'false':        2664 (2%)
Number of strengthen sat checks:   78
  Times result was 'false':        0 (0%)
Number of coverage checks:         289939
  BDD entailment checks:           143805
Number of SMT sat checks:          78
  trivial:                         78
  cached:                          0

Max ABE block size:                       50
Number of predicates discovered:          13
Number of abstraction locations:          0
Max number of predicates per location:    0
Avg number of predicates per location:    0
Total predicates per abstraction:         49251
Max number of predicates per abstraction: 11
Avg number of predicates per abstraction: 4.34
Number of irrelevant predicates:          35416 (72%)
Number of preds handled by boolean abs:   13835 (28%)
  Total number of models for allsat:      15087
  Max number of models for allsat:        27
  Avg number of models for allsat:        2.23

Number of path formula cache hits:   993766 (76%)

Time for post operator:                 33.570s
  Time for path formula creation:       16.227s
    Actual computation:                 13.336s
Time for strengthen operator:            0.750s
  Time for satisfiability checks:        0.001s
Time for prec operator:                 30.124s
  Time for abstraction:                 23.950s (Max:     1.053s, Count: 138824)
    Boolean abstraction:                 2.080s
    Solving time:                        1.597s (Max:     0.015s)
    Model enumeration time:              0.521s
    Time for BDD construction:           0.122s (Max:     0.003s)
Time for merge operator:                 4.545s
Time for coverage check:                 0.130s
  Time for BDD entailment checks:        0.105s
Total time for SMT solver (w/o itp):     2.118s

Number of BDD nodes:                               3511
Size of BDD node table:                            466043
Size of BDD cache:                                 46619
Size of BDD node cleanup queue:                        7343 (count: 201887, min: 0, max: 735, avg: 0.04)
Time for BDD node cleanup:                             0.009s
Time for BDD garbage collection:                       0.000s (in 0 runs)

PrecisionBootstrap statistics
-----------------------------
Init. function predicates:                         0
Init. global predicates:                           0
Init. location predicates:                         0

----------------------

AutomatonAnalysis (SVCOMP) statistics
-------------------------------------
Number of states:                                  1
Total time for successor computation:                  0.411s
Automaton transfers with branching:                0
Automaton transfer successors:                      1161854 (count: 1161854, min: 1, max: 1, avg: 1.00) [1 x 1161854]

CPA algorithm statistics
------------------------
Number of iterations:            1044861
Max size of waitlist:            153
Average size of waitlist:        78
Number of computed successors:   1161854
Max successors for one state:    2
Number of times merged:          73067
Number of times stopped:         114174
Number of times abs stopped:     41107
Number of times nonAbs stopped:  0
Number of times doAbstraction node:  138824
Number of times breaked:         78

Total time for CPA algorithm:        82.189s (Max:     2.266s)
CPU time for CPA algorithm:         124.050s
  Time for choose from waitlist:      0.398s
  Time for precision adjustment:     31.381s
  Time for transfer relation:        39.848s
  Time for merge operator:            5.646s
  Time for stop operator:             1.084s
  Time for adding to reached set:     1.607s

Predicate-Abstraction Refiner statistics
----------------------------------------
Avg. length of target path (in blocks):                1449 (count: 78, min: 8, max: 31, avg: 18.58)
Number of infeasible sliced prefixes:                     0 (count: 0, min: 0, max: 0, avg: 0.00)

Time for refinement:                                   4.648s
  Counterexample analysis:                1.667s (Max:     0.114s, Calls: 78)
    Refinement sat check:                 0.420s
    Interpolant computation:              0.000s
  Error path post-processing:                          0.000s
  Path-formulas extraction:                            0.001s
  Building the counterexample trace:                   1.667s
  Extracting precise counterexample:                   0.000s
  Extracting infeasible sliced prefixes:               0.000s
  Selecting infeasible sliced prefixes:                0.000s
  Predicate creation:                                  0.011s
  Precision update:                                    0.012s
  ARG update:                                          2.893s

Length of refined path (in blocks):                     926 (count: 78, min: 4, max: 30, avg: 11.87)
Number of affected states:                              786 (count: 78, min: 1, max: 29, avg: 10.08)
Length (states) of path with itp 'true':                 62 (count: 78, min: 0, max: 16, avg: 0.79)
Length (states) of path with itp non-trivial itp:       786 (count: 78, min: 1, max: 29, avg: 10.08)
Length (states) of path with itp 'false':                78 (count: 78, min: 1, max: 1, avg: 1.00)
Different non-trivial interpolants along paths:           2 (count: 78, min: 0, max: 2, avg: 0.03)
Equal non-trivial interpolants along paths:             706 (count: 78, min: 0, max: 28, avg: 9.05)
Different precisions along paths:                         0 (count: 0, min: 0, max: 0, avg: 0.00)
Equal precisions along paths:                             0 (count: 0, min: 0, max: 0, avg: 0.00)
Number of refs with location-based cutoff:                0

CEGAR algorithm statistics
--------------------------
Number of refinements:                78
Lazy expansion status:                false
Expansion times:                      0
Total path lengths:                   54473
SP times:                             0
Number of added holes:                0
Number of successful refinements:     78
Number of failed refinements:         0
Max. size of reached set before ref.: 29744
Max. size of reached set after ref.:  4498
Avg. size of reached set before ref.: 13946.26
Avg. size of reached set after ref.:  787.09

Total time for CEGAR algorithm:      86.971s
CPU time for CEGAR algorithm:       131.930s
Time for refinements:                 4.773s
CPU time for refinements:             7.880s
Average time for refinement:          0.061s
Max time for refinement:              0.172s
First time for refinement:             1.040s
Last time for refinement:              0.748s
Average time for analysis:          1.040s
Number of analysis:                79

Counterexample-Check Algorithm statistics
-----------------------------------------
Number of counterexample checks:    0

Code Coverage
-----------------------------
  Visited lines:          3255
  Total lines:            5
  Line coverage:          651.000

CPAchecker general statistics
-----------------------------
Number of program locations:     1807
Number of CFA edges:             2100
Number of relevant variables:    291
Number of functions:             52
Number of loops:                 2
Size of reached set:             18602
  Number of reached locations:   1765 (98%)
    Avg states per location:     10
    Max states per location:     141 (at node N1424)
  Number of reached functions:   46 (88%)
  Number of partitions:          18504
    Avg size of partitions:      1
    Max size of partitions:      10 (with key [N1426 (before /work/ldvuser/novikov/work/current--X--drivers/regulator/wm831x-dcdc.ko--X--defaultlinux--X--08_1a--X--cpachecker/linux/csd_deg_dscv/11/dscv_tempdir/dscv/ri/08_1a/drivers/regulator/wm831x-dcdc.c.prepared, line 1988), Function ldv_main0_sequence_infinite_withcheck_stateful called from node N1104, stack depth 1 [2b50150], stack [ldv_main0_sequence_infinite_withcheck_stateful], Init])
  Number of target states:       0

Time for analysis setup:                   1.877s
  Time for loading CPAs:                   0.388s
  Time for impacted traverse:              0.002s
  Time for loading parser:        0.035s
  Time for CFA construction:      1.365s
    Time for parsing file(s):     0.405s
    Time for AST to CFA:          0.472s
    Time for CFA sanity check:    0.000s
    Time for post-processing:     0.331s
      Time for var class.:        0.000s
Time for Analysis:                        86.992s
CPU time for analysis:    131.970s

Time for Garbage Collector:       3.457s (in 41 runs)
Garbage Collector(s) used:    PS MarkSweep, PS Scavenge
Used heap memory:               3575MB (  3410 MiB) max;   1150MB (  1096 MiB) avg;   3596MB (  3430 MiB) peak
Used non-heap memory:             45MB (    43 MiB) max;     41MB (    39 MiB) avg;     47MB (    45 MiB) peak
Used in PS Old Gen pool:         147MB (   140 MiB) max;     70MB (    67 MiB) avg;    147MB (   140 MiB) peak
Allocated heap memory:          3653MB (  3484 MiB) max;   2299MB (  2192 MiB) avg
Allocated non-heap memory:        47MB (    45 MiB) max;     44MB (    42 MiB) avg
Total process virtual memory:  13242MB ( 12629 MiB) max;  13240MB ( 12626 MiB) avg

Verification result: TRUE. No property violation found by chosen configuration.
More details about the verification run can be found in the directory "/home/yqs17/blazer/cpachecker-inc-pred/output-ori-final/flat/drivers--regulator--wm831x-dcdc.ko.015.b47ba9fd.08_1a.cil_safe.i".
