scripts/cpa.sh -heap 10000M -predicateAnalysis-ABEl-debug -setprop cpa.predicate.refinement.performInitialStaticRefinement=false -disable-java-assertions -outputpath /home/yqs17/blazer/cpachecker-inc-pred/output-ori-final/flat/drivers--uio--uio_sercos3.ko.000.a6030fcc.39_7a.cil_safe.i -stats -spec /home/yqs17/blazer/cpachecker-inc-pred/LDVErrorLabel.spc -entryfunction ldv_main0_sequence_infinite_withcheck_stateful /home/yqs17/blazer/cpachecker-inc-pred/programs-flat/drivers--uio--uio_sercos3.ko.000.a6030fcc.39_7a.cil_safe.i


--------------------------------------------------------------------------------


Running CPAchecker with Java heap of size 10000M.
Running CPAchecker with the following extra VM options:  -Djava.io.tmpdir=/tmp/BenchExec_run_s0223gqk/tmp
PredicateCPA statistics
-----------------------
Read Precision Time:                0.000s
Precision file size:                0
Write Precision Time:               0.005s
Number of abstractions:            2571 (16% of all post computations)
  Times abstraction was reused:    0
  Because of function entry/exit:  2158 (84%)
  Because of loop head:            413 (16%)
  Because of join nodes:           0 (0%)
  Because of threshold:            0 (0%)
  Times precision was empty:       995 (39%)
  Times precision was {false}:     75 (3%)
  Times result was cached:         463 (18%)
  Times cartesian abs was used:    0 (0%)
  Times boolean abs was used:      1038 (40%)
  Times result was 'false':        187 (7%)
Number of strengthen sat checks:   18
  Times result was 'false':        0 (0%)
Number of coverage checks:         3057
  BDD entailment checks:           807
Number of SMT sat checks:          18
  trivial:                         18
  cached:                          0

Max ABE block size:                       18
Number of predicates discovered:          13
Number of abstraction locations:          0
Max number of predicates per location:    0
Avg number of predicates per location:    0
Total predicates per abstraction:         5805
Max number of predicates per abstraction: 12
Avg number of predicates per abstraction: 5.22
Number of irrelevant predicates:          1137 (20%)
Number of preds handled by boolean abs:   4668 (80%)
  Total number of models for allsat:      1091
  Max number of models for allsat:        2
  Avg number of models for allsat:        1.05

Number of path formula cache hits:   16591 (85%)

Time for post operator:                  1.493s
  Time for path formula creation:        0.865s
    Actual computation:                  0.771s
Time for strengthen operator:            0.044s
  Time for satisfiability checks:        0.001s
Time for prec operator:                  2.127s
  Time for abstraction:                  1.936s (Max:     0.014s, Count: 2571)
    Boolean abstraction:                 0.731s
    Solving time:                        0.277s (Max:     0.012s)
    Model enumeration time:              0.035s
    Time for BDD construction:           0.042s (Max:     0.006s)
Time for merge operator:                 0.060s
Time for coverage check:                 0.025s
  Time for BDD entailment checks:        0.021s
Total time for SMT solver (w/o itp):     0.312s

Number of BDD nodes:                               898
Size of BDD node table:                            466043
Size of BDD cache:                                 46619
Size of BDD node cleanup queue:                        1415 (count: 11662, min: 0, max: 613, avg: 0.12)
Time for BDD node cleanup:                             0.001s
Time for BDD garbage collection:                       0.000s (in 0 runs)

PrecisionBootstrap statistics
-----------------------------
Init. function predicates:                         0
Init. global predicates:                           0
Init. location predicates:                         0

----------------------

AutomatonAnalysis (SVCOMP) statistics
-------------------------------------
Number of states:                                  1
Total time for successor computation:                  0.056s
Automaton transfers with branching:                0
Automaton transfer successors:                        16402 (count: 16402, min: 1, max: 1, avg: 1.00) [1 x 16402]

CPA algorithm statistics
------------------------
Number of iterations:            14442
Max size of waitlist:            21
Average size of waitlist:        11
Number of computed successors:   16402
Max successors for one state:    2
Number of times merged:          1125
Number of times stopped:         1730
Number of times abs stopped:     605
Number of times nonAbs stopped:  0
Number of times doAbstraction node:  2571
Number of times breaked:         18

Total time for CPA algorithm:         4.906s (Max:     0.774s)
CPU time for CPA algorithm:           9.710s
  Time for choose from waitlist:      0.043s
  Time for precision adjustment:      2.241s
  Time for transfer relation:         1.980s
  Time for merge operator:            0.148s
  Time for stop operator:             0.086s
  Time for adding to reached set:     0.087s

Predicate-Abstraction Refiner statistics
----------------------------------------
Avg. length of target path (in blocks):                 664 (count: 18, min: 10, max: 60, avg: 36.89)
Number of infeasible sliced prefixes:                     0 (count: 0, min: 0, max: 0, avg: 0.00)

Time for refinement:                                   1.606s
  Counterexample analysis:                1.457s (Max:     0.182s, Calls: 18)
    Refinement sat check:                 0.356s
    Interpolant computation:              0.000s
  Error path post-processing:                          0.000s
  Path-formulas extraction:                            0.000s
  Building the counterexample trace:                   1.457s
  Extracting precise counterexample:                   0.000s
  Extracting infeasible sliced prefixes:               0.000s
  Selecting infeasible sliced prefixes:                0.000s
  Predicate creation:                                  0.013s
  Precision update:                                    0.008s
  ARG update:                                          0.096s

Length of refined path (in blocks):                     620 (count: 18, min: 6, max: 59, avg: 34.44)
Number of affected states:                              497 (count: 18, min: 1, max: 57, avg: 27.61)
Length (states) of path with itp 'true':                105 (count: 18, min: 0, max: 51, avg: 5.83)
Length (states) of path with itp non-trivial itp:       497 (count: 18, min: 1, max: 57, avg: 27.61)
Length (states) of path with itp 'false':                18 (count: 18, min: 1, max: 1, avg: 1.00)
Different non-trivial interpolants along paths:           2 (count: 18, min: 0, max: 2, avg: 0.11)
Equal non-trivial interpolants along paths:             477 (count: 18, min: 0, max: 56, avg: 26.50)
Different precisions along paths:                         0 (count: 0, min: 0, max: 0, avg: 0.00)
Equal precisions along paths:                             0 (count: 0, min: 0, max: 0, avg: 0.00)
Number of refs with location-based cutoff:                0

CEGAR algorithm statistics
--------------------------
Number of refinements:                18
Lazy expansion status:                false
Expansion times:                      0
Total path lengths:                   14600
SP times:                             0
Number of added holes:                0
Number of successful refinements:     18
Number of failed refinements:         0
Max. size of reached set before ref.: 1470
Max. size of reached set after ref.:  1053
Avg. size of reached set before ref.: 1407.67
Avg. size of reached set after ref.:  666.22

Total time for CEGAR algorithm:       6.566s
CPU time for CEGAR algorithm:        12.990s
Time for refinements:                 1.658s
CPU time for refinements:             3.270s
Average time for refinement:          0.092s
Max time for refinement:              0.190s
First time for refinement:             0.258s
Last time for refinement:              0.210s
Average time for analysis:          0.258s
Number of analysis:                19

Counterexample-Check Algorithm statistics
-----------------------------------------
Number of counterexample checks:    0

Code Coverage
-----------------------------
  Visited lines:          2637
  Total lines:            10
  Line coverage:          263.700

CPAchecker general statistics
-----------------------------
Number of program locations:     1573
Number of CFA edges:             1743
Number of relevant variables:    152
Number of functions:             100
Number of loops:                 3
Size of reached set:             1140
  Number of reached locations:   876 (56%)
    Avg states per location:     1
    Max states per location:     10 (at node N100)
  Number of reached functions:   16 (16%)
  Number of partitions:          1136
    Avg size of partitions:      1
    Max size of partitions:      3 (with key [N251 (before /work/ldvuser/novikov/work/current--X--drivers/uio/uio_sercos3.ko--X--defaultlinux--X--39_7a--X--cpachecker/linux/csd_deg_dscv/11/dscv_tempdir/dscv/ri/39_7a/drivers/uio/uio_sercos3.c.prepared, line 259), Function sercos3_pci_remove called from node N316, stack depth 2 [4b2af0eb], stack [ldv_main0_sequence_infinite_withcheck_stateful, sercos3_pci_remove], Init])
  Number of target states:       0

Time for analysis setup:                   1.713s
  Time for loading CPAs:                   0.349s
  Time for impacted traverse:              0.002s
  Time for loading parser:        0.035s
  Time for CFA construction:      1.251s
    Time for parsing file(s):     0.363s
    Time for AST to CFA:          0.425s
    Time for CFA sanity check:    0.001s
    Time for post-processing:     0.297s
      Time for var class.:        0.000s
Time for Analysis:                         6.567s
CPU time for analysis:     13.000s

Time for Garbage Collector:       0.236s (in 9 runs)
Garbage Collector(s) used:    PS MarkSweep, PS Scavenge
Used heap memory:                317MB (   302 MiB) max;    101MB (    96 MiB) avg;    351MB (   334 MiB) peak
Used non-heap memory:             36MB (    34 MiB) max;     31MB (    29 MiB) avg;     39MB (    37 MiB) peak
Used in PS Old Gen pool:          26MB (    25 MiB) max;     18MB (    17 MiB) avg;     26MB (    25 MiB) peak
Allocated heap memory:           481MB (   459 MiB) max;    278MB (   265 MiB) avg
Allocated non-heap memory:        39MB (    37 MiB) max;     33MB (    31 MiB) avg
Total process virtual memory:  13242MB ( 12628 MiB) max;  13238MB ( 12624 MiB) avg

Verification result: TRUE. No property violation found by chosen configuration.
More details about the verification run can be found in the directory "/home/yqs17/blazer/cpachecker-inc-pred/output-ori-final/flat/drivers--uio--uio_sercos3.ko.000.a6030fcc.39_7a.cil_safe.i".
