scripts/cpa.sh -heap 10000M -predicateAnalysis-ABEl-debug -setprop cpa.predicate.refinement.performInitialStaticRefinement=false -disable-java-assertions -outputpath /home/yqs17/blazer/cpachecker-inc-pred/output-ori-final/flat/drivers--mtd--maps--intel_vr_nor.ko.004.ba6bead.39_7a.cil_safe.i -stats -spec /home/yqs17/blazer/cpachecker-inc-pred/LDVErrorLabel.spc -entryfunction ldv_main0_sequence_infinite_withcheck_stateful /home/yqs17/blazer/cpachecker-inc-pred/programs-flat/drivers--mtd--maps--intel_vr_nor.ko.004.ba6bead.39_7a.cil_safe.i


--------------------------------------------------------------------------------


Running CPAchecker with Java heap of size 10000M.
Running CPAchecker with the following extra VM options:  -Djava.io.tmpdir=/tmp/BenchExec_run_0qaprumx/tmp
PredicateCPA statistics
-----------------------
Read Precision Time:                0.000s
Precision file size:                0
Write Precision Time:               0.004s
Number of abstractions:            1136 (15% of all post computations)
  Times abstraction was reused:    0
  Because of function entry/exit:  1038 (91%)
  Because of loop head:            98 (9%)
  Because of join nodes:           0 (0%)
  Because of threshold:            0 (0%)
  Times precision was empty:       467 (41%)
  Times precision was {false}:     44 (4%)
  Times result was cached:         240 (21%)
  Times cartesian abs was used:    0 (0%)
  Times boolean abs was used:      385 (34%)
  Times result was 'false':        64 (6%)
Number of strengthen sat checks:   10
  Times result was 'false':        0 (0%)
Number of coverage checks:         1027
  BDD entailment checks:           277
Number of SMT sat checks:          10
  trivial:                         10
  cached:                          0

Max ABE block size:                       28
Number of predicates discovered:          8
Number of abstraction locations:          0
Max number of predicates per location:    0
Avg number of predicates per location:    0
Total predicates per abstraction:         1488
Max number of predicates per abstraction: 7
Avg number of predicates per abstraction: 3.47
Number of irrelevant predicates:          285 (19%)
Number of preds handled by boolean abs:   1203 (81%)
  Total number of models for allsat:      425
  Max number of models for allsat:        2
  Avg number of models for allsat:        1.10

Number of path formula cache hits:   6872 (79%)

Time for post operator:                  0.882s
  Time for path formula creation:        0.604s
    Actual computation:                  0.513s
Time for strengthen operator:            0.021s
  Time for satisfiability checks:        0.000s
Time for prec operator:                  1.293s
  Time for abstraction:                  1.175s (Max:     0.040s, Count: 1136)
    Boolean abstraction:                 0.382s
    Solving time:                        0.182s (Max:     0.008s)
    Model enumeration time:              0.016s
    Time for BDD construction:           0.026s (Max:     0.005s)
Time for merge operator:                 0.059s
Time for coverage check:                 0.018s
  Time for BDD entailment checks:        0.013s
Total time for SMT solver (w/o itp):     0.198s

Number of BDD nodes:                               324
Size of BDD node table:                            466043
Size of BDD cache:                                 46619
Size of BDD node cleanup queue:                         410 (count: 6123, min: 0, max: 312, avg: 0.07)
Time for BDD node cleanup:                             0.000s
Time for BDD garbage collection:                       0.000s (in 0 runs)

PrecisionBootstrap statistics
-----------------------------
Init. function predicates:                         0
Init. global predicates:                           0
Init. location predicates:                         0

----------------------

AutomatonAnalysis (SVCOMP) statistics
-------------------------------------
Number of states:                                  1
Total time for successor computation:                  0.043s
Automaton transfers with branching:                0
Automaton transfer successors:                         7580 (count: 7580, min: 1, max: 1, avg: 1.00) [1 x 7580]

CPA algorithm statistics
------------------------
Number of iterations:            6895
Max size of waitlist:            17
Average size of waitlist:        9
Number of computed successors:   7580
Max successors for one state:    2
Number of times merged:          375
Number of times stopped:         593
Number of times abs stopped:     218
Number of times nonAbs stopped:  0
Number of times doAbstraction node:  1136
Number of times breaked:         10

Total time for CPA algorithm:         2.969s (Max:     0.567s)
CPU time for CPA algorithm:           5.840s
  Time for choose from waitlist:      0.024s
  Time for precision adjustment:      1.345s
  Time for transfer relation:         1.191s
  Time for merge operator:            0.098s
  Time for stop operator:             0.062s
  Time for adding to reached set:     0.061s

Predicate-Abstraction Refiner statistics
----------------------------------------
Avg. length of target path (in blocks):                 285 (count: 10, min: 10, max: 47, avg: 28.50)
Number of infeasible sliced prefixes:                     0 (count: 0, min: 0, max: 0, avg: 0.00)

Time for refinement:                                   0.744s
  Counterexample analysis:                0.663s (Max:     0.224s, Calls: 10)
    Refinement sat check:                 0.130s
    Interpolant computation:              0.000s
  Error path post-processing:                          0.000s
  Path-formulas extraction:                            0.000s
  Building the counterexample trace:                   0.663s
  Extracting precise counterexample:                   0.000s
  Extracting infeasible sliced prefixes:               0.000s
  Selecting infeasible sliced prefixes:                0.000s
  Predicate creation:                                  0.015s
  Precision update:                                    0.006s
  ARG update:                                          0.044s

Length of refined path (in blocks):                     252 (count: 10, min: 6, max: 46, avg: 25.20)
Number of affected states:                              234 (count: 10, min: 5, max: 44, avg: 23.40)
Length (states) of path with itp 'true':                  8 (count: 10, min: 0, max: 1, avg: 0.80)
Length (states) of path with itp non-trivial itp:       234 (count: 10, min: 5, max: 44, avg: 23.40)
Length (states) of path with itp 'false':                10 (count: 10, min: 1, max: 1, avg: 1.00)
Different non-trivial interpolants along paths:           2 (count: 10, min: 0, max: 2, avg: 0.20)
Equal non-trivial interpolants along paths:             222 (count: 10, min: 4, max: 43, avg: 22.20)
Different precisions along paths:                         0 (count: 0, min: 0, max: 0, avg: 0.00)
Equal precisions along paths:                             0 (count: 0, min: 0, max: 0, avg: 0.00)
Number of refs with location-based cutoff:                0

CEGAR algorithm statistics
--------------------------
Number of refinements:                10
Lazy expansion status:                false
Expansion times:                      0
Total path lengths:                   6609
SP times:                             0
Number of added holes:                0
Number of successful refinements:     10
Number of failed refinements:         0
Max. size of reached set before ref.: 1171
Max. size of reached set after ref.:  523
Avg. size of reached set before ref.: 1123.00
Avg. size of reached set after ref.:  521.60

Total time for CEGAR algorithm:       3.743s
CPU time for CEGAR algorithm:         7.360s
Time for refinements:                 0.773s
CPU time for refinements:             1.520s
Average time for refinement:          0.077s
Max time for refinement:              0.233s
First time for refinement:             0.269s
Last time for refinement:              0.136s
Average time for analysis:          0.269s
Number of analysis:                11

Counterexample-Check Algorithm statistics
-----------------------------------------
Number of counterexample checks:    0

Code Coverage
-----------------------------
  Visited lines:          2258
  Total lines:            5
  Line coverage:          451.600

CPAchecker general statistics
-----------------------------
Number of program locations:     1123
Number of CFA edges:             1229
Number of relevant variables:    98
Number of functions:             55
Number of loops:                 2
Size of reached set:             910
  Number of reached locations:   806 (72%)
    Avg states per location:     1
    Max states per location:     5 (at node N182)
  Number of reached functions:   19 (35%)
  Number of partitions:          909
    Avg size of partitions:      1
    Max size of partitions:      2 (with key [N308 (before /work/ldvuser/novikov/work/current--X--drivers/mtd/maps/intel_vr_nor.ko--X--defaultlinux--X--39_7a--X--cpachecker/linux/csd_deg_dscv/11/dscv_tempdir/dscv/ri/39_7a/drivers/mtd/maps/intel_vr_nor.c.prepared, line 443), Function ldv_main0_sequence_infinite_withcheck_stateful called from node N256, stack depth 1 [7db82169], stack [ldv_main0_sequence_infinite_withcheck_stateful], Init])
  Number of target states:       0

Time for analysis setup:                   1.538s
  Time for loading CPAs:                   0.353s
  Time for impacted traverse:              0.002s
  Time for loading parser:        0.035s
  Time for CFA construction:      1.071s
    Time for parsing file(s):     0.343s
    Time for AST to CFA:          0.394s
    Time for CFA sanity check:    0.000s
    Time for post-processing:     0.212s
      Time for var class.:        0.000s
Time for Analysis:                         3.745s
CPU time for analysis:      7.360s

Time for Garbage Collector:       0.195s (in 6 runs)
Garbage Collector(s) used:    PS MarkSweep, PS Scavenge
Used heap memory:                182MB (   174 MiB) max;     64MB (    61 MiB) avg;    189MB (   180 MiB) peak
Used non-heap memory:             36MB (    34 MiB) max;     29MB (    27 MiB) avg;     38MB (    36 MiB) peak
Used in PS Old Gen pool:          23MB (    22 MiB) max;     13MB (    12 MiB) avg;     23MB (    22 MiB) peak
Allocated heap memory:           266MB (   254 MiB) max;    206MB (   196 MiB) avg
Allocated non-heap memory:        39MB (    37 MiB) max;     30MB (    29 MiB) avg
Total process virtual memory:  13241MB ( 12628 MiB) max;  13237MB ( 12624 MiB) avg

Verification result: TRUE. No property violation found by chosen configuration.
More details about the verification run can be found in the directory "/home/yqs17/blazer/cpachecker-inc-pred/output-ori-final/flat/drivers--mtd--maps--intel_vr_nor.ko.004.ba6bead.39_7a.cil_safe.i".
