scripts/cpa.sh -heap 10000M -predicateAnalysis-ABEl-debug -setprop cpa.predicate.refinement.performInitialStaticRefinement=false -disable-java-assertions -outputpath /home/yqs17/blazer/cpachecker-inc-pred/output-ori-final/flat/drivers--net--phy--spi_ks8995.ko.001.60dfc62.08_1a.cil_safe.i -stats -spec /home/yqs17/blazer/cpachecker-inc-pred/LDVErrorLabel.spc -entryfunction ldv_main0_sequence_infinite_withcheck_stateful /home/yqs17/blazer/cpachecker-inc-pred/programs-flat/drivers--net--phy--spi_ks8995.ko.001.60dfc62.08_1a.cil_safe.i


--------------------------------------------------------------------------------


Running CPAchecker with Java heap of size 10000M.
Running CPAchecker with the following extra VM options:  -Djava.io.tmpdir=/tmp/BenchExec_run__x7u3ova/tmp
PredicateCPA statistics
-----------------------
Read Precision Time:                0.000s
Precision file size:                0
Write Precision Time:               0.002s
Number of abstractions:            2773 (22% of all post computations)
  Times abstraction was reused:    0
  Because of function entry/exit:  2694 (97%)
  Because of loop head:            79 (3%)
  Because of join nodes:           0 (0%)
  Because of threshold:            0 (0%)
  Times precision was empty:       739 (27%)
  Times precision was {false}:     213 (8%)
  Times result was cached:         1386 (50%)
  Times cartesian abs was used:    0 (0%)
  Times boolean abs was used:      435 (16%)
  Times result was 'false':        42 (2%)
Number of strengthen sat checks:   8
  Times result was 'false':        0 (0%)
Number of coverage checks:         1220
  BDD entailment checks:           538
Number of SMT sat checks:          8
  trivial:                         8
  cached:                          0

Max ABE block size:                       21
Number of predicates discovered:          6
Number of abstraction locations:          0
Max number of predicates per location:    0
Avg number of predicates per location:    0
Total predicates per abstraction:         1196
Max number of predicates per abstraction: 5
Avg number of predicates per abstraction: 1.85
Number of irrelevant predicates:          557 (47%)
Number of preds handled by boolean abs:   639 (53%)
  Total number of models for allsat:      458
  Max number of models for allsat:        3
  Avg number of models for allsat:        1.05

Number of path formula cache hits:   10519 (70%)

Time for post operator:                  1.356s
  Time for path formula creation:        0.932s
    Actual computation:                  0.815s
Time for strengthen operator:            0.043s
  Time for satisfiability checks:        0.000s
Time for prec operator:                  1.440s
  Time for abstraction:                  1.221s (Max:     0.015s, Count: 2773)
    Boolean abstraction:                 0.261s
    Solving time:                        0.160s (Max:     0.007s)
    Model enumeration time:              0.026s
    Time for BDD construction:           0.024s (Max:     0.002s)
Time for merge operator:                 0.035s
Time for coverage check:                 0.153s
  Time for BDD entailment checks:        0.012s
Total time for SMT solver (w/o itp):     0.186s

Number of BDD nodes:                               274
Size of BDD node table:                            466043
Size of BDD cache:                                 46619
Size of BDD node cleanup queue:                         495 (count: 6865, min: 0, max: 230, avg: 0.07)
Time for BDD node cleanup:                             0.001s
Time for BDD garbage collection:                       0.000s (in 0 runs)

PrecisionBootstrap statistics
-----------------------------
Init. function predicates:                         0
Init. global predicates:                           0
Init. location predicates:                         0

----------------------

AutomatonAnalysis (SVCOMP) statistics
-------------------------------------
Number of states:                                  1
Total time for successor computation:                  0.069s
Automaton transfers with branching:                0
Automaton transfer successors:                        12849 (count: 12849, min: 1, max: 1, avg: 1.00) [1 x 12849]

CPA algorithm statistics
------------------------
Number of iterations:            12148
Max size of waitlist:            19
Average size of waitlist:        11
Number of computed successors:   12849
Max successors for one state:    2
Number of times merged:          341
Number of times stopped:         650
Number of times abs stopped:     309
Number of times nonAbs stopped:  0
Number of times doAbstraction node:  2773
Number of times breaked:         8

Total time for CPA algorithm:         4.084s (Max:     0.658s)
CPU time for CPA algorithm:           8.080s
  Time for choose from waitlist:      0.039s
  Time for precision adjustment:      1.563s
  Time for transfer relation:         1.856s
  Time for merge operator:            0.210s
  Time for stop operator:             0.065s
  Time for adding to reached set:     0.097s

Predicate-Abstraction Refiner statistics
----------------------------------------
Avg. length of target path (in blocks):                 382 (count: 8, min: 10, max: 78, avg: 47.75)
Number of infeasible sliced prefixes:                     0 (count: 0, min: 0, max: 0, avg: 0.00)

Time for refinement:                                   1.042s
  Counterexample analysis:                0.945s (Max:     0.376s, Calls: 8)
    Refinement sat check:                 0.216s
    Interpolant computation:              0.000s
  Error path post-processing:                          0.000s
  Path-formulas extraction:                            0.001s
  Building the counterexample trace:                   0.947s
  Extracting precise counterexample:                   0.000s
  Extracting infeasible sliced prefixes:               0.000s
  Selecting infeasible sliced prefixes:                0.000s
  Predicate creation:                                  0.010s
  Precision update:                                    0.002s
  ARG update:                                          0.065s

Length of refined path (in blocks):                     356 (count: 8, min: 4, max: 77, avg: 44.50)
Number of affected states:                              282 (count: 8, min: 1, max: 76, avg: 35.25)
Length (states) of path with itp 'true':                 66 (count: 8, min: 0, max: 66, avg: 8.25)
Length (states) of path with itp non-trivial itp:       282 (count: 8, min: 1, max: 76, avg: 35.25)
Length (states) of path with itp 'false':                 8 (count: 8, min: 1, max: 1, avg: 1.00)
Different non-trivial interpolants along paths:           2 (count: 8, min: 0, max: 2, avg: 0.25)
Equal non-trivial interpolants along paths:             272 (count: 8, min: 0, max: 75, avg: 34.00)
Different precisions along paths:                         0 (count: 0, min: 0, max: 0, avg: 0.00)
Equal precisions along paths:                             0 (count: 0, min: 0, max: 0, avg: 0.00)
Number of refs with location-based cutoff:                0

CEGAR algorithm statistics
--------------------------
Number of refinements:                8
Lazy expansion status:                false
Expansion times:                      0
Total path lengths:                   5252
SP times:                             0
Number of added holes:                0
Number of successful refinements:     8
Number of failed refinements:         0
Max. size of reached set before ref.: 2800
Max. size of reached set after ref.:  1515
Avg. size of reached set before ref.: 1895.25
Avg. size of reached set after ref.:  595.38

Total time for CEGAR algorithm:       5.154s
CPU time for CEGAR algorithm:        10.210s
Time for refinements:                 1.070s
CPU time for refinements:             2.130s
Average time for refinement:          0.133s
Max time for refinement:              0.387s
First time for refinement:             0.453s
Last time for refinement:              0.211s
Average time for analysis:          0.453s
Number of analysis:                9

Counterexample-Check Algorithm statistics
-----------------------------------------
Number of counterexample checks:    0

Code Coverage
-----------------------------
  Visited lines:          2037
  Total lines:            24
  Line coverage:          84.875

CPAchecker general statistics
-----------------------------
Number of program locations:     830
Number of CFA edges:             905
Number of relevant variables:    110
Number of functions:             31
Number of loops:                 1
Size of reached set:             1759
  Number of reached locations:   788 (95%)
    Avg states per location:     2
    Max states per location:     24 (at node N6)
  Number of reached functions:   25 (81%)
  Number of partitions:          1756
    Avg size of partitions:      1
    Max size of partitions:      3 (with key [N373 (before /work/ldvuser/novikov/work/current--X--drivers/net/phy/spi_ks8995.ko--X--defaultlinux--X--08_1a--X--cpachecker/linux/csd_deg_dscv/11/dscv_tempdir/dscv/ri/08_1a/drivers/net/phy/spi_ks8995.c.prepared, line 752), Function ldv_main0_sequence_infinite_withcheck_stateful called from node N302, stack depth 1 [45c8d09f], stack [ldv_main0_sequence_infinite_withcheck_stateful], Init])
  Number of target states:       0

Time for analysis setup:                   1.499s
  Time for loading CPAs:                   0.371s
  Time for impacted traverse:              0.004s
  Time for loading parser:        0.033s
  Time for CFA construction:      1.024s
    Time for parsing file(s):     0.345s
    Time for AST to CFA:          0.355s
    Time for CFA sanity check:    0.000s
    Time for post-processing:     0.221s
      Time for var class.:        0.000s
Time for Analysis:                         5.157s
CPU time for analysis:     10.210s

Time for Garbage Collector:       0.231s (in 8 runs)
Garbage Collector(s) used:    PS MarkSweep, PS Scavenge
Used heap memory:                290MB (   277 MiB) max;     80MB (    76 MiB) avg;    299MB (   285 MiB) peak
Used non-heap memory:             36MB (    34 MiB) max;     30MB (    29 MiB) avg;     39MB (    37 MiB) peak
Used in PS Old Gen pool:          23MB (    22 MiB) max;     14MB (    13 MiB) avg;     23MB (    22 MiB) peak
Allocated heap memory:           408MB (   389 MiB) max;    235MB (   224 MiB) avg
Allocated non-heap memory:        39MB (    37 MiB) max;     32MB (    30 MiB) avg
Total process virtual memory:  13241MB ( 12628 MiB) max;  13237MB ( 12624 MiB) avg

Verification result: TRUE. No property violation found by chosen configuration.
More details about the verification run can be found in the directory "/home/yqs17/blazer/cpachecker-inc-pred/output-ori-final/flat/drivers--net--phy--spi_ks8995.ko.001.60dfc62.08_1a.cil_safe.i".
