scripts/cpa.sh -heap 10000M -predicateAnalysis-ABEl-debug -setprop cpa.predicate.refinement.performInitialStaticRefinement=false -disable-java-assertions -outputpath /home/yqs17/blazer/cpachecker-inc-pred/output-ori-final/flat/drivers--gpu--drm--i915--i915.ko.060.2ef7eea.43_1a.cil_safe.i -stats -spec /home/yqs17/blazer/cpachecker-inc-pred/LDVErrorLabel.spc -entryfunction ldv_main0_sequence_infinite_withcheck_stateful /home/yqs17/blazer/cpachecker-inc-pred/programs-flat/drivers--gpu--drm--i915--i915.ko.060.2ef7eea.43_1a.cil_safe.i


--------------------------------------------------------------------------------


Running CPAchecker with Java heap of size 10000M.
Running CPAchecker with the following extra VM options:  -Djava.io.tmpdir=/tmp/BenchExec_run_f4xyplt3/tmp
PredicateCPA statistics
-----------------------
Read Precision Time:                0.000s
Precision file size:                0
Write Precision Time:               0.001s
Number of abstractions:            625 (16% of all post computations)
  Times abstraction was reused:    0
  Because of function entry/exit:  581 (93%)
  Because of loop head:            44 (7%)
  Because of join nodes:           0 (0%)
  Because of threshold:            0 (0%)
  Times precision was empty:       625 (100%)
  Times precision was {false}:     0 (0%)
  Times result was cached:         0 (0%)
  Times cartesian abs was used:    0 (0%)
  Times boolean abs was used:      0 (0%)
  Times result was 'false':        0 (0%)
Number of strengthen sat checks:   0
Number of coverage checks:         430
  BDD entailment checks:           62
Number of SMT sat checks:          0
  trivial:                         0
  cached:                          0

Max ABE block size:                       21
Number of predicates discovered:          0

Number of path formula cache hits:   74 (2%)

Time for post operator:                  0.874s
  Time for path formula creation:        0.799s
    Actual computation:                  0.745s
Time for strengthen operator:            0.018s
Time for prec operator:                  0.164s
  Time for abstraction:                  0.086s (Max:     0.007s, Count: 625)
    Solving time:                        0.000s (Max:     0.000s)
    Model enumeration time:              0.000s
    Time for BDD construction:           0.000s (Max:     0.000s)
Time for merge operator:                 0.187s
Time for coverage check:                 0.011s
  Time for BDD entailment checks:        0.011s
Total time for SMT solver (w/o itp):     0.000s

Number of BDD nodes:                               202
Size of BDD node table:                            466043
Size of BDD cache:                                 46619
Size of BDD node cleanup queue:                           0 (count: 27790, min: 0, max: 0, avg: 0.00)
Time for BDD node cleanup:                             0.002s
Time for BDD garbage collection:                       0.000s (in 0 runs)

PrecisionBootstrap statistics
-----------------------------
Init. function predicates:                         0
Init. global predicates:                           0
Init. location predicates:                         0

----------------------

AutomatonAnalysis (SVCOMP) statistics
-------------------------------------
Number of states:                                  1
Total time for successor computation:                  0.031s
Automaton transfers with branching:                0
Automaton transfer successors:                         3872 (count: 3872, min: 1, max: 1, avg: 1.00) [1 x 3872]

CPA algorithm statistics
------------------------
Number of iterations:            3627
Max size of waitlist:            14
Average size of waitlist:        6
Number of computed successors:   3872
Max successors for one state:    2
Number of times merged:          184
Number of times stopped:         246
Number of times abs stopped:     62
Number of times nonAbs stopped:  0
Number of times doAbstraction node:  625
Number of times breaked:         0

Total time for CPA algorithm:         1.794s (Max:     1.794s)
CPU time for CPA algorithm:           3.540s
  Time for choose from waitlist:      0.018s
  Time for precision adjustment:      0.219s
  Time for transfer relation:         1.184s
  Time for merge operator:            0.225s
  Time for stop operator:             0.036s
  Time for adding to reached set:     0.040s

Predicate-Abstraction Refiner statistics
----------------------------------------
  Predicate creation:                                  0.000s
  Precision update:                                    0.000s
  ARG update:                                          0.000s

Length of refined path (in blocks):                       0 (count: 0, min: 0, max: 0, avg: 0.00)
Number of affected states:                                0 (count: 0, min: 0, max: 0, avg: 0.00)
Length (states) of path with itp 'true':                  0 (count: 0, min: 0, max: 0, avg: 0.00)
Length (states) of path with itp non-trivial itp:         0 (count: 0, min: 0, max: 0, avg: 0.00)
Length (states) of path with itp 'false':                 0 (count: 0, min: 0, max: 0, avg: 0.00)
Different non-trivial interpolants along paths:           0 (count: 0, min: 0, max: 0, avg: 0.00)
Equal non-trivial interpolants along paths:               0 (count: 0, min: 0, max: 0, avg: 0.00)
Different precisions along paths:                         0 (count: 0, min: 0, max: 0, avg: 0.00)
Equal precisions along paths:                             0 (count: 0, min: 0, max: 0, avg: 0.00)
Number of refs with location-based cutoff:                0

CEGAR algorithm statistics
--------------------------
Number of refinements:                0
Lazy expansion status:                false
Expansion times:                      0
Total path lengths:                   0
SP times:                             0
Number of added holes:                0
Refinement times:             0
First time for refinement:             1.794s
Last time for refinement:              1.794s
Average time for analysis:          1.794s
Number of analysis:                1

Counterexample-Check Algorithm statistics
-----------------------------------------
Number of counterexample checks:    0

Code Coverage
-----------------------------
  Visited lines:          4068
  Total lines:            5
  Line coverage:          813.600

CPAchecker general statistics
-----------------------------
Number of program locations:     8472
Number of CFA edges:             10852
Number of relevant variables:    1899
Number of functions:             269
Number of loops:                 61
Size of reached set:             3627
  Number of reached locations:   2103 (25%)
    Avg states per location:     1
    Max states per location:     100 (at node N158)
  Number of reached functions:   26 (10%)
  Number of partitions:          3627
    Avg size of partitions:      1
    Max size of partitions:      1
  Number of target states:       0

Time for analysis setup:                   3.518s
  Time for loading CPAs:                   0.427s
  Time for impacted traverse:              0.002s
  Time for loading parser:        0.035s
  Time for CFA construction:      2.974s
    Time for parsing file(s):     0.637s
    Time for AST to CFA:          1.173s
    Time for CFA sanity check:    0.001s
    Time for post-processing:     0.870s
      Time for var class.:        0.000s
Time for Analysis:                         1.801s
CPU time for analysis:      3.550s

Time for Garbage Collector:       0.441s (in 7 runs)
Garbage Collector(s) used:    PS MarkSweep, PS Scavenge
Used heap memory:                184MB (   176 MiB) max;     72MB (    69 MiB) avg;    215MB (   205 MiB) peak
Used non-heap memory:             37MB (    35 MiB) max;     26MB (    24 MiB) avg;     37MB (    36 MiB) peak
Used in PS Old Gen pool:          48MB (    46 MiB) max;     16MB (    15 MiB) avg;     48MB (    46 MiB) peak
Allocated heap memory:           270MB (   258 MiB) max;    216MB (   206 MiB) avg
Allocated non-heap memory:        38MB (    36 MiB) max;     26MB (    25 MiB) avg
Total process virtual memory:  13240MB ( 12627 MiB) max;  13234MB ( 12621 MiB) avg

Verification result: TRUE. No property violation found by chosen configuration.
More details about the verification run can be found in the directory "/home/yqs17/blazer/cpachecker-inc-pred/output-ori-final/flat/drivers--gpu--drm--i915--i915.ko.060.2ef7eea.43_1a.cil_safe.i".
