scripts/cpa.sh -heap 10000M -predicateAnalysis-ABEl-debug -setprop cpa.predicate.refinement.performInitialStaticRefinement=false -disable-java-assertions -outputpath /home/yqs17/blazer/cpachecker-inc-pred/output-ori-final/flat/drivers--auxdisplay--cfag12864b.ko.004.b340e8a.08_1a.cil_safe.i -stats -spec /home/yqs17/blazer/cpachecker-inc-pred/LDVErrorLabel.spc -entryfunction ldv_main0_sequence_infinite_withcheck_stateful /home/yqs17/blazer/cpachecker-inc-pred/programs-flat/drivers--auxdisplay--cfag12864b.ko.004.b340e8a.08_1a.cil_safe.i


--------------------------------------------------------------------------------


Running CPAchecker with Java heap of size 10000M.
Running CPAchecker with the following extra VM options:  -Djava.io.tmpdir=/tmp/BenchExec_run_1hptlz7k/tmp
PredicateCPA statistics
-----------------------
Read Precision Time:                0.000s
Precision file size:                0
Write Precision Time:               0.002s
Number of abstractions:            1802 (28% of all post computations)
  Times abstraction was reused:    0
  Because of function entry/exit:  1741 (97%)
  Because of loop head:            61 (3%)
  Because of join nodes:           0 (0%)
  Because of threshold:            0 (0%)
  Times precision was empty:       654 (36%)
  Times precision was {false}:     110 (6%)
  Times result was cached:         806 (45%)
  Times cartesian abs was used:    0 (0%)
  Times boolean abs was used:      232 (13%)
  Times result was 'false':        67 (4%)
Number of strengthen sat checks:   9
  Times result was 'false':        0 (0%)
Number of coverage checks:         634
  BDD entailment checks:           102
Number of SMT sat checks:          9
  trivial:                         9
  cached:                          0

Max ABE block size:                       17
Number of predicates discovered:          8
Number of abstraction locations:          0
Max number of predicates per location:    0
Avg number of predicates per location:    0
Total predicates per abstraction:         647
Max number of predicates per abstraction: 5
Avg number of predicates per abstraction: 1.89
Number of irrelevant predicates:          258 (40%)
Number of preds handled by boolean abs:   389 (60%)
  Total number of models for allsat:      229
  Max number of models for allsat:        2
  Avg number of models for allsat:        0.99

Number of path formula cache hits:   6118 (76%)

Time for post operator:                  0.559s
  Time for path formula creation:        0.352s
    Actual computation:                  0.301s
Time for strengthen operator:            0.020s
  Time for satisfiability checks:        0.000s
Time for prec operator:                  0.876s
  Time for abstraction:                  0.719s (Max:     0.092s, Count: 1802)
    Boolean abstraction:                 0.166s
    Solving time:                        0.076s (Max:     0.007s)
    Model enumeration time:              0.012s
    Time for BDD construction:           0.009s (Max:     0.002s)
Time for merge operator:                 0.026s
Time for coverage check:                 0.013s
  Time for BDD entailment checks:        0.012s
Total time for SMT solver (w/o itp):     0.088s

Number of BDD nodes:                               251
Size of BDD node table:                            466043
Size of BDD cache:                                 46619
Size of BDD node cleanup queue:                         248 (count: 4244, min: 0, max: 137, avg: 0.06)
Time for BDD node cleanup:                             0.002s
Time for BDD garbage collection:                       0.000s (in 0 runs)

PrecisionBootstrap statistics
-----------------------------
Init. function predicates:                         0
Init. global predicates:                           0
Init. location predicates:                         0

----------------------

AutomatonAnalysis (SVCOMP) statistics
-------------------------------------
Number of states:                                  1
Total time for successor computation:                  0.042s
Automaton transfers with branching:                0
Automaton transfer successors:                         6454 (count: 6454, min: 1, max: 1, avg: 1.00) [1 x 6454]

CPA algorithm statistics
------------------------
Number of iterations:            6029
Max size of waitlist:            9
Average size of waitlist:        4
Number of computed successors:   6454
Max successors for one state:    2
Number of times merged:          266
Number of times stopped:         344
Number of times abs stopped:     78
Number of times nonAbs stopped:  0
Number of times doAbstraction node:  1802
Number of times breaked:         9

Total time for CPA algorithm:         2.174s (Max:     0.557s)
CPU time for CPA algorithm:           4.270s
  Time for choose from waitlist:      0.035s
  Time for precision adjustment:      0.951s
  Time for transfer relation:         0.892s
  Time for merge operator:            0.057s
  Time for stop operator:             0.046s
  Time for adding to reached set:     0.085s

Predicate-Abstraction Refiner statistics
----------------------------------------
Avg. length of target path (in blocks):                 714 (count: 9, min: 7, max: 144, avg: 79.33)
Number of infeasible sliced prefixes:                     0 (count: 0, min: 0, max: 0, avg: 0.00)

Time for refinement:                                   1.237s
  Counterexample analysis:                1.169s (Max:     0.258s, Calls: 9)
    Refinement sat check:                 0.200s
    Interpolant computation:              0.000s
  Error path post-processing:                          0.000s
  Path-formulas extraction:                            0.000s
  Building the counterexample trace:                   1.169s
  Extracting precise counterexample:                   0.000s
  Extracting infeasible sliced prefixes:               0.000s
  Selecting infeasible sliced prefixes:                0.000s
  Predicate creation:                                  0.008s
  Precision update:                                    0.008s
  ARG update:                                          0.035s

Length of refined path (in blocks):                     394 (count: 9, min: 6, max: 141, avg: 43.78)
Number of affected states:                              307 (count: 9, min: 1, max: 140, avg: 34.11)
Length (states) of path with itp 'true':                 78 (count: 9, min: 0, max: 51, avg: 8.67)
Length (states) of path with itp non-trivial itp:       307 (count: 9, min: 1, max: 140, avg: 34.11)
Length (states) of path with itp 'false':                 9 (count: 9, min: 1, max: 1, avg: 1.00)
Different non-trivial interpolants along paths:           1 (count: 9, min: 0, max: 1, avg: 0.11)
Equal non-trivial interpolants along paths:             297 (count: 9, min: 0, max: 139, avg: 33.00)
Different precisions along paths:                         0 (count: 0, min: 0, max: 0, avg: 0.00)
Equal precisions along paths:                             0 (count: 0, min: 0, max: 0, avg: 0.00)
Number of refs with location-based cutoff:                0

CEGAR algorithm statistics
--------------------------
Number of refinements:                9
Lazy expansion status:                false
Expansion times:                      0
Total path lengths:                   3952
SP times:                             0
Number of added holes:                0
Number of successful refinements:     9
Number of failed refinements:         0
Max. size of reached set before ref.: 1085
Max. size of reached set after ref.:  634
Avg. size of reached set before ref.: 856.33
Avg. size of reached set after ref.:  275.44

Total time for CEGAR algorithm:       3.430s
CPU time for CEGAR algorithm:         6.740s
Time for refinements:                 1.256s
CPU time for refinements:             2.460s
Average time for refinement:          0.139s
Max time for refinement:              0.287s
First time for refinement:             0.217s
Last time for refinement:              0.214s
Average time for analysis:          0.217s
Number of analysis:                10

Counterexample-Check Algorithm statistics
-----------------------------------------
Number of counterexample checks:    0

Code Coverage
-----------------------------
  Visited lines:          542
  Total lines:            7
  Line coverage:          77.429

CPAchecker general statistics
-----------------------------
Number of program locations:     562
Number of CFA edges:             666
Number of relevant variables:    52
Number of functions:             38
Number of loops:                 7
Size of reached set:             816
  Number of reached locations:   384 (68%)
    Avg states per location:     2
    Max states per location:     27 (at node N30)
  Number of reached functions:   20 (53%)
  Number of partitions:          814
    Avg size of partitions:      1
    Max size of partitions:      2 (with key [N167 (before /work/ldvuser/novikov/work/current--X--drivers/auxdisplay/cfag12864b.ko--X--defaultlinux--X--08_1a--X--cpachecker/linux/csd_deg_dscv/11/dscv_tempdir/dscv/ri/08_1a/drivers/auxdisplay/cfag12864b.c.prepared, line 216), Function cfag12864b_clear called from node N326, stack depth 3 [6909f6be], stack [ldv_main0_sequence_infinite_withcheck_stateful, cfag12864b_init, cfag12864b_clear], Init])
  Number of target states:       0

Time for analysis setup:                   1.110s
  Time for loading CPAs:                   0.329s
  Time for impacted traverse:              0.003s
  Time for loading parser:        0.031s
  Time for CFA construction:      0.673s
    Time for parsing file(s):     0.221s
    Time for AST to CFA:          0.247s
    Time for CFA sanity check:    0.000s
    Time for post-processing:     0.124s
      Time for var class.:        0.000s
Time for Analysis:                         3.432s
CPU time for analysis:      6.740s

Time for Garbage Collector:       0.175s (in 7 runs)
Garbage Collector(s) used:    PS MarkSweep, PS Scavenge
Used heap memory:                178MB (   169 MiB) max;     59MB (    56 MiB) avg;    185MB (   176 MiB) peak
Used non-heap memory:             35MB (    33 MiB) max;     28MB (    27 MiB) avg;     36MB (    35 MiB) peak
Used in PS Old Gen pool:          19MB (    18 MiB) max;     10MB (     9 MiB) avg;     19MB (    18 MiB) peak
Allocated heap memory:           332MB (   317 MiB) max;    205MB (   195 MiB) avg
Allocated non-heap memory:        37MB (    35 MiB) max;     29MB (    28 MiB) avg
Total process virtual memory:  13240MB ( 12627 MiB) max;  13237MB ( 12624 MiB) avg

Verification result: TRUE. No property violation found by chosen configuration.
More details about the verification run can be found in the directory "/home/yqs17/blazer/cpachecker-inc-pred/output-ori-final/flat/drivers--auxdisplay--cfag12864b.ko.004.b340e8a.08_1a.cil_safe.i".
