scripts/cpa.sh -heap 10000M -predicateAnalysis-ABEl-debug -setprop cpa.predicate.refinement.performInitialStaticRefinement=false -disable-java-assertions -outputpath /home/yqs17/blazer/cpachecker-inc-pred/output-ori-final/flat/drivers--regulator--gpio-regulator.ko.010.a2a8222.32_7a.cil_safe.i -stats -spec /home/yqs17/blazer/cpachecker-inc-pred/LDVErrorLabel.spc -entryfunction ldv_main0_sequence_infinite_withcheck_stateful /home/yqs17/blazer/cpachecker-inc-pred/programs-flat/drivers--regulator--gpio-regulator.ko.010.a2a8222.32_7a.cil_safe.i


--------------------------------------------------------------------------------


Running CPAchecker with Java heap of size 10000M.
Running CPAchecker with the following extra VM options:  -Djava.io.tmpdir=/tmp/BenchExec_run_rl4lvww4/tmp
PredicateCPA statistics
-----------------------
Read Precision Time:                0.000s
Precision file size:                0
Write Precision Time:               0.002s
Number of abstractions:            18067 (13% of all post computations)
  Times abstraction was reused:    0
  Because of function entry/exit:  13808 (76%)
  Because of loop head:            4259 (24%)
  Because of join nodes:           0 (0%)
  Because of threshold:            0 (0%)
  Times precision was empty:       3098 (17%)
  Times precision was {false}:     218 (1%)
  Times result was cached:         13760 (76%)
  Times cartesian abs was used:    0 (0%)
  Times boolean abs was used:      991 (5%)
  Times result was 'false':        678 (4%)
Number of strengthen sat checks:   40
  Times result was 'false':        0 (0%)
Number of coverage checks:         29351
  BDD entailment checks:           11267
Number of SMT sat checks:          40
  trivial:                         40
  cached:                          0

Max ABE block size:                       42
Number of predicates discovered:          9
Number of abstraction locations:          0
Max number of predicates per location:    0
Avg number of predicates per location:    0
Total predicates per abstraction:         4130
Max number of predicates per abstraction: 7
Avg number of predicates per abstraction: 3.42
Number of irrelevant predicates:          1872 (45%)
Number of preds handled by boolean abs:   2258 (55%)
  Total number of models for allsat:      1077
  Max number of models for allsat:        3
  Avg number of models for allsat:        1.09

Number of path formula cache hits:   149322 (93%)

Time for post operator:                  5.420s
  Time for path formula creation:        1.750s
    Actual computation:                  1.394s
Time for strengthen operator:            0.119s
  Time for satisfiability checks:        0.001s
Time for prec operator:                  5.058s
  Time for abstraction:                  4.122s (Max:     0.035s, Count: 18067)
    Boolean abstraction:                 0.628s
    Solving time:                        0.391s (Max:     0.009s)
    Model enumeration time:              0.073s
    Time for BDD construction:           0.043s (Max:     0.001s)
Time for merge operator:                 0.231s
Time for coverage check:                 0.046s
  Time for BDD entailment checks:        0.036s
Total time for SMT solver (w/o itp):     0.464s

Number of BDD nodes:                               636
Size of BDD node table:                            466043
Size of BDD cache:                                 46619
Size of BDD node cleanup queue:                        1000 (count: 23661, min: 0, max: 227, avg: 0.04)
Time for BDD node cleanup:                             0.005s
Time for BDD garbage collection:                       0.000s (in 0 runs)

PrecisionBootstrap statistics
-----------------------------
Init. function predicates:                         0
Init. global predicates:                           0
Init. location predicates:                         0

----------------------

AutomatonAnalysis (SVCOMP) statistics
-------------------------------------
Number of states:                                  1
Total time for successor computation:                  0.156s
Automaton transfers with branching:                0
Automaton transfer successors:                       136175 (count: 136175, min: 1, max: 1, avg: 1.00) [1 x 136175]

CPA algorithm statistics
------------------------
Number of iterations:            120882
Max size of waitlist:            52
Average size of waitlist:        29
Number of computed successors:   136175
Max successors for one state:    2
Number of times merged:          9042
Number of times stopped:         14503
Number of times abs stopped:     5461
Number of times nonAbs stopped:  0
Number of times doAbstraction node:  18067
Number of times breaked:         40

Total time for CPA algorithm:        14.412s (Max:     0.833s)
CPU time for CPA algorithm:          28.510s
  Time for choose from waitlist:      0.107s
  Time for precision adjustment:      5.325s
  Time for transfer relation:         6.945s
  Time for merge operator:            0.588s
  Time for stop operator:             0.309s
  Time for adding to reached set:     0.329s

Predicate-Abstraction Refiner statistics
----------------------------------------
Avg. length of target path (in blocks):                 674 (count: 40, min: 10, max: 29, avg: 16.85)
Number of infeasible sliced prefixes:                     0 (count: 0, min: 0, max: 0, avg: 0.00)

Time for refinement:                                   1.341s
  Counterexample analysis:                0.791s (Max:     0.105s, Calls: 40)
    Refinement sat check:                 0.243s
    Interpolant computation:              0.000s
  Error path post-processing:                          0.000s
  Path-formulas extraction:                            0.002s
  Building the counterexample trace:                   0.791s
  Extracting precise counterexample:                   0.000s
  Extracting infeasible sliced prefixes:               0.000s
  Selecting infeasible sliced prefixes:                0.000s
  Predicate creation:                                  0.014s
  Precision update:                                    0.017s
  ARG update:                                          0.476s

Length of refined path (in blocks):                     611 (count: 40, min: 6, max: 28, avg: 15.27)
Number of affected states:                              513 (count: 40, min: 1, max: 26, avg: 12.82)
Length (states) of path with itp 'true':                 58 (count: 40, min: 0, max: 15, avg: 1.45)
Length (states) of path with itp non-trivial itp:       513 (count: 40, min: 1, max: 26, avg: 12.82)
Length (states) of path with itp 'false':                40 (count: 40, min: 1, max: 1, avg: 1.00)
Different non-trivial interpolants along paths:           2 (count: 40, min: 0, max: 2, avg: 0.05)
Equal non-trivial interpolants along paths:             471 (count: 40, min: 0, max: 25, avg: 11.77)
Different precisions along paths:                         0 (count: 0, min: 0, max: 0, avg: 0.00)
Equal precisions along paths:                             0 (count: 0, min: 0, max: 0, avg: 0.00)
Number of refs with location-based cutoff:                0

CEGAR algorithm statistics
--------------------------
Number of refinements:                40
Lazy expansion status:                false
Expansion times:                      0
Total path lengths:                   25227
SP times:                             0
Number of added holes:                0
Number of successful refinements:     40
Number of failed refinements:         0
Max. size of reached set before ref.: 5165
Max. size of reached set after ref.:  2113
Avg. size of reached set before ref.: 3550.15
Avg. size of reached set after ref.:  601.53

Total time for CEGAR algorithm:      15.828s
CPU time for CEGAR algorithm:        31.360s
Time for refinements:                 1.412s
CPU time for refinements:             2.840s
Average time for refinement:          0.035s
Max time for refinement:              0.124s
First time for refinement:             0.351s
Last time for refinement:              0.244s
Average time for analysis:          0.351s
Number of analysis:                41

Counterexample-Check Algorithm statistics
-----------------------------------------
Number of counterexample checks:    0

Code Coverage
-----------------------------
  Visited lines:          2412
  Total lines:            5
  Line coverage:          482.400

CPAchecker general statistics
-----------------------------
Number of program locations:     1254
Number of CFA edges:             1386
Number of relevant variables:    140
Number of functions:             51
Number of loops:                 5
Size of reached set:             3050
  Number of reached locations:   986 (79%)
    Avg states per location:     3
    Max states per location:     32 (at node N100)
  Number of reached functions:   22 (43%)
  Number of partitions:          3029
    Avg size of partitions:      1
    Max size of partitions:      4 (with key [N508 (before /work/ldvuser/novikov/work/current--X--drivers/regulator/gpio-regulator.ko--X--defaultlinux--X--32_7a--X--cpachecker/linux/csd_deg_dscv/12/dscv_tempdir/dscv/ri/32_7a/drivers/regulator/gpio-regulator.c.prepared, line 512), Function ldv_main0_sequence_infinite_withcheck_stateful called from node N395, stack depth 1 [625e134e], stack [ldv_main0_sequence_infinite_withcheck_stateful], Init])
  Number of target states:       0

Time for analysis setup:                   1.658s
  Time for loading CPAs:                   0.362s
  Time for impacted traverse:              0.001s
  Time for loading parser:        0.033s
  Time for CFA construction:      1.195s
    Time for parsing file(s):     0.340s
    Time for AST to CFA:          0.431s
    Time for CFA sanity check:    0.001s
    Time for post-processing:     0.281s
      Time for var class.:        0.000s
Time for Analysis:                        15.832s
CPU time for analysis:     31.370s

Time for Garbage Collector:       0.438s (in 17 runs)
Garbage Collector(s) used:    PS MarkSweep, PS Scavenge
Used heap memory:                786MB (   750 MiB) max;    231MB (   220 MiB) avg;    831MB (   792 MiB) peak
Used non-heap memory:             39MB (    37 MiB) max;     34MB (    32 MiB) avg;     42MB (    40 MiB) peak
Used in PS Old Gen pool:          25MB (    24 MiB) max;     20MB (    19 MiB) avg;     25MB (    24 MiB) peak
Allocated heap memory:          1129MB (  1077 MiB) max;    547MB (   521 MiB) avg
Allocated non-heap memory:        42MB (    40 MiB) max;     37MB (    35 MiB) avg
Total process virtual memory:  13243MB ( 12629 MiB) max;  13239MB ( 12626 MiB) avg

Verification result: TRUE. No property violation found by chosen configuration.
More details about the verification run can be found in the directory "/home/yqs17/blazer/cpachecker-inc-pred/output-ori-final/flat/drivers--regulator--gpio-regulator.ko.010.a2a8222.32_7a.cil_safe.i".
