scripts/cpa.sh -heap 10000M -predicateAnalysis-ABEl-debug -setprop cpa.predicate.refinement.performInitialStaticRefinement=false -disable-java-assertions -outputpath /home/yqs17/blazer/cpachecker-inc-pred/output-ori-final/flat/drivers--hwmon--it87.ko.048.816d8c6.08_1a.cil_safe.i -stats -spec /home/yqs17/blazer/cpachecker-inc-pred/LDVErrorLabel.spc -entryfunction ldv_main0_sequence_infinite_withcheck_stateful /home/yqs17/blazer/cpachecker-inc-pred/programs-flat/drivers--hwmon--it87.ko.048.816d8c6.08_1a.cil_safe.i


--------------------------------------------------------------------------------


Running CPAchecker with Java heap of size 10000M.
Running CPAchecker with the following extra VM options:  -Djava.io.tmpdir=/tmp/BenchExec_run_fwk6n3um/tmp
PredicateCPA statistics
-----------------------
Read Precision Time:                0.000s
Precision file size:                0
Write Precision Time:               0.004s
Number of abstractions:            12854 (23% of all post computations)
  Times abstraction was reused:    0
  Because of function entry/exit:  12052 (94%)
  Because of loop head:            802 (6%)
  Because of join nodes:           0 (0%)
  Because of threshold:            0 (0%)
  Times precision was empty:       5633 (44%)
  Times precision was {false}:     437 (3%)
  Times result was cached:         5788 (45%)
  Times cartesian abs was used:    0 (0%)
  Times boolean abs was used:      996 (8%)
  Times result was 'false':        167 (1%)
Number of strengthen sat checks:   15
  Times result was 'false':        0 (0%)
Number of coverage checks:         7485
  BDD entailment checks:           1649
Number of SMT sat checks:          15
  trivial:                         15
  cached:                          0

Max ABE block size:                       110
Number of predicates discovered:          14
Number of abstraction locations:          0
Max number of predicates per location:    0
Avg number of predicates per location:    0
Total predicates per abstraction:         3098
Max number of predicates per abstraction: 6
Avg number of predicates per abstraction: 2.16
Number of irrelevant predicates:          1609 (52%)
Number of preds handled by boolean abs:   1489 (48%)
  Total number of models for allsat:      1116
  Max number of models for allsat:        4
  Avg number of models for allsat:        1.12

Number of path formula cache hits:   36079 (56%)

Time for post operator:                  5.783s
  Time for path formula creation:        4.838s
    Actual computation:                  3.609s
Time for strengthen operator:            0.071s
  Time for satisfiability checks:        0.000s
Time for prec operator:                  4.598s
  Time for abstraction:                  3.658s (Max:     0.441s, Count: 12854)
    Boolean abstraction:                 1.287s
    Solving time:                        1.122s (Max:     0.363s)
    Model enumeration time:              0.121s
    Time for BDD construction:           0.045s (Max:     0.001s)
Time for merge operator:                 2.772s
Time for coverage check:                 0.023s
  Time for BDD entailment checks:        0.018s
Total time for SMT solver (w/o itp):     1.243s

Number of BDD nodes:                               349
Size of BDD node table:                            466043
Size of BDD cache:                                 46619
Size of BDD node cleanup queue:                        1134 (count: 20120, min: 0, max: 308, avg: 0.06)
Time for BDD node cleanup:                             0.006s
Time for BDD garbage collection:                       0.000s (in 0 runs)

PrecisionBootstrap statistics
-----------------------------
Init. function predicates:                         0
Init. global predicates:                           0
Init. location predicates:                         0

----------------------

AutomatonAnalysis (SVCOMP) statistics
-------------------------------------
Number of states:                                  1
Total time for successor computation:                  0.085s
Automaton transfers with branching:                0
Automaton transfer successors:                        55616 (count: 55616, min: 1, max: 1, avg: 1.00) [1 x 55616]

CPA algorithm statistics
------------------------
Number of iterations:            51467
Max size of waitlist:            70
Average size of waitlist:        15
Number of computed successors:   55616
Max successors for one state:    2
Number of times merged:          2918
Number of times stopped:         3961
Number of times abs stopped:     1043
Number of times nonAbs stopped:  0
Number of times doAbstraction node:  12854
Number of times breaked:         15

Total time for CPA algorithm:        15.933s (Max:     2.642s)
CPU time for CPA algorithm:          31.470s
  Time for choose from waitlist:      0.078s
  Time for precision adjustment:      4.875s
  Time for transfer relation:         6.895s
  Time for merge operator:            2.930s
  Time for stop operator:             0.188s
  Time for adding to reached set:     0.251s

Predicate-Abstraction Refiner statistics
----------------------------------------
Avg. length of target path (in blocks):                1926 (count: 15, min: 28, max: 231, avg: 128.40)
Number of infeasible sliced prefixes:                     0 (count: 0, min: 0, max: 0, avg: 0.00)

Time for refinement:                                  10.502s
  Counterexample analysis:               10.220s (Max:     1.505s, Calls: 15)
    Refinement sat check:                 0.574s
    Interpolant computation:              0.000s
  Error path post-processing:                          0.000s
  Path-formulas extraction:                            0.002s
  Building the counterexample trace:                  10.221s
  Extracting precise counterexample:                   0.000s
  Extracting infeasible sliced prefixes:               0.000s
  Selecting infeasible sliced prefixes:                0.000s
  Predicate creation:                                  0.020s
  Precision update:                                    0.008s
  ARG update:                                          0.223s

Length of refined path (in blocks):                    1688 (count: 15, min: 13, max: 227, avg: 112.53)
Number of affected states:                             1319 (count: 15, min: 1, max: 226, avg: 87.93)
Length (states) of path with itp 'true':                354 (count: 15, min: 0, max: 119, avg: 23.60)
Length (states) of path with itp non-trivial itp:      1319 (count: 15, min: 1, max: 226, avg: 87.93)
Length (states) of path with itp 'false':                15 (count: 15, min: 1, max: 1, avg: 1.00)
Different non-trivial interpolants along paths:           8 (count: 15, min: 0, max: 2, avg: 0.53)
Equal non-trivial interpolants along paths:            1296 (count: 15, min: 0, max: 223, avg: 86.40)
Different precisions along paths:                         0 (count: 0, min: 0, max: 0, avg: 0.00)
Equal precisions along paths:                             0 (count: 0, min: 0, max: 0, avg: 0.00)
Number of refs with location-based cutoff:                0

CEGAR algorithm statistics
--------------------------
Number of refinements:                15
Lazy expansion status:                false
Expansion times:                      0
Total path lengths:                   13571
SP times:                             0
Number of added holes:                0
Number of successful refinements:     15
Number of failed refinements:         0
Max. size of reached set before ref.: 8515
Max. size of reached set after ref.:  2277
Avg. size of reached set before ref.: 3954.73
Avg. size of reached set after ref.:  676.13

Total time for CEGAR algorithm:      26.481s
CPU time for CEGAR algorithm:        49.240s
Time for refinements:                10.543s
CPU time for refinements:            17.760s
Average time for refinement:          0.702s
Max time for refinement:              1.544s
First time for refinement:             0.995s
Last time for refinement:              0.268s
Average time for analysis:          0.995s
Number of analysis:                16

Counterexample-Check Algorithm statistics
-----------------------------------------
Number of counterexample checks:    0

Code Coverage
-----------------------------
  Visited lines:          1434
  Total lines:            17
  Line coverage:          84.353

CPAchecker general statistics
-----------------------------
Number of program locations:     2095
Number of CFA edges:             2532
Number of relevant variables:    472
Number of functions:             74
Number of loops:                 12
Size of reached set:             2310
  Number of reached locations:   1167 (56%)
    Avg states per location:     1
    Max states per location:     52 (at node N0)
  Number of reached functions:   31 (42%)
  Number of partitions:          2301
    Avg size of partitions:      1
    Max size of partitions:      3 (with key [N1486 (before /work/ldvuser/novikov/work/current--X--drivers/hwmon/it87.ko--X--defaultlinux--X--08_1a--X--cpachecker/linux/csd_deg_dscv/11/dscv_tempdir/dscv/ri/08_1a/drivers/hwmon/it87.c.prepared, line 1329), Function it87_init_device called from node N1093, stack depth 3 [1bd61926], stack [ldv_main0_sequence_infinite_withcheck_stateful, it87_probe, it87_init_device], Init])
  Number of target states:       0

Time for analysis setup:                   2.093s
  Time for loading CPAs:                   0.391s
  Time for impacted traverse:              0.002s
  Time for loading parser:        0.034s
  Time for CFA construction:      1.596s
    Time for parsing file(s):     0.442s
    Time for AST to CFA:          0.616s
    Time for CFA sanity check:    0.000s
    Time for post-processing:     0.367s
      Time for var class.:        0.000s
Time for Analysis:                        26.484s
CPU time for analysis:     49.250s

Time for Garbage Collector:       0.756s (in 18 runs)
Garbage Collector(s) used:    PS MarkSweep, PS Scavenge
Used heap memory:                999MB (   953 MiB) max;    282MB (   269 MiB) avg;   1024MB (   976 MiB) peak
Used non-heap memory:             42MB (    40 MiB) max;     37MB (    35 MiB) avg;     44MB (    42 MiB) peak
Used in PS Old Gen pool:          36MB (    34 MiB) max;     25MB (    24 MiB) avg;     36MB (    34 MiB) peak
Allocated heap memory:          1094MB (  1043 MiB) max;    626MB (   597 MiB) avg
Allocated non-heap memory:        45MB (    43 MiB) max;     40MB (    38 MiB) avg
Total process virtual memory:  13243MB ( 12629 MiB) max;  13239MB ( 12626 MiB) avg

Verification result: TRUE. No property violation found by chosen configuration.
More details about the verification run can be found in the directory "/home/yqs17/blazer/cpachecker-inc-pred/output-ori-final/flat/drivers--hwmon--it87.ko.048.816d8c6.08_1a.cil_safe.i".
