scripts/cpa.sh -heap 10000M -predicateAnalysis-ABEl-debug -setprop cpa.predicate.refinement.performInitialStaticRefinement=false -disable-java-assertions -outputpath /home/yqs17/blazer/cpachecker-inc-pred/output-ori-final/flat/drivers--rtc--rtc-max6902.ko.008.7a8fc9b.32_1.cil_safe.i -stats -spec /home/yqs17/blazer/cpachecker-inc-pred/LDVErrorLabel.spc -entryfunction ldv_main0_sequence_infinite_withcheck_stateful /home/yqs17/blazer/cpachecker-inc-pred/programs-flat/drivers--rtc--rtc-max6902.ko.008.7a8fc9b.32_1.cil_safe.i


--------------------------------------------------------------------------------


Running CPAchecker with Java heap of size 10000M.
Running CPAchecker with the following extra VM options:  -Djava.io.tmpdir=/tmp/BenchExec_run_rmz7ita5/tmp
PredicateCPA statistics
-----------------------
Read Precision Time:                0.000s
Precision file size:                0
Write Precision Time:               0.002s
Number of abstractions:            2868 (21% of all post computations)
  Times abstraction was reused:    0
  Because of function entry/exit:  2814 (98%)
  Because of loop head:            54 (2%)
  Because of join nodes:           0 (0%)
  Because of threshold:            0 (0%)
  Times precision was empty:       1435 (50%)
  Times precision was {false}:     311 (11%)
  Times result was cached:         951 (33%)
  Times cartesian abs was used:    0 (0%)
  Times boolean abs was used:      171 (6%)
  Times result was 'false':        11 (0%)
Number of strengthen sat checks:   6
  Times result was 'false':        0 (0%)
Number of coverage checks:         795
  BDD entailment checks:           215
Number of SMT sat checks:          6
  trivial:                         6
  cached:                          0

Max ABE block size:                       21
Number of predicates discovered:          2
Number of abstraction locations:          0
Max number of predicates per location:    0
Avg number of predicates per location:    0
Total predicates per abstraction:         482
Max number of predicates per abstraction: 1
Avg number of predicates per abstraction: 1.00
Number of irrelevant predicates:          311 (65%)
Number of preds handled by boolean abs:   171 (35%)
  Total number of models for allsat:      171
  Max number of models for allsat:        1
  Avg number of models for allsat:        1.00

Number of path formula cache hits:   10817 (69%)

Time for post operator:                  1.192s
  Time for path formula creation:        0.941s
    Actual computation:                  0.852s
Time for strengthen operator:            0.029s
  Time for satisfiability checks:        0.000s
Time for prec operator:                  1.057s
  Time for abstraction:                  0.796s (Max:     0.015s, Count: 2868)
    Boolean abstraction:                 0.106s
    Solving time:                        0.141s (Max:     0.007s)
    Model enumeration time:              0.015s
    Time for BDD construction:           0.004s (Max:     0.001s)
Time for merge operator:                 0.044s
Time for coverage check:                 0.015s
  Time for BDD entailment checks:        0.014s
Total time for SMT solver (w/o itp):     0.156s

Number of BDD nodes:                               202
Size of BDD node table:                            466043
Size of BDD cache:                                 46619
Size of BDD node cleanup queue:                          54 (count: 6678, min: 0, max: 31, avg: 0.01)
Time for BDD node cleanup:                             0.005s
Time for BDD garbage collection:                       0.000s (in 0 runs)

PrecisionBootstrap statistics
-----------------------------
Init. function predicates:                         0
Init. global predicates:                           0
Init. location predicates:                         0

----------------------

AutomatonAnalysis (SVCOMP) statistics
-------------------------------------
Number of states:                                  1
Total time for successor computation:                  0.060s
Automaton transfers with branching:                0
Automaton transfer successors:                        13646 (count: 13646, min: 1, max: 1, avg: 1.00) [1 x 13646]

CPA algorithm statistics
------------------------
Number of iterations:            13176
Max size of waitlist:            19
Average size of waitlist:        9
Number of computed successors:   13646
Max successors for one state:    2
Number of times merged:          290
Number of times stopped:         448
Number of times abs stopped:     158
Number of times nonAbs stopped:  0
Number of times doAbstraction node:  2868
Number of times breaked:         6

Total time for CPA algorithm:         3.452s (Max:     0.932s)
CPU time for CPA algorithm:           6.780s
  Time for choose from waitlist:      0.042s
  Time for precision adjustment:      1.155s
  Time for transfer relation:         1.626s
  Time for merge operator:            0.081s
  Time for stop operator:             0.075s
  Time for adding to reached set:     0.084s

Predicate-Abstraction Refiner statistics
----------------------------------------
Avg. length of target path (in blocks):                 307 (count: 6, min: 5, max: 163, avg: 51.17)
Number of infeasible sliced prefixes:                     0 (count: 0, min: 0, max: 0, avg: 0.00)

Time for refinement:                                   1.015s
  Counterexample analysis:                0.876s (Max:     0.521s, Calls: 6)
    Refinement sat check:                 0.144s
    Interpolant computation:              0.000s
  Error path post-processing:                          0.000s
  Path-formulas extraction:                            0.000s
  Building the counterexample trace:                   0.876s
  Extracting precise counterexample:                   0.000s
  Extracting infeasible sliced prefixes:               0.000s
  Selecting infeasible sliced prefixes:                0.000s
  Predicate creation:                                  0.008s
  Precision update:                                    0.003s
  ARG update:                                          0.109s

Length of refined path (in blocks):                     301 (count: 6, min: 4, max: 162, avg: 50.17)
Number of affected states:                              295 (count: 6, min: 3, max: 161, avg: 49.17)
Length (states) of path with itp 'true':                  0 (count: 6, min: 0, max: 0, avg: 0.00)
Length (states) of path with itp non-trivial itp:       295 (count: 6, min: 3, max: 161, avg: 49.17)
Length (states) of path with itp 'false':                 6 (count: 6, min: 1, max: 1, avg: 1.00)
Different non-trivial interpolants along paths:           0 (count: 6, min: 0, max: 0, avg: 0.00)
Equal non-trivial interpolants along paths:             289 (count: 6, min: 2, max: 160, avg: 48.17)
Different precisions along paths:                         0 (count: 0, min: 0, max: 0, avg: 0.00)
Equal precisions along paths:                             0 (count: 0, min: 0, max: 0, avg: 0.00)
Number of refs with location-based cutoff:                0

CEGAR algorithm statistics
--------------------------
Number of refinements:                6
Lazy expansion status:                false
Expansion times:                      0
Total path lengths:                   4333
SP times:                             0
Number of added holes:                0
Number of successful refinements:     6
Number of failed refinements:         0
Max. size of reached set before ref.: 2697
Max. size of reached set after ref.:  507
Avg. size of reached set before ref.: 2443.33
Avg. size of reached set after ref.:  507.00

Total time for CEGAR algorithm:       4.492s
CPU time for CEGAR algorithm:         8.840s
Time for refinements:                 1.040s
CPU time for refinements:             2.060s
Average time for refinement:          0.173s
Max time for refinement:              0.540s
First time for refinement:             0.493s
Last time for refinement:              0.109s
Average time for analysis:          0.493s
Number of analysis:                7

Counterexample-Check Algorithm statistics
-----------------------------------------
Number of counterexample checks:    0

Code Coverage
-----------------------------
  Visited lines:          2546
  Total lines:            15
  Line coverage:          169.733

CPAchecker general statistics
-----------------------------
Number of program locations:     932
Number of CFA edges:             1032
Number of relevant variables:    116
Number of functions:             36
Number of loops:                 1
Size of reached set:             1570
  Number of reached locations:   853 (92%)
    Avg states per location:     1
    Max states per location:     13 (at node N0)
  Number of reached functions:   27 (75%)
  Number of partitions:          1570
    Avg size of partitions:      1
    Max size of partitions:      1
  Number of target states:       0

Time for analysis setup:                   1.573s
  Time for loading CPAs:                   0.366s
  Time for impacted traverse:              0.002s
  Time for loading parser:        0.033s
  Time for CFA construction:      1.092s
    Time for parsing file(s):     0.369s
    Time for AST to CFA:          0.364s
    Time for CFA sanity check:    0.001s
    Time for post-processing:     0.232s
      Time for var class.:        0.000s
Time for Analysis:                         4.494s
CPU time for analysis:      8.850s

Time for Garbage Collector:       0.206s (in 7 runs)
Garbage Collector(s) used:    PS MarkSweep, PS Scavenge
Used heap memory:                190MB (   181 MiB) max;     68MB (    65 MiB) avg;    213MB (   203 MiB) peak
Used non-heap memory:             36MB (    35 MiB) max;     30MB (    28 MiB) avg;     39MB (    37 MiB) peak
Used in PS Old Gen pool:          25MB (    24 MiB) max;     14MB (    13 MiB) avg;     26MB (    25 MiB) peak
Allocated heap memory:           343MB (   328 MiB) max;    224MB (   214 MiB) avg
Allocated non-heap memory:        39MB (    37 MiB) max;     31MB (    30 MiB) avg
Total process virtual memory:  13241MB ( 12628 MiB) max;  13237MB ( 12624 MiB) avg

Verification result: TRUE. No property violation found by chosen configuration.
More details about the verification run can be found in the directory "/home/yqs17/blazer/cpachecker-inc-pred/output-ori-final/flat/drivers--rtc--rtc-max6902.ko.008.7a8fc9b.32_1.cil_safe.i".
