scripts/cpa.sh -heap 10000M -predicateAnalysis-ABEl-debug -setprop cpa.predicate.refinement.performInitialStaticRefinement=false -disable-java-assertions -outputpath /home/yqs17/blazer/cpachecker-inc-pred/output-ori-final/flat/drivers--regulator--wm831x-dcdc.ko.014.24b4315.32_7a.cil_safe.i -stats -spec /home/yqs17/blazer/cpachecker-inc-pred/LDVErrorLabel.spc -entryfunction ldv_main0_sequence_infinite_withcheck_stateful /home/yqs17/blazer/cpachecker-inc-pred/programs-flat/drivers--regulator--wm831x-dcdc.ko.014.24b4315.32_7a.cil_safe.i


--------------------------------------------------------------------------------


Running CPAchecker with Java heap of size 10000M.
Running CPAchecker with the following extra VM options:  -Djava.io.tmpdir=/tmp/BenchExec_run_pj4ou1mh/tmp
PredicateCPA statistics
-----------------------
Read Precision Time:                0.000s
Precision file size:                0
Write Precision Time:               0.003s
Number of abstractions:            182308 (12% of all post computations)
  Times abstraction was reused:    0
  Because of function entry/exit:  167931 (92%)
  Because of loop head:            14377 (8%)
  Because of join nodes:           0 (0%)
  Because of threshold:            0 (0%)
  Times precision was empty:       14354 (8%)
  Times precision was {false}:     4643 (3%)
  Times result was cached:         153955 (84%)
  Times cartesian abs was used:    0 (0%)
  Times boolean abs was used:      9356 (5%)
  Times result was 'false':        3694 (2%)
Number of strengthen sat checks:   108
  Times result was 'false':        0 (0%)
Number of coverage checks:         377756
  BDD entailment checks:           188102
Number of SMT sat checks:          108
  trivial:                         108
  cached:                          0

Max ABE block size:                       50
Number of predicates discovered:          14
Number of abstraction locations:          0
Max number of predicates per location:    0
Avg number of predicates per location:    0
Total predicates per abstraction:         73700
Max number of predicates per abstraction: 12
Avg number of predicates per abstraction: 5.26
Number of irrelevant predicates:          51947 (70%)
Number of preds handled by boolean abs:   21753 (30%)
  Total number of models for allsat:      19881
  Max number of models for allsat:        27
  Avg number of models for allsat:        2.12

Number of path formula cache hits:   1414002 (82%)

Time for post operator:                 44.176s
  Time for path formula creation:       16.243s
    Actual computation:                 12.707s
Time for strengthen operator:            0.970s
  Time for satisfiability checks:        0.002s
Time for prec operator:                 38.323s
  Time for abstraction:                 30.144s (Max:     0.148s, Count: 182308)
    Boolean abstraction:                 3.127s
    Solving time:                        2.373s (Max:     0.144s)
    Model enumeration time:              0.608s
    Time for BDD construction:           0.165s (Max:     0.007s)
Time for merge operator:                 4.255s
Time for coverage check:                 0.187s
  Time for BDD entailment checks:        0.145s
Total time for SMT solver (w/o itp):     2.981s

Number of BDD nodes:                               6179
Size of BDD node table:                            466043
Size of BDD cache:                                 46619
Size of BDD node cleanup queue:                       10654 (count: 264896, min: 0, max: 722, avg: 0.04)
Time for BDD node cleanup:                             0.027s
Time for BDD garbage collection:                       0.000s (in 0 runs)

PrecisionBootstrap statistics
-----------------------------
Init. function predicates:                         0
Init. global predicates:                           0
Init. location predicates:                         0

----------------------

AutomatonAnalysis (SVCOMP) statistics
-------------------------------------
Number of states:                                  1
Total time for successor computation:                  0.572s
  Time for transition matches:                         0.161s
  Time for transition assertions:                      0.000s
  Time for transition actions:                         0.001s
Automaton transfers with branching:                0
Automaton transfer successors:                      1518182 (count: 1518182, min: 1, max: 1, avg: 1.00) [1 x 1518182]

CPA algorithm statistics
------------------------
Number of iterations:            1365889
Max size of waitlist:            177
Average size of waitlist:        80
Number of computed successors:   1518182
Max successors for one state:    2
Number of times merged:          94827
Number of times stopped:         148337
Number of times abs stopped:     53510
Number of times nonAbs stopped:  0
Number of times doAbstraction node:  182308
Number of times breaked:         108

Total time for CPA algorithm:       105.017s (Max:     2.709s)
CPU time for CPA algorithm:         153.110s
  Time for choose from waitlist:      0.537s
  Time for precision adjustment:     39.676s
  Time for transfer relation:        52.721s
  Time for merge operator:            5.653s
  Time for stop operator:             1.467s
  Time for adding to reached set:     1.998s

Predicate-Abstraction Refiner statistics
----------------------------------------
Avg. length of target path (in blocks):                2145 (count: 108, min: 10, max: 33, avg: 19.86)
Number of infeasible sliced prefixes:                     0 (count: 0, min: 0, max: 0, avg: 0.00)

Time for refinement:                                   5.821s
  Counterexample analysis:                2.074s (Max:     0.115s, Calls: 108)
    Refinement sat check:                 0.478s
    Interpolant computation:              0.000s
  Error path post-processing:                          0.000s
  Path-formulas extraction:                            0.003s
  Building the counterexample trace:                   2.079s
  Extracting precise counterexample:                   0.000s
  Extracting infeasible sliced prefixes:               0.000s
  Selecting infeasible sliced prefixes:                0.000s
  Predicate creation:                                  0.019s
  Precision update:                                    0.025s
  ARG update:                                          3.619s

Length of refined path (in blocks):                    1592 (count: 108, min: 6, max: 32, avg: 14.74)
Number of affected states:                             1352 (count: 108, min: 1, max: 30, avg: 12.52)
Length (states) of path with itp 'true':                132 (count: 108, min: 0, max: 18, avg: 1.22)
Length (states) of path with itp non-trivial itp:      1352 (count: 108, min: 1, max: 30, avg: 12.52)
Length (states) of path with itp 'false':               108 (count: 108, min: 1, max: 1, avg: 1.00)
Different non-trivial interpolants along paths:           2 (count: 108, min: 0, max: 2, avg: 0.02)
Equal non-trivial interpolants along paths:            1242 (count: 108, min: 0, max: 29, avg: 11.50)
Different precisions along paths:                         0 (count: 0, min: 0, max: 0, avg: 0.00)
Equal precisions along paths:                             0 (count: 0, min: 0, max: 0, avg: 0.00)
Number of refs with location-based cutoff:                0

CEGAR algorithm statistics
--------------------------
Number of refinements:                108
Lazy expansion status:                false
Expansion times:                      0
Total path lengths:                   77037
SP times:                             0
Number of added holes:                0
Number of successful refinements:     108
Number of failed refinements:         0
Max. size of reached set before ref.: 35268
Max. size of reached set after ref.:  6400
Avg. size of reached set before ref.: 13231.77
Avg. size of reached set after ref.:  754.71

Total time for CEGAR algorithm:     110.991s
CPU time for CEGAR algorithm:       163.020s
Time for refinements:                 5.965s
CPU time for refinements:             9.910s
Average time for refinement:          0.055s
Max time for refinement:              0.160s
First time for refinement:             0.963s
Last time for refinement:              0.932s
Average time for analysis:          0.963s
Number of analysis:                109

Counterexample-Check Algorithm statistics
-----------------------------------------
Number of counterexample checks:    0

Code Coverage
-----------------------------
  Visited lines:          3252
  Total lines:            5
  Line coverage:          650.400

CPAchecker general statistics
-----------------------------
Number of program locations:     1973
Number of CFA edges:             2293
Number of relevant variables:    302
Number of functions:             67
Number of loops:                 2
Size of reached set:             18630
  Number of reached locations:   1790 (91%)
    Avg states per location:     10
    Max states per location:     141 (at node N1425)
  Number of reached functions:   47 (70%)
  Number of partitions:          18532
    Avg size of partitions:      1
    Max size of partitions:      10 (with key [N1427 (before /work/ldvuser/novikov/work/current--X--drivers/regulator/wm831x-dcdc.ko--X--defaultlinux--X--32_7a--X--cpachecker/linux/csd_deg_dscv/11/dscv_tempdir/dscv/ri/32_7a/drivers/regulator/wm831x-dcdc.c.prepared, line 2005), Function ldv_main0_sequence_infinite_withcheck_stateful called from node N1105, stack depth 1 [100f9bbe], stack [ldv_main0_sequence_infinite_withcheck_stateful], Init])
  Number of target states:       0

Time for analysis setup:                   1.941s
  Time for loading CPAs:                   0.392s
  Time for impacted traverse:              0.002s
  Time for loading parser:        0.036s
  Time for CFA construction:      1.431s
    Time for parsing file(s):     0.400s
    Time for AST to CFA:          0.503s
    Time for CFA sanity check:    0.000s
    Time for post-processing:     0.360s
      Time for var class.:        0.000s
Time for Analysis:                       111.003s
CPU time for analysis:    163.040s

Time for Garbage Collector:       4.719s (in 49 runs)
Garbage Collector(s) used:    PS MarkSweep, PS Scavenge
Used heap memory:               3523MB (  3359 MiB) max;   1271MB (  1212 MiB) avg;   3593MB (  3426 MiB) peak
Used non-heap memory:             44MB (    42 MiB) max;     41MB (    39 MiB) avg;     46MB (    44 MiB) peak
Used in PS Old Gen pool:         159MB (   152 MiB) max;     60MB (    57 MiB) avg;    159MB (   152 MiB) peak
Allocated heap memory:          3630MB (  3462 MiB) max;   2527MB (  2409 MiB) avg
Allocated non-heap memory:        47MB (    44 MiB) max;     44MB (    42 MiB) avg
Total process virtual memory:  13244MB ( 12630 MiB) max;  13240MB ( 12626 MiB) avg

Verification result: TRUE. No property violation found by chosen configuration.
More details about the verification run can be found in the directory "/home/yqs17/blazer/cpachecker-inc-pred/output-ori-final/flat/drivers--regulator--wm831x-dcdc.ko.014.24b4315.32_7a.cil_safe.i".
