scripts/cpa.sh -heap 10000M -predicateAnalysis-ABEl-debug -setprop cpa.predicate.refinement.performInitialStaticRefinement=false -disable-java-assertions -outputpath /home/yqs17/blazer/cpachecker-inc-pred/output-ori-final/flat/drivers--usb--serial--cp210x.ko.023.a901317.39_7a.cil_safe.i -stats -spec /home/yqs17/blazer/cpachecker-inc-pred/LDVErrorLabel.spc -entryfunction ldv_main0_sequence_infinite_withcheck_stateful /home/yqs17/blazer/cpachecker-inc-pred/programs-flat/drivers--usb--serial--cp210x.ko.023.a901317.39_7a.cil_safe.i


--------------------------------------------------------------------------------


Running CPAchecker with Java heap of size 10000M.
Running CPAchecker with the following extra VM options:  -Djava.io.tmpdir=/tmp/BenchExec_run_rkugmiaa/tmp
PredicateCPA statistics
-----------------------
Read Precision Time:                0.000s
Precision file size:                0
Write Precision Time:               0.004s
Number of abstractions:            456274 (14% of all post computations)
  Times abstraction was reused:    0
  Because of function entry/exit:  395526 (87%)
  Because of loop head:            60748 (13%)
  Because of join nodes:           0 (0%)
  Because of threshold:            0 (0%)
  Times precision was empty:       103649 (23%)
  Times precision was {false}:     6718 (1%)
  Times result was cached:         326642 (72%)
  Times cartesian abs was used:    0 (0%)
  Times boolean abs was used:      19265 (4%)
  Times result was 'false':        1180 (0%)
Number of strengthen sat checks:   101
  Times result was 'false':        0 (0%)
Number of coverage checks:         670085
  BDD entailment checks:           109175
Number of SMT sat checks:          101
  trivial:                         101
  cached:                          0

Max ABE block size:                       35
Number of predicates discovered:          12
Number of abstraction locations:          0
Max number of predicates per location:    0
Avg number of predicates per location:    0
Total predicates per abstraction:         220238
Max number of predicates per abstraction: 11
Avg number of predicates per abstraction: 8.48
Number of irrelevant predicates:          138232 (63%)
Number of preds handled by boolean abs:   82006 (37%)
  Total number of models for allsat:      27948
  Max number of models for allsat:        3
  Avg number of models for allsat:        1.45

Number of path formula cache hits:   3678195 (95%)

Time for post operator:                 89.429s
  Time for path formula creation:       20.721s
    Actual computation:                 12.734s
Time for strengthen operator:            1.865s
  Time for satisfiability checks:        0.000s
Time for prec operator:                 79.846s
  Time for abstraction:                 59.621s (Max:     1.488s, Count: 456274)
    Boolean abstraction:                 6.223s
    Solving time:                        3.220s (Max:     0.053s)
    Model enumeration time:              0.890s
    Time for BDD construction:           0.225s (Max:     0.006s)
Time for merge operator:                 4.931s
Time for coverage check:                 0.194s
  Time for BDD entailment checks:        0.120s
Total time for SMT solver (w/o itp):     4.110s

Number of BDD nodes:                               1140
Size of BDD node table:                            466043
Size of BDD cache:                                 46619
Size of BDD node cleanup queue:                       19857 (count: 321970, min: 0, max: 1492, avg: 0.06)
Time for BDD node cleanup:                             0.026s
Time for BDD garbage collection:                       0.000s (in 0 runs)

PrecisionBootstrap statistics
-----------------------------
Init. function predicates:                         0
Init. global predicates:                           0
Init. location predicates:                         0

----------------------

AutomatonAnalysis (SVCOMP) statistics
-------------------------------------
Number of states:                                  1
Total time for successor computation:                  1.032s
  Time for transition matches:                         0.333s
  Time for transition assertions:                      0.000s
  Time for transition actions:                         0.001s
Automaton transfers with branching:                0
Automaton transfer successors:                      3202830 (count: 3202830, min: 1, max: 1, avg: 1.00) [1 x 3202830]

CPA algorithm statistics
------------------------
Number of iterations:            2820369
Max size of waitlist:            86
Average size of waitlist:        31
Number of computed successors:   3202830
Max successors for one state:    2
Number of times merged:          280455
Number of times stopped:         380917
Number of times abs stopped:     100462
Number of times nonAbs stopped:  0
Number of times doAbstraction node:  456274
Number of times breaked:         101

Total time for CPA algorithm:       206.546s (Max:    12.184s)
CPU time for CPA algorithm:         265.800s
  Time for choose from waitlist:      0.830s
  Time for precision adjustment:     82.436s
  Time for transfer relation:       104.356s
  Time for merge operator:            7.535s
  Time for stop operator:             2.681s
  Time for adding to reached set:     3.590s

Predicate-Abstraction Refiner statistics
----------------------------------------
Avg. length of target path (in blocks):                2690 (count: 101, min: 12, max: 73, avg: 26.63)
Number of infeasible sliced prefixes:                     0 (count: 0, min: 0, max: 0, avg: 0.00)

Time for refinement:                                  10.500s
  Counterexample analysis:                2.826s (Max:     0.219s, Calls: 101)
    Refinement sat check:                 0.421s
    Interpolant computation:              0.000s
  Error path post-processing:                          0.000s
  Path-formulas extraction:                            0.002s
  Building the counterexample trace:                   2.826s
  Extracting precise counterexample:                   0.000s
  Extracting infeasible sliced prefixes:               0.000s
  Selecting infeasible sliced prefixes:                0.000s
  Predicate creation:                                  0.015s
  Precision update:                                    0.031s
  ARG update:                                          7.555s

Length of refined path (in blocks):                    2520 (count: 101, min: 8, max: 72, avg: 24.95)
Number of affected states:                             2331 (count: 101, min: 7, max: 70, avg: 23.08)
Length (states) of path with itp 'true':                 88 (count: 101, min: 0, max: 1, avg: 0.87)
Length (states) of path with itp non-trivial itp:      2331 (count: 101, min: 7, max: 70, avg: 23.08)
Length (states) of path with itp 'false':               101 (count: 101, min: 1, max: 1, avg: 1.00)
Different non-trivial interpolants along paths:           6 (count: 101, min: 0, max: 2, avg: 0.06)
Equal non-trivial interpolants along paths:            2224 (count: 101, min: 6, max: 69, avg: 22.02)
Different precisions along paths:                         0 (count: 0, min: 0, max: 0, avg: 0.00)
Equal precisions along paths:                             0 (count: 0, min: 0, max: 0, avg: 0.00)
Number of refs with location-based cutoff:                0

CEGAR algorithm statistics
--------------------------
Number of refinements:                101
Lazy expansion status:                false
Expansion times:                      0
Total path lengths:                   86514
SP times:                             0
Number of added holes:                0
Number of successful refinements:     101
Number of failed refinements:         0
Max. size of reached set before ref.: 90395
Max. size of reached set after ref.:  697
Avg. size of reached set before ref.: 28477.08
Avg. size of reached set after ref.:  695.58

Total time for CEGAR algorithm:     217.186s
CPU time for CEGAR algorithm:       280.510s
Time for refinements:                10.635s
CPU time for refinements:            14.710s
Average time for refinement:          0.105s
Max time for refinement:              0.374s
First time for refinement:             2.024s
Last time for refinement:              1.602s
Average time for analysis:          2.024s
Number of analysis:                102

Counterexample-Check Algorithm statistics
-----------------------------------------
Number of counterexample checks:    0

Code Coverage
-----------------------------
  Visited lines:          3718
  Total lines:            10
  Line coverage:          371.800

CPAchecker general statistics
-----------------------------
Number of program locations:     2365
Number of CFA edges:             2751
Number of relevant variables:    230
Number of functions:             105
Number of loops:                 5
Size of reached set:             14803
  Number of reached locations:   1586 (67%)
    Avg states per location:     9
    Max states per location:     228 (at node N295)
  Number of reached functions:   27 (26%)
  Number of partitions:          14794
    Avg size of partitions:      1
    Max size of partitions:      3 (with key [N1192 (before /work/ldvuser/novikov/work/current--X--drivers/usb/serial/cp210x.ko--X--defaultlinux--X--39_7a--X--cpachecker/linux/csd_deg_dscv/11/dscv_tempdir/dscv/ri/39_7a/drivers/usb/serial/cp210x.c.prepared, line 1583), Function ldv_main0_sequence_infinite_withcheck_stateful called from node N1098, stack depth 1 [6fd5717c], stack [ldv_main0_sequence_infinite_withcheck_stateful], Init])
  Number of target states:       0

Time for analysis setup:                   2.120s
  Time for loading CPAs:                   0.385s
  Time for impacted traverse:              0.002s
  Time for loading parser:        0.033s
  Time for CFA construction:      1.620s
    Time for parsing file(s):     0.467s
    Time for AST to CFA:          0.591s
    Time for CFA sanity check:    0.000s
    Time for post-processing:     0.370s
      Time for var class.:        0.000s
Time for Analysis:                       217.205s
CPU time for analysis:    280.540s

Time for Garbage Collector:       7.480s (in 77 runs)
Garbage Collector(s) used:    PS MarkSweep, PS Scavenge
Used heap memory:               3547MB (  3382 MiB) max;   1585MB (  1512 MiB) avg;   3686MB (  3515 MiB) peak
Used non-heap memory:             44MB (    42 MiB) max;     41MB (    39 MiB) avg;     46MB (    43 MiB) peak
Used in PS Old Gen pool:         168MB (   160 MiB) max;     74MB (    71 MiB) avg;    177MB (   169 MiB) peak
Allocated heap memory:          3681MB (  3510 MiB) max;   3122MB (  2977 MiB) avg
Allocated non-heap memory:        47MB (    45 MiB) max;     44MB (    42 MiB) avg
Total process virtual memory:  13243MB ( 12630 MiB) max;  13240MB ( 12626 MiB) avg

Verification result: TRUE. No property violation found by chosen configuration.
More details about the verification run can be found in the directory "/home/yqs17/blazer/cpachecker-inc-pred/output-ori-final/flat/drivers--usb--serial--cp210x.ko.023.a901317.39_7a.cil_safe.i".
