scripts/cpa.sh -heap 10000M -predicateAnalysis-ABEl-debug -setprop cpa.predicate.refinement.performInitialStaticRefinement=false -disable-java-assertions -outputpath /home/yqs17/blazer/cpachecker-inc-pred/output-ori-final/flat/drivers--media--video--videobuf-vmalloc.ko.026.7a02264.39_7a.cil_safe.i -stats -spec /home/yqs17/blazer/cpachecker-inc-pred/LDVErrorLabel.spc -entryfunction ldv_main0_sequence_infinite_withcheck_stateful /home/yqs17/blazer/cpachecker-inc-pred/programs-flat/drivers--media--video--videobuf-vmalloc.ko.026.7a02264.39_7a.cil_safe.i


--------------------------------------------------------------------------------


Running CPAchecker with Java heap of size 10000M.
Running CPAchecker with the following extra VM options:  -Djava.io.tmpdir=/tmp/BenchExec_run_9xx2n036/tmp
PredicateCPA statistics
-----------------------
Read Precision Time:                0.000s
Precision file size:                0
Write Precision Time:               0.003s
Number of abstractions:            5842 (13% of all post computations)
  Times abstraction was reused:    0
  Because of function entry/exit:  5001 (86%)
  Because of loop head:            841 (14%)
  Because of join nodes:           0 (0%)
  Because of threshold:            0 (0%)
  Times precision was empty:       673 (12%)
  Times precision was {false}:     89 (2%)
  Times result was cached:         4294 (74%)
  Times cartesian abs was used:    0 (0%)
  Times boolean abs was used:      786 (13%)
  Times result was 'false':        395 (7%)
Number of strengthen sat checks:   53
  Times result was 'false':        0 (0%)
Number of coverage checks:         6332
  BDD entailment checks:           1186
Number of SMT sat checks:          53
  trivial:                         53
  cached:                          0

Max ABE block size:                       27
Number of predicates discovered:          7
Number of abstraction locations:          0
Max number of predicates per location:    0
Avg number of predicates per location:    0
Total predicates per abstraction:         3987
Max number of predicates per abstraction: 6
Avg number of predicates per abstraction: 4.56
Number of irrelevant predicates:          728 (18%)
Number of preds handled by boolean abs:   3259 (82%)
  Total number of models for allsat:      795
  Max number of models for allsat:        2
  Avg number of models for allsat:        1.01

Number of path formula cache hits:   45126 (87%)

Time for post operator:                  2.593s
  Time for path formula creation:        1.013s
    Actual computation:                  0.873s
Time for strengthen operator:            0.067s
  Time for satisfiability checks:        0.000s
Time for prec operator:                  2.905s
  Time for abstraction:                  2.544s (Max:     0.061s, Count: 5842)
    Boolean abstraction:                 0.613s
    Solving time:                        0.280s (Max:     0.013s)
    Model enumeration time:              0.013s
    Time for BDD construction:           0.036s (Max:     0.011s)
Time for merge operator:                 0.146s
Time for coverage check:                 0.009s
  Time for BDD entailment checks:        0.002s
Total time for SMT solver (w/o itp):     0.293s

Number of BDD nodes:                               283
Size of BDD node table:                            466043
Size of BDD cache:                                 46619
Size of BDD node cleanup queue:                         941 (count: 10456, min: 0, max: 170, avg: 0.09)
Time for BDD node cleanup:                             0.001s
Time for BDD garbage collection:                       0.000s (in 0 runs)

PrecisionBootstrap statistics
-----------------------------
Init. function predicates:                         0
Init. global predicates:                           0
Init. location predicates:                         0

----------------------

AutomatonAnalysis (SVCOMP) statistics
-------------------------------------
Number of states:                                  1
Total time for successor computation:                  0.110s
Automaton transfers with branching:                0
Automaton transfer successors:                        45326 (count: 45326, min: 1, max: 1, avg: 1.00) [1 x 45326]

CPA algorithm statistics
------------------------
Number of iterations:            41125
Max size of waitlist:            28
Average size of waitlist:        13
Number of computed successors:   45326
Max successors for one state:    2
Number of times merged:          2573
Number of times stopped:         3467
Number of times abs stopped:     894
Number of times nonAbs stopped:  0
Number of times doAbstraction node:  5842
Number of times breaked:         53

Total time for CPA algorithm:         7.784s (Max:     0.644s)
CPU time for CPA algorithm:          15.380s
  Time for choose from waitlist:      0.081s
  Time for precision adjustment:      3.099s
  Time for transfer relation:         3.438s
  Time for merge operator:            0.276s
  Time for stop operator:             0.110s
  Time for adding to reached set:     0.170s

Predicate-Abstraction Refiner statistics
----------------------------------------
Avg. length of target path (in blocks):                 726 (count: 53, min: 6, max: 26, avg: 13.70)
Number of infeasible sliced prefixes:                     0 (count: 0, min: 0, max: 0, avg: 0.00)

Time for refinement:                                   1.092s
  Counterexample analysis:                0.813s (Max:     0.060s, Calls: 53)
    Refinement sat check:                 0.281s
    Interpolant computation:              0.000s
  Error path post-processing:                          0.000s
  Path-formulas extraction:                            0.002s
  Building the counterexample trace:                   0.816s
  Extracting precise counterexample:                   0.000s
  Extracting infeasible sliced prefixes:               0.000s
  Selecting infeasible sliced prefixes:                0.000s
  Predicate creation:                                  0.014s
  Precision update:                                    0.009s
  ARG update:                                          0.192s

Length of refined path (in blocks):                     641 (count: 53, min: 4, max: 22, avg: 12.09)
Number of affected states:                              543 (count: 53, min: 3, max: 20, avg: 10.25)
Length (states) of path with itp 'true':                 45 (count: 53, min: 0, max: 1, avg: 0.85)
Length (states) of path with itp non-trivial itp:       543 (count: 53, min: 3, max: 20, avg: 10.25)
Length (states) of path with itp 'false':                53 (count: 53, min: 1, max: 1, avg: 1.00)
Different non-trivial interpolants along paths:           0 (count: 53, min: 0, max: 0, avg: 0.00)
Equal non-trivial interpolants along paths:             490 (count: 53, min: 2, max: 19, avg: 9.25)
Different precisions along paths:                         0 (count: 0, min: 0, max: 0, avg: 0.00)
Equal precisions along paths:                             0 (count: 0, min: 0, max: 0, avg: 0.00)
Number of refs with location-based cutoff:                0

CEGAR algorithm statistics
--------------------------
Number of refinements:                53
Lazy expansion status:                false
Expansion times:                      0
Total path lengths:                   28412
SP times:                             0
Number of added holes:                0
Number of successful refinements:     53
Number of failed refinements:         0
Max. size of reached set before ref.: 1723
Max. size of reached set after ref.:  468
Avg. size of reached set before ref.: 1217.38
Avg. size of reached set after ref.:  466.79

Total time for CEGAR algorithm:       8.966s
CPU time for CEGAR algorithm:        17.710s
Time for refinements:                 1.176s
CPU time for refinements:             2.330s
Average time for refinement:          0.022s
Max time for refinement:              0.079s
First time for refinement:             0.144s
Last time for refinement:              0.187s
Average time for analysis:          0.144s
Number of analysis:                54

Counterexample-Check Algorithm statistics
-----------------------------------------
Number of counterexample checks:    0

Code Coverage
-----------------------------
  Visited lines:          2106
  Total lines:            13
  Line coverage:          162.000

CPAchecker general statistics
-----------------------------
Number of program locations:     1550
Number of CFA edges:             1755
Number of relevant variables:    191
Number of functions:             69
Number of loops:                 6
Size of reached set:             1684
  Number of reached locations:   984 (63%)
    Avg states per location:     1
    Max states per location:     29 (at node N826)
  Number of reached functions:   17 (25%)
  Number of partitions:          1675
    Avg size of partitions:      1
    Max size of partitions:      2 (with key [N806 (before /work/ldvuser/novikov/work/current--X--drivers/media/video/videobuf-vmalloc.ko--X--defaultlinux--X--39_7a--X--cpachecker/linux/csd_deg_dscv/11/dscv_tempdir/dscv/ri/39_7a/drivers/media/video/videobuf-vmalloc.c.prepared, line 755), Function ldv_main0_sequence_infinite_withcheck_stateful called from node N716, stack depth 1 [21362712], stack [ldv_main0_sequence_infinite_withcheck_stateful], Init])
  Number of target states:       0

Time for analysis setup:                   1.777s
  Time for loading CPAs:                   0.386s
  Time for impacted traverse:              0.002s
  Time for loading parser:        0.028s
  Time for CFA construction:      1.295s
    Time for parsing file(s):     0.357s
    Time for AST to CFA:          0.486s
    Time for CFA sanity check:    0.000s
    Time for post-processing:     0.284s
      Time for var class.:        0.000s
Time for Analysis:                         8.967s
CPU time for analysis:     17.710s

Time for Garbage Collector:       0.243s (in 14 runs)
Garbage Collector(s) used:    PS MarkSweep, PS Scavenge
Used heap memory:                375MB (   357 MiB) max;    117MB (   111 MiB) avg;    409MB (   390 MiB) peak
Used non-heap memory:             36MB (    35 MiB) max;     31MB (    29 MiB) avg;     39MB (    37 MiB) peak
Used in PS Old Gen pool:          23MB (    22 MiB) max;     18MB (    17 MiB) avg;     23MB (    22 MiB) peak
Allocated heap memory:           505MB (   482 MiB) max;    313MB (   298 MiB) avg
Allocated non-heap memory:        39MB (    37 MiB) max;     34MB (    32 MiB) avg
Total process virtual memory:  13240MB ( 12627 MiB) max;  13238MB ( 12625 MiB) avg

Verification result: TRUE. No property violation found by chosen configuration.
More details about the verification run can be found in the directory "/home/yqs17/blazer/cpachecker-inc-pred/output-ori-final/flat/drivers--media--video--videobuf-vmalloc.ko.026.7a02264.39_7a.cil_safe.i".
