scripts/cpa.sh -heap 10000M -predicateAnalysis-ABEl-debug -setprop cpa.predicate.refinement.performInitialStaticRefinement=false -disable-java-assertions -outputpath /home/yqs17/blazer/cpachecker-inc-pred/output-ori-final/flat/drivers--hwmon--it87.ko.101.483db43.08_1a.cil_safe.i -stats -spec /home/yqs17/blazer/cpachecker-inc-pred/LDVErrorLabel.spc -entryfunction ldv_main0_sequence_infinite_withcheck_stateful /home/yqs17/blazer/cpachecker-inc-pred/programs-flat/drivers--hwmon--it87.ko.101.483db43.08_1a.cil_safe.i


--------------------------------------------------------------------------------


Running CPAchecker with Java heap of size 10000M.
Running CPAchecker with the following extra VM options:  -Djava.io.tmpdir=/tmp/BenchExec_run_84f5q7py/tmp
PredicateCPA statistics
-----------------------
Read Precision Time:                0.000s
Precision file size:                0
Write Precision Time:               0.003s
Number of abstractions:            52990 (18% of all post computations)
  Times abstraction was reused:    0
  Because of function entry/exit:  42290 (80%)
  Because of loop head:            10700 (20%)
  Because of join nodes:           0 (0%)
  Because of threshold:            0 (0%)
  Times precision was empty:       17558 (33%)
  Times precision was {false}:     998 (2%)
  Times result was cached:         32133 (61%)
  Times cartesian abs was used:    0 (0%)
  Times boolean abs was used:      2301 (4%)
  Times result was 'false':        1488 (3%)
Number of strengthen sat checks:   24
  Times result was 'false':        0 (0%)
Number of coverage checks:         51407
  BDD entailment checks:           12845
Number of SMT sat checks:          24
  trivial:                         24
  cached:                          0

Max ABE block size:                       176
Number of predicates discovered:          15
Number of abstraction locations:          0
Max number of predicates per location:    0
Avg number of predicates per location:    0
Total predicates per abstraction:         8926
Max number of predicates per abstraction: 8
Avg number of predicates per abstraction: 2.71
Number of irrelevant predicates:          4722 (53%)
Number of preds handled by boolean abs:   4204 (47%)
  Total number of models for allsat:      2622
  Max number of models for allsat:        6
  Avg number of models for allsat:        1.14

Number of path formula cache hits:   188076 (55%)

Time for post operator:                 25.753s
  Time for path formula creation:       23.141s
    Actual computation:                 18.882s
Time for strengthen operator:            0.210s
  Time for satisfiability checks:        0.000s
Time for prec operator:                 17.623s
  Time for abstraction:                 13.099s (Max:     0.594s, Count: 52990)
    Boolean abstraction:                 3.370s
    Solving time:                        3.579s (Max:     0.460s)
    Model enumeration time:              0.342s
    Time for BDD construction:           0.039s (Max:     0.001s)
Time for merge operator:                40.726s
Time for coverage check:                 0.044s
  Time for BDD entailment checks:        0.038s
Total time for SMT solver (w/o itp):     3.921s

Number of BDD nodes:                               589
Size of BDD node table:                            466043
Size of BDD cache:                                 46619
Size of BDD node cleanup queue:                        2636 (count: 57736, min: 0, max: 603, avg: 0.05)
Time for BDD node cleanup:                             0.003s
Time for BDD garbage collection:                       0.000s (in 0 runs)

PrecisionBootstrap statistics
-----------------------------
Init. function predicates:                         0
Init. global predicates:                           0
Init. location predicates:                         0

----------------------

AutomatonAnalysis (SVCOMP) statistics
-------------------------------------
Number of states:                                  1
Total time for successor computation:                  0.188s
Automaton transfers with branching:                0
Automaton transfer successors:                       296711 (count: 296711, min: 1, max: 1, avg: 1.00) [1 x 296711]

CPA algorithm statistics
------------------------
Number of iterations:            269483
Max size of waitlist:            42
Average size of waitlist:        20
Number of computed successors:   296711
Max successors for one state:    2
Number of times merged:          19281
Number of times stopped:         25751
Number of times abs stopped:     6470
Number of times nonAbs stopped:  0
Number of times doAbstraction node:  52990
Number of times breaked:         24

Total time for CPA algorithm:        89.191s (Max:     7.567s)
CPU time for CPA algorithm:         134.000s
  Time for choose from waitlist:      0.115s
  Time for precision adjustment:     18.109s
  Time for transfer relation:        27.954s
  Time for merge operator:           41.069s
  Time for stop operator:             0.409s
  Time for adding to reached set:     0.536s

Predicate-Abstraction Refiner statistics
----------------------------------------
Avg. length of target path (in blocks):                4028 (count: 24, min: 28, max: 284, avg: 167.83)
Number of infeasible sliced prefixes:                     0 (count: 0, min: 0, max: 0, avg: 0.00)

Time for refinement:                                  65.601s
  Counterexample analysis:               64.838s (Max:     5.005s, Calls: 24)
    Refinement sat check:                 2.094s
    Interpolant computation:              0.000s
  Error path post-processing:                          0.000s
  Path-formulas extraction:                            0.003s
  Building the counterexample trace:                  64.838s
  Extracting precise counterexample:                   0.000s
  Extracting infeasible sliced prefixes:               0.000s
  Selecting infeasible sliced prefixes:                0.000s
  Predicate creation:                                  0.017s
  Precision update:                                    0.007s
  ARG update:                                          0.689s

Length of refined path (in blocks):                    3419 (count: 24, min: 13, max: 283, avg: 142.46)
Number of affected states:                             2180 (count: 24, min: 1, max: 282, avg: 90.83)
Length (states) of path with itp 'true':               1215 (count: 24, min: 0, max: 240, avg: 50.63)
Length (states) of path with itp non-trivial itp:      2180 (count: 24, min: 1, max: 282, avg: 90.83)
Length (states) of path with itp 'false':                24 (count: 24, min: 1, max: 1, avg: 1.00)
Different non-trivial interpolants along paths:           7 (count: 24, min: 0, max: 2, avg: 0.29)
Equal non-trivial interpolants along paths:            2149 (count: 24, min: 0, max: 281, avg: 89.54)
Different precisions along paths:                         0 (count: 0, min: 0, max: 0, avg: 0.00)
Equal precisions along paths:                             0 (count: 0, min: 0, max: 0, avg: 0.00)
Number of refs with location-based cutoff:                0

CEGAR algorithm statistics
--------------------------
Number of refinements:                24
Lazy expansion status:                false
Expansion times:                      0
Total path lengths:                   37194
SP times:                             0
Number of added holes:                0
Number of successful refinements:     24
Number of failed refinements:         0
Max. size of reached set before ref.: 24198
Max. size of reached set after ref.:  11243
Avg. size of reached set before ref.: 13119.50
Avg. size of reached set after ref.:  2583.71

Total time for CEGAR algorithm:     154.871s
CPU time for CEGAR algorithm:       212.090s
Time for refinements:                65.679s
CPU time for refinements:            78.090s
Average time for refinement:          2.736s
Max time for refinement:              5.054s
First time for refinement:             3.567s
Last time for refinement:              0.866s
Average time for analysis:          3.567s
Number of analysis:                25

Counterexample-Check Algorithm statistics
-----------------------------------------
Number of counterexample checks:    0

Code Coverage
-----------------------------
  Visited lines:          3793
  Total lines:            12
  Line coverage:          316.083

CPAchecker general statistics
-----------------------------
Number of program locations:     3239
Number of CFA edges:             3840
Number of relevant variables:    656
Number of functions:             82
Number of loops:                 25
Size of reached set:             16614
  Number of reached locations:   1953 (60%)
    Avg states per location:     8
    Max states per location:     174 (at node N12)
  Number of reached functions:   29 (35%)
  Number of partitions:          16326
    Avg size of partitions:      1
    Max size of partitions:      3 (with key [N2604 (before /work/ldvuser/novikov/work/current--X--drivers/hwmon/it87.ko--X--defaultlinux--X--08_1a--X--cpachecker/linux/csd_deg_dscv/12/dscv_tempdir/dscv/ri/08_1a/drivers/hwmon/it87.c.prepared, line 2882), Function ldv_main0_sequence_infinite_withcheck_stateful called from node N2553, stack depth 1 [4fd05028], stack [ldv_main0_sequence_infinite_withcheck_stateful], Init])
  Number of target states:       0

Time for analysis setup:                   2.567s
  Time for loading CPAs:                   0.414s
  Time for impacted traverse:              0.005s
  Time for loading parser:        0.035s
  Time for CFA construction:      2.036s
    Time for parsing file(s):     0.504s
    Time for AST to CFA:          0.721s
    Time for CFA sanity check:    0.000s
    Time for post-processing:     0.618s
      Time for var class.:        0.000s
Time for Analysis:                       154.888s
CPU time for analysis:    212.120s

Time for Garbage Collector:       2.863s (in 39 runs)
Garbage Collector(s) used:    PS MarkSweep, PS Scavenge
Used heap memory:               3495MB (  3333 MiB) max;   1485MB (  1416 MiB) avg;   3545MB (  3381 MiB) peak
Used non-heap memory:             44MB (    42 MiB) max;     41MB (    39 MiB) avg;     46MB (    43 MiB) peak
Used in PS Old Gen pool:          67MB (    64 MiB) max;     50MB (    47 MiB) avg;     67MB (    64 MiB) peak
Allocated heap memory:          3560MB (  3395 MiB) max;   2909MB (  2774 MiB) avg
Allocated non-heap memory:        47MB (    45 MiB) max;     45MB (    43 MiB) avg
Total process virtual memory:  13243MB ( 12629 MiB) max;  13240MB ( 12626 MiB) avg

Verification result: TRUE. No property violation found by chosen configuration.
More details about the verification run can be found in the directory "/home/yqs17/blazer/cpachecker-inc-pred/output-ori-final/flat/drivers--hwmon--it87.ko.101.483db43.08_1a.cil_safe.i".
