scripts/cpa.sh -heap 10000M -predicateAnalysis-ABEl-debug -setprop cpa.predicate.refinement.performInitialStaticRefinement=false -disable-java-assertions -outputpath /home/yqs17/blazer/cpachecker-inc-pred/output-ori-final/flat/drivers--isdn--mISDN--mISDN_core.ko.045.6038f37.39_7a.cil_safe.i -stats -spec /home/yqs17/blazer/cpachecker-inc-pred/LDVErrorLabel.spc -entryfunction ldv_main0_sequence_infinite_withcheck_stateful /home/yqs17/blazer/cpachecker-inc-pred/programs-flat/drivers--isdn--mISDN--mISDN_core.ko.045.6038f37.39_7a.cil_safe.i


--------------------------------------------------------------------------------


Running CPAchecker with Java heap of size 10000M.
Running CPAchecker with the following extra VM options:  -Djava.io.tmpdir=/tmp/BenchExec_run_chywmc9z/tmp
PredicateCPA statistics
-----------------------
Read Precision Time:                0.000s
Precision file size:                0
Write Precision Time:               0.007s
Number of abstractions:            10578 (22% of all post computations)
  Times abstraction was reused:    0
  Because of function entry/exit:  9527 (90%)
  Because of loop head:            1051 (10%)
  Because of join nodes:           0 (0%)
  Because of threshold:            0 (0%)
  Times precision was empty:       531 (5%)
  Times precision was {false}:     123 (1%)
  Times result was cached:         8617 (81%)
  Times cartesian abs was used:    0 (0%)
  Times boolean abs was used:      1307 (12%)
  Times result was 'false':        845 (8%)
Number of strengthen sat checks:   52
  Times result was 'false':        0 (0%)
Number of coverage checks:         4234
  BDD entailment checks:           1620
Number of SMT sat checks:          52
  trivial:                         52
  cached:                          0

Max ABE block size:                       69
Number of predicates discovered:          14
Number of abstraction locations:          0
Max number of predicates per location:    0
Avg number of predicates per location:    0
Total predicates per abstraction:         9560
Max number of predicates per abstraction: 13
Avg number of predicates per abstraction: 6.69
Number of irrelevant predicates:          447 (5%)
Number of preds handled by boolean abs:   9113 (95%)
  Total number of models for allsat:      1307
  Max number of models for allsat:        1
  Avg number of models for allsat:        1.00

Number of path formula cache hits:   55968 (96%)

Time for post operator:                  4.455s
  Time for path formula creation:        2.480s
    Actual computation:                  1.509s
Time for strengthen operator:            0.032s
  Time for satisfiability checks:        0.000s
Time for prec operator:                  4.159s
  Time for abstraction:                  3.596s (Max:     0.022s, Count: 10578)
    Boolean abstraction:                 0.825s
    Solving time:                        0.238s (Max:     0.004s)
    Model enumeration time:              0.012s
    Time for BDD construction:           0.045s (Max:     0.001s)
Time for merge operator:                 0.070s
Time for coverage check:                 0.017s
  Time for BDD entailment checks:        0.016s
Total time for SMT solver (w/o itp):     0.250s

Number of BDD nodes:                               524
Size of BDD node table:                            466043
Size of BDD cache:                                 46619
Size of BDD node cleanup queue:                        1707 (count: 66619, min: 0, max: 354, avg: 0.03)
Time for BDD node cleanup:                             0.007s
Time for BDD garbage collection:                       0.000s (in 0 runs)

PrecisionBootstrap statistics
-----------------------------
Init. function predicates:                         0
Init. global predicates:                           0
Init. location predicates:                         0

----------------------

AutomatonAnalysis (SVCOMP) statistics
-------------------------------------
Number of states:                                  1
Total time for successor computation:                  0.077s
Automaton transfers with branching:                0
Automaton transfer successors:                        47703 (count: 47703, min: 1, max: 1, avg: 1.00) [1 x 47703]

CPA algorithm statistics
------------------------
Number of iterations:            44299
Max size of waitlist:            12
Average size of waitlist:        4
Number of computed successors:   47703
Max successors for one state:    2
Number of times merged:          1307
Number of times stopped:         2381
Number of times abs stopped:     1074
Number of times nonAbs stopped:  0
Number of times doAbstraction node:  10578
Number of times breaked:         52

Total time for CPA algorithm:        10.537s (Max:     2.032s)
CPU time for CPA algorithm:          19.130s
  Time for choose from waitlist:      0.055s
  Time for precision adjustment:      4.340s
  Time for transfer relation:         5.186s
  Time for merge operator:            0.157s
  Time for stop operator:             0.125s
  Time for adding to reached set:     0.179s

Predicate-Abstraction Refiner statistics
----------------------------------------
Avg. length of target path (in blocks):                4719 (count: 52, min: 88, max: 93, avg: 90.75)
Number of infeasible sliced prefixes:                     0 (count: 0, min: 0, max: 0, avg: 0.00)

Time for refinement:                                  16.356s
  Counterexample analysis:               16.048s (Max:     1.389s, Calls: 52)
    Refinement sat check:                 1.879s
    Interpolant computation:              0.000s
  Error path post-processing:                          0.000s
  Path-formulas extraction:                            0.004s
  Building the counterexample trace:                  16.049s
  Extracting precise counterexample:                   0.000s
  Extracting infeasible sliced prefixes:               0.000s
  Selecting infeasible sliced prefixes:                0.000s
  Predicate creation:                                  0.037s
  Precision update:                                    0.014s
  ARG update:                                          0.160s

Length of refined path (in blocks):                    4667 (count: 52, min: 87, max: 92, avg: 89.75)
Number of affected states:                             4563 (count: 52, min: 85, max: 90, avg: 87.75)
Length (states) of path with itp 'true':                 52 (count: 52, min: 1, max: 1, avg: 1.00)
Length (states) of path with itp non-trivial itp:      4563 (count: 52, min: 85, max: 90, avg: 87.75)
Length (states) of path with itp 'false':                52 (count: 52, min: 1, max: 1, avg: 1.00)
Different non-trivial interpolants along paths:           0 (count: 52, min: 0, max: 0, avg: 0.00)
Equal non-trivial interpolants along paths:            4511 (count: 52, min: 84, max: 89, avg: 86.75)
Different precisions along paths:                         0 (count: 0, min: 0, max: 0, avg: 0.00)
Equal precisions along paths:                             0 (count: 0, min: 0, max: 0, avg: 0.00)
Number of refs with location-based cutoff:                0

CEGAR algorithm statistics
--------------------------
Number of refinements:                52
Lazy expansion status:                false
Expansion times:                      0
Total path lengths:                   96395
SP times:                             0
Number of added holes:                0
Number of successful refinements:     52
Number of failed refinements:         0
Max. size of reached set before ref.: 2396
Max. size of reached set after ref.:  1481
Avg. size of reached set before ref.: 2295.10
Avg. size of reached set after ref.:  1481.00

Total time for CEGAR algorithm:      27.096s
CPU time for CEGAR algorithm:        46.250s
Time for refinements:                16.555s
CPU time for refinements:            27.120s
Average time for refinement:          0.318s
Max time for refinement:              1.443s
First time for refinement:             0.198s
Last time for refinement:              0.092s
Average time for analysis:          0.198s
Number of analysis:                53

Counterexample-Check Algorithm statistics
-----------------------------------------
Number of counterexample checks:    0

Code Coverage
-----------------------------
  Visited lines:          4639
  Total lines:            4
  Line coverage:          1159.750

CPAchecker general statistics
-----------------------------
Number of program locations:     19382
Number of CFA edges:             30301
Number of relevant variables:    2472
Number of functions:             526
Number of loops:                 51
Size of reached set:             2145
  Number of reached locations:   1829 (9%)
    Avg states per location:     1
    Max states per location:     11 (at node N798)
  Number of reached functions:   29 (6%)
  Number of partitions:          2145
    Avg size of partitions:      1
    Max size of partitions:      1
  Number of target states:       0

Time for analysis setup:                   4.896s
  Time for loading CPAs:                   0.533s
  Time for impacted traverse:              0.002s
  Time for loading parser:        0.032s
  Time for CFA construction:      4.243s
    Time for parsing file(s):     0.718s
    Time for AST to CFA:          1.407s
    Time for CFA sanity check:    0.000s
    Time for post-processing:     1.787s
      Time for var class.:        0.000s
Time for Analysis:                        27.098s
CPU time for analysis:     46.250s

Time for Garbage Collector:       0.835s (in 23 runs)
Garbage Collector(s) used:    PS MarkSweep, PS Scavenge
Used heap memory:               1036MB (   988 MiB) max;    351MB (   334 MiB) avg;   1107MB (  1056 MiB) peak
Used non-heap memory:             43MB (    41 MiB) max;     36MB (    34 MiB) avg;     45MB (    43 MiB) peak
Used in PS Old Gen pool:          49MB (    47 MiB) max;     44MB (    42 MiB) avg;     51MB (    49 MiB) peak
Allocated heap memory:          1215MB (  1159 MiB) max;    754MB (   719 MiB) avg
Allocated non-heap memory:        45MB (    43 MiB) max;     39MB (    37 MiB) avg
Total process virtual memory:  13240MB ( 12627 MiB) max;  13239MB ( 12625 MiB) avg

Verification result: TRUE. No property violation found by chosen configuration.
More details about the verification run can be found in the directory "/home/yqs17/blazer/cpachecker-inc-pred/output-ori-final/flat/drivers--isdn--mISDN--mISDN_core.ko.045.6038f37.39_7a.cil_safe.i".
