scripts/cpa.sh -heap 10000M -predicateAnalysis-ABEl-debug -setprop cpa.predicate.refinement.performInitialStaticRefinement=false -disable-java-assertions -outputpath /home/yqs17/blazer/cpachecker-inc-pred/output-ori-final/flat/drivers--net--wireless--wl12xx--wl12xx_sdio.ko.015.039bdb1.32_7a.cil_safe.i -stats -spec /home/yqs17/blazer/cpachecker-inc-pred/LDVErrorLabel.spc -entryfunction ldv_main0_sequence_infinite_withcheck_stateful /home/yqs17/blazer/cpachecker-inc-pred/programs-flat/drivers--net--wireless--wl12xx--wl12xx_sdio.ko.015.039bdb1.32_7a.cil_safe.i


--------------------------------------------------------------------------------


Running CPAchecker with Java heap of size 10000M.
Running CPAchecker with the following extra VM options:  -Djava.io.tmpdir=/tmp/BenchExec_run_gz3y3f5f/tmp
PredicateCPA statistics
-----------------------
Read Precision Time:                0.000s
Precision file size:                0
Write Precision Time:               0.006s
Number of abstractions:            9389 (16% of all post computations)
  Times abstraction was reused:    0
  Because of function entry/exit:  8695 (93%)
  Because of loop head:            694 (7%)
  Because of join nodes:           0 (0%)
  Because of threshold:            0 (0%)
  Times precision was empty:       2203 (23%)
  Times precision was {false}:     414 (4%)
  Times result was cached:         6178 (66%)
  Times cartesian abs was used:    0 (0%)
  Times boolean abs was used:      594 (6%)
  Times result was 'false':        128 (1%)
Number of strengthen sat checks:   21
  Times result was 'false':        0 (0%)
Number of coverage checks:         10250
  BDD entailment checks:           4266
Number of SMT sat checks:          21
  trivial:                         21
  cached:                          0

Max ABE block size:                       28
Number of predicates discovered:          6
Number of abstraction locations:          0
Max number of predicates per location:    0
Avg number of predicates per location:    0
Total predicates per abstraction:         1948
Max number of predicates per abstraction: 5
Avg number of predicates per abstraction: 1.93
Number of irrelevant predicates:          1051 (54%)
Number of preds handled by boolean abs:   897 (46%)
  Total number of models for allsat:      669
  Max number of models for allsat:        3
  Avg number of models for allsat:        1.13

Number of path formula cache hits:   51894 (75%)

Time for post operator:                  2.547s
  Time for path formula creation:        1.614s
    Actual computation:                  1.397s
Time for strengthen operator:            0.065s
  Time for satisfiability checks:        0.000s
Time for prec operator:                  2.535s
  Time for abstraction:                  2.003s (Max:     0.030s, Count: 9389)
    Boolean abstraction:                 0.282s
    Solving time:                        0.246s (Max:     0.007s)
    Model enumeration time:              0.017s
    Time for BDD construction:           0.024s (Max:     0.005s)
Time for merge operator:                 0.199s
Time for coverage check:                 0.028s
  Time for BDD entailment checks:        0.024s
Total time for SMT solver (w/o itp):     0.263s

Number of BDD nodes:                               327
Size of BDD node table:                            466043
Size of BDD cache:                                 46619
Size of BDD node cleanup queue:                         705 (count: 15975, min: 0, max: 360, avg: 0.04)
Time for BDD node cleanup:                             0.009s
Time for BDD garbage collection:                       0.000s (in 0 runs)

PrecisionBootstrap statistics
-----------------------------
Init. function predicates:                         0
Init. global predicates:                           0
Init. location predicates:                         0

----------------------

AutomatonAnalysis (SVCOMP) statistics
-------------------------------------
Number of states:                                  1
Total time for successor computation:                  0.101s
Automaton transfers with branching:                0
Automaton transfer successors:                        59899 (count: 59899, min: 1, max: 1, avg: 1.00) [1 x 59899]

CPA algorithm statistics
------------------------
Number of iterations:            54552
Max size of waitlist:            51
Average size of waitlist:        26
Number of computed successors:   59899
Max successors for one state:    2
Number of times merged:          2992
Number of times stopped:         5173
Number of times abs stopped:     2181
Number of times nonAbs stopped:  0
Number of times doAbstraction node:  9389
Number of times breaked:         21

Total time for CPA algorithm:         7.647s (Max:     0.856s)
CPU time for CPA algorithm:          15.200s
  Time for choose from waitlist:      0.062s
  Time for precision adjustment:      2.803s
  Time for transfer relation:         3.461s
  Time for merge operator:            0.339s
  Time for stop operator:             0.184s
  Time for adding to reached set:     0.215s

Predicate-Abstraction Refiner statistics
----------------------------------------
Avg. length of target path (in blocks):                 422 (count: 21, min: 10, max: 45, avg: 20.10)
Number of infeasible sliced prefixes:                     0 (count: 0, min: 0, max: 0, avg: 0.00)

Time for refinement:                                   0.969s
  Counterexample analysis:                0.534s (Max:     0.130s, Calls: 21)
    Refinement sat check:                 0.129s
    Interpolant computation:              0.000s
  Error path post-processing:                          0.000s
  Path-formulas extraction:                            0.003s
  Building the counterexample trace:                   0.534s
  Extracting precise counterexample:                   0.000s
  Extracting infeasible sliced prefixes:               0.000s
  Selecting infeasible sliced prefixes:                0.000s
  Predicate creation:                                  0.010s
  Precision update:                                    0.007s
  ARG update:                                          0.242s

Length of refined path (in blocks):                     371 (count: 21, min: 6, max: 44, avg: 17.67)
Number of affected states:                              304 (count: 21, min: 1, max: 42, avg: 14.48)
Length (states) of path with itp 'true':                 46 (count: 21, min: 0, max: 29, avg: 2.19)
Length (states) of path with itp non-trivial itp:       304 (count: 21, min: 1, max: 42, avg: 14.48)
Length (states) of path with itp 'false':                21 (count: 21, min: 1, max: 1, avg: 1.00)
Different non-trivial interpolants along paths:           2 (count: 21, min: 0, max: 2, avg: 0.10)
Equal non-trivial interpolants along paths:             281 (count: 21, min: 0, max: 41, avg: 13.38)
Different precisions along paths:                         0 (count: 0, min: 0, max: 0, avg: 0.00)
Equal precisions along paths:                             0 (count: 0, min: 0, max: 0, avg: 0.00)
Number of refs with location-based cutoff:                0

CEGAR algorithm statistics
--------------------------
Number of refinements:                21
Lazy expansion status:                false
Expansion times:                      0
Total path lengths:                   21702
SP times:                             0
Number of added holes:                0
Number of successful refinements:     21
Number of failed refinements:         0
Max. size of reached set before ref.: 5604
Max. size of reached set after ref.:  2391
Avg. size of reached set before ref.: 3432.14
Avg. size of reached set after ref.:  1005.67

Total time for CEGAR algorithm:       8.675s
CPU time for CEGAR algorithm:        17.200s
Time for refinements:                 1.027s
CPU time for refinements:             2.000s
Average time for refinement:          0.048s
Max time for refinement:              0.286s
First time for refinement:             0.347s
Last time for refinement:              0.315s
Average time for analysis:          0.347s
Number of analysis:                22

Counterexample-Check Algorithm statistics
-----------------------------------------
Number of counterexample checks:    0

Code Coverage
-----------------------------
  Visited lines:          5125
  Total lines:            4
  Line coverage:          1281.250

CPAchecker general statistics
-----------------------------
Number of program locations:     1632
Number of CFA edges:             1775
Number of relevant variables:    158
Number of functions:             49
Number of loops:                 2
Size of reached set:             3643
  Number of reached locations:   1534 (94%)
    Avg states per location:     2
    Max states per location:     44 (at node N738)
  Number of reached functions:   38 (78%)
  Number of partitions:          3636
    Avg size of partitions:      1
    Max size of partitions:      4 (with key [N697 (before /work/ldvuser/novikov/work/current--X--drivers/net/wireless/wl12xx/wl12xx_sdio.ko--X--defaultlinux--X--32_7a--X--cpachecker/linux/csd_deg_dscv/26/dscv_tempdir/dscv/ri/32_7a/drivers/net/wireless/wl12xx/sdio.c.prepared, line 666), Function ldv_main0_sequence_infinite_withcheck_stateful called from node N569, stack depth 1 [4d157787], stack [ldv_main0_sequence_infinite_withcheck_stateful], Init])
  Number of target states:       0

Time for analysis setup:                   1.962s
  Time for loading CPAs:                   0.368s
  Time for impacted traverse:              0.002s
  Time for loading parser:        0.026s
  Time for CFA construction:      1.475s
    Time for parsing file(s):     0.477s
    Time for AST to CFA:          0.554s
    Time for CFA sanity check:    0.001s
    Time for post-processing:     0.270s
      Time for var class.:        0.000s
Time for Analysis:                         8.680s
CPU time for analysis:     17.220s

Time for Garbage Collector:       0.344s (in 12 runs)
Garbage Collector(s) used:    PS MarkSweep, PS Scavenge
Used heap memory:                445MB (   424 MiB) max;    135MB (   129 MiB) avg;    486MB (   464 MiB) peak
Used non-heap memory:             37MB (    35 MiB) max;     31MB (    29 MiB) avg;     40MB (    38 MiB) peak
Used in PS Old Gen pool:          27MB (    26 MiB) max;     21MB (    20 MiB) avg;     28MB (    26 MiB) peak
Allocated heap memory:           570MB (   544 MiB) max;    340MB (   324 MiB) avg
Allocated non-heap memory:        40MB (    38 MiB) max;     33MB (    32 MiB) avg
Total process virtual memory:  13241MB ( 12628 MiB) max;  13238MB ( 12625 MiB) avg

Verification result: TRUE. No property violation found by chosen configuration.
More details about the verification run can be found in the directory "/home/yqs17/blazer/cpachecker-inc-pred/output-ori-final/flat/drivers--net--wireless--wl12xx--wl12xx_sdio.ko.015.039bdb1.32_7a.cil_safe.i".
