scripts/cpa.sh -heap 10000M -predicateAnalysis-ABEl-debug -setprop cpa.predicate.refinement.performInitialStaticRefinement=false -disable-java-assertions -outputpath /home/yqs17/blazer/cpachecker-inc-pred/output-ori-final/flat/drivers--usb--serial--spcp8x5.ko.023.60b33c1.08_1a.cil_safe.i -stats -spec /home/yqs17/blazer/cpachecker-inc-pred/LDVErrorLabel.spc -entryfunction ldv_main0_sequence_infinite_withcheck_stateful /home/yqs17/blazer/cpachecker-inc-pred/programs-flat/drivers--usb--serial--spcp8x5.ko.023.60b33c1.08_1a.cil_safe.i


--------------------------------------------------------------------------------


Running CPAchecker with Java heap of size 10000M.
Running CPAchecker with the following extra VM options:  -Djava.io.tmpdir=/tmp/BenchExec_run_81yb1w0r/tmp
PredicateCPA statistics
-----------------------
Read Precision Time:                0.000s
Precision file size:                0
Write Precision Time:               0.003s
Number of abstractions:            29206 (13% of all post computations)
  Times abstraction was reused:    0
  Because of function entry/exit:  27292 (93%)
  Because of loop head:            1914 (7%)
  Because of join nodes:           0 (0%)
  Because of threshold:            0 (0%)
  Times precision was empty:       3206 (11%)
  Times precision was {false}:     1401 (5%)
  Times result was cached:         21238 (73%)
  Times cartesian abs was used:    0 (0%)
  Times boolean abs was used:      3361 (12%)
  Times result was 'false':        127 (0%)
Number of strengthen sat checks:   32
  Times result was 'false':        0 (0%)
Number of coverage checks:         47469
  BDD entailment checks:           10081
Number of SMT sat checks:          32
  trivial:                         32
  cached:                          0

Max ABE block size:                       35
Number of predicates discovered:          5
Number of abstraction locations:          0
Max number of predicates per location:    0
Avg number of predicates per location:    0
Total predicates per abstraction:         9854
Max number of predicates per abstraction: 4
Avg number of predicates per abstraction: 2.07
Number of irrelevant predicates:          4296 (44%)
Number of preds handled by boolean abs:   5558 (56%)
  Total number of models for allsat:      4539
  Max number of models for allsat:        3
  Avg number of models for allsat:        1.35

Number of path formula cache hits:   169279 (66%)

Time for post operator:                 12.132s
  Time for path formula creation:        8.603s
    Actual computation:                  7.613s
Time for strengthen operator:            0.197s
  Time for satisfiability checks:        0.000s
Time for prec operator:                  8.581s
  Time for abstraction:                  7.085s (Max:     0.128s, Count: 29206)
    Boolean abstraction:                 1.311s
    Solving time:                        0.984s (Max:     0.015s)
    Model enumeration time:              0.144s
    Time for BDD construction:           0.052s (Max:     0.002s)
Time for merge operator:                 3.418s
Time for coverage check:                 0.065s
  Time for BDD entailment checks:        0.045s
Total time for SMT solver (w/o itp):     1.128s

Number of BDD nodes:                               259
Size of BDD node table:                            466043
Size of BDD cache:                                 46619
Size of BDD node cleanup queue:                        3107 (count: 36888, min: 0, max: 539, avg: 0.08)
Time for BDD node cleanup:                             0.008s
Time for BDD garbage collection:                       0.000s (in 0 runs)

PrecisionBootstrap statistics
-----------------------------
Init. function predicates:                         0
Init. global predicates:                           0
Init. location predicates:                         0

----------------------

AutomatonAnalysis (SVCOMP) statistics
-------------------------------------
Number of states:                                  1
Total time for successor computation:                  0.173s
Automaton transfers with branching:                0
Automaton transfer successors:                       224878 (count: 224878, min: 1, max: 1, avg: 1.00) [1 x 224878]

CPA algorithm statistics
------------------------
Number of iterations:            200191
Max size of waitlist:            69
Average size of waitlist:        25
Number of computed successors:   224878
Max successors for one state:    2
Number of times merged:          18694
Number of times stopped:         24466
Number of times abs stopped:     5772
Number of times nonAbs stopped:  0
Number of times doAbstraction node:  29206
Number of times breaked:         32

Total time for CPA algorithm:        29.853s (Max:     1.957s)
CPU time for CPA algorithm:          59.310s
  Time for choose from waitlist:      0.128s
  Time for precision adjustment:      9.083s
  Time for transfer relation:        14.469s
  Time for merge operator:            3.951s
  Time for stop operator:             0.463s
  Time for adding to reached set:     0.533s

Predicate-Abstraction Refiner statistics
----------------------------------------
Avg. length of target path (in blocks):                 792 (count: 32, min: 10, max: 49, avg: 24.75)
Number of infeasible sliced prefixes:                     0 (count: 0, min: 0, max: 0, avg: 0.00)

Time for refinement:                                   2.355s
  Counterexample analysis:                1.563s (Max:     0.310s, Calls: 32)
    Refinement sat check:                 0.225s
    Interpolant computation:              0.000s
  Error path post-processing:                          0.000s
  Path-formulas extraction:                            0.001s
  Building the counterexample trace:                   1.563s
  Extracting precise counterexample:                   0.000s
  Extracting infeasible sliced prefixes:               0.000s
  Selecting infeasible sliced prefixes:                0.000s
  Predicate creation:                                  0.011s
  Precision update:                                    0.012s
  ARG update:                                          0.726s

Length of refined path (in blocks):                     653 (count: 32, min: 6, max: 45, avg: 20.41)
Number of affected states:                              621 (count: 32, min: 5, max: 44, avg: 19.41)
Length (states) of path with itp 'true':                  0 (count: 32, min: 0, max: 0, avg: 0.00)
Length (states) of path with itp non-trivial itp:       621 (count: 32, min: 5, max: 44, avg: 19.41)
Length (states) of path with itp 'false':                32 (count: 32, min: 1, max: 1, avg: 1.00)
Different non-trivial interpolants along paths:           6 (count: 32, min: 0, max: 2, avg: 0.19)
Equal non-trivial interpolants along paths:             583 (count: 32, min: 4, max: 41, avg: 18.22)
Different precisions along paths:                         0 (count: 0, min: 0, max: 0, avg: 0.00)
Equal precisions along paths:                             0 (count: 0, min: 0, max: 0, avg: 0.00)
Number of refs with location-based cutoff:                0

CEGAR algorithm statistics
--------------------------
Number of refinements:                32
Lazy expansion status:                false
Expansion times:                      0
Total path lengths:                   25290
SP times:                             0
Number of added holes:                0
Number of successful refinements:     32
Number of failed refinements:         0
Max. size of reached set before ref.: 12769
Max. size of reached set after ref.:  651
Avg. size of reached set before ref.: 6770.44
Avg. size of reached set after ref.:  651.00

Total time for CEGAR algorithm:      32.288s
CPU time for CEGAR algorithm:        64.210s
Time for refinements:                 2.429s
CPU time for refinements:             4.870s
Average time for refinement:          0.075s
Max time for refinement:              0.340s
First time for refinement:             0.904s
Last time for refinement:              0.425s
Average time for analysis:          0.904s
Number of analysis:                33

Counterexample-Check Algorithm statistics
-----------------------------------------
Number of counterexample checks:    0

Code Coverage
-----------------------------
  Visited lines:          3674
  Total lines:            1
  Line coverage:          3674.000

CPAchecker general statistics
-----------------------------
Number of program locations:     1567
Number of CFA edges:             1799
Number of relevant variables:    237
Number of functions:             40
Number of loops:                 5
Size of reached set:             4464
  Number of reached locations:   1525 (97%)
    Avg states per location:     2
    Max states per location:     34 (at node N1019)
  Number of reached functions:   34 (85%)
  Number of partitions:          4452
    Avg size of partitions:      1
    Max size of partitions:      3 (with key [N1001 (before /work/ldvuser/novikov/work/current--X--drivers/usb/serial/spcp8x5.ko--X--defaultlinux--X--08_1a--X--cpachecker/linux/csd_deg_dscv/11/dscv_tempdir/dscv/ri/08_1a/drivers/usb/serial/spcp8x5.c.prepared, line 1704), Function ldv_main0_sequence_infinite_withcheck_stateful called from node N895, stack depth 1 [63a5e46c], stack [ldv_main0_sequence_infinite_withcheck_stateful], Init])
  Number of target states:       0

Time for analysis setup:                   1.897s
  Time for loading CPAs:                   0.363s
  Time for impacted traverse:              0.002s
  Time for loading parser:        0.035s
  Time for CFA construction:      1.414s
    Time for parsing file(s):     0.461s
    Time for AST to CFA:          0.450s
    Time for CFA sanity check:    0.000s
    Time for post-processing:     0.347s
      Time for var class.:        0.000s
Time for Analysis:                        32.295s
CPU time for analysis:     64.220s

Time for Garbage Collector:       1.277s (in 22 runs)
Garbage Collector(s) used:    PS MarkSweep, PS Scavenge
Used heap memory:               1406MB (  1340 MiB) max;    369MB (   351 MiB) avg;   1410MB (  1344 MiB) peak
Used non-heap memory:             41MB (    39 MiB) max;     37MB (    35 MiB) avg;     43MB (    41 MiB) peak
Used in PS Old Gen pool:          46MB (    44 MiB) max;     31MB (    29 MiB) avg;     46MB (    44 MiB) peak
Allocated heap memory:          1481MB (  1412 MiB) max;    791MB (   755 MiB) avg
Allocated non-heap memory:        46MB (    43 MiB) max;     41MB (    39 MiB) avg
Total process virtual memory:  13242MB ( 12629 MiB) max;  13239MB ( 12626 MiB) avg

Verification result: TRUE. No property violation found by chosen configuration.
More details about the verification run can be found in the directory "/home/yqs17/blazer/cpachecker-inc-pred/output-ori-final/flat/drivers--usb--serial--spcp8x5.ko.023.60b33c1.08_1a.cil_safe.i".
