scripts/cpa.sh -heap 10000M -predicateAnalysis-ABEl-debug -setprop cpa.predicate.refinement.performInitialStaticRefinement=false -disable-java-assertions -outputpath /home/yqs17/blazer/cpachecker-inc-pred/output-ori-final/flat/drivers--video--backlight--tdo24m.ko.011.97d9655.39_7a.cil_safe.i -stats -spec /home/yqs17/blazer/cpachecker-inc-pred/LDVErrorLabel.spc -entryfunction ldv_main0_sequence_infinite_withcheck_stateful /home/yqs17/blazer/cpachecker-inc-pred/programs-flat/drivers--video--backlight--tdo24m.ko.011.97d9655.39_7a.cil_safe.i


--------------------------------------------------------------------------------


Running CPAchecker with Java heap of size 10000M.
Running CPAchecker with the following extra VM options:  -Djava.io.tmpdir=/tmp/BenchExec_run_um2ecb2y/tmp
PredicateCPA statistics
-----------------------
Read Precision Time:                0.000s
Precision file size:                0
Write Precision Time:               0.002s
Number of abstractions:            96663 (9% of all post computations)
  Times abstraction was reused:    0
  Because of function entry/exit:  65850 (68%)
  Because of loop head:            30813 (32%)
  Because of join nodes:           0 (0%)
  Because of threshold:            0 (0%)
  Times precision was empty:       16673 (17%)
  Times precision was {false}:     617 (1%)
  Times result was cached:         75577 (78%)
  Times cartesian abs was used:    0 (0%)
  Times boolean abs was used:      3796 (4%)
  Times result was 'false':        2247 (2%)
Number of strengthen sat checks:   96
  Times result was 'false':        0 (0%)
Number of coverage checks:         226527
  BDD entailment checks:           28359
Number of SMT sat checks:          96
  trivial:                         96
  cached:                          0

Max ABE block size:                       28
Number of predicates discovered:          11
Number of abstraction locations:          0
Max number of predicates per location:    0
Avg number of predicates per location:    0
Total predicates per abstraction:         29595
Max number of predicates per abstraction: 9
Avg number of predicates per abstraction: 6.71
Number of irrelevant predicates:          14411 (49%)
Number of preds handled by boolean abs:   15184 (51%)
  Total number of models for allsat:      3746
  Max number of models for allsat:        3
  Avg number of models for allsat:        0.99

Number of path formula cache hits:   1152273 (92%)

Time for post operator:                 34.044s
  Time for path formula creation:        9.238s
    Actual computation:                  5.359s
Time for strengthen operator:            0.634s
  Time for satisfiability checks:        0.002s
Time for prec operator:                 23.133s
  Time for abstraction:                 17.101s (Max:     0.102s, Count: 96663)
    Boolean abstraction:                 1.377s
    Solving time:                        0.715s (Max:     0.013s)
    Model enumeration time:              0.052s
    Time for BDD construction:           0.078s (Max:     0.001s)
Time for merge operator:                 2.273s
Time for coverage check:                 0.129s
  Time for BDD entailment checks:        0.093s
Total time for SMT solver (w/o itp):     0.767s

Number of BDD nodes:                               750
Size of BDD node table:                            466043
Size of BDD cache:                                 46619
Size of BDD node cleanup queue:                        4465 (count: 70998, min: 0, max: 451, avg: 0.06)
Time for BDD node cleanup:                             0.015s
Time for BDD garbage collection:                       0.000s (in 0 runs)

PrecisionBootstrap statistics
-----------------------------
Init. function predicates:                         0
Init. global predicates:                           0
Init. location predicates:                         0

----------------------

AutomatonAnalysis (SVCOMP) statistics
-------------------------------------
Number of states:                                  1
Total time for successor computation:                  0.561s
  Time for transition matches:                         0.160s
  Time for transition assertions:                      0.001s
  Time for transition actions:                         0.000s
Automaton transfers with branching:                0
Automaton transfer successors:                      1072117 (count: 1072117, min: 1, max: 1, avg: 1.00) [1 x 1072117]

CPA algorithm statistics
------------------------
Number of iterations:            942559
Max size of waitlist:            42
Average size of waitlist:        24
Number of computed successors:   1072117
Max successors for one state:    2
Number of times merged:          99084
Number of times stopped:         125980
Number of times abs stopped:     26896
Number of times nonAbs stopped:  0
Number of times doAbstraction node:  96663
Number of times breaked:         96

Total time for CPA algorithm:        74.369s (Max:     2.835s)
CPU time for CPA algorithm:         121.380s
  Time for choose from waitlist:      0.411s
  Time for precision adjustment:     24.309s
  Time for transfer relation:        40.495s
  Time for merge operator:            3.628s
  Time for stop operator:             1.286s
  Time for adding to reached set:     1.541s

Predicate-Abstraction Refiner statistics
----------------------------------------
Avg. length of target path (in blocks):                2067 (count: 96, min: 6, max: 39, avg: 21.53)
Number of infeasible sliced prefixes:                     0 (count: 0, min: 0, max: 0, avg: 0.00)

Time for refinement:                                   6.319s
  Counterexample analysis:                3.593s (Max:     0.294s, Calls: 96)
    Refinement sat check:                 1.138s
    Interpolant computation:              0.000s
  Error path post-processing:                          0.000s
  Path-formulas extraction:                            0.001s
  Building the counterexample trace:                   3.594s
  Extracting precise counterexample:                   0.000s
  Extracting infeasible sliced prefixes:               0.000s
  Selecting infeasible sliced prefixes:                0.000s
  Predicate creation:                                  0.028s
  Precision update:                                    0.023s
  ARG update:                                          2.571s

Length of refined path (in blocks):                    1901 (count: 96, min: 4, max: 38, avg: 19.80)
Number of affected states:                             1693 (count: 96, min: 1, max: 36, avg: 17.64)
Length (states) of path with itp 'true':                112 (count: 96, min: 0, max: 16, avg: 1.17)
Length (states) of path with itp non-trivial itp:      1693 (count: 96, min: 1, max: 36, avg: 17.64)
Length (states) of path with itp 'false':                96 (count: 96, min: 1, max: 1, avg: 1.00)
Different non-trivial interpolants along paths:           1 (count: 96, min: 0, max: 1, avg: 0.01)
Equal non-trivial interpolants along paths:            1596 (count: 96, min: 0, max: 35, avg: 16.63)
Different precisions along paths:                         0 (count: 0, min: 0, max: 0, avg: 0.00)
Equal precisions along paths:                             0 (count: 0, min: 0, max: 0, avg: 0.00)
Number of refs with location-based cutoff:                0

CEGAR algorithm statistics
--------------------------
Number of refinements:                96
Lazy expansion status:                false
Expansion times:                      0
Total path lengths:                   79808
SP times:                             0
Number of added holes:                0
Number of successful refinements:     96
Number of failed refinements:         0
Max. size of reached set before ref.: 24135
Max. size of reached set after ref.:  7309
Avg. size of reached set before ref.: 10468.91
Avg. size of reached set after ref.:  852.39

Total time for CEGAR algorithm:      80.857s
CPU time for CEGAR algorithm:       133.530s
Time for refinements:                 6.476s
CPU time for refinements:            12.120s
Average time for refinement:          0.067s
Max time for refinement:              0.329s
First time for refinement:             0.766s
Last time for refinement:              1.159s
Average time for analysis:          0.766s
Number of analysis:                97

Counterexample-Check Algorithm statistics
-----------------------------------------
Number of counterexample checks:    0

Code Coverage
-----------------------------
  Visited lines:          3550
  Total lines:            12
  Line coverage:          295.833

CPAchecker general statistics
-----------------------------
Number of program locations:     1588
Number of CFA edges:             1788
Number of relevant variables:    149
Number of functions:             76
Number of loops:                 2
Size of reached set:             20705
  Number of reached locations:   1124 (71%)
    Avg states per location:     18
    Max states per location:     326 (at node N38)
  Number of reached functions:   25 (33%)
  Number of partitions:          20696
    Avg size of partitions:      1
    Max size of partitions:      3 (with key [N434 (before /work/ldvuser/novikov/work/current--X--drivers/video/backlight/tdo24m.ko--X--defaultlinux--X--39_7a--X--cpachecker/linux/csd_deg_dscv/12/dscv_tempdir/dscv/ri/39_7a/drivers/video/backlight/tdo24m.c.prepared, line 751), Function ldv_main0_sequence_infinite_withcheck_stateful called from node N356, stack depth 1 [27eb3298], stack [ldv_main0_sequence_infinite_withcheck_stateful], Init])
  Number of target states:       0

Time for analysis setup:                   1.793s
  Time for loading CPAs:                   0.356s
  Time for impacted traverse:              0.002s
  Time for loading parser:        0.030s
  Time for CFA construction:      1.326s
    Time for parsing file(s):     0.452s
    Time for AST to CFA:          0.448s
    Time for CFA sanity check:    0.000s
    Time for post-processing:     0.284s
      Time for var class.:        0.000s
Time for Analysis:                        80.876s
CPU time for analysis:    133.570s

Time for Garbage Collector:       1.777s (in 40 runs)
Garbage Collector(s) used:    PS MarkSweep, PS Scavenge
Used heap memory:               3453MB (  3293 MiB) max;    963MB (   918 MiB) avg;   3461MB (  3300 MiB) peak
Used non-heap memory:             43MB (    41 MiB) max;     39MB (    37 MiB) avg;     46MB (    44 MiB) peak
Used in PS Old Gen pool:          38MB (    37 MiB) max;     31MB (    29 MiB) avg;     39MB (    37 MiB) peak
Allocated heap memory:          3534MB (  3370 MiB) max;   1958MB (  1867 MiB) avg
Allocated non-heap memory:        47MB (    44 MiB) max;     43MB (    41 MiB) avg
Total process virtual memory:  13243MB ( 12630 MiB) max;  13240MB ( 12626 MiB) avg

Verification result: TRUE. No property violation found by chosen configuration.
More details about the verification run can be found in the directory "/home/yqs17/blazer/cpachecker-inc-pred/output-ori-final/flat/drivers--video--backlight--tdo24m.ko.011.97d9655.39_7a.cil_safe.i".
