scripts/cpa.sh -heap 10000M -predicateAnalysis-ABEl-debug -setprop cpa.predicate.refinement.performInitialStaticRefinement=false -disable-java-assertions -outputpath /home/yqs17/blazer/cpachecker-inc-pred/output-ori-final/flat/drivers--net--usb--catc.ko.011.0fc0b73.32_7a.cil_safe.i -stats -spec /home/yqs17/blazer/cpachecker-inc-pred/LDVErrorLabel.spc -entryfunction ldv_main0_sequence_infinite_withcheck_stateful /home/yqs17/blazer/cpachecker-inc-pred/programs-flat/drivers--net--usb--catc.ko.011.0fc0b73.32_7a.cil_safe.i


--------------------------------------------------------------------------------


Running CPAchecker with Java heap of size 10000M.
Running CPAchecker with the following extra VM options:  -Djava.io.tmpdir=/tmp/BenchExec_run_4g56qmvc/tmp
PredicateCPA statistics
-----------------------
Read Precision Time:                0.000s
Precision file size:                0
Write Precision Time:               0.001s
Number of abstractions:            416 (12% of all post computations)
  Times abstraction was reused:    0
  Because of function entry/exit:  393 (94%)
  Because of loop head:            23 (6%)
  Because of join nodes:           0 (0%)
  Because of threshold:            0 (0%)
  Times precision was empty:       416 (100%)
  Times precision was {false}:     0 (0%)
  Times result was cached:         0 (0%)
  Times cartesian abs was used:    0 (0%)
  Times boolean abs was used:      0 (0%)
  Times result was 'false':        0 (0%)
Number of strengthen sat checks:   0
Number of coverage checks:         352
  BDD entailment checks:           72
Number of SMT sat checks:          0
  trivial:                         0
  cached:                          0

Max ABE block size:                       27
Number of predicates discovered:          0

Number of path formula cache hits:   730 (20%)

Time for post operator:                  0.857s
  Time for path formula creation:        0.775s
    Actual computation:                  0.709s
Time for strengthen operator:            0.013s
Time for prec operator:                  0.169s
  Time for abstraction:                  0.080s (Max:     0.010s, Count: 416)
    Solving time:                        0.000s (Max:     0.000s)
    Model enumeration time:              0.000s
    Time for BDD construction:           0.000s (Max:     0.000s)
Time for merge operator:                 0.049s
Time for coverage check:                 0.015s
  Time for BDD entailment checks:        0.014s
Total time for SMT solver (w/o itp):     0.000s

Number of BDD nodes:                               202
Size of BDD node table:                            466043
Size of BDD cache:                                 46619
Size of BDD node cleanup queue:                           0 (count: 7148, min: 0, max: 0, avg: 0.00)
Time for BDD node cleanup:                             0.003s
Time for BDD garbage collection:                       0.000s (in 0 runs)

PrecisionBootstrap statistics
-----------------------------
Init. function predicates:                         0
Init. global predicates:                           0
Init. location predicates:                         0

----------------------

AutomatonAnalysis (SVCOMP) statistics
-------------------------------------
Number of states:                                  1
Total time for successor computation:                  0.029s
Automaton transfers with branching:                0
Automaton transfer successors:                         3486 (count: 3486, min: 1, max: 1, avg: 1.00) [1 x 3486]

CPA algorithm statistics
------------------------
Number of iterations:            3275
Max size of waitlist:            23
Average size of waitlist:        13
Number of computed successors:   3486
Max successors for one state:    2
Number of times merged:          140
Number of times stopped:         212
Number of times abs stopped:     72
Number of times nonAbs stopped:  0
Number of times doAbstraction node:  416
Number of times breaked:         0

Total time for CPA algorithm:         1.524s (Max:     1.524s)
CPU time for CPA algorithm:           3.000s
  Time for choose from waitlist:      0.011s
  Time for precision adjustment:      0.207s
  Time for transfer relation:         1.039s
  Time for merge operator:            0.067s
  Time for stop operator:             0.044s
  Time for adding to reached set:     0.035s

Predicate-Abstraction Refiner statistics
----------------------------------------
  Predicate creation:                                  0.000s
  Precision update:                                    0.000s
  ARG update:                                          0.000s

Length of refined path (in blocks):                       0 (count: 0, min: 0, max: 0, avg: 0.00)
Number of affected states:                                0 (count: 0, min: 0, max: 0, avg: 0.00)
Length (states) of path with itp 'true':                  0 (count: 0, min: 0, max: 0, avg: 0.00)
Length (states) of path with itp non-trivial itp:         0 (count: 0, min: 0, max: 0, avg: 0.00)
Length (states) of path with itp 'false':                 0 (count: 0, min: 0, max: 0, avg: 0.00)
Different non-trivial interpolants along paths:           0 (count: 0, min: 0, max: 0, avg: 0.00)
Equal non-trivial interpolants along paths:               0 (count: 0, min: 0, max: 0, avg: 0.00)
Different precisions along paths:                         0 (count: 0, min: 0, max: 0, avg: 0.00)
Equal precisions along paths:                             0 (count: 0, min: 0, max: 0, avg: 0.00)
Number of refs with location-based cutoff:                0

CEGAR algorithm statistics
--------------------------
Number of refinements:                0
Lazy expansion status:                false
Expansion times:                      0
Total path lengths:                   0
SP times:                             0
Number of added holes:                0
Refinement times:             0
First time for refinement:             1.525s
Last time for refinement:              1.525s
Average time for analysis:          1.525s
Number of analysis:                1

Counterexample-Check Algorithm statistics
-----------------------------------------
Number of counterexample checks:    0

Code Coverage
-----------------------------
  Visited lines:          4321
  Total lines:            33
  Line coverage:          130.939

CPAchecker general statistics
-----------------------------
Number of program locations:     1893
Number of CFA edges:             2179
Number of relevant variables:    283
Number of functions:             60
Number of loops:                 7
Size of reached set:             3275
  Number of reached locations:   1563 (83%)
    Avg states per location:     2
    Max states per location:     59 (at node N223)
  Number of reached functions:   44 (73%)
  Number of partitions:          3275
    Avg size of partitions:      1
    Max size of partitions:      1
  Number of target states:       0

Time for analysis setup:                   2.054s
  Time for loading CPAs:                   0.411s
  Time for impacted traverse:              0.003s
  Time for loading parser:        0.033s
  Time for CFA construction:      1.529s
    Time for parsing file(s):     0.441s
    Time for AST to CFA:          0.573s
    Time for CFA sanity check:    0.000s
    Time for post-processing:     0.339s
      Time for var class.:        0.000s
Time for Analysis:                         1.532s
CPU time for analysis:      3.010s

Time for Garbage Collector:       0.081s (in 4 runs)
Garbage Collector(s) used:    PS MarkSweep, PS Scavenge
Used heap memory:                103MB (    98 MiB) max;     47MB (    44 MiB) avg;    114MB (   108 MiB) peak
Used non-heap memory:             34MB (    32 MiB) max;     25MB (    23 MiB) avg;     35MB (    34 MiB) peak
Used in PS Old Gen pool:          28MB (    26 MiB) max;      9MB (     8 MiB) avg;     28MB (    26 MiB) peak
Allocated heap memory:           270MB (   258 MiB) max;    178MB (   170 MiB) avg
Allocated non-heap memory:        35MB (    33 MiB) max;     25MB (    24 MiB) avg
Total process virtual memory:  13238MB ( 12625 MiB) max;  13234MB ( 12621 MiB) avg

Verification result: TRUE. No property violation found by chosen configuration.
More details about the verification run can be found in the directory "/home/yqs17/blazer/cpachecker-inc-pred/output-ori-final/flat/drivers--net--usb--catc.ko.011.0fc0b73.32_7a.cil_safe.i".
