scripts/cpa.sh -heap 10000M -predicateAnalysis-ABEl-debug -setprop cpa.predicate.refinement.performInitialStaticRefinement=false -disable-java-assertions -outputpath /home/yqs17/blazer/cpachecker-inc-pred/output-ori-final/flat/drivers--scsi--pcmcia--sym53c500_cs.ko.046.25f8f54.08_1a.cil_safe.i -stats -spec /home/yqs17/blazer/cpachecker-inc-pred/LDVErrorLabel.spc -entryfunction ldv_main0_sequence_infinite_withcheck_stateful /home/yqs17/blazer/cpachecker-inc-pred/programs-flat/drivers--scsi--pcmcia--sym53c500_cs.ko.046.25f8f54.08_1a.cil_safe.i


--------------------------------------------------------------------------------


Running CPAchecker with Java heap of size 10000M.
Running CPAchecker with the following extra VM options:  -Djava.io.tmpdir=/tmp/BenchExec_run_lly7sfts/tmp
PredicateCPA statistics
-----------------------
Read Precision Time:                0.000s
Precision file size:                0
Write Precision Time:               0.003s
Number of abstractions:            13714 (24% of all post computations)
  Times abstraction was reused:    0
  Because of function entry/exit:  12874 (94%)
  Because of loop head:            840 (6%)
  Because of join nodes:           0 (0%)
  Because of threshold:            0 (0%)
  Times precision was empty:       3027 (22%)
  Times precision was {false}:     467 (3%)
  Times result was cached:         10072 (73%)
  Times cartesian abs was used:    0 (0%)
  Times boolean abs was used:      148 (1%)
  Times result was 'false':        18 (0%)
Number of strengthen sat checks:   17
  Times result was 'false':        0 (0%)
Number of coverage checks:         5748
  BDD entailment checks:           1568
Number of SMT sat checks:          17
  trivial:                         17
  cached:                          0

Max ABE block size:                       32
Number of predicates discovered:          2
Number of abstraction locations:          0
Max number of predicates per location:    0
Avg number of predicates per location:    0
Total predicates per abstraction:         615
Max number of predicates per abstraction: 1
Avg number of predicates per abstraction: 1.00
Number of irrelevant predicates:          467 (76%)
Number of preds handled by boolean abs:   148 (24%)
  Total number of models for allsat:      148
  Max number of models for allsat:        1
  Avg number of models for allsat:        1.00

Number of path formula cache hits:   48575 (70%)

Time for post operator:                  2.774s
  Time for path formula creation:        1.976s
    Actual computation:                  1.626s
Time for strengthen operator:            0.080s
  Time for satisfiability checks:        0.000s
Time for prec operator:                  2.276s
  Time for abstraction:                  1.717s (Max:     0.212s, Count: 13714)
    Boolean abstraction:                 0.090s
    Solving time:                        0.162s (Max:     0.011s)
    Model enumeration time:              0.009s
    Time for BDD construction:           0.010s (Max:     0.001s)
Time for merge operator:                 0.213s
Time for coverage check:                 0.046s
  Time for BDD entailment checks:        0.042s
Total time for SMT solver (w/o itp):     0.171s

Number of BDD nodes:                               202
Size of BDD node table:                            466043
Size of BDD cache:                                 46619
Size of BDD node cleanup queue:                         146 (count: 12578, min: 0, max: 42, avg: 0.01)
Time for BDD node cleanup:                             0.004s
Time for BDD garbage collection:                       0.000s (in 0 runs)

PrecisionBootstrap statistics
-----------------------------
Init. function predicates:                         0
Init. global predicates:                           0
Init. location predicates:                         0

----------------------

AutomatonAnalysis (SVCOMP) statistics
-------------------------------------
Number of states:                                  1
Total time for successor computation:                  0.113s
Automaton transfers with branching:                0
Automaton transfer successors:                        58078 (count: 58078, min: 1, max: 1, avg: 1.00) [1 x 58078]

CPA algorithm statistics
------------------------
Number of iterations:            54677
Max size of waitlist:            42
Average size of waitlist:        20
Number of computed successors:   58078
Max successors for one state:    2
Number of times merged:          2090
Number of times stopped:         3334
Number of times abs stopped:     1244
Number of times nonAbs stopped:  0
Number of times doAbstraction node:  13714
Number of times breaked:         17

Total time for CPA algorithm:         7.976s (Max:     1.173s)
CPU time for CPA algorithm:          15.790s
  Time for choose from waitlist:      0.083s
  Time for precision adjustment:      2.535s
  Time for transfer relation:         4.000s
  Time for merge operator:            0.367s
  Time for stop operator:             0.186s
  Time for adding to reached set:     0.207s

Predicate-Abstraction Refiner statistics
----------------------------------------
Avg. length of target path (in blocks):                 678 (count: 17, min: 8, max: 75, avg: 39.88)
Number of infeasible sliced prefixes:                     0 (count: 0, min: 0, max: 0, avg: 0.00)

Time for refinement:                                   1.361s
  Counterexample analysis:                0.997s (Max:     0.146s, Calls: 17)
    Refinement sat check:                 0.181s
    Interpolant computation:              0.000s
  Error path post-processing:                          0.000s
  Path-formulas extraction:                            0.001s
  Building the counterexample trace:                   0.997s
  Extracting precise counterexample:                   0.000s
  Extracting infeasible sliced prefixes:               0.000s
  Selecting infeasible sliced prefixes:                0.000s
  Predicate creation:                                  0.014s
  Precision update:                                    0.007s
  ARG update:                                          0.314s

Length of refined path (in blocks):                     661 (count: 17, min: 7, max: 74, avg: 38.88)
Number of affected states:                              644 (count: 17, min: 6, max: 73, avg: 37.88)
Length (states) of path with itp 'true':                  0 (count: 17, min: 0, max: 0, avg: 0.00)
Length (states) of path with itp non-trivial itp:       644 (count: 17, min: 6, max: 73, avg: 37.88)
Length (states) of path with itp 'false':                17 (count: 17, min: 1, max: 1, avg: 1.00)
Different non-trivial interpolants along paths:           0 (count: 17, min: 0, max: 0, avg: 0.00)
Equal non-trivial interpolants along paths:             627 (count: 17, min: 5, max: 72, avg: 36.88)
Different precisions along paths:                         0 (count: 0, min: 0, max: 0, avg: 0.00)
Equal precisions along paths:                             0 (count: 0, min: 0, max: 0, avg: 0.00)
Number of refs with location-based cutoff:                0

CEGAR algorithm statistics
--------------------------
Number of refinements:                17
Lazy expansion status:                false
Expansion times:                      0
Total path lengths:                   15746
SP times:                             0
Number of added holes:                0
Number of successful refinements:     17
Number of failed refinements:         0
Max. size of reached set before ref.: 4264
Max. size of reached set after ref.:  762
Avg. size of reached set before ref.: 3843.35
Avg. size of reached set after ref.:  762.00

Total time for CEGAR algorithm:       9.393s
CPU time for CEGAR algorithm:        18.610s
Time for refinements:                 1.414s
CPU time for refinements:             2.810s
Average time for refinement:          0.083s
Max time for refinement:              0.168s
First time for refinement:             0.443s
Last time for refinement:              0.094s
Average time for analysis:          0.443s
Number of analysis:                18

Counterexample-Check Algorithm statistics
-----------------------------------------
Number of counterexample checks:    0

Code Coverage
-----------------------------
  Visited lines:          4272
  Total lines:            1
  Line coverage:          4272.000

CPAchecker general statistics
-----------------------------
Number of program locations:     1638
Number of CFA edges:             1924
Number of relevant variables:    210
Number of functions:             48
Number of loops:                 8
Size of reached set:             2344
  Number of reached locations:   1541 (94%)
    Avg states per location:     1
    Max states per location:     105 (at node N19)
  Number of reached functions:   38 (79%)
  Number of partitions:          2344
    Avg size of partitions:      1
    Max size of partitions:      1
  Number of target states:       0

Time for analysis setup:                   2.055s
  Time for loading CPAs:                   0.389s
  Time for impacted traverse:              0.002s
  Time for loading parser:        0.032s
  Time for CFA construction:      1.546s
    Time for parsing file(s):     0.463s
    Time for AST to CFA:          0.506s
    Time for CFA sanity check:    0.000s
    Time for post-processing:     0.396s
      Time for var class.:        0.000s
Time for Analysis:                         9.397s
CPU time for analysis:     18.620s

Time for Garbage Collector:       0.397s (in 11 runs)
Garbage Collector(s) used:    PS MarkSweep, PS Scavenge
Used heap memory:                370MB (   353 MiB) max;    122MB (   117 MiB) avg;    385MB (   367 MiB) peak
Used non-heap memory:             40MB (    38 MiB) max;     34MB (    32 MiB) avg;     42MB (    40 MiB) peak
Used in PS Old Gen pool:          31MB (    29 MiB) max;     24MB (    23 MiB) avg;     32MB (    31 MiB) peak
Allocated heap memory:           556MB (   531 MiB) max;    326MB (   310 MiB) avg
Allocated non-heap memory:        41MB (    39 MiB) max;     35MB (    33 MiB) avg
Total process virtual memory:  13242MB ( 12629 MiB) max;  13238MB ( 12625 MiB) avg

Verification result: TRUE. No property violation found by chosen configuration.
More details about the verification run can be found in the directory "/home/yqs17/blazer/cpachecker-inc-pred/output-ori-final/flat/drivers--scsi--pcmcia--sym53c500_cs.ko.046.25f8f54.08_1a.cil_safe.i".
