scripts/cpa.sh -heap 10000M -predicateAnalysis-ABEl-debug -setprop cpa.predicate.refinement.performInitialStaticRefinement=false -disable-java-assertions -outputpath /home/yqs17/blazer/cpachecker-inc-pred/output-ori-final/flat/drivers--net--tokenring--abyss.ko.008.726a645.32_1.cil_safe.i -stats -spec /home/yqs17/blazer/cpachecker-inc-pred/LDVErrorLabel.spc -entryfunction ldv_main0_sequence_infinite_withcheck_stateful /home/yqs17/blazer/cpachecker-inc-pred/programs-flat/drivers--net--tokenring--abyss.ko.008.726a645.32_1.cil_safe.i


--------------------------------------------------------------------------------


Running CPAchecker with Java heap of size 10000M.
Running CPAchecker with the following extra VM options:  -Djava.io.tmpdir=/tmp/BenchExec_run_yfmdnwsf/tmp
PredicateCPA statistics
-----------------------
Read Precision Time:                0.000s
Precision file size:                2967
Write Precision Time:               0.005s
Number of abstractions:            45135 (19% of all post computations)
  Times abstraction was reused:    0
  Because of function entry/exit:  42277 (94%)
  Because of loop head:            2858 (6%)
  Because of join nodes:           0 (0%)
  Because of threshold:            0 (0%)
  Times precision was empty:       20264 (45%)
  Times precision was {false}:     653 (1%)
  Times result was cached:         20516 (45%)
  Times cartesian abs was used:    0 (0%)
  Times boolean abs was used:      3702 (8%)
  Times result was 'false':        1592 (4%)
Number of strengthen sat checks:   20
  Times result was 'false':        0 (0%)
Number of coverage checks:         37047
  BDD entailment checks:           4031
Number of SMT sat checks:          20
  trivial:                         20
  cached:                          0

Max ABE block size:                       34
Number of predicates discovered:          17
Number of abstraction locations:          0
Max number of predicates per location:    0
Avg number of predicates per location:    0
Total predicates per abstraction:         9245
Max number of predicates per abstraction: 6
Avg number of predicates per abstraction: 2.12
Number of irrelevant predicates:          3257 (35%)
Number of preds handled by boolean abs:   5988 (65%)
  Total number of models for allsat:      3649
  Max number of models for allsat:        2
  Avg number of models for allsat:        0.99

Number of path formula cache hits:   88483 (35%)

Time for post operator:                  7.445s
  Time for path formula creation:        5.842s
    Actual computation:                  4.701s
Time for strengthen operator:            0.182s
  Time for satisfiability checks:        0.001s
Time for prec operator:                  4.981s
  Time for abstraction:                  3.671s (Max:     0.094s, Count: 45135)
    Boolean abstraction:                 0.716s
    Solving time:                        0.342s (Max:     0.013s)
    Model enumeration time:              0.064s
    Time for BDD construction:           0.070s (Max:     0.003s)
Time for merge operator:                 1.465s
Time for coverage check:                 0.036s
  Time for BDD entailment checks:        0.021s
Total time for SMT solver (w/o itp):     0.406s

Number of BDD nodes:                               316
Size of BDD node table:                            466043
Size of BDD cache:                                 46619
Size of BDD node cleanup queue:                        2159 (count: 51067, min: 0, max: 830, avg: 0.04)
Time for BDD node cleanup:                             0.014s
Time for BDD garbage collection:                       0.000s (in 0 runs)

PrecisionBootstrap statistics
-----------------------------
Init. function predicates:                         0
Init. global predicates:                           0
Init. location predicates:                         0

----------------------

AutomatonAnalysis (SVCOMP) statistics
-------------------------------------
Number of states:                                  1
Total time for successor computation:                  0.195s
Automaton transfers with branching:                0
Automaton transfer successors:                       232281 (count: 232281, min: 1, max: 1, avg: 1.00) [1 x 232281]

CPA algorithm statistics
------------------------
Number of iterations:            211807
Max size of waitlist:            25
Average size of waitlist:        14
Number of computed successors:   232281
Max successors for one state:    2
Number of times merged:          16508
Number of times stopped:         18914
Number of times abs stopped:     2406
Number of times nonAbs stopped:  33016
Number of coverage check (part): 37047
Number of times doAbstraction node:  45135
Number of times breaked:         20

Total time for CPA algorithm:        19.231s (Max:     1.573s)
CPU time for CPA algorithm:          37.430s
  Time for choose from waitlist:      0.133s
  Time for precision adjustment:      5.467s
  Time for transfer relation:         9.689s
  Time for merge operator:            1.873s
  Time for stop operator:             0.421s
  Time for adding to reached set:     0.532s

Predicate-Abstraction Refiner statistics
----------------------------------------
Avg. length of target path (in blocks):                5428 (count: 20, min: 7, max: 667, avg: 271.40)
Number of infeasible sliced prefixes:                     0 (count: 0, min: 0, max: 0, avg: 0.00)

Time for refinement:                                  26.738s
  Counterexample analysis:               25.766s (Max:     4.123s, Calls: 20)
    Refinement sat check:                 0.657s
    Interpolant computation:              0.000s
  Error path post-processing:                          0.000s
  Path-formulas extraction:                            0.005s
  Building the counterexample trace:                  25.766s
  Extracting precise counterexample:                   0.000s
  Extracting infeasible sliced prefixes:               0.000s
  Selecting infeasible sliced prefixes:                0.000s
  Predicate creation:                                  0.014s
  Precision update:                                    0.006s
  ARG update:                                          0.897s

Length of refined path (in blocks):                    3524 (count: 20, min: 6, max: 666, avg: 176.20)
Number of affected states:                              931 (count: 20, min: 1, max: 665, avg: 46.55)
Length (states) of path with itp 'true':               2573 (count: 20, min: 0, max: 657, avg: 128.65)
Length (states) of path with itp non-trivial itp:       931 (count: 20, min: 1, max: 665, avg: 46.55)
Length (states) of path with itp 'false':                20 (count: 20, min: 1, max: 1, avg: 1.00)
Different non-trivial interpolants along paths:           6 (count: 20, min: 0, max: 2, avg: 0.30)
Equal non-trivial interpolants along paths:             905 (count: 20, min: 0, max: 664, avg: 45.25)
Different precisions along paths:                         0 (count: 0, min: 0, max: 0, avg: 0.00)
Equal precisions along paths:                             0 (count: 0, min: 0, max: 0, avg: 0.00)
Number of refs with location-based cutoff:                0

CEGAR algorithm statistics
--------------------------
Number of refinements:                20
Lazy expansion status:                false
Expansion times:                      0
Total path lengths:                   34882
SP times:                             3
Number of added holes:                0
Number of successful refinements:     20
Number of failed refinements:         0
Max. size of reached set before ref.: 30895
Max. size of reached set after ref.:  15720
Avg. size of reached set before ref.: 14828.75
Avg. size of reached set after ref.:  5026.55

Total time for CEGAR algorithm:      46.057s
CPU time for CEGAR algorithm:        75.060s
Time for refinements:                26.825s
CPU time for refinements:            37.620s
Average time for refinement:          1.341s
Max time for refinement:              4.202s
First time for refinement:             0.915s
Last time for refinement:              1.292s
Average time for analysis:          0.915s
Number of analysis:                21

Counterexample-Check Algorithm statistics
-----------------------------------------
Number of counterexample checks:    0

Code Coverage
-----------------------------
  Visited lines:          2520
  Total lines:            15
  Line coverage:          168.000

CPAchecker general statistics
-----------------------------
Number of program locations:     1097
Number of CFA edges:             1234
Number of relevant variables:    126
Number of functions:             47
Number of loops:                 7
Size of reached set:             15732
  Number of reached locations:   941 (86%)
    Avg states per location:     16
    Max states per location:     546 (at node N27)
  Number of reached functions:   27 (57%)
  Number of partitions:          15600
    Avg size of partitions:      1
    Max size of partitions:      2 (with key [N516 (before /work/ldvuser/novikov/work/current--X--drivers/net/tokenring/abyss.ko--X--defaultlinux--X--32_1--X--cpachecker/linux/csd_deg_dscv/11/dscv_tempdir/dscv/ri/32_1/drivers/net/tokenring/abyss.c, lines 556-611), Function ldv_main0_sequence_infinite_withcheck_stateful called from node N499, stack depth 1 [4eed46ee], stack [ldv_main0_sequence_infinite_withcheck_stateful], Init])
  Number of target states:       0

Time for analysis setup:                   1.591s
  Time for loading CPAs:                   0.365s
  Time for impacted traverse:              0.002s
  Time for loading parser:        0.035s
  Time for CFA construction:      1.123s
    Time for parsing file(s):     0.369s
    Time for AST to CFA:          0.409s
    Time for CFA sanity check:    0.000s
    Time for post-processing:     0.224s
      Time for var class.:        0.000s
Time for Analysis:                        46.074s
CPU time for analysis:                    75.100s
   CPU time for collect prec:              0.000s

Time for Garbage Collector:       2.334s (in 23 runs)
Garbage Collector(s) used:    PS MarkSweep, PS Scavenge
Used heap memory:               2065MB (  1969 MiB) max;    618MB (   589 MiB) avg;   2088MB (  1991 MiB) peak
Used non-heap memory:             40MB (    38 MiB) max;     37MB (    35 MiB) avg;     43MB (    41 MiB) peak
Used in PS Old Gen pool:          84MB (    80 MiB) max;     58MB (    55 MiB) avg;     93MB (    89 MiB) peak
Allocated heap memory:          2169MB (  2069 MiB) max;   1261MB (  1203 MiB) avg
Allocated non-heap memory:        44MB (    42 MiB) max;     41MB (    39 MiB) avg
Total process virtual memory:  13243MB ( 12629 MiB) max;  13240MB ( 12626 MiB) avg

Verification result: TRUE. No property violation found by chosen configuration.
More details about the verification run can be found in the directory "/home/yqs17/blazer/cpachecker-inc-pred/output-ori-final/flat/drivers--net--tokenring--abyss.ko.008.726a645.32_1.cil_safe.i".
