scripts/cpa.sh -heap 10000M -predicateAnalysis-ABEl-debug -setprop cpa.predicate.refinement.performInitialStaticRefinement=false -disable-java-assertions -outputpath /home/yqs17/blazer/cpachecker-inc-pred/output-ori-final/flat/drivers--platform--x86--panasonic-laptop.ko.007.8897c18.68_1.cil_safe.i -stats -spec /home/yqs17/blazer/cpachecker-inc-pred/LDVErrorLabel.spc -entryfunction ldv_main0_sequence_infinite_withcheck_stateful /home/yqs17/blazer/cpachecker-inc-pred/programs-flat/drivers--platform--x86--panasonic-laptop.ko.007.8897c18.68_1.cil_safe.i


--------------------------------------------------------------------------------


Running CPAchecker with Java heap of size 10000M.
Running CPAchecker with the following extra VM options:  -Djava.io.tmpdir=/tmp/BenchExec_run_lwzeg76s/tmp
PredicateCPA statistics
-----------------------
Read Precision Time:                0.000s
Precision file size:                0
Write Precision Time:               0.003s
Number of abstractions:            7257 (12% of all post computations)
  Times abstraction was reused:    0
  Because of function entry/exit:  6443 (89%)
  Because of loop head:            814 (11%)
  Because of join nodes:           0 (0%)
  Because of threshold:            0 (0%)
  Times precision was empty:       2443 (34%)
  Times precision was {false}:     480 (7%)
  Times result was cached:         3844 (53%)
  Times cartesian abs was used:    0 (0%)
  Times boolean abs was used:      490 (7%)
  Times result was 'false':        330 (5%)
Number of strengthen sat checks:   31
  Times result was 'false':        0 (0%)
Number of coverage checks:         8514
  BDD entailment checks:           2458
Number of SMT sat checks:          31
  trivial:                         31
  cached:                          0

Max ABE block size:                       97
Number of predicates discovered:          4
Number of abstraction locations:          0
Max number of predicates per location:    0
Avg number of predicates per location:    0
Total predicates per abstraction:         1738
Max number of predicates per abstraction: 3
Avg number of predicates per abstraction: 1.79
Number of irrelevant predicates:          1156 (67%)
Number of preds handled by boolean abs:   582 (33%)
  Total number of models for allsat:      492
  Max number of models for allsat:        2
  Avg number of models for allsat:        1.00

Number of path formula cache hits:   54000 (81%)

Time for post operator:                  9.349s
  Time for path formula creation:        8.912s
    Actual computation:                  8.503s
Time for strengthen operator:            0.056s
  Time for satisfiability checks:        0.001s
Time for prec operator:                156.516s
  Time for abstraction:                151.370s (Max:     2.890s, Count: 7257)
    Boolean abstraction:                63.804s
    Solving time:                      137.665s (Max:     2.832s)
    Model enumeration time:              0.007s
    Time for BDD construction:           0.012s (Max:     0.001s)
Time for merge operator:                11.898s
Time for coverage check:                 0.025s
  Time for BDD entailment checks:        0.019s
Total time for SMT solver (w/o itp):   137.672s

Number of BDD nodes:                               214
Size of BDD node table:                            466043
Size of BDD cache:                                 46619
Size of BDD node cleanup queue:                         466 (count: 15257, min: 0, max: 46, avg: 0.03)
Time for BDD node cleanup:                             0.004s
Time for BDD garbage collection:                       0.000s (in 0 runs)

PrecisionBootstrap statistics
-----------------------------
Init. function predicates:                         0
Init. global predicates:                           0
Init. location predicates:                         0

----------------------

AutomatonAnalysis (SVCOMP) statistics
-------------------------------------
Number of states:                                  1
Total time for successor computation:                  0.064s
Automaton transfers with branching:                0
Automaton transfer successors:                        58682 (count: 58682, min: 1, max: 1, avg: 1.00) [1 x 58682]

CPA algorithm statistics
------------------------
Number of iterations:            53759
Max size of waitlist:            27
Average size of waitlist:        13
Number of computed successors:   58682
Max successors for one state:    2
Number of times merged:          3028
Number of times stopped:         4524
Number of times abs stopped:     1496
Number of times nonAbs stopped:  0
Number of times doAbstraction node:  7257
Number of times breaked:         31

Total time for CPA algorithm:       179.529s (Max:    20.564s)
CPU time for CPA algorithm:         225.200s
  Time for choose from waitlist:      0.051s
  Time for precision adjustment:    156.669s
  Time for transfer relation:        10.068s
  Time for merge operator:           12.046s
  Time for stop operator:             0.135s
  Time for adding to reached set:     0.144s

Predicate-Abstraction Refiner statistics
----------------------------------------
Avg. length of target path (in blocks):                 526 (count: 31, min: 5, max: 33, avg: 16.97)
Number of infeasible sliced prefixes:                     0 (count: 0, min: 0, max: 0, avg: 0.00)

Time for refinement:                                   9.664s
  Counterexample analysis:                9.457s (Max:     1.231s, Calls: 31)
    Refinement sat check:                 1.549s
    Interpolant computation:              0.000s
  Error path post-processing:                          0.000s
  Path-formulas extraction:                            0.002s
  Building the counterexample trace:                   9.457s
  Extracting precise counterexample:                   0.000s
  Extracting infeasible sliced prefixes:               0.000s
  Selecting infeasible sliced prefixes:                0.000s
  Predicate creation:                                  0.019s
  Precision update:                                    0.005s
  ARG update:                                          0.151s

Length of refined path (in blocks):                     483 (count: 31, min: 4, max: 32, avg: 15.58)
Number of affected states:                              437 (count: 31, min: 1, max: 31, avg: 14.10)
Length (states) of path with itp 'true':                 15 (count: 31, min: 0, max: 15, avg: 0.48)
Length (states) of path with itp non-trivial itp:       437 (count: 31, min: 1, max: 31, avg: 14.10)
Length (states) of path with itp 'false':                31 (count: 31, min: 1, max: 1, avg: 1.00)
Different non-trivial interpolants along paths:           0 (count: 31, min: 0, max: 0, avg: 0.00)
Equal non-trivial interpolants along paths:             406 (count: 31, min: 0, max: 30, avg: 13.10)
Different precisions along paths:                         0 (count: 0, min: 0, max: 0, avg: 0.00)
Equal precisions along paths:                             0 (count: 0, min: 0, max: 0, avg: 0.00)
Number of refs with location-based cutoff:                0

CEGAR algorithm statistics
--------------------------
Number of refinements:                31
Lazy expansion status:                false
Expansion times:                      0
Total path lengths:                   27117
SP times:                             0
Number of added holes:                0
Number of successful refinements:     31
Number of failed refinements:         0
Max. size of reached set before ref.: 2994
Max. size of reached set after ref.:  1482
Avg. size of reached set before ref.: 2475.29
Avg. size of reached set after ref.:  788.13

Total time for CEGAR algorithm:     189.248s
CPU time for CEGAR algorithm:       239.970s
Time for refinements:                 9.713s
CPU time for refinements:            14.750s
Average time for refinement:          0.313s
Max time for refinement:              1.241s
First time for refinement:             5.610s
Last time for refinement:              0.418s
Average time for analysis:          5.610s
Number of analysis:                32

Counterexample-Check Algorithm statistics
-----------------------------------------
Number of counterexample checks:    0

Code Coverage
-----------------------------
  Visited lines:          3536
  Total lines:            6
  Line coverage:          589.333

CPAchecker general statistics
-----------------------------
Number of program locations:     2168
Number of CFA edges:             2363
Number of relevant variables:    420
Number of functions:             52
Number of loops:                 6
Size of reached set:             1527
  Number of reached locations:   1326 (61%)
    Avg states per location:     1
    Max states per location:     7 (at node N1355)
  Number of reached functions:   28 (54%)
  Number of partitions:          1526
    Avg size of partitions:      1
    Max size of partitions:      2 (with key [N1307 (before /work/ldvuser/novikov/work/current--X--drivers/platform/x86/panasonic-laptop.ko--X--defaultlinux--X--68_1--X--cpachecker/linux/csd_deg_dscv/11/dscv_tempdir/dscv/ri/68_1/drivers/platform/x86/panasonic-laptop.c, lines 572-584), Function acpi_pcc_init_input called from node N1410, stack depth 3 [5e845605], stack [ldv_main0_sequence_infinite_withcheck_stateful, acpi_pcc_hotkey_add, acpi_pcc_init_input], Init])
  Number of target states:       0

Time for analysis setup:                   2.127s
  Time for loading CPAs:                   0.374s
  Time for impacted traverse:              0.002s
  Time for loading parser:        0.026s
  Time for CFA construction:      1.653s
    Time for parsing file(s):     0.523s
    Time for AST to CFA:          0.563s
    Time for CFA sanity check:    0.000s
    Time for post-processing:     0.363s
      Time for var class.:        0.000s
Time for Analysis:                       189.251s
CPU time for analysis:    239.970s

Time for Garbage Collector:       2.020s (in 39 runs)
Garbage Collector(s) used:    PS MarkSweep, PS Scavenge
Used heap memory:               3500MB (  3338 MiB) max;   1374MB (  1311 MiB) avg;   3515MB (  3352 MiB) peak
Used non-heap memory:             42MB (    40 MiB) max;     39MB (    37 MiB) avg;     44MB (    42 MiB) peak
Used in PS Old Gen pool:          51MB (    48 MiB) max;     41MB (    39 MiB) avg;     51MB (    48 MiB) peak
Allocated heap memory:          3567MB (  3402 MiB) max;   2758MB (  2630 MiB) avg
Allocated non-heap memory:        45MB (    43 MiB) max;     43MB (    41 MiB) avg
Total process virtual memory:  13243MB ( 12629 MiB) max;  13240MB ( 12626 MiB) avg

Verification result: TRUE. No property violation found by chosen configuration.
More details about the verification run can be found in the directory "/home/yqs17/blazer/cpachecker-inc-pred/output-ori-final/flat/drivers--platform--x86--panasonic-laptop.ko.007.8897c18.68_1.cil_safe.i".
