scripts/cpa.sh -heap 10000M -predicateAnalysis-ABEl-debug -setprop cpa.predicate.refinement.performInitialStaticRefinement=false -disable-java-assertions -outputpath /home/yqs17/blazer/cpachecker-inc-pred/output-ori-final/flat/drivers--mtd--mtdoops.ko.046.ffe3150.39_7a.cil_safe.i -stats -spec /home/yqs17/blazer/cpachecker-inc-pred/LDVErrorLabel.spc -entryfunction ldv_main0_sequence_infinite_withcheck_stateful /home/yqs17/blazer/cpachecker-inc-pred/programs-flat/drivers--mtd--mtdoops.ko.046.ffe3150.39_7a.cil_safe.i


--------------------------------------------------------------------------------


Running CPAchecker with Java heap of size 10000M.
Running CPAchecker with the following extra VM options:  -Djava.io.tmpdir=/tmp/BenchExec_run_tlpnxks0/tmp
PredicateCPA statistics
-----------------------
Read Precision Time:                0.000s
Precision file size:                0
Write Precision Time:               0.003s
Number of abstractions:            2954 (12% of all post computations)
  Times abstraction was reused:    0
  Because of function entry/exit:  2491 (84%)
  Because of loop head:            463 (16%)
  Because of join nodes:           0 (0%)
  Because of threshold:            0 (0%)
  Times precision was empty:       612 (21%)
  Times precision was {false}:     91 (3%)
  Times result was cached:         1881 (64%)
  Times cartesian abs was used:    0 (0%)
  Times boolean abs was used:      370 (13%)
  Times result was 'false':        147 (5%)
Number of strengthen sat checks:   21
  Times result was 'false':        0 (0%)
Number of coverage checks:         6382
  BDD entailment checks:           1178
Number of SMT sat checks:          21
  trivial:                         21
  cached:                          0

Max ABE block size:                       23
Number of predicates discovered:          6
Number of abstraction locations:          0
Max number of predicates per location:    0
Avg number of predicates per location:    0
Total predicates per abstraction:         1326
Max number of predicates per abstraction: 5
Avg number of predicates per abstraction: 2.88
Number of irrelevant predicates:          471 (36%)
Number of preds handled by boolean abs:   855 (64%)
  Total number of models for allsat:      411
  Max number of models for allsat:        2
  Avg number of models for allsat:        1.11

Number of path formula cache hits:   26148 (88%)

Time for post operator:                  1.714s
  Time for path formula creation:        0.955s
    Actual computation:                  0.805s
Time for strengthen operator:            0.050s
  Time for satisfiability checks:        0.000s
Time for prec operator:                  1.959s
  Time for abstraction:                  1.711s (Max:     0.145s, Count: 2954)
    Boolean abstraction:                 0.530s
    Solving time:                        0.409s (Max:     0.136s)
    Model enumeration time:              0.078s
    Time for BDD construction:           0.032s (Max:     0.012s)
Time for merge operator:                 0.235s
Time for coverage check:                 0.019s
  Time for BDD entailment checks:        0.017s
Total time for SMT solver (w/o itp):     0.487s

Number of BDD nodes:                               259
Size of BDD node table:                            466043
Size of BDD cache:                                 46619
Size of BDD node cleanup queue:                         412 (count: 8078, min: 0, max: 97, avg: 0.05)
Time for BDD node cleanup:                             0.002s
Time for BDD garbage collection:                       0.000s (in 0 runs)

PrecisionBootstrap statistics
-----------------------------
Init. function predicates:                         0
Init. global predicates:                           0
Init. location predicates:                         0

----------------------

AutomatonAnalysis (SVCOMP) statistics
-------------------------------------
Number of states:                                  1
Total time for successor computation:                  0.079s
Automaton transfers with branching:                0
Automaton transfer successors:                        24817 (count: 24817, min: 1, max: 1, avg: 1.00) [1 x 24817]

CPA algorithm statistics
------------------------
Number of iterations:            21378
Max size of waitlist:            42
Average size of waitlist:        15
Number of computed successors:   24817
Max successors for one state:    2
Number of times merged:          2602
Number of times stopped:         3228
Number of times abs stopped:     626
Number of times nonAbs stopped:  0
Number of times doAbstraction node:  2954
Number of times breaked:         21

Total time for CPA algorithm:         5.515s (Max:     0.879s)
CPU time for CPA algorithm:          10.910s
  Time for choose from waitlist:      0.055s
  Time for precision adjustment:      2.118s
  Time for transfer relation:         2.363s
  Time for merge operator:            0.359s
  Time for stop operator:             0.121s
  Time for adding to reached set:     0.125s

Predicate-Abstraction Refiner statistics
----------------------------------------
Avg. length of target path (in blocks):                 570 (count: 21, min: 14, max: 41, avg: 27.14)
Number of infeasible sliced prefixes:                     0 (count: 0, min: 0, max: 0, avg: 0.00)

Time for refinement:                                   1.455s
  Counterexample analysis:                1.305s (Max:     0.186s, Calls: 21)
    Refinement sat check:                 0.334s
    Interpolant computation:              0.000s
  Error path post-processing:                          0.000s
  Path-formulas extraction:                            0.000s
  Building the counterexample trace:                   1.305s
  Extracting precise counterexample:                   0.000s
  Extracting infeasible sliced prefixes:               0.000s
  Selecting infeasible sliced prefixes:                0.000s
  Predicate creation:                                  0.008s
  Precision update:                                    0.006s
  ARG update:                                          0.111s

Length of refined path (in blocks):                     537 (count: 21, min: 13, max: 40, avg: 25.57)
Number of affected states:                              481 (count: 21, min: 1, max: 38, avg: 22.90)
Length (states) of path with itp 'true':                 35 (count: 21, min: 1, max: 15, avg: 1.67)
Length (states) of path with itp non-trivial itp:       481 (count: 21, min: 1, max: 38, avg: 22.90)
Length (states) of path with itp 'false':                21 (count: 21, min: 1, max: 1, avg: 1.00)
Different non-trivial interpolants along paths:           0 (count: 21, min: 0, max: 0, avg: 0.00)
Equal non-trivial interpolants along paths:             460 (count: 21, min: 0, max: 37, avg: 21.90)
Different precisions along paths:                         0 (count: 0, min: 0, max: 0, avg: 0.00)
Equal precisions along paths:                             0 (count: 0, min: 0, max: 0, avg: 0.00)
Number of refs with location-based cutoff:                0

CEGAR algorithm statistics
--------------------------
Number of refinements:                21
Lazy expansion status:                false
Expansion times:                      0
Total path lengths:                   14563
SP times:                             0
Number of added holes:                0
Number of successful refinements:     21
Number of failed refinements:         0
Max. size of reached set before ref.: 1987
Max. size of reached set after ref.:  745
Avg. size of reached set before ref.: 1505.95
Avg. size of reached set after ref.:  531.67

Total time for CEGAR algorithm:       7.021s
CPU time for CEGAR algorithm:        13.910s
Time for refinements:                 1.504s
CPU time for refinements:             2.990s
Average time for refinement:          0.071s
Max time for refinement:              0.213s
First time for refinement:             0.250s
Last time for refinement:              0.060s
Average time for analysis:          0.250s
Number of analysis:                22

Counterexample-Check Algorithm statistics
-----------------------------------------
Number of counterexample checks:    0

Code Coverage
-----------------------------
  Visited lines:          2031
  Total lines:            12
  Line coverage:          169.250

CPAchecker general statistics
-----------------------------
Number of program locations:     1418
Number of CFA edges:             1562
Number of relevant variables:    166
Number of functions:             63
Number of loops:                 5
Size of reached set:             983
  Number of reached locations:   855 (60%)
    Avg states per location:     1
    Max states per location:     5 (at node N461)
  Number of reached functions:   19 (30%)
  Number of partitions:          982
    Avg size of partitions:      1
    Max size of partitions:      2 (with key [N463 (before /work/ldvuser/novikov/work/current--X--drivers/mtd/mtdoops.ko--X--defaultlinux--X--39_7a--X--cpachecker/linux/csd_deg_dscv/12/dscv_tempdir/dscv/ri/39_7a/drivers/mtd/mtdoops.c.prepared, line 301), Function find_next_position called from node N558, stack depth 3 [1b5a3bba], stack [ldv_main0_sequence_infinite_withcheck_stateful, mtdoops_notify_add, find_next_position], Init])
  Number of target states:       0

Time for analysis setup:                   1.572s
  Time for loading CPAs:                   0.355s
  Time for impacted traverse:              0.002s
  Time for loading parser:        0.033s
  Time for CFA construction:      1.110s
    Time for parsing file(s):     0.372s
    Time for AST to CFA:          0.391s
    Time for CFA sanity check:    0.000s
    Time for post-processing:     0.212s
      Time for var class.:        0.000s
Time for Analysis:                         7.023s
CPU time for analysis:     13.910s

Time for Garbage Collector:       0.222s (in 10 runs)
Garbage Collector(s) used:    PS MarkSweep, PS Scavenge
Used heap memory:                311MB (   296 MiB) max;     93MB (    89 MiB) avg;    334MB (   319 MiB) peak
Used non-heap memory:             36MB (    34 MiB) max;     31MB (    29 MiB) avg;     39MB (    37 MiB) peak
Used in PS Old Gen pool:          23MB (    22 MiB) max;     17MB (    16 MiB) avg;     23MB (    22 MiB) peak
Allocated heap memory:           429MB (   410 MiB) max;    271MB (   259 MiB) avg
Allocated non-heap memory:        39MB (    37 MiB) max;     33MB (    32 MiB) avg
Total process virtual memory:  13242MB ( 12628 MiB) max;  13238MB ( 12625 MiB) avg

Verification result: TRUE. No property violation found by chosen configuration.
More details about the verification run can be found in the directory "/home/yqs17/blazer/cpachecker-inc-pred/output-ori-final/flat/drivers--mtd--mtdoops.ko.046.ffe3150.39_7a.cil_safe.i".
