scripts/cpa.sh -heap 10000M -predicateAnalysis-ABEl-debug -setprop cpa.predicate.refinement.performInitialStaticRefinement=false -disable-java-assertions -outputpath /home/yqs17/blazer/cpachecker-inc-pred/output-ori-final/flat/drivers--media--common--tuners--mt2266.ko.002.82c0126.32_7a.cil_safe.i -stats -spec /home/yqs17/blazer/cpachecker-inc-pred/LDVErrorLabel.spc -entryfunction ldv_main0_sequence_infinite_withcheck_stateful /home/yqs17/blazer/cpachecker-inc-pred/programs-flat/drivers--media--common--tuners--mt2266.ko.002.82c0126.32_7a.cil_safe.i


--------------------------------------------------------------------------------


Running CPAchecker with Java heap of size 10000M.
Running CPAchecker with the following extra VM options:  -Djava.io.tmpdir=/tmp/BenchExec_run_4b846otw/tmp
PredicateCPA statistics
-----------------------
Read Precision Time:                0.000s
Precision file size:                0
Write Precision Time:               0.003s
Number of abstractions:            1194 (7% of all post computations)
  Times abstraction was reused:    0
  Because of function entry/exit:  1081 (91%)
  Because of loop head:            113 (9%)
  Because of join nodes:           0 (0%)
  Because of threshold:            0 (0%)
  Times precision was empty:       238 (20%)
  Times precision was {false}:     41 (3%)
  Times result was cached:         749 (63%)
  Times cartesian abs was used:    0 (0%)
  Times boolean abs was used:      166 (14%)
  Times result was 'false':        26 (2%)
Number of strengthen sat checks:   9
  Times result was 'false':        0 (0%)
Number of coverage checks:         3828
  BDD entailment checks:           406
Number of SMT sat checks:          9
  trivial:                         9
  cached:                          0

Max ABE block size:                       26
Number of predicates discovered:          4
Number of abstraction locations:          0
Max number of predicates per location:    0
Avg number of predicates per location:    0
Total predicates per abstraction:         419
Max number of predicates per abstraction: 4
Avg number of predicates per abstraction: 2.02
Number of irrelevant predicates:          173 (41%)
Number of preds handled by boolean abs:   246 (59%)
  Total number of models for allsat:      182
  Max number of models for allsat:        2
  Avg number of models for allsat:        1.10

Number of path formula cache hits:   16222 (84%)

Time for post operator:                  1.521s
  Time for path formula creation:        1.183s
    Actual computation:                  1.075s
Time for strengthen operator:            0.030s
  Time for satisfiability checks:        0.000s
Time for prec operator:                  2.497s
  Time for abstraction:                  2.055s (Max:     0.191s, Count: 1194)
    Boolean abstraction:                 0.729s
    Solving time:                        0.551s (Max:     0.172s)
    Model enumeration time:              0.166s
    Time for BDD construction:           0.028s (Max:     0.009s)
Time for merge operator:                 0.140s
Time for coverage check:                 0.007s
  Time for BDD entailment checks:        0.004s
Total time for SMT solver (w/o itp):     0.717s

Number of BDD nodes:                               231
Size of BDD node table:                            466043
Size of BDD cache:                                 46619
Size of BDD node cleanup queue:                         191 (count: 5101, min: 0, max: 72, avg: 0.04)
Time for BDD node cleanup:                             0.004s
Time for BDD garbage collection:                       0.000s (in 0 runs)

PrecisionBootstrap statistics
-----------------------------
Init. function predicates:                         0
Init. global predicates:                           0
Init. location predicates:                         0

----------------------

AutomatonAnalysis (SVCOMP) statistics
-------------------------------------
Number of states:                                  1
Total time for successor computation:                  0.038s
Automaton transfers with branching:                0
Automaton transfer successors:                        16885 (count: 16885, min: 1, max: 1, avg: 1.00) [1 x 16885]

CPA algorithm statistics
------------------------
Number of iterations:            14852
Max size of waitlist:            82
Average size of waitlist:        18
Number of computed successors:   16885
Max successors for one state:    2
Number of times merged:          1711
Number of times stopped:         1958
Number of times abs stopped:     247
Number of times nonAbs stopped:  0
Number of times doAbstraction node:  1194
Number of times breaked:         9

Total time for CPA algorithm:         5.307s (Max:     1.547s)
CPU time for CPA algorithm:          10.500s
  Time for choose from waitlist:      0.042s
  Time for precision adjustment:      2.631s
  Time for transfer relation:         1.975s
  Time for merge operator:            0.230s
  Time for stop operator:             0.071s
  Time for adding to reached set:     0.085s

Predicate-Abstraction Refiner statistics
----------------------------------------
Avg. length of target path (in blocks):                 119 (count: 9, min: 6, max: 22, avg: 13.22)
Number of infeasible sliced prefixes:                     0 (count: 0, min: 0, max: 0, avg: 0.00)

Time for refinement:                                   0.843s
  Counterexample analysis:                0.746s (Max:     0.203s, Calls: 9)
    Refinement sat check:                 0.255s
    Interpolant computation:              0.000s
  Error path post-processing:                          0.000s
  Path-formulas extraction:                            0.000s
  Building the counterexample trace:                   0.746s
  Extracting precise counterexample:                   0.000s
  Extracting infeasible sliced prefixes:               0.000s
  Selecting infeasible sliced prefixes:                0.000s
  Predicate creation:                                  0.003s
  Precision update:                                    0.003s
  ARG update:                                          0.079s

Length of refined path (in blocks):                     104 (count: 9, min: 5, max: 21, avg: 11.56)
Number of affected states:                               87 (count: 9, min: 3, max: 19, avg: 9.67)
Length (states) of path with itp 'true':                  8 (count: 9, min: 0, max: 1, avg: 0.89)
Length (states) of path with itp non-trivial itp:        87 (count: 9, min: 3, max: 19, avg: 9.67)
Length (states) of path with itp 'false':                 9 (count: 9, min: 1, max: 1, avg: 1.00)
Different non-trivial interpolants along paths:           1 (count: 9, min: 0, max: 1, avg: 0.11)
Equal non-trivial interpolants along paths:              77 (count: 9, min: 2, max: 18, avg: 8.56)
Different precisions along paths:                         0 (count: 0, min: 0, max: 0, avg: 0.00)
Equal precisions along paths:                             0 (count: 0, min: 0, max: 0, avg: 0.00)
Number of refs with location-based cutoff:                0

CEGAR algorithm statistics
--------------------------
Number of refinements:                9
Lazy expansion status:                false
Expansion times:                      0
Total path lengths:                   6388
SP times:                             0
Number of added holes:                0
Number of successful refinements:     9
Number of failed refinements:         0
Max. size of reached set before ref.: 2896
Max. size of reached set after ref.:  621
Avg. size of reached set before ref.: 1982.56
Avg. size of reached set after ref.:  620.56

Total time for CEGAR algorithm:       6.182s
CPU time for CEGAR algorithm:        12.230s
Time for refinements:                 0.874s
CPU time for refinements:             1.730s
Average time for refinement:          0.097s
Max time for refinement:              0.211s
First time for refinement:             0.530s
Last time for refinement:              0.263s
Average time for analysis:          0.530s
Number of analysis:                10

Counterexample-Check Algorithm statistics
-----------------------------------------
Number of counterexample checks:    0

Code Coverage
-----------------------------
  Visited lines:          3100
  Total lines:            10
  Line coverage:          310.000

CPAchecker general statistics
-----------------------------
Number of program locations:     1096
Number of CFA edges:             1228
Number of relevant variables:    84
Number of functions:             28
Number of loops:                 2
Size of reached set:             2644
  Number of reached locations:   931 (85%)
    Avg states per location:     2
    Max states per location:     26 (at node N34)
  Number of reached functions:   12 (43%)
  Number of partitions:          2634
    Avg size of partitions:      1
    Max size of partitions:      5 (with key [N233 (before /work/ldvuser/novikov/work/current--X--drivers/media/common/tuners/mt2266.ko--X--defaultlinux--X--32_7a--X--cpachecker/linux/csd_deg_dscv/11/dscv_tempdir/dscv/ri/32_7a/drivers/media/common/tuners/mt2266.c.prepared, line 248), Function mt2266_set_params called from node N409, stack depth 2 [4f356b98], stack [ldv_main0_sequence_infinite_withcheck_stateful, mt2266_set_params], Init])
  Number of target states:       0

Time for analysis setup:                   1.692s
  Time for loading CPAs:                   0.364s
  Time for impacted traverse:              0.003s
  Time for loading parser:        0.033s
  Time for CFA construction:      1.209s
    Time for parsing file(s):     0.420s
    Time for AST to CFA:          0.400s
    Time for CFA sanity check:    0.000s
    Time for post-processing:     0.260s
      Time for var class.:        0.000s
Time for Analysis:                         6.185s
CPU time for analysis:     12.230s

Time for Garbage Collector:       0.259s (in 9 runs)
Garbage Collector(s) used:    PS MarkSweep, PS Scavenge
Used heap memory:                311MB (   296 MiB) max;     89MB (    85 MiB) avg;    327MB (   312 MiB) peak
Used non-heap memory:             35MB (    34 MiB) max;     30MB (    28 MiB) avg;     37MB (    36 MiB) peak
Used in PS Old Gen pool:          24MB (    23 MiB) max;     17MB (    16 MiB) avg;     25MB (    24 MiB) peak
Allocated heap memory:           488MB (   465 MiB) max;    275MB (   262 MiB) avg
Allocated non-heap memory:        37MB (    36 MiB) max;     32MB (    30 MiB) avg
Total process virtual memory:  13240MB ( 12627 MiB) max;  13238MB ( 12624 MiB) avg

Verification result: TRUE. No property violation found by chosen configuration.
More details about the verification run can be found in the directory "/home/yqs17/blazer/cpachecker-inc-pred/output-ori-final/flat/drivers--media--common--tuners--mt2266.ko.002.82c0126.32_7a.cil_safe.i".
