scripts/cpa.sh -heap 10000M -predicateAnalysis-ABEl-debug -setprop cpa.predicate.refinement.performInitialStaticRefinement=false -disable-java-assertions -outputpath /home/yqs17/blazer/cpachecker-inc-pred/output-ori-final/flat/drivers--gpu--drm--i915--i915.ko.009.317c35d.43_1a.cil_safe.i -stats -spec /home/yqs17/blazer/cpachecker-inc-pred/LDVErrorLabel.spc -entryfunction ldv_main0_sequence_infinite_withcheck_stateful /home/yqs17/blazer/cpachecker-inc-pred/programs-flat/drivers--gpu--drm--i915--i915.ko.009.317c35d.43_1a.cil_safe.i


--------------------------------------------------------------------------------


Running CPAchecker with Java heap of size 10000M.
Running CPAchecker with the following extra VM options:  -Djava.io.tmpdir=/tmp/BenchExec_run_5qfz6lkf/tmp
PredicateCPA statistics
-----------------------
Read Precision Time:                0.000s
Precision file size:                0
Write Precision Time:               0.002s
Number of abstractions:            613 (17% of all post computations)
  Times abstraction was reused:    0
  Because of function entry/exit:  569 (93%)
  Because of loop head:            44 (7%)
  Because of join nodes:           0 (0%)
  Because of threshold:            0 (0%)
  Times precision was empty:       613 (100%)
  Times precision was {false}:     0 (0%)
  Times result was cached:         0 (0%)
  Times cartesian abs was used:    0 (0%)
  Times boolean abs was used:      0 (0%)
  Times result was 'false':        0 (0%)
Number of strengthen sat checks:   0
Number of coverage checks:         364
  BDD entailment checks:           60
Number of SMT sat checks:          0
  trivial:                         0
  cached:                          0

Max ABE block size:                       21
Number of predicates discovered:          0

Number of path formula cache hits:   74 (2%)

Time for post operator:                  0.874s
  Time for path formula creation:        0.801s
    Actual computation:                  0.727s
Time for strengthen operator:            0.012s
Time for prec operator:                  0.162s
  Time for abstraction:                  0.094s (Max:     0.010s, Count: 613)
    Solving time:                        0.000s (Max:     0.000s)
    Model enumeration time:              0.000s
    Time for BDD construction:           0.000s (Max:     0.000s)
Time for merge operator:                 0.115s
Time for coverage check:                 0.006s
  Time for BDD entailment checks:        0.005s
Total time for SMT solver (w/o itp):     0.000s

Number of BDD nodes:                               202
Size of BDD node table:                            466043
Size of BDD cache:                                 46619
Size of BDD node cleanup queue:                           0 (count: 18310, min: 0, max: 0, avg: 0.00)
Time for BDD node cleanup:                             0.003s
Time for BDD garbage collection:                       0.000s (in 0 runs)

PrecisionBootstrap statistics
-----------------------------
Init. function predicates:                         0
Init. global predicates:                           0
Init. location predicates:                         0

----------------------

AutomatonAnalysis (SVCOMP) statistics
-------------------------------------
Number of states:                                  1
Total time for successor computation:                  0.017s
Automaton transfers with branching:                0
Automaton transfer successors:                         3576 (count: 3576, min: 1, max: 1, avg: 1.00) [1 x 3576]

CPA algorithm statistics
------------------------
Number of iterations:            3365
Max size of waitlist:            14
Average size of waitlist:        6
Number of computed successors:   3576
Max successors for one state:    2
Number of times merged:          152
Number of times stopped:         212
Number of times abs stopped:     60
Number of times nonAbs stopped:  0
Number of times doAbstraction node:  613
Number of times breaked:         0

Total time for CPA algorithm:         1.617s (Max:     1.617s)
CPU time for CPA algorithm:           3.190s
  Time for choose from waitlist:      0.018s
  Time for precision adjustment:      0.200s
  Time for transfer relation:         1.116s
  Time for merge operator:            0.134s
  Time for stop operator:             0.026s
  Time for adding to reached set:     0.031s

Predicate-Abstraction Refiner statistics
----------------------------------------
  Predicate creation:                                  0.000s
  Precision update:                                    0.000s
  ARG update:                                          0.000s

Length of refined path (in blocks):                       0 (count: 0, min: 0, max: 0, avg: 0.00)
Number of affected states:                                0 (count: 0, min: 0, max: 0, avg: 0.00)
Length (states) of path with itp 'true':                  0 (count: 0, min: 0, max: 0, avg: 0.00)
Length (states) of path with itp non-trivial itp:         0 (count: 0, min: 0, max: 0, avg: 0.00)
Length (states) of path with itp 'false':                 0 (count: 0, min: 0, max: 0, avg: 0.00)
Different non-trivial interpolants along paths:           0 (count: 0, min: 0, max: 0, avg: 0.00)
Equal non-trivial interpolants along paths:               0 (count: 0, min: 0, max: 0, avg: 0.00)
Different precisions along paths:                         0 (count: 0, min: 0, max: 0, avg: 0.00)
Equal precisions along paths:                             0 (count: 0, min: 0, max: 0, avg: 0.00)
Number of refs with location-based cutoff:                0

CEGAR algorithm statistics
--------------------------
Number of refinements:                0
Lazy expansion status:                false
Expansion times:                      0
Total path lengths:                   0
SP times:                             0
Number of added holes:                0
Refinement times:             0
First time for refinement:             1.617s
Last time for refinement:              1.617s
Average time for analysis:          1.617s
Number of analysis:                1

Counterexample-Check Algorithm statistics
-----------------------------------------
Number of counterexample checks:    0

Code Coverage
-----------------------------
  Visited lines:          3853
  Total lines:            5
  Line coverage:          770.600

CPAchecker general statistics
-----------------------------
Number of program locations:     5326
Number of CFA edges:             6746
Number of relevant variables:    1053
Number of functions:             157
Number of loops:                 38
Size of reached set:             3365
  Number of reached locations:   1872 (35%)
    Avg states per location:     1
    Max states per location:     97 (at node N158)
  Number of reached functions:   26 (17%)
  Number of partitions:          3365
    Avg size of partitions:      1
    Max size of partitions:      1
  Number of target states:       0

Time for analysis setup:                   2.917s
  Time for loading CPAs:                   0.392s
  Time for impacted traverse:              0.002s
  Time for loading parser:        0.038s
  Time for CFA construction:      2.414s
    Time for parsing file(s):     0.525s
    Time for AST to CFA:          0.850s
    Time for CFA sanity check:    0.000s
    Time for post-processing:     0.746s
      Time for var class.:        0.000s
Time for Analysis:                         1.625s
CPU time for analysis:      3.210s

Time for Garbage Collector:       0.318s (in 6 runs)
Garbage Collector(s) used:    PS MarkSweep, PS Scavenge
Used heap memory:                148MB (   141 MiB) max;     56MB (    53 MiB) avg;    177MB (   169 MiB) peak
Used non-heap memory:             36MB (    34 MiB) max;     26MB (    24 MiB) avg;     37MB (    35 MiB) peak
Used in PS Old Gen pool:          34MB (    33 MiB) max;     13MB (    13 MiB) avg;     39MB (    37 MiB) peak
Allocated heap memory:           270MB (   258 MiB) max;    200MB (   191 MiB) avg
Allocated non-heap memory:        37MB (    35 MiB) max;     26MB (    25 MiB) avg
Total process virtual memory:  13238MB ( 12625 MiB) max;  13234MB ( 12621 MiB) avg

Verification result: TRUE. No property violation found by chosen configuration.
More details about the verification run can be found in the directory "/home/yqs17/blazer/cpachecker-inc-pred/output-ori-final/flat/drivers--gpu--drm--i915--i915.ko.009.317c35d.43_1a.cil_safe.i".
