scripts/cpa.sh -heap 10000M -predicateAnalysis-ABEl-debug -setprop cpa.predicate.refinement.performInitialStaticRefinement=false -disable-java-assertions -outputpath /home/yqs17/blazer/cpachecker-inc-pred/output-ori-final/flat/drivers--i2c--algos--i2c-algo-pca.ko.015.c80ebe7.39_7a.cil_safe.i -stats -spec /home/yqs17/blazer/cpachecker-inc-pred/LDVErrorLabel.spc -entryfunction ldv_main0_sequence_infinite_withcheck_stateful /home/yqs17/blazer/cpachecker-inc-pred/programs-flat/drivers--i2c--algos--i2c-algo-pca.ko.015.c80ebe7.39_7a.cil_safe.i


--------------------------------------------------------------------------------


Running CPAchecker with Java heap of size 10000M.
Running CPAchecker with the following extra VM options:  -Djava.io.tmpdir=/tmp/BenchExec_run_s_rct9zy/tmp
PredicateCPA statistics
-----------------------
Read Precision Time:                0.000s
Precision file size:                0
Write Precision Time:               0.003s
Number of abstractions:            4528 (13% of all post computations)
  Times abstraction was reused:    0
  Because of function entry/exit:  3675 (81%)
  Because of loop head:            853 (19%)
  Because of join nodes:           0 (0%)
  Because of threshold:            0 (0%)
  Times precision was empty:       711 (16%)
  Times precision was {false}:     120 (3%)
  Times result was cached:         3374 (75%)
  Times cartesian abs was used:    0 (0%)
  Times boolean abs was used:      323 (7%)
  Times result was 'false':        102 (2%)
Number of strengthen sat checks:   27
  Times result was 'false':        0 (0%)
Number of coverage checks:         7167
  BDD entailment checks:           2627
Number of SMT sat checks:          27
  trivial:                         27
  cached:                          0

Max ABE block size:                       28
Number of predicates discovered:          4
Number of abstraction locations:          0
Max number of predicates per location:    0
Avg number of predicates per location:    0
Total predicates per abstraction:         1096
Max number of predicates per abstraction: 3
Avg number of predicates per abstraction: 2.47
Number of irrelevant predicates:          526 (48%)
Number of preds handled by boolean abs:   570 (52%)
  Total number of models for allsat:      323
  Max number of models for allsat:        1
  Avg number of models for allsat:        1.00

Number of path formula cache hits:   36307 (89%)

Time for post operator:                  1.662s
  Time for path formula creation:        0.769s
    Actual computation:                  0.628s
Time for strengthen operator:            0.048s
  Time for satisfiability checks:        0.000s
Time for prec operator:                  2.182s
  Time for abstraction:                  1.826s (Max:     0.118s, Count: 4528)
    Boolean abstraction:                 0.250s
    Solving time:                        0.197s (Max:     0.007s)
    Model enumeration time:              0.005s
    Time for BDD construction:           0.027s (Max:     0.009s)
Time for merge operator:                 0.159s
Time for coverage check:                 0.023s
  Time for BDD entailment checks:        0.015s
Total time for SMT solver (w/o itp):     0.202s

Number of BDD nodes:                               209
Size of BDD node table:                            466043
Size of BDD cache:                                 46619
Size of BDD node cleanup queue:                         335 (count: 8701, min: 0, max: 76, avg: 0.04)
Time for BDD node cleanup:                             0.005s
Time for BDD garbage collection:                       0.000s (in 0 runs)

PrecisionBootstrap statistics
-----------------------------
Init. function predicates:                         0
Init. global predicates:                           0
Init. location predicates:                         0

----------------------

AutomatonAnalysis (SVCOMP) statistics
-------------------------------------
Number of states:                                  1
Total time for successor computation:                  0.111s
Automaton transfers with branching:                0
Automaton transfer successors:                        34653 (count: 34653, min: 1, max: 1, avg: 1.00) [1 x 34653]

CPA algorithm statistics
------------------------
Number of iterations:            30792
Max size of waitlist:            43
Average size of waitlist:        23
Number of computed successors:   34653
Max successors for one state:    2
Number of times merged:          2270
Number of times stopped:         3691
Number of times abs stopped:     1421
Number of times nonAbs stopped:  0
Number of times doAbstraction node:  4528
Number of times breaked:         27

Total time for CPA algorithm:         5.756s (Max:     0.597s)
CPU time for CPA algorithm:          11.420s
  Time for choose from waitlist:      0.044s
  Time for precision adjustment:      2.329s
  Time for transfer relation:         2.398s
  Time for merge operator:            0.295s
  Time for stop operator:             0.139s
  Time for adding to reached set:     0.133s

Predicate-Abstraction Refiner statistics
----------------------------------------
Avg. length of target path (in blocks):                 384 (count: 27, min: 6, max: 18, avg: 14.22)
Number of infeasible sliced prefixes:                     0 (count: 0, min: 0, max: 0, avg: 0.00)

Time for refinement:                                   0.799s
  Counterexample analysis:                0.585s (Max:     0.049s, Calls: 27)
    Refinement sat check:                 0.163s
    Interpolant computation:              0.000s
  Error path post-processing:                          0.000s
  Path-formulas extraction:                            0.001s
  Building the counterexample trace:                   0.585s
  Extracting precise counterexample:                   0.000s
  Extracting infeasible sliced prefixes:               0.000s
  Selecting infeasible sliced prefixes:                0.000s
  Predicate creation:                                  0.017s
  Precision update:                                    0.008s
  ARG update:                                          0.158s

Length of refined path (in blocks):                     357 (count: 27, min: 5, max: 17, avg: 13.22)
Number of affected states:                              303 (count: 27, min: 3, max: 15, avg: 11.22)
Length (states) of path with itp 'true':                 27 (count: 27, min: 1, max: 1, avg: 1.00)
Length (states) of path with itp non-trivial itp:       303 (count: 27, min: 3, max: 15, avg: 11.22)
Length (states) of path with itp 'false':                27 (count: 27, min: 1, max: 1, avg: 1.00)
Different non-trivial interpolants along paths:           0 (count: 27, min: 0, max: 0, avg: 0.00)
Equal non-trivial interpolants along paths:             276 (count: 27, min: 2, max: 14, avg: 10.22)
Different precisions along paths:                         0 (count: 0, min: 0, max: 0, avg: 0.00)
Equal precisions along paths:                             0 (count: 0, min: 0, max: 0, avg: 0.00)
Number of refs with location-based cutoff:                0

CEGAR algorithm statistics
--------------------------
Number of refinements:                27
Lazy expansion status:                false
Expansion times:                      0
Total path lengths:                   14130
SP times:                             0
Number of added holes:                0
Number of successful refinements:     27
Number of failed refinements:         0
Max. size of reached set before ref.: 2076
Max. size of reached set after ref.:  413
Avg. size of reached set before ref.: 1516.85
Avg. size of reached set after ref.:  413.00

Total time for CEGAR algorithm:       6.616s
CPU time for CEGAR algorithm:        13.120s
Time for refinements:                 0.854s
CPU time for refinements:             1.690s
Average time for refinement:          0.031s
Max time for refinement:              0.074s
First time for refinement:             0.205s
Last time for refinement:              0.049s
Average time for analysis:          0.205s
Number of analysis:                28

Counterexample-Check Algorithm statistics
-----------------------------------------
Number of counterexample checks:    0

Code Coverage
-----------------------------
  Visited lines:          1911
  Total lines:            13
  Line coverage:          147.000

CPAchecker general statistics
-----------------------------
Number of program locations:     1144
Number of CFA edges:             1292
Number of relevant variables:    114
Number of functions:             50
Number of loops:                 5
Size of reached set:             1057
  Number of reached locations:   817 (71%)
    Avg states per location:     1
    Max states per location:     12 (at node N374)
  Number of reached functions:   13 (26%)
  Number of partitions:          1057
    Avg size of partitions:      1
    Max size of partitions:      1
  Number of target states:       0

Time for analysis setup:                   1.541s
  Time for loading CPAs:                   0.362s
  Time for impacted traverse:              0.003s
  Time for loading parser:        0.032s
  Time for CFA construction:      1.075s
    Time for parsing file(s):     0.338s
    Time for AST to CFA:          0.372s
    Time for CFA sanity check:    0.000s
    Time for post-processing:     0.236s
      Time for var class.:        0.000s
Time for Analysis:                         6.617s
CPU time for analysis:     13.130s

Time for Garbage Collector:       0.208s (in 10 runs)
Garbage Collector(s) used:    PS MarkSweep, PS Scavenge
Used heap memory:                378MB (   360 MiB) max;    106MB (   101 MiB) avg;    384MB (   366 MiB) peak
Used non-heap memory:             35MB (    34 MiB) max;     30MB (    29 MiB) avg;     38MB (    36 MiB) peak
Used in PS Old Gen pool:          22MB (    21 MiB) max;     15MB (    14 MiB) avg;     23MB (    22 MiB) peak
Allocated heap memory:           471MB (   449 MiB) max;    286MB (   273 MiB) avg
Allocated non-heap memory:        39MB (    37 MiB) max;     33MB (    31 MiB) avg
Total process virtual memory:  13242MB ( 12628 MiB) max;  13238MB ( 12625 MiB) avg

Verification result: TRUE. No property violation found by chosen configuration.
More details about the verification run can be found in the directory "/home/yqs17/blazer/cpachecker-inc-pred/output-ori-final/flat/drivers--i2c--algos--i2c-algo-pca.ko.015.c80ebe7.39_7a.cil_safe.i".
