scripts/cpa.sh -heap 10000M -predicateAnalysis-ABEl-debug -setprop cpa.predicate.refinement.performInitialStaticRefinement=false -disable-java-assertions -outputpath /home/yqs17/blazer/cpachecker-inc-pred/output-ori-final/flat/drivers--regulator--wm831x-dcdc.ko.035.d580cb5.08_1a.cil_safe.i -stats -spec /home/yqs17/blazer/cpachecker-inc-pred/LDVErrorLabel.spc -entryfunction ldv_main0_sequence_infinite_withcheck_stateful /home/yqs17/blazer/cpachecker-inc-pred/programs-flat/drivers--regulator--wm831x-dcdc.ko.035.d580cb5.08_1a.cil_safe.i


--------------------------------------------------------------------------------


Running CPAchecker with Java heap of size 10000M.
Running CPAchecker with the following extra VM options:  -Djava.io.tmpdir=/tmp/BenchExec_run_92azvhzz/tmp
PredicateCPA statistics
-----------------------
Read Precision Time:                0.000s
Precision file size:                0
Write Precision Time:               0.002s
Number of abstractions:            91973 (12% of all post computations)
  Times abstraction was reused:    0
  Because of function entry/exit:  86666 (94%)
  Because of loop head:            5307 (6%)
  Because of join nodes:           0 (0%)
  Because of threshold:            0 (0%)
  Times precision was empty:       5013 (5%)
  Times precision was {false}:     2581 (3%)
  Times result was cached:         80974 (88%)
  Times cartesian abs was used:    0 (0%)
  Times boolean abs was used:      3405 (4%)
  Times result was 'false':        1392 (2%)
Number of strengthen sat checks:   60
  Times result was 'false':        0 (0%)
Number of coverage checks:         177095
  BDD entailment checks:           77337
Number of SMT sat checks:          60
  trivial:                         60
  cached:                          0

Max ABE block size:                       42
Number of predicates discovered:          12
Number of abstraction locations:          0
Max number of predicates per location:    0
Avg number of predicates per location:    0
Total predicates per abstraction:         20209
Max number of predicates per abstraction: 11
Avg number of predicates per abstraction: 3.38
Number of irrelevant predicates:          12693 (63%)
Number of preds handled by boolean abs:   7516 (37%)
  Total number of models for allsat:      7990
  Max number of models for allsat:        25
  Avg number of models for allsat:        2.35

Number of path formula cache hits:   669870 (75%)

Time for post operator:                 26.976s
  Time for path formula creation:       13.805s
    Actual computation:                 11.160s
Time for strengthen operator:            0.561s
  Time for satisfiability checks:        0.000s
Time for prec operator:                 19.751s
  Time for abstraction:                 15.407s (Max:     0.122s, Count: 91973)
    Boolean abstraction:                 1.378s
    Solving time:                        0.960s (Max:     0.012s)
    Model enumeration time:              0.370s
    Time for BDD construction:           0.105s (Max:     0.004s)
Time for merge operator:                 2.936s
Time for coverage check:                 0.122s
  Time for BDD entailment checks:        0.098s
Total time for SMT solver (w/o itp):     1.330s

Number of BDD nodes:                               3430
Size of BDD node table:                            466043
Size of BDD cache:                                 46619
Size of BDD node cleanup queue:                        4193 (count: 113255, min: 0, max: 589, avg: 0.04)
Time for BDD node cleanup:                             0.014s
Time for BDD garbage collection:                       0.000s (in 0 runs)

PrecisionBootstrap statistics
-----------------------------
Init. function predicates:                         0
Init. global predicates:                           0
Init. location predicates:                         0

----------------------

AutomatonAnalysis (SVCOMP) statistics
-------------------------------------
Number of states:                                  1
Total time for successor computation:                  0.366s
Automaton transfers with branching:                0
Automaton transfer successors:                       796393 (count: 796393, min: 1, max: 1, avg: 1.00) [1 x 796393]

CPA algorithm statistics
------------------------
Number of iterations:            720367
Max size of waitlist:            97
Average size of waitlist:        54
Number of computed successors:   796393
Max successors for one state:    2
Number of times merged:          49879
Number of times stopped:         74512
Number of times abs stopped:     24633
Number of times nonAbs stopped:  0
Number of times doAbstraction node:  91973
Number of times breaked:         60

Total time for CPA algorithm:        61.816s (Max:     2.565s)
CPU time for CPA algorithm:         107.210s
  Time for choose from waitlist:      0.327s
  Time for precision adjustment:     20.814s
  Time for transfer relation:        32.338s
  Time for merge operator:            3.867s
  Time for stop operator:             0.981s
  Time for adding to reached set:     1.236s

Predicate-Abstraction Refiner statistics
----------------------------------------
Avg. length of target path (in blocks):                1231 (count: 60, min: 8, max: 34, avg: 20.52)
Number of infeasible sliced prefixes:                     0 (count: 0, min: 0, max: 0, avg: 0.00)

Time for refinement:                                   4.106s
  Counterexample analysis:                1.590s (Max:     0.111s, Calls: 60)
    Refinement sat check:                 0.391s
    Interpolant computation:              0.000s
  Error path post-processing:                          0.000s
  Path-formulas extraction:                            0.002s
  Building the counterexample trace:                   1.590s
  Extracting precise counterexample:                   0.000s
  Extracting infeasible sliced prefixes:               0.000s
  Selecting infeasible sliced prefixes:                0.000s
  Predicate creation:                                  0.011s
  Precision update:                                    0.015s
  ARG update:                                          2.426s

Length of refined path (in blocks):                     776 (count: 60, min: 4, max: 33, avg: 12.93)
Number of affected states:                              660 (count: 60, min: 1, max: 32, avg: 11.00)
Length (states) of path with itp 'true':                 56 (count: 60, min: 0, max: 16, avg: 0.93)
Length (states) of path with itp non-trivial itp:       660 (count: 60, min: 1, max: 32, avg: 11.00)
Length (states) of path with itp 'false':                60 (count: 60, min: 1, max: 1, avg: 1.00)
Different non-trivial interpolants along paths:           2 (count: 60, min: 0, max: 2, avg: 0.03)
Equal non-trivial interpolants along paths:             598 (count: 60, min: 0, max: 31, avg: 9.97)
Different precisions along paths:                         0 (count: 0, min: 0, max: 0, avg: 0.00)
Equal precisions along paths:                             0 (count: 0, min: 0, max: 0, avg: 0.00)
Number of refs with location-based cutoff:                0

CEGAR algorithm statistics
--------------------------
Number of refinements:                60
Lazy expansion status:                false
Expansion times:                      0
Total path lengths:                   43968
SP times:                             0
Number of added holes:                0
Number of successful refinements:     60
Number of failed refinements:         0
Max. size of reached set before ref.: 28147
Max. size of reached set after ref.:  4252
Avg. size of reached set before ref.: 12531.82
Avg. size of reached set after ref.:  816.32

Total time for CEGAR algorithm:      66.040s
CPU time for CEGAR algorithm:       115.160s
Time for refinements:                 4.220s
CPU time for refinements:             7.940s
Average time for refinement:          0.070s
Max time for refinement:              0.162s
First time for refinement:             1.013s
Last time for refinement:              0.768s
Average time for analysis:          1.013s
Number of analysis:                61

Counterexample-Check Algorithm statistics
-----------------------------------------
Number of counterexample checks:    0

Code Coverage
-----------------------------
  Visited lines:          3204
  Total lines:            5
  Line coverage:          640.800

CPAchecker general statistics
-----------------------------
Number of program locations:     1818
Number of CFA edges:             2082
Number of relevant variables:    281
Number of functions:             43
Number of loops:                 2
Size of reached set:             17560
  Number of reached locations:   1776 (98%)
    Avg states per location:     9
    Max states per location:     188 (at node N1381)
  Number of reached functions:   37 (86%)
  Number of partitions:          17502
    Avg size of partitions:      1
    Max size of partitions:      10 (with key [N1360 (before /work/ldvuser/novikov/work/current--X--drivers/regulator/wm831x-dcdc.ko--X--defaultlinux--X--08_1a--X--cpachecker/linux/csd_deg_dscv/12/dscv_tempdir/dscv/ri/08_1a/drivers/regulator/wm831x-dcdc.c.prepared, line 1652), Function ldv_main0_sequence_infinite_withcheck_stateful called from node N1117, stack depth 1 [78d39a69], stack [ldv_main0_sequence_infinite_withcheck_stateful], Init])
  Number of target states:       0

Time for analysis setup:                   1.976s
  Time for loading CPAs:                   0.370s
  Time for impacted traverse:              0.002s
  Time for loading parser:        0.034s
  Time for CFA construction:      1.495s
    Time for parsing file(s):     0.485s
    Time for AST to CFA:          0.471s
    Time for CFA sanity check:    0.000s
    Time for post-processing:     0.368s
      Time for var class.:        0.000s
Time for Analysis:                        66.059s
CPU time for analysis:    115.190s

Time for Garbage Collector:       3.037s (in 33 runs)
Garbage Collector(s) used:    PS MarkSweep, PS Scavenge
Used heap memory:               3516MB (  3353 MiB) max;    899MB (   857 MiB) avg;   3539MB (  3375 MiB) peak
Used non-heap memory:             45MB (    42 MiB) max;     39MB (    37 MiB) avg;     47MB (    45 MiB) peak
Used in PS Old Gen pool:         109MB (   104 MiB) max;     53MB (    51 MiB) avg;    109MB (   104 MiB) peak
Allocated heap memory:          3611MB (  3444 MiB) max;   1786MB (  1703 MiB) avg
Allocated non-heap memory:        47MB (    45 MiB) max;     43MB (    41 MiB) avg
Total process virtual memory:  13243MB ( 12630 MiB) max;  13240MB ( 12626 MiB) avg

Verification result: TRUE. No property violation found by chosen configuration.
More details about the verification run can be found in the directory "/home/yqs17/blazer/cpachecker-inc-pred/output-ori-final/flat/drivers--regulator--wm831x-dcdc.ko.035.d580cb5.08_1a.cil_safe.i".
