scripts/cpa.sh -heap 10000M -predicateAnalysis-ABEl-debug -setprop cpa.predicate.refinement.performInitialStaticRefinement=false -disable-java-assertions -outputpath /home/yqs17/blazer/cpachecker-inc-pred/output-ori-final/flat/drivers--scsi--pcmcia--sym53c500_cs.ko.031.8e2fc39.39_7a.cil_safe.i -stats -spec /home/yqs17/blazer/cpachecker-inc-pred/LDVErrorLabel.spc -entryfunction ldv_main0_sequence_infinite_withcheck_stateful /home/yqs17/blazer/cpachecker-inc-pred/programs-flat/drivers--scsi--pcmcia--sym53c500_cs.ko.031.8e2fc39.39_7a.cil_safe.i


--------------------------------------------------------------------------------


Running CPAchecker with Java heap of size 10000M.
Running CPAchecker with the following extra VM options:  -Djava.io.tmpdir=/tmp/BenchExec_run__j7hwv03/tmp
PredicateCPA statistics
-----------------------
Read Precision Time:                0.000s
Precision file size:                0
Write Precision Time:               0.004s
Number of abstractions:            227755 (25% of all post computations)
  Times abstraction was reused:    0
  Because of function entry/exit:  215045 (94%)
  Because of loop head:            12710 (6%)
  Because of join nodes:           0 (0%)
  Because of threshold:            0 (0%)
  Times precision was empty:       632 (0%)
  Times precision was {false}:     287 (0%)
  Times result was cached:         218904 (96%)
  Times cartesian abs was used:    0 (0%)
  Times boolean abs was used:      7932 (3%)
  Times result was 'false':        7165 (3%)
Number of strengthen sat checks:   142
  Times result was 'false':        0 (0%)
Number of coverage checks:         93297
  BDD entailment checks:           30947
Number of SMT sat checks:          142
  trivial:                         142
  cached:                          0

Max ABE block size:                       35
Number of predicates discovered:          14
Number of abstraction locations:          0
Max number of predicates per location:    0
Avg number of predicates per location:    0
Total predicates per abstraction:         60469
Max number of predicates per abstraction: 12
Avg number of predicates per abstraction: 7.36
Number of irrelevant predicates:          20606 (34%)
Number of preds handled by boolean abs:   39863 (66%)
  Total number of models for allsat:      8180
  Max number of models for allsat:        3
  Avg number of models for allsat:        1.03

Number of path formula cache hits:   1122625 (98%)

Time for post operator:                 29.351s
  Time for path formula creation:        3.448s
    Actual computation:                  1.593s
Time for strengthen operator:            0.579s
  Time for satisfiability checks:        0.001s
Time for prec operator:                 34.264s
  Time for abstraction:                 30.225s (Max:     0.043s, Count: 227755)
    Boolean abstraction:                 2.557s
    Solving time:                        0.845s (Max:     0.011s)
    Model enumeration time:              0.099s
    Time for BDD construction:           0.112s (Max:     0.004s)
Time for merge operator:                 0.387s
Time for coverage check:                 0.057s
  Time for BDD entailment checks:        0.040s
Total time for SMT solver (w/o itp):     0.944s

Number of BDD nodes:                               1536
Size of BDD node table:                            466043
Size of BDD cache:                                 46619
Size of BDD node cleanup queue:                        9266 (count: 74450, min: 0, max: 507, avg: 0.12)
Time for BDD node cleanup:                             0.013s
Time for BDD garbage collection:                       0.000s (in 0 runs)

PrecisionBootstrap statistics
-----------------------------
Init. function predicates:                         0
Init. global predicates:                           0
Init. location predicates:                         0

----------------------

AutomatonAnalysis (SVCOMP) statistics
-------------------------------------
Number of states:                                  1
Total time for successor computation:                  0.385s
Automaton transfers with branching:                0
Automaton transfer successors:                       898605 (count: 898605, min: 1, max: 1, avg: 1.00) [1 x 898605]

CPA algorithm statistics
------------------------
Number of iterations:            840412
Max size of waitlist:            47
Average size of waitlist:        25
Number of computed successors:   898605
Max successors for one state:    2
Number of times merged:          31175
Number of times stopped:         50265
Number of times abs stopped:     19090
Number of times nonAbs stopped:  0
Number of times doAbstraction node:  227755
Number of times breaked:         142

Total time for CPA algorithm:        77.706s (Max:     1.033s)
CPU time for CPA algorithm:         111.600s
  Time for choose from waitlist:      0.298s
  Time for precision adjustment:     35.205s
  Time for transfer relation:        36.844s
  Time for merge operator:            0.930s
  Time for stop operator:             0.897s
  Time for adding to reached set:     1.307s

Predicate-Abstraction Refiner statistics
----------------------------------------
Avg. length of target path (in blocks):                6086 (count: 142, min: 10, max: 86, avg: 42.86)
Number of infeasible sliced prefixes:                     0 (count: 0, min: 0, max: 0, avg: 0.00)

Time for refinement:                                   5.548s
  Counterexample analysis:                3.180s (Max:     0.128s, Calls: 142)
    Refinement sat check:                 0.468s
    Interpolant computation:              0.000s
  Error path post-processing:                          0.000s
  Path-formulas extraction:                            0.011s
  Building the counterexample trace:                   3.181s
  Extracting precise counterexample:                   0.000s
  Extracting infeasible sliced prefixes:               0.000s
  Selecting infeasible sliced prefixes:                0.000s
  Predicate creation:                                  0.032s
  Precision update:                                    0.034s
  ARG update:                                          2.174s

Length of refined path (in blocks):                    5868 (count: 142, min: 6, max: 80, avg: 41.32)
Number of affected states:                             5449 (count: 142, min: 2, max: 78, avg: 38.37)
Length (states) of path with itp 'true':                277 (count: 142, min: 0, max: 48, avg: 1.95)
Length (states) of path with itp non-trivial itp:      5449 (count: 142, min: 2, max: 78, avg: 38.37)
Length (states) of path with itp 'false':               142 (count: 142, min: 1, max: 1, avg: 1.00)
Different non-trivial interpolants along paths:           1 (count: 142, min: 0, max: 1, avg: 0.01)
Equal non-trivial interpolants along paths:            5306 (count: 142, min: 0, max: 77, avg: 37.37)
Different precisions along paths:                         0 (count: 0, min: 0, max: 0, avg: 0.00)
Equal precisions along paths:                             0 (count: 0, min: 0, max: 0, avg: 0.00)
Number of refs with location-based cutoff:                0

CEGAR algorithm statistics
--------------------------
Number of refinements:                142
Lazy expansion status:                false
Expansion times:                      0
Total path lengths:                   140617
SP times:                             0
Number of added holes:                0
Number of successful refinements:     142
Number of failed refinements:         0
Max. size of reached set before ref.: 9510
Max. size of reached set after ref.:  3760
Avg. size of reached set before ref.: 6763.68
Avg. size of reached set after ref.:  876.99

Total time for CEGAR algorithm:      83.489s
CPU time for CEGAR algorithm:       121.490s
Time for refinements:                 5.773s
CPU time for refinements:             9.890s
Average time for refinement:          0.040s
Max time for refinement:              0.145s
First time for refinement:             0.543s
Last time for refinement:              0.369s
Average time for analysis:          0.543s
Number of analysis:                143

Counterexample-Check Algorithm statistics
-----------------------------------------
Number of counterexample checks:    0

Code Coverage
-----------------------------
  Visited lines:          4100
  Total lines:            10
  Line coverage:          410.000

CPAchecker general statistics
-----------------------------
Number of program locations:     2307
Number of CFA edges:             2694
Number of relevant variables:    246
Number of functions:             125
Number of loops:                 8
Size of reached set:             5267
  Number of reached locations:   1570 (68%)
    Avg states per location:     3
    Max states per location:     315 (at node N22)
  Number of reached functions:   39 (31%)
  Number of partitions:          5263
    Avg size of partitions:      1
    Max size of partitions:      3 (with key [N858 (before /work/ldvuser/novikov/work/current--X--drivers/scsi/pcmcia/sym53c500_cs.ko--X--defaultlinux--X--39_7a--X--cpachecker/linux/csd_deg_dscv/11/dscv_tempdir/dscv/ri/39_7a/drivers/scsi/pcmcia/sym53c500_cs.c.prepared, line 2046), Function ldv_main0_sequence_infinite_withcheck_stateful called from node N757, stack depth 1 [c68a5f8], stack [ldv_main0_sequence_infinite_withcheck_stateful], Init])
  Number of target states:       0

Time for analysis setup:                   2.051s
  Time for loading CPAs:                   0.378s
  Time for impacted traverse:              0.002s
  Time for loading parser:        0.026s
  Time for CFA construction:      1.572s
    Time for parsing file(s):     0.432s
    Time for AST to CFA:          0.569s
    Time for CFA sanity check:    0.000s
    Time for post-processing:     0.382s
      Time for var class.:        0.000s
Time for Analysis:                        83.494s
CPU time for analysis:    121.490s

Time for Garbage Collector:       1.047s (in 46 runs)
Garbage Collector(s) used:    PS MarkSweep, PS Scavenge
Used heap memory:               3505MB (  3343 MiB) max;   1099MB (  1048 MiB) avg;   3514MB (  3351 MiB) peak
Used non-heap memory:             42MB (    40 MiB) max;     40MB (    38 MiB) avg;     44MB (    42 MiB) peak
Used in PS Old Gen pool:          34MB (    32 MiB) max;     29MB (    28 MiB) avg;     34MB (    32 MiB) peak
Allocated heap memory:          3576MB (  3411 MiB) max;   2202MB (  2100 MiB) avg
Allocated non-heap memory:        46MB (    43 MiB) max;     43MB (    41 MiB) avg
Total process virtual memory:  13243MB ( 12629 MiB) max;  13240MB ( 12626 MiB) avg

Verification result: TRUE. No property violation found by chosen configuration.
More details about the verification run can be found in the directory "/home/yqs17/blazer/cpachecker-inc-pred/output-ori-final/flat/drivers--scsi--pcmcia--sym53c500_cs.ko.031.8e2fc39.39_7a.cil_safe.i".
