scripts/cpa.sh -heap 10000M -predicateAnalysis-ABEl-debug -setprop cpa.predicate.refinement.performInitialStaticRefinement=false -disable-java-assertions -outputpath /home/yqs17/blazer/cpachecker-inc-pred/output-ori-final/flat/drivers--target--loopback--tcm_loop.ko.014.824cc5f.39_7a.cil_safe.i -stats -spec /home/yqs17/blazer/cpachecker-inc-pred/LDVErrorLabel.spc -entryfunction ldv_main0_sequence_infinite_withcheck_stateful /home/yqs17/blazer/cpachecker-inc-pred/programs-flat/drivers--target--loopback--tcm_loop.ko.014.824cc5f.39_7a.cil_safe.i


--------------------------------------------------------------------------------


Running CPAchecker with Java heap of size 10000M.
Running CPAchecker with the following extra VM options:  -Djava.io.tmpdir=/tmp/BenchExec_run_nypd8ujd/tmp
PredicateCPA statistics
-----------------------
Read Precision Time:                0.000s
Precision file size:                0
Write Precision Time:               0.004s
Number of abstractions:            135366 (17% of all post computations)
  Times abstraction was reused:    0
  Because of function entry/exit:  127376 (94%)
  Because of loop head:            7990 (6%)
  Because of join nodes:           0 (0%)
  Because of threshold:            0 (0%)
  Times precision was empty:       25820 (19%)
  Times precision was {false}:     758 (1%)
  Times result was cached:         100509 (74%)
  Times cartesian abs was used:    0 (0%)
  Times boolean abs was used:      8279 (6%)
  Times result was 'false':        5320 (4%)
Number of strengthen sat checks:   281
  Times result was 'false':        0 (0%)
Number of coverage checks:         131493
  BDD entailment checks:           59649
Number of SMT sat checks:          281
  trivial:                         281
  cached:                          0

Max ABE block size:                       43
Number of predicates discovered:          19
Number of abstraction locations:          0
Max number of predicates per location:    0
Avg number of predicates per location:    0
Total predicates per abstraction:         108136
Max number of predicates per abstraction: 18
Avg number of predicates per abstraction: 11.97
Number of irrelevant predicates:          48391 (45%)
Number of preds handled by boolean abs:   59745 (55%)
  Total number of models for allsat:      8625
  Max number of models for allsat:        3
  Avg number of models for allsat:        1.04

Number of path formula cache hits:   909082 (95%)

Time for post operator:                 35.441s
  Time for path formula creation:        5.104s
    Actual computation:                  2.554s
Time for strengthen operator:            0.485s
  Time for satisfiability checks:        0.000s
Time for prec operator:                 32.862s
  Time for abstraction:                 28.761s (Max:     0.041s, Count: 135366)
    Boolean abstraction:                 4.036s
    Solving time:                        1.082s (Max:     0.010s)
    Model enumeration time:              0.080s
    Time for BDD construction:           0.154s (Max:     0.006s)
Time for merge operator:                 0.487s
Time for coverage check:                 0.078s
  Time for BDD entailment checks:        0.062s
Total time for SMT solver (w/o itp):     1.162s

Number of BDD nodes:                               2934
Size of BDD node table:                            466043
Size of BDD cache:                                 46619
Size of BDD node cleanup queue:                       11006 (count: 134988, min: 0, max: 2317, avg: 0.08)
Time for BDD node cleanup:                             0.011s
Time for BDD garbage collection:                       0.000s (in 0 runs)

PrecisionBootstrap statistics
-----------------------------
Init. function predicates:                         0
Init. global predicates:                           0
Init. location predicates:                         0

----------------------

AutomatonAnalysis (SVCOMP) statistics
-------------------------------------
Number of states:                                  1
Total time for successor computation:                  0.427s
Automaton transfers with branching:                0
Automaton transfer successors:                       797067 (count: 797067, min: 1, max: 1, avg: 1.00) [1 x 797067]

CPA algorithm statistics
------------------------
Number of iterations:            723425
Max size of waitlist:            51
Average size of waitlist:        21
Number of computed successors:   797067
Max successors for one state:    2
Number of times merged:          35922
Number of times stopped:         67243
Number of times abs stopped:     31321
Number of times nonAbs stopped:  0
Number of times doAbstraction node:  135366
Number of times breaked:         281

Total time for CPA algorithm:        80.368s (Max:     1.078s)
CPU time for CPA algorithm:         124.800s
  Time for choose from waitlist:      0.299s
  Time for precision adjustment:     33.907s
  Time for transfer relation:        40.673s
  Time for merge operator:            1.176s
  Time for stop operator:             0.926s
  Time for adding to reached set:     1.242s

Predicate-Abstraction Refiner statistics
----------------------------------------
Avg. length of target path (in blocks):               11399 (count: 281, min: 28, max: 58, avg: 40.57)
Number of infeasible sliced prefixes:                     0 (count: 0, min: 0, max: 0, avg: 0.00)

Time for refinement:                                   9.709s
  Counterexample analysis:                7.506s (Max:     0.205s, Calls: 281)
    Refinement sat check:                 1.135s
    Interpolant computation:              0.000s
  Error path post-processing:                          0.000s
  Path-formulas extraction:                            0.006s
  Building the counterexample trace:                   7.508s
  Extracting precise counterexample:                   0.000s
  Extracting infeasible sliced prefixes:               0.000s
  Selecting infeasible sliced prefixes:                0.000s
  Predicate creation:                                  0.042s
  Precision update:                                    0.066s
  ARG update:                                          1.822s

Length of refined path (in blocks):                   10910 (count: 281, min: 20, max: 54, avg: 38.83)
Number of affected states:                            10352 (count: 281, min: 3, max: 52, avg: 36.84)
Length (states) of path with itp 'true':                277 (count: 281, min: 0, max: 17, avg: 0.99)
Length (states) of path with itp non-trivial itp:     10352 (count: 281, min: 3, max: 52, avg: 36.84)
Length (states) of path with itp 'false':               281 (count: 281, min: 1, max: 1, avg: 1.00)
Different non-trivial interpolants along paths:           3 (count: 281, min: 0, max: 2, avg: 0.01)
Equal non-trivial interpolants along paths:           10068 (count: 281, min: 1, max: 51, avg: 35.83)
Different precisions along paths:                         0 (count: 0, min: 0, max: 0, avg: 0.00)
Equal precisions along paths:                             0 (count: 0, min: 0, max: 0, avg: 0.00)
Number of refs with location-based cutoff:                0

CEGAR algorithm statistics
--------------------------
Number of refinements:                281
Lazy expansion status:                false
Expansion times:                      0
Total path lengths:                   428339
SP times:                             0
Number of added holes:                0
Number of successful refinements:     281
Number of failed refinements:         0
Max. size of reached set before ref.: 7282
Max. size of reached set after ref.:  2906
Avg. size of reached set before ref.: 3844.84
Avg. size of reached set after ref.:  1281.66

Total time for CEGAR algorithm:      90.604s
CPU time for CEGAR algorithm:       142.060s
Time for refinements:                10.220s
CPU time for refinements:            17.250s
Average time for refinement:          0.036s
Max time for refinement:              0.242s
First time for refinement:             0.285s
Last time for refinement:              0.478s
Average time for analysis:          0.285s
Number of analysis:                282

Counterexample-Check Algorithm statistics
-----------------------------------------
Number of counterexample checks:    0

Code Coverage
-----------------------------
  Visited lines:          6459
  Total lines:            4
  Line coverage:          1614.750

CPAchecker general statistics
-----------------------------
Number of program locations:     3709
Number of CFA edges:             4133
Number of relevant variables:    422
Number of functions:             200
Number of loops:                 2
Size of reached set:             4252
  Number of reached locations:   2043 (55%)
    Avg states per location:     2
    Max states per location:     40 (at node N340)
  Number of reached functions:   47 (24%)
  Number of partitions:          4241
    Avg size of partitions:      1
    Max size of partitions:      4 (with key [N1556 (before /work/ldvuser/novikov/work/current--X--drivers/target/loopback/tcm_loop.ko--X--defaultlinux--X--39_7a--X--cpachecker/linux/csd_deg_dscv/11/dscv_tempdir/dscv/ri/39_7a/drivers/target/loopback/tcm_loop.c.prepared, line 1793), Function ldv_main0_sequence_infinite_withcheck_stateful called from node N1459, stack depth 1 [5eed2d86], stack [ldv_main0_sequence_infinite_withcheck_stateful], Init])
  Number of target states:       0

Time for analysis setup:                   2.523s
  Time for loading CPAs:                   0.412s
  Time for impacted traverse:              0.002s
  Time for loading parser:        0.024s
  Time for CFA construction:      2.014s
    Time for parsing file(s):     0.554s
    Time for AST to CFA:          0.718s
    Time for CFA sanity check:    0.000s
    Time for post-processing:     0.507s
      Time for var class.:        0.000s
Time for Analysis:                        90.609s
CPU time for analysis:    142.070s

Time for Garbage Collector:       1.210s (in 67 runs)
Garbage Collector(s) used:    PS MarkSweep, PS Scavenge
Used heap memory:               2573MB (  2454 MiB) max;    728MB (   694 MiB) avg;   2576MB (  2456 MiB) peak
Used non-heap memory:             45MB (    43 MiB) max;     40MB (    38 MiB) avg;     47MB (    45 MiB) peak
Used in PS Old Gen pool:          41MB (    39 MiB) max;     29MB (    28 MiB) avg;     41MB (    39 MiB) peak
Allocated heap memory:          2813MB (  2683 MiB) max;   1482MB (  1414 MiB) avg
Allocated non-heap memory:        48MB (    46 MiB) max;     44MB (    41 MiB) avg
Total process virtual memory:  13243MB ( 12629 MiB) max;  13240MB ( 12626 MiB) avg

Verification result: TRUE. No property violation found by chosen configuration.
More details about the verification run can be found in the directory "/home/yqs17/blazer/cpachecker-inc-pred/output-ori-final/flat/drivers--target--loopback--tcm_loop.ko.014.824cc5f.39_7a.cil_safe.i".
