scripts/cpa.sh -heap 10000M -predicateAnalysis-ABEl-debug -setprop cpa.predicate.refinement.performInitialStaticRefinement=false -disable-java-assertions -outputpath /home/yqs17/blazer/cpachecker-inc-pred/output-ori-final/flat/drivers--net--wireless--wl12xx--wl12xx_sdio.ko.004.a620865.08_1a.cil_safe.i -stats -spec /home/yqs17/blazer/cpachecker-inc-pred/LDVErrorLabel.spc -entryfunction ldv_main0_sequence_infinite_withcheck_stateful /home/yqs17/blazer/cpachecker-inc-pred/programs-flat/drivers--net--wireless--wl12xx--wl12xx_sdio.ko.004.a620865.08_1a.cil_safe.i


--------------------------------------------------------------------------------


Running CPAchecker with Java heap of size 10000M.
Running CPAchecker with the following extra VM options:  -Djava.io.tmpdir=/tmp/BenchExec_run_75jky3bv/tmp
PredicateCPA statistics
-----------------------
Read Precision Time:                0.000s
Precision file size:                0
Write Precision Time:               0.005s
Number of abstractions:            8205 (17% of all post computations)
  Times abstraction was reused:    0
  Because of function entry/exit:  7574 (92%)
  Because of loop head:            631 (8%)
  Because of join nodes:           0 (0%)
  Because of threshold:            0 (0%)
  Times precision was empty:       1932 (24%)
  Times precision was {false}:     366 (4%)
  Times result was cached:         5361 (65%)
  Times cartesian abs was used:    0 (0%)
  Times boolean abs was used:      546 (7%)
  Times result was 'false':        121 (1%)
Number of strengthen sat checks:   20
  Times result was 'false':        0 (0%)
Number of coverage checks:         8295
  BDD entailment checks:           3643
Number of SMT sat checks:          20
  trivial:                         20
  cached:                          0

Max ABE block size:                       27
Number of predicates discovered:          6
Number of abstraction locations:          0
Max number of predicates per location:    0
Avg number of predicates per location:    0
Total predicates per abstraction:         1704
Max number of predicates per abstraction: 5
Avg number of predicates per abstraction: 1.87
Number of irrelevant predicates:          873 (51%)
Number of preds handled by boolean abs:   831 (49%)
  Total number of models for allsat:      618
  Max number of models for allsat:        3
  Avg number of models for allsat:        1.13

Number of path formula cache hits:   42357 (75%)

Time for post operator:                  2.291s
  Time for path formula creation:        1.365s
    Actual computation:                  1.191s
Time for strengthen operator:            0.055s
  Time for satisfiability checks:        0.000s
Time for prec operator:                  2.422s
  Time for abstraction:                  2.000s (Max:     0.136s, Count: 8205)
    Boolean abstraction:                 0.312s
    Solving time:                        0.234s (Max:     0.028s)
    Model enumeration time:              0.039s
    Time for BDD construction:           0.024s (Max:     0.001s)
Time for merge operator:                 0.222s
Time for coverage check:                 0.019s
  Time for BDD entailment checks:        0.016s
Total time for SMT solver (w/o itp):     0.273s

Number of BDD nodes:                               323
Size of BDD node table:                            466043
Size of BDD cache:                                 46619
Size of BDD node cleanup queue:                         611 (count: 14166, min: 0, max: 285, avg: 0.04)
Time for BDD node cleanup:                             0.007s
Time for BDD garbage collection:                       0.000s (in 0 runs)

PrecisionBootstrap statistics
-----------------------------
Init. function predicates:                         0
Init. global predicates:                           0
Init. location predicates:                         0

----------------------

AutomatonAnalysis (SVCOMP) statistics
-------------------------------------
Number of states:                                  1
Total time for successor computation:                  0.148s
Automaton transfers with branching:                0
Automaton transfer successors:                        48688 (count: 48688, min: 1, max: 1, avg: 1.00) [1 x 48688]

CPA algorithm statistics
------------------------
Number of iterations:            44332
Max size of waitlist:            48
Average size of waitlist:        24
Number of computed successors:   48688
Max successors for one state:    2
Number of times merged:          2326
Number of times stopped:         4190
Number of times abs stopped:     1864
Number of times nonAbs stopped:  0
Number of times doAbstraction node:  8205
Number of times breaked:         20

Total time for CPA algorithm:         7.115s (Max:     0.857s)
CPU time for CPA algorithm:          14.090s
  Time for choose from waitlist:      0.053s
  Time for precision adjustment:      2.593s
  Time for transfer relation:         3.260s
  Time for merge operator:            0.334s
  Time for stop operator:             0.151s
  Time for adding to reached set:     0.172s

Predicate-Abstraction Refiner statistics
----------------------------------------
Avg. length of target path (in blocks):                 355 (count: 20, min: 8, max: 39, avg: 17.75)
Number of infeasible sliced prefixes:                     0 (count: 0, min: 0, max: 0, avg: 0.00)

Time for refinement:                                   0.780s
  Counterexample analysis:                0.527s (Max:     0.122s, Calls: 20)
    Refinement sat check:                 0.128s
    Interpolant computation:              0.000s
  Error path post-processing:                          0.000s
  Path-formulas extraction:                            0.000s
  Building the counterexample trace:                   0.529s
  Extracting precise counterexample:                   0.000s
  Extracting infeasible sliced prefixes:               0.000s
  Selecting infeasible sliced prefixes:                0.000s
  Predicate creation:                                  0.009s
  Precision update:                                    0.007s
  ARG update:                                          0.205s

Length of refined path (in blocks):                     309 (count: 20, min: 4, max: 38, avg: 15.45)
Number of affected states:                              264 (count: 20, min: 1, max: 37, avg: 13.20)
Length (states) of path with itp 'true':                 25 (count: 20, min: 0, max: 25, avg: 1.25)
Length (states) of path with itp non-trivial itp:       264 (count: 20, min: 1, max: 37, avg: 13.20)
Length (states) of path with itp 'false':                20 (count: 20, min: 1, max: 1, avg: 1.00)
Different non-trivial interpolants along paths:           2 (count: 20, min: 0, max: 2, avg: 0.10)
Equal non-trivial interpolants along paths:             242 (count: 20, min: 0, max: 36, avg: 12.10)
Different precisions along paths:                         0 (count: 0, min: 0, max: 0, avg: 0.00)
Equal precisions along paths:                             0 (count: 0, min: 0, max: 0, avg: 0.00)
Number of refs with location-based cutoff:                0

CEGAR algorithm statistics
--------------------------
Number of refinements:                20
Lazy expansion status:                false
Expansion times:                      0
Total path lengths:                   19980
SP times:                             0
Number of added holes:                0
Number of successful refinements:     20
Number of failed refinements:         0
Max. size of reached set before ref.: 4882
Max. size of reached set after ref.:  2146
Avg. size of reached set before ref.: 3029.05
Avg. size of reached set after ref.:  970.85

Total time for CEGAR algorithm:       7.961s
CPU time for CEGAR algorithm:        15.780s
Time for refinements:                 0.841s
CPU time for refinements:             1.690s
Average time for refinement:          0.042s
Max time for refinement:              0.132s
First time for refinement:             0.338s
Last time for refinement:              0.208s
Average time for analysis:          0.338s
Number of analysis:                21

Counterexample-Check Algorithm statistics
-----------------------------------------
Number of counterexample checks:    0

Code Coverage
-----------------------------
  Visited lines:          5022
  Total lines:            4
  Line coverage:          1255.500

CPAchecker general statistics
-----------------------------
Number of program locations:     1463
Number of CFA edges:             1582
Number of relevant variables:    133
Number of functions:             40
Number of loops:                 2
Size of reached set:             3214
  Number of reached locations:   1421 (97%)
    Avg states per location:     2
    Max states per location:     40 (at node N625)
  Number of reached functions:   34 (85%)
  Number of partitions:          3207
    Avg size of partitions:      1
    Max size of partitions:      4 (with key [N607 (before /work/ldvuser/novikov/work/current--X--drivers/net/wireless/wl12xx/wl12xx_sdio.ko--X--defaultlinux--X--08_1a--X--cpachecker/linux/csd_deg_dscv/26/dscv_tempdir/dscv/ri/08_1a/drivers/net/wireless/wl12xx/sdio.c.prepared, line 596), Function ldv_main0_sequence_infinite_withcheck_stateful called from node N485, stack depth 1 [2ca47471], stack [ldv_main0_sequence_infinite_withcheck_stateful], Init])
  Number of target states:       0

Time for analysis setup:                   1.857s
  Time for loading CPAs:                   0.382s
  Time for impacted traverse:              0.002s
  Time for loading parser:        0.036s
  Time for CFA construction:      1.361s
    Time for parsing file(s):     0.421s
    Time for AST to CFA:          0.494s
    Time for CFA sanity check:    0.000s
    Time for post-processing:     0.288s
      Time for var class.:        0.000s
Time for Analysis:                         7.965s
CPU time for analysis:     15.790s

Time for Garbage Collector:       0.307s (in 11 runs)
Garbage Collector(s) used:    PS MarkSweep, PS Scavenge
Used heap memory:                408MB (   389 MiB) max;    126MB (   120 MiB) avg;    419MB (   399 MiB) peak
Used non-heap memory:             36MB (    35 MiB) max;     31MB (    29 MiB) avg;     39MB (    37 MiB) peak
Used in PS Old Gen pool:          27MB (    26 MiB) max;     20MB (    19 MiB) avg;     28MB (    26 MiB) peak
Allocated heap memory:           618MB (   589 MiB) max;    322MB (   307 MiB) avg
Allocated non-heap memory:        39MB (    37 MiB) max;     33MB (    31 MiB) avg
Total process virtual memory:  13244MB ( 12631 MiB) max;  13238MB ( 12625 MiB) avg

Verification result: TRUE. No property violation found by chosen configuration.
More details about the verification run can be found in the directory "/home/yqs17/blazer/cpachecker-inc-pred/output-ori-final/flat/drivers--net--wireless--wl12xx--wl12xx_sdio.ko.004.a620865.08_1a.cil_safe.i".
