scripts/cpa.sh -heap 10000M -predicateAnalysis-ABEl-debug -setprop cpa.predicate.refinement.performInitialStaticRefinement=false -disable-java-assertions -outputpath /home/yqs17/blazer/cpachecker-inc-pred/output-ori-final/flat/drivers--usb--serial--ssu100.ko.020.bb7a9c4.39_7a.cil_safe.i -stats -spec /home/yqs17/blazer/cpachecker-inc-pred/LDVErrorLabel.spc -entryfunction ldv_main0_sequence_infinite_withcheck_stateful /home/yqs17/blazer/cpachecker-inc-pred/programs-flat/drivers--usb--serial--ssu100.ko.020.bb7a9c4.39_7a.cil_safe.i


--------------------------------------------------------------------------------


Running CPAchecker with Java heap of size 10000M.
Running CPAchecker with the following extra VM options:  -Djava.io.tmpdir=/tmp/BenchExec_run_u1z1rzle/tmp
PredicateCPA statistics
-----------------------
Read Precision Time:                0.000s
Precision file size:                0
Write Precision Time:               0.007s
Number of abstractions:            207341 (18% of all post computations)
  Times abstraction was reused:    0
  Because of function entry/exit:  196852 (95%)
  Because of loop head:            10489 (5%)
  Because of join nodes:           0 (0%)
  Because of threshold:            0 (0%)
  Times precision was empty:       864 (0%)
  Times precision was {false}:     662 (0%)
  Times result was cached:         185945 (90%)
  Times cartesian abs was used:    0 (0%)
  Times boolean abs was used:      19870 (10%)
  Times result was 'false':        10284 (5%)
Number of strengthen sat checks:   146
  Times result was 'false':        0 (0%)
Number of coverage checks:         220081
  BDD entailment checks:           55477
Number of SMT sat checks:          146
  trivial:                         146
  cached:                          0

Max ABE block size:                       34
Number of predicates discovered:          24
Number of abstraction locations:          0
Max number of predicates per location:    0
Avg number of predicates per location:    0
Total predicates per abstraction:         166276
Max number of predicates per abstraction: 18
Avg number of predicates per abstraction: 8.10
Number of irrelevant predicates:          49297 (30%)
Number of preds handled by boolean abs:   116979 (70%)
  Total number of models for allsat:      27880
  Max number of models for allsat:        64
  Avg number of models for allsat:        1.40

Number of path formula cache hits:   1336460 (94%)

Time for post operator:                 39.584s
  Time for path formula creation:        6.861s
    Actual computation:                  4.982s
Time for strengthen operator:            0.696s
  Time for satisfiability checks:        0.002s
Time for prec operator:                 42.741s
  Time for abstraction:                 37.345s (Max:     0.079s, Count: 207341)
    Boolean abstraction:                 6.828s
    Solving time:                        1.689s (Max:     0.013s)
    Model enumeration time:              0.573s
    Time for BDD construction:           0.270s (Max:     0.004s)
Time for merge operator:                 1.426s
Time for coverage check:                 0.080s
  Time for BDD entailment checks:        0.051s
Total time for SMT solver (w/o itp):     2.262s

Number of BDD nodes:                               28251
Size of BDD node table:                            466043
Size of BDD cache:                                 46619
Size of BDD node cleanup queue:                       30083 (count: 152894, min: 0, max: 4527, avg: 0.20)
Time for BDD node cleanup:                             0.028s
Time for BDD garbage collection:                       0.000s (in 0 runs)

PrecisionBootstrap statistics
-----------------------------
Init. function predicates:                         0
Init. global predicates:                           0
Init. location predicates:                         0

----------------------

AutomatonAnalysis (SVCOMP) statistics
-------------------------------------
Number of states:                                  1
Total time for successor computation:                  0.454s
Automaton transfers with branching:                0
Automaton transfer successors:                      1162478 (count: 1162478, min: 1, max: 1, avg: 1.00) [1 x 1162478]

CPA algorithm statistics
------------------------
Number of iterations:            1038005
Max size of waitlist:            47
Average size of waitlist:        23
Number of computed successors:   1162478
Max successors for one state:    2
Number of times merged:          82302
Number of times stopped:         112736
Number of times abs stopped:     30434
Number of times nonAbs stopped:  0
Number of times doAbstraction node:  207341
Number of times breaked:         146

Total time for CPA algorithm:        98.658s (Max:     3.340s)
CPU time for CPA algorithm:         141.780s
  Time for choose from waitlist:      0.302s
  Time for precision adjustment:     44.123s
  Time for transfer relation:        46.380s
  Time for merge operator:            2.538s
  Time for stop operator:             1.189s
  Time for adding to reached set:     1.562s

Predicate-Abstraction Refiner statistics
----------------------------------------
Avg. length of target path (in blocks):                3988 (count: 146, min: 6, max: 86, avg: 27.32)
Number of infeasible sliced prefixes:                     0 (count: 0, min: 0, max: 0, avg: 0.00)

Time for refinement:                                   5.786s
  Counterexample analysis:                3.004s (Max:     0.192s, Calls: 146)
    Refinement sat check:                 0.503s
    Interpolant computation:              0.000s
  Error path post-processing:                          0.000s
  Path-formulas extraction:                            0.002s
  Building the counterexample trace:                   3.005s
  Extracting precise counterexample:                   0.000s
  Extracting infeasible sliced prefixes:               0.000s
  Selecting infeasible sliced prefixes:                0.000s
  Predicate creation:                                  0.030s
  Precision update:                                    0.031s
  ARG update:                                          2.623s

Length of refined path (in blocks):                    3481 (count: 146, min: 4, max: 74, avg: 23.84)
Number of affected states:                             3052 (count: 146, min: 3, max: 73, avg: 20.90)
Length (states) of path with itp 'true':                283 (count: 146, min: 0, max: 32, avg: 1.94)
Length (states) of path with itp non-trivial itp:      3052 (count: 146, min: 3, max: 73, avg: 20.90)
Length (states) of path with itp 'false':               146 (count: 146, min: 1, max: 1, avg: 1.00)
Different non-trivial interpolants along paths:          35 (count: 146, min: 0, max: 2, avg: 0.24)
Equal non-trivial interpolants along paths:            2871 (count: 146, min: 1, max: 70, avg: 19.66)
Different precisions along paths:                         0 (count: 0, min: 0, max: 0, avg: 0.00)
Equal precisions along paths:                             0 (count: 0, min: 0, max: 0, avg: 0.00)
Number of refs with location-based cutoff:                0

CEGAR algorithm statistics
--------------------------
Number of refinements:                146
Lazy expansion status:                false
Expansion times:                      0
Total path lengths:                   129769
SP times:                             0
Number of added holes:                0
Number of successful refinements:     146
Number of failed refinements:         0
Max. size of reached set before ref.: 15312
Max. size of reached set after ref.:  9508
Avg. size of reached set before ref.: 7983.50
Avg. size of reached set after ref.:  924.60

Total time for CEGAR algorithm:     104.672s
CPU time for CEGAR algorithm:       151.910s
Time for refinements:                 6.000s
CPU time for refinements:            10.090s
Average time for refinement:          0.041s
Max time for refinement:              0.224s
First time for refinement:             0.671s
Last time for refinement:              1.283s
Average time for analysis:          0.671s
Number of analysis:                147

Counterexample-Check Algorithm statistics
-----------------------------------------
Number of counterexample checks:    0

Code Coverage
-----------------------------
  Visited lines:          3830
  Total lines:            10
  Line coverage:          383.000

CPAchecker general statistics
-----------------------------
Number of program locations:     2205
Number of CFA edges:             2549
Number of relevant variables:    272
Number of functions:             106
Number of loops:                 4
Size of reached set:             8859
  Number of reached locations:   1680 (76%)
    Avg states per location:     5
    Max states per location:     109 (at node N101)
  Number of reached functions:   49 (46%)
  Number of partitions:          8830
    Avg size of partitions:      1
    Max size of partitions:      6 (with key [N968 (before /work/ldvuser/novikov/work/current--X--drivers/usb/serial/ssu100.ko--X--defaultlinux--X--39_7a--X--cpachecker/linux/csd_deg_dscv/11/dscv_tempdir/dscv/ri/39_7a/drivers/usb/serial/ssu100.c.prepared, line 1657), Function ldv_main0_sequence_infinite_withcheck_stateful called from node N876, stack depth 1 [76adb233], stack [ldv_main0_sequence_infinite_withcheck_stateful], Init])
  Number of target states:       0

Time for analysis setup:                   2.028s
  Time for loading CPAs:                   0.383s
  Time for impacted traverse:              0.002s
  Time for loading parser:        0.035s
  Time for CFA construction:      1.529s
    Time for parsing file(s):     0.420s
    Time for AST to CFA:          0.567s
    Time for CFA sanity check:    0.000s
    Time for post-processing:     0.345s
      Time for var class.:        0.000s
Time for Analysis:                       104.678s
CPU time for analysis:    151.920s

Time for Garbage Collector:       1.772s (in 53 runs)
Garbage Collector(s) used:    PS MarkSweep, PS Scavenge
Used heap memory:               3534MB (  3371 MiB) max;   1235MB (  1178 MiB) avg;   3549MB (  3384 MiB) peak
Used non-heap memory:             44MB (    42 MiB) max;     41MB (    39 MiB) avg;     46MB (    43 MiB) peak
Used in PS Old Gen pool:          65MB (    62 MiB) max;     52MB (    49 MiB) avg;     65MB (    62 MiB) peak
Allocated heap memory:          3584MB (  3418 MiB) max;   2449MB (  2335 MiB) avg
Allocated non-heap memory:        47MB (    45 MiB) max;     45MB (    42 MiB) avg
Total process virtual memory:  13242MB ( 12629 MiB) max;  13240MB ( 12626 MiB) avg

Verification result: TRUE. No property violation found by chosen configuration.
More details about the verification run can be found in the directory "/home/yqs17/blazer/cpachecker-inc-pred/output-ori-final/flat/drivers--usb--serial--ssu100.ko.020.bb7a9c4.39_7a.cil_safe.i".
