scripts/cpa.sh -heap 10000M -predicateAnalysis-ABEl-debug -setprop cpa.predicate.refinement.performInitialStaticRefinement=false -disable-java-assertions -outputpath /home/yqs17/blazer/cpachecker-inc-pred/output-ori-final/flat/drivers--gpu--drm--i915--i915.ko.038.5a125c3.39_7a.cil_safe.i -stats -spec /home/yqs17/blazer/cpachecker-inc-pred/LDVErrorLabel.spc -entryfunction ldv_main0_sequence_infinite_withcheck_stateful /home/yqs17/blazer/cpachecker-inc-pred/programs-flat/drivers--gpu--drm--i915--i915.ko.038.5a125c3.39_7a.cil_safe.i


--------------------------------------------------------------------------------


Running CPAchecker with Java heap of size 10000M.
Running CPAchecker with the following extra VM options:  -Djava.io.tmpdir=/tmp/BenchExec_run_k6h0u4ho/tmp
PredicateCPA statistics
-----------------------
Read Precision Time:                0.000s
Precision file size:                0
Write Precision Time:               0.003s
Number of abstractions:            62141 (23% of all post computations)
  Times abstraction was reused:    0
  Because of function entry/exit:  57834 (93%)
  Because of loop head:            4307 (7%)
  Because of join nodes:           0 (0%)
  Because of threshold:            0 (0%)
  Times precision was empty:       20965 (34%)
  Times precision was {false}:     1211 (2%)
  Times result was cached:         30162 (49%)
  Times cartesian abs was used:    0 (0%)
  Times boolean abs was used:      9803 (16%)
  Times result was 'false':        1669 (3%)
Number of strengthen sat checks:   44
  Times result was 'false':        0 (0%)
Number of coverage checks:         34379
  BDD entailment checks:           6371
Number of SMT sat checks:          44
  trivial:                         44
  cached:                          0

Max ABE block size:                       25
Number of predicates discovered:          18
Number of abstraction locations:          0
Max number of predicates per location:    0
Avg number of predicates per location:    0
Total predicates per abstraction:         76082
Max number of predicates per abstraction: 12
Avg number of predicates per abstraction: 6.91
Number of irrelevant predicates:          24204 (32%)
Number of preds handled by boolean abs:   51878 (68%)
  Total number of models for allsat:      10203
  Max number of models for allsat:        2
  Avg number of models for allsat:        1.04

Number of path formula cache hits:   284207 (85%)

Time for post operator:                 10.686s
  Time for path formula creation:        5.724s
    Actual computation:                  4.287s
Time for strengthen operator:            0.212s
  Time for satisfiability checks:        0.000s
Time for prec operator:                 10.898s
  Time for abstraction:                  9.003s (Max:     0.065s, Count: 62141)
    Boolean abstraction:                 2.598s
    Solving time:                        0.712s (Max:     0.014s)
    Model enumeration time:              0.085s
    Time for BDD construction:           0.101s (Max:     0.003s)
Time for merge operator:                 0.547s
Time for coverage check:                 0.031s
  Time for BDD entailment checks:        0.021s
Total time for SMT solver (w/o itp):     0.797s

Number of BDD nodes:                               1755
Size of BDD node table:                            466043
Size of BDD cache:                                 46619
Size of BDD node cleanup queue:                       11544 (count: 105920, min: 0, max: 1520, avg: 0.11)
Time for BDD node cleanup:                             0.018s
Time for BDD garbage collection:                       0.000s (in 0 runs)

PrecisionBootstrap statistics
-----------------------------
Init. function predicates:                         0
Init. global predicates:                           0
Init. location predicates:                         0

----------------------

AutomatonAnalysis (SVCOMP) statistics
-------------------------------------
Number of states:                                  1
Total time for successor computation:                  0.228s
Automaton transfers with branching:                0
Automaton transfer successors:                       274938 (count: 274938, min: 1, max: 1, avg: 1.00) [1 x 274938]

CPA algorithm statistics
------------------------
Number of iterations:            253951
Max size of waitlist:            17
Average size of waitlist:        9
Number of computed successors:   274938
Max successors for one state:    2
Number of times merged:          14004
Number of times stopped:         19221
Number of times abs stopped:     5217
Number of times nonAbs stopped:  0
Number of times doAbstraction node:  62141
Number of times breaked:         44

Total time for CPA algorithm:        31.689s (Max:     1.726s)
CPU time for CPA algorithm:          56.740s
  Time for choose from waitlist:      0.142s
  Time for precision adjustment:     11.462s
  Time for transfer relation:        17.104s
  Time for merge operator:            0.869s
  Time for stop operator:             0.416s
  Time for adding to reached set:     0.590s

Predicate-Abstraction Refiner statistics
----------------------------------------
Avg. length of target path (in blocks):                6877 (count: 44, min: 10, max: 245, avg: 156.30)
Number of infeasible sliced prefixes:                     0 (count: 0, min: 0, max: 0, avg: 0.00)

Time for refinement:                                  13.011s
  Counterexample analysis:               12.079s (Max:     0.913s, Calls: 44)
    Refinement sat check:                 0.892s
    Interpolant computation:              0.000s
  Error path post-processing:                          0.000s
  Path-formulas extraction:                            0.002s
  Building the counterexample trace:                  12.082s
  Extracting precise counterexample:                   0.000s
  Extracting infeasible sliced prefixes:               0.000s
  Selecting infeasible sliced prefixes:                0.000s
  Predicate creation:                                  0.031s
  Precision update:                                    0.025s
  ARG update:                                          0.783s

Length of refined path (in blocks):                    6146 (count: 44, min: 9, max: 244, avg: 139.68)
Number of affected states:                             4911 (count: 44, min: 1, max: 242, avg: 111.61)
Length (states) of path with itp 'true':               1191 (count: 44, min: 1, max: 200, avg: 27.07)
Length (states) of path with itp non-trivial itp:      4911 (count: 44, min: 1, max: 242, avg: 111.61)
Length (states) of path with itp 'false':                44 (count: 44, min: 1, max: 1, avg: 1.00)
Different non-trivial interpolants along paths:           2 (count: 44, min: 0, max: 1, avg: 0.05)
Equal non-trivial interpolants along paths:            4865 (count: 44, min: 0, max: 241, avg: 110.57)
Different precisions along paths:                         0 (count: 0, min: 0, max: 0, avg: 0.00)
Equal precisions along paths:                             0 (count: 0, min: 0, max: 0, avg: 0.00)
Number of refs with location-based cutoff:                0

CEGAR algorithm statistics
--------------------------
Number of refinements:                44
Lazy expansion status:                false
Expansion times:                      0
Total path lengths:                   84983
SP times:                             0
Number of added holes:                0
Number of successful refinements:     44
Number of failed refinements:         0
Max. size of reached set before ref.: 10691
Max. size of reached set after ref.:  3899
Avg. size of reached set before ref.: 7428.57
Avg. size of reached set after ref.:  1748.84

Total time for CEGAR algorithm:      44.877s
CPU time for CEGAR algorithm:        79.470s
Time for refinements:                13.181s
CPU time for refinements:            22.730s
Average time for refinement:          0.299s
Max time for refinement:              0.948s
First time for refinement:             0.704s
Last time for refinement:              0.380s
Average time for analysis:          0.704s
Number of analysis:                45

Counterexample-Check Algorithm statistics
-----------------------------------------
Number of counterexample checks:    0

Code Coverage
-----------------------------
  Visited lines:          4110
  Total lines:            5
  Line coverage:          822.000

CPAchecker general statistics
-----------------------------
Number of program locations:     10886
Number of CFA edges:             13624
Number of relevant variables:    2164
Number of functions:             515
Number of loops:                 67
Size of reached set:             4141
  Number of reached locations:   2366 (22%)
    Avg states per location:     1
    Max states per location:     93 (at node N245)
  Number of reached functions:   28 (5%)
  Number of partitions:          4127
    Avg size of partitions:      1
    Max size of partitions:      2 (with key [N4863 (before /work/ldvuser/novikov/work/current--X--drivers/gpu/drm/i915/i915.ko--X--defaultlinux--X--39_7a--X--cpachecker/linux/csd_deg_dscv/21/dscv_tempdir/dscv/ri/39_7a/drivers/gpu/drm/i915/i915_suspend.c.prepared, line 589), Function i915_restore_state called from node N37, stack depth 3 [4ae2553b], stack [ldv_main0_sequence_infinite_withcheck_stateful, i915_resume, i915_restore_state], Init])
  Number of target states:       0

Time for analysis setup:                   3.786s
  Time for loading CPAs:                   0.421s
  Time for impacted traverse:              0.002s
  Time for loading parser:        0.033s
  Time for CFA construction:      3.252s
    Time for parsing file(s):     0.723s
    Time for AST to CFA:          1.278s
    Time for CFA sanity check:    0.000s
    Time for post-processing:     0.931s
      Time for var class.:        0.000s
Time for Analysis:                        44.881s
CPU time for analysis:     79.470s

Time for Garbage Collector:       1.567s (in 27 runs)
Garbage Collector(s) used:    PS MarkSweep, PS Scavenge
Used heap memory:               1864MB (  1777 MiB) max;    486MB (   464 MiB) avg;   1883MB (  1795 MiB) peak
Used non-heap memory:             44MB (    42 MiB) max;     38MB (    36 MiB) avg;     45MB (    43 MiB) peak
Used in PS Old Gen pool:          60MB (    57 MiB) max;     41MB (    39 MiB) avg;     60MB (    57 MiB) peak
Allocated heap memory:          2172MB (  2071 MiB) max;   1039MB (   991 MiB) avg
Allocated non-heap memory:        47MB (    44 MiB) max;     42MB (    40 MiB) avg
Total process virtual memory:  13242MB ( 12629 MiB) max;  13239MB ( 12626 MiB) avg

Verification result: TRUE. No property violation found by chosen configuration.
More details about the verification run can be found in the directory "/home/yqs17/blazer/cpachecker-inc-pred/output-ori-final/flat/drivers--gpu--drm--i915--i915.ko.038.5a125c3.39_7a.cil_safe.i".
