scripts/cpa.sh -heap 10000M -predicateAnalysis-ABEl-debug -disable-java-assertions -outputpath /home/yqs17/blazer/cpachecker-inc-pred/output-ori-final/08_1a.i2c--algos--i2c-algo-pca.ko.set/025.4403988.08_1a.cil_safe.i -spec /home/yqs17/blazer/cpachecker-inc-pred/LDVErrorLabel.spc -stats -entryfunction ldv_main0_sequence_infinite_withcheck_stateful /home/yqs17/blazer/cpachecker-inc-pred/programs/drivers--i2c--algos--i2c-algo-pca.ko/025.4403988.08_1a.cil_safe.i


--------------------------------------------------------------------------------


Running CPAchecker with Java heap of size 10000M.
Running CPAchecker with the following extra VM options:  -Djava.io.tmpdir=/tmp/BenchExec_run_lj3v2f75/tmp
PredicateCPA statistics
-----------------------
Read Precision Time:                0.000s
Precision file size:                122
Write Precision Time:               0.002s
Number of abstractions:            1607 (12% of all post computations)
  Times abstraction was reused:    0
  Because of function entry/exit:  1339 (83%)
  Because of loop head:            268 (17%)
  Because of join nodes:           0 (0%)
  Because of threshold:            0 (0%)
  Times precision was empty:       318 (20%)
  Times precision was {false}:     154 (10%)
  Times result was cached:         1054 (66%)
  Times cartesian abs was used:    0 (0%)
  Times boolean abs was used:      81 (5%)
  Times result was 'false':        9 (1%)
Number of strengthen sat checks:   9
  Times result was 'false':        0 (0%)
Number of coverage checks:         2593
  BDD entailment checks:           929
Number of SMT sat checks:          9
  trivial:                         9
  cached:                          0

Max ABE block size:                       29
Number of predicates discovered:          2
Number of abstraction locations:          0
Max number of predicates per location:    0
Avg number of predicates per location:    0
Total predicates per abstraction:         235
Max number of predicates per abstraction: 1
Avg number of predicates per abstraction: 1.00
Number of irrelevant predicates:          154 (66%)
Number of preds handled by boolean abs:   81 (34%)
  Total number of models for allsat:      81
  Max number of models for allsat:        1
  Avg number of models for allsat:        1.00

Number of path formula cache hits:   11120 (73%)

Time for post operator:                  0.869s
  Time for path formula creation:        0.621s
    Actual computation:                  0.546s
Time for strengthen operator:            0.025s
  Time for satisfiability checks:        0.000s
Time for prec operator:                  0.990s
  Time for abstraction:                  0.848s (Max:     0.102s, Count: 1607)
    Boolean abstraction:                 0.091s
    Solving time:                        0.114s (Max:     0.010s)
    Model enumeration time:              0.000s
    Time for BDD construction:           0.010s (Max:     0.007s)
Time for merge operator:                 0.101s
Time for coverage check:                 0.008s
  Time for BDD entailment checks:        0.005s
Total time for SMT solver (w/o itp):     0.114s

Number of BDD nodes:                               202
Size of BDD node table:                            466043
Size of BDD cache:                                 46619
Size of BDD node cleanup queue:                          71 (count: 5428, min: 0, max: 33, avg: 0.01)
Time for BDD node cleanup:                             0.000s
Time for BDD garbage collection:                       0.000s (in 0 runs)

PrecisionBootstrap statistics
-----------------------------
Init. function predicates:                         0
Init. global predicates:                           0
Init. location predicates:                         0

----------------------

AutomatonAnalysis (SVCOMP) statistics
-------------------------------------
Number of states:                                  1
Total time for successor computation:                  0.039s
Automaton transfers with branching:                0
Automaton transfer successors:                        13567 (count: 13567, min: 1, max: 1, avg: 1.00) [1 x 13567]

CPA algorithm statistics
------------------------
Number of iterations:            12080
Max size of waitlist:            82
Average size of waitlist:        33
Number of computed successors:   13567
Max successors for one state:    2
Number of times merged:          832
Number of times stopped:         1460
Number of times abs stopped:     628
Number of times nonAbs stopped:  1664
Number of coverage check (part): 2593
Number of times doAbstraction node:  1607
Number of times breaked:         9

Total time for CPA algorithm:         2.832s (Max:     0.637s)
CPU time for CPA algorithm:           5.590s
  Time for choose from waitlist:      0.028s
  Time for precision adjustment:      1.082s
  Time for transfer relation:         1.216s
  Time for merge operator:            0.155s
  Time for stop operator:             0.068s
  Time for adding to reached set:     0.078s

Predicate-Abstraction Refiner statistics
----------------------------------------
Avg. length of target path (in blocks):                 104 (count: 9, min: 4, max: 16, avg: 11.56)
Number of infeasible sliced prefixes:                     0 (count: 0, min: 0, max: 0, avg: 0.00)

Time for refinement:                                   0.256s
  Counterexample analysis:                0.193s (Max:     0.034s, Calls: 9)
    Refinement sat check:                 0.067s
    Interpolant computation:              0.000s
  Error path post-processing:                          0.000s
  Path-formulas extraction:                            0.000s
  Building the counterexample trace:                   0.193s
  Extracting precise counterexample:                   0.000s
  Extracting infeasible sliced prefixes:               0.000s
  Selecting infeasible sliced prefixes:                0.000s
  Predicate creation:                                  0.002s
  Precision update:                                    0.004s
  ARG update:                                          0.049s

Length of refined path (in blocks):                      95 (count: 9, min: 3, max: 15, avg: 10.56)
Number of affected states:                               86 (count: 9, min: 2, max: 14, avg: 9.56)
Length (states) of path with itp 'true':                  0 (count: 9, min: 0, max: 0, avg: 0.00)
Length (states) of path with itp non-trivial itp:        86 (count: 9, min: 2, max: 14, avg: 9.56)
Length (states) of path with itp 'false':                 9 (count: 9, min: 1, max: 1, avg: 1.00)
Different non-trivial interpolants along paths:           0 (count: 9, min: 0, max: 0, avg: 0.00)
Equal non-trivial interpolants along paths:              77 (count: 9, min: 1, max: 13, avg: 8.56)
Different precisions along paths:                         0 (count: 0, min: 0, max: 0, avg: 0.00)
Equal precisions along paths:                             0 (count: 0, min: 0, max: 0, avg: 0.00)
Number of refs with location-based cutoff:                0

CEGAR algorithm statistics
--------------------------
Number of refinements:                9
Lazy expansion status:                false
Expansion times:                      0
Total path lengths:                   4667
SP times:                             0
Number of added holes:                0
Number of successful refinements:     9
Number of failed refinements:         0
Max. size of reached set before ref.: 2041
Max. size of reached set after ref.:  421
Avg. size of reached set before ref.: 1621.67
Avg. size of reached set after ref.:  421.00

Total time for CEGAR algorithm:       3.107s
CPU time for CEGAR algorithm:         6.130s
Time for refinements:                 0.273s
CPU time for refinements:             0.530s
Average time for refinement:          0.030s
Max time for refinement:              0.048s
First time for refinement:             0.283s
Last time for refinement:              0.085s
Average time for analysis:          0.283s
Number of analysis:                10

Counterexample-Check Algorithm statistics
-----------------------------------------
Number of counterexample checks:    0

Code Coverage
-----------------------------
  Visited lines:          2027
  Total lines:            24
  Line coverage:          84.458

CPAchecker general statistics
-----------------------------
Number of program locations:     1045
Number of CFA edges:             1184
Number of relevant variables:    114
Number of functions:             23
Number of loops:                 5
Size of reached set:             1293
  Number of reached locations:   835 (80%)
    Avg states per location:     1
    Max states per location:     21 (at node N137)
  Number of reached functions:   12 (52%)
  Number of partitions:          1293
    Avg size of partitions:      1
    Max size of partitions:      1
  Number of target states:       0

Time for analysis setup:                   1.210s
  Time for loading CPAs:                   0.290s
  Time for impacted traverse:              0.001s
  Time for loading parser:        0.028s
  Time for CFA construction:      0.831s
    Time for parsing file(s):     0.235s
    Time for AST to CFA:          0.271s
    Time for CFA sanity check:    0.000s
    Time for post-processing:     0.196s
      Time for var class.:        0.000s
Time for Analysis:                         3.109s
CPU time for analysis:                     6.140s
   CPU time for collect prec:              0.000s

Time for Garbage Collector:       0.162s (in 7 runs)
Garbage Collector(s) used:    PS MarkSweep, PS Scavenge
Used heap memory:                166MB (   158 MiB) max;     58MB (    55 MiB) avg;    188MB (   179 MiB) peak
Used non-heap memory:             35MB (    33 MiB) max;     28MB (    27 MiB) avg;     37MB (    35 MiB) peak
Used in PS Old Gen pool:          22MB (    21 MiB) max;     12MB (    11 MiB) avg;     22MB (    21 MiB) peak
Allocated heap memory:           341MB (   326 MiB) max;    212MB (   203 MiB) avg
Allocated non-heap memory:        37MB (    35 MiB) max;     29MB (    28 MiB) avg
Total process virtual memory:  13240MB ( 12627 MiB) max;  13237MB ( 12623 MiB) avg

Verification result: TRUE. No property violation found by chosen configuration.
More details about the verification run can be found in the directory "/home/yqs17/blazer/cpachecker-inc-pred/output-ori-final/08_1a.i2c--algos--i2c-algo-pca.ko.set/025.4403988.08_1a.cil_safe.i".
