scripts/cpa.sh -heap 10000M -predicateAnalysis-ABEl-debug -setprop cpa.predicate.refinement.performInitialStaticRefinement=false -disable-java-assertions -outputpath /home/yqs17/blazer/cpachecker-inc-pred/output-ori-final/flat/drivers--isdn--mISDN--mISDN_core.ko.031.b705884.68_1.cil_safe.i -stats -spec /home/yqs17/blazer/cpachecker-inc-pred/LDVErrorLabel.spc -entryfunction ldv_main0_sequence_infinite_withcheck_stateful /home/yqs17/blazer/cpachecker-inc-pred/programs-flat/drivers--isdn--mISDN--mISDN_core.ko.031.b705884.68_1.cil_safe.i


--------------------------------------------------------------------------------


Running CPAchecker with Java heap of size 10000M.
Running CPAchecker with the following extra VM options:  -Djava.io.tmpdir=/tmp/BenchExec_run_566q10fs/tmp
PredicateCPA statistics
-----------------------
Read Precision Time:                0.000s
Precision file size:                0
Write Precision Time:               0.002s
Number of abstractions:            3890 (20% of all post computations)
  Times abstraction was reused:    0
  Because of function entry/exit:  3472 (89%)
  Because of loop head:            418 (11%)
  Because of join nodes:           0 (0%)
  Because of threshold:            0 (0%)
  Times precision was empty:       1075 (28%)
  Times precision was {false}:     87 (2%)
  Times result was cached:         2434 (63%)
  Times cartesian abs was used:    0 (0%)
  Times boolean abs was used:      294 (8%)
  Times result was 'false':        136 (3%)
Number of strengthen sat checks:   21
  Times result was 'false':        0 (0%)
Number of coverage checks:         1671
  BDD entailment checks:           641
Number of SMT sat checks:          21
  trivial:                         21
  cached:                          0

Max ABE block size:                       111
Number of predicates discovered:          8
Number of abstraction locations:          0
Max number of predicates per location:    0
Avg number of predicates per location:    0
Total predicates per abstraction:         724
Max number of predicates per abstraction: 4
Avg number of predicates per abstraction: 1.90
Number of irrelevant predicates:          196 (27%)
Number of preds handled by boolean abs:   528 (73%)
  Total number of models for allsat:      297
  Max number of models for allsat:        2
  Avg number of models for allsat:        1.01

Number of path formula cache hits:   18731 (82%)

Time for post operator:                  2.910s
  Time for path formula creation:        2.545s
    Actual computation:                  1.861s
Time for strengthen operator:            0.036s
  Time for satisfiability checks:        0.000s
Time for prec operator:                  4.031s
  Time for abstraction:                  3.511s (Max:     0.951s, Count: 3890)
    Boolean abstraction:                 2.249s
    Solving time:                        2.174s (Max:     0.807s)
    Model enumeration time:              0.014s
    Time for BDD construction:           0.024s (Max:     0.012s)
Time for merge operator:                 0.303s
Time for coverage check:                 0.013s
  Time for BDD entailment checks:        0.011s
Total time for SMT solver (w/o itp):     2.188s

Number of BDD nodes:                               252
Size of BDD node table:                            466043
Size of BDD cache:                                 46619
Size of BDD node cleanup queue:                         396 (count: 55923, min: 0, max: 176, avg: 0.01)
Time for BDD node cleanup:                             0.002s
Time for BDD garbage collection:                       0.000s (in 0 runs)

PrecisionBootstrap statistics
-----------------------------
Init. function predicates:                         0
Init. global predicates:                           0
Init. location predicates:                         0

----------------------

AutomatonAnalysis (SVCOMP) statistics
-------------------------------------
Number of states:                                  1
Total time for successor computation:                  0.052s
Automaton transfers with branching:                0
Automaton transfer successors:                        19032 (count: 19032, min: 1, max: 1, avg: 1.00) [1 x 19032]

CPA algorithm statistics
------------------------
Number of iterations:            17945
Max size of waitlist:            18
Average size of waitlist:        5
Number of computed successors:   19032
Max successors for one state:    2
Number of times merged:          515
Number of times stopped:         911
Number of times abs stopped:     396
Number of times nonAbs stopped:  0
Number of times doAbstraction node:  3890
Number of times breaked:         21

Total time for CPA algorithm:         8.494s (Max:     2.524s)
CPU time for CPA algorithm:          16.910s
  Time for choose from waitlist:      0.038s
  Time for precision adjustment:      4.145s
  Time for transfer relation:         3.422s
  Time for merge operator:            0.346s
  Time for stop operator:             0.105s
  Time for adding to reached set:     0.130s

Predicate-Abstraction Refiner statistics
----------------------------------------
Avg. length of target path (in blocks):                1399 (count: 21, min: 9, max: 106, avg: 66.62)
Number of infeasible sliced prefixes:                     0 (count: 0, min: 0, max: 0, avg: 0.00)

Time for refinement:                                   7.649s
  Counterexample analysis:                7.463s (Max:     0.825s, Calls: 21)
    Refinement sat check:                 1.411s
    Interpolant computation:              0.000s
  Error path post-processing:                          0.000s
  Path-formulas extraction:                            0.001s
  Building the counterexample trace:                   7.464s
  Extracting precise counterexample:                   0.000s
  Extracting infeasible sliced prefixes:               0.000s
  Selecting infeasible sliced prefixes:                0.000s
  Predicate creation:                                  0.015s
  Precision update:                                    0.005s
  ARG update:                                          0.111s

Length of refined path (in blocks):                    1233 (count: 21, min: 7, max: 90, avg: 58.71)
Number of affected states:                             1083 (count: 21, min: 1, max: 89, avg: 51.57)
Length (states) of path with itp 'true':                129 (count: 21, min: 0, max: 57, avg: 6.14)
Length (states) of path with itp non-trivial itp:      1083 (count: 21, min: 1, max: 89, avg: 51.57)
Length (states) of path with itp 'false':                21 (count: 21, min: 1, max: 1, avg: 1.00)
Different non-trivial interpolants along paths:           3 (count: 21, min: 0, max: 2, avg: 0.14)
Equal non-trivial interpolants along paths:            1059 (count: 21, min: 0, max: 88, avg: 50.43)
Different precisions along paths:                         0 (count: 0, min: 0, max: 0, avg: 0.00)
Equal precisions along paths:                             0 (count: 0, min: 0, max: 0, avg: 0.00)
Number of refs with location-based cutoff:                0

CEGAR algorithm statistics
--------------------------
Number of refinements:                21
Lazy expansion status:                false
Expansion times:                      0
Total path lengths:                   39002
SP times:                             0
Number of added holes:                0
Number of successful refinements:     21
Number of failed refinements:         0
Max. size of reached set before ref.: 2726
Max. size of reached set after ref.:  2152
Avg. size of reached set before ref.: 2395.52
Avg. size of reached set after ref.:  1648.57

Total time for CEGAR algorithm:      16.242s
CPU time for CEGAR algorithm:        31.500s
Time for refinements:                 7.744s
CPU time for refinements:            14.590s
Average time for refinement:          0.368s
Max time for refinement:              0.861s
First time for refinement:             0.386s
Last time for refinement:              0.119s
Average time for analysis:          0.386s
Number of analysis:                22

Counterexample-Check Algorithm statistics
-----------------------------------------
Number of counterexample checks:    0

Code Coverage
-----------------------------
  Visited lines:          5522
  Total lines:            4
  Line coverage:          1380.500

CPAchecker general statistics
-----------------------------
Number of program locations:     17409
Number of CFA edges:             27140
Number of relevant variables:    2153
Number of functions:             390
Number of loops:                 47
Size of reached set:             2300
  Number of reached locations:   1898 (11%)
    Avg states per location:     1
    Max states per location:     15 (at node N1179)
  Number of reached functions:   28 (7%)
  Number of partitions:          2298
    Avg size of partitions:      1
    Max size of partitions:      2 (with key [N492 (before /work/ldvuser/novikov/work/current--X--drivers/isdn/mISDN/mISDN_core.ko--X--defaultlinux--X--68_1--X--cpachecker/linux/csd_deg_dscv/30/dscv_tempdir/dscv/ri/68_1/drivers/isdn/mISDN/core.c, line 528), Function ldv_main0_sequence_infinite_withcheck_stateful called from node N481, stack depth 1 [58922a00], stack [ldv_main0_sequence_infinite_withcheck_stateful], Init])
  Number of target states:       0

Time for analysis setup:                   4.943s
  Time for loading CPAs:                   0.679s
  Time for impacted traverse:              0.002s
  Time for loading parser:        0.031s
  Time for CFA construction:      4.152s
    Time for parsing file(s):     0.767s
    Time for AST to CFA:          1.430s
    Time for CFA sanity check:    0.001s
    Time for post-processing:     1.601s
      Time for var class.:        0.000s
Time for Analysis:                        16.244s
CPU time for analysis:     31.510s

Time for Garbage Collector:       0.836s (in 14 runs)
Garbage Collector(s) used:    PS MarkSweep, PS Scavenge
Used heap memory:                766MB (   731 MiB) max;    251MB (   240 MiB) avg;    791MB (   755 MiB) peak
Used non-heap memory:             40MB (    38 MiB) max;     33MB (    31 MiB) avg;     43MB (    41 MiB) peak
Used in PS Old Gen pool:          48MB (    46 MiB) max;     40MB (    38 MiB) avg;     49MB (    47 MiB) peak
Allocated heap memory:           868MB (   828 MiB) max;    548MB (   523 MiB) avg
Allocated non-heap memory:        43MB (    41 MiB) max;     36MB (    34 MiB) avg
Total process virtual memory:  13241MB ( 12627 MiB) max;  13238MB ( 12625 MiB) avg

Verification result: TRUE. No property violation found by chosen configuration.
More details about the verification run can be found in the directory "/home/yqs17/blazer/cpachecker-inc-pred/output-ori-final/flat/drivers--isdn--mISDN--mISDN_core.ko.031.b705884.68_1.cil_safe.i".
