scripts/cpa.sh -heap 10000M -predicateAnalysis-ABEl-debug -setprop cpa.predicate.refinement.performInitialStaticRefinement=false -disable-java-assertions -outputpath /home/yqs17/blazer/cpachecker-inc-pred/output-ori-final/flat/drivers--net--wireless--wl12xx--wl12xx_sdio.ko.008.a81159e.08_1a.cil_safe.i -stats -spec /home/yqs17/blazer/cpachecker-inc-pred/LDVErrorLabel.spc -entryfunction ldv_main0_sequence_infinite_withcheck_stateful /home/yqs17/blazer/cpachecker-inc-pred/programs-flat/drivers--net--wireless--wl12xx--wl12xx_sdio.ko.008.a81159e.08_1a.cil_safe.i


--------------------------------------------------------------------------------


Running CPAchecker with Java heap of size 10000M.
Running CPAchecker with the following extra VM options:  -Djava.io.tmpdir=/tmp/BenchExec_run_ywuds9sg/tmp
PredicateCPA statistics
-----------------------
Read Precision Time:                0.000s
Precision file size:                0
Write Precision Time:               0.003s
Number of abstractions:            8830 (17% of all post computations)
  Times abstraction was reused:    0
  Because of function entry/exit:  8136 (92%)
  Because of loop head:            694 (8%)
  Because of join nodes:           0 (0%)
  Because of threshold:            0 (0%)
  Times precision was empty:       2100 (24%)
  Times precision was {false}:     370 (4%)
  Times result was cached:         5809 (66%)
  Times cartesian abs was used:    0 (0%)
  Times boolean abs was used:      551 (6%)
  Times result was 'false':        128 (1%)
Number of strengthen sat checks:   21
  Times result was 'false':        0 (0%)
Number of coverage checks:         8906
  BDD entailment checks:           4000
Number of SMT sat checks:          21
  trivial:                         21
  cached:                          0

Max ABE block size:                       27
Number of predicates discovered:          6
Number of abstraction locations:          0
Max number of predicates per location:    0
Avg number of predicates per location:    0
Total predicates per abstraction:         1727
Max number of predicates per abstraction: 5
Avg number of predicates per abstraction: 1.88
Number of irrelevant predicates:          899 (52%)
Number of preds handled by boolean abs:   828 (48%)
  Total number of models for allsat:      621
  Max number of models for allsat:        3
  Avg number of models for allsat:        1.13

Number of path formula cache hits:   45747 (75%)

Time for post operator:                  2.501s
  Time for path formula creation:        1.591s
    Actual computation:                  1.345s
Time for strengthen operator:            0.063s
  Time for satisfiability checks:        0.000s
Time for prec operator:                  2.498s
  Time for abstraction:                  2.038s (Max:     0.129s, Count: 8830)
    Boolean abstraction:                 0.264s
    Solving time:                        0.214s (Max:     0.009s)
    Model enumeration time:              0.032s
    Time for BDD construction:           0.016s (Max:     0.001s)
Time for merge operator:                 0.199s
Time for coverage check:                 0.023s
  Time for BDD entailment checks:        0.020s
Total time for SMT solver (w/o itp):     0.246s

Number of BDD nodes:                               334
Size of BDD node table:                            466043
Size of BDD cache:                                 46619
Size of BDD node cleanup queue:                         486 (count: 14831, min: 0, max: 195, avg: 0.03)
Time for BDD node cleanup:                             0.009s
Time for BDD garbage collection:                       0.000s (in 0 runs)

PrecisionBootstrap statistics
-----------------------------
Init. function predicates:                         0
Init. global predicates:                           0
Init. location predicates:                         0

----------------------

AutomatonAnalysis (SVCOMP) statistics
-------------------------------------
Number of states:                                  1
Total time for successor computation:                  0.153s
Automaton transfers with branching:                0
Automaton transfer successors:                        52532 (count: 52532, min: 1, max: 1, avg: 1.00) [1 x 52532]

CPA algorithm statistics
------------------------
Number of iterations:            47862
Max size of waitlist:            51
Average size of waitlist:        25
Number of computed successors:   52532
Max successors for one state:    2
Number of times merged:          2453
Number of times stopped:         4494
Number of times abs stopped:     2041
Number of times nonAbs stopped:  0
Number of times doAbstraction node:  8830
Number of times breaked:         21

Total time for CPA algorithm:         7.352s (Max:     0.895s)
CPU time for CPA algorithm:          14.640s
  Time for choose from waitlist:      0.074s
  Time for precision adjustment:      2.701s
  Time for transfer relation:         3.406s
  Time for merge operator:            0.300s
  Time for stop operator:             0.165s
  Time for adding to reached set:     0.187s

Predicate-Abstraction Refiner statistics
----------------------------------------
Avg. length of target path (in blocks):                 366 (count: 21, min: 8, max: 39, avg: 17.43)
Number of infeasible sliced prefixes:                     0 (count: 0, min: 0, max: 0, avg: 0.00)

Time for refinement:                                   0.915s
  Counterexample analysis:                0.649s (Max:     0.165s, Calls: 21)
    Refinement sat check:                 0.168s
    Interpolant computation:              0.000s
  Error path post-processing:                          0.000s
  Path-formulas extraction:                            0.001s
  Building the counterexample trace:                   0.651s
  Extracting precise counterexample:                   0.000s
  Extracting infeasible sliced prefixes:               0.000s
  Selecting infeasible sliced prefixes:                0.000s
  Predicate creation:                                  0.009s
  Precision update:                                    0.009s
  ARG update:                                          0.218s

Length of refined path (in blocks):                     319 (count: 21, min: 4, max: 38, avg: 15.19)
Number of affected states:                              273 (count: 21, min: 1, max: 37, avg: 13.00)
Length (states) of path with itp 'true':                 25 (count: 21, min: 0, max: 25, avg: 1.19)
Length (states) of path with itp non-trivial itp:       273 (count: 21, min: 1, max: 37, avg: 13.00)
Length (states) of path with itp 'false':                21 (count: 21, min: 1, max: 1, avg: 1.00)
Different non-trivial interpolants along paths:           2 (count: 21, min: 0, max: 2, avg: 0.10)
Equal non-trivial interpolants along paths:             250 (count: 21, min: 0, max: 36, avg: 11.90)
Different precisions along paths:                         0 (count: 0, min: 0, max: 0, avg: 0.00)
Equal precisions along paths:                             0 (count: 0, min: 0, max: 0, avg: 0.00)
Number of refs with location-based cutoff:                0

CEGAR algorithm statistics
--------------------------
Number of refinements:                21
Lazy expansion status:                false
Expansion times:                      0
Total path lengths:                   21299
SP times:                             0
Number of added holes:                0
Number of successful refinements:     21
Number of failed refinements:         0
Max. size of reached set before ref.: 5002
Max. size of reached set after ref.:  2193
Avg. size of reached set before ref.: 3110.24
Avg. size of reached set after ref.:  985.38

Total time for CEGAR algorithm:       8.332s
CPU time for CEGAR algorithm:        16.550s
Time for refinements:                 0.978s
CPU time for refinements:             1.900s
Average time for refinement:          0.046s
Max time for refinement:              0.177s
First time for refinement:             0.334s
Last time for refinement:              0.225s
Average time for analysis:          0.334s
Number of analysis:                22

Counterexample-Check Algorithm statistics
-----------------------------------------
Number of counterexample checks:    0

Code Coverage
-----------------------------
  Visited lines:          5119
  Total lines:            4
  Line coverage:          1279.750

CPAchecker general statistics
-----------------------------
Number of program locations:     1494
Number of CFA edges:             1615
Number of relevant variables:    137
Number of functions:             41
Number of loops:                 2
Size of reached set:             3289
  Number of reached locations:   1452 (97%)
    Avg states per location:     2
    Max states per location:     40 (at node N642)
  Number of reached functions:   35 (85%)
  Number of partitions:          3282
    Avg size of partitions:      1
    Max size of partitions:      4 (with key [N624 (before /work/ldvuser/novikov/work/current--X--drivers/net/wireless/wl12xx/wl12xx_sdio.ko--X--defaultlinux--X--08_1a--X--cpachecker/linux/csd_deg_dscv/26/dscv_tempdir/dscv/ri/08_1a/drivers/net/wireless/wl12xx/sdio.c.prepared, line 637), Function ldv_main0_sequence_infinite_withcheck_stateful called from node N497, stack depth 1 [42a9a63e], stack [ldv_main0_sequence_infinite_withcheck_stateful], Init])
  Number of target states:       0

Time for analysis setup:                   1.910s
  Time for loading CPAs:                   0.376s
  Time for impacted traverse:              0.002s
  Time for loading parser:        0.030s
  Time for CFA construction:      1.421s
    Time for parsing file(s):     0.476s
    Time for AST to CFA:          0.482s
    Time for CFA sanity check:    0.000s
    Time for post-processing:     0.299s
      Time for var class.:        0.000s
Time for Analysis:                         8.337s
CPU time for analysis:     16.560s

Time for Garbage Collector:       0.322s (in 11 runs)
Garbage Collector(s) used:    PS MarkSweep, PS Scavenge
Used heap memory:                402MB (   383 MiB) max;    123MB (   117 MiB) avg;    408MB (   389 MiB) peak
Used non-heap memory:             36MB (    35 MiB) max;     31MB (    29 MiB) avg;     39MB (    37 MiB) peak
Used in PS Old Gen pool:          27MB (    26 MiB) max;     20MB (    19 MiB) avg;     28MB (    26 MiB) peak
Allocated heap memory:           597MB (   569 MiB) max;    330MB (   315 MiB) avg
Allocated non-heap memory:        39MB (    37 MiB) max;     33MB (    32 MiB) avg
Total process virtual memory:  13242MB ( 12629 MiB) max;  13238MB ( 12625 MiB) avg

Verification result: TRUE. No property violation found by chosen configuration.
More details about the verification run can be found in the directory "/home/yqs17/blazer/cpachecker-inc-pred/output-ori-final/flat/drivers--net--wireless--wl12xx--wl12xx_sdio.ko.008.a81159e.08_1a.cil_safe.i".
