scripts/cpa.sh -heap 10000M -predicateAnalysis-ABEl-debug -setprop cpa.predicate.refinement.performInitialStaticRefinement=false -disable-java-assertions -outputpath /home/yqs17/blazer/cpachecker-inc-pred/output-ori-final/flat/drivers--usb--serial--cp210x.ko.041.2479e2a.32_7a.cil_safe.i -stats -spec /home/yqs17/blazer/cpachecker-inc-pred/LDVErrorLabel.spc -entryfunction ldv_main0_sequence_infinite_withcheck_stateful /home/yqs17/blazer/cpachecker-inc-pred/programs-flat/drivers--usb--serial--cp210x.ko.041.2479e2a.32_7a.cil_safe.i


--------------------------------------------------------------------------------


Running CPAchecker with Java heap of size 10000M.
Running CPAchecker with the following extra VM options:  -Djava.io.tmpdir=/tmp/BenchExec_run_c64iw__b/tmp
PredicateCPA statistics
-----------------------
Read Precision Time:                0.000s
Precision file size:                0
Write Precision Time:               0.003s
Number of abstractions:            98413 (11% of all post computations)
  Times abstraction was reused:    0
  Because of function entry/exit:  80783 (82%)
  Because of loop head:            17630 (18%)
  Because of join nodes:           0 (0%)
  Because of threshold:            0 (0%)
  Times precision was empty:       3569 (4%)
  Times precision was {false}:     2787 (3%)
  Times result was cached:         78387 (80%)
  Times cartesian abs was used:    0 (0%)
  Times boolean abs was used:      13670 (14%)
  Times result was 'false':        396 (0%)
Number of strengthen sat checks:   34
  Times result was 'false':        0 (0%)
Number of coverage checks:         236524
  BDD entailment checks:           36724
Number of SMT sat checks:          34
  trivial:                         34
  cached:                          0

Max ABE block size:                       35
Number of predicates discovered:          18
Number of abstraction locations:          0
Max number of predicates per location:    0
Avg number of predicates per location:    0
Total predicates per abstraction:         88846
Max number of predicates per abstraction: 11
Avg number of predicates per abstraction: 5.40
Number of irrelevant predicates:          33122 (37%)
Number of preds handled by boolean abs:   55724 (63%)
  Total number of models for allsat:      23513
  Max number of models for allsat:        11
  Avg number of models for allsat:        1.72

Number of path formula cache hits:   932707 (88%)

Time for post operator:                 30.610s
  Time for path formula creation:       11.624s
    Actual computation:                  9.160s
Time for strengthen operator:            0.573s
  Time for satisfiability checks:        0.001s
Time for prec operator:                 33.759s
  Time for abstraction:                 27.527s (Max:     0.142s, Count: 98413)
    Boolean abstraction:                 5.683s
    Solving time:                        2.877s (Max:     0.064s)
    Model enumeration time:              1.255s
    Time for BDD construction:           0.201s (Max:     0.004s)
Time for merge operator:                 4.165s
Time for coverage check:                 0.094s
  Time for BDD entailment checks:        0.068s
Total time for SMT solver (w/o itp):     4.132s

Number of BDD nodes:                               2963
Size of BDD node table:                            466043
Size of BDD cache:                                 46619
Size of BDD node cleanup queue:                       13398 (count: 113350, min: 0, max: 1960, avg: 0.12)
Time for BDD node cleanup:                             0.012s
Time for BDD garbage collection:                       0.000s (in 0 runs)

PrecisionBootstrap statistics
-----------------------------
Init. function predicates:                         0
Init. global predicates:                           0
Init. location predicates:                         0

----------------------

AutomatonAnalysis (SVCOMP) statistics
-------------------------------------
Number of states:                                  1
Total time for successor computation:                  0.517s
  Time for transition matches:                         0.159s
  Time for transition assertions:                      0.000s
  Time for transition actions:                         0.001s
Automaton transfers with branching:                0
Automaton transfer successors:                       888203 (count: 888203, min: 1, max: 1, avg: 1.00) [1 x 888203]

CPA algorithm statistics
------------------------
Number of iterations:            759409
Max size of waitlist:            80
Average size of waitlist:        32
Number of computed successors:   888203
Max successors for one state:    2
Number of times merged:          99900
Number of times stopped:         127993
Number of times abs stopped:     28093
Number of times nonAbs stopped:  0
Number of times doAbstraction node:  98413
Number of times breaked:         34

Total time for CPA algorithm:        80.777s (Max:     8.794s)
CPU time for CPA algorithm:         125.050s
  Time for choose from waitlist:      0.297s
  Time for precision adjustment:     34.798s
  Time for transfer relation:        36.048s
  Time for merge operator:            5.356s
  Time for stop operator:             1.036s
  Time for adding to reached set:     1.201s

Predicate-Abstraction Refiner statistics
----------------------------------------
Avg. length of target path (in blocks):                1690 (count: 34, min: 10, max: 137, avg: 49.71)
Number of infeasible sliced prefixes:                     0 (count: 0, min: 0, max: 0, avg: 0.00)

Time for refinement:                                   7.631s
  Counterexample analysis:                5.499s (Max:     0.674s, Calls: 34)
    Refinement sat check:                 0.441s
    Interpolant computation:              0.000s
  Error path post-processing:                          0.000s
  Path-formulas extraction:                            0.001s
  Building the counterexample trace:                   5.500s
  Extracting precise counterexample:                   0.000s
  Extracting infeasible sliced prefixes:               0.000s
  Selecting infeasible sliced prefixes:                0.000s
  Predicate creation:                                  0.014s
  Precision update:                                    0.008s
  ARG update:                                          2.076s

Length of refined path (in blocks):                    1519 (count: 34, min: 6, max: 136, avg: 44.68)
Number of affected states:                             1250 (count: 34, min: 4, max: 80, avg: 36.76)
Length (states) of path with itp 'true':                235 (count: 34, min: 0, max: 70, avg: 6.91)
Length (states) of path with itp non-trivial itp:      1250 (count: 34, min: 4, max: 80, avg: 36.76)
Length (states) of path with itp 'false':                34 (count: 34, min: 1, max: 1, avg: 1.00)
Different non-trivial interpolants along paths:          14 (count: 34, min: 0, max: 4, avg: 0.41)
Equal non-trivial interpolants along paths:            1202 (count: 34, min: 3, max: 76, avg: 35.35)
Different precisions along paths:                         0 (count: 0, min: 0, max: 0, avg: 0.00)
Equal precisions along paths:                             0 (count: 0, min: 0, max: 0, avg: 0.00)
Number of refs with location-based cutoff:                0

CEGAR algorithm statistics
--------------------------
Number of refinements:                34
Lazy expansion status:                false
Expansion times:                      0
Total path lengths:                   32488
SP times:                             0
Number of added holes:                0
Number of successful refinements:     34
Number of failed refinements:         0
Max. size of reached set before ref.: 52889
Max. size of reached set after ref.:  29680
Avg. size of reached set before ref.: 24852.88
Avg. size of reached set after ref.:  3021.09

Total time for CEGAR algorithm:      88.482s
CPU time for CEGAR algorithm:       137.760s
Time for refinements:                 7.702s
CPU time for refinements:            12.690s
Average time for refinement:          0.226s
Max time for refinement:              0.748s
First time for refinement:             2.307s
Last time for refinement:              1.799s
Average time for analysis:          2.307s
Number of analysis:                35

Counterexample-Check Algorithm statistics
-----------------------------------------
Number of counterexample checks:    0

Code Coverage
-----------------------------
  Visited lines:          3883
  Total lines:            10
  Line coverage:          388.300

CPAchecker general statistics
-----------------------------
Number of program locations:     1685
Number of CFA edges:             1956
Number of relevant variables:    139
Number of functions:             44
Number of loops:                 3
Size of reached set:             17534
  Number of reached locations:   1523 (90%)
    Avg states per location:     11
    Max states per location:     277 (at node N17)
  Number of reached functions:   27 (61%)
  Number of partitions:          17483
    Avg size of partitions:      1
    Max size of partitions:      5 (with key [N955 (before /work/ldvuser/novikov/work/current--X--drivers/usb/serial/cp210x.ko--X--defaultlinux--X--32_7a--X--cpachecker/linux/csd_deg_dscv/11/dscv_tempdir/dscv/ri/32_7a/drivers/usb/serial/cp210x.c.prepared, line 1494), Function ldv_main0_sequence_infinite_withcheck_stateful called from node N867, stack depth 1 [6a10b263], stack [ldv_main0_sequence_infinite_withcheck_stateful], Init])
  Number of target states:       0

Time for analysis setup:                   1.922s
  Time for loading CPAs:                   0.357s
  Time for impacted traverse:              0.002s
  Time for loading parser:        0.042s
  Time for CFA construction:      1.444s
    Time for parsing file(s):     0.406s
    Time for AST to CFA:          0.564s
    Time for CFA sanity check:    0.000s
    Time for post-processing:     0.312s
      Time for var class.:        0.000s
Time for Analysis:                        88.500s
CPU time for analysis:    137.790s

Time for Garbage Collector:       3.457s (in 41 runs)
Garbage Collector(s) used:    PS MarkSweep, PS Scavenge
Used heap memory:               3498MB (  3336 MiB) max;   1066MB (  1016 MiB) avg;   3544MB (  3380 MiB) peak
Used non-heap memory:             49MB (    47 MiB) max;     43MB (    41 MiB) avg;     49MB (    47 MiB) peak
Used in PS Old Gen pool:          97MB (    92 MiB) max;     65MB (    62 MiB) avg;     99MB (    94 MiB) peak
Allocated heap memory:          3617MB (  3449 MiB) max;   2156MB (  2056 MiB) avg
Allocated non-heap memory:        50MB (    48 MiB) max;     47MB (    45 MiB) avg
Total process virtual memory:  13242MB ( 12629 MiB) max;  13240MB ( 12626 MiB) avg

Verification result: TRUE. No property violation found by chosen configuration.
More details about the verification run can be found in the directory "/home/yqs17/blazer/cpachecker-inc-pred/output-ori-final/flat/drivers--usb--serial--cp210x.ko.041.2479e2a.32_7a.cil_safe.i".
