scripts/cpa.sh -heap 10000M -predicateAnalysis-ABEl-debug -setprop cpa.predicate.refinement.performInitialStaticRefinement=false -disable-java-assertions -outputpath /home/yqs17/blazer/cpachecker-inc-pred/output-ori-final/flat/drivers--hwmon--ads7871.ko.005.4e21f4e.32_7a.cil_safe.i -stats -spec /home/yqs17/blazer/cpachecker-inc-pred/LDVErrorLabel.spc -entryfunction ldv_main0_sequence_infinite_withcheck_stateful /home/yqs17/blazer/cpachecker-inc-pred/programs-flat/drivers--hwmon--ads7871.ko.005.4e21f4e.32_7a.cil_safe.i


--------------------------------------------------------------------------------


Running CPAchecker with Java heap of size 10000M.
Running CPAchecker with the following extra VM options:  -Djava.io.tmpdir=/tmp/BenchExec_run_x_2s0gil/tmp
PredicateCPA statistics
-----------------------
Read Precision Time:                0.000s
Precision file size:                0
Write Precision Time:               0.003s
Number of abstractions:            1911 (19% of all post computations)
  Times abstraction was reused:    0
  Because of function entry/exit:  1822 (95%)
  Because of loop head:            89 (5%)
  Because of join nodes:           0 (0%)
  Because of threshold:            0 (0%)
  Times precision was empty:       553 (29%)
  Times precision was {false}:     38 (2%)
  Times result was cached:         846 (44%)
  Times cartesian abs was used:    0 (0%)
  Times boolean abs was used:      474 (25%)
  Times result was 'false':        85 (4%)
Number of strengthen sat checks:   12
  Times result was 'false':        0 (0%)
Number of coverage checks:         720
  BDD entailment checks:           278
Number of SMT sat checks:          12
  trivial:                         12
  cached:                          0

Max ABE block size:                       20
Number of predicates discovered:          7
Number of abstraction locations:          0
Max number of predicates per location:    0
Avg number of predicates per location:    0
Total predicates per abstraction:         1354
Max number of predicates per abstraction: 6
Avg number of predicates per abstraction: 2.64
Number of irrelevant predicates:          229 (17%)
Number of preds handled by boolean abs:   1125 (83%)
  Total number of models for allsat:      513
  Max number of models for allsat:        3
  Avg number of models for allsat:        1.08

Number of path formula cache hits:   8946 (78%)

Time for post operator:                  0.961s
  Time for path formula creation:        0.604s
    Actual computation:                  0.483s
Time for strengthen operator:            0.042s
  Time for satisfiability checks:        0.002s
Time for prec operator:                  1.198s
  Time for abstraction:                  1.038s (Max:     0.016s, Count: 1911)
    Boolean abstraction:                 0.350s
    Solving time:                        0.136s (Max:     0.012s)
    Model enumeration time:              0.044s
    Time for BDD construction:           0.038s (Max:     0.008s)
Time for merge operator:                 0.018s
Time for coverage check:                 0.015s
  Time for BDD entailment checks:        0.013s
Total time for SMT solver (w/o itp):     0.180s

Number of BDD nodes:                               315
Size of BDD node table:                            466043
Size of BDD cache:                                 46619
Size of BDD node cleanup queue:                         617 (count: 6398, min: 0, max: 320, avg: 0.10)
Time for BDD node cleanup:                             0.005s
Time for BDD garbage collection:                       0.000s (in 0 runs)

PrecisionBootstrap statistics
-----------------------------
Init. function predicates:                         0
Init. global predicates:                           0
Init. location predicates:                         0

----------------------

AutomatonAnalysis (SVCOMP) statistics
-------------------------------------
Number of states:                                  1
Total time for successor computation:                  0.047s
Automaton transfers with branching:                0
Automaton transfer successors:                         9854 (count: 9854, min: 1, max: 1, avg: 1.00) [1 x 9854]

CPA algorithm statistics
------------------------
Number of iterations:            9366
Max size of waitlist:            16
Average size of waitlist:        7
Number of computed successors:   9854
Max successors for one state:    2
Number of times merged:          221
Number of times stopped:         361
Number of times abs stopped:     140
Number of times nonAbs stopped:  0
Number of times doAbstraction node:  1911
Number of times breaked:         12

Total time for CPA algorithm:         3.096s (Max:     0.512s)
CPU time for CPA algorithm:           6.110s
  Time for choose from waitlist:      0.038s
  Time for precision adjustment:      1.320s
  Time for transfer relation:         1.350s
  Time for merge operator:            0.042s
  Time for stop operator:             0.063s
  Time for adding to reached set:     0.068s

Predicate-Abstraction Refiner statistics
----------------------------------------
Avg. length of target path (in blocks):                 571 (count: 12, min: 6, max: 70, avg: 47.58)
Number of infeasible sliced prefixes:                     0 (count: 0, min: 0, max: 0, avg: 0.00)

Time for refinement:                                   1.236s
  Counterexample analysis:                1.004s (Max:     0.208s, Calls: 12)
    Refinement sat check:                 0.182s
    Interpolant computation:              0.000s
  Error path post-processing:                          0.000s
  Path-formulas extraction:                            0.001s
  Building the counterexample trace:                   1.004s
  Extracting precise counterexample:                   0.000s
  Extracting infeasible sliced prefixes:               0.000s
  Selecting infeasible sliced prefixes:                0.000s
  Predicate creation:                                  0.011s
  Precision update:                                    0.010s
  ARG update:                                          0.189s

Length of refined path (in blocks):                     551 (count: 12, min: 4, max: 69, avg: 45.92)
Number of affected states:                              530 (count: 12, min: 3, max: 67, avg: 44.17)
Length (states) of path with itp 'true':                  9 (count: 12, min: 0, max: 1, avg: 0.75)
Length (states) of path with itp non-trivial itp:       530 (count: 12, min: 3, max: 67, avg: 44.17)
Length (states) of path with itp 'false':                12 (count: 12, min: 1, max: 1, avg: 1.00)
Different non-trivial interpolants along paths:           4 (count: 12, min: 0, max: 2, avg: 0.33)
Equal non-trivial interpolants along paths:             514 (count: 12, min: 2, max: 66, avg: 42.83)
Different precisions along paths:                         0 (count: 0, min: 0, max: 0, avg: 0.00)
Equal precisions along paths:                             0 (count: 0, min: 0, max: 0, avg: 0.00)
Number of refs with location-based cutoff:                0

CEGAR algorithm statistics
--------------------------
Number of refinements:                12
Lazy expansion status:                false
Expansion times:                      0
Total path lengths:                   8499
SP times:                             0
Number of added holes:                0
Number of successful refinements:     12
Number of failed refinements:         0
Max. size of reached set before ref.: 1524
Max. size of reached set after ref.:  500
Avg. size of reached set before ref.: 1209.42
Avg. size of reached set after ref.:  498.50

Total time for CEGAR algorithm:       4.383s
CPU time for CEGAR algorithm:         8.660s
Time for refinements:                 1.284s
CPU time for refinements:             2.540s
Average time for refinement:          0.107s
Max time for refinement:              0.356s
First time for refinement:             0.238s
Last time for refinement:              0.055s
Average time for analysis:          0.238s
Number of analysis:                13

Counterexample-Check Algorithm statistics
-----------------------------------------
Number of counterexample checks:    0

Code Coverage
-----------------------------
  Visited lines:          1953
  Total lines:            24
  Line coverage:          81.375

CPAchecker general statistics
-----------------------------
Number of program locations:     1074
Number of CFA edges:             1173
Number of relevant variables:    111
Number of functions:             54
Number of loops:                 2
Size of reached set:             878
  Number of reached locations:   729 (68%)
    Avg states per location:     1
    Max states per location:     4 (at node N193)
  Number of reached functions:   20 (37%)
  Number of partitions:          877
    Avg size of partitions:      1
    Max size of partitions:      2 (with key [N329 (before /work/ldvuser/novikov/work/current--X--drivers/hwmon/ads7871.ko--X--defaultlinux--X--32_7a--X--cpachecker/linux/csd_deg_dscv/12/dscv_tempdir/dscv/ri/32_7a/drivers/hwmon/ads7871.c.prepared, line 414), Function ldv_main0_sequence_infinite_withcheck_stateful called from node N285, stack depth 1 [bcec031], stack [ldv_main0_sequence_infinite_withcheck_stateful], Init])
  Number of target states:       0

Time for analysis setup:                   1.582s
  Time for loading CPAs:                   0.361s
  Time for impacted traverse:              0.002s
  Time for loading parser:        0.038s
  Time for CFA construction:      1.110s
    Time for parsing file(s):     0.358s
    Time for AST to CFA:          0.397s
    Time for CFA sanity check:    0.000s
    Time for post-processing:     0.221s
      Time for var class.:        0.000s
Time for Analysis:                         4.385s
CPU time for analysis:      8.660s

Time for Garbage Collector:       0.199s (in 7 runs)
Garbage Collector(s) used:    PS MarkSweep, PS Scavenge
Used heap memory:                172MB (   164 MiB) max;     65MB (    62 MiB) avg;    201MB (   192 MiB) peak
Used non-heap memory:             36MB (    34 MiB) max;     29MB (    28 MiB) avg;     37MB (    36 MiB) peak
Used in PS Old Gen pool:          22MB (    21 MiB) max;     13MB (    12 MiB) avg;     23MB (    22 MiB) peak
Allocated heap memory:           342MB (   326 MiB) max;    219MB (   209 MiB) avg
Allocated non-heap memory:        38MB (    36 MiB) max;     31MB (    30 MiB) avg
Total process virtual memory:  13241MB ( 12628 MiB) max;  13237MB ( 12624 MiB) avg

Verification result: TRUE. No property violation found by chosen configuration.
More details about the verification run can be found in the directory "/home/yqs17/blazer/cpachecker-inc-pred/output-ori-final/flat/drivers--hwmon--ads7871.ko.005.4e21f4e.32_7a.cil_safe.i".
