scripts/cpa.sh -heap 10000M -predicateAnalysis-ABEl-debug -setprop cpa.predicate.refinement.performInitialStaticRefinement=false -disable-java-assertions -outputpath /home/yqs17/blazer/cpachecker-inc-pred/output-ori-final/flat/drivers--scsi--pcmcia--sym53c500_cs.ko.033.3e71661.08_1a.cil_safe.i -stats -spec /home/yqs17/blazer/cpachecker-inc-pred/LDVErrorLabel.spc -entryfunction ldv_main0_sequence_infinite_withcheck_stateful /home/yqs17/blazer/cpachecker-inc-pred/programs-flat/drivers--scsi--pcmcia--sym53c500_cs.ko.033.3e71661.08_1a.cil_safe.i


--------------------------------------------------------------------------------


Running CPAchecker with Java heap of size 10000M.
Running CPAchecker with the following extra VM options:  -Djava.io.tmpdir=/tmp/BenchExec_run_6d0y3y1m/tmp
PredicateCPA statistics
-----------------------
Read Precision Time:                0.000s
Precision file size:                0
Write Precision Time:               0.003s
Number of abstractions:            36023 (19% of all post computations)
  Times abstraction was reused:    0
  Because of function entry/exit:  35174 (98%)
  Because of loop head:            849 (2%)
  Because of join nodes:           0 (0%)
  Because of threshold:            0 (0%)
  Times precision was empty:       6066 (17%)
  Times precision was {false}:     722 (2%)
  Times result was cached:         28244 (78%)
  Times cartesian abs was used:    0 (0%)
  Times boolean abs was used:      991 (3%)
  Times result was 'false':        1371 (4%)
Number of strengthen sat checks:   23
  Times result was 'false':        0 (0%)
Number of coverage checks:         24877
  BDD entailment checks:           5479
Number of SMT sat checks:          23
  trivial:                         23
  cached:                          0

Max ABE block size:                       32
Number of predicates discovered:          15
Number of abstraction locations:          0
Max number of predicates per location:    0
Avg number of predicates per location:    0
Total predicates per abstraction:         5598
Max number of predicates per abstraction: 9
Avg number of predicates per abstraction: 3.27
Number of irrelevant predicates:          2791 (50%)
Number of preds handled by boolean abs:   2807 (50%)
  Total number of models for allsat:      1624
  Max number of models for allsat:        9
  Avg number of models for allsat:        1.64

Number of path formula cache hits:   152405 (69%)

Time for post operator:                  9.969s
  Time for path formula creation:        5.964s
    Actual computation:                  5.071s
Time for strengthen operator:            0.167s
  Time for satisfiability checks:        0.000s
Time for prec operator:                  5.812s
  Time for abstraction:                  4.509s (Max:     0.216s, Count: 36023)
    Boolean abstraction:                 0.591s
    Solving time:                        0.362s (Max:     0.013s)
    Model enumeration time:              0.078s
    Time for BDD construction:           0.043s (Max:     0.001s)
Time for merge operator:                 0.839s
Time for coverage check:                 0.040s
  Time for BDD entailment checks:        0.026s
Total time for SMT solver (w/o itp):     0.440s

Number of BDD nodes:                               653
Size of BDD node table:                            466043
Size of BDD cache:                                 46619
Size of BDD node cleanup queue:                        1755 (count: 25895, min: 0, max: 323, avg: 0.07)
Time for BDD node cleanup:                             0.010s
Time for BDD garbage collection:                       0.000s (in 0 runs)

PrecisionBootstrap statistics
-----------------------------
Init. function predicates:                         0
Init. global predicates:                           0
Init. location predicates:                         0

----------------------

AutomatonAnalysis (SVCOMP) statistics
-------------------------------------
Number of states:                                  1
Total time for successor computation:                  0.164s
Automaton transfers with branching:                0
Automaton transfer successors:                       187493 (count: 187493, min: 1, max: 1, avg: 1.00) [1 x 187493]

CPA algorithm statistics
------------------------
Number of iterations:            172138
Max size of waitlist:            47
Average size of waitlist:        26
Number of computed successors:   187493
Max successors for one state:    2
Number of times merged:          9699
Number of times stopped:         13986
Number of times abs stopped:     4287
Number of times nonAbs stopped:  0
Number of times doAbstraction node:  36023
Number of times breaked:         23

Total time for CPA algorithm:        21.605s (Max:     1.838s)
CPU time for CPA algorithm:          41.520s
  Time for choose from waitlist:      0.105s
  Time for precision adjustment:      6.239s
  Time for transfer relation:        12.366s
  Time for merge operator:            1.138s
  Time for stop operator:             0.347s
  Time for adding to reached set:     0.434s

Predicate-Abstraction Refiner statistics
----------------------------------------
Avg. length of target path (in blocks):                 920 (count: 23, min: 8, max: 71, avg: 40.00)
Number of infeasible sliced prefixes:                     0 (count: 0, min: 0, max: 0, avg: 0.00)

Time for refinement:                                   1.840s
  Counterexample analysis:                1.057s (Max:     0.151s, Calls: 23)
    Refinement sat check:                 0.167s
    Interpolant computation:              0.000s
  Error path post-processing:                          0.000s
  Path-formulas extraction:                            0.001s
  Building the counterexample trace:                   1.057s
  Extracting precise counterexample:                   0.000s
  Extracting infeasible sliced prefixes:               0.000s
  Selecting infeasible sliced prefixes:                0.000s
  Predicate creation:                                  0.013s
  Precision update:                                    0.006s
  ARG update:                                          0.726s

Length of refined path (in blocks):                     744 (count: 23, min: 7, max: 70, avg: 32.35)
Number of affected states:                              676 (count: 23, min: 2, max: 69, avg: 29.39)
Length (states) of path with itp 'true':                 45 (count: 23, min: 0, max: 14, avg: 1.96)
Length (states) of path with itp non-trivial itp:       676 (count: 23, min: 2, max: 69, avg: 29.39)
Length (states) of path with itp 'false':                23 (count: 23, min: 1, max: 1, avg: 1.00)
Different non-trivial interpolants along paths:          16 (count: 23, min: 0, max: 4, avg: 0.70)
Equal non-trivial interpolants along paths:             637 (count: 23, min: 1, max: 68, avg: 27.70)
Different precisions along paths:                         0 (count: 0, min: 0, max: 0, avg: 0.00)
Equal precisions along paths:                             0 (count: 0, min: 0, max: 0, avg: 0.00)
Number of refs with location-based cutoff:                0

CEGAR algorithm statistics
--------------------------
Number of refinements:                23
Lazy expansion status:                false
Expansion times:                      0
Total path lengths:                   22108
SP times:                             0
Number of added holes:                0
Number of successful refinements:     23
Number of failed refinements:         0
Max. size of reached set before ref.: 11695
Max. size of reached set after ref.:  11235
Avg. size of reached set before ref.: 10158.52
Avg. size of reached set after ref.:  2920.52

Total time for CEGAR algorithm:      23.506s
CPU time for CEGAR algorithm:        45.270s
Time for refinements:                 1.896s
CPU time for refinements:             3.750s
Average time for refinement:          0.082s
Max time for refinement:              0.173s
First time for refinement:             0.900s
Last time for refinement:              0.250s
Average time for analysis:          0.900s
Number of analysis:                24

Counterexample-Check Algorithm statistics
-----------------------------------------
Number of counterexample checks:    0

Code Coverage
-----------------------------
  Visited lines:          4355
  Total lines:            10
  Line coverage:          435.500

CPAchecker general statistics
-----------------------------
Number of program locations:     1850
Number of CFA edges:             2198
Number of relevant variables:    238
Number of functions:             50
Number of loops:                 10
Size of reached set:             5663
  Number of reached locations:   1630 (88%)
    Avg states per location:     3
    Max states per location:     238 (at node N231)
  Number of reached functions:   35 (70%)
  Number of partitions:          5656
    Avg size of partitions:      1
    Max size of partitions:      4 (with key [N1072 (before /work/ldvuser/novikov/work/current--X--drivers/scsi/pcmcia/sym53c500_cs.ko--X--defaultlinux--X--08_1a--X--cpachecker/linux/csd_deg_dscv/11/dscv_tempdir/dscv/ri/08_1a/drivers/scsi/pcmcia/sym53c500_cs.c.prepared, line 869), Function SYM53C500_probe called from node N1166, stack depth 2 [1ab009fb], stack [ldv_main0_sequence_infinite_withcheck_stateful, SYM53C500_probe], Init])
  Number of target states:       0

Time for analysis setup:                   1.944s
  Time for loading CPAs:                   0.364s
  Time for impacted traverse:              0.002s
  Time for loading parser:        0.032s
  Time for CFA construction:      1.475s
    Time for parsing file(s):     0.444s
    Time for AST to CFA:          0.505s
    Time for CFA sanity check:    0.000s
    Time for post-processing:     0.355s
      Time for var class.:        0.000s
Time for Analysis:                        23.513s
CPU time for analysis:     45.280s

Time for Garbage Collector:       0.978s (in 20 runs)
Garbage Collector(s) used:    PS MarkSweep, PS Scavenge
Used heap memory:               1083MB (  1033 MiB) max;    280MB (   267 MiB) avg;   1128MB (  1076 MiB) peak
Used non-heap memory:             41MB (    39 MiB) max;     35MB (    34 MiB) avg;     43MB (    41 MiB) peak
Used in PS Old Gen pool:          40MB (    38 MiB) max;     29MB (    28 MiB) avg;     40MB (    38 MiB) peak
Allocated heap memory:          1200MB (  1144 MiB) max;    620MB (   591 MiB) avg
Allocated non-heap memory:        44MB (    42 MiB) max;     38MB (    36 MiB) avg
Total process virtual memory:  13242MB ( 12628 MiB) max;  13239MB ( 12626 MiB) avg

Verification result: TRUE. No property violation found by chosen configuration.
More details about the verification run can be found in the directory "/home/yqs17/blazer/cpachecker-inc-pred/output-ori-final/flat/drivers--scsi--pcmcia--sym53c500_cs.ko.033.3e71661.08_1a.cil_safe.i".
