scripts/cpa.sh -heap 10000M -predicateAnalysis-ABEl-debug -setprop cpa.predicate.refinement.performInitialStaticRefinement=false -disable-java-assertions -outputpath /home/yqs17/blazer/cpachecker-inc-pred/output-ori-final/flat/drivers--usb--serial--spcp8x5.ko.023.60b33c1.39_7a.cil_safe.i -stats -spec /home/yqs17/blazer/cpachecker-inc-pred/LDVErrorLabel.spc -entryfunction ldv_main0_sequence_infinite_withcheck_stateful /home/yqs17/blazer/cpachecker-inc-pred/programs-flat/drivers--usb--serial--spcp8x5.ko.023.60b33c1.39_7a.cil_safe.i


--------------------------------------------------------------------------------


Running CPAchecker with Java heap of size 10000M.
Running CPAchecker with the following extra VM options:  -Djava.io.tmpdir=/tmp/BenchExec_run_7mbvfruh/tmp
PredicateCPA statistics
-----------------------
Read Precision Time:                0.000s
Precision file size:                0
Write Precision Time:               0.004s
Number of abstractions:            125041 (16% of all post computations)
  Times abstraction was reused:    0
  Because of function entry/exit:  119188 (95%)
  Because of loop head:            5853 (5%)
  Because of join nodes:           0 (0%)
  Because of threshold:            0 (0%)
  Times precision was empty:       362 (0%)
  Times precision was {false}:     403 (0%)
  Times result was cached:         113353 (91%)
  Times cartesian abs was used:    0 (0%)
  Times boolean abs was used:      10923 (9%)
  Times result was 'false':        8832 (7%)
Number of strengthen sat checks:   132
  Times result was 'false':        0 (0%)
Number of coverage checks:         148775
  BDD entailment checks:           28371
Number of SMT sat checks:          132
  trivial:                         132
  cached:                          0

Max ABE block size:                       35
Number of predicates discovered:          13
Number of abstraction locations:          0
Max number of predicates per location:    0
Avg number of predicates per location:    0
Total predicates per abstraction:         80883
Max number of predicates per abstraction: 11
Avg number of predicates per abstraction: 7.14
Number of irrelevant predicates:          25589 (32%)
Number of preds handled by boolean abs:   55294 (68%)
  Total number of models for allsat:      12778
  Max number of models for allsat:        3
  Avg number of models for allsat:        1.17

Number of path formula cache hits:   923977 (95%)

Time for post operator:                 24.789s
  Time for path formula creation:        5.589s
    Actual computation:                  3.861s
Time for strengthen operator:            0.548s
  Time for satisfiability checks:        0.001s
Time for prec operator:                 24.168s
  Time for abstraction:                 20.614s (Max:     0.046s, Count: 125041)
    Boolean abstraction:                 3.893s
    Solving time:                        1.305s (Max:     0.015s)
    Model enumeration time:              0.174s
    Time for BDD construction:           0.170s (Max:     0.001s)
Time for merge operator:                 1.732s
Time for coverage check:                 0.060s
  Time for BDD entailment checks:        0.046s
Total time for SMT solver (w/o itp):     1.479s

Number of BDD nodes:                               1750
Size of BDD node table:                            466043
Size of BDD cache:                                 46619
Size of BDD node cleanup queue:                       13584 (count: 83256, min: 0, max: 3404, avg: 0.16)
Time for BDD node cleanup:                             0.014s
Time for BDD garbage collection:                       0.000s (in 0 runs)

PrecisionBootstrap statistics
-----------------------------
Init. function predicates:                         0
Init. global predicates:                           0
Init. location predicates:                         0

----------------------

AutomatonAnalysis (SVCOMP) statistics
-------------------------------------
Number of states:                                  1
Total time for successor computation:                  0.369s
Automaton transfers with branching:                0
Automaton transfer successors:                       805808 (count: 805808, min: 1, max: 1, avg: 1.00) [1 x 805808]

CPA algorithm statistics
------------------------
Number of iterations:            717847
Max size of waitlist:            72
Average size of waitlist:        24
Number of computed successors:   805808
Max successors for one state:    2
Number of times merged:          60202
Number of times stopped:         78274
Number of times abs stopped:     18072
Number of times nonAbs stopped:  0
Number of times doAbstraction node:  125041
Number of times breaked:         132

Total time for CPA algorithm:        61.536s (Max:     1.639s)
CPU time for CPA algorithm:          96.350s
  Time for choose from waitlist:      0.258s
  Time for precision adjustment:     25.083s
  Time for transfer relation:        29.701s
  Time for merge operator:            2.489s
  Time for stop operator:             0.883s
  Time for adding to reached set:     1.192s

Predicate-Abstraction Refiner statistics
----------------------------------------
Avg. length of target path (in blocks):                3682 (count: 132, min: 12, max: 63, avg: 27.89)
Number of infeasible sliced prefixes:                     0 (count: 0, min: 0, max: 0, avg: 0.00)

Time for refinement:                                   5.501s
  Counterexample analysis:                3.462s (Max:     0.188s, Calls: 132)
    Refinement sat check:                 0.549s
    Interpolant computation:              0.000s
  Error path post-processing:                          0.000s
  Path-formulas extraction:                            0.003s
  Building the counterexample trace:                   3.463s
  Extracting precise counterexample:                   0.000s
  Extracting infeasible sliced prefixes:               0.000s
  Selecting infeasible sliced prefixes:                0.000s
  Predicate creation:                                  0.020s
  Precision update:                                    0.030s
  ARG update:                                          1.872s

Length of refined path (in blocks):                    3415 (count: 132, min: 8, max: 59, avg: 25.87)
Number of affected states:                             2957 (count: 132, min: 4, max: 58, avg: 22.40)
Length (states) of path with itp 'true':                326 (count: 132, min: 0, max: 36, avg: 2.47)
Length (states) of path with itp non-trivial itp:      2957 (count: 132, min: 4, max: 58, avg: 22.40)
Length (states) of path with itp 'false':               132 (count: 132, min: 1, max: 1, avg: 1.00)
Different non-trivial interpolants along paths:           6 (count: 132, min: 0, max: 2, avg: 0.05)
Equal non-trivial interpolants along paths:            2819 (count: 132, min: 3, max: 55, avg: 21.36)
Different precisions along paths:                         0 (count: 0, min: 0, max: 0, avg: 0.00)
Equal precisions along paths:                             0 (count: 0, min: 0, max: 0, avg: 0.00)
Number of refs with location-based cutoff:                0

CEGAR algorithm statistics
--------------------------
Number of refinements:                132
Lazy expansion status:                false
Expansion times:                      0
Total path lengths:                   114471
SP times:                             0
Number of added holes:                0
Number of successful refinements:     132
Number of failed refinements:         0
Max. size of reached set before ref.: 8254
Max. size of reached set after ref.:  2595
Avg. size of reached set before ref.: 6219.92
Avg. size of reached set after ref.:  813.55

Total time for CEGAR algorithm:      67.298s
CPU time for CEGAR algorithm:       106.220s
Time for refinements:                 5.755s
CPU time for refinements:             9.850s
Average time for refinement:          0.043s
Max time for refinement:              0.207s
First time for refinement:             0.462s
Last time for refinement:              0.861s
Average time for analysis:          0.462s
Number of analysis:                133

Counterexample-Check Algorithm statistics
-----------------------------------------
Number of counterexample checks:    0

Code Coverage
-----------------------------
  Visited lines:          3719
  Total lines:            10
  Line coverage:          371.900

CPAchecker general statistics
-----------------------------
Number of program locations:     2188
Number of CFA edges:             2513
Number of relevant variables:    283
Number of functions:             103
Number of loops:                 5
Size of reached set:             5062
  Number of reached locations:   1663 (76%)
    Avg states per location:     3
    Max states per location:     34 (at node N1069)
  Number of reached functions:   46 (45%)
  Number of partitions:          5050
    Avg size of partitions:      1
    Max size of partitions:      3 (with key [N985 (before /work/ldvuser/novikov/work/current--X--drivers/usb/serial/spcp8x5.ko--X--defaultlinux--X--39_7a--X--cpachecker/linux/csd_deg_dscv/11/dscv_tempdir/dscv/ri/39_7a/drivers/usb/serial/spcp8x5.c.prepared, line 1764), Function ldv_main0_sequence_infinite_withcheck_stateful called from node N879, stack depth 1 [e8fadb0], stack [ldv_main0_sequence_infinite_withcheck_stateful], Init])
  Number of target states:       0

Time for analysis setup:                   2.105s
  Time for loading CPAs:                   0.399s
  Time for impacted traverse:              0.002s
  Time for loading parser:        0.040s
  Time for CFA construction:      1.587s
    Time for parsing file(s):     0.494s
    Time for AST to CFA:          0.571s
    Time for CFA sanity check:    0.000s
    Time for post-processing:     0.361s
      Time for var class.:        0.000s
Time for Analysis:                        67.303s
CPU time for analysis:    106.230s

Time for Garbage Collector:       1.120s (in 41 runs)
Garbage Collector(s) used:    PS MarkSweep, PS Scavenge
Used heap memory:               2890MB (  2756 MiB) max;    889MB (   848 MiB) avg;   2941MB (  2805 MiB) peak
Used non-heap memory:             43MB (    41 MiB) max;     39MB (    37 MiB) avg;     46MB (    43 MiB) peak
Used in PS Old Gen pool:          37MB (    35 MiB) max;     30MB (    29 MiB) avg;     37MB (    35 MiB) peak
Allocated heap memory:          3186MB (  3039 MiB) max;   1772MB (  1690 MiB) avg
Allocated non-heap memory:        47MB (    44 MiB) max;     43MB (    41 MiB) avg
Total process virtual memory:  13242MB ( 12629 MiB) max;  13240MB ( 12626 MiB) avg

Verification result: TRUE. No property violation found by chosen configuration.
More details about the verification run can be found in the directory "/home/yqs17/blazer/cpachecker-inc-pred/output-ori-final/flat/drivers--usb--serial--spcp8x5.ko.023.60b33c1.39_7a.cil_safe.i".
