scripts/cpa.sh -heap 10000M -predicateAnalysis-ABEl-debug -setprop cpa.predicate.refinement.performInitialStaticRefinement=false -disable-java-assertions -outputpath /home/yqs17/blazer/cpachecker-inc-pred/output-ori-final/flat/drivers--media--video--videobuf-vmalloc.ko.011.ff699e6.32_1.cil_safe.i -stats -spec /home/yqs17/blazer/cpachecker-inc-pred/LDVErrorLabel.spc -entryfunction ldv_main0_sequence_infinite_withcheck_stateful /home/yqs17/blazer/cpachecker-inc-pred/programs-flat/drivers--media--video--videobuf-vmalloc.ko.011.ff699e6.32_1.cil_safe.i


--------------------------------------------------------------------------------


Running CPAchecker with Java heap of size 10000M.
Running CPAchecker with the following extra VM options:  -Djava.io.tmpdir=/tmp/BenchExec_run_bvk6uy50/tmp
PredicateCPA statistics
-----------------------
Read Precision Time:                0.000s
Precision file size:                0
Write Precision Time:               0.004s
Number of abstractions:            3103 (12% of all post computations)
  Times abstraction was reused:    0
  Because of function entry/exit:  2723 (88%)
  Because of loop head:            380 (12%)
  Because of join nodes:           0 (0%)
  Because of threshold:            0 (0%)
  Times precision was empty:       284 (9%)
  Times precision was {false}:     175 (6%)
  Times result was cached:         1969 (63%)
  Times cartesian abs was used:    0 (0%)
  Times boolean abs was used:      675 (22%)
  Times result was 'false':        64 (2%)
Number of strengthen sat checks:   17
  Times result was 'false':        0 (0%)
Number of coverage checks:         3942
  BDD entailment checks:           1016
Number of SMT sat checks:          17
  trivial:                         17
  cached:                          0

Max ABE block size:                       25
Number of predicates discovered:          5
Number of abstraction locations:          0
Max number of predicates per location:    0
Avg number of predicates per location:    0
Total predicates per abstraction:         1256
Max number of predicates per abstraction: 4
Avg number of predicates per abstraction: 1.48
Number of irrelevant predicates:          436 (35%)
Number of preds handled by boolean abs:   820 (65%)
  Total number of models for allsat:      682
  Max number of models for allsat:        2
  Avg number of models for allsat:        1.01

Number of path formula cache hits:   20649 (70%)

Time for post operator:                  1.800s
  Time for path formula creation:        1.140s
    Actual computation:                  1.036s
Time for strengthen operator:            0.043s
  Time for satisfiability checks:        0.000s
Time for prec operator:                  1.830s
  Time for abstraction:                  1.589s (Max:     0.033s, Count: 3103)
    Boolean abstraction:                 0.291s
    Solving time:                        0.237s (Max:     0.010s)
    Model enumeration time:              0.012s
    Time for BDD construction:           0.027s (Max:     0.002s)
Time for merge operator:                 0.333s
Time for coverage check:                 0.019s
  Time for BDD entailment checks:        0.017s
Total time for SMT solver (w/o itp):     0.249s

Number of BDD nodes:                               220
Size of BDD node table:                            466043
Size of BDD cache:                                 46619
Size of BDD node cleanup queue:                         694 (count: 8194, min: 0, max: 268, avg: 0.08)
Time for BDD node cleanup:                             0.001s
Time for BDD garbage collection:                       0.000s (in 0 runs)

PrecisionBootstrap statistics
-----------------------------
Init. function predicates:                         0
Init. global predicates:                           0
Init. location predicates:                         0

----------------------

AutomatonAnalysis (SVCOMP) statistics
-------------------------------------
Number of states:                                  1
Total time for successor computation:                  0.089s
Automaton transfers with branching:                0
Automaton transfer successors:                        26615 (count: 26615, min: 1, max: 1, avg: 1.00) [1 x 26615]

CPA algorithm statistics
------------------------
Number of iterations:            24317
Max size of waitlist:            33
Average size of waitlist:        16
Number of computed successors:   26615
Max successors for one state:    2
Number of times merged:          1463
Number of times stopped:         1984
Number of times abs stopped:     521
Number of times nonAbs stopped:  0
Number of times doAbstraction node:  3103
Number of times breaked:         17

Total time for CPA algorithm:         5.565s (Max:     0.692s)
CPU time for CPA algorithm:          11.020s
  Time for choose from waitlist:      0.049s
  Time for precision adjustment:      1.969s
  Time for transfer relation:         2.433s
  Time for merge operator:            0.433s
  Time for stop operator:             0.139s
  Time for adding to reached set:     0.147s

Predicate-Abstraction Refiner statistics
----------------------------------------
Avg. length of target path (in blocks):                 218 (count: 17, min: 4, max: 23, avg: 12.82)
Number of infeasible sliced prefixes:                     0 (count: 0, min: 0, max: 0, avg: 0.00)

Time for refinement:                                   0.610s
  Counterexample analysis:                0.451s (Max:     0.098s, Calls: 17)
    Refinement sat check:                 0.145s
    Interpolant computation:              0.000s
  Error path post-processing:                          0.000s
  Path-formulas extraction:                            0.000s
  Building the counterexample trace:                   0.452s
  Extracting precise counterexample:                   0.000s
  Extracting infeasible sliced prefixes:               0.000s
  Selecting infeasible sliced prefixes:                0.000s
  Predicate creation:                                  0.005s
  Precision update:                                    0.013s
  ARG update:                                          0.120s

Length of refined path (in blocks):                     186 (count: 17, min: 2, max: 22, avg: 10.94)
Number of affected states:                              156 (count: 17, min: 1, max: 21, avg: 9.18)
Length (states) of path with itp 'true':                 13 (count: 17, min: 0, max: 7, avg: 0.76)
Length (states) of path with itp non-trivial itp:       156 (count: 17, min: 1, max: 21, avg: 9.18)
Length (states) of path with itp 'false':                17 (count: 17, min: 1, max: 1, avg: 1.00)
Different non-trivial interpolants along paths:           0 (count: 17, min: 0, max: 0, avg: 0.00)
Equal non-trivial interpolants along paths:             139 (count: 17, min: 0, max: 20, avg: 8.18)
Different precisions along paths:                         0 (count: 0, min: 0, max: 0, avg: 0.00)
Equal precisions along paths:                             0 (count: 0, min: 0, max: 0, avg: 0.00)
Number of refs with location-based cutoff:                0

CEGAR algorithm statistics
--------------------------
Number of refinements:                17
Lazy expansion status:                false
Expansion times:                      0
Total path lengths:                   9729
SP times:                             0
Number of added holes:                0
Number of successful refinements:     17
Number of failed refinements:         0
Max. size of reached set before ref.: 2754
Max. size of reached set after ref.:  2113
Avg. size of reached set before ref.: 2028.41
Avg. size of reached set after ref.:  681.82

Total time for CEGAR algorithm:       6.213s
CPU time for CEGAR algorithm:        12.310s
Time for refinements:                 0.644s
CPU time for refinements:             1.290s
Average time for refinement:          0.037s
Max time for refinement:              0.113s
First time for refinement:             0.309s
Last time for refinement:              0.103s
Average time for analysis:          0.309s
Number of analysis:                18

Counterexample-Check Algorithm statistics
-----------------------------------------
Number of counterexample checks:    0

Code Coverage
-----------------------------
  Visited lines:          2566
  Total lines:            15
  Line coverage:          171.067

CPAchecker general statistics
-----------------------------
Number of program locations:     1081
Number of CFA edges:             1188
Number of relevant variables:    113
Number of functions:             24
Number of loops:                 4
Size of reached set:             1676
  Number of reached locations:   957 (89%)
    Avg states per location:     1
    Max states per location:     24 (at node N616)
  Number of reached functions:   16 (67%)
  Number of partitions:          1666
    Avg size of partitions:      1
    Max size of partitions:      3 (with key [N45 (before /work/ldvuser/novikov/work/current--X--drivers/media/video/videobuf-vmalloc.ko--X--defaultlinux--X--32_1--X--cpachecker/linux/csd_deg_dscv/11/dscv_tempdir/dscv/ri/32_1/drivers/media/video/videobuf-vmalloc.c, lines 75-106), Function videobuf_vm_close called from node N568, stack depth 2 [69e636cc], stack [ldv_main0_sequence_infinite_withcheck_stateful, videobuf_vm_close], Init])
  Number of target states:       0

Time for analysis setup:                   1.574s
  Time for loading CPAs:                   0.365s
  Time for impacted traverse:              0.002s
  Time for loading parser:        0.034s
  Time for CFA construction:      1.094s
    Time for parsing file(s):     0.373s
    Time for AST to CFA:          0.354s
    Time for CFA sanity check:    0.000s
    Time for post-processing:     0.229s
      Time for var class.:        0.000s
Time for Analysis:                         6.215s
CPU time for analysis:     12.310s

Time for Garbage Collector:       0.227s (in 9 runs)
Garbage Collector(s) used:    PS MarkSweep, PS Scavenge
Used heap memory:                246MB (   235 MiB) max;     86MB (    82 MiB) avg;    251MB (   240 MiB) peak
Used non-heap memory:             35MB (    34 MiB) max;     30MB (    29 MiB) avg;     38MB (    36 MiB) peak
Used in PS Old Gen pool:          23MB (    22 MiB) max;     16MB (    15 MiB) avg;     24MB (    23 MiB) peak
Allocated heap memory:           430MB (   411 MiB) max;    254MB (   242 MiB) avg
Allocated non-heap memory:        38MB (    37 MiB) max;     33MB (    31 MiB) avg
Total process virtual memory:  13242MB ( 12628 MiB) max;  13238MB ( 12624 MiB) avg

Verification result: TRUE. No property violation found by chosen configuration.
More details about the verification run can be found in the directory "/home/yqs17/blazer/cpachecker-inc-pred/output-ori-final/flat/drivers--media--video--videobuf-vmalloc.ko.011.ff699e6.32_1.cil_safe.i".
