scripts/cpa.sh -heap 10000M -predicateAnalysis-ABEl-debug -setprop cpa.predicate.refinement.performInitialStaticRefinement=false -disable-java-assertions -outputpath /home/yqs17/blazer/cpachecker-inc-pred/output-ori-final/flat/drivers--mtd--mtdoops.ko.047.cd409c6.39_7a.cil_safe.i -stats -spec /home/yqs17/blazer/cpachecker-inc-pred/LDVErrorLabel.spc -entryfunction ldv_main0_sequence_infinite_withcheck_stateful /home/yqs17/blazer/cpachecker-inc-pred/programs-flat/drivers--mtd--mtdoops.ko.047.cd409c6.39_7a.cil_safe.i


--------------------------------------------------------------------------------


Running CPAchecker with Java heap of size 10000M.
Running CPAchecker with the following extra VM options:  -Djava.io.tmpdir=/tmp/BenchExec_run_v741qga4/tmp
PredicateCPA statistics
-----------------------
Read Precision Time:                0.000s
Precision file size:                0
Write Precision Time:               0.004s
Number of abstractions:            2682 (11% of all post computations)
  Times abstraction was reused:    0
  Because of function entry/exit:  2264 (84%)
  Because of loop head:            418 (16%)
  Because of join nodes:           0 (0%)
  Because of threshold:            0 (0%)
  Times precision was empty:       499 (19%)
  Times precision was {false}:     99 (4%)
  Times result was cached:         1772 (66%)
  Times cartesian abs was used:    0 (0%)
  Times boolean abs was used:      312 (12%)
  Times result was 'false':        102 (4%)
Number of strengthen sat checks:   20
  Times result was 'false':        0 (0%)
Number of coverage checks:         6547
  BDD entailment checks:           879
Number of SMT sat checks:          20
  trivial:                         20
  cached:                          0

Max ABE block size:                       23
Number of predicates discovered:          5
Number of abstraction locations:          0
Max number of predicates per location:    0
Avg number of predicates per location:    0
Total predicates per abstraction:         1116
Max number of predicates per abstraction: 4
Avg number of predicates per abstraction: 2.72
Number of irrelevant predicates:          414 (37%)
Number of preds handled by boolean abs:   702 (63%)
  Total number of models for allsat:      312
  Max number of models for allsat:        1
  Avg number of models for allsat:        1.00

Number of path formula cache hits:   25830 (89%)

Time for post operator:                  1.630s
  Time for path formula creation:        0.828s
    Actual computation:                  0.704s
Time for strengthen operator:            0.047s
  Time for satisfiability checks:        0.000s
Time for prec operator:                  1.951s
  Time for abstraction:                  1.688s (Max:     0.151s, Count: 2682)
    Boolean abstraction:                 0.328s
    Solving time:                        0.276s (Max:     0.014s)
    Model enumeration time:              0.007s
    Time for BDD construction:           0.016s (Max:     0.002s)
Time for merge operator:                 0.229s
Time for coverage check:                 0.017s
  Time for BDD entailment checks:        0.015s
Total time for SMT solver (w/o itp):     0.283s

Number of BDD nodes:                               217
Size of BDD node table:                            466043
Size of BDD cache:                                 46619
Size of BDD node cleanup queue:                         263 (count: 7403, min: 0, max: 86, avg: 0.04)
Time for BDD node cleanup:                             0.002s
Time for BDD garbage collection:                       0.000s (in 0 runs)

PrecisionBootstrap statistics
-----------------------------
Init. function predicates:                         0
Init. global predicates:                           0
Init. location predicates:                         0

----------------------

AutomatonAnalysis (SVCOMP) statistics
-------------------------------------
Number of states:                                  1
Total time for successor computation:                  0.088s
Automaton transfers with branching:                0
Automaton transfer successors:                        24049 (count: 24049, min: 1, max: 1, avg: 1.00) [1 x 24049]

CPA algorithm statistics
------------------------
Number of iterations:            20551
Max size of waitlist:            42
Average size of waitlist:        14
Number of computed successors:   24049
Max successors for one state:    2
Number of times merged:          2834
Number of times stopped:         3329
Number of times abs stopped:     495
Number of times nonAbs stopped:  0
Number of times doAbstraction node:  2682
Number of times breaked:         20

Total time for CPA algorithm:         5.330s (Max:     0.785s)
CPU time for CPA algorithm:          10.570s
  Time for choose from waitlist:      0.041s
  Time for precision adjustment:      2.093s
  Time for transfer relation:         2.210s
  Time for merge operator:            0.369s
  Time for stop operator:             0.105s
  Time for adding to reached set:     0.124s

Predicate-Abstraction Refiner statistics
----------------------------------------
Avg. length of target path (in blocks):                 564 (count: 20, min: 14, max: 41, avg: 28.20)
Number of infeasible sliced prefixes:                     0 (count: 0, min: 0, max: 0, avg: 0.00)

Time for refinement:                                   1.724s
  Counterexample analysis:                1.554s (Max:     0.185s, Calls: 20)
    Refinement sat check:                 0.344s
    Interpolant computation:              0.000s
  Error path post-processing:                          0.000s
  Path-formulas extraction:                            0.003s
  Building the counterexample trace:                   1.554s
  Extracting precise counterexample:                   0.000s
  Extracting infeasible sliced prefixes:               0.000s
  Selecting infeasible sliced prefixes:                0.000s
  Predicate creation:                                  0.011s
  Precision update:                                    0.016s
  ARG update:                                          0.118s

Length of refined path (in blocks):                     544 (count: 20, min: 13, max: 40, avg: 27.20)
Number of affected states:                              504 (count: 20, min: 11, max: 38, avg: 25.20)
Length (states) of path with itp 'true':                 20 (count: 20, min: 1, max: 1, avg: 1.00)
Length (states) of path with itp non-trivial itp:       504 (count: 20, min: 11, max: 38, avg: 25.20)
Length (states) of path with itp 'false':                20 (count: 20, min: 1, max: 1, avg: 1.00)
Different non-trivial interpolants along paths:           0 (count: 20, min: 0, max: 0, avg: 0.00)
Equal non-trivial interpolants along paths:             484 (count: 20, min: 10, max: 37, avg: 24.20)
Different precisions along paths:                         0 (count: 0, min: 0, max: 0, avg: 0.00)
Equal precisions along paths:                             0 (count: 0, min: 0, max: 0, avg: 0.00)
Number of refs with location-based cutoff:                0

CEGAR algorithm statistics
--------------------------
Number of refinements:                20
Lazy expansion status:                false
Expansion times:                      0
Total path lengths:                   13960
SP times:                             0
Number of added holes:                0
Number of successful refinements:     20
Number of failed refinements:         0
Max. size of reached set before ref.: 1956
Max. size of reached set after ref.:  521
Avg. size of reached set before ref.: 1504.25
Avg. size of reached set after ref.:  521.00

Total time for CEGAR algorithm:       7.114s
CPU time for CEGAR algorithm:        14.130s
Time for refinements:                 1.781s
CPU time for refinements:             3.560s
Average time for refinement:          0.089s
Max time for refinement:              0.219s
First time for refinement:             0.253s
Last time for refinement:              0.078s
Average time for analysis:          0.253s
Number of analysis:                21

Counterexample-Check Algorithm statistics
-----------------------------------------
Number of counterexample checks:    0

Code Coverage
-----------------------------
  Visited lines:          2029
  Total lines:            12
  Line coverage:          169.083

CPAchecker general statistics
-----------------------------
Number of program locations:     1418
Number of CFA edges:             1563
Number of relevant variables:    166
Number of functions:             63
Number of loops:                 5
Size of reached set:             954
  Number of reached locations:   855 (60%)
    Avg states per location:     1
    Max states per location:     4 (at node N462)
  Number of reached functions:   19 (30%)
  Number of partitions:          954
    Avg size of partitions:      1
    Max size of partitions:      1
  Number of target states:       0

Time for analysis setup:                   1.650s
  Time for loading CPAs:                   0.368s
  Time for impacted traverse:              0.002s
  Time for loading parser:        0.027s
  Time for CFA construction:      1.185s
    Time for parsing file(s):     0.376s
    Time for AST to CFA:          0.425s
    Time for CFA sanity check:    0.000s
    Time for post-processing:     0.247s
      Time for var class.:        0.000s
Time for Analysis:                         7.116s
CPU time for analysis:     14.130s

Time for Garbage Collector:       0.246s (in 9 runs)
Garbage Collector(s) used:    PS MarkSweep, PS Scavenge
Used heap memory:                488MB (   465 MiB) max;    129MB (   123 MiB) avg;    511MB (   488 MiB) peak
Used non-heap memory:             35MB (    34 MiB) max;     30MB (    29 MiB) avg;     38MB (    36 MiB) peak
Used in PS Old Gen pool:          23MB (    22 MiB) max;     17MB (    16 MiB) avg;     23MB (    22 MiB) peak
Allocated heap memory:           619MB (   590 MiB) max;    328MB (   312 MiB) avg
Allocated non-heap memory:        39MB (    37 MiB) max;     33MB (    31 MiB) avg
Total process virtual memory:  13242MB ( 12628 MiB) max;  13238MB ( 12625 MiB) avg

Verification result: TRUE. No property violation found by chosen configuration.
More details about the verification run can be found in the directory "/home/yqs17/blazer/cpachecker-inc-pred/output-ori-final/flat/drivers--mtd--mtdoops.ko.047.cd409c6.39_7a.cil_safe.i".
