scripts/cpa.sh -heap 10000M -predicateAnalysis-ABEl-debug -setprop cpa.predicate.refinement.performInitialStaticRefinement=false -disable-java-assertions -outputpath /home/yqs17/blazer/cpachecker-inc-pred/output-ori-final/flat/drivers--usb--serial--cp210x.ko.065.5bbfa6f.39_7a.cil_safe.i -stats -spec /home/yqs17/blazer/cpachecker-inc-pred/LDVErrorLabel.spc -entryfunction ldv_main0_sequence_infinite_withcheck_stateful /home/yqs17/blazer/cpachecker-inc-pred/programs-flat/drivers--usb--serial--cp210x.ko.065.5bbfa6f.39_7a.cil_safe.i


--------------------------------------------------------------------------------


Running CPAchecker with Java heap of size 10000M.
Running CPAchecker with the following extra VM options:  -Djava.io.tmpdir=/tmp/BenchExec_run_5h95o5ip/tmp
PredicateCPA statistics
-----------------------
Read Precision Time:                0.000s
Precision file size:                0
Write Precision Time:               0.003s
Number of abstractions:            268876 (13% of all post computations)
  Times abstraction was reused:    0
  Because of function entry/exit:  229279 (85%)
  Because of loop head:            39597 (15%)
  Because of join nodes:           0 (0%)
  Because of threshold:            0 (0%)
  Times precision was empty:       49350 (18%)
  Times precision was {false}:     3798 (1%)
  Times result was cached:         181824 (68%)
  Times cartesian abs was used:    0 (0%)
  Times boolean abs was used:      33904 (13%)
  Times result was 'false':        1757 (1%)
Number of strengthen sat checks:   79
  Times result was 'false':        0 (0%)
Number of coverage checks:         481422
  BDD entailment checks:           71808
Number of SMT sat checks:          79
  trivial:                         79
  cached:                          0

Max ABE block size:                       33
Number of predicates discovered:          21
Number of abstraction locations:          0
Max number of predicates per location:    0
Avg number of predicates per location:    0
Total predicates per abstraction:         343061
Max number of predicates per abstraction: 15
Avg number of predicates per abstraction: 9.10
Number of irrelevant predicates:          168784 (49%)
Number of preds handled by boolean abs:   174277 (51%)
  Total number of models for allsat:      55379
  Max number of models for allsat:        6
  Avg number of models for allsat:        1.63

Number of path formula cache hits:   2210306 (88%)

Time for post operator:                 74.884s
  Time for path formula creation:       20.268s
    Actual computation:                 15.192s
Time for strengthen operator:            1.236s
  Time for satisfiability checks:        0.001s
Time for prec operator:                 72.292s
  Time for abstraction:                 59.087s (Max:     0.190s, Count: 268876)
    Boolean abstraction:                12.857s
    Solving time:                        4.309s (Max:     0.012s)
    Model enumeration time:              3.285s
    Time for BDD construction:           0.373s (Max:     0.004s)
Time for merge operator:                 6.709s
Time for coverage check:                 0.143s
  Time for BDD entailment checks:        0.102s
Total time for SMT solver (w/o itp):     7.594s

Number of BDD nodes:                               5843
Size of BDD node table:                            466043
Size of BDD cache:                                 46619
Size of BDD node cleanup queue:                       41566 (count: 283341, min: 0, max: 2909, avg: 0.15)
Time for BDD node cleanup:                             0.039s
Time for BDD garbage collection:                       0.000s (in 0 runs)

PrecisionBootstrap statistics
-----------------------------
Init. function predicates:                         0
Init. global predicates:                           0
Init. location predicates:                         0

----------------------

AutomatonAnalysis (SVCOMP) statistics
-------------------------------------
Number of states:                                  1
Total time for successor computation:                  0.726s
  Time for transition matches:                         0.211s
  Time for transition assertions:                      0.000s
  Time for transition actions:                         0.001s
Automaton transfers with branching:                0
Automaton transfer successors:                      2114018 (count: 2114018, min: 1, max: 1, avg: 1.00) [1 x 2114018]

CPA algorithm statistics
------------------------
Number of iterations:            1845684
Max size of waitlist:            68
Average size of waitlist:        27
Number of computed successors:   2114018
Max successors for one state:    2
Number of times merged:          204807
Number of times stopped:         266238
Number of times abs stopped:     61431
Number of times nonAbs stopped:  0
Number of times doAbstraction node:  268876
Number of times breaked:         79

Total time for CPA algorithm:       178.369s (Max:     7.717s)
CPU time for CPA algorithm:         241.790s
  Time for choose from waitlist:      0.594s
  Time for precision adjustment:     74.294s
  Time for transfer relation:        86.019s
  Time for merge operator:            8.839s
  Time for stop operator:             1.879s
  Time for adding to reached set:     2.535s

Predicate-Abstraction Refiner statistics
----------------------------------------
Avg. length of target path (in blocks):                2951 (count: 79, min: 6, max: 104, avg: 37.35)
Number of infeasible sliced prefixes:                     0 (count: 0, min: 0, max: 0, avg: 0.00)

Time for refinement:                                  10.743s
  Counterexample analysis:                5.505s (Max:     0.434s, Calls: 79)
    Refinement sat check:                 0.423s
    Interpolant computation:              0.000s
  Error path post-processing:                          0.000s
  Path-formulas extraction:                            0.000s
  Building the counterexample trace:                   5.505s
  Extracting precise counterexample:                   0.000s
  Extracting infeasible sliced prefixes:               0.000s
  Selecting infeasible sliced prefixes:                0.000s
  Predicate creation:                                  0.021s
  Precision update:                                    0.018s
  ARG update:                                          5.121s

Length of refined path (in blocks):                    2744 (count: 79, min: 4, max: 96, avg: 34.73)
Number of affected states:                             2503 (count: 79, min: 3, max: 95, avg: 31.68)
Length (states) of path with itp 'true':                162 (count: 79, min: 0, max: 81, avg: 2.05)
Length (states) of path with itp non-trivial itp:      2503 (count: 79, min: 3, max: 95, avg: 31.68)
Length (states) of path with itp 'false':                79 (count: 79, min: 1, max: 1, avg: 1.00)
Different non-trivial interpolants along paths:          26 (count: 79, min: 0, max: 3, avg: 0.33)
Equal non-trivial interpolants along paths:            2398 (count: 79, min: 1, max: 92, avg: 30.35)
Different precisions along paths:                         0 (count: 0, min: 0, max: 0, avg: 0.00)
Equal precisions along paths:                             0 (count: 0, min: 0, max: 0, avg: 0.00)
Number of refs with location-based cutoff:                0

CEGAR algorithm statistics
--------------------------
Number of refinements:                79
Lazy expansion status:                false
Expansion times:                      0
Total path lengths:                   71860
SP times:                             0
Number of added holes:                0
Number of successful refinements:     79
Number of failed refinements:         0
Max. size of reached set before ref.: 51546
Max. size of reached set after ref.:  30805
Avg. size of reached set before ref.: 24442.22
Avg. size of reached set after ref.:  1341.06

Total time for CEGAR algorithm:     189.604s
CPU time for CEGAR algorithm:       257.980s
Time for refinements:                11.233s
CPU time for refinements:            16.190s
Average time for refinement:          0.142s
Max time for refinement:              0.507s
First time for refinement:             2.229s
Last time for refinement:              3.001s
Average time for analysis:          2.229s
Number of analysis:                80

Counterexample-Check Algorithm statistics
-----------------------------------------
Number of counterexample checks:    0

Code Coverage
-----------------------------
  Visited lines:          3754
  Total lines:            10
  Line coverage:          375.400

CPAchecker general statistics
-----------------------------
Number of program locations:     2034
Number of CFA edges:             2348
Number of relevant variables:    187
Number of functions:             79
Number of loops:                 5
Size of reached set:             21033
  Number of reached locations:   1567 (77%)
    Avg states per location:     13
    Max states per location:     282 (at node N29)
  Number of reached functions:   27 (34%)
  Number of partitions:          20985
    Avg size of partitions:      1
    Max size of partitions:      6 (with key [N972 (before /work/ldvuser/novikov/work/current--X--drivers/usb/serial/cp210x.ko--X--defaultlinux--X--39_7a--X--cpachecker/linux/csd_deg_dscv/12/dscv_tempdir/dscv/ri/39_7a/drivers/usb/serial/cp210x.c.prepared, line 1607), Function ldv_main0_sequence_infinite_withcheck_stateful called from node N882, stack depth 1 [39ab59f8], stack [ldv_main0_sequence_infinite_withcheck_stateful], Init])
  Number of target states:       0

Time for analysis setup:                   1.962s
  Time for loading CPAs:                   0.370s
  Time for impacted traverse:              0.002s
  Time for loading parser:        0.034s
  Time for CFA construction:      1.479s
    Time for parsing file(s):     0.516s
    Time for AST to CFA:          0.514s
    Time for CFA sanity check:    0.000s
    Time for post-processing:     0.282s
      Time for var class.:        0.000s
Time for Analysis:                       189.623s
CPU time for analysis:    258.010s

Time for Garbage Collector:       7.994s (in 66 runs)
Garbage Collector(s) used:    PS MarkSweep, PS Scavenge
Used heap memory:               3589MB (  3423 MiB) max;   1573MB (  1500 MiB) avg;   3689MB (  3518 MiB) peak
Used non-heap memory:             44MB (    42 MiB) max;     42MB (    40 MiB) avg;     46MB (    44 MiB) peak
Used in PS Old Gen pool:         184MB (   176 MiB) max;    104MB (    99 MiB) avg;    186MB (   177 MiB) peak
Allocated heap memory:          3703MB (  3532 MiB) max;   3094MB (  2951 MiB) avg
Allocated non-heap memory:        48MB (    46 MiB) max;     45MB (    43 MiB) avg
Total process virtual memory:  13242MB ( 12628 MiB) max;  13240MB ( 12626 MiB) avg

Verification result: TRUE. No property violation found by chosen configuration.
More details about the verification run can be found in the directory "/home/yqs17/blazer/cpachecker-inc-pred/output-ori-final/flat/drivers--usb--serial--cp210x.ko.065.5bbfa6f.39_7a.cil_safe.i".
