scripts/cpa.sh -heap 10000M -predicateAnalysis-ABEl-debug -setprop cpa.predicate.refinement.performInitialStaticRefinement=false -disable-java-assertions -outputpath /home/yqs17/blazer/cpachecker-inc-pred/output-ori-final/flat/drivers--target--loopback--tcm_loop.ko.011.dc2e652.08_1a.cil_safe.i -stats -spec /home/yqs17/blazer/cpachecker-inc-pred/LDVErrorLabel.spc -entryfunction ldv_main0_sequence_infinite_withcheck_stateful /home/yqs17/blazer/cpachecker-inc-pred/programs-flat/drivers--target--loopback--tcm_loop.ko.011.dc2e652.08_1a.cil_safe.i


--------------------------------------------------------------------------------


Running CPAchecker with Java heap of size 10000M.
Running CPAchecker with the following extra VM options:  -Djava.io.tmpdir=/tmp/BenchExec_run_vc6bcm_i/tmp
PredicateCPA statistics
-----------------------
Read Precision Time:                0.000s
Precision file size:                0
Write Precision Time:               0.003s
Number of abstractions:            23944 (17% of all post computations)
  Times abstraction was reused:    0
  Because of function entry/exit:  22542 (94%)
  Because of loop head:            1402 (6%)
  Because of join nodes:           0 (0%)
  Because of threshold:            0 (0%)
  Times precision was empty:       1578 (7%)
  Times precision was {false}:     656 (3%)
  Times result was cached:         20454 (85%)
  Times cartesian abs was used:    0 (0%)
  Times boolean abs was used:      1256 (5%)
  Times result was 'false':        196 (1%)
Number of strengthen sat checks:   41
  Times result was 'false':        0 (0%)
Number of coverage checks:         26433
  BDD entailment checks:           12957
Number of SMT sat checks:          41
  trivial:                         41
  cached:                          0

Max ABE block size:                       31
Number of predicates discovered:          7
Number of abstraction locations:          0
Max number of predicates per location:    0
Avg number of predicates per location:    0
Total predicates per abstraction:         4008
Max number of predicates per abstraction: 6
Avg number of predicates per abstraction: 2.10
Number of irrelevant predicates:          2128 (53%)
Number of preds handled by boolean abs:   1880 (47%)
  Total number of models for allsat:      1374
  Max number of models for allsat:        3
  Avg number of models for allsat:        1.09

Number of path formula cache hits:   121295 (73%)

Time for post operator:                  6.898s
  Time for path formula creation:        4.156s
    Actual computation:                  3.352s
Time for strengthen operator:            0.158s
  Time for satisfiability checks:        0.001s
Time for prec operator:                  5.969s
  Time for abstraction:                  4.800s (Max:     0.185s, Count: 23944)
    Boolean abstraction:                 0.557s
    Solving time:                        0.469s (Max:     0.017s)
    Model enumeration time:              0.037s
    Time for BDD construction:           0.049s (Max:     0.012s)
Time for merge operator:                 0.499s
Time for coverage check:                 0.058s
  Time for BDD entailment checks:        0.038s
Total time for SMT solver (w/o itp):     0.506s

Number of BDD nodes:                               280
Size of BDD node table:                            466043
Size of BDD cache:                                 46619
Size of BDD node cleanup queue:                        1110 (count: 30464, min: 0, max: 194, avg: 0.04)
Time for BDD node cleanup:                             0.006s
Time for BDD garbage collection:                       0.000s (in 0 runs)

PrecisionBootstrap statistics
-----------------------------
Init. function predicates:                         0
Init. global predicates:                           0
Init. location predicates:                         0

----------------------

AutomatonAnalysis (SVCOMP) statistics
-------------------------------------
Number of states:                                  1
Total time for successor computation:                  0.144s
Automaton transfers with branching:                0
Automaton transfer successors:                       143638 (count: 143638, min: 1, max: 1, avg: 1.00) [1 x 143638]

CPA algorithm statistics
------------------------
Number of iterations:            130764
Max size of waitlist:            51
Average size of waitlist:        23
Number of computed successors:   143638
Max successors for one state:    2
Number of times merged:          6738
Number of times stopped:         12571
Number of times abs stopped:     5833
Number of times nonAbs stopped:  0
Number of times doAbstraction node:  23944
Number of times breaked:         41

Total time for CPA algorithm:        17.979s (Max:     1.170s)
CPU time for CPA algorithm:          35.800s
  Time for choose from waitlist:      0.147s
  Time for precision adjustment:      6.390s
  Time for transfer relation:         8.797s
  Time for merge operator:            0.790s
  Time for stop operator:             0.368s
  Time for adding to reached set:     0.407s

Predicate-Abstraction Refiner statistics
----------------------------------------
Avg. length of target path (in blocks):                1621 (count: 41, min: 26, max: 56, avg: 39.54)
Number of infeasible sliced prefixes:                     0 (count: 0, min: 0, max: 0, avg: 0.00)

Time for refinement:                                   2.879s
  Counterexample analysis:                2.226s (Max:     0.195s, Calls: 41)
    Refinement sat check:                 0.443s
    Interpolant computation:              0.000s
  Error path post-processing:                          0.000s
  Path-formulas extraction:                            0.000s
  Building the counterexample trace:                   2.227s
  Extracting precise counterexample:                   0.000s
  Extracting infeasible sliced prefixes:               0.000s
  Selecting infeasible sliced prefixes:                0.000s
  Predicate creation:                                  0.019s
  Precision update:                                    0.010s
  ARG update:                                          0.545s

Length of refined path (in blocks):                    1372 (count: 41, min: 18, max: 52, avg: 33.46)
Number of affected states:                             1316 (count: 41, min: 3, max: 51, avg: 32.10)
Length (states) of path with itp 'true':                 15 (count: 41, min: 0, max: 15, avg: 0.37)
Length (states) of path with itp non-trivial itp:      1316 (count: 41, min: 3, max: 51, avg: 32.10)
Length (states) of path with itp 'false':                41 (count: 41, min: 1, max: 1, avg: 1.00)
Different non-trivial interpolants along paths:           3 (count: 41, min: 0, max: 2, avg: 0.07)
Equal non-trivial interpolants along paths:            1272 (count: 41, min: 1, max: 50, avg: 31.02)
Different precisions along paths:                         0 (count: 0, min: 0, max: 0, avg: 0.00)
Equal precisions along paths:                             0 (count: 0, min: 0, max: 0, avg: 0.00)
Number of refs with location-based cutoff:                0

CEGAR algorithm statistics
--------------------------
Number of refinements:                41
Lazy expansion status:                false
Expansion times:                      0
Total path lengths:                   57214
SP times:                             0
Number of added holes:                0
Number of successful refinements:     41
Number of failed refinements:         0
Max. size of reached set before ref.: 7119
Max. size of reached set after ref.:  2743
Avg. size of reached set before ref.: 4282.98
Avg. size of reached set after ref.:  1189.83

Total time for CEGAR algorithm:      21.005s
CPU time for CEGAR algorithm:        41.790s
Time for refinements:                 3.020s
CPU time for refinements:             5.990s
Average time for refinement:          0.073s
Max time for refinement:              0.238s
First time for refinement:             0.428s
Last time for refinement:              0.329s
Average time for analysis:          0.428s
Number of analysis:                42

Counterexample-Check Algorithm statistics
-----------------------------------------
Number of counterexample checks:    0

Code Coverage
-----------------------------
  Visited lines:          6426
  Total lines:            4
  Line coverage:          1606.500

CPAchecker general statistics
-----------------------------
Number of program locations:     2599
Number of CFA edges:             2869
Number of relevant variables:    334
Number of functions:             98
Number of loops:                 2
Size of reached set:             4053
  Number of reached locations:   1880 (72%)
    Avg states per location:     2
    Max states per location:     40 (at node N340)
  Number of reached functions:   46 (47%)
  Number of partitions:          4042
    Avg size of partitions:      1
    Max size of partitions:      4 (with key [N1557 (before /work/ldvuser/novikov/work/current--X--drivers/target/loopback/tcm_loop.ko--X--defaultlinux--X--08_1a--X--cpachecker/linux/csd_deg_dscv/11/dscv_tempdir/dscv/ri/08_1a/drivers/target/loopback/tcm_loop.c.prepared, line 1690), Function ldv_main0_sequence_infinite_withcheck_stateful called from node N1460, stack depth 1 [320494b6], stack [ldv_main0_sequence_infinite_withcheck_stateful], Init])
  Number of target states:       0

Time for analysis setup:                   2.550s
  Time for loading CPAs:                   0.440s
  Time for impacted traverse:              0.003s
  Time for loading parser:        0.040s
  Time for CFA construction:      1.987s
    Time for parsing file(s):     0.588s
    Time for AST to CFA:          0.789s
    Time for CFA sanity check:    0.000s
    Time for post-processing:     0.425s
      Time for var class.:        0.000s
Time for Analysis:                        21.010s
CPU time for analysis:     41.800s

Time for Garbage Collector:       0.728s (in 18 runs)
Garbage Collector(s) used:    PS MarkSweep, PS Scavenge
Used heap memory:                759MB (   724 MiB) max;    215MB (   205 MiB) avg;    779MB (   743 MiB) peak
Used non-heap memory:             44MB (    42 MiB) max;     38MB (    37 MiB) avg;     45MB (    43 MiB) peak
Used in PS Old Gen pool:          31MB (    30 MiB) max;     27MB (    26 MiB) avg;     32MB (    31 MiB) peak
Allocated heap memory:           863MB (   823 MiB) max;    494MB (   471 MiB) avg
Allocated non-heap memory:        45MB (    43 MiB) max;     39MB (    38 MiB) avg
Total process virtual memory:  13243MB ( 12630 MiB) max;  13239MB ( 12626 MiB) avg

Verification result: TRUE. No property violation found by chosen configuration.
More details about the verification run can be found in the directory "/home/yqs17/blazer/cpachecker-inc-pred/output-ori-final/flat/drivers--target--loopback--tcm_loop.ko.011.dc2e652.08_1a.cil_safe.i".
