scripts/cpa.sh -heap 10000M -predicateAnalysis-ABEl-debug -setprop cpa.predicate.refinement.performInitialStaticRefinement=false -disable-java-assertions -outputpath /home/yqs17/blazer/cpachecker-inc-pred/output-ori-final/flat/drivers--net--usb--catc.ko.004.880c9c6.08_1a.cil_safe.i -stats -spec /home/yqs17/blazer/cpachecker-inc-pred/LDVErrorLabel.spc -entryfunction ldv_main0_sequence_infinite_withcheck_stateful /home/yqs17/blazer/cpachecker-inc-pred/programs-flat/drivers--net--usb--catc.ko.004.880c9c6.08_1a.cil_safe.i


--------------------------------------------------------------------------------


Running CPAchecker with Java heap of size 10000M.
Running CPAchecker with the following extra VM options:  -Djava.io.tmpdir=/tmp/BenchExec_run_gkown7gy/tmp
PredicateCPA statistics
-----------------------
Read Precision Time:                0.000s
Precision file size:                0
Write Precision Time:               0.002s
Number of abstractions:            10767 (16% of all post computations)
  Times abstraction was reused:    0
  Because of function entry/exit:  10050 (93%)
  Because of loop head:            717 (7%)
  Because of join nodes:           0 (0%)
  Because of threshold:            0 (0%)
  Times precision was empty:       1174 (11%)
  Times precision was {false}:     844 (8%)
  Times result was cached:         7195 (67%)
  Times cartesian abs was used:    0 (0%)
  Times boolean abs was used:      1554 (14%)
  Times result was 'false':        405 (4%)
Number of strengthen sat checks:   18
  Times result was 'false':        0 (0%)
Number of coverage checks:         9047
  BDD entailment checks:           2895
Number of SMT sat checks:          18
  trivial:                         18
  cached:                          0

Max ABE block size:                       26
Number of predicates discovered:          9
Number of abstraction locations:          0
Max number of predicates per location:    0
Avg number of predicates per location:    0
Total predicates per abstraction:         6026
Max number of predicates per abstraction: 4
Avg number of predicates per abstraction: 2.51
Number of irrelevant predicates:          3690 (61%)
Number of preds handled by boolean abs:   2336 (39%)
  Total number of models for allsat:      1705
  Max number of models for allsat:        3
  Avg number of models for allsat:        1.10

Number of path formula cache hits:   47954 (65%)

Time for post operator:                  4.321s
  Time for path formula creation:        2.859s
    Actual computation:                  2.478s
Time for strengthen operator:            0.079s
  Time for satisfiability checks:        0.001s
Time for prec operator:                  3.525s
  Time for abstraction:                  2.880s (Max:     0.037s, Count: 10767)
    Boolean abstraction:                 0.497s
    Solving time:                        0.320s (Max:     0.006s)
    Model enumeration time:              0.055s
    Time for BDD construction:           0.034s (Max:     0.002s)
Time for merge operator:                 0.311s
Time for coverage check:                 0.025s
  Time for BDD entailment checks:        0.021s
Total time for SMT solver (w/o itp):     0.375s

Number of BDD nodes:                               277
Size of BDD node table:                            466043
Size of BDD cache:                                 46619
Size of BDD node cleanup queue:                        1618 (count: 19622, min: 0, max: 406, avg: 0.08)
Time for BDD node cleanup:                             0.009s
Time for BDD garbage collection:                       0.000s (in 0 runs)

PrecisionBootstrap statistics
-----------------------------
Init. function predicates:                         0
Init. global predicates:                           0
Init. location predicates:                         0

----------------------

AutomatonAnalysis (SVCOMP) statistics
-------------------------------------
Number of states:                                  1
Total time for successor computation:                  0.110s
Automaton transfers with branching:                0
Automaton transfer successors:                        65681 (count: 65681, min: 1, max: 1, avg: 1.00) [1 x 65681]

CPA algorithm statistics
------------------------
Number of iterations:            60560
Max size of waitlist:            29
Average size of waitlist:        15
Number of computed successors:   65681
Max successors for one state:    2
Number of times merged:          3076
Number of times stopped:         4726
Number of times abs stopped:     1650
Number of times nonAbs stopped:  0
Number of times doAbstraction node:  10767
Number of times breaked:         18

Total time for CPA algorithm:        10.735s (Max:     1.109s)
CPU time for CPA algorithm:          21.260s
  Time for choose from waitlist:      0.084s
  Time for precision adjustment:      3.733s
  Time for transfer relation:         5.399s
  Time for merge operator:            0.452s
  Time for stop operator:             0.210s
  Time for adding to reached set:     0.224s

Predicate-Abstraction Refiner statistics
----------------------------------------
Avg. length of target path (in blocks):                 738 (count: 18, min: 10, max: 102, avg: 41.00)
Number of infeasible sliced prefixes:                     0 (count: 0, min: 0, max: 0, avg: 0.00)

Time for refinement:                                   2.475s
  Counterexample analysis:                2.160s (Max:     0.440s, Calls: 18)
    Refinement sat check:                 0.492s
    Interpolant computation:              0.000s
  Error path post-processing:                          0.000s
  Path-formulas extraction:                            0.001s
  Building the counterexample trace:                   2.161s
  Extracting precise counterexample:                   0.000s
  Extracting infeasible sliced prefixes:               0.000s
  Selecting infeasible sliced prefixes:                0.000s
  Predicate creation:                                  0.009s
  Precision update:                                    0.006s
  ARG update:                                          0.280s

Length of refined path (in blocks):                     548 (count: 18, min: 6, max: 99, avg: 30.44)
Number of affected states:                              342 (count: 18, min: 1, max: 98, avg: 19.00)
Length (states) of path with itp 'true':                188 (count: 18, min: 0, max: 48, avg: 10.44)
Length (states) of path with itp non-trivial itp:       342 (count: 18, min: 1, max: 98, avg: 19.00)
Length (states) of path with itp 'false':                18 (count: 18, min: 1, max: 1, avg: 1.00)
Different non-trivial interpolants along paths:           0 (count: 18, min: 0, max: 0, avg: 0.00)
Equal non-trivial interpolants along paths:             324 (count: 18, min: 0, max: 97, avg: 18.00)
Different precisions along paths:                         0 (count: 0, min: 0, max: 0, avg: 0.00)
Equal precisions along paths:                             0 (count: 0, min: 0, max: 0, avg: 0.00)
Number of refs with location-based cutoff:                0

CEGAR algorithm statistics
--------------------------
Number of refinements:                18
Lazy expansion status:                false
Expansion times:                      0
Total path lengths:                   16139
SP times:                             0
Number of added holes:                0
Number of successful refinements:     18
Number of failed refinements:         0
Max. size of reached set before ref.: 8410
Max. size of reached set after ref.:  4783
Avg. size of reached set before ref.: 4654.33
Avg. size of reached set after ref.:  1543.94

Total time for CEGAR algorithm:      13.261s
CPU time for CEGAR algorithm:        26.320s
Time for refinements:                 2.525s
CPU time for refinements:             5.040s
Average time for refinement:          0.140s
Max time for refinement:              0.451s
First time for refinement:             0.565s
Last time for refinement:              0.444s
Average time for analysis:          0.565s
Number of analysis:                19

Counterexample-Check Algorithm statistics
-----------------------------------------
Number of counterexample checks:    0

Code Coverage
-----------------------------
  Visited lines:          3521
  Total lines:            32
  Line coverage:          110.031

CPAchecker general statistics
-----------------------------
Number of program locations:     1775
Number of CFA edges:             2043
Number of relevant variables:    265
Number of functions:             64
Number of loops:                 7
Size of reached set:             4564
  Number of reached locations:   1170 (66%)
    Avg states per location:     3
    Max states per location:     123 (at node N211)
  Number of reached functions:   25 (39%)
  Number of partitions:          4539
    Avg size of partitions:      1
    Max size of partitions:      3 (with key [N1156 (before /work/ldvuser/novikov/work/current--X--drivers/net/usb/catc.ko--X--defaultlinux--X--08_1a--X--cpachecker/linux/csd_deg_dscv/11/dscv_tempdir/dscv/ri/08_1a/drivers/net/usb/catc.c.prepared, line 1250), Function ldv_main0_sequence_infinite_withcheck_stateful called from node N1085, stack depth 1 [1929425f], stack [ldv_main0_sequence_infinite_withcheck_stateful], Init])
  Number of target states:       0

Time for analysis setup:                   2.041s
  Time for loading CPAs:                   0.428s
  Time for impacted traverse:              0.001s
  Time for loading parser:        0.037s
  Time for CFA construction:      1.505s
    Time for parsing file(s):     0.431s
    Time for AST to CFA:          0.503s
    Time for CFA sanity check:    0.000s
    Time for post-processing:     0.371s
      Time for var class.:        0.000s
Time for Analysis:                        13.266s
CPU time for analysis:     26.330s

Time for Garbage Collector:       0.608s (in 14 runs)
Garbage Collector(s) used:    PS MarkSweep, PS Scavenge
Used heap memory:                587MB (   560 MiB) max;    164MB (   156 MiB) avg;    606MB (   578 MiB) peak
Used non-heap memory:             40MB (    38 MiB) max;     33MB (    32 MiB) avg;     43MB (    41 MiB) peak
Used in PS Old Gen pool:          29MB (    28 MiB) max;     21MB (    20 MiB) avg;     31MB (    29 MiB) peak
Allocated heap memory:           684MB (   653 MiB) max;    404MB (   385 MiB) avg
Allocated non-heap memory:        43MB (    41 MiB) max;     36MB (    34 MiB) avg
Total process virtual memory:  13242MB ( 12628 MiB) max;  13239MB ( 12625 MiB) avg

Verification result: TRUE. No property violation found by chosen configuration.
More details about the verification run can be found in the directory "/home/yqs17/blazer/cpachecker-inc-pred/output-ori-final/flat/drivers--net--usb--catc.ko.004.880c9c6.08_1a.cil_safe.i".
