scripts/cpa.sh -heap 10000M -predicateAnalysis-ABEl-debug -setprop cpa.predicate.refinement.performInitialStaticRefinement=false -disable-java-assertions -outputpath /home/yqs17/blazer/cpachecker-inc-pred/output-ori-final/flat/drivers--gpu--drm--i915--i915.ko.005.ed4cb41.39_7a.cil_safe.i -stats -spec /home/yqs17/blazer/cpachecker-inc-pred/LDVErrorLabel.spc -entryfunction ldv_main0_sequence_infinite_withcheck_stateful /home/yqs17/blazer/cpachecker-inc-pred/programs-flat/drivers--gpu--drm--i915--i915.ko.005.ed4cb41.39_7a.cil_safe.i


--------------------------------------------------------------------------------


Running CPAchecker with Java heap of size 10000M.
Running CPAchecker with the following extra VM options:  -Djava.io.tmpdir=/tmp/BenchExec_run_060wx79j/tmp
PredicateCPA statistics
-----------------------
Read Precision Time:                0.000s
Precision file size:                0
Write Precision Time:               0.003s
Number of abstractions:            56294 (25% of all post computations)
  Times abstraction was reused:    0
  Because of function entry/exit:  52300 (93%)
  Because of loop head:            3994 (7%)
  Because of join nodes:           0 (0%)
  Because of threshold:            0 (0%)
  Times precision was empty:       18861 (34%)
  Times precision was {false}:     1222 (2%)
  Times result was cached:         28515 (51%)
  Times cartesian abs was used:    0 (0%)
  Times boolean abs was used:      7696 (14%)
  Times result was 'false':        1495 (3%)
Number of strengthen sat checks:   41
  Times result was 'false':        0 (0%)
Number of coverage checks:         29391
  BDD entailment checks:           5801
Number of SMT sat checks:          41
  trivial:                         41
  cached:                          0

Max ABE block size:                       21
Number of predicates discovered:          17
Number of abstraction locations:          0
Max number of predicates per location:    0
Avg number of predicates per location:    0
Total predicates per abstraction:         55606
Max number of predicates per abstraction: 11
Avg number of predicates per abstraction: 6.24
Number of irrelevant predicates:          18718 (34%)
Number of preds handled by boolean abs:   36888 (66%)
  Total number of models for allsat:      8071
  Max number of models for allsat:        2
  Avg number of models for allsat:        1.05

Number of path formula cache hits:   238898 (84%)

Time for post operator:                  9.337s
  Time for path formula creation:        4.751s
    Actual computation:                  3.645s
Time for strengthen operator:            0.228s
  Time for satisfiability checks:        0.001s
Time for prec operator:                 10.455s
  Time for abstraction:                  8.675s (Max:     0.045s, Count: 56294)
    Boolean abstraction:                 2.349s
    Solving time:                        0.645s (Max:     0.008s)
    Model enumeration time:              0.081s
    Time for BDD construction:           0.099s (Max:     0.002s)
Time for merge operator:                 0.454s
Time for coverage check:                 0.049s
  Time for BDD entailment checks:        0.036s
Total time for SMT solver (w/o itp):     0.726s

Number of BDD nodes:                               1534
Size of BDD node table:                            466043
Size of BDD cache:                                 46619
Size of BDD node cleanup queue:                        9594 (count: 80305, min: 0, max: 1272, avg: 0.12)
Time for BDD node cleanup:                             0.009s
Time for BDD garbage collection:                       0.000s (in 0 runs)

PrecisionBootstrap statistics
-----------------------------
Init. function predicates:                         0
Init. global predicates:                           0
Init. location predicates:                         0

----------------------

AutomatonAnalysis (SVCOMP) statistics
-------------------------------------
Number of states:                                  1
Total time for successor computation:                  0.136s
Automaton transfers with branching:                0
Automaton transfer successors:                       229184 (count: 229184, min: 1, max: 1, avg: 1.00) [1 x 229184]

CPA algorithm statistics
------------------------
Number of iterations:            211067
Max size of waitlist:            17
Average size of waitlist:        9
Number of computed successors:   229184
Max successors for one state:    2
Number of times merged:          11795
Number of times stopped:         16535
Number of times abs stopped:     4740
Number of times nonAbs stopped:  0
Number of times doAbstraction node:  56294
Number of times breaked:         41

Total time for CPA algorithm:        27.467s (Max:     1.532s)
CPU time for CPA algorithm:          51.110s
  Time for choose from waitlist:      0.153s
  Time for precision adjustment:     10.906s
  Time for transfer relation:        13.780s
  Time for merge operator:            0.766s
  Time for stop operator:             0.390s
  Time for adding to reached set:     0.518s

Predicate-Abstraction Refiner statistics
----------------------------------------
Avg. length of target path (in blocks):                6223 (count: 41, min: 10, max: 241, avg: 151.78)
Number of infeasible sliced prefixes:                     0 (count: 0, min: 0, max: 0, avg: 0.00)

Time for refinement:                                   8.855s
  Counterexample analysis:                8.009s (Max:     0.554s, Calls: 41)
    Refinement sat check:                 0.584s
    Interpolant computation:              0.000s
  Error path post-processing:                          0.000s
  Path-formulas extraction:                            0.001s
  Building the counterexample trace:                   8.009s
  Extracting precise counterexample:                   0.000s
  Extracting infeasible sliced prefixes:               0.000s
  Selecting infeasible sliced prefixes:                0.000s
  Predicate creation:                                  0.041s
  Precision update:                                    0.015s
  ARG update:                                          0.710s

Length of refined path (in blocks):                    5538 (count: 41, min: 9, max: 240, avg: 135.07)
Number of affected states:                             4318 (count: 41, min: 1, max: 238, avg: 105.32)
Length (states) of path with itp 'true':               1179 (count: 41, min: 1, max: 199, avg: 28.76)
Length (states) of path with itp non-trivial itp:      4318 (count: 41, min: 1, max: 238, avg: 105.32)
Length (states) of path with itp 'false':                41 (count: 41, min: 1, max: 1, avg: 1.00)
Different non-trivial interpolants along paths:           2 (count: 41, min: 0, max: 1, avg: 0.05)
Equal non-trivial interpolants along paths:            4275 (count: 41, min: 0, max: 237, avg: 104.27)
Different precisions along paths:                         0 (count: 0, min: 0, max: 0, avg: 0.00)
Equal precisions along paths:                             0 (count: 0, min: 0, max: 0, avg: 0.00)
Number of refs with location-based cutoff:                0

CEGAR algorithm statistics
--------------------------
Number of refinements:                41
Lazy expansion status:                false
Expansion times:                      0
Total path lengths:                   63092
SP times:                             0
Number of added holes:                0
Number of successful refinements:     41
Number of failed refinements:         0
Max. size of reached set before ref.: 9353
Max. size of reached set after ref.:  3345
Avg. size of reached set before ref.: 6480.07
Avg. size of reached set after ref.:  1415.93

Total time for CEGAR algorithm:      36.461s
CPU time for CEGAR algorithm:        67.140s
Time for refinements:                 8.988s
CPU time for refinements:            16.020s
Average time for refinement:          0.219s
Max time for refinement:              0.584s
First time for refinement:             0.654s
Last time for refinement:              0.460s
Average time for analysis:          0.654s
Number of analysis:                42

Counterexample-Check Algorithm statistics
-----------------------------------------
Number of counterexample checks:    0

Code Coverage
-----------------------------
  Visited lines:          3735
  Total lines:            10
  Line coverage:          373.500

CPAchecker general statistics
-----------------------------
Number of program locations:     6127
Number of CFA edges:             7656
Number of relevant variables:    1055
Number of functions:             290
Number of loops:                 37
Size of reached set:             3525
  Number of reached locations:   1867 (30%)
    Avg states per location:     1
    Max states per location:     93 (at node N12)
  Number of reached functions:   22 (8%)
  Number of partitions:          3511
    Avg size of partitions:      1
    Max size of partitions:      2 (with key [N862 (before /work/ldvuser/novikov/work/current--X--drivers/gpu/drm/i915/i915.ko--X--defaultlinux--X--39_7a--X--cpachecker/linux/csd_deg_dscv/15/dscv_tempdir/dscv/ri/39_7a/drivers/gpu/drm/i915/i915_drv.c.prepared, line 610), Function i915_resume called from node N923, stack depth 2 [51a4cd6d], stack [ldv_main0_sequence_infinite_withcheck_stateful, i915_resume], Init])
  Number of target states:       0

Time for analysis setup:                   3.032s
  Time for loading CPAs:                   0.425s
  Time for impacted traverse:              0.001s
  Time for loading parser:        0.036s
  Time for CFA construction:      2.495s
    Time for parsing file(s):     0.540s
    Time for AST to CFA:          0.925s
    Time for CFA sanity check:    0.000s
    Time for post-processing:     0.741s
      Time for var class.:        0.000s
Time for Analysis:                        36.463s
CPU time for analysis:     67.150s

Time for Garbage Collector:       1.271s (in 28 runs)
Garbage Collector(s) used:    PS MarkSweep, PS Scavenge
Used heap memory:               1613MB (  1538 MiB) max;    396MB (   378 MiB) avg;   1660MB (  1583 MiB) peak
Used non-heap memory:             42MB (    40 MiB) max;     37MB (    35 MiB) avg;     44MB (    42 MiB) peak
Used in PS Old Gen pool:          36MB (    34 MiB) max;     28MB (    27 MiB) avg;     43MB (    41 MiB) peak
Allocated heap memory:          1734MB (  1654 MiB) max;    843MB (   804 MiB) avg
Allocated non-heap memory:        45MB (    43 MiB) max;     41MB (    39 MiB) avg
Total process virtual memory:  13240MB ( 12627 MiB) max;  13239MB ( 12626 MiB) avg

Verification result: TRUE. No property violation found by chosen configuration.
More details about the verification run can be found in the directory "/home/yqs17/blazer/cpachecker-inc-pred/output-ori-final/flat/drivers--gpu--drm--i915--i915.ko.005.ed4cb41.39_7a.cil_safe.i".
