scripts/cpa.sh -heap 10000M -predicateAnalysis-ABEl-debug -setprop cpa.predicate.refinement.performInitialStaticRefinement=false -disable-java-assertions -outputpath /home/yqs17/blazer/cpachecker-inc-pred/output-ori-final/flat/drivers--gpu--drm--i915--i915.ko.069.ac5c4e7.08_1a.cil_safe.i -stats -spec /home/yqs17/blazer/cpachecker-inc-pred/LDVErrorLabel.spc -entryfunction ldv_main0_sequence_infinite_withcheck_stateful /home/yqs17/blazer/cpachecker-inc-pred/programs-flat/drivers--gpu--drm--i915--i915.ko.069.ac5c4e7.08_1a.cil_safe.i


--------------------------------------------------------------------------------


Running CPAchecker with Java heap of size 10000M.
Running CPAchecker with the following extra VM options:  -Djava.io.tmpdir=/tmp/BenchExec_run_wtqbmbkp/tmp
PredicateCPA statistics
-----------------------
Read Precision Time:                0.000s
Precision file size:                0
Write Precision Time:               0.002s
Number of abstractions:            14884 (22% of all post computations)
  Times abstraction was reused:    0
  Because of function entry/exit:  13777 (93%)
  Because of loop head:            1107 (7%)
  Because of join nodes:           0 (0%)
  Because of threshold:            0 (0%)
  Times precision was empty:       7428 (50%)
  Times precision was {false}:     1132 (8%)
  Times result was cached:         5645 (38%)
  Times cartesian abs was used:    0 (0%)
  Times boolean abs was used:      679 (5%)
  Times result was 'false':        232 (2%)
Number of strengthen sat checks:   15
  Times result was 'false':        0 (0%)
Number of coverage checks:         9254
  BDD entailment checks:           1532
Number of SMT sat checks:          15
  trivial:                         15
  cached:                          0

Max ABE block size:                       21
Number of predicates discovered:          9
Number of abstraction locations:          0
Max number of predicates per location:    0
Avg number of predicates per location:    0
Total predicates per abstraction:         2897
Max number of predicates per abstraction: 3
Avg number of predicates per abstraction: 1.60
Number of irrelevant predicates:          2158 (74%)
Number of preds handled by boolean abs:   739 (26%)
  Total number of models for allsat:      788
  Max number of models for allsat:        2
  Avg number of models for allsat:        1.16

Number of path formula cache hits:   21282 (29%)

Time for post operator:                  5.658s
  Time for path formula creation:        5.037s
    Actual computation:                  4.441s
Time for strengthen operator:            0.089s
  Time for satisfiability checks:        0.000s
Time for prec operator:                  2.257s
  Time for abstraction:                  1.633s (Max:     0.054s, Count: 14884)
    Boolean abstraction:                 0.229s
    Solving time:                        0.190s (Max:     0.012s)
    Model enumeration time:              0.032s
    Time for BDD construction:           0.022s (Max:     0.004s)
Time for merge operator:                 0.698s
Time for coverage check:                 0.022s
  Time for BDD entailment checks:        0.014s
Total time for SMT solver (w/o itp):     0.222s

Number of BDD nodes:                               220
Size of BDD node table:                            466043
Size of BDD cache:                                 46619
Size of BDD node cleanup queue:                         419 (count: 41867, min: 0, max: 242, avg: 0.01)
Time for BDD node cleanup:                             0.008s
Time for BDD garbage collection:                       0.000s (in 0 runs)

PrecisionBootstrap statistics
-----------------------------
Init. function predicates:                         0
Init. global predicates:                           0
Init. location predicates:                         0

----------------------

AutomatonAnalysis (SVCOMP) statistics
-------------------------------------
Number of states:                                  1
Total time for successor computation:                  0.087s
Automaton transfers with branching:                0
Automaton transfer successors:                        67435 (count: 67435, min: 1, max: 1, avg: 1.00) [1 x 67435]

CPA algorithm statistics
------------------------
Number of iterations:            62033
Max size of waitlist:            17
Average size of waitlist:        8
Number of computed successors:   67435
Max successors for one state:    2
Number of times merged:          3861
Number of times stopped:         5169
Number of times abs stopped:     1308
Number of times nonAbs stopped:  0
Number of times doAbstraction node:  14884
Number of times breaked:         15

Total time for CPA algorithm:        12.118s (Max:     1.763s)
CPU time for CPA algorithm:          23.700s
  Time for choose from waitlist:      0.065s
  Time for precision adjustment:      2.510s
  Time for transfer relation:         7.634s
  Time for merge operator:            0.873s
  Time for stop operator:             0.207s
  Time for adding to reached set:     0.211s

Predicate-Abstraction Refiner statistics
----------------------------------------
Avg. length of target path (in blocks):                2616 (count: 15, min: 8, max: 245, avg: 174.40)
Number of infeasible sliced prefixes:                     0 (count: 0, min: 0, max: 0, avg: 0.00)

Time for refinement:                                   6.956s
  Counterexample analysis:                6.615s (Max:     0.741s, Calls: 15)
    Refinement sat check:                 0.397s
    Interpolant computation:              0.000s
  Error path post-processing:                          0.000s
  Path-formulas extraction:                            0.002s
  Building the counterexample trace:                   6.615s
  Extracting precise counterexample:                   0.000s
  Extracting infeasible sliced prefixes:               0.000s
  Selecting infeasible sliced prefixes:                0.000s
  Predicate creation:                                  0.022s
  Precision update:                                    0.007s
  ARG update:                                          0.269s

Length of refined path (in blocks):                    1887 (count: 15, min: 7, max: 244, avg: 125.80)
Number of affected states:                              516 (count: 15, min: 1, max: 243, avg: 34.40)
Length (states) of path with itp 'true':               1356 (count: 15, min: 0, max: 200, avg: 90.40)
Length (states) of path with itp non-trivial itp:       516 (count: 15, min: 1, max: 243, avg: 34.40)
Length (states) of path with itp 'false':                15 (count: 15, min: 1, max: 1, avg: 1.00)
Different non-trivial interpolants along paths:           2 (count: 15, min: 0, max: 1, avg: 0.13)
Equal non-trivial interpolants along paths:             499 (count: 15, min: 0, max: 242, avg: 33.27)
Different precisions along paths:                         0 (count: 0, min: 0, max: 0, avg: 0.00)
Equal precisions along paths:                             0 (count: 0, min: 0, max: 0, avg: 0.00)
Number of refs with location-based cutoff:                0

CEGAR algorithm statistics
--------------------------
Number of refinements:                15
Lazy expansion status:                false
Expansion times:                      0
Total path lengths:                   25414
SP times:                             0
Number of added holes:                0
Number of successful refinements:     15
Number of failed refinements:         0
Max. size of reached set before ref.: 7367
Max. size of reached set after ref.:  3624
Avg. size of reached set before ref.: 6384.33
Avg. size of reached set after ref.:  2504.60

Total time for CEGAR algorithm:      19.152s
CPU time for CEGAR algorithm:        37.210s
Time for refinements:                 7.032s
CPU time for refinements:            13.500s
Average time for refinement:          0.468s
Max time for refinement:              0.765s
First time for refinement:             0.757s
Last time for refinement:              0.340s
Average time for analysis:          0.757s
Number of analysis:                16

Counterexample-Check Algorithm statistics
-----------------------------------------
Number of counterexample checks:    0

Code Coverage
-----------------------------
  Visited lines:          4066
  Total lines:            5
  Line coverage:          813.200

CPAchecker general statistics
-----------------------------
Number of program locations:     8292
Number of CFA edges:             10620
Number of relevant variables:    1844
Number of functions:             225
Number of loops:                 66
Size of reached set:             3839
  Number of reached locations:   2060 (25%)
    Avg states per location:     1
    Max states per location:     96 (at node N132)
  Number of reached functions:   27 (12%)
  Number of partitions:          3825
    Avg size of partitions:      1
    Max size of partitions:      2 (with key [N3630 (before /work/ldvuser/novikov/work/current--X--drivers/gpu/drm/i915/i915.ko--X--defaultlinux--X--08_1a--X--cpachecker/linux/csd_deg_dscv/21/dscv_tempdir/dscv/ri/08_1a/drivers/gpu/drm/i915/i915_suspend.c.prepared, line 520), Function i915_restore_state called from node N37, stack depth 3 [7625e83c], stack [ldv_main0_sequence_infinite_withcheck_stateful, i915_resume, i915_restore_state], Init])
  Number of target states:       0

Time for analysis setup:                   3.479s
  Time for loading CPAs:                   0.465s
  Time for impacted traverse:              0.003s
  Time for loading parser:        0.030s
  Time for CFA construction:      2.908s
    Time for parsing file(s):     0.666s
    Time for AST to CFA:          1.058s
    Time for CFA sanity check:    0.000s
    Time for post-processing:     0.856s
      Time for var class.:        0.000s
Time for Analysis:                        19.157s
CPU time for analysis:     37.220s

Time for Garbage Collector:       0.720s (in 15 runs)
Garbage Collector(s) used:    PS MarkSweep, PS Scavenge
Used heap memory:                744MB (   709 MiB) max;    249MB (   237 MiB) avg;    774MB (   739 MiB) peak
Used non-heap memory:             43MB (    41 MiB) max;     36MB (    34 MiB) avg;     45MB (    43 MiB) peak
Used in PS Old Gen pool:          49MB (    46 MiB) max;     33MB (    31 MiB) avg;     49MB (    46 MiB) peak
Allocated heap memory:          1015MB (   968 MiB) max;    567MB (   541 MiB) avg
Allocated non-heap memory:        46MB (    44 MiB) max;     39MB (    37 MiB) avg
Total process virtual memory:  13242MB ( 12628 MiB) max;  13239MB ( 12625 MiB) avg

Verification result: TRUE. No property violation found by chosen configuration.
More details about the verification run can be found in the directory "/home/yqs17/blazer/cpachecker-inc-pred/output-ori-final/flat/drivers--gpu--drm--i915--i915.ko.069.ac5c4e7.08_1a.cil_safe.i".
