scripts/cpa.sh -heap 10000M -predicateAnalysis-ABEl-debug -setprop cpa.predicate.refinement.performInitialStaticRefinement=false -disable-java-assertions -outputpath /home/yqs17/blazer/cpachecker-inc-pred/output-ori-final/flat/drivers--net--can--usb--ems_usb.ko.012.a4b7709.39_7a.cil_safe.i -stats -spec /home/yqs17/blazer/cpachecker-inc-pred/LDVErrorLabel.spc -entryfunction ldv_main0_sequence_infinite_withcheck_stateful /home/yqs17/blazer/cpachecker-inc-pred/programs-flat/drivers--net--can--usb--ems_usb.ko.012.a4b7709.39_7a.cil_safe.i


--------------------------------------------------------------------------------


Running CPAchecker with Java heap of size 10000M.
Running CPAchecker with the following extra VM options:  -Djava.io.tmpdir=/tmp/BenchExec_run_5dvf0d6n/tmp
PredicateCPA statistics
-----------------------
Read Precision Time:                0.000s
Precision file size:                0
Write Precision Time:               0.005s
Number of abstractions:            274014 (21% of all post computations)
  Times abstraction was reused:    0
  Because of function entry/exit:  258857 (94%)
  Because of loop head:            15157 (6%)
  Because of join nodes:           0 (0%)
  Because of threshold:            0 (0%)
  Times precision was empty:       16949 (6%)
  Times precision was {false}:     1627 (1%)
  Times result was cached:         226965 (83%)
  Times cartesian abs was used:    0 (0%)
  Times boolean abs was used:      28473 (10%)
  Times result was 'false':        8846 (3%)
Number of strengthen sat checks:   109
  Times result was 'false':        0 (0%)
Number of coverage checks:         163533
  BDD entailment checks:           121855
Number of SMT sat checks:          109
  trivial:                         109
  cached:                          0

Max ABE block size:                       32
Number of predicates discovered:          34
Number of abstraction locations:          0
Max number of predicates per location:    0
Avg number of predicates per location:    0
Total predicates per abstraction:         367917
Max number of predicates per abstraction: 22
Avg number of predicates per abstraction: 12.22
Number of irrelevant predicates:          192166 (52%)
Number of preds handled by boolean abs:   175751 (48%)
  Total number of models for allsat:      46596
  Max number of models for allsat:        16
  Avg number of models for allsat:        1.64

Number of path formula cache hits:   1518318 (97%)

Time for post operator:                 60.446s
  Time for path formula creation:        8.366s
    Actual computation:                  4.459s
Time for strengthen operator:            0.759s
  Time for satisfiability checks:        0.001s
Time for prec operator:                 63.155s
  Time for abstraction:                 56.543s (Max:     0.122s, Count: 274014)
    Boolean abstraction:                 9.194s
    Solving time:                        2.053s (Max:     0.009s)
    Model enumeration time:              0.527s
    Time for BDD construction:           0.354s (Max:     0.004s)
Time for merge operator:                 0.200s
Time for coverage check:                 0.124s
  Time for BDD entailment checks:        0.104s
Total time for SMT solver (w/o itp):     2.580s

Number of BDD nodes:                               38107
Size of BDD node table:                            466043
Size of BDD cache:                                 46619
Size of BDD node cleanup queue:                       37856 (count: 278297, min: 0, max: 1922, avg: 0.14)
Time for BDD node cleanup:                             0.035s
Time for BDD garbage collection:                       0.000s (in 0 runs)

PrecisionBootstrap statistics
-----------------------------
Init. function predicates:                         0
Init. global predicates:                           0
Init. location predicates:                         0

----------------------

AutomatonAnalysis (SVCOMP) statistics
-------------------------------------
Number of states:                                  1
Total time for successor computation:                  0.446s
Automaton transfers with branching:                0
Automaton transfer successors:                      1297928 (count: 1297928, min: 1, max: 1, avg: 1.00) [1 x 1297928]

CPA algorithm statistics
------------------------
Number of iterations:            1230216
Max size of waitlist:            85
Average size of waitlist:        40
Number of computed successors:   1297928
Max successors for one state:    2
Number of times merged:          20839
Number of times stopped:         58698
Number of times abs stopped:     37859
Number of times nonAbs stopped:  0
Number of times doAbstraction node:  274014
Number of times breaked:         109

Total time for CPA algorithm:       140.258s (Max:     3.709s)
CPU time for CPA algorithm:         181.420s
  Time for choose from waitlist:      0.483s
  Time for precision adjustment:     64.464s
  Time for transfer relation:        68.388s
  Time for merge operator:            0.694s
  Time for stop operator:             1.379s
  Time for adding to reached set:     1.958s

Predicate-Abstraction Refiner statistics
----------------------------------------
Avg. length of target path (in blocks):                6267 (count: 109, min: 12, max: 109, avg: 57.50)
Number of infeasible sliced prefixes:                     0 (count: 0, min: 0, max: 0, avg: 0.00)

Time for refinement:                                   8.297s
  Counterexample analysis:                4.803s (Max:     0.144s, Calls: 109)
    Refinement sat check:                 0.580s
    Interpolant computation:              0.000s
  Error path post-processing:                          0.000s
  Path-formulas extraction:                            0.005s
  Building the counterexample trace:                   4.804s
  Extracting precise counterexample:                   0.000s
  Extracting infeasible sliced prefixes:               0.000s
  Selecting infeasible sliced prefixes:                0.000s
  Predicate creation:                                  0.025s
  Precision update:                                    0.037s
  ARG update:                                          3.305s

Length of refined path (in blocks):                    5739 (count: 109, min: 8, max: 108, avg: 52.65)
Number of affected states:                             5104 (count: 109, min: 1, max: 106, avg: 46.83)
Length (states) of path with itp 'true':                526 (count: 109, min: 0, max: 87, avg: 4.83)
Length (states) of path with itp non-trivial itp:      5104 (count: 109, min: 1, max: 106, avg: 46.83)
Length (states) of path with itp 'false':               109 (count: 109, min: 1, max: 1, avg: 1.00)
Different non-trivial interpolants along paths:           8 (count: 109, min: 0, max: 2, avg: 0.07)
Equal non-trivial interpolants along paths:            4987 (count: 109, min: 0, max: 105, avg: 45.75)
Different precisions along paths:                         0 (count: 0, min: 0, max: 0, avg: 0.00)
Equal precisions along paths:                             0 (count: 0, min: 0, max: 0, avg: 0.00)
Number of refs with location-based cutoff:                0

CEGAR algorithm statistics
--------------------------
Number of refinements:                109
Lazy expansion status:                false
Expansion times:                      0
Total path lengths:                   133203
SP times:                             0
Number of added holes:                0
Number of successful refinements:     109
Number of failed refinements:         0
Max. size of reached set before ref.: 30742
Max. size of reached set after ref.:  21792
Avg. size of reached set before ref.: 12748.62
Avg. size of reached set after ref.:  1583.12

Total time for CEGAR algorithm:     148.787s
CPU time for CEGAR algorithm:       195.030s
Time for refinements:                 8.522s
CPU time for refinements:            13.590s
Average time for refinement:          0.078s
Max time for refinement:              0.186s
First time for refinement:             1.275s
Last time for refinement:              1.276s
Average time for analysis:          1.275s
Number of analysis:                110

Counterexample-Check Algorithm statistics
-----------------------------------------
Number of counterexample checks:    0

Code Coverage
-----------------------------
  Visited lines:          4391
  Total lines:            32
  Line coverage:          137.219

CPAchecker general statistics
-----------------------------
Number of program locations:     3076
Number of CFA edges:             3537
Number of relevant variables:    416
Number of functions:             150
Number of loops:                 10
Size of reached set:             13345
  Number of reached locations:   1735 (56%)
    Avg states per location:     7
    Max states per location:     210 (at node N64)
  Number of reached functions:   45 (30%)
  Number of partitions:          13224
    Avg size of partitions:      1
    Max size of partitions:      9 (with key [N1535 (before /work/ldvuser/novikov/work/current--X--drivers/net/can/usb/ems_usb.ko--X--defaultlinux--X--39_7a--X--cpachecker/linux/csd_deg_dscv/11/dscv_tempdir/dscv/ri/39_7a/drivers/net/can/usb/ems_usb.c.prepared, line 1980), Function ldv_main0_sequence_infinite_withcheck_stateful called from node N1466, stack depth 1 [6d171ce0], stack [ldv_main0_sequence_infinite_withcheck_stateful], Init])
  Number of target states:       0

Time for analysis setup:                   2.335s
  Time for loading CPAs:                   0.423s
  Time for impacted traverse:              0.002s
  Time for loading parser:        0.030s
  Time for CFA construction:      1.809s
    Time for parsing file(s):     0.518s
    Time for AST to CFA:          0.673s
    Time for CFA sanity check:    0.000s
    Time for post-processing:     0.425s
      Time for var class.:        0.000s
Time for Analysis:                       148.802s
CPU time for analysis:    195.050s

Time for Garbage Collector:       3.299s (in 73 runs)
Garbage Collector(s) used:    PS MarkSweep, PS Scavenge
Used heap memory:               3509MB (  3346 MiB) max;   1337MB (  1275 MiB) avg;   3524MB (  3361 MiB) peak
Used non-heap memory:             44MB (    42 MiB) max;     41MB (    39 MiB) avg;     46MB (    44 MiB) peak
Used in PS Old Gen pool:          69MB (    66 MiB) max;     47MB (    45 MiB) avg;     69MB (    66 MiB) peak
Allocated heap memory:          3563MB (  3398 MiB) max;   2652MB (  2529 MiB) avg
Allocated non-heap memory:        47MB (    45 MiB) max;     45MB (    43 MiB) avg
Total process virtual memory:  13242MB ( 12629 MiB) max;  13240MB ( 12626 MiB) avg

Verification result: TRUE. No property violation found by chosen configuration.
More details about the verification run can be found in the directory "/home/yqs17/blazer/cpachecker-inc-pred/output-ori-final/flat/drivers--net--can--usb--ems_usb.ko.012.a4b7709.39_7a.cil_safe.i".
