scripts/cpa.sh -heap 10000M -predicateAnalysis-ABEl-debug -setprop cpa.predicate.refinement.performInitialStaticRefinement=false -disable-java-assertions -outputpath /home/yqs17/blazer/cpachecker-inc-pred/output-ori-final/flat/drivers--gpu--drm--i915--i915.ko.057.a7f014f.32_7a.cil_safe.i -stats -spec /home/yqs17/blazer/cpachecker-inc-pred/LDVErrorLabel.spc -entryfunction ldv_main0_sequence_infinite_withcheck_stateful /home/yqs17/blazer/cpachecker-inc-pred/programs-flat/drivers--gpu--drm--i915--i915.ko.057.a7f014f.32_7a.cil_safe.i


--------------------------------------------------------------------------------


Running CPAchecker with Java heap of size 10000M.
Running CPAchecker with the following extra VM options:  -Djava.io.tmpdir=/tmp/BenchExec_run_n2lk3osc/tmp
PredicateCPA statistics
-----------------------
Read Precision Time:                0.000s
Precision file size:                0
Write Precision Time:               0.002s
Number of abstractions:            14891 (22% of all post computations)
  Times abstraction was reused:    0
  Because of function entry/exit:  13784 (93%)
  Because of loop head:            1107 (7%)
  Because of join nodes:           0 (0%)
  Because of threshold:            0 (0%)
  Times precision was empty:       7430 (50%)
  Times precision was {false}:     1132 (8%)
  Times result was cached:         5650 (38%)
  Times cartesian abs was used:    0 (0%)
  Times boolean abs was used:      679 (5%)
  Times result was 'false':        232 (2%)
Number of strengthen sat checks:   15
  Times result was 'false':        0 (0%)
Number of coverage checks:         9254
  BDD entailment checks:           1532
Number of SMT sat checks:          15
  trivial:                         15
  cached:                          0

Max ABE block size:                       21
Number of predicates discovered:          9
Number of abstraction locations:          0
Max number of predicates per location:    0
Avg number of predicates per location:    0
Total predicates per abstraction:         2897
Max number of predicates per abstraction: 3
Avg number of predicates per abstraction: 1.60
Number of irrelevant predicates:          2158 (74%)
Number of preds handled by boolean abs:   739 (26%)
  Total number of models for allsat:      788
  Max number of models for allsat:        2
  Avg number of models for allsat:        1.16

Number of path formula cache hits:   21297 (29%)

Time for post operator:                  5.686s
  Time for path formula creation:        5.005s
    Actual computation:                  4.420s
Time for strengthen operator:            0.081s
  Time for satisfiability checks:        0.000s
Time for prec operator:                  2.299s
  Time for abstraction:                  1.635s (Max:     0.014s, Count: 14891)
    Boolean abstraction:                 0.209s
    Solving time:                        0.215s (Max:     0.008s)
    Model enumeration time:              0.017s
    Time for BDD construction:           0.022s (Max:     0.004s)
Time for merge operator:                 0.670s
Time for coverage check:                 0.035s
  Time for BDD entailment checks:        0.028s
Total time for SMT solver (w/o itp):     0.232s

Number of BDD nodes:                               220
Size of BDD node table:                            466043
Size of BDD cache:                                 46619
Size of BDD node cleanup queue:                         409 (count: 42666, min: 0, max: 232, avg: 0.01)
Time for BDD node cleanup:                             0.006s
Time for BDD garbage collection:                       0.000s (in 0 runs)

PrecisionBootstrap statistics
-----------------------------
Init. function predicates:                         0
Init. global predicates:                           0
Init. location predicates:                         0

----------------------

AutomatonAnalysis (SVCOMP) statistics
-------------------------------------
Number of states:                                  1
Total time for successor computation:                  0.083s
Automaton transfers with branching:                0
Automaton transfer successors:                        67517 (count: 67517, min: 1, max: 1, avg: 1.00) [1 x 67517]

CPA algorithm statistics
------------------------
Number of iterations:            62115
Max size of waitlist:            17
Average size of waitlist:        8
Number of computed successors:   67517
Max successors for one state:    2
Number of times merged:          3861
Number of times stopped:         5169
Number of times abs stopped:     1308
Number of times nonAbs stopped:  0
Number of times doAbstraction node:  14891
Number of times breaked:         15

Total time for CPA algorithm:        12.138s (Max:     1.865s)
CPU time for CPA algorithm:          23.830s
  Time for choose from waitlist:      0.054s
  Time for precision adjustment:      2.519s
  Time for transfer relation:         7.646s
  Time for merge operator:            0.833s
  Time for stop operator:             0.195s
  Time for adding to reached set:     0.239s

Predicate-Abstraction Refiner statistics
----------------------------------------
Avg. length of target path (in blocks):                2646 (count: 15, min: 10, max: 247, avg: 176.40)
Number of infeasible sliced prefixes:                     0 (count: 0, min: 0, max: 0, avg: 0.00)

Time for refinement:                                   6.339s
  Counterexample analysis:                6.022s (Max:     0.631s, Calls: 15)
    Refinement sat check:                 0.370s
    Interpolant computation:              0.000s
  Error path post-processing:                          0.000s
  Path-formulas extraction:                            0.001s
  Building the counterexample trace:                   6.022s
  Extracting precise counterexample:                   0.000s
  Extracting infeasible sliced prefixes:               0.000s
  Selecting infeasible sliced prefixes:                0.000s
  Predicate creation:                                  0.008s
  Precision update:                                    0.003s
  ARG update:                                          0.269s

Length of refined path (in blocks):                    1917 (count: 15, min: 9, max: 246, avg: 127.80)
Number of affected states:                              521 (count: 15, min: 1, max: 244, avg: 34.73)
Length (states) of path with itp 'true':               1381 (count: 15, min: 1, max: 202, avg: 92.07)
Length (states) of path with itp non-trivial itp:       521 (count: 15, min: 1, max: 244, avg: 34.73)
Length (states) of path with itp 'false':                15 (count: 15, min: 1, max: 1, avg: 1.00)
Different non-trivial interpolants along paths:           2 (count: 15, min: 0, max: 1, avg: 0.13)
Equal non-trivial interpolants along paths:             504 (count: 15, min: 0, max: 243, avg: 33.60)
Different precisions along paths:                         0 (count: 0, min: 0, max: 0, avg: 0.00)
Equal precisions along paths:                             0 (count: 0, min: 0, max: 0, avg: 0.00)
Number of refs with location-based cutoff:                0

CEGAR algorithm statistics
--------------------------
Number of refinements:                15
Lazy expansion status:                false
Expansion times:                      0
Total path lengths:                   26494
SP times:                             0
Number of added holes:                0
Number of successful refinements:     15
Number of failed refinements:         0
Max. size of reached set before ref.: 7439
Max. size of reached set after ref.:  3696
Avg. size of reached set before ref.: 6456.33
Avg. size of reached set after ref.:  2575.93

Total time for CEGAR algorithm:      18.551s
CPU time for CEGAR algorithm:        35.770s
Time for refinements:                 6.413s
CPU time for refinements:            11.940s
Average time for refinement:          0.427s
Max time for refinement:              0.670s
First time for refinement:             0.758s
Last time for refinement:              0.289s
Average time for analysis:          0.758s
Number of analysis:                16

Counterexample-Check Algorithm statistics
-----------------------------------------
Number of counterexample checks:    0

Code Coverage
-----------------------------
  Visited lines:          4080
  Total lines:            5
  Line coverage:          816.000

CPAchecker general statistics
-----------------------------
Number of program locations:     8555
Number of CFA edges:             11041
Number of relevant variables:    1887
Number of functions:             291
Number of loops:                 61
Size of reached set:             3911
  Number of reached locations:   2132 (25%)
    Avg states per location:     1
    Max states per location:     96 (at node N132)
  Number of reached functions:   28 (10%)
  Number of partitions:          3897
    Avg size of partitions:      1
    Max size of partitions:      2 (with key [N3690 (before /work/ldvuser/novikov/work/current--X--drivers/gpu/drm/i915/i915.ko--X--defaultlinux--X--32_7a--X--cpachecker/linux/csd_deg_dscv/21/dscv_tempdir/dscv/ri/32_7a/drivers/gpu/drm/i915/i915_suspend.c.prepared, line 528), Function i915_restore_state called from node N37, stack depth 3 [5d87e444], stack [ldv_main0_sequence_infinite_withcheck_stateful, i915_resume, i915_restore_state], Init])
  Number of target states:       0

Time for analysis setup:                   3.624s
  Time for loading CPAs:                   0.408s
  Time for impacted traverse:              0.002s
  Time for loading parser:        0.035s
  Time for CFA construction:      3.108s
    Time for parsing file(s):     0.648s
    Time for AST to CFA:          1.154s
    Time for CFA sanity check:    0.000s
    Time for post-processing:     1.012s
      Time for var class.:        0.000s
Time for Analysis:                        18.557s
CPU time for analysis:     35.780s

Time for Garbage Collector:       0.771s (in 15 runs)
Garbage Collector(s) used:    PS MarkSweep, PS Scavenge
Used heap memory:                731MB (   698 MiB) max;    243MB (   232 MiB) avg;    755MB (   720 MiB) peak
Used non-heap memory:             43MB (    41 MiB) max;     35MB (    33 MiB) avg;     45MB (    43 MiB) peak
Used in PS Old Gen pool:          47MB (    45 MiB) max;     33MB (    32 MiB) avg;     47MB (    45 MiB) peak
Allocated heap memory:          1015MB (   968 MiB) max;    553MB (   528 MiB) avg
Allocated non-heap memory:        46MB (    43 MiB) max;     38MB (    36 MiB) avg
Total process virtual memory:  13242MB ( 12629 MiB) max;  13238MB ( 12625 MiB) avg

Verification result: TRUE. No property violation found by chosen configuration.
More details about the verification run can be found in the directory "/home/yqs17/blazer/cpachecker-inc-pred/output-ori-final/flat/drivers--gpu--drm--i915--i915.ko.057.a7f014f.32_7a.cil_safe.i".
