scripts/cpa.sh -heap 10000M -predicateAnalysis-ABEl-debug -setprop cpa.predicate.refinement.performInitialStaticRefinement=false -disable-java-assertions -outputpath /home/yqs17/blazer/cpachecker-inc-pred/output-ori-final/flat/drivers--net--tokenring--abyss.ko.008.726a645.32_7a.cil_safe.i -stats -spec /home/yqs17/blazer/cpachecker-inc-pred/LDVErrorLabel.spc -entryfunction ldv_main0_sequence_infinite_withcheck_stateful /home/yqs17/blazer/cpachecker-inc-pred/programs-flat/drivers--net--tokenring--abyss.ko.008.726a645.32_7a.cil_safe.i


--------------------------------------------------------------------------------


Running CPAchecker with Java heap of size 10000M.
Running CPAchecker with the following extra VM options:  -Djava.io.tmpdir=/tmp/BenchExec_run_jz098akm/tmp
PredicateCPA statistics
-----------------------
Read Precision Time:                0.000s
Precision file size:                2
Write Precision Time:               0.002s
Number of abstractions:            731 (18% of all post computations)
  Times abstraction was reused:    0
  Because of function entry/exit:  665 (91%)
  Because of loop head:            66 (9%)
  Because of join nodes:           0 (0%)
  Because of threshold:            0 (0%)
  Times precision was empty:       731 (100%)
  Times precision was {false}:     0 (0%)
  Times result was cached:         0 (0%)
  Times cartesian abs was used:    0 (0%)
  Times boolean abs was used:      0 (0%)
  Times result was 'false':        0 (0%)
Number of strengthen sat checks:   0
Number of coverage checks:         535
  BDD entailment checks:           65
Number of SMT sat checks:          0
  trivial:                         0
  cached:                          0

Max ABE block size:                       37
Number of predicates discovered:          0

Number of path formula cache hits:   137 (3%)

Time for post operator:                  0.735s
  Time for path formula creation:        0.654s
    Actual computation:                  0.592s
Time for strengthen operator:            0.015s
Time for prec operator:                  0.152s
  Time for abstraction:                  0.086s (Max:     0.005s, Count: 731)
    Solving time:                        0.000s (Max:     0.000s)
    Model enumeration time:              0.000s
    Time for BDD construction:           0.000s (Max:     0.000s)
Time for merge operator:                 0.107s
Time for coverage check:                 0.016s
  Time for BDD entailment checks:        0.014s
Total time for SMT solver (w/o itp):     0.000s

Number of BDD nodes:                               202
Size of BDD node table:                            466043
Size of BDD cache:                                 46619
Size of BDD node cleanup queue:                           0 (count: 5390, min: 0, max: 0, avg: 0.00)
Time for BDD node cleanup:                             0.000s
Time for BDD garbage collection:                       0.000s (in 0 runs)

PrecisionBootstrap statistics
-----------------------------
Init. function predicates:                         0
Init. global predicates:                           0
Init. location predicates:                         0

----------------------

AutomatonAnalysis (SVCOMP) statistics
-------------------------------------
Number of states:                                  1
Total time for successor computation:                  0.050s
Automaton transfers with branching:                0
Automaton transfer successors:                         4152 (count: 4152, min: 1, max: 1, avg: 1.00) [1 x 4152]

CPA algorithm statistics
------------------------
Number of iterations:            3853
Max size of waitlist:            16
Average size of waitlist:        11
Number of computed successors:   4152
Max successors for one state:    2
Number of times merged:          235
Number of times stopped:         300
Number of times abs stopped:     65
Number of times nonAbs stopped:  470
Number of coverage check (part): 535
Number of times doAbstraction node:  731
Number of times breaked:         0

Total time for CPA algorithm:         1.506s (Max:     1.506s)
CPU time for CPA algorithm:           2.980s
  Time for choose from waitlist:      0.013s
  Time for precision adjustment:      0.186s
  Time for transfer relation:         0.964s
  Time for merge operator:            0.151s
  Time for stop operator:             0.056s
  Time for adding to reached set:     0.048s

Predicate-Abstraction Refiner statistics
----------------------------------------
  Predicate creation:                                  0.000s
  Precision update:                                    0.000s
  ARG update:                                          0.000s

Length of refined path (in blocks):                       0 (count: 0, min: 0, max: 0, avg: 0.00)
Number of affected states:                                0 (count: 0, min: 0, max: 0, avg: 0.00)
Length (states) of path with itp 'true':                  0 (count: 0, min: 0, max: 0, avg: 0.00)
Length (states) of path with itp non-trivial itp:         0 (count: 0, min: 0, max: 0, avg: 0.00)
Length (states) of path with itp 'false':                 0 (count: 0, min: 0, max: 0, avg: 0.00)
Different non-trivial interpolants along paths:           0 (count: 0, min: 0, max: 0, avg: 0.00)
Equal non-trivial interpolants along paths:               0 (count: 0, min: 0, max: 0, avg: 0.00)
Different precisions along paths:                         0 (count: 0, min: 0, max: 0, avg: 0.00)
Equal precisions along paths:                             0 (count: 0, min: 0, max: 0, avg: 0.00)
Number of refs with location-based cutoff:                0

CEGAR algorithm statistics
--------------------------
Number of refinements:                0
Lazy expansion status:                false
Expansion times:                      0
Total path lengths:                   0
SP times:                             0
Number of added holes:                0
Refinement times:             0
First time for refinement:             1.507s
Last time for refinement:              1.507s
Average time for analysis:          1.507s
Number of analysis:                1

Counterexample-Check Algorithm statistics
-----------------------------------------
Number of counterexample checks:    0

Code Coverage
-----------------------------
  Visited lines:          2502
  Total lines:            23
  Line coverage:          108.783

CPAchecker general statistics
-----------------------------
Number of program locations:     1009
Number of CFA edges:             1133
Number of relevant variables:    124
Number of functions:             39
Number of loops:                 7
Size of reached set:             3853
  Number of reached locations:   928 (92%)
    Avg states per location:     4
    Max states per location:     112 (at node N27)
  Number of reached functions:   28 (72%)
  Number of partitions:          3853
    Avg size of partitions:      1
    Max size of partitions:      1
  Number of target states:       0

Time for analysis setup:                   1.689s
  Time for loading CPAs:                   0.424s
  Time for impacted traverse:              0.002s
  Time for loading parser:        0.034s
  Time for CFA construction:      1.143s
    Time for parsing file(s):     0.363s
    Time for AST to CFA:          0.405s
    Time for CFA sanity check:    0.000s
    Time for post-processing:     0.255s
      Time for var class.:        0.000s
Time for Analysis:                         1.514s
CPU time for analysis:                     2.990s
   CPU time for collect prec:              0.000s

Time for Garbage Collector:       0.077s (in 4 runs)
Garbage Collector(s) used:    PS MarkSweep, PS Scavenge
Used heap memory:                103MB (    99 MiB) max;     46MB (    43 MiB) avg;    111MB (   106 MiB) peak
Used non-heap memory:             33MB (    31 MiB) max;     24MB (    23 MiB) avg;     34MB (    33 MiB) peak
Used in PS Old Gen pool:          22MB (    21 MiB) max;      6MB (     6 MiB) avg;     25MB (    24 MiB) peak
Allocated heap memory:           190MB (   182 MiB) max;    174MB (   166 MiB) avg
Allocated non-heap memory:        34MB (    32 MiB) max;     25MB (    24 MiB) avg
Total process virtual memory:  13238MB ( 12625 MiB) max;  13234MB ( 12621 MiB) avg

Verification result: TRUE. No property violation found by chosen configuration.
More details about the verification run can be found in the directory "/home/yqs17/blazer/cpachecker-inc-pred/output-ori-final/flat/drivers--net--tokenring--abyss.ko.008.726a645.32_7a.cil_safe.i".
