scripts/cpa.sh -heap 10000M -predicateAnalysis-ABEl-debug -setprop cpa.predicate.refinement.performInitialStaticRefinement=false -disable-java-assertions -outputpath /home/yqs17/blazer/cpachecker-inc-pred/output-ori-final/flat/drivers--usb--serial--spcp8x5.ko.028.a385c15.32_7a.cil_safe.i -stats -spec /home/yqs17/blazer/cpachecker-inc-pred/LDVErrorLabel.spc -entryfunction ldv_main0_sequence_infinite_withcheck_stateful /home/yqs17/blazer/cpachecker-inc-pred/programs-flat/drivers--usb--serial--spcp8x5.ko.028.a385c15.32_7a.cil_safe.i


--------------------------------------------------------------------------------


Running CPAchecker with Java heap of size 10000M.
Running CPAchecker with the following extra VM options:  -Djava.io.tmpdir=/tmp/BenchExec_run__a1w9xov/tmp
PredicateCPA statistics
-----------------------
Read Precision Time:                0.000s
Precision file size:                0
Write Precision Time:               0.004s
Number of abstractions:            39675 (13% of all post computations)
  Times abstraction was reused:    0
  Because of function entry/exit:  37050 (93%)
  Because of loop head:            2625 (7%)
  Because of join nodes:           0 (0%)
  Because of threshold:            0 (0%)
  Times precision was empty:       7281 (18%)
  Times precision was {false}:     1414 (4%)
  Times result was cached:         26681 (67%)
  Times cartesian abs was used:    0 (0%)
  Times boolean abs was used:      4299 (11%)
  Times result was 'false':        233 (1%)
Number of strengthen sat checks:   47
  Times result was 'false':        0 (0%)
Number of coverage checks:         64194
  BDD entailment checks:           12896
Number of SMT sat checks:          47
  trivial:                         47
  cached:                          0

Max ABE block size:                       35
Number of predicates discovered:          6
Number of abstraction locations:          0
Max number of predicates per location:    0
Avg number of predicates per location:    0
Total predicates per abstraction:         16410
Max number of predicates per abstraction: 5
Avg number of predicates per abstraction: 2.87
Number of irrelevant predicates:          7909 (48%)
Number of preds handled by boolean abs:   8501 (52%)
  Total number of models for allsat:      5670
  Max number of models for allsat:        3
  Avg number of models for allsat:        1.32

Number of path formula cache hits:   268593 (76%)

Time for post operator:                 13.148s
  Time for path formula creation:        7.852s
    Actual computation:                  6.756s
Time for strengthen operator:            0.229s
  Time for satisfiability checks:        0.002s
Time for prec operator:                 11.016s
  Time for abstraction:                  8.858s (Max:     0.158s, Count: 39675)
    Boolean abstraction:                 1.575s
    Solving time:                        1.136s (Max:     0.151s)
    Model enumeration time:              0.173s
    Time for BDD construction:           0.088s (Max:     0.012s)
Time for merge operator:                 3.297s
Time for coverage check:                 0.060s
  Time for BDD entailment checks:        0.042s
Total time for SMT solver (w/o itp):     1.309s

Number of BDD nodes:                               311
Size of BDD node table:                            466043
Size of BDD cache:                                 46619
Size of BDD node cleanup queue:                        3091 (count: 48038, min: 0, max: 612, avg: 0.06)
Time for BDD node cleanup:                             0.008s
Time for BDD garbage collection:                       0.000s (in 0 runs)

PrecisionBootstrap statistics
-----------------------------
Init. function predicates:                         0
Init. global predicates:                           0
Init. location predicates:                         0

----------------------

AutomatonAnalysis (SVCOMP) statistics
-------------------------------------
Number of states:                                  1
Total time for successor computation:                  0.244s
Automaton transfers with branching:                0
Automaton transfer successors:                       306615 (count: 306615, min: 1, max: 1, avg: 1.00) [1 x 306615]

CPA algorithm statistics
------------------------
Number of iterations:            272725
Max size of waitlist:            68
Average size of waitlist:        24
Number of computed successors:   306615
Max successors for one state:    2
Number of times merged:          25649
Number of times stopped:         33474
Number of times abs stopped:     7825
Number of times nonAbs stopped:  0
Number of times doAbstraction node:  39675
Number of times breaked:         47

Total time for CPA algorithm:        33.839s (Max:     1.697s)
CPU time for CPA algorithm:          66.560s
  Time for choose from waitlist:      0.172s
  Time for precision adjustment:     11.552s
  Time for transfer relation:        15.880s
  Time for merge operator:            3.885s
  Time for stop operator:             0.492s
  Time for adding to reached set:     0.663s

Predicate-Abstraction Refiner statistics
----------------------------------------
Avg. length of target path (in blocks):                 928 (count: 47, min: 6, max: 45, avg: 19.74)
Number of infeasible sliced prefixes:                     0 (count: 0, min: 0, max: 0, avg: 0.00)

Time for refinement:                                   2.524s
  Counterexample analysis:                1.451s (Max:     0.163s, Calls: 47)
    Refinement sat check:                 0.279s
    Interpolant computation:              0.000s
  Error path post-processing:                          0.000s
  Path-formulas extraction:                            0.001s
  Building the counterexample trace:                   1.451s
  Extracting precise counterexample:                   0.000s
  Extracting infeasible sliced prefixes:               0.000s
  Selecting infeasible sliced prefixes:                0.000s
  Predicate creation:                                  0.013s
  Precision update:                                    0.019s
  ARG update:                                          0.979s

Length of refined path (in blocks):                     808 (count: 47, min: 4, max: 43, avg: 17.19)
Number of affected states:                              731 (count: 47, min: 3, max: 42, avg: 15.55)
Length (states) of path with itp 'true':                 30 (count: 47, min: 0, max: 1, avg: 0.64)
Length (states) of path with itp non-trivial itp:       731 (count: 47, min: 3, max: 42, avg: 15.55)
Length (states) of path with itp 'false':                47 (count: 47, min: 1, max: 1, avg: 1.00)
Different non-trivial interpolants along paths:           6 (count: 47, min: 0, max: 2, avg: 0.13)
Equal non-trivial interpolants along paths:             678 (count: 47, min: 2, max: 39, avg: 14.43)
Different precisions along paths:                         0 (count: 0, min: 0, max: 0, avg: 0.00)
Equal precisions along paths:                             0 (count: 0, min: 0, max: 0, avg: 0.00)
Number of refs with location-based cutoff:                0

CEGAR algorithm statistics
--------------------------
Number of refinements:                47
Lazy expansion status:                false
Expansion times:                      0
Total path lengths:                   37274
SP times:                             0
Number of added holes:                0
Number of successful refinements:     47
Number of failed refinements:         0
Max. size of reached set before ref.: 12748
Max. size of reached set after ref.:  685
Avg. size of reached set before ref.: 6394.87
Avg. size of reached set after ref.:  683.19

Total time for CEGAR algorithm:      36.467s
CPU time for CEGAR algorithm:        71.790s
Time for refinements:                 2.623s
CPU time for refinements:             5.210s
Average time for refinement:          0.055s
Max time for refinement:              0.196s
First time for refinement:             0.705s
Last time for refinement:              0.447s
Average time for analysis:          0.705s
Number of analysis:                48

Counterexample-Check Algorithm statistics
-----------------------------------------
Number of counterexample checks:    0

Code Coverage
-----------------------------
  Visited lines:          3744
  Total lines:            1
  Line coverage:          3744.000

CPAchecker general statistics
-----------------------------
Number of program locations:     1712
Number of CFA edges:             1965
Number of relevant variables:    238
Number of functions:             52
Number of loops:                 5
Size of reached set:             4460
  Number of reached locations:   1529 (89%)
    Avg states per location:     2
    Max states per location:     34 (at node N1010)
  Number of reached functions:   32 (62%)
  Number of partitions:          4448
    Avg size of partitions:      1
    Max size of partitions:      3 (with key [N960 (before /work/ldvuser/novikov/work/current--X--drivers/usb/serial/spcp8x5.ko--X--defaultlinux--X--32_7a--X--cpachecker/linux/csd_deg_dscv/11/dscv_tempdir/dscv/ri/32_7a/drivers/usb/serial/spcp8x5.c.prepared, line 1614), Function ldv_main0_sequence_infinite_withcheck_stateful called from node N862, stack depth 1 [7bd69e82], stack [ldv_main0_sequence_infinite_withcheck_stateful], Init])
  Number of target states:       0

Time for analysis setup:                   1.865s
  Time for loading CPAs:                   0.361s
  Time for impacted traverse:              0.002s
  Time for loading parser:        0.027s
  Time for CFA construction:      1.401s
    Time for parsing file(s):     0.447s
    Time for AST to CFA:          0.482s
    Time for CFA sanity check:    0.000s
    Time for post-processing:     0.310s
      Time for var class.:        0.000s
Time for Analysis:                        36.474s
CPU time for analysis:     71.800s

Time for Garbage Collector:       0.939s (in 21 runs)
Garbage Collector(s) used:    PS MarkSweep, PS Scavenge
Used heap memory:               1687MB (  1609 MiB) max;    491MB (   468 MiB) avg;   1693MB (  1615 MiB) peak
Used non-heap memory:             42MB (    40 MiB) max;     37MB (    35 MiB) avg;     45MB (    42 MiB) peak
Used in PS Old Gen pool:          52MB (    49 MiB) max;     32MB (    30 MiB) avg;     52MB (    49 MiB) peak
Allocated heap memory:          2081MB (  1985 MiB) max;   1037MB (   989 MiB) avg
Allocated non-heap memory:        46MB (    43 MiB) max;     41MB (    39 MiB) avg
Total process virtual memory:  13243MB ( 12629 MiB) max;  13239MB ( 12626 MiB) avg

Verification result: TRUE. No property violation found by chosen configuration.
More details about the verification run can be found in the directory "/home/yqs17/blazer/cpachecker-inc-pred/output-ori-final/flat/drivers--usb--serial--spcp8x5.ko.028.a385c15.32_7a.cil_safe.i".
