scripts/cpa.sh -heap 10000M -predicateAnalysis-ABEl-debug -setprop cpa.predicate.refinement.performInitialStaticRefinement=false -disable-java-assertions -outputpath /home/yqs17/blazer/cpachecker-inc-pred/output-ori-final/flat/drivers--hwmon--it87.ko.055.e267d25.32_7a.cil_safe.i -stats -spec /home/yqs17/blazer/cpachecker-inc-pred/LDVErrorLabel.spc -entryfunction ldv_main0_sequence_infinite_withcheck_stateful /home/yqs17/blazer/cpachecker-inc-pred/programs-flat/drivers--hwmon--it87.ko.055.e267d25.32_7a.cil_safe.i


--------------------------------------------------------------------------------


Running CPAchecker with Java heap of size 10000M.
Running CPAchecker with the following extra VM options:  -Djava.io.tmpdir=/tmp/BenchExec_run_e1tuu5ab/tmp
PredicateCPA statistics
-----------------------
Read Precision Time:                0.000s
Precision file size:                0
Write Precision Time:               0.002s
Number of abstractions:            12435 (22% of all post computations)
  Times abstraction was reused:    0
  Because of function entry/exit:  11654 (94%)
  Because of loop head:            781 (6%)
  Because of join nodes:           0 (0%)
  Because of threshold:            0 (0%)
  Times precision was empty:       5269 (42%)
  Times precision was {false}:     435 (3%)
  Times result was cached:         5729 (46%)
  Times cartesian abs was used:    0 (0%)
  Times boolean abs was used:      1002 (8%)
  Times result was 'false':        164 (1%)
Number of strengthen sat checks:   14
  Times result was 'false':        0 (0%)
Number of coverage checks:         7975
  BDD entailment checks:           1609
Number of SMT sat checks:          14
  trivial:                         14
  cached:                          0

Max ABE block size:                       110
Number of predicates discovered:          14
Number of abstraction locations:          0
Max number of predicates per location:    0
Avg number of predicates per location:    0
Total predicates per abstraction:         3184
Max number of predicates per abstraction: 7
Avg number of predicates per abstraction: 2.22
Number of irrelevant predicates:          1679 (53%)
Number of preds handled by boolean abs:   1505 (47%)
  Total number of models for allsat:      1122
  Max number of models for allsat:        4
  Avg number of models for allsat:        1.12

Number of path formula cache hits:   34882 (54%)

Time for post operator:                  5.469s
  Time for path formula creation:        4.567s
    Actual computation:                  3.494s
Time for strengthen operator:            0.065s
  Time for satisfiability checks:        0.000s
Time for prec operator:                  3.717s
  Time for abstraction:                  2.988s (Max:     0.249s, Count: 12435)
    Boolean abstraction:                 0.886s
    Solving time:                        0.798s (Max:     0.168s)
    Model enumeration time:              0.114s
    Time for BDD construction:           0.029s (Max:     0.001s)
Time for merge operator:                 3.087s
Time for coverage check:                 0.021s
  Time for BDD entailment checks:        0.018s
Total time for SMT solver (w/o itp):     0.912s

Number of BDD nodes:                               360
Size of BDD node table:                            466043
Size of BDD cache:                                 46619
Size of BDD node cleanup queue:                        1169 (count: 21363, min: 0, max: 300, avg: 0.05)
Time for BDD node cleanup:                             0.002s
Time for BDD garbage collection:                       0.000s (in 0 runs)

PrecisionBootstrap statistics
-----------------------------
Init. function predicates:                         0
Init. global predicates:                           0
Init. location predicates:                         0

----------------------

AutomatonAnalysis (SVCOMP) statistics
-------------------------------------
Number of states:                                  1
Total time for successor computation:                  0.074s
Automaton transfers with branching:                0
Automaton transfer successors:                        55818 (count: 55818, min: 1, max: 1, avg: 1.00) [1 x 55818]

CPA algorithm statistics
------------------------
Number of iterations:            51444
Max size of waitlist:            70
Average size of waitlist:        15
Number of computed successors:   55818
Max successors for one state:    2
Number of times merged:          3183
Number of times stopped:         4191
Number of times abs stopped:     1008
Number of times nonAbs stopped:  0
Number of times doAbstraction node:  12435
Number of times breaked:         14

Total time for CPA algorithm:        14.703s (Max:     2.554s)
CPU time for CPA algorithm:          28.980s
  Time for choose from waitlist:      0.058s
  Time for precision adjustment:      3.936s
  Time for transfer relation:         6.413s
  Time for merge operator:            3.264s
  Time for stop operator:             0.198s
  Time for adding to reached set:     0.211s

Predicate-Abstraction Refiner statistics
----------------------------------------
Avg. length of target path (in blocks):                1888 (count: 14, min: 30, max: 233, avg: 134.86)
Number of infeasible sliced prefixes:                     0 (count: 0, min: 0, max: 0, avg: 0.00)

Time for refinement:                                  20.762s
  Counterexample analysis:               20.478s (Max:     2.809s, Calls: 14)
    Refinement sat check:                 0.592s
    Interpolant computation:              0.000s
  Error path post-processing:                          0.000s
  Path-formulas extraction:                            0.002s
  Building the counterexample trace:                  20.478s
  Extracting precise counterexample:                   0.000s
  Extracting infeasible sliced prefixes:               0.000s
  Selecting infeasible sliced prefixes:                0.000s
  Predicate creation:                                  0.030s
  Precision update:                                    0.007s
  ARG update:                                          0.210s

Length of refined path (in blocks):                    1693 (count: 14, min: 15, max: 229, avg: 120.93)
Number of affected states:                             1311 (count: 14, min: 1, max: 228, avg: 93.64)
Length (states) of path with itp 'true':                368 (count: 14, min: 0, max: 121, avg: 26.29)
Length (states) of path with itp non-trivial itp:      1311 (count: 14, min: 1, max: 228, avg: 93.64)
Length (states) of path with itp 'false':                14 (count: 14, min: 1, max: 1, avg: 1.00)
Different non-trivial interpolants along paths:           8 (count: 14, min: 0, max: 2, avg: 0.57)
Equal non-trivial interpolants along paths:            1289 (count: 14, min: 0, max: 225, avg: 92.07)
Different precisions along paths:                         0 (count: 0, min: 0, max: 0, avg: 0.00)
Equal precisions along paths:                             0 (count: 0, min: 0, max: 0, avg: 0.00)
Number of refs with location-based cutoff:                0

CEGAR algorithm statistics
--------------------------
Number of refinements:                14
Lazy expansion status:                false
Expansion times:                      0
Total path lengths:                   17748
SP times:                             0
Number of added holes:                0
Number of successful refinements:     14
Number of failed refinements:         0
Max. size of reached set before ref.: 9036
Max. size of reached set after ref.:  2677
Avg. size of reached set before ref.: 4519.36
Avg. size of reached set after ref.:  1037.00

Total time for CEGAR algorithm:      35.524s
CPU time for CEGAR algorithm:        57.050s
Time for refinements:                20.820s
CPU time for refinements:            28.050s
Average time for refinement:          1.487s
Max time for refinement:              2.856s
First time for refinement:             0.980s
Last time for refinement:              0.170s
Average time for analysis:          0.980s
Number of analysis:                15

Counterexample-Check Algorithm statistics
-----------------------------------------
Number of counterexample checks:    0

Code Coverage
-----------------------------
  Visited lines:          3025
  Total lines:            10
  Line coverage:          302.500

CPAchecker general statistics
-----------------------------
Number of program locations:     2635
Number of CFA edges:             3171
Number of relevant variables:    499
Number of functions:             103
Number of loops:                 12
Size of reached set:             2711
  Number of reached locations:   1543 (59%)
    Avg states per location:     1
    Max states per location:     52 (at node N0)
  Number of reached functions:   32 (31%)
  Number of partitions:          2702
    Avg size of partitions:      1
    Max size of partitions:      3 (with key [N1526 (before /work/ldvuser/novikov/work/current--X--drivers/hwmon/it87.ko--X--defaultlinux--X--32_7a--X--cpachecker/linux/csd_deg_dscv/11/dscv_tempdir/dscv/ri/32_7a/drivers/hwmon/it87.c.prepared, line 1385), Function it87_init_device called from node N1119, stack depth 3 [262bcb52], stack [ldv_main0_sequence_infinite_withcheck_stateful, it87_probe, it87_init_device], Init])
  Number of target states:       0

Time for analysis setup:                   2.199s
  Time for loading CPAs:                   0.388s
  Time for impacted traverse:              0.002s
  Time for loading parser:        0.029s
  Time for CFA construction:      1.704s
    Time for parsing file(s):     0.485s
    Time for AST to CFA:          0.609s
    Time for CFA sanity check:    0.000s
    Time for post-processing:     0.429s
      Time for var class.:        0.000s
Time for Analysis:                        35.528s
CPU time for analysis:     57.050s

Time for Garbage Collector:       0.840s (in 21 runs)
Garbage Collector(s) used:    PS MarkSweep, PS Scavenge
Used heap memory:                789MB (   753 MiB) max;    266MB (   254 MiB) avg;    797MB (   760 MiB) peak
Used non-heap memory:             42MB (    41 MiB) max;     38MB (    36 MiB) avg;     45MB (    42 MiB) peak
Used in PS Old Gen pool:          36MB (    34 MiB) max;     30MB (    29 MiB) avg;     36MB (    34 MiB) peak
Allocated heap memory:           972MB (   927 MiB) max;    610MB (   582 MiB) avg
Allocated non-heap memory:        45MB (    43 MiB) max;     41MB (    39 MiB) avg
Total process virtual memory:  13242MB ( 12629 MiB) max;  13239MB ( 12626 MiB) avg

Verification result: TRUE. No property violation found by chosen configuration.
More details about the verification run can be found in the directory "/home/yqs17/blazer/cpachecker-inc-pred/output-ori-final/flat/drivers--hwmon--it87.ko.055.e267d25.32_7a.cil_safe.i".
