scripts/cpa.sh -heap 10000M -predicateAnalysis-ABEl-debug -setprop cpa.predicate.refinement.performInitialStaticRefinement=false -disable-java-assertions -outputpath /home/yqs17/blazer/cpachecker-inc-pred/output-ori-final/flat/drivers--hwmon--it87.ko.071.2b3d1d8.32_7a.cil_safe.i -stats -spec /home/yqs17/blazer/cpachecker-inc-pred/LDVErrorLabel.spc -entryfunction ldv_main0_sequence_infinite_withcheck_stateful /home/yqs17/blazer/cpachecker-inc-pred/programs-flat/drivers--hwmon--it87.ko.071.2b3d1d8.32_7a.cil_safe.i


--------------------------------------------------------------------------------


Running CPAchecker with Java heap of size 10000M.
Running CPAchecker with the following extra VM options:  -Djava.io.tmpdir=/tmp/BenchExec_run_qme_vg9h/tmp
PredicateCPA statistics
-----------------------
Read Precision Time:                0.000s
Precision file size:                0
Write Precision Time:               0.003s
Number of abstractions:            30473 (19% of all post computations)
  Times abstraction was reused:    0
  Because of function entry/exit:  26415 (87%)
  Because of loop head:            4058 (13%)
  Because of join nodes:           0 (0%)
  Because of threshold:            0 (0%)
  Times precision was empty:       8492 (28%)
  Times precision was {false}:     688 (2%)
  Times result was cached:         19193 (63%)
  Times cartesian abs was used:    0 (0%)
  Times boolean abs was used:      2100 (7%)
  Times result was 'false':        622 (2%)
Number of strengthen sat checks:   22
  Times result was 'false':        0 (0%)
Number of coverage checks:         30016
  BDD entailment checks:           6864
Number of SMT sat checks:          22
  trivial:                         22
  cached:                          0

Max ABE block size:                       171
Number of predicates discovered:          18
Number of abstraction locations:          0
Max number of predicates per location:    0
Avg number of predicates per location:    0
Total predicates per abstraction:         7056
Max number of predicates per abstraction: 9
Avg number of predicates per abstraction: 2.53
Number of irrelevant predicates:          3662 (52%)
Number of preds handled by boolean abs:   3394 (48%)
  Total number of models for allsat:      2539
  Max number of models for allsat:        8
  Avg number of models for allsat:        1.21

Number of path formula cache hits:   88668 (48%)

Time for post operator:                 15.144s
  Time for path formula creation:       13.044s
    Actual computation:                  9.595s
Time for strengthen operator:            0.158s
  Time for satisfiability checks:        0.001s
Time for prec operator:                 10.574s
  Time for abstraction:                  8.320s (Max:     0.733s, Count: 30473)
    Boolean abstraction:                 2.668s
    Solving time:                        2.305s (Max:     0.610s)
    Model enumeration time:              0.297s
    Time for BDD construction:           0.066s (Max:     0.008s)
Time for merge operator:                12.105s
Time for coverage check:                 0.045s
  Time for BDD entailment checks:        0.032s
Total time for SMT solver (w/o itp):     2.602s

Number of BDD nodes:                               653
Size of BDD node table:                            466043
Size of BDD cache:                                 46619
Size of BDD node cleanup queue:                        2534 (count: 37875, min: 0, max: 364, avg: 0.07)
Time for BDD node cleanup:                             0.006s
Time for BDD garbage collection:                       0.000s (in 0 runs)

PrecisionBootstrap statistics
-----------------------------
Init. function predicates:                         0
Init. global predicates:                           0
Init. location predicates:                         0

----------------------

AutomatonAnalysis (SVCOMP) statistics
-------------------------------------
Number of states:                                  1
Total time for successor computation:                  0.128s
Automaton transfers with branching:                0
Automaton transfer successors:                       162519 (count: 162519, min: 1, max: 1, avg: 1.00) [1 x 162519]

CPA algorithm statistics
------------------------
Number of iterations:            146658
Max size of waitlist:            42
Average size of waitlist:        17
Number of computed successors:   162519
Max successors for one state:    2
Number of times merged:          11576
Number of times stopped:         15248
Number of times abs stopped:     3672
Number of times nonAbs stopped:  0
Number of times doAbstraction node:  30473
Number of times breaked:         22

Total time for CPA algorithm:        42.150s (Max:     4.294s)
CPU time for CPA algorithm:          78.110s
  Time for choose from waitlist:      0.096s
  Time for precision adjustment:     11.034s
  Time for transfer relation:        16.887s
  Time for merge operator:           12.435s
  Time for stop operator:             0.332s
  Time for adding to reached set:     0.451s

Predicate-Abstraction Refiner statistics
----------------------------------------
Avg. length of target path (in blocks):                4503 (count: 22, min: 30, max: 284, avg: 204.68)
Number of infeasible sliced prefixes:                     0 (count: 0, min: 0, max: 0, avg: 0.00)

Time for refinement:                                  38.510s
  Counterexample analysis:               37.966s (Max:     2.733s, Calls: 22)
    Refinement sat check:                 1.202s
    Interpolant computation:              0.000s
  Error path post-processing:                          0.000s
  Path-formulas extraction:                            0.001s
  Building the counterexample trace:                  37.966s
  Extracting precise counterexample:                   0.000s
  Extracting infeasible sliced prefixes:               0.000s
  Selecting infeasible sliced prefixes:                0.000s
  Predicate creation:                                  0.021s
  Precision update:                                    0.008s
  ARG update:                                          0.458s

Length of refined path (in blocks):                    4231 (count: 22, min: 15, max: 281, avg: 192.32)
Number of affected states:                             2582 (count: 22, min: 1, max: 279, avg: 117.36)
Length (states) of path with itp 'true':               1627 (count: 22, min: 0, max: 258, avg: 73.95)
Length (states) of path with itp non-trivial itp:      2582 (count: 22, min: 1, max: 279, avg: 117.36)
Length (states) of path with itp 'false':                22 (count: 22, min: 1, max: 1, avg: 1.00)
Different non-trivial interpolants along paths:          12 (count: 22, min: 0, max: 2, avg: 0.55)
Equal non-trivial interpolants along paths:            2548 (count: 22, min: 0, max: 278, avg: 115.82)
Different precisions along paths:                         0 (count: 0, min: 0, max: 0, avg: 0.00)
Equal precisions along paths:                             0 (count: 0, min: 0, max: 0, avg: 0.00)
Number of refs with location-based cutoff:                0

CEGAR algorithm statistics
--------------------------
Number of refinements:                22
Lazy expansion status:                false
Expansion times:                      0
Total path lengths:                   36237
SP times:                             1
Number of added holes:                0
Number of successful refinements:     22
Number of failed refinements:         0
Max. size of reached set before ref.: 13363
Max. size of reached set after ref.:  7788
Avg. size of reached set before ref.: 8485.23
Avg. size of reached set after ref.:  2053.00

Total time for CEGAR algorithm:      80.754s
CPU time for CEGAR algorithm:       129.140s
Time for refinements:                38.600s
CPU time for refinements:            51.010s
Average time for refinement:          1.754s
Max time for refinement:              2.783s
First time for refinement:             1.832s
Last time for refinement:              0.238s
Average time for analysis:          1.832s
Number of analysis:                23

Counterexample-Check Algorithm statistics
-----------------------------------------
Number of counterexample checks:    0

Code Coverage
-----------------------------
  Visited lines:          3154
  Total lines:            10
  Line coverage:          315.400

CPAchecker general statistics
-----------------------------
Number of program locations:     3339
Number of CFA edges:             3982
Number of relevant variables:    659
Number of functions:             131
Number of loops:                 22
Size of reached set:             5141
  Number of reached locations:   1677 (50%)
    Avg states per location:     3
    Max states per location:     64 (at node N279)
  Number of reached functions:   34 (26%)
  Number of partitions:          5094
    Avg size of partitions:      1
    Max size of partitions:      3 (with key [N2108 (before /work/ldvuser/novikov/work/current--X--drivers/hwmon/it87.ko--X--defaultlinux--X--32_7a--X--cpachecker/linux/csd_deg_dscv/11/dscv_tempdir/dscv/ri/32_7a/drivers/hwmon/it87.c.prepared, line 1840), Function it87_init_device called from node N1853, stack depth 3 [223f086a], stack [ldv_main0_sequence_infinite_withcheck_stateful, it87_probe, it87_init_device], Init])
  Number of target states:       0

Time for analysis setup:                   2.578s
  Time for loading CPAs:                   0.409s
  Time for impacted traverse:              0.003s
  Time for loading parser:        0.028s
  Time for CFA construction:      2.067s
    Time for parsing file(s):     0.514s
    Time for AST to CFA:          0.731s
    Time for CFA sanity check:    0.000s
    Time for post-processing:     0.612s
      Time for var class.:        0.000s
Time for Analysis:                        80.760s
CPU time for analysis:    129.150s

Time for Garbage Collector:       2.034s (in 30 runs)
Garbage Collector(s) used:    PS MarkSweep, PS Scavenge
Used heap memory:               2974MB (  2836 MiB) max;    863MB (   823 MiB) avg;   3002MB (  2863 MiB) peak
Used non-heap memory:             45MB (    43 MiB) max;     40MB (    38 MiB) avg;     46MB (    44 MiB) peak
Used in PS Old Gen pool:          61MB (    58 MiB) max;     45MB (    43 MiB) avg;     61MB (    58 MiB) peak
Allocated heap memory:          3056MB (  2914 MiB) max;   1737MB (  1656 MiB) avg
Allocated non-heap memory:        48MB (    45 MiB) max;     44MB (    42 MiB) avg
Total process virtual memory:  13243MB ( 12629 MiB) max;  13240MB ( 12626 MiB) avg

Verification result: TRUE. No property violation found by chosen configuration.
More details about the verification run can be found in the directory "/home/yqs17/blazer/cpachecker-inc-pred/output-ori-final/flat/drivers--hwmon--it87.ko.071.2b3d1d8.32_7a.cil_safe.i".
