scripts/cpa.sh -heap 10000M -predicateAnalysis-ABEl-debug -setprop cpa.predicate.refinement.performInitialStaticRefinement=false -disable-java-assertions -outputpath /home/yqs17/blazer/cpachecker-inc-pred/output-ori-final/flat/drivers--scsi--pcmcia--sym53c500_cs.ko.027.d3f46f3.68_1.cil_safe.i -stats -spec /home/yqs17/blazer/cpachecker-inc-pred/LDVErrorLabel.spc -entryfunction ldv_main0_sequence_infinite_withcheck_stateful /home/yqs17/blazer/cpachecker-inc-pred/programs-flat/drivers--scsi--pcmcia--sym53c500_cs.ko.027.d3f46f3.68_1.cil_safe.i


--------------------------------------------------------------------------------


Running CPAchecker with Java heap of size 10000M.
Running CPAchecker with the following extra VM options:  -Djava.io.tmpdir=/tmp/BenchExec_run_2flf_6oa/tmp
PredicateCPA statistics
-----------------------
Read Precision Time:                0.000s
Precision file size:                0
Write Precision Time:               0.002s
Number of abstractions:            26900 (23% of all post computations)
  Times abstraction was reused:    0
  Because of function entry/exit:  24957 (93%)
  Because of loop head:            1943 (7%)
  Because of join nodes:           0 (0%)
  Because of threshold:            0 (0%)
  Times precision was empty:       4658 (17%)
  Times precision was {false}:     473 (2%)
  Times result was cached:         21184 (79%)
  Times cartesian abs was used:    0 (0%)
  Times boolean abs was used:      585 (2%)
  Times result was 'false':        127 (0%)
Number of strengthen sat checks:   30
  Times result was 'false':        0 (0%)
Number of coverage checks:         12851
  BDD entailment checks:           3979
Number of SMT sat checks:          30
  trivial:                         30
  cached:                          0

Max ABE block size:                       30
Number of predicates discovered:          3
Number of abstraction locations:          0
Max number of predicates per location:    0
Avg number of predicates per location:    0
Total predicates per abstraction:         1773
Max number of predicates per abstraction: 2
Avg number of predicates per abstraction: 1.68
Number of irrelevant predicates:          1063 (60%)
Number of preds handled by boolean abs:   710 (40%)
  Total number of models for allsat:      585
  Max number of models for allsat:        1
  Avg number of models for allsat:        1.00

Number of path formula cache hits:   124994 (87%)

Time for post operator:                  3.391s
  Time for path formula creation:        2.140s
    Actual computation:                  1.781s
Time for strengthen operator:            0.101s
  Time for satisfiability checks:        0.001s
Time for prec operator:                  3.882s
  Time for abstraction:                  2.939s (Max:     0.216s, Count: 26900)
    Boolean abstraction:                 0.300s
    Solving time:                        0.324s (Max:     0.024s)
    Model enumeration time:              0.006s
    Time for BDD construction:           0.021s (Max:     0.004s)
Time for merge operator:                 0.290s
Time for coverage check:                 0.030s
  Time for BDD entailment checks:        0.023s
Total time for SMT solver (w/o itp):     0.330s

Number of BDD nodes:                               204
Size of BDD node table:                            466043
Size of BDD cache:                                 46619
Size of BDD node cleanup queue:                         578 (count: 18293, min: 0, max: 91, avg: 0.03)
Time for BDD node cleanup:                             0.005s
Time for BDD garbage collection:                       0.000s (in 0 runs)

PrecisionBootstrap statistics
-----------------------------
Init. function predicates:                         0
Init. global predicates:                           0
Init. location predicates:                         0

----------------------

AutomatonAnalysis (SVCOMP) statistics
-------------------------------------
Number of states:                                  1
Total time for successor computation:                  0.141s
Automaton transfers with branching:                0
Automaton transfer successors:                       115372 (count: 115372, min: 1, max: 1, avg: 1.00) [1 x 115372]

CPA algorithm statistics
------------------------
Number of iterations:            108052
Max size of waitlist:            43
Average size of waitlist:        22
Number of computed successors:   115372
Max successors for one state:    2
Number of times merged:          4436
Number of times stopped:         7121
Number of times abs stopped:     2685
Number of times nonAbs stopped:  0
Number of times doAbstraction node:  26900
Number of times breaked:         30

Total time for CPA algorithm:        11.365s (Max:     1.472s)
CPU time for CPA algorithm:          22.560s
  Time for choose from waitlist:      0.092s
  Time for precision adjustment:      4.206s
  Time for transfer relation:         5.186s
  Time for merge operator:            0.466s
  Time for stop operator:             0.221s
  Time for adding to reached set:     0.304s

Predicate-Abstraction Refiner statistics
----------------------------------------
Avg. length of target path (in blocks):                1960 (count: 30, min: 5, max: 108, avg: 65.33)
Number of infeasible sliced prefixes:                     0 (count: 0, min: 0, max: 0, avg: 0.00)

Time for refinement:                                   4.216s
  Counterexample analysis:                3.713s (Max:     0.225s, Calls: 30)
    Refinement sat check:                 0.675s
    Interpolant computation:              0.000s
  Error path post-processing:                          0.000s
  Path-formulas extraction:                            0.001s
  Building the counterexample trace:                   3.715s
  Extracting precise counterexample:                   0.000s
  Extracting infeasible sliced prefixes:               0.000s
  Selecting infeasible sliced prefixes:                0.000s
  Predicate creation:                                  0.024s
  Precision update:                                    0.012s
  ARG update:                                          0.411s

Length of refined path (in blocks):                    1930 (count: 30, min: 4, max: 107, avg: 64.33)
Number of affected states:                             1900 (count: 30, min: 3, max: 106, avg: 63.33)
Length (states) of path with itp 'true':                  0 (count: 30, min: 0, max: 0, avg: 0.00)
Length (states) of path with itp non-trivial itp:      1900 (count: 30, min: 3, max: 106, avg: 63.33)
Length (states) of path with itp 'false':                30 (count: 30, min: 1, max: 1, avg: 1.00)
Different non-trivial interpolants along paths:           0 (count: 30, min: 0, max: 0, avg: 0.00)
Equal non-trivial interpolants along paths:            1870 (count: 30, min: 2, max: 105, avg: 62.33)
Different precisions along paths:                         0 (count: 0, min: 0, max: 0, avg: 0.00)
Equal precisions along paths:                             0 (count: 0, min: 0, max: 0, avg: 0.00)
Number of refs with location-based cutoff:                0

CEGAR algorithm statistics
--------------------------
Number of refinements:                30
Lazy expansion status:                false
Expansion times:                      0
Total path lengths:                   32508
SP times:                             0
Number of added holes:                0
Number of successful refinements:     30
Number of failed refinements:         0
Max. size of reached set before ref.: 5999
Max. size of reached set after ref.:  766
Avg. size of reached set before ref.: 4295.17
Avg. size of reached set after ref.:  766.00

Total time for CEGAR algorithm:      15.660s
CPU time for CEGAR algorithm:        31.000s
Time for refinements:                 4.292s
CPU time for refinements:             8.440s
Average time for refinement:          0.143s
Max time for refinement:              0.250s
First time for refinement:             0.366s
Last time for refinement:              0.079s
Average time for analysis:          0.366s
Number of analysis:                31

Counterexample-Check Algorithm statistics
-----------------------------------------
Number of counterexample checks:    0

Code Coverage
-----------------------------
  Visited lines:          4447
  Total lines:            15
  Line coverage:          296.467

CPAchecker general statistics
-----------------------------
Number of program locations:     1630
Number of CFA edges:             1905
Number of relevant variables:    166
Number of functions:             42
Number of loops:                 9
Size of reached set:             2250
  Number of reached locations:   1517 (93%)
    Avg states per location:     1
    Max states per location:     105 (at node N23)
  Number of reached functions:   32 (76%)
  Number of partitions:          2250
    Avg size of partitions:      1
    Max size of partitions:      1
  Number of target states:       0

Time for analysis setup:                   1.912s
  Time for loading CPAs:                   0.379s
  Time for impacted traverse:              0.002s
  Time for loading parser:        0.034s
  Time for CFA construction:      1.411s
    Time for parsing file(s):     0.438s
    Time for AST to CFA:          0.492s
    Time for CFA sanity check:    0.000s
    Time for post-processing:     0.314s
      Time for var class.:        0.000s
Time for Analysis:                        15.663s
CPU time for analysis:     31.010s

Time for Garbage Collector:       0.492s (in 17 runs)
Garbage Collector(s) used:    PS MarkSweep, PS Scavenge
Used heap memory:                571MB (   545 MiB) max;    178MB (   170 MiB) avg;    576MB (   549 MiB) peak
Used non-heap memory:             39MB (    38 MiB) max;     34MB (    32 MiB) avg;     42MB (    40 MiB) peak
Used in PS Old Gen pool:          26MB (    25 MiB) max;     23MB (    22 MiB) avg;     30MB (    29 MiB) peak
Allocated heap memory:           792MB (   755 MiB) max;    431MB (   411 MiB) avg
Allocated non-heap memory:        42MB (    40 MiB) max;     36MB (    35 MiB) avg
Total process virtual memory:  13243MB ( 12629 MiB) max;  13239MB ( 12625 MiB) avg

Verification result: TRUE. No property violation found by chosen configuration.
More details about the verification run can be found in the directory "/home/yqs17/blazer/cpachecker-inc-pred/output-ori-final/flat/drivers--scsi--pcmcia--sym53c500_cs.ko.027.d3f46f3.68_1.cil_safe.i".
