scripts/cpa.sh -heap 10000M -predicateAnalysis-ABEl-debug -setprop cpa.predicate.refinement.performInitialStaticRefinement=false -disable-java-assertions -outputpath /home/yqs17/blazer/cpachecker-inc-pred/output-ori-final/flat/drivers--auxdisplay--cfag12864b.ko.004.b340e8a.39_7a.cil_safe.i -stats -spec /home/yqs17/blazer/cpachecker-inc-pred/LDVErrorLabel.spc -entryfunction ldv_main0_sequence_infinite_withcheck_stateful /home/yqs17/blazer/cpachecker-inc-pred/programs-flat/drivers--auxdisplay--cfag12864b.ko.004.b340e8a.39_7a.cil_safe.i


--------------------------------------------------------------------------------


Running CPAchecker with Java heap of size 10000M.
Running CPAchecker with the following extra VM options:  -Djava.io.tmpdir=/tmp/BenchExec_run_c3deurwg/tmp
PredicateCPA statistics
-----------------------
Read Precision Time:                0.000s
Precision file size:                0
Write Precision Time:               0.003s
Number of abstractions:            2475 (28% of all post computations)
  Times abstraction was reused:    0
  Because of function entry/exit:  2393 (97%)
  Because of loop head:            82 (3%)
  Because of join nodes:           0 (0%)
  Because of threshold:            0 (0%)
  Times precision was empty:       669 (27%)
  Times precision was {false}:     119 (5%)
  Times result was cached:         1138 (46%)
  Times cartesian abs was used:    0 (0%)
  Times boolean abs was used:      549 (22%)
  Times result was 'false':        110 (4%)
Number of strengthen sat checks:   12
  Times result was 'false':        0 (0%)
Number of coverage checks:         860
  BDD entailment checks:           134
Number of SMT sat checks:          12
  trivial:                         12
  cached:                          0

Max ABE block size:                       17
Number of predicates discovered:          11
Number of abstraction locations:          0
Max number of predicates per location:    0
Avg number of predicates per location:    0
Total predicates per abstraction:         2204
Max number of predicates per abstraction: 8
Avg number of predicates per abstraction: 3.30
Number of irrelevant predicates:          494 (22%)
Number of preds handled by boolean abs:   1710 (78%)
  Total number of models for allsat:      537
  Max number of models for allsat:        2
  Avg number of models for allsat:        0.98

Number of path formula cache hits:   9183 (82%)

Time for post operator:                  0.888s
  Time for path formula creation:        0.493s
    Actual computation:                  0.335s
Time for strengthen operator:            0.030s
  Time for satisfiability checks:        0.001s
Time for prec operator:                  1.262s
  Time for abstraction:                  1.106s (Max:     0.016s, Count: 2475)
    Boolean abstraction:                 0.297s
    Solving time:                        0.085s (Max:     0.002s)
    Model enumeration time:              0.015s
    Time for BDD construction:           0.020s (Max:     0.001s)
Time for merge operator:                 0.025s
Time for coverage check:                 0.009s
  Time for BDD entailment checks:        0.009s
Total time for SMT solver (w/o itp):     0.100s

Number of BDD nodes:                               347
Size of BDD node table:                            466043
Size of BDD cache:                                 46619
Size of BDD node cleanup queue:                         555 (count: 6856, min: 0, max: 429, avg: 0.08)
Time for BDD node cleanup:                             0.001s
Time for BDD garbage collection:                       0.000s (in 0 runs)

PrecisionBootstrap statistics
-----------------------------
Init. function predicates:                         0
Init. global predicates:                           0
Init. location predicates:                         0

----------------------

AutomatonAnalysis (SVCOMP) statistics
-------------------------------------
Number of states:                                  1
Total time for successor computation:                  0.033s
Automaton transfers with branching:                0
Automaton transfer successors:                         8866 (count: 8866, min: 1, max: 1, avg: 1.00) [1 x 8866]

CPA algorithm statistics
------------------------
Number of iterations:            8274
Max size of waitlist:            9
Average size of waitlist:        4
Number of computed successors:   8866
Max successors for one state:    2
Number of times merged:          363
Number of times stopped:         459
Number of times abs stopped:     96
Number of times nonAbs stopped:  0
Number of times doAbstraction node:  2475
Number of times breaked:         12

Total time for CPA algorithm:         3.135s (Max:     0.525s)
CPU time for CPA algorithm:           6.180s
  Time for choose from waitlist:      0.030s
  Time for precision adjustment:      1.353s
  Time for transfer relation:         1.308s
  Time for merge operator:            0.072s
  Time for stop operator:             0.080s
  Time for adding to reached set:     0.082s

Predicate-Abstraction Refiner statistics
----------------------------------------
Avg. length of target path (in blocks):                1162 (count: 12, min: 9, max: 146, avg: 96.83)
Number of infeasible sliced prefixes:                     0 (count: 0, min: 0, max: 0, avg: 0.00)

Time for refinement:                                   1.714s
  Counterexample analysis:                1.605s (Max:     0.257s, Calls: 12)
    Refinement sat check:                 0.228s
    Interpolant computation:              0.000s
  Error path post-processing:                          0.000s
  Path-formulas extraction:                            0.000s
  Building the counterexample trace:                   1.605s
  Extracting precise counterexample:                   0.000s
  Extracting infeasible sliced prefixes:               0.000s
  Selecting infeasible sliced prefixes:                0.000s
  Predicate creation:                                  0.016s
  Precision update:                                    0.013s
  ARG update:                                          0.062s

Length of refined path (in blocks):                     874 (count: 12, min: 8, max: 143, avg: 72.83)
Number of affected states:                              769 (count: 12, min: 1, max: 141, avg: 64.08)
Length (states) of path with itp 'true':                 93 (count: 12, min: 0, max: 53, avg: 7.75)
Length (states) of path with itp non-trivial itp:       769 (count: 12, min: 1, max: 141, avg: 64.08)
Length (states) of path with itp 'false':                12 (count: 12, min: 1, max: 1, avg: 1.00)
Different non-trivial interpolants along paths:           1 (count: 12, min: 0, max: 1, avg: 0.08)
Equal non-trivial interpolants along paths:             756 (count: 12, min: 0, max: 140, avg: 63.00)
Different precisions along paths:                         0 (count: 0, min: 0, max: 0, avg: 0.00)
Equal precisions along paths:                             0 (count: 0, min: 0, max: 0, avg: 0.00)
Number of refs with location-based cutoff:                0

CEGAR algorithm statistics
--------------------------
Number of refinements:                12
Lazy expansion status:                false
Expansion times:                      0
Total path lengths:                   6452
SP times:                             0
Number of added holes:                0
Number of successful refinements:     12
Number of failed refinements:         0
Max. size of reached set before ref.: 1136
Max. size of reached set after ref.:  689
Avg. size of reached set before ref.: 923.83
Avg. size of reached set after ref.:  306.42

Total time for CEGAR algorithm:       4.886s
CPU time for CEGAR algorithm:         9.640s
Time for refinements:                 1.750s
CPU time for refinements:             3.460s
Average time for refinement:          0.145s
Max time for refinement:              0.286s
First time for refinement:             0.241s
Last time for refinement:              0.269s
Average time for analysis:          0.241s
Number of analysis:                13

Counterexample-Check Algorithm statistics
-----------------------------------------
Number of counterexample checks:    0

Code Coverage
-----------------------------
  Visited lines:          555
  Total lines:            10
  Line coverage:          55.500

CPAchecker general statistics
-----------------------------
Number of program locations:     957
Number of CFA edges:             1118
Number of relevant variables:    87
Number of functions:             79
Number of loops:                 7
Size of reached set:             889
  Number of reached locations:   448 (47%)
    Avg states per location:     1
    Max states per location:     27 (at node N30)
  Number of reached functions:   21 (27%)
  Number of partitions:          887
    Avg size of partitions:      1
    Max size of partitions:      2 (with key [N167 (before /work/ldvuser/novikov/work/current--X--drivers/auxdisplay/cfag12864b.ko--X--defaultlinux--X--39_7a--X--cpachecker/linux/csd_deg_dscv/11/dscv_tempdir/dscv/ri/39_7a/drivers/auxdisplay/cfag12864b.c.prepared, line 252), Function cfag12864b_clear called from node N326, stack depth 3 [438aaa9f], stack [ldv_main0_sequence_infinite_withcheck_stateful, cfag12864b_init, cfag12864b_clear], Init])
  Number of target states:       0

Time for analysis setup:                   1.248s
  Time for loading CPAs:                   0.348s
  Time for impacted traverse:              0.002s
  Time for loading parser:        0.026s
  Time for CFA construction:      0.813s
    Time for parsing file(s):     0.252s
    Time for AST to CFA:          0.297s
    Time for CFA sanity check:    0.000s
    Time for post-processing:     0.161s
      Time for var class.:        0.000s
Time for Analysis:                         4.887s
CPU time for analysis:      9.650s

Time for Garbage Collector:       0.175s (in 8 runs)
Garbage Collector(s) used:    PS MarkSweep, PS Scavenge
Used heap memory:                289MB (   276 MiB) max;     77MB (    74 MiB) avg;    310MB (   296 MiB) peak
Used non-heap memory:             35MB (    33 MiB) max;     30MB (    28 MiB) avg;     38MB (    36 MiB) peak
Used in PS Old Gen pool:          19MB (    18 MiB) max;     12MB (    12 MiB) avg;     19MB (    18 MiB) peak
Allocated heap memory:           398MB (   380 MiB) max;    248MB (   237 MiB) avg
Allocated non-heap memory:        38MB (    36 MiB) max;     32MB (    30 MiB) avg
Total process virtual memory:  13240MB ( 12627 MiB) max;  13238MB ( 12624 MiB) avg

Verification result: TRUE. No property violation found by chosen configuration.
More details about the verification run can be found in the directory "/home/yqs17/blazer/cpachecker-inc-pred/output-ori-final/flat/drivers--auxdisplay--cfag12864b.ko.004.b340e8a.39_7a.cil_safe.i".
