scripts/cpa.sh -heap 10000M -predicateAnalysis-ABEl-debug -setprop cpa.predicate.refinement.performInitialStaticRefinement=false -disable-java-assertions -outputpath /home/yqs17/blazer/cpachecker-inc-pred/output-ori-final/flat/drivers--mtd--ar7part.ko.005.e0d6511.39_7a.cil_safe.i -stats -spec /home/yqs17/blazer/cpachecker-inc-pred/LDVErrorLabel.spc -entryfunction ldv_main0_sequence_infinite_withcheck_stateful /home/yqs17/blazer/cpachecker-inc-pred/programs-flat/drivers--mtd--ar7part.ko.005.e0d6511.39_7a.cil_safe.i


--------------------------------------------------------------------------------


Running CPAchecker with Java heap of size 10000M.
Running CPAchecker with the following extra VM options:  -Djava.io.tmpdir=/tmp/BenchExec_run_iz_2kd8w/tmp
PredicateCPA statistics
-----------------------
Read Precision Time:                0.000s
Precision file size:                0
Write Precision Time:               0.003s
Number of abstractions:            271 (10% of all post computations)
  Times abstraction was reused:    0
  Because of function entry/exit:  173 (64%)
  Because of loop head:            98 (36%)
  Because of join nodes:           0 (0%)
  Because of threshold:            0 (0%)
  Times precision was empty:       90 (33%)
  Times precision was {false}:     20 (7%)
  Times result was cached:         67 (25%)
  Times cartesian abs was used:    0 (0%)
  Times boolean abs was used:      94 (35%)
  Times result was 'false':        21 (8%)
Number of strengthen sat checks:   6
  Times result was 'false':        0 (0%)
Number of coverage checks:         270
  BDD entailment checks:           102
Number of SMT sat checks:          6
  trivial:                         6
  cached:                          0

Max ABE block size:                       26
Number of predicates discovered:          4
Number of abstraction locations:          0
Max number of predicates per location:    0
Avg number of predicates per location:    0
Total predicates per abstraction:         226
Max number of predicates per abstraction: 3
Avg number of predicates per abstraction: 1.98
Number of irrelevant predicates:          52 (23%)
Number of preds handled by boolean abs:   174 (77%)
  Total number of models for allsat:      94
  Max number of models for allsat:        1
  Avg number of models for allsat:        1.00

Number of path formula cache hits:   2280 (77%)

Time for post operator:                  0.436s
  Time for path formula creation:        0.303s
    Actual computation:                  0.281s
Time for strengthen operator:            0.011s
  Time for satisfiability checks:        0.000s
Time for prec operator:                  0.761s
  Time for abstraction:                  0.700s (Max:     0.056s, Count: 271)
    Boolean abstraction:                 0.158s
    Solving time:                        0.176s (Max:     0.025s)
    Model enumeration time:              0.002s
    Time for BDD construction:           0.002s (Max:     0.001s)
Time for merge operator:                 0.034s
Time for coverage check:                 0.013s
  Time for BDD entailment checks:        0.013s
Total time for SMT solver (w/o itp):     0.178s

Number of BDD nodes:                               209
Size of BDD node table:                            466043
Size of BDD cache:                                 46619
Size of BDD node cleanup queue:                           0 (count: 2664, min: 0, max: 0, avg: 0.00)
Time for BDD node cleanup:                             0.000s
Time for BDD garbage collection:                       0.000s (in 0 runs)

PrecisionBootstrap statistics
-----------------------------
Init. function predicates:                         0
Init. global predicates:                           0
Init. location predicates:                         0

----------------------

AutomatonAnalysis (SVCOMP) statistics
-------------------------------------
Number of states:                                  1
Total time for successor computation:                  0.029s
Automaton transfers with branching:                0
Automaton transfer successors:                         2676 (count: 2676, min: 1, max: 1, avg: 1.00) [1 x 2676]

CPA algorithm statistics
------------------------
Number of iterations:            2463
Max size of waitlist:            12
Average size of waitlist:        5
Number of computed successors:   2676
Max successors for one state:    2
Number of times merged:          84
Number of times stopped:         176
Number of times abs stopped:     92
Number of times nonAbs stopped:  0
Number of times doAbstraction node:  271
Number of times breaked:         6

Total time for CPA algorithm:         1.626s (Max:     0.456s)
CPU time for CPA algorithm:           3.220s
  Time for choose from waitlist:      0.015s
  Time for precision adjustment:      0.795s
  Time for transfer relation:         0.604s
  Time for merge operator:            0.048s
  Time for stop operator:             0.046s
  Time for adding to reached set:     0.033s

Predicate-Abstraction Refiner statistics
----------------------------------------
Avg. length of target path (in blocks):                  72 (count: 6, min: 8, max: 16, avg: 12.00)
Number of infeasible sliced prefixes:                     0 (count: 0, min: 0, max: 0, avg: 0.00)

Time for refinement:                                   0.262s
  Counterexample analysis:                0.222s (Max:     0.069s, Calls: 6)
    Refinement sat check:                 0.068s
    Interpolant computation:              0.000s
  Error path post-processing:                          0.000s
  Path-formulas extraction:                            0.000s
  Building the counterexample trace:                   0.222s
  Extracting precise counterexample:                   0.000s
  Extracting infeasible sliced prefixes:               0.000s
  Selecting infeasible sliced prefixes:                0.000s
  Predicate creation:                                  0.005s
  Precision update:                                    0.001s
  ARG update:                                          0.025s

Length of refined path (in blocks):                      66 (count: 6, min: 7, max: 15, avg: 11.00)
Number of affected states:                               54 (count: 6, min: 5, max: 13, avg: 9.00)
Length (states) of path with itp 'true':                  6 (count: 6, min: 1, max: 1, avg: 1.00)
Length (states) of path with itp non-trivial itp:        54 (count: 6, min: 5, max: 13, avg: 9.00)
Length (states) of path with itp 'false':                 6 (count: 6, min: 1, max: 1, avg: 1.00)
Different non-trivial interpolants along paths:           0 (count: 6, min: 0, max: 0, avg: 0.00)
Equal non-trivial interpolants along paths:              48 (count: 6, min: 4, max: 12, avg: 8.00)
Different precisions along paths:                         0 (count: 0, min: 0, max: 0, avg: 0.00)
Equal precisions along paths:                             0 (count: 0, min: 0, max: 0, avg: 0.00)
Number of refs with location-based cutoff:                0

CEGAR algorithm statistics
--------------------------
Number of refinements:                6
Lazy expansion status:                false
Expansion times:                      0
Total path lengths:                   1890
SP times:                             0
Number of added holes:                0
Number of successful refinements:     6
Number of failed refinements:         0
Max. size of reached set before ref.: 621
Max. size of reached set after ref.:  246
Avg. size of reached set before ref.: 583.67
Avg. size of reached set after ref.:  246.00

Total time for CEGAR algorithm:       1.904s
CPU time for CEGAR algorithm:         3.750s
Time for refinements:                 0.277s
CPU time for refinements:             0.520s
Average time for refinement:          0.046s
Max time for refinement:              0.076s
First time for refinement:             0.232s
Last time for refinement:              0.099s
Average time for analysis:          0.232s
Number of analysis:                7

Counterexample-Check Algorithm statistics
-----------------------------------------
Number of counterexample checks:    0

Code Coverage
-----------------------------
  Visited lines:          940
  Total lines:            5
  Line coverage:          188.000

CPAchecker general statistics
-----------------------------
Number of program locations:     644
Number of CFA edges:             699
Number of relevant variables:    53
Number of functions:             35
Number of loops:                 4
Size of reached set:             454
  Number of reached locations:   402 (62%)
    Avg states per location:     1
    Max states per location:     4 (at node N12)
  Number of reached functions:   7 (20%)
  Number of partitions:          454
    Avg size of partitions:      1
    Max size of partitions:      1
  Number of target states:       0

Time for analysis setup:                   1.317s
  Time for loading CPAs:                   0.363s
  Time for impacted traverse:              0.002s
  Time for loading parser:        0.030s
  Time for CFA construction:      0.829s
    Time for parsing file(s):     0.261s
    Time for AST to CFA:          0.294s
    Time for CFA sanity check:    0.000s
    Time for post-processing:     0.173s
      Time for var class.:        0.000s
Time for Analysis:                         1.905s
CPU time for analysis:      3.750s

Time for Garbage Collector:       0.135s (in 5 runs)
Garbage Collector(s) used:    PS MarkSweep, PS Scavenge
Used heap memory:                 89MB (    85 MiB) max;     44MB (    42 MiB) avg;    104MB (    99 MiB) peak
Used non-heap memory:             34MB (    32 MiB) max;     25MB (    24 MiB) avg;     35MB (    33 MiB) peak
Used in PS Old Gen pool:          17MB (    16 MiB) max;      5MB (     4 MiB) avg;     18MB (    17 MiB) peak
Allocated heap memory:           190MB (   182 MiB) max;    175MB (   167 MiB) avg
Allocated non-heap memory:        34MB (    33 MiB) max;     26MB (    25 MiB) avg
Total process virtual memory:  13238MB ( 12625 MiB) max;  13235MB ( 12622 MiB) avg

Verification result: TRUE. No property violation found by chosen configuration.
More details about the verification run can be found in the directory "/home/yqs17/blazer/cpachecker-inc-pred/output-ori-final/flat/drivers--mtd--ar7part.ko.005.e0d6511.39_7a.cil_safe.i".
