scripts/cpa.sh -heap 10000M -predicateAnalysis-ABEl-debug -setprop cpa.predicate.refinement.performInitialStaticRefinement=false -disable-java-assertions -outputpath /home/yqs17/blazer/cpachecker-inc-pred/output-ori-final/flat/drivers--net--wireless--wl12xx--wl12xx_sdio.ko.014.2c0f246.08_1a.cil_safe.i -stats -spec /home/yqs17/blazer/cpachecker-inc-pred/LDVErrorLabel.spc -entryfunction ldv_main0_sequence_infinite_withcheck_stateful /home/yqs17/blazer/cpachecker-inc-pred/programs-flat/drivers--net--wireless--wl12xx--wl12xx_sdio.ko.014.2c0f246.08_1a.cil_safe.i


--------------------------------------------------------------------------------


Running CPAchecker with Java heap of size 10000M.
Running CPAchecker with the following extra VM options:  -Djava.io.tmpdir=/tmp/BenchExec_run_aoe855jd/tmp
PredicateCPA statistics
-----------------------
Read Precision Time:                0.000s
Precision file size:                0
Write Precision Time:               0.003s
Number of abstractions:            9133 (17% of all post computations)
  Times abstraction was reused:    0
  Because of function entry/exit:  8439 (92%)
  Because of loop head:            694 (8%)
  Because of join nodes:           0 (0%)
  Because of threshold:            0 (0%)
  Times precision was empty:       2176 (24%)
  Times precision was {false}:     376 (4%)
  Times result was cached:         6005 (66%)
  Times cartesian abs was used:    0 (0%)
  Times boolean abs was used:      576 (6%)
  Times result was 'false':        128 (1%)
Number of strengthen sat checks:   21
  Times result was 'false':        0 (0%)
Number of coverage checks:         9068
  BDD entailment checks:           4162
Number of SMT sat checks:          21
  trivial:                         21
  cached:                          0

Max ABE block size:                       28
Number of predicates discovered:          6
Number of abstraction locations:          0
Max number of predicates per location:    0
Avg number of predicates per location:    0
Total predicates per abstraction:         1795
Max number of predicates per abstraction: 5
Avg number of predicates per abstraction: 1.89
Number of irrelevant predicates:          920 (51%)
Number of preds handled by boolean abs:   875 (49%)
  Total number of models for allsat:      651
  Max number of models for allsat:        3
  Avg number of models for allsat:        1.13

Number of path formula cache hits:   47031 (75%)

Time for post operator:                  2.483s
  Time for path formula creation:        1.540s
    Actual computation:                  1.312s
Time for strengthen operator:            0.071s
  Time for satisfiability checks:        0.000s
Time for prec operator:                  2.310s
  Time for abstraction:                  1.871s (Max:     0.018s, Count: 9133)
    Boolean abstraction:                 0.276s
    Solving time:                        0.194s (Max:     0.012s)
    Model enumeration time:              0.024s
    Time for BDD construction:           0.036s (Max:     0.009s)
Time for merge operator:                 0.218s
Time for coverage check:                 0.020s
  Time for BDD entailment checks:        0.019s
Total time for SMT solver (w/o itp):     0.218s

Number of BDD nodes:                               334
Size of BDD node table:                            466043
Size of BDD cache:                                 46619
Size of BDD node cleanup queue:                         529 (count: 15285, min: 0, max: 227, avg: 0.03)
Time for BDD node cleanup:                             0.002s
Time for BDD garbage collection:                       0.000s (in 0 runs)

PrecisionBootstrap statistics
-----------------------------
Init. function predicates:                         0
Init. global predicates:                           0
Init. location predicates:                         0

----------------------

AutomatonAnalysis (SVCOMP) statistics
-------------------------------------
Number of states:                                  1
Total time for successor computation:                  0.121s
Automaton transfers with branching:                0
Automaton transfer successors:                        54134 (count: 54134, min: 1, max: 1, avg: 1.00) [1 x 54134]

CPA algorithm statistics
------------------------
Number of iterations:            49403
Max size of waitlist:            51
Average size of waitlist:        25
Number of computed successors:   54134
Max successors for one state:    2
Number of times merged:          2453
Number of times stopped:         4557
Number of times abs stopped:     2104
Number of times nonAbs stopped:  0
Number of times doAbstraction node:  9133
Number of times breaked:         21

Total time for CPA algorithm:         7.323s (Max:     0.864s)
CPU time for CPA algorithm:          14.590s
  Time for choose from waitlist:      0.092s
  Time for precision adjustment:      2.495s
  Time for transfer relation:         3.457s
  Time for merge operator:            0.330s
  Time for stop operator:             0.171s
  Time for adding to reached set:     0.212s

Predicate-Abstraction Refiner statistics
----------------------------------------
Avg. length of target path (in blocks):                 380 (count: 21, min: 8, max: 43, avg: 18.10)
Number of infeasible sliced prefixes:                     0 (count: 0, min: 0, max: 0, avg: 0.00)

Time for refinement:                                   1.001s
  Counterexample analysis:                0.709s (Max:     0.179s, Calls: 21)
    Refinement sat check:                 0.284s
    Interpolant computation:              0.000s
  Error path post-processing:                          0.000s
  Path-formulas extraction:                            0.002s
  Building the counterexample trace:                   0.709s
  Extracting precise counterexample:                   0.000s
  Extracting infeasible sliced prefixes:               0.000s
  Selecting infeasible sliced prefixes:                0.000s
  Predicate creation:                                  0.010s
  Precision update:                                    0.009s
  ARG update:                                          0.236s

Length of refined path (in blocks):                     329 (count: 21, min: 4, max: 42, avg: 15.67)
Number of affected states:                              281 (count: 21, min: 1, max: 41, avg: 13.38)
Length (states) of path with itp 'true':                 27 (count: 21, min: 0, max: 27, avg: 1.29)
Length (states) of path with itp non-trivial itp:       281 (count: 21, min: 1, max: 41, avg: 13.38)
Length (states) of path with itp 'false':                21 (count: 21, min: 1, max: 1, avg: 1.00)
Different non-trivial interpolants along paths:           2 (count: 21, min: 0, max: 2, avg: 0.10)
Equal non-trivial interpolants along paths:             258 (count: 21, min: 0, max: 40, avg: 12.29)
Different precisions along paths:                         0 (count: 0, min: 0, max: 0, avg: 0.00)
Equal precisions along paths:                             0 (count: 0, min: 0, max: 0, avg: 0.00)
Number of refs with location-based cutoff:                0

CEGAR algorithm statistics
--------------------------
Number of refinements:                21
Lazy expansion status:                false
Expansion times:                      0
Total path lengths:                   21363
SP times:                             0
Number of added holes:                0
Number of successful refinements:     21
Number of failed refinements:         0
Max. size of reached set before ref.: 5127
Max. size of reached set after ref.:  2244
Avg. size of reached set before ref.: 3181.43
Avg. size of reached set after ref.:  986.86

Total time for CEGAR algorithm:       8.390s
CPU time for CEGAR algorithm:        16.660s
Time for refinements:                 1.067s
CPU time for refinements:             2.060s
Average time for refinement:          0.050s
Max time for refinement:              0.192s
First time for refinement:             0.332s
Last time for refinement:              0.199s
Average time for analysis:          0.332s
Number of analysis:                22

Counterexample-Check Algorithm statistics
-----------------------------------------
Number of counterexample checks:    0

Code Coverage
-----------------------------
  Visited lines:          5103
  Total lines:            4
  Line coverage:          1275.750

CPAchecker general statistics
-----------------------------
Number of program locations:     1516
Number of CFA edges:             1640
Number of relevant variables:    144
Number of functions:             43
Number of loops:                 2
Size of reached set:             3364
  Number of reached locations:   1474 (97%)
    Avg states per location:     2
    Max states per location:     40 (at node N668)
  Number of reached functions:   37 (86%)
  Number of partitions:          3357
    Avg size of partitions:      1
    Max size of partitions:      4 (with key [N650 (before /work/ldvuser/novikov/work/current--X--drivers/net/wireless/wl12xx/wl12xx_sdio.ko--X--defaultlinux--X--08_1a--X--cpachecker/linux/csd_deg_dscv/26/dscv_tempdir/dscv/ri/08_1a/drivers/net/wireless/wl12xx/sdio.c.prepared, line 631), Function ldv_main0_sequence_infinite_withcheck_stateful called from node N522, stack depth 1 [5d8445d7], stack [ldv_main0_sequence_infinite_withcheck_stateful], Init])
  Number of target states:       0

Time for analysis setup:                   2.026s
  Time for loading CPAs:                   0.416s
  Time for impacted traverse:              0.002s
  Time for loading parser:        0.029s
  Time for CFA construction:      1.501s
    Time for parsing file(s):     0.406s
    Time for AST to CFA:          0.532s
    Time for CFA sanity check:    0.001s
    Time for post-processing:     0.379s
      Time for var class.:        0.000s
Time for Analysis:                         8.395s
CPU time for analysis:     16.660s

Time for Garbage Collector:       0.296s (in 11 runs)
Garbage Collector(s) used:    PS MarkSweep, PS Scavenge
Used heap memory:                431MB (   411 MiB) max;    132MB (   126 MiB) avg;    444MB (   424 MiB) peak
Used non-heap memory:             36MB (    35 MiB) max;     31MB (    29 MiB) avg;     39MB (    37 MiB) peak
Used in PS Old Gen pool:          28MB (    26 MiB) max;     20MB (    19 MiB) avg;     28MB (    27 MiB) peak
Allocated heap memory:           638MB (   608 MiB) max;    342MB (   326 MiB) avg
Allocated non-heap memory:        39MB (    37 MiB) max;     33MB (    32 MiB) avg
Total process virtual memory:  13242MB ( 12629 MiB) max;  13238MB ( 12625 MiB) avg

Verification result: TRUE. No property violation found by chosen configuration.
More details about the verification run can be found in the directory "/home/yqs17/blazer/cpachecker-inc-pred/output-ori-final/flat/drivers--net--wireless--wl12xx--wl12xx_sdio.ko.014.2c0f246.08_1a.cil_safe.i".
