scripts/cpa.sh -heap 10000M -predicateAnalysis-ABEl-debug -setprop cpa.predicate.refinement.performInitialStaticRefinement=false -disable-java-assertions -outputpath /home/yqs17/blazer/cpachecker-inc-pred/output-ori-final/flat/drivers--rtc--rtc-pcf2123.ko.006.109e941.08_1a.cil_safe.i -stats -spec /home/yqs17/blazer/cpachecker-inc-pred/LDVErrorLabel.spc -entryfunction ldv_main0_sequence_infinite_withcheck_stateful /home/yqs17/blazer/cpachecker-inc-pred/programs-flat/drivers--rtc--rtc-pcf2123.ko.006.109e941.08_1a.cil_safe.i


--------------------------------------------------------------------------------


Running CPAchecker with Java heap of size 10000M.
Running CPAchecker with the following extra VM options:  -Djava.io.tmpdir=/tmp/BenchExec_run_0ibpfqf3/tmp
PredicateCPA statistics
-----------------------
Read Precision Time:                0.000s
Precision file size:                0
Write Precision Time:               0.002s
Number of abstractions:            1801 (17% of all post computations)
  Times abstraction was reused:    0
  Because of function entry/exit:  1621 (90%)
  Because of loop head:            180 (10%)
  Because of join nodes:           0 (0%)
  Because of threshold:            0 (0%)
  Times precision was empty:       201 (11%)
  Times precision was {false}:     197 (11%)
  Times result was cached:         1192 (66%)
  Times cartesian abs was used:    0 (0%)
  Times boolean abs was used:      211 (12%)
  Times result was 'false':        34 (2%)
Number of strengthen sat checks:   7
  Times result was 'false':        0 (0%)
Number of coverage checks:         870
  BDD entailment checks:           494
Number of SMT sat checks:          7
  trivial:                         7
  cached:                          0

Max ABE block size:                       18
Number of predicates discovered:          4
Number of abstraction locations:          0
Max number of predicates per location:    0
Avg number of predicates per location:    0
Total predicates per abstraction:         615
Max number of predicates per abstraction: 3
Avg number of predicates per abstraction: 1.51
Number of irrelevant predicates:          381 (62%)
Number of preds handled by boolean abs:   234 (38%)
  Total number of models for allsat:      235
  Max number of models for allsat:        2
  Avg number of models for allsat:        1.11

Number of path formula cache hits:   7651 (65%)

Time for post operator:                  1.240s
  Time for path formula creation:        0.961s
    Actual computation:                  0.875s
Time for strengthen operator:            0.029s
  Time for satisfiability checks:        0.000s
Time for prec operator:                  0.991s
  Time for abstraction:                  0.828s (Max:     0.016s, Count: 1801)
    Boolean abstraction:                 0.181s
    Solving time:                        0.154s (Max:     0.012s)
    Model enumeration time:              0.017s
    Time for BDD construction:           0.013s (Max:     0.004s)
Time for merge operator:                 0.032s
Time for coverage check:                 0.013s
  Time for BDD entailment checks:        0.011s
Total time for SMT solver (w/o itp):     0.171s

Number of BDD nodes:                               210
Size of BDD node table:                            466043
Size of BDD cache:                                 46619
Size of BDD node cleanup queue:                         231 (count: 6046, min: 0, max: 97, avg: 0.04)
Time for BDD node cleanup:                             0.004s
Time for BDD garbage collection:                       0.000s (in 0 runs)

PrecisionBootstrap statistics
-----------------------------
Init. function predicates:                         0
Init. global predicates:                           0
Init. location predicates:                         0

----------------------

AutomatonAnalysis (SVCOMP) statistics
-------------------------------------
Number of states:                                  1
Total time for successor computation:                  0.067s
Automaton transfers with branching:                0
Automaton transfer successors:                        10475 (count: 10475, min: 1, max: 1, avg: 1.00) [1 x 10475]

CPA algorithm statistics
------------------------
Number of iterations:            9904
Max size of waitlist:            23
Average size of waitlist:        9
Number of computed successors:   10475
Max successors for one state:    2
Number of times merged:          188
Number of times stopped:         495
Number of times abs stopped:     307
Number of times nonAbs stopped:  0
Number of times doAbstraction node:  1801
Number of times breaked:         7

Total time for CPA algorithm:         3.235s (Max:     0.845s)
CPU time for CPA algorithm:           6.410s
  Time for choose from waitlist:      0.035s
  Time for precision adjustment:      1.073s
  Time for transfer relation:         1.673s
  Time for merge operator:            0.059s
  Time for stop operator:             0.077s
  Time for adding to reached set:     0.083s

Predicate-Abstraction Refiner statistics
----------------------------------------
Avg. length of target path (in blocks):                 260 (count: 7, min: 4, max: 66, avg: 37.14)
Number of infeasible sliced prefixes:                     0 (count: 0, min: 0, max: 0, avg: 0.00)

Time for refinement:                                   0.811s
  Counterexample analysis:                0.732s (Max:     0.329s, Calls: 7)
    Refinement sat check:                 0.169s
    Interpolant computation:              0.000s
  Error path post-processing:                          0.000s
  Path-formulas extraction:                            0.002s
  Building the counterexample trace:                   0.732s
  Extracting precise counterexample:                   0.000s
  Extracting infeasible sliced prefixes:               0.000s
  Selecting infeasible sliced prefixes:                0.000s
  Predicate creation:                                  0.009s
  Precision update:                                    0.007s
  ARG update:                                          0.047s

Length of refined path (in blocks):                     247 (count: 7, min: 2, max: 65, avg: 35.29)
Number of affected states:                              184 (count: 7, min: 1, max: 64, avg: 26.29)
Length (states) of path with itp 'true':                 56 (count: 7, min: 0, max: 56, avg: 8.00)
Length (states) of path with itp non-trivial itp:       184 (count: 7, min: 1, max: 64, avg: 26.29)
Length (states) of path with itp 'false':                 7 (count: 7, min: 1, max: 1, avg: 1.00)
Different non-trivial interpolants along paths:           0 (count: 7, min: 0, max: 0, avg: 0.00)
Equal non-trivial interpolants along paths:             177 (count: 7, min: 0, max: 63, avg: 25.29)
Different precisions along paths:                         0 (count: 0, min: 0, max: 0, avg: 0.00)
Equal precisions along paths:                             0 (count: 0, min: 0, max: 0, avg: 0.00)
Number of refs with location-based cutoff:                0

CEGAR algorithm statistics
--------------------------
Number of refinements:                7
Lazy expansion status:                false
Expansion times:                      0
Total path lengths:                   5277
SP times:                             0
Number of added holes:                0
Number of successful refinements:     7
Number of failed refinements:         0
Max. size of reached set before ref.: 2502
Max. size of reached set after ref.:  945
Avg. size of reached set before ref.: 1758.29
Avg. size of reached set after ref.:  628.71

Total time for CEGAR algorithm:       4.073s
CPU time for CEGAR algorithm:         8.070s
Time for refinements:                 0.837s
CPU time for refinements:             1.650s
Average time for refinement:          0.119s
Max time for refinement:              0.341s
First time for refinement:             0.404s
Last time for refinement:              0.175s
Average time for analysis:          0.404s
Number of analysis:                8

Counterexample-Check Algorithm statistics
-----------------------------------------
Number of counterexample checks:    0

Code Coverage
-----------------------------
  Visited lines:          2847
  Total lines:            10
  Line coverage:          284.700

CPAchecker general statistics
-----------------------------
Number of program locations:     1094
Number of CFA edges:             1207
Number of relevant variables:    127
Number of functions:             27
Number of loops:                 4
Size of reached set:             2040
  Number of reached locations:   988 (90%)
    Avg states per location:     2
    Max states per location:     24 (at node N277)
  Number of reached functions:   18 (67%)
  Number of partitions:          2033
    Avg size of partitions:      1
    Max size of partitions:      3 (with key [N412 (before /work/ldvuser/novikov/work/current--X--drivers/rtc/rtc-pcf2123.ko--X--defaultlinux--X--08_1a--X--cpachecker/linux/csd_deg_dscv/11/dscv_tempdir/dscv/ri/08_1a/drivers/rtc/rtc-pcf2123.c.prepared, line 302), Function pcf2123_probe called from node N499, stack depth 2 [74d22ddd], stack [ldv_main0_sequence_infinite_withcheck_stateful, pcf2123_probe], Init])
  Number of target states:       0

Time for analysis setup:                   1.623s
  Time for loading CPAs:                   0.383s
  Time for impacted traverse:              0.002s
  Time for loading parser:        0.035s
  Time for CFA construction:      1.126s
    Time for parsing file(s):     0.351s
    Time for AST to CFA:          0.379s
    Time for CFA sanity check:    0.000s
    Time for post-processing:     0.241s
      Time for var class.:        0.000s
Time for Analysis:                         4.077s
CPU time for analysis:      8.070s

Time for Garbage Collector:       0.228s (in 7 runs)
Garbage Collector(s) used:    PS MarkSweep, PS Scavenge
Used heap memory:                180MB (   171 MiB) max;     67MB (    64 MiB) avg;    190MB (   181 MiB) peak
Used non-heap memory:             35MB (    33 MiB) max;     28MB (    27 MiB) avg;     38MB (    36 MiB) peak
Used in PS Old Gen pool:          23MB (    22 MiB) max;     13MB (    13 MiB) avg;     24MB (    23 MiB) peak
Allocated heap memory:           271MB (   259 MiB) max;    212MB (   203 MiB) avg
Allocated non-heap memory:        38MB (    36 MiB) max;     30MB (    29 MiB) avg
Total process virtual memory:  13240MB ( 12627 MiB) max;  13237MB ( 12624 MiB) avg

Verification result: TRUE. No property violation found by chosen configuration.
More details about the verification run can be found in the directory "/home/yqs17/blazer/cpachecker-inc-pred/output-ori-final/flat/drivers--rtc--rtc-pcf2123.ko.006.109e941.08_1a.cil_safe.i".
