scripts/cpa.sh -heap 10000M -predicateAnalysis-ABEl-debug -setprop cpa.predicate.refinement.performInitialStaticRefinement=false -disable-java-assertions -outputpath /home/yqs17/blazer/cpachecker-inc-pred/output-ori-final/flat/drivers--net--wireless--wl12xx--wl12xx_sdio.ko.008.a81159e.39_7a.cil_safe.i -stats -spec /home/yqs17/blazer/cpachecker-inc-pred/LDVErrorLabel.spc -entryfunction ldv_main0_sequence_infinite_withcheck_stateful /home/yqs17/blazer/cpachecker-inc-pred/programs-flat/drivers--net--wireless--wl12xx--wl12xx_sdio.ko.008.a81159e.39_7a.cil_safe.i


--------------------------------------------------------------------------------


Running CPAchecker with Java heap of size 10000M.
Running CPAchecker with the following extra VM options:  -Djava.io.tmpdir=/tmp/BenchExec_run_h4jk982j/tmp
PredicateCPA statistics
-----------------------
Read Precision Time:                0.000s
Precision file size:                0
Write Precision Time:               0.004s
Number of abstractions:            112706 (18% of all post computations)
  Times abstraction was reused:    0
  Because of function entry/exit:  105799 (94%)
  Because of loop head:            6907 (6%)
  Because of join nodes:           0 (0%)
  Because of threshold:            0 (0%)
  Times precision was empty:       937 (1%)
  Times precision was {false}:     364 (0%)
  Times result was cached:         104793 (93%)
  Times cartesian abs was used:    0 (0%)
  Times boolean abs was used:      6612 (6%)
  Times result was 'false':        5782 (5%)
Number of strengthen sat checks:   177
  Times result was 'false':        0 (0%)
Number of coverage checks:         109489
  BDD entailment checks:           53089
Number of SMT sat checks:          177
  trivial:                         177
  cached:                          0

Max ABE block size:                       36
Number of predicates discovered:          17
Number of abstraction locations:          0
Max number of predicates per location:    0
Avg number of predicates per location:    0
Total predicates per abstraction:         60494
Max number of predicates per abstraction: 15
Avg number of predicates per abstraction: 8.67
Number of irrelevant predicates:          22247 (37%)
Number of preds handled by boolean abs:   38247 (63%)
  Total number of models for allsat:      7099
  Max number of models for allsat:        3
  Avg number of models for allsat:        1.07

Number of path formula cache hits:   747458 (98%)

Time for post operator:                 21.647s
  Time for path formula creation:        2.336s
    Actual computation:                  1.071s
Time for strengthen operator:            0.452s
  Time for satisfiability checks:        0.001s
Time for prec operator:                 25.101s
  Time for abstraction:                 21.975s (Max:     0.025s, Count: 112706)
    Boolean abstraction:                 3.010s
    Solving time:                        0.869s (Max:     0.014s)
    Model enumeration time:              0.115s
    Time for BDD construction:           0.164s (Max:     0.008s)
Time for merge operator:                 0.230s
Time for coverage check:                 0.089s
  Time for BDD entailment checks:        0.070s
Total time for SMT solver (w/o itp):     0.984s

Number of BDD nodes:                               6338
Size of BDD node table:                            466043
Size of BDD cache:                                 46619
Size of BDD node cleanup queue:                       11140 (count: 91900, min: 0, max: 1715, avg: 0.12)
Time for BDD node cleanup:                             0.015s
Time for BDD garbage collection:                       0.000s (in 0 runs)

PrecisionBootstrap statistics
-----------------------------
Init. function predicates:                         0
Init. global predicates:                           0
Init. location predicates:                         0

----------------------

AutomatonAnalysis (SVCOMP) statistics
-------------------------------------
Number of states:                                  1
Total time for successor computation:                  0.378s
Automaton transfers with branching:                0
Automaton transfer successors:                       630020 (count: 630020, min: 1, max: 1, avg: 1.00) [1 x 630020]

CPA algorithm statistics
------------------------
Number of iterations:            571545
Max size of waitlist:            51
Average size of waitlist:        29
Number of computed successors:   630020
Max successors for one state:    2
Number of times merged:          28200
Number of times stopped:         51641
Number of times abs stopped:     23441
Number of times nonAbs stopped:  0
Number of times doAbstraction node:  112706
Number of times breaked:         177

Total time for CPA algorithm:        56.647s (Max:     0.845s)
CPU time for CPA algorithm:          92.500s
  Time for choose from waitlist:      0.252s
  Time for precision adjustment:     25.990s
  Time for transfer relation:        25.933s
  Time for merge operator:            0.798s
  Time for stop operator:             0.859s
  Time for adding to reached set:     0.995s

Predicate-Abstraction Refiner statistics
----------------------------------------
Avg. length of target path (in blocks):                3235 (count: 177, min: 10, max: 43, avg: 18.28)
Number of infeasible sliced prefixes:                     0 (count: 0, min: 0, max: 0, avg: 0.00)

Time for refinement:                                   3.871s
  Counterexample analysis:                2.047s (Max:     0.211s, Calls: 177)
    Refinement sat check:                 0.479s
    Interpolant computation:              0.000s
  Error path post-processing:                          0.000s
  Path-formulas extraction:                            0.003s
  Building the counterexample trace:                   2.049s
  Extracting precise counterexample:                   0.000s
  Extracting infeasible sliced prefixes:               0.000s
  Selecting infeasible sliced prefixes:                0.000s
  Predicate creation:                                  0.036s
  Precision update:                                    0.048s
  ARG update:                                          1.595s

Length of refined path (in blocks):                    3028 (count: 177, min: 6, max: 42, avg: 17.11)
Number of affected states:                             2620 (count: 177, min: 1, max: 40, avg: 14.80)
Length (states) of path with itp 'true':                231 (count: 177, min: 0, max: 27, avg: 1.31)
Length (states) of path with itp non-trivial itp:      2620 (count: 177, min: 1, max: 40, avg: 14.80)
Length (states) of path with itp 'false':               177 (count: 177, min: 1, max: 1, avg: 1.00)
Different non-trivial interpolants along paths:           2 (count: 177, min: 0, max: 2, avg: 0.01)
Equal non-trivial interpolants along paths:            2441 (count: 177, min: 0, max: 39, avg: 13.79)
Different precisions along paths:                         0 (count: 0, min: 0, max: 0, avg: 0.00)
Equal precisions along paths:                             0 (count: 0, min: 0, max: 0, avg: 0.00)
Number of refs with location-based cutoff:                0

CEGAR algorithm statistics
--------------------------
Number of refinements:                177
Lazy expansion status:                false
Expansion times:                      0
Total path lengths:                   197372
SP times:                             1
Number of added holes:                0
Number of successful refinements:     177
Number of failed refinements:         0
Max. size of reached set before ref.: 6017
Max. size of reached set after ref.:  2330
Avg. size of reached set before ref.: 4249.22
Avg. size of reached set after ref.:  1034.28

Total time for CEGAR algorithm:      60.844s
CPU time for CEGAR algorithm:       100.130s
Time for refinements:                 4.181s
CPU time for refinements:             7.610s
Average time for refinement:          0.023s
Max time for refinement:              0.229s
First time for refinement:             0.318s
Last time for refinement:              0.414s
Average time for analysis:          0.318s
Number of analysis:                178

Counterexample-Check Algorithm statistics
-----------------------------------------
Number of counterexample checks:    0

Code Coverage
-----------------------------
  Visited lines:          5151
  Total lines:            4
  Line coverage:          1287.750

CPAchecker general statistics
-----------------------------
Number of program locations:     2347
Number of CFA edges:             2591
Number of relevant variables:    204
Number of functions:             120
Number of loops:                 2
Size of reached set:             3554
  Number of reached locations:   1597 (68%)
    Avg states per location:     2
    Max states per location:     40 (at node N660)
  Number of reached functions:   39 (33%)
  Number of partitions:          3547
    Avg size of partitions:      1
    Max size of partitions:      4 (with key [N618 (before /work/ldvuser/novikov/work/current--X--drivers/net/wireless/wl12xx/wl12xx_sdio.ko--X--defaultlinux--X--39_7a--X--cpachecker/linux/csd_deg_dscv/26/dscv_tempdir/dscv/ri/39_7a/drivers/net/wireless/wl12xx/sdio.c.prepared, line 721), Function ldv_main0_sequence_infinite_withcheck_stateful called from node N491, stack depth 1 [1d01dfa5], stack [ldv_main0_sequence_infinite_withcheck_stateful], Init])
  Number of target states:       0

Time for analysis setup:                   2.174s
  Time for loading CPAs:                   0.446s
  Time for impacted traverse:              0.002s
  Time for loading parser:        0.027s
  Time for CFA construction:      1.627s
    Time for parsing file(s):     0.465s
    Time for AST to CFA:          0.676s
    Time for CFA sanity check:    0.000s
    Time for post-processing:     0.295s
      Time for var class.:        0.000s
Time for Analysis:                        60.848s
CPU time for analysis:    100.140s

Time for Garbage Collector:       0.768s (in 43 runs)
Garbage Collector(s) used:    PS MarkSweep, PS Scavenge
Used heap memory:               2324MB (  2216 MiB) max;    712MB (   679 MiB) avg;   2334MB (  2226 MiB) peak
Used non-heap memory:             42MB (    40 MiB) max;     38MB (    36 MiB) avg;     44MB (    42 MiB) peak
Used in PS Old Gen pool:          33MB (    32 MiB) max;     29MB (    28 MiB) avg;     33MB (    32 MiB) peak
Allocated heap memory:          2500MB (  2384 MiB) max;   1435MB (  1368 MiB) avg
Allocated non-heap memory:        45MB (    43 MiB) max;     41MB (    39 MiB) avg
Total process virtual memory:  13243MB ( 12629 MiB) max;  13240MB ( 12626 MiB) avg

Verification result: TRUE. No property violation found by chosen configuration.
More details about the verification run can be found in the directory "/home/yqs17/blazer/cpachecker-inc-pred/output-ori-final/flat/drivers--net--wireless--wl12xx--wl12xx_sdio.ko.008.a81159e.39_7a.cil_safe.i".
