scripts/cpa.sh -heap 10000M -predicateAnalysis-ABEl-debug -setprop cpa.predicate.refinement.performInitialStaticRefinement=false -disable-java-assertions -outputpath /home/yqs17/blazer/cpachecker-inc-pred/output-ori-final/flat/drivers--target--loopback--tcm_loop.ko.035.2816890.32_7a.cil_safe.i -stats -spec /home/yqs17/blazer/cpachecker-inc-pred/LDVErrorLabel.spc -entryfunction ldv_main0_sequence_infinite_withcheck_stateful /home/yqs17/blazer/cpachecker-inc-pred/programs-flat/drivers--target--loopback--tcm_loop.ko.035.2816890.32_7a.cil_safe.i


--------------------------------------------------------------------------------


Running CPAchecker with Java heap of size 10000M.
Running CPAchecker with the following extra VM options:  -Djava.io.tmpdir=/tmp/BenchExec_run_9yrcn0_9/tmp
PredicateCPA statistics
-----------------------
Read Precision Time:                0.000s
Precision file size:                0
Write Precision Time:               0.003s
Number of abstractions:            271507 (16% of all post computations)
  Times abstraction was reused:    0
  Because of function entry/exit:  268480 (99%)
  Because of loop head:            3027 (1%)
  Because of join nodes:           0 (0%)
  Because of threshold:            0 (0%)
  Times precision was empty:       54353 (20%)
  Times precision was {false}:     1229 (0%)
  Times result was cached:         211736 (78%)
  Times cartesian abs was used:    0 (0%)
  Times boolean abs was used:      4189 (2%)
  Times result was 'false':        597 (0%)
Number of strengthen sat checks:   88
  Times result was 'false':        0 (0%)
Number of coverage checks:         239712
  BDD entailment checks:           92182
Number of SMT sat checks:          88
  trivial:                         88
  cached:                          0

Max ABE block size:                       33
Number of predicates discovered:          17
Number of abstraction locations:          0
Max number of predicates per location:    0
Avg number of predicates per location:    0
Total predicates per abstraction:         17405
Max number of predicates per abstraction: 8
Avg number of predicates per abstraction: 3.21
Number of irrelevant predicates:          9474 (54%)
Number of preds handled by boolean abs:   7931 (46%)
  Total number of models for allsat:      4469
  Max number of models for allsat:        6
  Avg number of models for allsat:        1.07

Number of path formula cache hits:   1613961 (82%)

Time for post operator:                 40.553s
  Time for path formula creation:       20.960s
    Actual computation:                 13.960s
Time for strengthen operator:            1.052s
  Time for satisfiability checks:        0.000s
Time for prec operator:                 27.705s
  Time for abstraction:                 19.182s (Max:     0.288s, Count: 271507)
    Boolean abstraction:                 0.959s
    Solving time:                        0.679s (Max:     0.016s)
    Model enumeration time:              0.042s
    Time for BDD construction:           0.065s (Max:     0.004s)
Time for merge operator:                 2.527s
Time for coverage check:                 0.125s
  Time for BDD entailment checks:        0.100s
Total time for SMT solver (w/o itp):     0.721s

Number of BDD nodes:                               948
Size of BDD node table:                            466043
Size of BDD cache:                                 46619
Size of BDD node cleanup queue:                        4038 (count: 181229, min: 0, max: 534, avg: 0.02)
Time for BDD node cleanup:                             0.034s
Time for BDD garbage collection:                       0.000s (in 0 runs)

PrecisionBootstrap statistics
-----------------------------
Init. function predicates:                         0
Init. global predicates:                           0
Init. location predicates:                         0

----------------------

AutomatonAnalysis (SVCOMP) statistics
-------------------------------------
Number of states:                                  1
Total time for successor computation:                  0.630s
  Time for transition matches:                         0.189s
  Time for transition assertions:                      0.000s
  Time for transition actions:                         0.002s
Automaton transfers with branching:                0
Automaton transfer successors:                      1697066 (count: 1697066, min: 1, max: 1, avg: 1.00) [1 x 1697066]

CPA algorithm statistics
------------------------
Number of iterations:            1548226
Max size of waitlist:            85
Average size of waitlist:        50
Number of computed successors:   1697066
Max successors for one state:    2
Number of times merged:          73765
Number of times stopped:         147933
Number of times abs stopped:     74168
Number of times nonAbs stopped:  0
Number of times doAbstraction node:  271507
Number of times breaked:         88

Total time for CPA algorithm:        91.375s (Max:     4.035s)
CPU time for CPA algorithm:         143.180s
  Time for choose from waitlist:      0.560s
  Time for precision adjustment:     29.566s
  Time for transfer relation:        50.121s
  Time for merge operator:            3.644s
  Time for stop operator:             1.654s
  Time for adding to reached set:     2.346s

Predicate-Abstraction Refiner statistics
----------------------------------------
Avg. length of target path (in blocks):                4490 (count: 88, min: 23, max: 80, avg: 51.02)
Number of infeasible sliced prefixes:                     0 (count: 0, min: 0, max: 0, avg: 0.00)

Time for refinement:                                   8.905s
  Counterexample analysis:                4.297s (Max:     0.484s, Calls: 88)
    Refinement sat check:                 0.566s
    Interpolant computation:              0.000s
  Error path post-processing:                          0.000s
  Path-formulas extraction:                            0.004s
  Building the counterexample trace:                   4.297s
  Extracting precise counterexample:                   0.000s
  Extracting infeasible sliced prefixes:               0.000s
  Selecting infeasible sliced prefixes:                0.000s
  Predicate creation:                                  0.031s
  Precision update:                                    0.024s
  ARG update:                                          4.449s

Length of refined path (in blocks):                    3977 (count: 88, min: 20, max: 76, avg: 45.19)
Number of affected states:                             3785 (count: 88, min: 1, max: 74, avg: 43.01)
Length (states) of path with itp 'true':                104 (count: 88, min: 0, max: 19, avg: 1.18)
Length (states) of path with itp non-trivial itp:      3785 (count: 88, min: 1, max: 74, avg: 43.01)
Length (states) of path with itp 'false':                88 (count: 88, min: 1, max: 1, avg: 1.00)
Different non-trivial interpolants along paths:           9 (count: 88, min: 0, max: 6, avg: 0.10)
Equal non-trivial interpolants along paths:            3688 (count: 88, min: 0, max: 73, avg: 41.91)
Different precisions along paths:                         0 (count: 0, min: 0, max: 0, avg: 0.00)
Equal precisions along paths:                             0 (count: 0, min: 0, max: 0, avg: 0.00)
Number of refs with location-based cutoff:                0

CEGAR algorithm statistics
--------------------------
Number of refinements:                88
Lazy expansion status:                false
Expansion times:                      0
Total path lengths:                   138138
SP times:                             0
Number of added holes:                0
Number of successful refinements:     88
Number of failed refinements:         0
Max. size of reached set before ref.: 33590
Max. size of reached set after ref.:  13205
Avg. size of reached set before ref.: 18824.65
Avg. size of reached set after ref.:  1420.51

Total time for CEGAR algorithm:     100.499s
CPU time for CEGAR algorithm:       159.170s
Time for refinements:                 9.117s
CPU time for refinements:            15.990s
Average time for refinement:          0.103s
Max time for refinement:              0.544s
First time for refinement:             1.026s
Last time for refinement:              0.725s
Average time for analysis:          1.026s
Number of analysis:                89

Counterexample-Check Algorithm statistics
-----------------------------------------
Number of counterexample checks:    0

Code Coverage
-----------------------------
  Visited lines:          6723
  Total lines:            4
  Line coverage:          1680.750

CPAchecker general statistics
-----------------------------
Number of program locations:     3139
Number of CFA edges:             3524
Number of relevant variables:    396
Number of functions:             114
Number of loops:                 2
Size of reached set:             16973
  Number of reached locations:   2313 (74%)
    Avg states per location:     7
    Max states per location:     192 (at node N1217)
  Number of reached functions:   56 (49%)
  Number of partitions:          16961
    Avg size of partitions:      1
    Max size of partitions:      4 (with key [N1853 (before /work/ldvuser/novikov/work/current--X--drivers/target/loopback/tcm_loop.ko--X--defaultlinux--X--32_7a--X--cpachecker/linux/csd_deg_dscv/11/dscv_tempdir/dscv/ri/32_7a/drivers/target/loopback/tcm_loop.c.prepared, line 1652), Function ldv_main0_sequence_infinite_withcheck_stateful called from node N1756, stack depth 1 [7159a5cd], stack [ldv_main0_sequence_infinite_withcheck_stateful], Init])
  Number of target states:       0

Time for analysis setup:                   2.437s
  Time for loading CPAs:                   0.383s
  Time for impacted traverse:              0.002s
  Time for loading parser:        0.034s
  Time for CFA construction:      1.941s
    Time for parsing file(s):     0.526s
    Time for AST to CFA:          0.689s
    Time for CFA sanity check:    0.000s
    Time for post-processing:     0.529s
      Time for var class.:        0.000s
Time for Analysis:                       100.516s
CPU time for analysis:    159.190s

Time for Garbage Collector:       5.998s (in 42 runs)
Garbage Collector(s) used:    PS MarkSweep, PS Scavenge
Used heap memory:               3502MB (  3340 MiB) max;   1068MB (  1019 MiB) avg;   3549MB (  3384 MiB) peak
Used non-heap memory:             43MB (    41 MiB) max;     40MB (    38 MiB) avg;     46MB (    43 MiB) peak
Used in PS Old Gen pool:         153MB (   146 MiB) max;     73MB (    70 MiB) avg;    153MB (   146 MiB) peak
Allocated heap memory:          3623MB (  3456 MiB) max;   2070MB (  1974 MiB) avg
Allocated non-heap memory:        47MB (    44 MiB) max;     44MB (    42 MiB) avg
Total process virtual memory:  13244MB ( 12630 MiB) max;  13240MB ( 12626 MiB) avg

Verification result: TRUE. No property violation found by chosen configuration.
More details about the verification run can be found in the directory "/home/yqs17/blazer/cpachecker-inc-pred/output-ori-final/flat/drivers--target--loopback--tcm_loop.ko.035.2816890.32_7a.cil_safe.i".
