scripts/cpa.sh -heap 10000M -predicateAnalysis-ABEl-debug -setprop cpa.predicate.refinement.performInitialStaticRefinement=false -disable-java-assertions -outputpath /home/yqs17/blazer/cpachecker-inc-pred/output-ori-final/flat/drivers--mfd--janz-cmodio.ko.009.f791be4.39_7a.cil_safe.i -stats -spec /home/yqs17/blazer/cpachecker-inc-pred/LDVErrorLabel.spc -entryfunction ldv_main0_sequence_infinite_withcheck_stateful /home/yqs17/blazer/cpachecker-inc-pred/programs-flat/drivers--mfd--janz-cmodio.ko.009.f791be4.39_7a.cil_safe.i


--------------------------------------------------------------------------------


Running CPAchecker with Java heap of size 10000M.
Running CPAchecker with the following extra VM options:  -Djava.io.tmpdir=/tmp/BenchExec_run_8447p0kl/tmp
PredicateCPA statistics
-----------------------
Read Precision Time:                0.000s
Precision file size:                0
Write Precision Time:               0.003s
Number of abstractions:            621 (11% of all post computations)
  Times abstraction was reused:    0
  Because of function entry/exit:  493 (79%)
  Because of loop head:            128 (21%)
  Because of join nodes:           0 (0%)
  Because of threshold:            0 (0%)
  Times precision was empty:       149 (24%)
  Times precision was {false}:     43 (7%)
  Times result was cached:         237 (38%)
  Times cartesian abs was used:    0 (0%)
  Times boolean abs was used:      192 (31%)
  Times result was 'false':        51 (8%)
Number of strengthen sat checks:   9
  Times result was 'false':        0 (0%)
Number of coverage checks:         709
  BDD entailment checks:           239
Number of SMT sat checks:          9
  trivial:                         9
  cached:                          0

Max ABE block size:                       15
Number of predicates discovered:          6
Number of abstraction locations:          0
Max number of predicates per location:    0
Avg number of predicates per location:    0
Total predicates per abstraction:         553
Max number of predicates per abstraction: 5
Avg number of predicates per abstraction: 2.35
Number of irrelevant predicates:          159 (29%)
Number of preds handled by boolean abs:   394 (71%)
  Total number of models for allsat:      217
  Max number of models for allsat:        3
  Avg number of models for allsat:        1.13

Number of path formula cache hits:   4439 (69%)

Time for post operator:                  0.791s
  Time for path formula creation:        0.531s
    Actual computation:                  0.484s
Time for strengthen operator:            0.017s
  Time for satisfiability checks:        0.000s
Time for prec operator:                  0.877s
  Time for abstraction:                  0.804s (Max:     0.020s, Count: 621)
    Boolean abstraction:                 0.264s
    Solving time:                        0.152s (Max:     0.010s)
    Model enumeration time:              0.042s
    Time for BDD construction:           0.015s (Max:     0.001s)
Time for merge operator:                 0.036s
Time for coverage check:                 0.009s
  Time for BDD entailment checks:        0.009s
Total time for SMT solver (w/o itp):     0.194s

Number of BDD nodes:                               271
Size of BDD node table:                            466043
Size of BDD cache:                                 46619
Size of BDD node cleanup queue:                         197 (count: 3682, min: 0, max: 141, avg: 0.05)
Time for BDD node cleanup:                             0.001s
Time for BDD garbage collection:                       0.000s (in 0 runs)

PrecisionBootstrap statistics
-----------------------------
Init. function predicates:                         0
Init. global predicates:                           0
Init. location predicates:                         0

----------------------

AutomatonAnalysis (SVCOMP) statistics
-------------------------------------
Number of states:                                  1
Total time for successor computation:                  0.032s
Automaton transfers with branching:                0
Automaton transfer successors:                         5896 (count: 5896, min: 1, max: 1, avg: 1.00) [1 x 5896]

CPA algorithm statistics
------------------------
Number of iterations:            5446
Max size of waitlist:            22
Average size of waitlist:        10
Number of computed successors:   5896
Max successors for one state:    2
Number of times merged:          235
Number of times stopped:         369
Number of times abs stopped:     134
Number of times nonAbs stopped:  0
Number of times doAbstraction node:  621
Number of times breaked:         9

Total time for CPA algorithm:         2.394s (Max:     0.439s)
CPU time for CPA algorithm:           4.700s
  Time for choose from waitlist:      0.019s
  Time for precision adjustment:      0.952s
  Time for transfer relation:         1.039s
  Time for merge operator:            0.068s
  Time for stop operator:             0.044s
  Time for adding to reached set:     0.151s

Predicate-Abstraction Refiner statistics
----------------------------------------
Avg. length of target path (in blocks):                 166 (count: 9, min: 6, max: 28, avg: 18.44)
Number of infeasible sliced prefixes:                     0 (count: 0, min: 0, max: 0, avg: 0.00)

Time for refinement:                                   0.486s
  Counterexample analysis:                0.426s (Max:     0.083s, Calls: 9)
    Refinement sat check:                 0.139s
    Interpolant computation:              0.000s
  Error path post-processing:                          0.000s
  Path-formulas extraction:                            0.000s
  Building the counterexample trace:                   0.427s
  Extracting precise counterexample:                   0.000s
  Extracting infeasible sliced prefixes:               0.000s
  Selecting infeasible sliced prefixes:                0.000s
  Predicate creation:                                  0.003s
  Precision update:                                    0.011s
  ARG update:                                          0.033s

Length of refined path (in blocks):                     149 (count: 9, min: 4, max: 27, avg: 16.56)
Number of affected states:                              134 (count: 9, min: 3, max: 25, avg: 14.89)
Length (states) of path with itp 'true':                  6 (count: 9, min: 0, max: 1, avg: 0.67)
Length (states) of path with itp non-trivial itp:       134 (count: 9, min: 3, max: 25, avg: 14.89)
Length (states) of path with itp 'false':                 9 (count: 9, min: 1, max: 1, avg: 1.00)
Different non-trivial interpolants along paths:           4 (count: 9, min: 0, max: 2, avg: 0.44)
Equal non-trivial interpolants along paths:             121 (count: 9, min: 2, max: 24, avg: 13.44)
Different precisions along paths:                         0 (count: 0, min: 0, max: 0, avg: 0.00)
Equal precisions along paths:                             0 (count: 0, min: 0, max: 0, avg: 0.00)
Number of refs with location-based cutoff:                0

CEGAR algorithm statistics
--------------------------
Number of refinements:                9
Lazy expansion status:                false
Expansion times:                      0
Total path lengths:                   4087
SP times:                             0
Number of added holes:                0
Number of successful refinements:     9
Number of failed refinements:         0
Max. size of reached set before ref.: 1199
Max. size of reached set after ref.:  341
Avg. size of reached set before ref.: 878.22
Avg. size of reached set after ref.:  339.33

Total time for CEGAR algorithm:       2.912s
CPU time for CEGAR algorithm:         5.730s
Time for refinements:                 0.515s
CPU time for refinements:             1.020s
Average time for refinement:          0.057s
Max time for refinement:              0.089s
First time for refinement:             0.239s
Last time for refinement:              0.065s
Average time for analysis:          0.239s
Number of analysis:                10

Counterexample-Check Algorithm statistics
-----------------------------------------
Number of counterexample checks:    0

Code Coverage
-----------------------------
  Visited lines:          1355
  Total lines:            24
  Line coverage:          56.458

CPAchecker general statistics
-----------------------------
Number of program locations:     740
Number of CFA edges:             791
Number of relevant variables:    65
Number of functions:             31
Number of loops:                 2
Size of reached set:             627
  Number of reached locations:   571 (77%)
    Avg states per location:     1
    Max states per location:     4 (at node N257)
  Number of reached functions:   12 (39%)
  Number of partitions:          626
    Avg size of partitions:      1
    Max size of partitions:      2 (with key [N259 (before /work/ldvuser/novikov/work/current--X--drivers/mfd/janz-cmodio.ko--X--defaultlinux--X--39_7a--X--cpachecker/linux/csd_deg_dscv/12/dscv_tempdir/dscv/ri/39_7a/drivers/mfd/janz-cmodio.c.prepared, line 408), Function ldv_main0_sequence_infinite_withcheck_stateful called from node N214, stack depth 1 [b6b1987], stack [ldv_main0_sequence_infinite_withcheck_stateful], Init])
  Number of target states:       0

Time for analysis setup:                   1.319s
  Time for loading CPAs:                   0.356s
  Time for impacted traverse:              0.002s
  Time for loading parser:        0.030s
  Time for CFA construction:      0.852s
    Time for parsing file(s):     0.309s
    Time for AST to CFA:          0.301s
    Time for CFA sanity check:    0.000s
    Time for post-processing:     0.152s
      Time for var class.:        0.000s
Time for Analysis:                         2.913s
CPU time for analysis:      5.730s

Time for Garbage Collector:       0.165s (in 6 runs)
Garbage Collector(s) used:    PS MarkSweep, PS Scavenge
Used heap memory:                122MB (   116 MiB) max;     51MB (    49 MiB) avg;    151MB (   144 MiB) peak
Used non-heap memory:             36MB (    34 MiB) max;     28MB (    26 MiB) avg;     37MB (    35 MiB) peak
Used in PS Old Gen pool:          19MB (    19 MiB) max;      9MB (     8 MiB) avg;     20MB (    19 MiB) peak
Allocated heap memory:           246MB (   235 MiB) max;    188MB (   180 MiB) avg
Allocated non-heap memory:        37MB (    36 MiB) max;     29MB (    27 MiB) avg
Total process virtual memory:  13240MB ( 12627 MiB) max;  13236MB ( 12623 MiB) avg

Verification result: TRUE. No property violation found by chosen configuration.
More details about the verification run can be found in the directory "/home/yqs17/blazer/cpachecker-inc-pred/output-ori-final/flat/drivers--mfd--janz-cmodio.ko.009.f791be4.39_7a.cil_safe.i".
