scripts/cpa.sh -heap 10000M -predicateAnalysis-ABEl-debug -setprop cpa.predicate.refinement.performInitialStaticRefinement=false -disable-java-assertions -outputpath /home/yqs17/blazer/cpachecker-inc-pred/output-ori-final/flat/drivers--isdn--mISDN--mISDN_core.ko.005.dfa96ec.08_1a.cil_safe.i -stats -spec /home/yqs17/blazer/cpachecker-inc-pred/LDVErrorLabel.spc -entryfunction ldv_main0_sequence_infinite_withcheck_stateful /home/yqs17/blazer/cpachecker-inc-pred/programs-flat/drivers--isdn--mISDN--mISDN_core.ko.005.dfa96ec.08_1a.cil_safe.i


--------------------------------------------------------------------------------


Running CPAchecker with Java heap of size 10000M.
Running CPAchecker with the following extra VM options:  -Djava.io.tmpdir=/tmp/BenchExec_run_kec1_6cw/tmp
PredicateCPA statistics
-----------------------
Read Precision Time:                0.000s
Precision file size:                0
Write Precision Time:               0.003s
Number of abstractions:            258 (11% of all post computations)
  Times abstraction was reused:    0
  Because of function entry/exit:  230 (89%)
  Because of loop head:            28 (11%)
  Because of join nodes:           0 (0%)
  Because of threshold:            0 (0%)
  Times precision was empty:       127 (49%)
  Times precision was {false}:     1 (0%)
  Times result was cached:         38 (15%)
  Times cartesian abs was used:    0 (0%)
  Times boolean abs was used:      92 (36%)
  Times result was 'false':        2 (1%)
Number of strengthen sat checks:   1
  Times result was 'false':        0 (0%)
Number of coverage checks:         97
  BDD entailment checks:           25
Number of SMT sat checks:          1
  trivial:                         1
  cached:                          0

Max ABE block size:                       44
Number of predicates discovered:          2
Number of abstraction locations:          0
Max number of predicates per location:    0
Avg number of predicates per location:    0
Total predicates per abstraction:         93
Max number of predicates per abstraction: 1
Avg number of predicates per abstraction: 1.00
Number of irrelevant predicates:          1 (1%)
Number of preds handled by boolean abs:   92 (99%)
  Total number of models for allsat:      92
  Max number of models for allsat:        1
  Avg number of models for allsat:        1.00

Number of path formula cache hits:   699 (29%)

Time for post operator:                  1.374s
  Time for path formula creation:        1.288s
    Actual computation:                  1.201s
Time for strengthen operator:            0.013s
  Time for satisfiability checks:        0.000s
Time for prec operator:                  0.798s
  Time for abstraction:                  0.740s (Max:     0.557s, Count: 258)
    Boolean abstraction:                 0.499s
    Solving time:                        0.464s (Max:     0.448s)
    Model enumeration time:              0.006s
    Time for BDD construction:           0.003s (Max:     0.001s)
Time for merge operator:                 0.015s
Time for coverage check:                 0.009s
  Time for BDD entailment checks:        0.009s
Total time for SMT solver (w/o itp):     0.470s

Number of BDD nodes:                               202
Size of BDD node table:                            466043
Size of BDD cache:                                 46619
Size of BDD node cleanup queue:                           0 (count: 46477, min: 0, max: 0, avg: 0.00)
Time for BDD node cleanup:                             0.003s
Time for BDD garbage collection:                       0.000s (in 0 runs)

PrecisionBootstrap statistics
-----------------------------
Init. function predicates:                         0
Init. global predicates:                           0
Init. location predicates:                         0

----------------------

AutomatonAnalysis (SVCOMP) statistics
-------------------------------------
Number of states:                                  1
Total time for successor computation:                  0.032s
Automaton transfers with branching:                0
Automaton transfer successors:                         2282 (count: 2282, min: 1, max: 1, avg: 1.00) [1 x 2282]

CPA algorithm statistics
------------------------
Number of iterations:            2218
Max size of waitlist:            6
Average size of waitlist:        2
Number of computed successors:   2282
Max successors for one state:    2
Number of times merged:          36
Number of times stopped:         61
Number of times abs stopped:     25
Number of times nonAbs stopped:  0
Number of times doAbstraction node:  258
Number of times breaked:         1

Total time for CPA algorithm:         2.532s (Max:     1.694s)
CPU time for CPA algorithm:           4.950s
  Time for choose from waitlist:      0.018s
  Time for precision adjustment:      0.829s
  Time for transfer relation:         1.537s
  Time for merge operator:            0.020s
  Time for stop operator:             0.024s
  Time for adding to reached set:     0.037s

Predicate-Abstraction Refiner statistics
----------------------------------------
Avg. length of target path (in blocks):                  88 (count: 1, min: 88, max: 88, avg: 88.00)
Number of infeasible sliced prefixes:                     0 (count: 0, min: 0, max: 0, avg: 0.00)

Time for refinement:                                   1.435s
  Counterexample analysis:                1.407s (Max:     1.407s, Calls: 1)
    Refinement sat check:                 0.668s
    Interpolant computation:              0.000s
  Error path post-processing:                          0.000s
  Path-formulas extraction:                            0.000s
  Building the counterexample trace:                   1.407s
  Extracting precise counterexample:                   0.000s
  Extracting infeasible sliced prefixes:               0.000s
  Selecting infeasible sliced prefixes:                0.000s
  Predicate creation:                                  0.003s
  Precision update:                                    0.013s
  ARG update:                                          0.006s

Length of refined path (in blocks):                      87 (count: 1, min: 87, max: 87, avg: 87.00)
Number of affected states:                               86 (count: 1, min: 86, max: 86, avg: 86.00)
Length (states) of path with itp 'true':                  0 (count: 1, min: 0, max: 0, avg: 0.00)
Length (states) of path with itp non-trivial itp:        86 (count: 1, min: 86, max: 86, avg: 86.00)
Length (states) of path with itp 'false':                 1 (count: 1, min: 1, max: 1, avg: 1.00)
Different non-trivial interpolants along paths:           0 (count: 1, min: 0, max: 0, avg: 0.00)
Equal non-trivial interpolants along paths:              85 (count: 1, min: 85, max: 85, avg: 85.00)
Different precisions along paths:                         0 (count: 0, min: 0, max: 0, avg: 0.00)
Equal precisions along paths:                             0 (count: 0, min: 0, max: 0, avg: 0.00)
Number of refs with location-based cutoff:                0

CEGAR algorithm statistics
--------------------------
Number of refinements:                1
Lazy expansion status:                false
Expansion times:                      0
Total path lengths:                   1497
SP times:                             0
Number of added holes:                0
Number of successful refinements:     1
Number of failed refinements:         0
Max. size of reached set before ref.: 1694
Max. size of reached set after ref.:  1175
Avg. size of reached set before ref.: 1694.00
Avg. size of reached set after ref.:  1175.00

Total time for CEGAR algorithm:       3.982s
CPU time for CEGAR algorithm:         7.770s
Time for refinements:                 1.450s
CPU time for refinements:             2.820s
Average time for refinement:          1.450s
Max time for refinement:              1.450s
First time for refinement:             1.266s
Last time for refinement:              0.838s
Average time for analysis:          1.266s
Number of analysis:                2

Counterexample-Check Algorithm statistics
-----------------------------------------
Number of counterexample checks:    0

Code Coverage
-----------------------------
  Visited lines:          4091
  Total lines:            4
  Line coverage:          1022.750

CPAchecker general statistics
-----------------------------
Number of program locations:     15190
Number of CFA edges:             23936
Number of relevant variables:    2025
Number of functions:             352
Number of loops:                 43
Size of reached set:             1701
  Number of reached locations:   1439 (9%)
    Avg states per location:     1
    Max states per location:     11 (at node N385)
  Number of reached functions:   24 (7%)
  Number of partitions:          1701
    Avg size of partitions:      1
    Max size of partitions:      1
  Number of target states:       0

Time for analysis setup:                   4.129s
  Time for loading CPAs:                   0.533s
  Time for impacted traverse:              0.001s
  Time for loading parser:        0.027s
  Time for CFA construction:      3.499s
    Time for parsing file(s):     0.624s
    Time for AST to CFA:          1.151s
    Time for CFA sanity check:    0.000s
    Time for post-processing:     1.341s
      Time for var class.:        0.000s
Time for Analysis:                         3.985s
CPU time for analysis:      7.770s

Time for Garbage Collector:       0.565s (in 9 runs)
Garbage Collector(s) used:    PS MarkSweep, PS Scavenge
Used heap memory:                307MB (   293 MiB) max;    106MB (   101 MiB) avg;    385MB (   367 MiB) peak
Used non-heap memory:             38MB (    37 MiB) max;     28MB (    27 MiB) avg;     39MB (    37 MiB) peak
Used in PS Old Gen pool:          53MB (    50 MiB) max;     32MB (    30 MiB) avg;     56MB (    53 MiB) peak
Allocated heap memory:           481MB (   459 MiB) max;    303MB (   289 MiB) avg
Allocated non-heap memory:        40MB (    38 MiB) max;     30MB (    28 MiB) avg
Total process virtual memory:  13240MB ( 12627 MiB) max;  13235MB ( 12622 MiB) avg

Verification result: TRUE. No property violation found by chosen configuration.
More details about the verification run can be found in the directory "/home/yqs17/blazer/cpachecker-inc-pred/output-ori-final/flat/drivers--isdn--mISDN--mISDN_core.ko.005.dfa96ec.08_1a.cil_safe.i".
