scripts/cpa.sh -heap 10000M -predicateAnalysis-ABEl-debug -setprop cpa.predicate.refinement.performInitialStaticRefinement=false -disable-java-assertions -outputpath /home/yqs17/blazer/cpachecker-inc-pred/output-ori-final/flat/drivers--mtd--devices--slram.ko.022.623ff77.39_7a.cil_safe.i -stats -spec /home/yqs17/blazer/cpachecker-inc-pred/LDVErrorLabel.spc -entryfunction ldv_main0_sequence_infinite_withcheck_stateful /home/yqs17/blazer/cpachecker-inc-pred/programs-flat/drivers--mtd--devices--slram.ko.022.623ff77.39_7a.cil_safe.i


--------------------------------------------------------------------------------


Running CPAchecker with Java heap of size 10000M.
Running CPAchecker with the following extra VM options:  -Djava.io.tmpdir=/tmp/BenchExec_run_dakk1rcg/tmp
PredicateCPA statistics
-----------------------
Read Precision Time:                0.000s
Precision file size:                0
Write Precision Time:               0.003s
Number of abstractions:            2773 (15% of all post computations)
  Times abstraction was reused:    0
  Because of function entry/exit:  2200 (79%)
  Because of loop head:            573 (21%)
  Because of join nodes:           0 (0%)
  Because of threshold:            0 (0%)
  Times precision was empty:       1018 (37%)
  Times precision was {false}:     97 (3%)
  Times result was cached:         862 (31%)
  Times cartesian abs was used:    0 (0%)
  Times boolean abs was used:      796 (29%)
  Times result was 'false':        196 (7%)
Number of strengthen sat checks:   18
  Times result was 'false':        0 (0%)
Number of coverage checks:         2651
  BDD entailment checks:           1131
Number of SMT sat checks:          18
  trivial:                         18
  cached:                          0

Max ABE block size:                       16
Number of predicates discovered:          11
Number of abstraction locations:          0
Max number of predicates per location:    0
Avg number of predicates per location:    0
Total predicates per abstraction:         4112
Max number of predicates per abstraction: 9
Avg number of predicates per abstraction: 4.60
Number of irrelevant predicates:          1201 (29%)
Number of preds handled by boolean abs:   2911 (71%)
  Total number of models for allsat:      795
  Max number of models for allsat:        2
  Avg number of models for allsat:        1.00

Number of path formula cache hits:   16224 (79%)

Time for post operator:                  1.784s
  Time for path formula creation:        1.098s
    Actual computation:                  0.967s
Time for strengthen operator:            0.040s
  Time for satisfiability checks:        0.000s
Time for prec operator:                  2.289s
  Time for abstraction:                  2.017s (Max:     0.042s, Count: 2773)
    Boolean abstraction:                 0.653s
    Solving time:                        0.309s (Max:     0.034s)
    Model enumeration time:              0.027s
    Time for BDD construction:           0.035s (Max:     0.004s)
Time for merge operator:                 0.072s
Time for coverage check:                 0.017s
  Time for BDD entailment checks:        0.016s
Total time for SMT solver (w/o itp):     0.336s

Number of BDD nodes:                               554
Size of BDD node table:                            466043
Size of BDD cache:                                 46619
Size of BDD node cleanup queue:                        1084 (count: 10369, min: 0, max: 431, avg: 0.10)
Time for BDD node cleanup:                             0.003s
Time for BDD garbage collection:                       0.000s (in 0 runs)

PrecisionBootstrap statistics
-----------------------------
Init. function predicates:                         0
Init. global predicates:                           0
Init. location predicates:                         0

----------------------

AutomatonAnalysis (SVCOMP) statistics
-------------------------------------
Number of states:                                  1
Total time for successor computation:                  0.058s
Automaton transfers with branching:                0
Automaton transfer successors:                        17908 (count: 17908, min: 1, max: 1, avg: 1.00) [1 x 17908]

CPA algorithm statistics
------------------------
Number of iterations:            16182
Max size of waitlist:            21
Average size of waitlist:        11
Number of computed successors:   17908
Max successors for one state:    2
Number of times merged:          760
Number of times stopped:         1473
Number of times abs stopped:     713
Number of times nonAbs stopped:  0
Number of times doAbstraction node:  2773
Number of times breaked:         18

Total time for CPA algorithm:         5.487s (Max:     0.708s)
CPU time for CPA algorithm:          10.800s
  Time for choose from waitlist:      0.059s
  Time for precision adjustment:      2.410s
  Time for transfer relation:         2.325s
  Time for merge operator:            0.128s
  Time for stop operator:             0.104s
  Time for adding to reached set:     0.108s

Predicate-Abstraction Refiner statistics
----------------------------------------
Avg. length of target path (in blocks):                 458 (count: 18, min: 14, max: 38, avg: 25.44)
Number of infeasible sliced prefixes:                     0 (count: 0, min: 0, max: 0, avg: 0.00)

Time for refinement:                                   1.017s
  Counterexample analysis:                0.887s (Max:     0.117s, Calls: 18)
    Refinement sat check:                 0.211s
    Interpolant computation:              0.000s
  Error path post-processing:                          0.000s
  Path-formulas extraction:                            0.001s
  Building the counterexample trace:                   0.888s
  Extracting precise counterexample:                   0.000s
  Extracting infeasible sliced prefixes:               0.000s
  Selecting infeasible sliced prefixes:                0.000s
  Predicate creation:                                  0.014s
  Precision update:                                    0.006s
  ARG update:                                          0.086s

Length of refined path (in blocks):                     392 (count: 18, min: 5, max: 37, avg: 21.78)
Number of affected states:                              305 (count: 18, min: 0, max: 35, avg: 16.94)
Length (states) of path with itp 'true':                 69 (count: 18, min: 1, max: 19, avg: 3.83)
Length (states) of path with itp non-trivial itp:       305 (count: 18, min: 0, max: 35, avg: 16.94)
Length (states) of path with itp 'false':                18 (count: 18, min: 1, max: 1, avg: 1.00)
Different non-trivial interpolants along paths:           0 (count: 18, min: 0, max: 0, avg: 0.00)
Equal non-trivial interpolants along paths:             288 (count: 18, min: 0, max: 34, avg: 16.00)
Different precisions along paths:                         0 (count: 0, min: 0, max: 0, avg: 0.00)
Equal precisions along paths:                             0 (count: 0, min: 0, max: 0, avg: 0.00)
Number of refs with location-based cutoff:                0

CEGAR algorithm statistics
--------------------------
Number of refinements:                18
Lazy expansion status:                false
Expansion times:                      0
Total path lengths:                   13075
SP times:                             0
Number of added holes:                0
Number of successful refinements:     18
Number of failed refinements:         0
Max. size of reached set before ref.: 1661
Max. size of reached set after ref.:  1439
Avg. size of reached set before ref.: 1553.44
Avg. size of reached set after ref.:  739.78

Total time for CEGAR algorithm:       6.546s
CPU time for CEGAR algorithm:        12.930s
Time for refinements:                 1.057s
CPU time for refinements:             2.100s
Average time for refinement:          0.058s
Max time for refinement:              0.143s
First time for refinement:             0.288s
Last time for refinement:              0.296s
Average time for analysis:          0.288s
Number of analysis:                19

Counterexample-Check Algorithm statistics
-----------------------------------------
Number of counterexample checks:    0

Code Coverage
-----------------------------
  Visited lines:          2653
  Total lines:            5
  Line coverage:          530.600

CPAchecker general statistics
-----------------------------
Number of program locations:     1373
Number of CFA edges:             1489
Number of relevant variables:    122
Number of functions:             69
Number of loops:                 5
Size of reached set:             1594
  Number of reached locations:   860 (63%)
    Avg states per location:     1
    Max states per location:     16 (at node N69)
  Number of reached functions:   12 (17%)
  Number of partitions:          1587
    Avg size of partitions:      1
    Max size of partitions:      3 (with key [N255 (before /work/ldvuser/novikov/work/current--X--drivers/mtd/devices/slram.ko--X--defaultlinux--X--39_7a--X--cpachecker/linux/csd_deg_dscv/11/dscv_tempdir/dscv/ri/39_7a/drivers/mtd/devices/slram.c.prepared, line 378), Function init_slram called from node N297, stack depth 2 [2fd05b15], stack [ldv_main0_sequence_infinite_withcheck_stateful, init_slram], Init])
  Number of target states:       0

Time for analysis setup:                   1.707s
  Time for loading CPAs:                   0.353s
  Time for impacted traverse:              0.002s
  Time for loading parser:        0.039s
  Time for CFA construction:      1.239s
    Time for parsing file(s):     0.424s
    Time for AST to CFA:          0.431s
    Time for CFA sanity check:    0.000s
    Time for post-processing:     0.230s
      Time for var class.:        0.000s
Time for Analysis:                         6.548s
CPU time for analysis:     12.940s

Time for Garbage Collector:       0.217s (in 9 runs)
Garbage Collector(s) used:    PS MarkSweep, PS Scavenge
Used heap memory:                236MB (   225 MiB) max;     84MB (    80 MiB) avg;    248MB (   237 MiB) peak
Used non-heap memory:             35MB (    34 MiB) max;     30MB (    29 MiB) avg;     38MB (    36 MiB) peak
Used in PS Old Gen pool:          24MB (    23 MiB) max;     17MB (    16 MiB) avg;     24MB (    23 MiB) peak
Allocated heap memory:           421MB (   401 MiB) max;    254MB (   242 MiB) avg
Allocated non-heap memory:        38MB (    37 MiB) max;     33MB (    31 MiB) avg
Total process virtual memory:  13241MB ( 12628 MiB) max;  13238MB ( 12624 MiB) avg

Verification result: TRUE. No property violation found by chosen configuration.
More details about the verification run can be found in the directory "/home/yqs17/blazer/cpachecker-inc-pred/output-ori-final/flat/drivers--mtd--devices--slram.ko.022.623ff77.39_7a.cil_safe.i".
