scripts/cpa.sh -heap 10000M -predicateAnalysis-ABEl-debug -setprop cpa.predicate.refinement.performInitialStaticRefinement=false -disable-java-assertions -outputpath /home/yqs17/blazer/cpachecker-inc-pred/output-ori-final/flat/drivers--mtd--mtdoops.ko.024.a1452a3.08_1a.cil_safe.i -stats -spec /home/yqs17/blazer/cpachecker-inc-pred/LDVErrorLabel.spc -entryfunction ldv_main0_sequence_infinite_withcheck_stateful /home/yqs17/blazer/cpachecker-inc-pred/programs-flat/drivers--mtd--mtdoops.ko.024.a1452a3.08_1a.cil_safe.i


--------------------------------------------------------------------------------


Running CPAchecker with Java heap of size 10000M.
Running CPAchecker with the following extra VM options:  -Djava.io.tmpdir=/tmp/BenchExec_run_fk2wie8y/tmp
PredicateCPA statistics
-----------------------
Read Precision Time:                0.000s
Precision file size:                0
Write Precision Time:               0.002s
Number of abstractions:            435 (11% of all post computations)
  Times abstraction was reused:    0
  Because of function entry/exit:  376 (86%)
  Because of loop head:            59 (14%)
  Because of join nodes:           0 (0%)
  Because of threshold:            0 (0%)
  Times precision was empty:       196 (45%)
  Times precision was {false}:     43 (10%)
  Times result was cached:         147 (34%)
  Times cartesian abs was used:    0 (0%)
  Times boolean abs was used:      49 (11%)
  Times result was 'false':        13 (3%)
Number of strengthen sat checks:   5
  Times result was 'false':        0 (0%)
Number of coverage checks:         872
  BDD entailment checks:           116
Number of SMT sat checks:          5
  trivial:                         5
  cached:                          0

Max ABE block size:                       23
Number of predicates discovered:          3
Number of abstraction locations:          0
Max number of predicates per location:    0
Avg number of predicates per location:    0
Total predicates per abstraction:         104
Max number of predicates per abstraction: 2
Avg number of predicates per abstraction: 1.13
Number of irrelevant predicates:          52 (50%)
Number of preds handled by boolean abs:   52 (50%)
  Total number of models for allsat:      58
  Max number of models for allsat:        2
  Avg number of models for allsat:        1.18

Number of path formula cache hits:   2211 (49%)

Time for post operator:                  0.886s
  Time for path formula creation:        0.677s
    Actual computation:                  0.620s
Time for strengthen operator:            0.009s
  Time for satisfiability checks:        0.000s
Time for prec operator:                  0.621s
  Time for abstraction:                  0.545s (Max:     0.044s, Count: 435)
    Boolean abstraction:                 0.127s
    Solving time:                        0.138s (Max:     0.018s)
    Model enumeration time:              0.034s
    Time for BDD construction:           0.004s (Max:     0.001s)
Time for merge operator:                 0.187s
Time for coverage check:                 0.012s
  Time for BDD entailment checks:        0.011s
Total time for SMT solver (w/o itp):     0.172s

Number of BDD nodes:                               205
Size of BDD node table:                            466043
Size of BDD cache:                                 46619
Size of BDD node cleanup queue:                          22 (count: 4069, min: 0, max: 21, avg: 0.01)
Time for BDD node cleanup:                             0.000s
Time for BDD garbage collection:                       0.000s (in 0 runs)

PrecisionBootstrap statistics
-----------------------------
Init. function predicates:                         0
Init. global predicates:                           0
Init. location predicates:                         0

----------------------

AutomatonAnalysis (SVCOMP) statistics
-------------------------------------
Number of states:                                  1
Total time for successor computation:                  0.025s
Automaton transfers with branching:                0
Automaton transfer successors:                         4065 (count: 4065, min: 1, max: 1, avg: 1.00) [1 x 4065]

CPA algorithm statistics
------------------------
Number of iterations:            3587
Max size of waitlist:            27
Average size of waitlist:        10
Number of computed successors:   4065
Max successors for one state:    2
Number of times merged:          378
Number of times stopped:         457
Number of times abs stopped:     79
Number of times nonAbs stopped:  0
Number of times doAbstraction node:  435
Number of times breaked:         5

Total time for CPA algorithm:         2.174s (Max:     0.736s)
CPU time for CPA algorithm:           4.260s
  Time for choose from waitlist:      0.013s
  Time for precision adjustment:      0.654s
  Time for transfer relation:         1.092s
  Time for merge operator:            0.221s
  Time for stop operator:             0.039s
  Time for adding to reached set:     0.030s

Predicate-Abstraction Refiner statistics
----------------------------------------
Avg. length of target path (in blocks):                 114 (count: 5, min: 12, max: 37, avg: 22.80)
Number of infeasible sliced prefixes:                     0 (count: 0, min: 0, max: 0, avg: 0.00)

Time for refinement:                                   0.588s
  Counterexample analysis:                0.548s (Max:     0.204s, Calls: 5)
    Refinement sat check:                 0.213s
    Interpolant computation:              0.000s
  Error path post-processing:                          0.000s
  Path-formulas extraction:                            0.000s
  Building the counterexample trace:                   0.548s
  Extracting precise counterexample:                   0.000s
  Extracting infeasible sliced prefixes:               0.000s
  Selecting infeasible sliced prefixes:                0.000s
  Predicate creation:                                  0.003s
  Precision update:                                    0.007s
  ARG update:                                          0.019s

Length of refined path (in blocks):                      97 (count: 5, min: 11, max: 36, avg: 19.40)
Number of affected states:                               79 (count: 5, min: 1, max: 35, avg: 15.80)
Length (states) of path with itp 'true':                 13 (count: 5, min: 0, max: 13, avg: 2.60)
Length (states) of path with itp non-trivial itp:        79 (count: 5, min: 1, max: 35, avg: 15.80)
Length (states) of path with itp 'false':                 5 (count: 5, min: 1, max: 1, avg: 1.00)
Different non-trivial interpolants along paths:           0 (count: 5, min: 0, max: 0, avg: 0.00)
Equal non-trivial interpolants along paths:              74 (count: 5, min: 0, max: 34, avg: 14.80)
Different precisions along paths:                         0 (count: 0, min: 0, max: 0, avg: 0.00)
Equal precisions along paths:                             0 (count: 0, min: 0, max: 0, avg: 0.00)
Number of refs with location-based cutoff:                0

CEGAR algorithm statistics
--------------------------
Number of refinements:                5
Lazy expansion status:                false
Expansion times:                      0
Total path lengths:                   3000
SP times:                             0
Number of added holes:                0
Number of successful refinements:     5
Number of failed refinements:         0
Max. size of reached set before ref.: 1122
Max. size of reached set after ref.:  655
Avg. size of reached set before ref.: 1042.20
Avg. size of reached set after ref.:  487.80

Total time for CEGAR algorithm:       2.785s
CPU time for CEGAR algorithm:         5.460s
Time for refinements:                 0.609s
CPU time for refinements:             1.200s
Average time for refinement:          0.121s
Max time for refinement:              0.235s
First time for refinement:             0.362s
Last time for refinement:              0.111s
Average time for analysis:          0.362s
Number of analysis:                6

Counterexample-Check Algorithm statistics
-----------------------------------------
Number of counterexample checks:    0

Code Coverage
-----------------------------
  Visited lines:          1911
  Total lines:            5
  Line coverage:          382.200

CPAchecker general statistics
-----------------------------
Number of program locations:     1084
Number of CFA edges:             1183
Number of relevant variables:    147
Number of functions:             32
Number of loops:                 5
Size of reached set:             824
  Number of reached locations:   753 (69%)
    Avg states per location:     1
    Max states per location:     3 (at node N386)
  Number of reached functions:   17 (53%)
  Number of partitions:          823
    Avg size of partitions:      1
    Max size of partitions:      2 (with key [N447 (before /work/ldvuser/novikov/work/current--X--drivers/mtd/mtdoops.ko--X--defaultlinux--X--08_1a--X--cpachecker/linux/csd_deg_dscv/11/dscv_tempdir/dscv/ri/08_1a/drivers/mtd/mtdoops.c.prepared, line 263), Function find_next_position called from node N580, stack depth 3 [48a0c8aa], stack [ldv_main0_sequence_infinite_withcheck_stateful, mtdoops_notify_add, find_next_position], Init])
  Number of target states:       0

Time for analysis setup:                   1.570s
  Time for loading CPAs:                   0.364s
  Time for impacted traverse:              0.002s
  Time for loading parser:        0.031s
  Time for CFA construction:      1.093s
    Time for parsing file(s):     0.337s
    Time for AST to CFA:          0.361s
    Time for CFA sanity check:    0.000s
    Time for post-processing:     0.233s
      Time for var class.:        0.000s
Time for Analysis:                         2.786s
CPU time for analysis:      5.470s

Time for Garbage Collector:       0.168s (in 6 runs)
Garbage Collector(s) used:    PS MarkSweep, PS Scavenge
Used heap memory:                141MB (   134 MiB) max;     52MB (    49 MiB) avg;    158MB (   150 MiB) peak
Used non-heap memory:             35MB (    33 MiB) max;     27MB (    26 MiB) avg;     37MB (    35 MiB) peak
Used in PS Old Gen pool:          23MB (    22 MiB) max;     11MB (    10 MiB) avg;     23MB (    22 MiB) peak
Allocated heap memory:           270MB (   258 MiB) max;    193MB (   184 MiB) avg
Allocated non-heap memory:        37MB (    35 MiB) max;     28MB (    27 MiB) avg
Total process virtual memory:  13240MB ( 12627 MiB) max;  13236MB ( 12623 MiB) avg

Verification result: TRUE. No property violation found by chosen configuration.
More details about the verification run can be found in the directory "/home/yqs17/blazer/cpachecker-inc-pred/output-ori-final/flat/drivers--mtd--mtdoops.ko.024.a1452a3.08_1a.cil_safe.i".
