scripts/cpa.sh -heap 10000M -predicateAnalysis-ABEl-debug -setprop cpa.predicate.refinement.performInitialStaticRefinement=false -disable-java-assertions -outputpath /home/yqs17/blazer/cpachecker-inc-pred/output-ori-final/flat/drivers--isdn--mISDN--mISDN_core.ko.039.5a0e3ad.39_7a.cil_safe.i -stats -spec /home/yqs17/blazer/cpachecker-inc-pred/LDVErrorLabel.spc -entryfunction ldv_main0_sequence_infinite_withcheck_stateful /home/yqs17/blazer/cpachecker-inc-pred/programs-flat/drivers--isdn--mISDN--mISDN_core.ko.039.5a0e3ad.39_7a.cil_safe.i


--------------------------------------------------------------------------------


Running CPAchecker with Java heap of size 10000M.
Running CPAchecker with the following extra VM options:  -Djava.io.tmpdir=/tmp/BenchExec_run_s9bujkfw/tmp
PredicateCPA statistics
-----------------------
Read Precision Time:                0.000s
Precision file size:                0
Write Precision Time:               0.002s
Number of abstractions:            8846 (22% of all post computations)
  Times abstraction was reused:    0
  Because of function entry/exit:  7955 (90%)
  Because of loop head:            891 (10%)
  Because of join nodes:           0 (0%)
  Because of threshold:            0 (0%)
  Times precision was empty:       469 (5%)
  Times precision was {false}:     96 (1%)
  Times result was cached:         7176 (81%)
  Times cartesian abs was used:    0 (0%)
  Times boolean abs was used:      1105 (12%)
  Times result was 'false':        605 (7%)
Number of strengthen sat checks:   44
  Times result was 'false':        0 (0%)
Number of coverage checks:         3582
  BDD entailment checks:           1368
Number of SMT sat checks:          44
  trivial:                         44
  cached:                          0

Max ABE block size:                       68
Number of predicates discovered:          12
Number of abstraction locations:          0
Max number of predicates per location:    0
Avg number of predicates per location:    0
Total predicates per abstraction:         6926
Max number of predicates per abstraction: 11
Avg number of predicates per abstraction: 5.77
Number of irrelevant predicates:          326 (5%)
Number of preds handled by boolean abs:   6600 (95%)
  Total number of models for allsat:      1105
  Max number of models for allsat:        1
  Avg number of models for allsat:        1.00

Number of path formula cache hits:   46790 (95%)

Time for post operator:                  3.739s
  Time for path formula creation:        2.109s
    Actual computation:                  1.223s
Time for strengthen operator:            0.053s
  Time for satisfiability checks:        0.000s
Time for prec operator:                  3.381s
  Time for abstraction:                  2.876s (Max:     0.017s, Count: 8846)
    Boolean abstraction:                 0.697s
    Solving time:                        0.227s (Max:     0.008s)
    Model enumeration time:              0.026s
    Time for BDD construction:           0.032s (Max:     0.001s)
Time for merge operator:                 0.061s
Time for coverage check:                 0.013s
  Time for BDD entailment checks:        0.012s
Total time for SMT solver (w/o itp):     0.253s

Number of BDD nodes:                               382
Size of BDD node table:                            466043
Size of BDD cache:                                 46619
Size of BDD node cleanup queue:                        1384 (count: 64514, min: 0, max: 353, avg: 0.02)
Time for BDD node cleanup:                             0.009s
Time for BDD garbage collection:                       0.000s (in 0 runs)

PrecisionBootstrap statistics
-----------------------------
Init. function predicates:                         0
Init. global predicates:                           0
Init. location predicates:                         0

----------------------

AutomatonAnalysis (SVCOMP) statistics
-------------------------------------
Number of states:                                  1
Total time for successor computation:                  0.094s
Automaton transfers with branching:                0
Automaton transfer successors:                        40162 (count: 40162, min: 1, max: 1, avg: 1.00) [1 x 40162]

CPA algorithm statistics
------------------------
Number of iterations:            37390
Max size of waitlist:            12
Average size of waitlist:        4
Number of computed successors:   40162
Max successors for one state:    2
Number of times merged:          1107
Number of times stopped:         2017
Number of times abs stopped:     910
Number of times nonAbs stopped:  0
Number of times doAbstraction node:  8846
Number of times breaked:         44

Total time for CPA algorithm:         8.840s (Max:     1.707s)
CPU time for CPA algorithm:          16.360s
  Time for choose from waitlist:      0.036s
  Time for precision adjustment:      3.503s
  Time for transfer relation:         4.456s
  Time for merge operator:            0.134s
  Time for stop operator:             0.119s
  Time for adding to reached set:     0.119s

Predicate-Abstraction Refiner statistics
----------------------------------------
Avg. length of target path (in blocks):                3993 (count: 44, min: 88, max: 93, avg: 90.75)
Number of infeasible sliced prefixes:                     0 (count: 0, min: 0, max: 0, avg: 0.00)

Time for refinement:                                  14.218s
  Counterexample analysis:               13.929s (Max:     1.502s, Calls: 44)
    Refinement sat check:                 1.832s
    Interpolant computation:              0.000s
  Error path post-processing:                          0.000s
  Path-formulas extraction:                            0.001s
  Building the counterexample trace:                  13.930s
  Extracting precise counterexample:                   0.000s
  Extracting infeasible sliced prefixes:               0.000s
  Selecting infeasible sliced prefixes:                0.000s
  Predicate creation:                                  0.029s
  Precision update:                                    0.012s
  ARG update:                                          0.150s

Length of refined path (in blocks):                    3949 (count: 44, min: 87, max: 92, avg: 89.75)
Number of affected states:                             3861 (count: 44, min: 85, max: 90, avg: 87.75)
Length (states) of path with itp 'true':                 44 (count: 44, min: 1, max: 1, avg: 1.00)
Length (states) of path with itp non-trivial itp:      3861 (count: 44, min: 85, max: 90, avg: 87.75)
Length (states) of path with itp 'false':                44 (count: 44, min: 1, max: 1, avg: 1.00)
Different non-trivial interpolants along paths:           0 (count: 44, min: 0, max: 0, avg: 0.00)
Equal non-trivial interpolants along paths:            3817 (count: 44, min: 84, max: 89, avg: 86.75)
Different precisions along paths:                         0 (count: 0, min: 0, max: 0, avg: 0.00)
Equal precisions along paths:                             0 (count: 0, min: 0, max: 0, avg: 0.00)
Number of refs with location-based cutoff:                0

CEGAR algorithm statistics
--------------------------
Number of refinements:                44
Lazy expansion status:                false
Expansion times:                      0
Total path lengths:                   80377
SP times:                             0
Number of added holes:                0
Number of successful refinements:     44
Number of failed refinements:         0
Max. size of reached set before ref.: 2359
Max. size of reached set after ref.:  1456
Avg. size of reached set before ref.: 2261.30
Avg. size of reached set after ref.:  1456.00

Total time for CEGAR algorithm:      23.217s
CPU time for CEGAR algorithm:        40.660s
Time for refinements:                14.373s
CPU time for refinements:            24.280s
Average time for refinement:          0.326s
Max time for refinement:              1.554s
First time for refinement:             0.196s
Last time for refinement:              0.093s
Average time for analysis:          0.196s
Number of analysis:                45

Counterexample-Check Algorithm statistics
-----------------------------------------
Number of counterexample checks:    0

Code Coverage
-----------------------------
  Visited lines:          4563
  Total lines:            4
  Line coverage:          1140.750

CPAchecker general statistics
-----------------------------
Number of program locations:     19109
Number of CFA edges:             29925
Number of relevant variables:    2441
Number of functions:             511
Number of loops:                 51
Size of reached set:             2108
  Number of reached locations:   1798 (9%)
    Avg states per location:     1
    Max states per location:     11 (at node N802)
  Number of reached functions:   29 (6%)
  Number of partitions:          2108
    Avg size of partitions:      1
    Max size of partitions:      1
  Number of target states:       0

Time for analysis setup:                   4.707s
  Time for loading CPAs:                   0.628s
  Time for impacted traverse:              0.003s
  Time for loading parser:        0.035s
  Time for CFA construction:      3.963s
    Time for parsing file(s):     0.700s
    Time for AST to CFA:          1.330s
    Time for CFA sanity check:    0.000s
    Time for post-processing:     1.596s
      Time for var class.:        0.000s
Time for Analysis:                        23.219s
CPU time for analysis:     40.660s

Time for Garbage Collector:       0.775s (in 21 runs)
Garbage Collector(s) used:    PS MarkSweep, PS Scavenge
Used heap memory:                958MB (   914 MiB) max;    329MB (   314 MiB) avg;    985MB (   939 MiB) peak
Used non-heap memory:             42MB (    40 MiB) max;     35MB (    34 MiB) avg;     44MB (    42 MiB) peak
Used in PS Old Gen pool:          48MB (    46 MiB) max;     43MB (    41 MiB) avg;     49MB (    47 MiB) peak
Allocated heap memory:          1105MB (  1054 MiB) max;    695MB (   663 MiB) avg
Allocated non-heap memory:        45MB (    43 MiB) max;     38MB (    36 MiB) avg
Total process virtual memory:  13240MB ( 12627 MiB) max;  13238MB ( 12625 MiB) avg

Verification result: TRUE. No property violation found by chosen configuration.
More details about the verification run can be found in the directory "/home/yqs17/blazer/cpachecker-inc-pred/output-ori-final/flat/drivers--isdn--mISDN--mISDN_core.ko.039.5a0e3ad.39_7a.cil_safe.i".
