scripts/cpa.sh -heap 10000M -predicateAnalysis-ABEl-debug -setprop cpa.predicate.refinement.performInitialStaticRefinement=false -disable-java-assertions -outputpath /home/yqs17/blazer/cpachecker-inc-pred/output-ori-final/flat/drivers--net--usb--catc.ko.021.afc4b13.32_7a.cil_safe.i -stats -spec /home/yqs17/blazer/cpachecker-inc-pred/LDVErrorLabel.spc -entryfunction ldv_main0_sequence_infinite_withcheck_stateful /home/yqs17/blazer/cpachecker-inc-pred/programs-flat/drivers--net--usb--catc.ko.021.afc4b13.32_7a.cil_safe.i


--------------------------------------------------------------------------------


Running CPAchecker with Java heap of size 10000M.
Running CPAchecker with the following extra VM options:  -Djava.io.tmpdir=/tmp/BenchExec_run_s2xbh8d4/tmp
PredicateCPA statistics
-----------------------
Read Precision Time:                0.000s
Precision file size:                0
Write Precision Time:               0.002s
Number of abstractions:            70649 (16% of all post computations)
  Times abstraction was reused:    0
  Because of function entry/exit:  68436 (97%)
  Because of loop head:            2213 (3%)
  Because of join nodes:           0 (0%)
  Because of threshold:            0 (0%)
  Times precision was empty:       9465 (13%)
  Times precision was {false}:     1463 (2%)
  Times result was cached:         56148 (79%)
  Times cartesian abs was used:    0 (0%)
  Times boolean abs was used:      3573 (5%)
  Times result was 'false':        1448 (2%)
Number of strengthen sat checks:   42
  Times result was 'false':        0 (0%)
Number of coverage checks:         60745
  BDD entailment checks:           16315
Number of SMT sat checks:          42
  trivial:                         42
  cached:                          0

Max ABE block size:                       25
Number of predicates discovered:          12
Number of abstraction locations:          0
Max number of predicates per location:    0
Avg number of predicates per location:    0
Total predicates per abstraction:         13576
Max number of predicates per abstraction: 9
Avg number of predicates per abstraction: 2.70
Number of irrelevant predicates:          7988 (59%)
Number of preds handled by boolean abs:   5588 (41%)
  Total number of models for allsat:      3790
  Max number of models for allsat:        6
  Avg number of models for allsat:        1.06

Number of path formula cache hits:   438057 (85%)

Time for post operator:                 14.043s
  Time for path formula creation:        7.432s
    Actual computation:                  5.706s
Time for strengthen operator:            0.348s
  Time for satisfiability checks:        0.000s
Time for prec operator:                 11.764s
  Time for abstraction:                  9.073s (Max:     0.075s, Count: 70649)
    Boolean abstraction:                 1.019s
    Solving time:                        0.616s (Max:     0.005s)
    Model enumeration time:              0.083s
    Time for BDD construction:           0.071s (Max:     0.005s)
Time for merge operator:                 0.633s
Time for coverage check:                 0.070s
  Time for BDD entailment checks:        0.051s
Total time for SMT solver (w/o itp):     0.699s

Number of BDD nodes:                               803
Size of BDD node table:                            466043
Size of BDD cache:                                 46619
Size of BDD node cleanup queue:                        2833 (count: 55948, min: 0, max: 648, avg: 0.05)
Time for BDD node cleanup:                             0.012s
Time for BDD garbage collection:                       0.000s (in 0 runs)

PrecisionBootstrap statistics
-----------------------------
Init. function predicates:                         0
Init. global predicates:                           0
Init. location predicates:                         0

----------------------

AutomatonAnalysis (SVCOMP) statistics
-------------------------------------
Number of states:                                  1
Total time for successor computation:                  0.269s
Automaton transfers with branching:                0
Automaton transfer successors:                       439744 (count: 439744, min: 1, max: 1, avg: 1.00) [1 x 439744]

CPA algorithm statistics
------------------------
Number of iterations:            405465
Max size of waitlist:            45
Average size of waitlist:        25
Number of computed successors:   439744
Max successors for one state:    2
Number of times merged:          22215
Number of times stopped:         32772
Number of times abs stopped:     10557
Number of times nonAbs stopped:  0
Number of times doAbstraction node:  70649
Number of times breaked:         42

Total time for CPA algorithm:        34.333s (Max:     2.538s)
CPU time for CPA algorithm:          64.680s
  Time for choose from waitlist:      0.223s
  Time for precision adjustment:     12.463s
  Time for transfer relation:        17.653s
  Time for merge operator:            1.048s
  Time for stop operator:             0.631s
  Time for adding to reached set:     0.864s

Predicate-Abstraction Refiner statistics
----------------------------------------
Avg. length of target path (in blocks):                1757 (count: 42, min: 12, max: 117, avg: 41.83)
Number of infeasible sliced prefixes:                     0 (count: 0, min: 0, max: 0, avg: 0.00)

Time for refinement:                                   3.939s
  Counterexample analysis:                2.467s (Max:     0.314s, Calls: 42)
    Refinement sat check:                 0.383s
    Interpolant computation:              0.000s
  Error path post-processing:                          0.000s
  Path-formulas extraction:                            0.005s
  Building the counterexample trace:                   2.467s
  Extracting precise counterexample:                   0.000s
  Extracting infeasible sliced prefixes:               0.000s
  Selecting infeasible sliced prefixes:                0.000s
  Predicate creation:                                  0.021s
  Precision update:                                    0.012s
  ARG update:                                          1.370s

Length of refined path (in blocks):                    1375 (count: 42, min: 8, max: 101, avg: 32.74)
Number of affected states:                             1115 (count: 42, min: 1, max: 99, avg: 26.55)
Length (states) of path with itp 'true':                218 (count: 42, min: 0, max: 56, avg: 5.19)
Length (states) of path with itp non-trivial itp:      1115 (count: 42, min: 1, max: 99, avg: 26.55)
Length (states) of path with itp 'false':                42 (count: 42, min: 1, max: 1, avg: 1.00)
Different non-trivial interpolants along paths:           2 (count: 42, min: 0, max: 2, avg: 0.05)
Equal non-trivial interpolants along paths:            1071 (count: 42, min: 0, max: 98, avg: 25.50)
Different precisions along paths:                         0 (count: 0, min: 0, max: 0, avg: 0.00)
Equal precisions along paths:                             0 (count: 0, min: 0, max: 0, avg: 0.00)
Number of refs with location-based cutoff:                0

CEGAR algorithm statistics
--------------------------
Number of refinements:                42
Lazy expansion status:                false
Expansion times:                      0
Total path lengths:                   44054
SP times:                             0
Number of added holes:                0
Number of successful refinements:     42
Number of failed refinements:         0
Max. size of reached set before ref.: 32419
Max. size of reached set after ref.:  14065
Avg. size of reached set before ref.: 10945.02
Avg. size of reached set after ref.:  1686.05

Total time for CEGAR algorithm:      38.385s
CPU time for CEGAR algorithm:        72.600s
Time for refinements:                 4.048s
CPU time for refinements:             7.910s
Average time for refinement:          0.096s
Max time for refinement:              0.348s
First time for refinement:             0.798s
Last time for refinement:              0.574s
Average time for analysis:          0.798s
Number of analysis:                43

Counterexample-Check Algorithm statistics
-----------------------------------------
Number of counterexample checks:    0

Code Coverage
-----------------------------
  Visited lines:          4536
  Total lines:            4
  Line coverage:          1134.000

CPAchecker general statistics
-----------------------------
Number of program locations:     2063
Number of CFA edges:             2383
Number of relevant variables:    292
Number of functions:             71
Number of loops:                 6
Size of reached set:             16648
  Number of reached locations:   1635 (79%)
    Avg states per location:     10
    Max states per location:     354 (at node N239)
  Number of reached functions:   45 (63%)
  Number of partitions:          16610
    Avg size of partitions:      1
    Max size of partitions:      6 (with key [N1224 (before /work/ldvuser/novikov/work/current--X--drivers/net/usb/catc.ko--X--defaultlinux--X--32_7a--X--cpachecker/linux/csd_deg_dscv/11/dscv_tempdir/dscv/ri/32_7a/drivers/net/usb/catc.c.prepared, line 1418), Function ldv_main0_sequence_infinite_withcheck_stateful called from node N1105, stack depth 1 [4159e81b], stack [ldv_main0_sequence_infinite_withcheck_stateful], Init])
  Number of target states:       0

Time for analysis setup:                   2.112s
  Time for loading CPAs:                   0.439s
  Time for impacted traverse:              0.001s
  Time for loading parser:        0.033s
  Time for CFA construction:      1.556s
    Time for parsing file(s):     0.475s
    Time for AST to CFA:          0.557s
    Time for CFA sanity check:    0.002s
    Time for post-processing:     0.345s
      Time for var class.:        0.000s
Time for Analysis:                        38.409s
CPU time for analysis:     72.630s

Time for Garbage Collector:       1.279s (in 26 runs)
Garbage Collector(s) used:    PS MarkSweep, PS Scavenge
Used heap memory:               1698MB (  1619 MiB) max;    444MB (   423 MiB) avg;   1745MB (  1665 MiB) peak
Used non-heap memory:             43MB (    41 MiB) max;     38MB (    36 MiB) avg;     45MB (    43 MiB) peak
Used in PS Old Gen pool:          51MB (    49 MiB) max;     32MB (    30 MiB) avg;     51MB (    49 MiB) peak
Allocated heap memory:          1803MB (  1719 MiB) max;    951MB (   907 MiB) avg
Allocated non-heap memory:        46MB (    44 MiB) max;     41MB (    39 MiB) avg
Total process virtual memory:  13243MB ( 12629 MiB) max;  13239MB ( 12626 MiB) avg

Verification result: TRUE. No property violation found by chosen configuration.
More details about the verification run can be found in the directory "/home/yqs17/blazer/cpachecker-inc-pred/output-ori-final/flat/drivers--net--usb--catc.ko.021.afc4b13.32_7a.cil_safe.i".
