scripts/cpa.sh -heap 10000M -predicateAnalysis-ABEl-debug -setprop cpa.predicate.refinement.performInitialStaticRefinement=false -disable-java-assertions -outputpath /home/yqs17/blazer/cpachecker-inc-pred/output-ori-final/flat/drivers--scsi--pcmcia--sym53c500_cs.ko.029.0e6f9d2.08_1a.cil_safe.i -stats -spec /home/yqs17/blazer/cpachecker-inc-pred/LDVErrorLabel.spc -entryfunction ldv_main0_sequence_infinite_withcheck_stateful /home/yqs17/blazer/cpachecker-inc-pred/programs-flat/drivers--scsi--pcmcia--sym53c500_cs.ko.029.0e6f9d2.08_1a.cil_safe.i


--------------------------------------------------------------------------------


Running CPAchecker with Java heap of size 10000M.
Running CPAchecker with the following extra VM options:  -Djava.io.tmpdir=/tmp/BenchExec_run_jb0lvcwk/tmp
PredicateCPA statistics
-----------------------
Read Precision Time:                0.000s
Precision file size:                0
Write Precision Time:               0.005s
Number of abstractions:            11821 (24% of all post computations)
  Times abstraction was reused:    0
  Because of function entry/exit:  11026 (93%)
  Because of loop head:            795 (7%)
  Because of join nodes:           0 (0%)
  Because of threshold:            0 (0%)
  Times precision was empty:       2419 (20%)
  Times precision was {false}:     405 (3%)
  Times result was cached:         8875 (75%)
  Times cartesian abs was used:    0 (0%)
  Times boolean abs was used:      122 (1%)
  Times result was 'false':        17 (0%)
Number of strengthen sat checks:   16
  Times result was 'false':        0 (0%)
Number of coverage checks:         5102
  BDD entailment checks:           1482
Number of SMT sat checks:          16
  trivial:                         16
  cached:                          0

Max ABE block size:                       31
Number of predicates discovered:          2
Number of abstraction locations:          0
Max number of predicates per location:    0
Avg number of predicates per location:    0
Total predicates per abstraction:         527
Max number of predicates per abstraction: 1
Avg number of predicates per abstraction: 1.00
Number of irrelevant predicates:          405 (77%)
Number of preds handled by boolean abs:   122 (23%)
  Total number of models for allsat:      122
  Max number of models for allsat:        1
  Avg number of models for allsat:        1.00

Number of path formula cache hits:   41932 (70%)

Time for post operator:                  2.453s
  Time for path formula creation:        1.795s
    Actual computation:                  1.551s
Time for strengthen operator:            0.062s
  Time for satisfiability checks:        0.000s
Time for prec operator:                  1.929s
  Time for abstraction:                  1.469s (Max:     0.033s, Count: 11821)
    Boolean abstraction:                 0.084s
    Solving time:                        0.183s (Max:     0.009s)
    Model enumeration time:              0.004s
    Time for BDD construction:           0.006s (Max:     0.001s)
Time for merge operator:                 0.306s
Time for coverage check:                 0.019s
  Time for BDD entailment checks:        0.018s
Total time for SMT solver (w/o itp):     0.187s

Number of BDD nodes:                               202
Size of BDD node table:                            466043
Size of BDD cache:                                 46619
Size of BDD node cleanup queue:                         115 (count: 11086, min: 0, max: 42, avg: 0.01)
Time for BDD node cleanup:                             0.001s
Time for BDD garbage collection:                       0.000s (in 0 runs)

PrecisionBootstrap statistics
-----------------------------
Init. function predicates:                         0
Init. global predicates:                           0
Init. location predicates:                         0

----------------------

AutomatonAnalysis (SVCOMP) statistics
-------------------------------------
Number of states:                                  1
Total time for successor computation:                  0.102s
Automaton transfers with branching:                0
Automaton transfer successors:                        49194 (count: 49194, min: 1, max: 1, avg: 1.00) [1 x 49194]

CPA algorithm statistics
------------------------
Number of iterations:            46212
Max size of waitlist:            42
Average size of waitlist:        20
Number of computed successors:   49194
Max successors for one state:    2
Number of times merged:          1810
Number of times stopped:         2919
Number of times abs stopped:     1109
Number of times nonAbs stopped:  0
Number of times doAbstraction node:  11821
Number of times breaked:         16

Total time for CPA algorithm:         7.118s (Max:     1.159s)
CPU time for CPA algorithm:          14.070s
  Time for choose from waitlist:      0.083s
  Time for precision adjustment:      2.179s
  Time for transfer relation:         3.500s
  Time for merge operator:            0.404s
  Time for stop operator:             0.174s
  Time for adding to reached set:     0.185s

Predicate-Abstraction Refiner statistics
----------------------------------------
Avg. length of target path (in blocks):                 582 (count: 16, min: 8, max: 71, avg: 36.38)
Number of infeasible sliced prefixes:                     0 (count: 0, min: 0, max: 0, avg: 0.00)

Time for refinement:                                   1.184s
  Counterexample analysis:                0.935s (Max:     0.312s, Calls: 16)
    Refinement sat check:                 0.305s
    Interpolant computation:              0.000s
  Error path post-processing:                          0.000s
  Path-formulas extraction:                            0.001s
  Building the counterexample trace:                   0.935s
  Extracting precise counterexample:                   0.000s
  Extracting infeasible sliced prefixes:               0.000s
  Selecting infeasible sliced prefixes:                0.000s
  Predicate creation:                                  0.010s
  Precision update:                                    0.010s
  ARG update:                                          0.204s

Length of refined path (in blocks):                     566 (count: 16, min: 7, max: 70, avg: 35.38)
Number of affected states:                              550 (count: 16, min: 6, max: 69, avg: 34.38)
Length (states) of path with itp 'true':                  0 (count: 16, min: 0, max: 0, avg: 0.00)
Length (states) of path with itp non-trivial itp:       550 (count: 16, min: 6, max: 69, avg: 34.38)
Length (states) of path with itp 'false':                16 (count: 16, min: 1, max: 1, avg: 1.00)
Different non-trivial interpolants along paths:           0 (count: 16, min: 0, max: 0, avg: 0.00)
Equal non-trivial interpolants along paths:             534 (count: 16, min: 5, max: 68, avg: 33.38)
Different precisions along paths:                         0 (count: 0, min: 0, max: 0, avg: 0.00)
Equal precisions along paths:                             0 (count: 0, min: 0, max: 0, avg: 0.00)
Number of refs with location-based cutoff:                0

CEGAR algorithm statistics
--------------------------
Number of refinements:                16
Lazy expansion status:                false
Expansion times:                      0
Total path lengths:                   13830
SP times:                             0
Number of added holes:                0
Number of successful refinements:     16
Number of failed refinements:         0
Max. size of reached set before ref.: 3879
Max. size of reached set after ref.:  713
Avg. size of reached set before ref.: 3471.06
Avg. size of reached set after ref.:  713.00

Total time for CEGAR algorithm:       8.354s
CPU time for CEGAR algorithm:        16.530s
Time for refinements:                 1.235s
CPU time for refinements:             2.450s
Average time for refinement:          0.077s
Max time for refinement:              0.334s
First time for refinement:             0.418s
Last time for refinement:              0.071s
Average time for analysis:          0.418s
Number of analysis:                17

Counterexample-Check Algorithm statistics
-----------------------------------------
Number of counterexample checks:    0

Code Coverage
-----------------------------
  Visited lines:          4061
  Total lines:            10
  Line coverage:          406.100

CPAchecker general statistics
-----------------------------
Number of program locations:     1501
Number of CFA edges:             1764
Number of relevant variables:    173
Number of functions:             41
Number of loops:                 8
Size of reached set:             2130
  Number of reached locations:   1415 (94%)
    Avg states per location:     1
    Max states per location:     105 (at node N22)
  Number of reached functions:   32 (78%)
  Number of partitions:          2130
    Avg size of partitions:      1
    Max size of partitions:      1
  Number of target states:       0

Time for analysis setup:                   1.850s
  Time for loading CPAs:                   0.376s
  Time for impacted traverse:              0.003s
  Time for loading parser:        0.032s
  Time for CFA construction:      1.349s
    Time for parsing file(s):     0.392s
    Time for AST to CFA:          0.474s
    Time for CFA sanity check:    0.000s
    Time for post-processing:     0.324s
      Time for var class.:        0.000s
Time for Analysis:                         8.369s
CPU time for analysis:     16.560s

Time for Garbage Collector:       0.323s (in 10 runs)
Garbage Collector(s) used:    PS MarkSweep, PS Scavenge
Used heap memory:                379MB (   361 MiB) max;    122MB (   116 MiB) avg;    386MB (   368 MiB) peak
Used non-heap memory:             36MB (    34 MiB) max;     31MB (    30 MiB) avg;     39MB (    37 MiB) peak
Used in PS Old Gen pool:          30MB (    29 MiB) max;     22MB (    21 MiB) avg;     32MB (    30 MiB) peak
Allocated heap memory:           478MB (   456 MiB) max;    313MB (   298 MiB) avg
Allocated non-heap memory:        39MB (    37 MiB) max;     34MB (    32 MiB) avg
Total process virtual memory:  13242MB ( 12629 MiB) max;  13238MB ( 12625 MiB) avg

Verification result: TRUE. No property violation found by chosen configuration.
More details about the verification run can be found in the directory "/home/yqs17/blazer/cpachecker-inc-pred/output-ori-final/flat/drivers--scsi--pcmcia--sym53c500_cs.ko.029.0e6f9d2.08_1a.cil_safe.i".
