scripts/cpa.sh -heap 10000M -predicateAnalysis-ABEl-debug -setprop cpa.predicate.refinement.performInitialStaticRefinement=false -disable-java-assertions -outputpath /home/yqs17/blazer/cpachecker-inc-pred/output-ori-final/flat/drivers--scsi--pcmcia--sym53c500_cs.ko.030.498ac18.39_7a.cil_safe.i -stats -spec /home/yqs17/blazer/cpachecker-inc-pred/LDVErrorLabel.spc -entryfunction ldv_main0_sequence_infinite_withcheck_stateful /home/yqs17/blazer/cpachecker-inc-pred/programs-flat/drivers--scsi--pcmcia--sym53c500_cs.ko.030.498ac18.39_7a.cil_safe.i


--------------------------------------------------------------------------------


Running CPAchecker with Java heap of size 10000M.
Running CPAchecker with the following extra VM options:  -Djava.io.tmpdir=/tmp/BenchExec_run_upduuuk1/tmp
PredicateCPA statistics
-----------------------
Read Precision Time:                0.000s
Precision file size:                0
Write Precision Time:               0.005s
Number of abstractions:            227755 (25% of all post computations)
  Times abstraction was reused:    0
  Because of function entry/exit:  215045 (94%)
  Because of loop head:            12710 (6%)
  Because of join nodes:           0 (0%)
  Because of threshold:            0 (0%)
  Times precision was empty:       632 (0%)
  Times precision was {false}:     287 (0%)
  Times result was cached:         218904 (96%)
  Times cartesian abs was used:    0 (0%)
  Times boolean abs was used:      7932 (3%)
  Times result was 'false':        7165 (3%)
Number of strengthen sat checks:   142
  Times result was 'false':        0 (0%)
Number of coverage checks:         93297
  BDD entailment checks:           30947
Number of SMT sat checks:          142
  trivial:                         142
  cached:                          0

Max ABE block size:                       35
Number of predicates discovered:          14
Number of abstraction locations:          0
Max number of predicates per location:    0
Avg number of predicates per location:    0
Total predicates per abstraction:         60469
Max number of predicates per abstraction: 12
Avg number of predicates per abstraction: 7.36
Number of irrelevant predicates:          20606 (34%)
Number of preds handled by boolean abs:   39863 (66%)
  Total number of models for allsat:      8180
  Max number of models for allsat:        3
  Avg number of models for allsat:        1.03

Number of path formula cache hits:   1122625 (98%)

Time for post operator:                 30.029s
  Time for path formula creation:        3.721s
    Actual computation:                  1.701s
Time for strengthen operator:            0.650s
  Time for satisfiability checks:        0.002s
Time for prec operator:                 36.003s
  Time for abstraction:                 31.650s (Max:     0.030s, Count: 227755)
    Boolean abstraction:                 2.750s
    Solving time:                        0.990s (Max:     0.012s)
    Model enumeration time:              0.128s
    Time for BDD construction:           0.134s (Max:     0.012s)
Time for merge operator:                 0.390s
Time for coverage check:                 0.056s
  Time for BDD entailment checks:        0.044s
Total time for SMT solver (w/o itp):     1.118s

Number of BDD nodes:                               1536
Size of BDD node table:                            466043
Size of BDD cache:                                 46619
Size of BDD node cleanup queue:                        9232 (count: 74450, min: 0, max: 612, avg: 0.12)
Time for BDD node cleanup:                             0.016s
Time for BDD garbage collection:                       0.000s (in 0 runs)

PrecisionBootstrap statistics
-----------------------------
Init. function predicates:                         0
Init. global predicates:                           0
Init. location predicates:                         0

----------------------

AutomatonAnalysis (SVCOMP) statistics
-------------------------------------
Number of states:                                  1
Total time for successor computation:                  0.485s
Automaton transfers with branching:                0
Automaton transfer successors:                       898605 (count: 898605, min: 1, max: 1, avg: 1.00) [1 x 898605]

CPA algorithm statistics
------------------------
Number of iterations:            840412
Max size of waitlist:            47
Average size of waitlist:        25
Number of computed successors:   898605
Max successors for one state:    2
Number of times merged:          31175
Number of times stopped:         50265
Number of times abs stopped:     19090
Number of times nonAbs stopped:  0
Number of times doAbstraction node:  227755
Number of times breaked:         142

Total time for CPA algorithm:        81.667s (Max:     1.066s)
CPU time for CPA algorithm:         122.600s
  Time for choose from waitlist:      0.285s
  Time for precision adjustment:     37.079s
  Time for transfer relation:        38.470s
  Time for merge operator:            0.958s
  Time for stop operator:             1.193s
  Time for adding to reached set:     1.443s

Predicate-Abstraction Refiner statistics
----------------------------------------
Avg. length of target path (in blocks):                6086 (count: 142, min: 10, max: 86, avg: 42.86)
Number of infeasible sliced prefixes:                     0 (count: 0, min: 0, max: 0, avg: 0.00)

Time for refinement:                                   5.895s
  Counterexample analysis:                3.434s (Max:     0.129s, Calls: 142)
    Refinement sat check:                 0.496s
    Interpolant computation:              0.000s
  Error path post-processing:                          0.000s
  Path-formulas extraction:                            0.003s
  Building the counterexample trace:                   3.436s
  Extracting precise counterexample:                   0.000s
  Extracting infeasible sliced prefixes:               0.000s
  Selecting infeasible sliced prefixes:                0.000s
  Predicate creation:                                  0.035s
  Precision update:                                    0.044s
  ARG update:                                          2.274s

Length of refined path (in blocks):                    5868 (count: 142, min: 6, max: 80, avg: 41.32)
Number of affected states:                             5449 (count: 142, min: 2, max: 78, avg: 38.37)
Length (states) of path with itp 'true':                277 (count: 142, min: 0, max: 48, avg: 1.95)
Length (states) of path with itp non-trivial itp:      5449 (count: 142, min: 2, max: 78, avg: 38.37)
Length (states) of path with itp 'false':               142 (count: 142, min: 1, max: 1, avg: 1.00)
Different non-trivial interpolants along paths:           1 (count: 142, min: 0, max: 1, avg: 0.01)
Equal non-trivial interpolants along paths:            5306 (count: 142, min: 0, max: 77, avg: 37.37)
Different precisions along paths:                         0 (count: 0, min: 0, max: 0, avg: 0.00)
Equal precisions along paths:                             0 (count: 0, min: 0, max: 0, avg: 0.00)
Number of refs with location-based cutoff:                0

CEGAR algorithm statistics
--------------------------
Number of refinements:                142
Lazy expansion status:                false
Expansion times:                      0
Total path lengths:                   140617
SP times:                             0
Number of added holes:                0
Number of successful refinements:     142
Number of failed refinements:         0
Max. size of reached set before ref.: 9510
Max. size of reached set after ref.:  3760
Avg. size of reached set before ref.: 6763.68
Avg. size of reached set after ref.:  876.99

Total time for CEGAR algorithm:      87.813s
CPU time for CEGAR algorithm:       133.180s
Time for refinements:                 6.134s
CPU time for refinements:            10.550s
Average time for refinement:          0.043s
Max time for refinement:              0.144s
First time for refinement:             0.571s
Last time for refinement:              0.372s
Average time for analysis:          0.571s
Number of analysis:                143

Counterexample-Check Algorithm statistics
-----------------------------------------
Number of counterexample checks:    0

Code Coverage
-----------------------------
  Visited lines:          4100
  Total lines:            10
  Line coverage:          410.000

CPAchecker general statistics
-----------------------------
Number of program locations:     2307
Number of CFA edges:             2694
Number of relevant variables:    246
Number of functions:             125
Number of loops:                 8
Size of reached set:             5267
  Number of reached locations:   1570 (68%)
    Avg states per location:     3
    Max states per location:     315 (at node N22)
  Number of reached functions:   39 (31%)
  Number of partitions:          5263
    Avg size of partitions:      1
    Max size of partitions:      3 (with key [N858 (before /work/ldvuser/novikov/work/current--X--drivers/scsi/pcmcia/sym53c500_cs.ko--X--defaultlinux--X--39_7a--X--cpachecker/linux/csd_deg_dscv/11/dscv_tempdir/dscv/ri/39_7a/drivers/scsi/pcmcia/sym53c500_cs.c.prepared, line 2045), Function ldv_main0_sequence_infinite_withcheck_stateful called from node N757, stack depth 1 [1450078a], stack [ldv_main0_sequence_infinite_withcheck_stateful], Init])
  Number of target states:       0

Time for analysis setup:                   2.121s
  Time for loading CPAs:                   0.392s
  Time for impacted traverse:              0.002s
  Time for loading parser:        0.038s
  Time for CFA construction:      1.614s
    Time for parsing file(s):     0.517s
    Time for AST to CFA:          0.546s
    Time for CFA sanity check:    0.000s
    Time for post-processing:     0.377s
      Time for var class.:        0.000s
Time for Analysis:                        87.819s
CPU time for analysis:    133.190s

Time for Garbage Collector:       0.939s (in 41 runs)
Garbage Collector(s) used:    PS MarkSweep, PS Scavenge
Used heap memory:               3512MB (  3349 MiB) max;   1183MB (  1128 MiB) avg;   3512MB (  3349 MiB) peak
Used non-heap memory:             43MB (    41 MiB) max;     40MB (    38 MiB) avg;     45MB (    43 MiB) peak
Used in PS Old Gen pool:          33MB (    32 MiB) max;     30MB (    29 MiB) avg;     33MB (    32 MiB) peak
Allocated heap memory:          3567MB (  3402 MiB) max;   2349MB (  2240 MiB) avg
Allocated non-heap memory:        46MB (    44 MiB) max;     43MB (    41 MiB) avg
Total process virtual memory:  13243MB ( 12629 MiB) max;  13240MB ( 12626 MiB) avg

Verification result: TRUE. No property violation found by chosen configuration.
More details about the verification run can be found in the directory "/home/yqs17/blazer/cpachecker-inc-pred/output-ori-final/flat/drivers--scsi--pcmcia--sym53c500_cs.ko.030.498ac18.39_7a.cil_safe.i".
