scripts/cpa.sh -heap 10000M -predicateAnalysis-ABEl-debug -setprop cpa.predicate.refinement.performInitialStaticRefinement=false -disable-java-assertions -outputpath /home/yqs17/blazer/cpachecker-inc-pred/output-ori-final/flat/drivers--usb--serial--ssu100.ko.013.f7043ec.39_7a.cil_safe.i -stats -spec /home/yqs17/blazer/cpachecker-inc-pred/LDVErrorLabel.spc -entryfunction ldv_main0_sequence_infinite_withcheck_stateful /home/yqs17/blazer/cpachecker-inc-pred/programs-flat/drivers--usb--serial--ssu100.ko.013.f7043ec.39_7a.cil_safe.i


--------------------------------------------------------------------------------


Running CPAchecker with Java heap of size 10000M.
Running CPAchecker with the following extra VM options:  -Djava.io.tmpdir=/tmp/BenchExec_run_knyue326/tmp
PredicateCPA statistics
-----------------------
Read Precision Time:                0.000s
Precision file size:                0
Write Precision Time:               0.003s
Number of abstractions:            235847 (17% of all post computations)
  Times abstraction was reused:    0
  Because of function entry/exit:  223945 (95%)
  Because of loop head:            11902 (5%)
  Because of join nodes:           0 (0%)
  Because of threshold:            0 (0%)
  Times precision was empty:       873 (0%)
  Times precision was {false}:     682 (0%)
  Times result was cached:         212945 (90%)
  Times cartesian abs was used:    0 (0%)
  Times boolean abs was used:      21347 (9%)
  Times result was 'false':        11459 (5%)
Number of strengthen sat checks:   160
  Times result was 'false':        0 (0%)
Number of coverage checks:         262259
  BDD entailment checks:           64119
Number of SMT sat checks:          160
  trivial:                         160
  cached:                          0

Max ABE block size:                       36
Number of predicates discovered:          21
Number of abstraction locations:          0
Max number of predicates per location:    0
Avg number of predicates per location:    0
Total predicates per abstraction:         185989
Max number of predicates per abstraction: 16
Avg number of predicates per abstraction: 8.44
Number of irrelevant predicates:          54516 (29%)
Number of preds handled by boolean abs:   131473 (71%)
  Total number of models for allsat:      27548
  Max number of models for allsat:        6
  Avg number of models for allsat:        1.29

Number of path formula cache hits:   1587506 (95%)

Time for post operator:                 45.484s
  Time for path formula creation:        8.311s
    Actual computation:                  5.576s
Time for strengthen operator:            0.837s
  Time for satisfiability checks:        0.004s
Time for prec operator:                 48.760s
  Time for abstraction:                 42.205s (Max:     0.061s, Count: 235847)
    Boolean abstraction:                 7.378s
    Solving time:                        1.919s (Max:     0.014s)
    Model enumeration time:              0.537s
    Time for BDD construction:           0.241s (Max:     0.003s)
Time for merge operator:                 1.507s
Time for coverage check:                 0.117s
  Time for BDD entailment checks:        0.088s
Total time for SMT solver (w/o itp):     2.456s

Number of BDD nodes:                               7734
Size of BDD node table:                            466043
Size of BDD cache:                                 46619
Size of BDD node cleanup queue:                       30615 (count: 167638, min: 0, max: 4014, avg: 0.18)
Time for BDD node cleanup:                             0.032s
Time for BDD garbage collection:                       0.000s (in 0 runs)

PrecisionBootstrap statistics
-----------------------------
Init. function predicates:                         0
Init. global predicates:                           0
Init. location predicates:                         0

----------------------

AutomatonAnalysis (SVCOMP) statistics
-------------------------------------
Number of states:                                  1
Total time for successor computation:                  0.530s
  Time for transition matches:                         0.141s
  Time for transition assertions:                      0.001s
  Time for transition actions:                         0.004s
Automaton transfers with branching:                0
Automaton transfer successors:                      1366824 (count: 1366824, min: 1, max: 1, avg: 1.00) [1 x 1366824]

CPA algorithm statistics
------------------------
Number of iterations:            1219950
Max size of waitlist:            48
Average size of waitlist:        24
Number of computed successors:   1366824
Max successors for one state:    2
Number of times merged:          99070
Number of times stopped:         134048
Number of times abs stopped:     34978
Number of times nonAbs stopped:  0
Number of times doAbstraction node:  235847
Number of times breaked:         160

Total time for CPA algorithm:       112.277s (Max:     2.803s)
CPU time for CPA algorithm:         155.130s
  Time for choose from waitlist:      0.409s
  Time for precision adjustment:     50.165s
  Time for transfer relation:        53.026s
  Time for merge operator:            2.709s
  Time for stop operator:             1.428s
  Time for adding to reached set:     1.786s

Predicate-Abstraction Refiner statistics
----------------------------------------
Avg. length of target path (in blocks):                5073 (count: 160, min: 12, max: 90, avg: 31.71)
Number of infeasible sliced prefixes:                     0 (count: 0, min: 0, max: 0, avg: 0.00)

Time for refinement:                                   7.421s
  Counterexample analysis:                3.941s (Max:     0.146s, Calls: 160)
    Refinement sat check:                 0.632s
    Interpolant computation:              0.000s
  Error path post-processing:                          0.000s
  Path-formulas extraction:                            0.006s
  Building the counterexample trace:                   3.944s
  Extracting precise counterexample:                   0.000s
  Extracting infeasible sliced prefixes:               0.000s
  Selecting infeasible sliced prefixes:                0.000s
  Predicate creation:                                  0.027s
  Precision update:                                    0.043s
  ARG update:                                          3.275s

Length of refined path (in blocks):                    4574 (count: 160, min: 8, max: 78, avg: 28.59)
Number of affected states:                             4083 (count: 160, min: 3, max: 77, avg: 25.52)
Length (states) of path with itp 'true':                331 (count: 160, min: 0, max: 36, avg: 2.07)
Length (states) of path with itp non-trivial itp:      4083 (count: 160, min: 3, max: 77, avg: 25.52)
Length (states) of path with itp 'false':               160 (count: 160, min: 1, max: 1, avg: 1.00)
Different non-trivial interpolants along paths:          35 (count: 160, min: 0, max: 2, avg: 0.22)
Equal non-trivial interpolants along paths:            3888 (count: 160, min: 1, max: 74, avg: 24.30)
Different precisions along paths:                         0 (count: 0, min: 0, max: 0, avg: 0.00)
Equal precisions along paths:                             0 (count: 0, min: 0, max: 0, avg: 0.00)
Number of refs with location-based cutoff:                0

CEGAR algorithm statistics
--------------------------
Number of refinements:                160
Lazy expansion status:                false
Expansion times:                      0
Total path lengths:                   147912
SP times:                             0
Number of added holes:                0
Number of successful refinements:     160
Number of failed refinements:         0
Max. size of reached set before ref.: 15736
Max. size of reached set after ref.:  7459
Avg. size of reached set before ref.: 8444.51
Avg. size of reached set after ref.:  868.24

Total time for CEGAR algorithm:     119.940s
CPU time for CEGAR algorithm:       167.580s
Time for refinements:                 7.647s
CPU time for refinements:            12.430s
Average time for refinement:          0.047s
Max time for refinement:              0.172s
First time for refinement:             0.697s
Last time for refinement:              1.586s
Average time for analysis:          0.697s
Number of analysis:                161

Counterexample-Check Algorithm statistics
-----------------------------------------
Number of counterexample checks:    0

Code Coverage
-----------------------------
  Visited lines:          3797
  Total lines:            10
  Line coverage:          379.700

CPAchecker general statistics
-----------------------------
Number of program locations:     2544
Number of CFA edges:             2959
Number of relevant variables:    321
Number of functions:             125
Number of loops:                 6
Size of reached set:             9115
  Number of reached locations:   1781 (70%)
    Avg states per location:     5
    Max states per location:     109 (at node N331)
  Number of reached functions:   52 (42%)
  Number of partitions:          9091
    Avg size of partitions:      1
    Max size of partitions:      6 (with key [N1283 (before /work/ldvuser/novikov/work/current--X--drivers/usb/serial/ssu100.ko--X--defaultlinux--X--39_7a--X--cpachecker/linux/csd_deg_dscv/11/dscv_tempdir/dscv/ri/39_7a/drivers/usb/serial/ssu100.c.prepared, line 1755), Function ldv_main0_sequence_infinite_withcheck_stateful called from node N1183, stack depth 1 [441cc260], stack [ldv_main0_sequence_infinite_withcheck_stateful], Init])
  Number of target states:       0

Time for analysis setup:                   2.095s
  Time for loading CPAs:                   0.378s
  Time for impacted traverse:              0.002s
  Time for loading parser:        0.026s
  Time for CFA construction:      1.614s
    Time for parsing file(s):     0.463s
    Time for AST to CFA:          0.599s
    Time for CFA sanity check:    0.000s
    Time for post-processing:     0.368s
      Time for var class.:        0.000s
Time for Analysis:                       119.947s
CPU time for analysis:    167.590s

Time for Garbage Collector:       1.741s (in 50 runs)
Garbage Collector(s) used:    PS MarkSweep, PS Scavenge
Used heap memory:               3522MB (  3359 MiB) max;   1369MB (  1306 MiB) avg;   3531MB (  3367 MiB) peak
Used non-heap memory:             43MB (    41 MiB) max;     40MB (    38 MiB) avg;     45MB (    43 MiB) peak
Used in PS Old Gen pool:          56MB (    53 MiB) max;     44MB (    42 MiB) avg;     56MB (    53 MiB) peak
Allocated heap memory:          3558MB (  3393 MiB) max;   2719MB (  2593 MiB) avg
Allocated non-heap memory:        46MB (    44 MiB) max;     44MB (    42 MiB) avg
Total process virtual memory:  13243MB ( 12629 MiB) max;  13240MB ( 12626 MiB) avg

Verification result: TRUE. No property violation found by chosen configuration.
More details about the verification run can be found in the directory "/home/yqs17/blazer/cpachecker-inc-pred/output-ori-final/flat/drivers--usb--serial--ssu100.ko.013.f7043ec.39_7a.cil_safe.i".
