scripts/cpa.sh -heap 10000M -predicateAnalysis-ABEl-debug -setprop cpa.predicate.refinement.performInitialStaticRefinement=false -disable-java-assertions -outputpath /home/yqs17/blazer/cpachecker-inc-pred/output-ori-final/flat/drivers--usb--serial--metro-usb.ko.005.d4cbd6e.08_1a.cil_safe.i -stats -spec /home/yqs17/blazer/cpachecker-inc-pred/LDVErrorLabel.spc -entryfunction ldv_main0_sequence_infinite_withcheck_stateful /home/yqs17/blazer/cpachecker-inc-pred/programs-flat/drivers--usb--serial--metro-usb.ko.005.d4cbd6e.08_1a.cil_safe.i


--------------------------------------------------------------------------------


Running CPAchecker with Java heap of size 10000M.
Running CPAchecker with the following extra VM options:  -Djava.io.tmpdir=/tmp/BenchExec_run_ymqsw6th/tmp
PredicateCPA statistics
-----------------------
Read Precision Time:                0.000s
Precision file size:                0
Write Precision Time:               0.003s
Number of abstractions:            15258 (14% of all post computations)
  Times abstraction was reused:    0
  Because of function entry/exit:  13693 (90%)
  Because of loop head:            1565 (10%)
  Because of join nodes:           0 (0%)
  Because of threshold:            0 (0%)
  Times precision was empty:       959 (6%)
  Times precision was {false}:     849 (6%)
  Times result was cached:         10672 (70%)
  Times cartesian abs was used:    0 (0%)
  Times boolean abs was used:      2778 (18%)
  Times result was 'false':        289 (2%)
Number of strengthen sat checks:   35
  Times result was 'false':        0 (0%)
Number of coverage checks:         22922
  BDD entailment checks:           7248
Number of SMT sat checks:          35
  trivial:                         35
  cached:                          0

Max ABE block size:                       21
Number of predicates discovered:          8
Number of abstraction locations:          0
Max number of predicates per location:    0
Avg number of predicates per location:    0
Total predicates per abstraction:         11011
Max number of predicates per abstraction: 7
Avg number of predicates per abstraction: 3.04
Number of irrelevant predicates:          3291 (30%)
Number of preds handled by boolean abs:   7720 (70%)
  Total number of models for allsat:      3971
  Max number of models for allsat:        4
  Avg number of models for allsat:        1.43

Number of path formula cache hits:   78601 (64%)

Time for post operator:                  5.835s
  Time for path formula creation:        3.364s
    Actual computation:                  2.934s
Time for strengthen operator:            0.092s
  Time for satisfiability checks:        0.000s
Time for prec operator:                  6.007s
  Time for abstraction:                  5.192s (Max:     0.068s, Count: 15258)
    Boolean abstraction:                 1.251s
    Solving time:                        0.557s (Max:     0.007s)
    Model enumeration time:              0.183s
    Time for BDD construction:           0.071s (Max:     0.002s)
Time for merge operator:                 0.892s
Time for coverage check:                 0.031s
  Time for BDD entailment checks:        0.022s
Total time for SMT solver (w/o itp):     0.740s

Number of BDD nodes:                               448
Size of BDD node table:                            466043
Size of BDD cache:                                 46619
Size of BDD node cleanup queue:                        3069 (count: 26375, min: 0, max: 935, avg: 0.12)
Time for BDD node cleanup:                             0.008s
Time for BDD garbage collection:                       0.000s (in 0 runs)

PrecisionBootstrap statistics
-----------------------------
Init. function predicates:                         0
Init. global predicates:                           0
Init. location predicates:                         0

----------------------

AutomatonAnalysis (SVCOMP) statistics
-------------------------------------
Number of states:                                  1
Total time for successor computation:                  0.168s
Automaton transfers with branching:                0
Automaton transfer successors:                       108224 (count: 108224, min: 1, max: 1, avg: 1.00) [1 x 108224]

CPA algorithm statistics
------------------------
Number of iterations:            97526
Max size of waitlist:            37
Average size of waitlist:        19
Number of computed successors:   108224
Max successors for one state:    2
Number of times merged:          7837
Number of times stopped:         10266
Number of times abs stopped:     2429
Number of times nonAbs stopped:  0
Number of times doAbstraction node:  15258
Number of times breaked:         35

Total time for CPA algorithm:        16.188s (Max:     0.840s)
CPU time for CPA algorithm:          32.200s
  Time for choose from waitlist:      0.094s
  Time for precision adjustment:      6.310s
  Time for transfer relation:         7.254s
  Time for merge operator:            1.174s
  Time for stop operator:             0.258s
  Time for adding to reached set:     0.270s

Predicate-Abstraction Refiner statistics
----------------------------------------
Avg. length of target path (in blocks):                 684 (count: 35, min: 4, max: 34, avg: 19.54)
Number of infeasible sliced prefixes:                     0 (count: 0, min: 0, max: 0, avg: 0.00)

Time for refinement:                                   1.283s
  Counterexample analysis:                0.802s (Max:     0.054s, Calls: 35)
    Refinement sat check:                 0.187s
    Interpolant computation:              0.000s
  Error path post-processing:                          0.000s
  Path-formulas extraction:                            0.001s
  Building the counterexample trace:                   0.802s
  Extracting precise counterexample:                   0.000s
  Extracting infeasible sliced prefixes:               0.000s
  Selecting infeasible sliced prefixes:                0.000s
  Predicate creation:                                  0.006s
  Precision update:                                    0.013s
  ARG update:                                          0.422s

Length of refined path (in blocks):                     541 (count: 35, min: 2, max: 28, avg: 15.46)
Number of affected states:                              492 (count: 35, min: 1, max: 27, avg: 14.06)
Length (states) of path with itp 'true':                 14 (count: 35, min: 0, max: 14, avg: 0.40)
Length (states) of path with itp non-trivial itp:       492 (count: 35, min: 1, max: 27, avg: 14.06)
Length (states) of path with itp 'false':                35 (count: 35, min: 1, max: 1, avg: 1.00)
Different non-trivial interpolants along paths:          23 (count: 35, min: 0, max: 2, avg: 0.66)
Equal non-trivial interpolants along paths:             434 (count: 35, min: 0, max: 24, avg: 12.40)
Different precisions along paths:                         0 (count: 0, min: 0, max: 0, avg: 0.00)
Equal precisions along paths:                             0 (count: 0, min: 0, max: 0, avg: 0.00)
Number of refs with location-based cutoff:                0

CEGAR algorithm statistics
--------------------------
Number of refinements:                35
Lazy expansion status:                false
Expansion times:                      0
Total path lengths:                   26201
SP times:                             0
Number of added holes:                0
Number of successful refinements:     35
Number of failed refinements:         0
Max. size of reached set before ref.: 4476
Max. size of reached set after ref.:  2202
Avg. size of reached set before ref.: 3386.23
Avg. size of reached set after ref.:  672.97

Total time for CEGAR algorithm:      17.547s
CPU time for CEGAR algorithm:        34.920s
Time for refinements:                 1.359s
CPU time for refinements:             2.700s
Average time for refinement:          0.038s
Max time for refinement:              0.087s
First time for refinement:             0.449s
Last time for refinement:              0.246s
Average time for analysis:          0.449s
Number of analysis:                36

Counterexample-Check Algorithm statistics
-----------------------------------------
Number of counterexample checks:    0

Code Coverage
-----------------------------
  Visited lines:          3509
  Total lines:            10
  Line coverage:          350.900

CPAchecker general statistics
-----------------------------
Number of program locations:     1195
Number of CFA edges:             1327
Number of relevant variables:    142
Number of functions:             28
Number of loops:                 3
Size of reached set:             2706
  Number of reached locations:   1150 (96%)
    Avg states per location:     2
    Max states per location:     29 (at node N0)
  Number of reached functions:   21 (75%)
  Number of partitions:          2691
    Avg size of partitions:      1
    Max size of partitions:      4 (with key [N570 (before /work/ldvuser/novikov/work/current--X--drivers/usb/serial/metro-usb.ko--X--defaultlinux--X--08_1a--X--cpachecker/linux/csd_deg_dscv/11/dscv_tempdir/dscv/ri/08_1a/drivers/usb/serial/metro-usb.c.prepared, line 758), Function ldv_main0_sequence_infinite_withcheck_stateful called from node N482, stack depth 1 [18a3962d], stack [ldv_main0_sequence_infinite_withcheck_stateful], Init])
  Number of target states:       0

Time for analysis setup:                   1.682s
  Time for loading CPAs:                   0.357s
  Time for impacted traverse:              0.002s
  Time for loading parser:        0.034s
  Time for CFA construction:      1.221s
    Time for parsing file(s):     0.398s
    Time for AST to CFA:          0.410s
    Time for CFA sanity check:    0.000s
    Time for post-processing:     0.260s
      Time for var class.:        0.000s
Time for Analysis:                        17.551s
CPU time for analysis:     34.930s

Time for Garbage Collector:       0.655s (in 17 runs)
Garbage Collector(s) used:    PS MarkSweep, PS Scavenge
Used heap memory:                819MB (   781 MiB) max;    229MB (   218 MiB) avg;    827MB (   789 MiB) peak
Used non-heap memory:             40MB (    38 MiB) max;     34MB (    33 MiB) avg;     42MB (    40 MiB) peak
Used in PS Old Gen pool:          37MB (    35 MiB) max;     23MB (    22 MiB) avg;     37MB (    35 MiB) peak
Allocated heap memory:          1154MB (  1101 MiB) max;    520MB (   496 MiB) avg
Allocated non-heap memory:        43MB (    41 MiB) max;     37MB (    36 MiB) avg
Total process virtual memory:  13243MB ( 12629 MiB) max;  13239MB ( 12626 MiB) avg

Verification result: TRUE. No property violation found by chosen configuration.
More details about the verification run can be found in the directory "/home/yqs17/blazer/cpachecker-inc-pred/output-ori-final/flat/drivers--usb--serial--metro-usb.ko.005.d4cbd6e.08_1a.cil_safe.i".
