scripts/cpa.sh -heap 10000M -predicateAnalysis-ABEl-debug -setprop cpa.predicate.refinement.performInitialStaticRefinement=false -disable-java-assertions -outputpath /home/yqs17/blazer/cpachecker-inc-pred/output-ori-final/flat/drivers--video--matrox--i2c-matroxfb.ko.009.73b7d92.32_7a.cil_safe.i -stats -spec /home/yqs17/blazer/cpachecker-inc-pred/LDVErrorLabel.spc -entryfunction ldv_main0_sequence_infinite_withcheck_stateful /home/yqs17/blazer/cpachecker-inc-pred/programs-flat/drivers--video--matrox--i2c-matroxfb.ko.009.73b7d92.32_7a.cil_safe.i


--------------------------------------------------------------------------------


Running CPAchecker with Java heap of size 10000M.
Running CPAchecker with the following extra VM options:  -Djava.io.tmpdir=/tmp/BenchExec_run_zxnvc1bu/tmp
PredicateCPA statistics
-----------------------
Read Precision Time:                0.000s
Precision file size:                0
Write Precision Time:               0.003s
Number of abstractions:            1936 (18% of all post computations)
  Times abstraction was reused:    0
  Because of function entry/exit:  1835 (95%)
  Because of loop head:            101 (5%)
  Because of join nodes:           0 (0%)
  Because of threshold:            0 (0%)
  Times precision was empty:       598 (31%)
  Times precision was {false}:     75 (4%)
  Times result was cached:         1052 (54%)
  Times cartesian abs was used:    0 (0%)
  Times boolean abs was used:      211 (11%)
  Times result was 'false':        29 (1%)
Number of strengthen sat checks:   8
  Times result was 'false':        0 (0%)
Number of coverage checks:         1128
  BDD entailment checks:           446
Number of SMT sat checks:          8
  trivial:                         8
  cached:                          0

Max ABE block size:                       16
Number of predicates discovered:          5
Number of abstraction locations:          0
Max number of predicates per location:    0
Avg number of predicates per location:    0
Total predicates per abstraction:         452
Max number of predicates per abstraction: 4
Avg number of predicates per abstraction: 1.58
Number of irrelevant predicates:          135 (30%)
Number of preds handled by boolean abs:   317 (70%)
  Total number of models for allsat:      235
  Max number of models for allsat:        3
  Avg number of models for allsat:        1.11

Number of path formula cache hits:   8647 (70%)

Time for post operator:                  1.270s
  Time for path formula creation:        0.966s
    Actual computation:                  0.879s
Time for strengthen operator:            0.029s
  Time for satisfiability checks:        0.000s
Time for prec operator:                  1.138s
  Time for abstraction:                  0.941s (Max:     0.020s, Count: 1936)
    Boolean abstraction:                 0.192s
    Solving time:                        0.122s (Max:     0.006s)
    Model enumeration time:              0.013s
    Time for BDD construction:           0.010s (Max:     0.002s)
Time for merge operator:                 0.042s
Time for coverage check:                 0.016s
  Time for BDD entailment checks:        0.013s
Total time for SMT solver (w/o itp):     0.135s

Number of BDD nodes:                               244
Size of BDD node table:                            466043
Size of BDD cache:                                 46619
Size of BDD node cleanup queue:                         177 (count: 5512, min: 0, max: 83, avg: 0.03)
Time for BDD node cleanup:                             0.003s
Time for BDD garbage collection:                       0.000s (in 0 runs)

PrecisionBootstrap statistics
-----------------------------
Init. function predicates:                         0
Init. global predicates:                           0
Init. location predicates:                         0

----------------------

AutomatonAnalysis (SVCOMP) statistics
-------------------------------------
Number of states:                                  1
Total time for successor computation:                  0.050s
Automaton transfers with branching:                0
Automaton transfer successors:                        10730 (count: 10730, min: 1, max: 1, avg: 1.00) [1 x 10730]

CPA algorithm statistics
------------------------
Number of iterations:            10080
Max size of waitlist:            25
Average size of waitlist:        12
Number of computed successors:   10730
Max successors for one state:    2
Number of times merged:          341
Number of times stopped:         599
Number of times abs stopped:     258
Number of times nonAbs stopped:  0
Number of times doAbstraction node:  1936
Number of times breaked:         8

Total time for CPA algorithm:         3.469s (Max:     0.619s)
CPU time for CPA algorithm:           6.800s
  Time for choose from waitlist:      0.040s
  Time for precision adjustment:      1.226s
  Time for transfer relation:         1.714s
  Time for merge operator:            0.086s
  Time for stop operator:             0.058s
  Time for adding to reached set:     0.076s

Predicate-Abstraction Refiner statistics
----------------------------------------
Avg. length of target path (in blocks):                 184 (count: 8, min: 10, max: 50, avg: 23.00)
Number of infeasible sliced prefixes:                     0 (count: 0, min: 0, max: 0, avg: 0.00)

Time for refinement:                                   0.518s
  Counterexample analysis:                0.438s (Max:     0.121s, Calls: 8)
    Refinement sat check:                 0.137s
    Interpolant computation:              0.000s
  Error path post-processing:                          0.000s
  Path-formulas extraction:                            0.000s
  Building the counterexample trace:                   0.438s
  Extracting precise counterexample:                   0.000s
  Extracting infeasible sliced prefixes:               0.000s
  Selecting infeasible sliced prefixes:                0.000s
  Predicate creation:                                  0.004s
  Precision update:                                    0.005s
  ARG update:                                          0.056s

Length of refined path (in blocks):                     155 (count: 8, min: 6, max: 49, avg: 19.38)
Number of affected states:                              141 (count: 8, min: 5, max: 47, avg: 17.63)
Length (states) of path with itp 'true':                  6 (count: 8, min: 0, max: 1, avg: 0.75)
Length (states) of path with itp non-trivial itp:       141 (count: 8, min: 5, max: 47, avg: 17.63)
Length (states) of path with itp 'false':                 8 (count: 8, min: 1, max: 1, avg: 1.00)
Different non-trivial interpolants along paths:           2 (count: 8, min: 0, max: 2, avg: 0.25)
Equal non-trivial interpolants along paths:             131 (count: 8, min: 4, max: 46, avg: 16.38)
Different precisions along paths:                         0 (count: 0, min: 0, max: 0, avg: 0.00)
Equal precisions along paths:                             0 (count: 0, min: 0, max: 0, avg: 0.00)
Number of refs with location-based cutoff:                0

CEGAR algorithm statistics
--------------------------
Number of refinements:                8
Lazy expansion status:                false
Expansion times:                      0
Total path lengths:                   5856
SP times:                             0
Number of added holes:                0
Number of successful refinements:     8
Number of failed refinements:         0
Max. size of reached set before ref.: 2289
Max. size of reached set after ref.:  636
Avg. size of reached set before ref.: 1702.13
Avg. size of reached set after ref.:  635.00

Total time for CEGAR algorithm:       4.014s
CPU time for CEGAR algorithm:         7.880s
Time for refinements:                 0.544s
CPU time for refinements:             1.080s
Average time for refinement:          0.068s
Max time for refinement:              0.131s
First time for refinement:             0.385s
Last time for refinement:              0.252s
Average time for analysis:          0.385s
Number of analysis:                9

Counterexample-Check Algorithm statistics
-----------------------------------------
Number of counterexample checks:    0

Code Coverage
-----------------------------
  Visited lines:          3219
  Total lines:            5
  Line coverage:          643.800

CPAchecker general statistics
-----------------------------
Number of program locations:     973
Number of CFA edges:             1043
Number of relevant variables:    73
Number of functions:             34
Number of loops:                 1
Size of reached set:             1566
  Number of reached locations:   881 (91%)
    Avg states per location:     1
    Max states per location:     10 (at node N12)
  Number of reached functions:   23 (68%)
  Number of partitions:          1564
    Avg size of partitions:      1
    Max size of partitions:      3 (with key [N285 (before /work/ldvuser/novikov/work/current--X--drivers/video/matrox/i2c-matroxfb.ko--X--defaultlinux--X--32_7a--X--cpachecker/linux/csd_deg_dscv/11/dscv_tempdir/dscv/ri/32_7a/drivers/video/matrox/i2c-matroxfb.c.prepared, line 412), Function ldv_main0_sequence_infinite_withcheck_stateful called from node N213, stack depth 1 [207ea13], stack [ldv_main0_sequence_infinite_withcheck_stateful], Init])
  Number of target states:       0

Time for analysis setup:                   1.603s
  Time for loading CPAs:                   0.341s
  Time for impacted traverse:              0.002s
  Time for loading parser:        0.033s
  Time for CFA construction:      1.161s
    Time for parsing file(s):     0.404s
    Time for AST to CFA:          0.380s
    Time for CFA sanity check:    0.000s
    Time for post-processing:     0.229s
      Time for var class.:        0.000s
Time for Analysis:                         4.019s
CPU time for analysis:      7.890s

Time for Garbage Collector:       0.208s (in 7 runs)
Garbage Collector(s) used:    PS MarkSweep, PS Scavenge
Used heap memory:                183MB (   174 MiB) max;     61MB (    59 MiB) avg;    191MB (   182 MiB) peak
Used non-heap memory:             36MB (    34 MiB) max;     29MB (    27 MiB) avg;     38MB (    36 MiB) peak
Used in PS Old Gen pool:          24MB (    23 MiB) max;     14MB (    13 MiB) avg;     25MB (    24 MiB) peak
Allocated heap memory:           345MB (   329 MiB) max;    218MB (   208 MiB) avg
Allocated non-heap memory:        38MB (    36 MiB) max;     30MB (    29 MiB) avg
Total process virtual memory:  13241MB ( 12628 MiB) max;  13237MB ( 12623 MiB) avg

Verification result: TRUE. No property violation found by chosen configuration.
More details about the verification run can be found in the directory "/home/yqs17/blazer/cpachecker-inc-pred/output-ori-final/flat/drivers--video--matrox--i2c-matroxfb.ko.009.73b7d92.32_7a.cil_safe.i".
