scripts/cpa.sh -heap 10000M -predicateAnalysis-ABEl-debug -setprop cpa.predicate.refinement.performInitialStaticRefinement=false -disable-java-assertions -outputpath /home/yqs17/blazer/cpachecker-inc-pred/output-ori-final/flat/drivers--hwmon--ads7871.ko.003.91efffe.39_7a.cil_safe.i -stats -spec /home/yqs17/blazer/cpachecker-inc-pred/LDVErrorLabel.spc -entryfunction ldv_main0_sequence_infinite_withcheck_stateful /home/yqs17/blazer/cpachecker-inc-pred/programs-flat/drivers--hwmon--ads7871.ko.003.91efffe.39_7a.cil_safe.i


--------------------------------------------------------------------------------


Running CPAchecker with Java heap of size 10000M.
Running CPAchecker with the following extra VM options:  -Djava.io.tmpdir=/tmp/BenchExec_run_98ajp2r5/tmp
PredicateCPA statistics
-----------------------
Read Precision Time:                0.000s
Precision file size:                0
Write Precision Time:               0.002s
Number of abstractions:            1313 (20% of all post computations)
  Times abstraction was reused:    0
  Because of function entry/exit:  1248 (95%)
  Because of loop head:            65 (5%)
  Because of join nodes:           0 (0%)
  Because of threshold:            0 (0%)
  Times precision was empty:       405 (31%)
  Times precision was {false}:     34 (3%)
  Times result was cached:         550 (42%)
  Times cartesian abs was used:    0 (0%)
  Times boolean abs was used:      324 (25%)
  Times result was 'false':        51 (4%)
Number of strengthen sat checks:   9
  Times result was 'false':        0 (0%)
Number of coverage checks:         437
  BDD entailment checks:           193
Number of SMT sat checks:          9
  trivial:                         9
  cached:                          0

Max ABE block size:                       18
Number of predicates discovered:          6
Number of abstraction locations:          0
Max number of predicates per location:    0
Avg number of predicates per location:    0
Total predicates per abstraction:         771
Max number of predicates per abstraction: 5
Avg number of predicates per abstraction: 2.15
Number of irrelevant predicates:          141 (18%)
Number of preds handled by boolean abs:   630 (82%)
  Total number of models for allsat:      355
  Max number of models for allsat:        3
  Avg number of models for allsat:        1.10

Number of path formula cache hits:   5354 (72%)

Time for post operator:                  0.760s
  Time for path formula creation:        0.535s
    Actual computation:                  0.456s
Time for strengthen operator:            0.023s
  Time for satisfiability checks:        0.000s
Time for prec operator:                  0.957s
  Time for abstraction:                  0.824s (Max:     0.016s, Count: 1313)
    Boolean abstraction:                 0.253s
    Solving time:                        0.113s (Max:     0.009s)
    Model enumeration time:              0.020s
    Time for BDD construction:           0.029s (Max:     0.011s)
Time for merge operator:                 0.020s
Time for coverage check:                 0.009s
  Time for BDD entailment checks:        0.009s
Total time for SMT solver (w/o itp):     0.133s

Number of BDD nodes:                               268
Size of BDD node table:                            466043
Size of BDD cache:                                 46619
Size of BDD node cleanup queue:                         411 (count: 4353, min: 0, max: 232, avg: 0.09)
Time for BDD node cleanup:                             0.001s
Time for BDD garbage collection:                       0.000s (in 0 runs)

PrecisionBootstrap statistics
-----------------------------
Init. function predicates:                         0
Init. global predicates:                           0
Init. location predicates:                         0

----------------------

AutomatonAnalysis (SVCOMP) statistics
-------------------------------------
Number of states:                                  1
Total time for successor computation:                  0.041s
Automaton transfers with branching:                0
Automaton transfer successors:                         6440 (count: 6440, min: 1, max: 1, avg: 1.00) [1 x 6440]

CPA algorithm statistics
------------------------
Number of iterations:            6134
Max size of waitlist:            16
Average size of waitlist:        6
Number of computed successors:   6440
Max successors for one state:    2
Number of times merged:          122
Number of times stopped:         225
Number of times abs stopped:     103
Number of times nonAbs stopped:  0
Number of times doAbstraction node:  1313
Number of times breaked:         9

Total time for CPA algorithm:         2.405s (Max:     0.385s)
CPU time for CPA algorithm:           4.770s
  Time for choose from waitlist:      0.019s
  Time for precision adjustment:      1.033s
  Time for transfer relation:         1.064s
  Time for merge operator:            0.031s
  Time for stop operator:             0.044s
  Time for adding to reached set:     0.077s

Predicate-Abstraction Refiner statistics
----------------------------------------
Avg. length of target path (in blocks):                 403 (count: 9, min: 6, max: 66, avg: 44.78)
Number of infeasible sliced prefixes:                     0 (count: 0, min: 0, max: 0, avg: 0.00)

Time for refinement:                                   1.023s
  Counterexample analysis:                0.951s (Max:     0.260s, Calls: 9)
    Refinement sat check:                 0.161s
    Interpolant computation:              0.000s
  Error path post-processing:                          0.000s
  Path-formulas extraction:                            0.002s
  Building the counterexample trace:                   0.951s
  Extracting precise counterexample:                   0.000s
  Extracting infeasible sliced prefixes:               0.000s
  Selecting infeasible sliced prefixes:                0.000s
  Predicate creation:                                  0.009s
  Precision update:                                    0.011s
  ARG update:                                          0.039s

Length of refined path (in blocks):                     386 (count: 9, min: 4, max: 65, avg: 42.89)
Number of affected states:                              371 (count: 9, min: 3, max: 63, avg: 41.22)
Length (states) of path with itp 'true':                  6 (count: 9, min: 0, max: 1, avg: 0.67)
Length (states) of path with itp non-trivial itp:       371 (count: 9, min: 3, max: 63, avg: 41.22)
Length (states) of path with itp 'false':                 9 (count: 9, min: 1, max: 1, avg: 1.00)
Different non-trivial interpolants along paths:           4 (count: 9, min: 0, max: 2, avg: 0.44)
Equal non-trivial interpolants along paths:             358 (count: 9, min: 2, max: 62, avg: 39.78)
Different precisions along paths:                         0 (count: 0, min: 0, max: 0, avg: 0.00)
Equal precisions along paths:                             0 (count: 0, min: 0, max: 0, avg: 0.00)
Number of refs with location-based cutoff:                0

CEGAR algorithm statistics
--------------------------
Number of refinements:                9
Lazy expansion status:                false
Expansion times:                      0
Total path lengths:                   4034
SP times:                             0
Number of added holes:                0
Number of successful refinements:     9
Number of failed refinements:         0
Max. size of reached set before ref.: 1187
Max. size of reached set after ref.:  259
Avg. size of reached set before ref.: 875.56
Avg. size of reached set after ref.:  257.33

Total time for CEGAR algorithm:       3.454s
CPU time for CEGAR algorithm:         6.830s
Time for refinements:                 1.048s
CPU time for refinements:             2.060s
Average time for refinement:          0.116s
Max time for refinement:              0.271s
First time for refinement:             0.240s
Last time for refinement:              0.060s
Average time for analysis:          0.240s
Number of analysis:                10

Counterexample-Check Algorithm statistics
-----------------------------------------
Number of counterexample checks:    0

Code Coverage
-----------------------------
  Visited lines:          900
  Total lines:            21
  Line coverage:          42.857

CPAchecker general statistics
-----------------------------
Number of program locations:     690
Number of CFA edges:             761
Number of relevant variables:    97
Number of functions:             42
Number of loops:                 2
Size of reached set:             601
  Number of reached locations:   461 (67%)
    Avg states per location:     1
    Max states per location:     4 (at node N185)
  Number of reached functions:   20 (48%)
  Number of partitions:          600
    Avg size of partitions:      1
    Max size of partitions:      2 (with key [N297 (before /work/ldvuser/novikov/work/current--X--drivers/hwmon/ads7871.ko--X--defaultlinux--X--39_7a--X--cpachecker/linux/csd_deg_dscv/11/dscv_tempdir/dscv/ri/39_7a/drivers/hwmon/ads7871.c.prepared, line 393), Function ldv_main0_sequence_infinite_withcheck_stateful called from node N253, stack depth 1 [2a2c13a8], stack [ldv_main0_sequence_infinite_withcheck_stateful], Init])
  Number of target states:       0

Time for analysis setup:                   1.302s
  Time for loading CPAs:                   0.372s
  Time for impacted traverse:              0.001s
  Time for loading parser:        0.030s
  Time for CFA construction:      0.820s
    Time for parsing file(s):     0.261s
    Time for AST to CFA:          0.306s
    Time for CFA sanity check:    0.000s
    Time for post-processing:     0.153s
      Time for var class.:        0.000s
Time for Analysis:                         3.456s
CPU time for analysis:      6.830s

Time for Garbage Collector:       0.157s (in 6 runs)
Garbage Collector(s) used:    PS MarkSweep, PS Scavenge
Used heap memory:                164MB (   157 MiB) max;     57MB (    55 MiB) avg;    185MB (   177 MiB) peak
Used non-heap memory:             35MB (    33 MiB) max;     28MB (    27 MiB) avg;     37MB (    35 MiB) peak
Used in PS Old Gen pool:          20MB (    19 MiB) max;     10MB (     9 MiB) avg;     20MB (    19 MiB) peak
Allocated heap memory:           262MB (   250 MiB) max;    200MB (   191 MiB) avg
Allocated non-heap memory:        37MB (    35 MiB) max;     29MB (    28 MiB) avg
Total process virtual memory:  13240MB ( 12627 MiB) max;  13237MB ( 12624 MiB) avg

Verification result: TRUE. No property violation found by chosen configuration.
More details about the verification run can be found in the directory "/home/yqs17/blazer/cpachecker-inc-pred/output-ori-final/flat/drivers--hwmon--ads7871.ko.003.91efffe.39_7a.cil_safe.i".
