scripts/cpa.sh -heap 10000M -predicateAnalysis-ABEl-debug -setprop cpa.predicate.refinement.performInitialStaticRefinement=false -disable-java-assertions -outputpath /home/yqs17/blazer/cpachecker-inc-pred/output-ori-final/flat/drivers--regulator--wm831x-dcdc.ko.017.88cda60.32_7a.cil_safe.i -stats -spec /home/yqs17/blazer/cpachecker-inc-pred/LDVErrorLabel.spc -entryfunction ldv_main0_sequence_infinite_withcheck_stateful /home/yqs17/blazer/cpachecker-inc-pred/programs-flat/drivers--regulator--wm831x-dcdc.ko.017.88cda60.32_7a.cil_safe.i


--------------------------------------------------------------------------------


Running CPAchecker with Java heap of size 10000M.
Running CPAchecker with the following extra VM options:  -Djava.io.tmpdir=/tmp/BenchExec_run_si17uj6o/tmp
PredicateCPA statistics
-----------------------
Read Precision Time:                0.000s
Precision file size:                0
Write Precision Time:               0.003s
Number of abstractions:            172032 (12% of all post computations)
  Times abstraction was reused:    0
  Because of function entry/exit:  157655 (92%)
  Because of loop head:            14377 (8%)
  Because of join nodes:           0 (0%)
  Because of threshold:            0 (0%)
  Times precision was empty:       12564 (7%)
  Times precision was {false}:     4610 (3%)
  Times result was cached:         145557 (85%)
  Times cartesian abs was used:    0 (0%)
  Times boolean abs was used:      9301 (5%)
  Times result was 'false':        3694 (2%)
Number of strengthen sat checks:   108
  Times result was 'false':        0 (0%)
Number of coverage checks:         368374
  BDD entailment checks:           184588
Number of SMT sat checks:          108
  trivial:                         108
  cached:                          0

Max ABE block size:                       50
Number of predicates discovered:          14
Number of abstraction locations:          0
Max number of predicates per location:    0
Avg number of predicates per location:    0
Total predicates per abstraction:         73439
Max number of predicates per abstraction: 12
Avg number of predicates per abstraction: 5.28
Number of irrelevant predicates:          51759 (70%)
Number of preds handled by boolean abs:   21680 (30%)
  Total number of models for allsat:      19826
  Max number of models for allsat:        27
  Avg number of models for allsat:        2.13

Number of path formula cache hits:   1374634 (82%)

Time for post operator:                 46.559s
  Time for path formula creation:       18.486s
    Actual computation:                 14.289s
Time for strengthen operator:            1.047s
  Time for satisfiability checks:        0.003s
Time for prec operator:                 42.019s
  Time for abstraction:                 33.950s (Max:     1.692s, Count: 172032)
    Boolean abstraction:                 3.147s
    Solving time:                        2.256s (Max:     0.013s)
    Model enumeration time:              0.675s
    Time for BDD construction:           0.169s (Max:     0.004s)
Time for merge operator:                 4.809s
Time for coverage check:                 0.233s
  Time for BDD entailment checks:        0.189s
Total time for SMT solver (w/o itp):     2.931s

Number of BDD nodes:                               6286
Size of BDD node table:                            466043
Size of BDD cache:                                 46619
Size of BDD node cleanup queue:                       10014 (count: 259001, min: 0, max: 715, avg: 0.04)
Time for BDD node cleanup:                             0.022s
Time for BDD garbage collection:                       0.000s (in 0 runs)

PrecisionBootstrap statistics
-----------------------------
Init. function predicates:                         0
Init. global predicates:                           0
Init. location predicates:                         0

----------------------

AutomatonAnalysis (SVCOMP) statistics
-------------------------------------
Number of states:                                  1
Total time for successor computation:                  0.792s
  Time for transition matches:                         0.193s
  Time for transition assertions:                      0.001s
  Time for transition actions:                         0.002s
Automaton transfers with branching:                0
Automaton transfer successors:                      1478558 (count: 1478558, min: 1, max: 1, avg: 1.00) [1 x 1478558]

CPA algorithm statistics
------------------------
Number of iterations:            1332135
Max size of waitlist:            177
Average size of waitlist:        80
Number of computed successors:   1478558
Max successors for one state:    2
Number of times merged:          91893
Number of times stopped:         142467
Number of times abs stopped:     50574
Number of times nonAbs stopped:  0
Number of times doAbstraction node:  172032
Number of times breaked:         108

Total time for CPA algorithm:       116.754s (Max:     3.326s)
CPU time for CPA algorithm:         175.370s
  Time for choose from waitlist:      0.650s
  Time for precision adjustment:     43.922s
  Time for transfer relation:        57.158s
  Time for merge operator:            6.512s
  Time for stop operator:             1.926s
  Time for adding to reached set:     2.601s

Predicate-Abstraction Refiner statistics
----------------------------------------
Avg. length of target path (in blocks):                2133 (count: 108, min: 10, max: 33, avg: 19.75)
Number of infeasible sliced prefixes:                     0 (count: 0, min: 0, max: 0, avg: 0.00)

Time for refinement:                                   6.576s
  Counterexample analysis:                2.491s (Max:     0.152s, Calls: 108)
    Refinement sat check:                 0.604s
    Interpolant computation:              0.000s
  Error path post-processing:                          0.000s
  Path-formulas extraction:                            0.005s
  Building the counterexample trace:                   2.491s
  Extracting precise counterexample:                   0.000s
  Extracting infeasible sliced prefixes:               0.000s
  Selecting infeasible sliced prefixes:                0.000s
  Predicate creation:                                  0.023s
  Precision update:                                    0.033s
  ARG update:                                          3.936s

Length of refined path (in blocks):                    1580 (count: 108, min: 6, max: 32, avg: 14.63)
Number of affected states:                             1340 (count: 108, min: 1, max: 30, avg: 12.41)
Length (states) of path with itp 'true':                132 (count: 108, min: 0, max: 18, avg: 1.22)
Length (states) of path with itp non-trivial itp:      1340 (count: 108, min: 1, max: 30, avg: 12.41)
Length (states) of path with itp 'false':               108 (count: 108, min: 1, max: 1, avg: 1.00)
Different non-trivial interpolants along paths:           2 (count: 108, min: 0, max: 2, avg: 0.02)
Equal non-trivial interpolants along paths:            1230 (count: 108, min: 0, max: 29, avg: 11.39)
Different precisions along paths:                         0 (count: 0, min: 0, max: 0, avg: 0.00)
Equal precisions along paths:                             0 (count: 0, min: 0, max: 0, avg: 0.00)
Number of refs with location-based cutoff:                0

CEGAR algorithm statistics
--------------------------
Number of refinements:                108
Lazy expansion status:                false
Expansion times:                      0
Total path lengths:                   76793
SP times:                             0
Number of added holes:                0
Number of successful refinements:     108
Number of failed refinements:         0
Max. size of reached set before ref.: 34392
Max. size of reached set after ref.:  6260
Avg. size of reached set before ref.: 12916.71
Avg. size of reached set after ref.:  747.92

Total time for CEGAR algorithm:     123.486s
CPU time for CEGAR algorithm:       186.740s
Time for refinements:                 6.723s
CPU time for refinements:            11.340s
Average time for refinement:          0.062s
Max time for refinement:              0.206s
First time for refinement:             1.071s
Last time for refinement:              1.018s
Average time for analysis:          1.071s
Number of analysis:                109

Counterexample-Check Algorithm statistics
-----------------------------------------
Number of counterexample checks:    0

Code Coverage
-----------------------------
  Visited lines:          3247
  Total lines:            5
  Line coverage:          649.400

CPAchecker general statistics
-----------------------------
Number of program locations:     1953
Number of CFA edges:             2260
Number of relevant variables:    297
Number of functions:             66
Number of loops:                 2
Size of reached set:             18168
  Number of reached locations:   1770 (91%)
    Avg states per location:     10
    Max states per location:     141 (at node N1399)
  Number of reached functions:   46 (70%)
  Number of partitions:          18070
    Avg size of partitions:      1
    Max size of partitions:      10 (with key [N1401 (before /work/ldvuser/novikov/work/current--X--drivers/regulator/wm831x-dcdc.ko--X--defaultlinux--X--32_7a--X--cpachecker/linux/csd_deg_dscv/11/dscv_tempdir/dscv/ri/32_7a/drivers/regulator/wm831x-dcdc.c.prepared, line 1996), Function ldv_main0_sequence_infinite_withcheck_stateful called from node N1079, stack depth 1 [4c9e9fb8], stack [ldv_main0_sequence_infinite_withcheck_stateful], Init])
  Number of target states:       0

Time for analysis setup:                   2.075s
  Time for loading CPAs:                   0.403s
  Time for impacted traverse:              0.002s
  Time for loading parser:        0.042s
  Time for CFA construction:      1.535s
    Time for parsing file(s):     0.499s
    Time for AST to CFA:          0.515s
    Time for CFA sanity check:    0.000s
    Time for post-processing:     0.380s
      Time for var class.:        0.000s
Time for Analysis:                       123.506s
CPU time for analysis:    186.770s

Time for Garbage Collector:       5.163s (in 48 runs)
Garbage Collector(s) used:    PS MarkSweep, PS Scavenge
Used heap memory:               3519MB (  3356 MiB) max;   1247MB (  1189 MiB) avg;   3589MB (  3423 MiB) peak
Used non-heap memory:             45MB (    43 MiB) max;     42MB (    40 MiB) avg;     47MB (    45 MiB) peak
Used in PS Old Gen pool:         165MB (   157 MiB) max;     62MB (    59 MiB) avg;    165MB (   157 MiB) peak
Allocated heap memory:          3611MB (  3444 MiB) max;   2464MB (  2350 MiB) avg
Allocated non-heap memory:        48MB (    46 MiB) max;     45MB (    43 MiB) avg
Total process virtual memory:  13243MB ( 12629 MiB) max;  13240MB ( 12626 MiB) avg

Verification result: TRUE. No property violation found by chosen configuration.
More details about the verification run can be found in the directory "/home/yqs17/blazer/cpachecker-inc-pred/output-ori-final/flat/drivers--regulator--wm831x-dcdc.ko.017.88cda60.32_7a.cil_safe.i".
