scripts/cpa.sh -heap 10000M -predicateAnalysis-ABEl-debug -setprop cpa.predicate.refinement.performInitialStaticRefinement=false -disable-java-assertions -outputpath /home/yqs17/blazer/cpachecker-inc-pred/output-ori-final/flat/drivers--mtd--mtdoops.ko.003.235d620.43_1a.cil_safe.i -stats -spec /home/yqs17/blazer/cpachecker-inc-pred/LDVErrorLabel.spc -entryfunction ldv_main0_sequence_infinite_withcheck_stateful /home/yqs17/blazer/cpachecker-inc-pred/programs-flat/drivers--mtd--mtdoops.ko.003.235d620.43_1a.cil_safe.i


--------------------------------------------------------------------------------


Running CPAchecker with Java heap of size 10000M.
Running CPAchecker with the following extra VM options:  -Djava.io.tmpdir=/tmp/BenchExec_run_p_rwfz9m/tmp
PredicateCPA statistics
-----------------------
Read Precision Time:                0.000s
Precision file size:                0
Write Precision Time:               0.001s
Number of abstractions:            78 (7% of all post computations)
  Times abstraction was reused:    0
  Because of function entry/exit:  64 (82%)
  Because of loop head:            14 (18%)
  Because of join nodes:           0 (0%)
  Because of threshold:            0 (0%)
  Times precision was empty:       71 (91%)
  Times precision was {false}:     2 (3%)
  Times result was cached:         0 (0%)
  Times cartesian abs was used:    0 (0%)
  Times boolean abs was used:      5 (6%)
  Times result was 'false':        1 (1%)
Number of strengthen sat checks:   1
  Times result was 'false':        0 (0%)
Number of coverage checks:         140
  BDD entailment checks:           22
Number of SMT sat checks:          1
  trivial:                         1
  cached:                          0

Max ABE block size:                       20
Number of predicates discovered:          2
Number of abstraction locations:          0
Max number of predicates per location:    0
Avg number of predicates per location:    0
Total predicates per abstraction:         7
Max number of predicates per abstraction: 1
Avg number of predicates per abstraction: 1.00
Number of irrelevant predicates:          2 (29%)
Number of preds handled by boolean abs:   5 (71%)
  Total number of models for allsat:      5
  Max number of models for allsat:        1
  Avg number of models for allsat:        1.00

Number of path formula cache hits:   18 (2%)

Time for post operator:                  0.457s
  Time for path formula creation:        0.419s
    Actual computation:                  0.369s
Time for strengthen operator:            0.003s
  Time for satisfiability checks:        0.000s
Time for prec operator:                  0.132s
  Time for abstraction:                  0.100s (Max:     0.031s, Count: 78)
    Boolean abstraction:                 0.032s
    Solving time:                        0.010s (Max:     0.004s)
    Model enumeration time:              0.001s
    Time for BDD construction:           0.011s (Max:     0.010s)
Time for merge operator:                 0.139s
Time for coverage check:                 0.000s
  Time for BDD entailment checks:        0.000s
Total time for SMT solver (w/o itp):     0.011s

Number of BDD nodes:                               202
Size of BDD node table:                            466043
Size of BDD cache:                                 46619
Size of BDD node cleanup queue:                           8 (count: 2906, min: 0, max: 8, avg: 0.00)
Time for BDD node cleanup:                             0.001s
Time for BDD garbage collection:                       0.000s (in 0 runs)

PrecisionBootstrap statistics
-----------------------------
Init. function predicates:                         0
Init. global predicates:                           0
Init. location predicates:                         0

----------------------

AutomatonAnalysis (SVCOMP) statistics
-------------------------------------
Number of states:                                  1
Total time for successor computation:                  0.013s
Automaton transfers with branching:                0
Automaton transfer successors:                         1075 (count: 1075, min: 1, max: 1, avg: 1.00) [1 x 1075]

CPA algorithm statistics
------------------------
Number of iterations:            993
Max size of waitlist:            18
Average size of waitlist:        7
Number of computed successors:   1075
Max successors for one state:    2
Number of times merged:          59
Number of times stopped:         81
Number of times abs stopped:     22
Number of times nonAbs stopped:  0
Number of times doAbstraction node:  78
Number of times breaked:         1

Total time for CPA algorithm:         0.919s (Max:     0.705s)
CPU time for CPA algorithm:           1.780s
  Time for choose from waitlist:      0.006s
  Time for precision adjustment:      0.157s
  Time for transfer relation:         0.548s
  Time for merge operator:            0.151s
  Time for stop operator:             0.012s
  Time for adding to reached set:     0.018s

Predicate-Abstraction Refiner statistics
----------------------------------------
Avg. length of target path (in blocks):                   5 (count: 1, min: 5, max: 5, avg: 5.00)
Number of infeasible sliced prefixes:                     0 (count: 0, min: 0, max: 0, avg: 0.00)

Time for refinement:                                   0.083s
  Counterexample analysis:                0.073s (Max:     0.073s, Calls: 1)
    Refinement sat check:                 0.046s
    Interpolant computation:              0.000s
  Error path post-processing:                          0.000s
  Path-formulas extraction:                            0.000s
  Building the counterexample trace:                   0.074s
  Extracting precise counterexample:                   0.000s
  Extracting infeasible sliced prefixes:               0.000s
  Selecting infeasible sliced prefixes:                0.000s
  Predicate creation:                                  0.002s
  Precision update:                                    0.002s
  ARG update:                                          0.002s

Length of refined path (in blocks):                       4 (count: 1, min: 4, max: 4, avg: 4.00)
Number of affected states:                                3 (count: 1, min: 3, max: 3, avg: 3.00)
Length (states) of path with itp 'true':                  0 (count: 1, min: 0, max: 0, avg: 0.00)
Length (states) of path with itp non-trivial itp:         3 (count: 1, min: 3, max: 3, avg: 3.00)
Length (states) of path with itp 'false':                 1 (count: 1, min: 1, max: 1, avg: 1.00)
Different non-trivial interpolants along paths:           0 (count: 1, min: 0, max: 0, avg: 0.00)
Equal non-trivial interpolants along paths:               2 (count: 1, min: 2, max: 2, avg: 2.00)
Different precisions along paths:                         0 (count: 0, min: 0, max: 0, avg: 0.00)
Equal precisions along paths:                             0 (count: 0, min: 0, max: 0, avg: 0.00)
Number of refs with location-based cutoff:                0

CEGAR algorithm statistics
--------------------------
Number of refinements:                1
Lazy expansion status:                false
Expansion times:                      0
Total path lengths:                   379
SP times:                             0
Number of added holes:                0
Number of successful refinements:     1
Number of failed refinements:         0
Max. size of reached set before ref.: 380
Max. size of reached set after ref.:  364
Avg. size of reached set before ref.: 380.00
Avg. size of reached set after ref.:  364.00

Total time for CEGAR algorithm:       1.011s
CPU time for CEGAR algorithm:         1.960s
Time for refinements:                 0.091s
CPU time for refinements:             0.170s
Average time for refinement:          0.091s
Max time for refinement:              0.091s
First time for refinement:             0.460s
Last time for refinement:              0.706s
Average time for analysis:          0.460s
Number of analysis:                2

Counterexample-Check Algorithm statistics
-----------------------------------------
Number of counterexample checks:    0

Code Coverage
-----------------------------
  Visited lines:          1739
  Total lines:            5
  Line coverage:          347.800

CPAchecker general statistics
-----------------------------
Number of program locations:     861
Number of CFA edges:             953
Number of relevant variables:    102
Number of functions:             29
Number of loops:                 4
Size of reached set:             978
  Number of reached locations:   788 (92%)
    Avg states per location:     1
    Max states per location:     6 (at node N515)
  Number of reached functions:   17 (59%)
  Number of partitions:          978
    Avg size of partitions:      1
    Max size of partitions:      1
  Number of target states:       0

Time for analysis setup:                   1.409s
  Time for loading CPAs:                   0.379s
  Time for impacted traverse:              0.003s
  Time for loading parser:        0.025s
  Time for CFA construction:      0.921s
    Time for parsing file(s):     0.287s
    Time for AST to CFA:          0.331s
    Time for CFA sanity check:    0.001s
    Time for post-processing:     0.212s
      Time for var class.:        0.000s
Time for Analysis:                         1.012s
CPU time for analysis:      1.970s

Time for Garbage Collector:       0.145s (in 5 runs)
Garbage Collector(s) used:    PS MarkSweep, PS Scavenge
Used heap memory:                 85MB (    81 MiB) max;     37MB (    35 MiB) avg;    106MB (   101 MiB) peak
Used non-heap memory:             31MB (    30 MiB) max;     23MB (    22 MiB) avg;     33MB (    31 MiB) peak
Used in PS Old Gen pool:          20MB (    19 MiB) max;      3MB (     3 MiB) avg;     20MB (    19 MiB) peak
Allocated heap memory:           190MB (   182 MiB) max;    170MB (   163 MiB) avg
Allocated non-heap memory:        32MB (    31 MiB) max;     24MB (    22 MiB) avg
Total process virtual memory:  13238MB ( 12625 MiB) max;  13234MB ( 12621 MiB) avg

Verification result: TRUE. No property violation found by chosen configuration.
More details about the verification run can be found in the directory "/home/yqs17/blazer/cpachecker-inc-pred/output-ori-final/flat/drivers--mtd--mtdoops.ko.003.235d620.43_1a.cil_safe.i".
