scripts/cpa.sh -heap 10000M -predicateAnalysis-ABEl-debug -setprop cpa.predicate.refinement.performInitialStaticRefinement=false -disable-java-assertions -outputpath /home/yqs17/blazer/cpachecker-inc-pred/output-ori-final/flat/drivers--video--backlight--tdo24m.ko.002.1d469c6.43_1a.cil_safe.i -stats -spec /home/yqs17/blazer/cpachecker-inc-pred/LDVErrorLabel.spc -entryfunction ldv_main0_sequence_infinite_withcheck_stateful /home/yqs17/blazer/cpachecker-inc-pred/programs-flat/drivers--video--backlight--tdo24m.ko.002.1d469c6.43_1a.cil_safe.i


--------------------------------------------------------------------------------


Running CPAchecker with Java heap of size 10000M.
Running CPAchecker with the following extra VM options:  -Djava.io.tmpdir=/tmp/BenchExec_run_i_rs_7zj/tmp
PredicateCPA statistics
-----------------------
Read Precision Time:                0.000s
Precision file size:                0
Write Precision Time:               0.002s
Number of abstractions:            28513 (10% of all post computations)
  Times abstraction was reused:    0
  Because of function entry/exit:  20112 (71%)
  Because of loop head:            8401 (29%)
  Because of join nodes:           0 (0%)
  Because of threshold:            0 (0%)
  Times precision was empty:       5843 (20%)
  Times precision was {false}:     516 (2%)
  Times result was cached:         20941 (73%)
  Times cartesian abs was used:    0 (0%)
  Times boolean abs was used:      1213 (4%)
  Times result was 'false':        295 (1%)
Number of strengthen sat checks:   24
  Times result was 'false':        0 (0%)
Number of coverage checks:         61895
  BDD entailment checks:           8069
Number of SMT sat checks:          24
  trivial:                         24
  cached:                          0

Max ABE block size:                       27
Number of predicates discovered:          8
Number of abstraction locations:          0
Max number of predicates per location:    0
Avg number of predicates per location:    0
Total predicates per abstraction:         3593
Max number of predicates per abstraction: 5
Avg number of predicates per abstraction: 2.08
Number of irrelevant predicates:          1899 (53%)
Number of preds handled by boolean abs:   1694 (47%)
  Total number of models for allsat:      1230
  Max number of models for allsat:        3
  Avg number of models for allsat:        1.01

Number of path formula cache hits:   247312 (74%)

Time for post operator:                 14.187s
  Time for path formula creation:        9.546s
    Actual computation:                  7.818s
Time for strengthen operator:            0.267s
  Time for satisfiability checks:        0.001s
Time for prec operator:                  6.857s
  Time for abstraction:                  4.895s (Max:     0.077s, Count: 28513)
    Boolean abstraction:                 0.461s
    Solving time:                        0.387s (Max:     0.035s)
    Model enumeration time:              0.020s
    Time for BDD construction:           0.021s (Max:     0.001s)
Time for merge operator:                 2.137s
Time for coverage check:                 0.045s
  Time for BDD entailment checks:        0.033s
Total time for SMT solver (w/o itp):     0.407s

Number of BDD nodes:                               254
Size of BDD node table:                            466043
Size of BDD cache:                                 46619
Size of BDD node cleanup queue:                        1060 (count: 25325, min: 0, max: 192, avg: 0.04)
Time for BDD node cleanup:                             0.011s
Time for BDD garbage collection:                       0.000s (in 0 runs)

PrecisionBootstrap statistics
-----------------------------
Init. function predicates:                         0
Init. global predicates:                           0
Init. location predicates:                         0

----------------------

AutomatonAnalysis (SVCOMP) statistics
-------------------------------------
Number of states:                                  1
Total time for successor computation:                  0.227s
Automaton transfers with branching:                0
Automaton transfer successors:                       296215 (count: 296215, min: 1, max: 1, avg: 1.00) [1 x 296215]

CPA algorithm statistics
------------------------
Number of iterations:            261044
Max size of waitlist:            44
Average size of waitlist:        26
Number of computed successors:   296215
Max successors for one state:    2
Number of times merged:          26913
Number of times stopped:         34502
Number of times abs stopped:     7589
Number of times nonAbs stopped:  0
Number of times doAbstraction node:  28513
Number of times breaked:         24

Total time for CPA algorithm:        29.262s (Max:     2.648s)
CPU time for CPA algorithm:          56.590s
  Time for choose from waitlist:      0.165s
  Time for precision adjustment:      7.416s
  Time for transfer relation:        16.695s
  Time for merge operator:            2.752s
  Time for stop operator:             0.464s
  Time for adding to reached set:     0.582s

Predicate-Abstraction Refiner statistics
----------------------------------------
Avg. length of target path (in blocks):                 593 (count: 24, min: 8, max: 43, avg: 24.71)
Number of infeasible sliced prefixes:                     0 (count: 0, min: 0, max: 0, avg: 0.00)

Time for refinement:                                   2.432s
  Counterexample analysis:                1.516s (Max:     0.333s, Calls: 24)
    Refinement sat check:                 0.597s
    Interpolant computation:              0.000s
  Error path post-processing:                          0.000s
  Path-formulas extraction:                            0.000s
  Building the counterexample trace:                   1.516s
  Extracting precise counterexample:                   0.000s
  Extracting infeasible sliced prefixes:               0.000s
  Selecting infeasible sliced prefixes:                0.000s
  Predicate creation:                                  0.008s
  Precision update:                                    0.009s
  ARG update:                                          0.877s

Length of refined path (in blocks):                     439 (count: 24, min: 4, max: 35, avg: 18.29)
Number of affected states:                              390 (count: 24, min: 1, max: 34, avg: 16.25)
Length (states) of path with itp 'true':                 25 (count: 24, min: 0, max: 8, avg: 1.04)
Length (states) of path with itp non-trivial itp:       390 (count: 24, min: 1, max: 34, avg: 16.25)
Length (states) of path with itp 'false':                24 (count: 24, min: 1, max: 1, avg: 1.00)
Different non-trivial interpolants along paths:           1 (count: 24, min: 0, max: 1, avg: 0.04)
Equal non-trivial interpolants along paths:             365 (count: 24, min: 0, max: 33, avg: 15.21)
Different precisions along paths:                         0 (count: 0, min: 0, max: 0, avg: 0.00)
Equal precisions along paths:                             0 (count: 0, min: 0, max: 0, avg: 0.00)
Number of refs with location-based cutoff:                0

CEGAR algorithm statistics
--------------------------
Number of refinements:                24
Lazy expansion status:                false
Expansion times:                      0
Total path lengths:                   18009
SP times:                             0
Number of added holes:                0
Number of successful refinements:     24
Number of failed refinements:         0
Max. size of reached set before ref.: 18359
Max. size of reached set after ref.:  9851
Avg. size of reached set before ref.: 12351.67
Avg. size of reached set after ref.:  1704.63

Total time for CEGAR algorithm:      31.756s
CPU time for CEGAR algorithm:        61.500s
Time for refinements:                 2.489s
CPU time for refinements:             4.910s
Average time for refinement:          0.103s
Max time for refinement:              0.352s
First time for refinement:             1.170s
Last time for refinement:              0.004s
Average time for analysis:          1.170s
Number of analysis:                25

Counterexample-Check Algorithm statistics
-----------------------------------------
Number of counterexample checks:    0

Code Coverage
-----------------------------
  Visited lines:          3030
  Total lines:            5
  Line coverage:          606.000

CPAchecker general statistics
-----------------------------
Number of program locations:     1252
Number of CFA edges:             1446
Number of relevant variables:    166
Number of functions:             47
Number of loops:                 4
Size of reached set:             5890
  Number of reached locations:   954 (76%)
    Avg states per location:     6
    Max states per location:     83 (at node N258)
  Number of reached functions:   21 (45%)
  Number of partitions:          5889
    Avg size of partitions:      1
    Max size of partitions:      2 (with key [N647 (before /work/ldvuser/novikov/work/current--X--drivers/video/backlight/tdo24m.ko--X--defaultlinux--X--43_1a--X--cpachecker/linux/csd_deg_dscv/11/dscv_tempdir/dscv/ri/43_1a/drivers/video/backlight/tdo24m.c.prepared, line 872), Function ldv_main0_sequence_infinite_withcheck_stateful called from node N599, stack depth 1 [5118388b], stack [ldv_main0_sequence_infinite_withcheck_stateful], Init])
  Number of target states:       0

Time for analysis setup:                   1.793s
  Time for loading CPAs:                   0.367s
  Time for impacted traverse:              0.002s
  Time for loading parser:        0.033s
  Time for CFA construction:      1.311s
    Time for parsing file(s):     0.406s
    Time for AST to CFA:          0.449s
    Time for CFA sanity check:    0.000s
    Time for post-processing:     0.319s
      Time for var class.:        0.000s
Time for Analysis:                        31.761s
CPU time for analysis:     61.530s

Time for Garbage Collector:       1.141s (in 20 runs)
Garbage Collector(s) used:    PS MarkSweep, PS Scavenge
Used heap memory:               1596MB (  1522 MiB) max;    419MB (   400 MiB) avg;   1610MB (  1536 MiB) peak
Used non-heap memory:             40MB (    38 MiB) max;     36MB (    34 MiB) avg;     43MB (    41 MiB) peak
Used in PS Old Gen pool:          51MB (    49 MiB) max;     33MB (    31 MiB) avg;     51MB (    49 MiB) peak
Allocated heap memory:          1667MB (  1590 MiB) max;    889MB (   848 MiB) avg
Allocated non-heap memory:        44MB (    42 MiB) max;     39MB (    37 MiB) avg
Total process virtual memory:  13242MB ( 12629 MiB) max;  13239MB ( 12626 MiB) avg

Verification result: TRUE. No property violation found by chosen configuration.
More details about the verification run can be found in the directory "/home/yqs17/blazer/cpachecker-inc-pred/output-ori-final/flat/drivers--video--backlight--tdo24m.ko.002.1d469c6.43_1a.cil_safe.i".
