scripts/cpa.sh -heap 10000M -predicateAnalysis-ABEl-debug -setprop cpa.predicate.refinement.performInitialStaticRefinement=false -disable-java-assertions -outputpath /home/yqs17/blazer/cpachecker-inc-pred/output-ori-final/flat/drivers--media--dvb--dvb-usb--dvb-usb-rtl28xxu.ko.004.fba16b1.32_7a.cil_safe.i -stats -spec /home/yqs17/blazer/cpachecker-inc-pred/LDVErrorLabel.spc -entryfunction ldv_main0_sequence_infinite_withcheck_stateful /home/yqs17/blazer/cpachecker-inc-pred/programs-flat/drivers--media--dvb--dvb-usb--dvb-usb-rtl28xxu.ko.004.fba16b1.32_7a.cil_safe.i


--------------------------------------------------------------------------------


Running CPAchecker with Java heap of size 10000M.
Running CPAchecker with the following extra VM options:  -Djava.io.tmpdir=/tmp/BenchExec_run_wzo1cvun/tmp
PredicateCPA statistics
-----------------------
Read Precision Time:                0.000s
Precision file size:                0
Write Precision Time:               0.002s
Number of abstractions:            1303 (9% of all post computations)
  Times abstraction was reused:    0
  Because of function entry/exit:  1028 (79%)
  Because of loop head:            275 (21%)
  Because of join nodes:           0 (0%)
  Because of threshold:            0 (0%)
  Times precision was empty:       364 (28%)
  Times precision was {false}:     77 (6%)
  Times result was cached:         526 (40%)
  Times cartesian abs was used:    0 (0%)
  Times boolean abs was used:      336 (26%)
  Times result was 'false':        33 (3%)
Number of strengthen sat checks:   9
  Times result was 'false':        0 (0%)
Number of coverage checks:         2979
  BDD entailment checks:           429
Number of SMT sat checks:          9
  trivial:                         9
  cached:                          0

Max ABE block size:                       25
Number of predicates discovered:          4
Number of abstraction locations:          0
Max number of predicates per location:    0
Avg number of predicates per location:    0
Total predicates per abstraction:         784
Max number of predicates per abstraction: 3
Avg number of predicates per abstraction: 1.90
Number of irrelevant predicates:          181 (23%)
Number of preds handled by boolean abs:   603 (77%)
  Total number of models for allsat:      336
  Max number of models for allsat:        1
  Avg number of models for allsat:        1.00

Number of path formula cache hits:   14189 (82%)

Time for post operator:                  1.202s
  Time for path formula creation:        0.725s
    Actual computation:                  0.627s
Time for strengthen operator:            0.031s
  Time for satisfiability checks:        0.000s
Time for prec operator:                  1.061s
  Time for abstraction:                  0.922s (Max:     0.019s, Count: 1303)
    Boolean abstraction:                 0.240s
    Solving time:                        0.136s (Max:     0.006s)
    Model enumeration time:              0.007s
    Time for BDD construction:           0.016s (Max:     0.004s)
Time for merge operator:                 0.137s
Time for coverage check:                 0.019s
  Time for BDD entailment checks:        0.016s
Total time for SMT solver (w/o itp):     0.143s

Number of BDD nodes:                               208
Size of BDD node table:                            466043
Size of BDD cache:                                 46619
Size of BDD node cleanup queue:                         338 (count: 9484, min: 0, max: 183, avg: 0.04)
Time for BDD node cleanup:                             0.009s
Time for BDD garbage collection:                       0.000s (in 0 runs)

PrecisionBootstrap statistics
-----------------------------
Init. function predicates:                         0
Init. global predicates:                           0
Init. location predicates:                         0

----------------------

AutomatonAnalysis (SVCOMP) statistics
-------------------------------------
Number of states:                                  1
Total time for successor computation:                  0.060s
Automaton transfers with branching:                0
Automaton transfer successors:                        15155 (count: 15155, min: 1, max: 1, avg: 1.00) [1 x 15155]

CPA algorithm statistics
------------------------
Number of iterations:            13474
Max size of waitlist:            21
Average size of waitlist:        10
Number of computed successors:   15155
Max successors for one state:    2
Number of times merged:          1275
Number of times stopped:         1621
Number of times abs stopped:     346
Number of times nonAbs stopped:  0
Number of times doAbstraction node:  1303
Number of times breaked:         9

Total time for CPA algorithm:         3.715s (Max:     0.899s)
CPU time for CPA algorithm:           7.330s
  Time for choose from waitlist:      0.033s
  Time for precision adjustment:      1.151s
  Time for transfer relation:         1.711s
  Time for merge operator:            0.210s
  Time for stop operator:             0.101s
  Time for adding to reached set:     0.093s

Predicate-Abstraction Refiner statistics
----------------------------------------
Avg. length of target path (in blocks):                 195 (count: 9, min: 10, max: 42, avg: 21.67)
Number of infeasible sliced prefixes:                     0 (count: 0, min: 0, max: 0, avg: 0.00)

Time for refinement:                                   0.873s
  Counterexample analysis:                0.774s (Max:     0.216s, Calls: 9)
    Refinement sat check:                 0.177s
    Interpolant computation:              0.000s
  Error path post-processing:                          0.000s
  Path-formulas extraction:                            0.000s
  Building the counterexample trace:                   0.774s
  Extracting precise counterexample:                   0.000s
  Extracting infeasible sliced prefixes:               0.000s
  Selecting infeasible sliced prefixes:                0.000s
  Predicate creation:                                  0.008s
  Precision update:                                    0.006s
  ARG update:                                          0.068s

Length of refined path (in blocks):                     186 (count: 9, min: 9, max: 41, avg: 20.67)
Number of affected states:                              168 (count: 9, min: 7, max: 39, avg: 18.67)
Length (states) of path with itp 'true':                  9 (count: 9, min: 1, max: 1, avg: 1.00)
Length (states) of path with itp non-trivial itp:       168 (count: 9, min: 7, max: 39, avg: 18.67)
Length (states) of path with itp 'false':                 9 (count: 9, min: 1, max: 1, avg: 1.00)
Different non-trivial interpolants along paths:           0 (count: 9, min: 0, max: 0, avg: 0.00)
Equal non-trivial interpolants along paths:             159 (count: 9, min: 6, max: 38, avg: 17.67)
Different precisions along paths:                         0 (count: 0, min: 0, max: 0, avg: 0.00)
Equal precisions along paths:                             0 (count: 0, min: 0, max: 0, avg: 0.00)
Number of refs with location-based cutoff:                0

CEGAR algorithm statistics
--------------------------
Number of refinements:                9
Lazy expansion status:                false
Expansion times:                      0
Total path lengths:                   10302
SP times:                             0
Number of added holes:                0
Number of successful refinements:     9
Number of failed refinements:         0
Max. size of reached set before ref.: 2871
Max. size of reached set after ref.:  1018
Avg. size of reached set before ref.: 2332.11
Avg. size of reached set after ref.:  1018.00

Total time for CEGAR algorithm:       4.641s
CPU time for CEGAR algorithm:         9.180s
Time for refinements:                 0.924s
CPU time for refinements:             1.850s
Average time for refinement:          0.102s
Max time for refinement:              0.237s
First time for refinement:             0.371s
Last time for refinement:              0.074s
Average time for analysis:          0.371s
Number of analysis:                10

Counterexample-Check Algorithm statistics
-----------------------------------------
Number of counterexample checks:    0

Code Coverage
-----------------------------
  Visited lines:          5546
  Total lines:            4
  Line coverage:          1386.500

CPAchecker general statistics
-----------------------------
Number of program locations:     2305
Number of CFA edges:             2589
Number of relevant variables:    234
Number of functions:             54
Number of loops:                 5
Size of reached set:             1675
  Number of reached locations:   1274 (55%)
    Avg states per location:     1
    Max states per location:     6 (at node N0)
  Number of reached functions:   12 (22%)
  Number of partitions:          1675
    Avg size of partitions:      1
    Max size of partitions:      1
  Number of target states:       0

Time for analysis setup:                   2.244s
  Time for loading CPAs:                   0.429s
  Time for impacted traverse:              0.003s
  Time for loading parser:        0.026s
  Time for CFA construction:      1.709s
    Time for parsing file(s):     0.512s
    Time for AST to CFA:          0.653s
    Time for CFA sanity check:    0.000s
    Time for post-processing:     0.344s
      Time for var class.:        0.000s
Time for Analysis:                         4.643s
CPU time for analysis:      9.180s

Time for Garbage Collector:       0.267s (in 8 runs)
Garbage Collector(s) used:    PS MarkSweep, PS Scavenge
Used heap memory:                260MB (   248 MiB) max;     75MB (    72 MiB) avg;    269MB (   256 MiB) peak
Used non-heap memory:             36MB (    34 MiB) max;     28MB (    27 MiB) avg;     37MB (    36 MiB) peak
Used in PS Old Gen pool:          30MB (    28 MiB) max;     17MB (    16 MiB) avg;     31MB (    30 MiB) peak
Allocated heap memory:           428MB (   409 MiB) max;    243MB (   231 MiB) avg
Allocated non-heap memory:        37MB (    36 MiB) max;     30MB (    29 MiB) avg
Total process virtual memory:  13241MB ( 12628 MiB) max;  13237MB ( 12623 MiB) avg

Verification result: TRUE. No property violation found by chosen configuration.
More details about the verification run can be found in the directory "/home/yqs17/blazer/cpachecker-inc-pred/output-ori-final/flat/drivers--media--dvb--dvb-usb--dvb-usb-rtl28xxu.ko.004.fba16b1.32_7a.cil_safe.i".
