scripts/cpa.sh -heap 10000M -predicateAnalysis-ABEl-debug -setprop cpa.predicate.refinement.performInitialStaticRefinement=false -disable-java-assertions -outputpath /home/yqs17/blazer/cpachecker-inc-pred/output-ori-final/flat/drivers--mtd--mtdoops.ko.016.48ec00a.32_1.cil_safe.i -stats -spec /home/yqs17/blazer/cpachecker-inc-pred/LDVErrorLabel.spc -entryfunction ldv_main0_sequence_infinite_withcheck_stateful /home/yqs17/blazer/cpachecker-inc-pred/programs-flat/drivers--mtd--mtdoops.ko.016.48ec00a.32_1.cil_safe.i


--------------------------------------------------------------------------------


Running CPAchecker with Java heap of size 10000M.
Running CPAchecker with the following extra VM options:  -Djava.io.tmpdir=/tmp/BenchExec_run_zu21lthz/tmp
PredicateCPA statistics
-----------------------
Read Precision Time:                0.000s
Precision file size:                0
Write Precision Time:               0.002s
Number of abstractions:            1353 (8% of all post computations)
  Times abstraction was reused:    0
  Because of function entry/exit:  1201 (89%)
  Because of loop head:            152 (11%)
  Because of join nodes:           0 (0%)
  Because of threshold:            0 (0%)
  Times precision was empty:       438 (32%)
  Times precision was {false}:     151 (11%)
  Times result was cached:         667 (49%)
  Times cartesian abs was used:    0 (0%)
  Times boolean abs was used:      97 (7%)
  Times result was 'false':        36 (3%)
Number of strengthen sat checks:   9
  Times result was 'false':        0 (0%)
Number of coverage checks:         4284
  BDD entailment checks:           544
Number of SMT sat checks:          9
  trivial:                         9
  cached:                          0

Max ABE block size:                       25
Number of predicates discovered:          4
Number of abstraction locations:          0
Max number of predicates per location:    0
Avg number of predicates per location:    0
Total predicates per abstraction:         321
Max number of predicates per abstraction: 2
Avg number of predicates per abstraction: 1.29
Number of irrelevant predicates:          214 (67%)
Number of preds handled by boolean abs:   107 (33%)
  Total number of models for allsat:      102
  Max number of models for allsat:        2
  Avg number of models for allsat:        1.05

Number of path formula cache hits:   13545 (70%)

Time for post operator:                  1.486s
  Time for path formula creation:        1.189s
    Actual computation:                  1.067s
Time for strengthen operator:            0.028s
  Time for satisfiability checks:        0.000s
Time for prec operator:                  1.423s
  Time for abstraction:                  1.205s (Max:     0.048s, Count: 1353)
    Boolean abstraction:                 0.148s
    Solving time:                        0.357s (Max:     0.024s)
    Model enumeration time:              0.014s
    Time for BDD construction:           0.016s (Max:     0.012s)
Time for merge operator:                 0.523s
Time for coverage check:                 0.011s
  Time for BDD entailment checks:        0.010s
Total time for SMT solver (w/o itp):     0.371s

Number of BDD nodes:                               208
Size of BDD node table:                            466043
Size of BDD cache:                                 46619
Size of BDD node cleanup queue:                          81 (count: 5215, min: 0, max: 29, avg: 0.02)
Time for BDD node cleanup:                             0.007s
Time for BDD garbage collection:                       0.000s (in 0 runs)

PrecisionBootstrap statistics
-----------------------------
Init. function predicates:                         0
Init. global predicates:                           0
Init. location predicates:                         0

----------------------

AutomatonAnalysis (SVCOMP) statistics
-------------------------------------
Number of states:                                  1
Total time for successor computation:                  0.064s
Automaton transfers with branching:                0
Automaton transfer successors:                        17157 (count: 17157, min: 1, max: 1, avg: 1.00) [1 x 17157]

CPA algorithm statistics
------------------------
Number of iterations:            14851
Max size of waitlist:            25
Average size of waitlist:        14
Number of computed successors:   17157
Max successors for one state:    2
Number of times merged:          1870
Number of times stopped:         2259
Number of times abs stopped:     389
Number of times nonAbs stopped:  0
Number of times doAbstraction node:  1353
Number of times breaked:         9

Total time for CPA algorithm:         4.606s (Max:     0.933s)
CPU time for CPA algorithm:           9.110s
  Time for choose from waitlist:      0.027s
  Time for precision adjustment:      1.559s
  Time for transfer relation:         1.950s
  Time for merge operator:            0.656s
  Time for stop operator:             0.074s
  Time for adding to reached set:     0.070s

Predicate-Abstraction Refiner statistics
----------------------------------------
Avg. length of target path (in blocks):                 138 (count: 9, min: 5, max: 23, avg: 15.33)
Number of infeasible sliced prefixes:                     0 (count: 0, min: 0, max: 0, avg: 0.00)

Time for refinement:                                   0.659s
  Counterexample analysis:                0.563s (Max:     0.254s, Calls: 9)
    Refinement sat check:                 0.120s
    Interpolant computation:              0.000s
  Error path post-processing:                          0.000s
  Path-formulas extraction:                            0.000s
  Building the counterexample trace:                   0.563s
  Extracting precise counterexample:                   0.000s
  Extracting infeasible sliced prefixes:               0.000s
  Selecting infeasible sliced prefixes:                0.000s
  Predicate creation:                                  0.004s
  Precision update:                                    0.003s
  ARG update:                                          0.079s

Length of refined path (in blocks):                     120 (count: 9, min: 4, max: 22, avg: 13.33)
Number of affected states:                               97 (count: 9, min: 1, max: 21, avg: 10.78)
Length (states) of path with itp 'true':                 14 (count: 9, min: 0, max: 9, avg: 1.56)
Length (states) of path with itp non-trivial itp:        97 (count: 9, min: 1, max: 21, avg: 10.78)
Length (states) of path with itp 'false':                 9 (count: 9, min: 1, max: 1, avg: 1.00)
Different non-trivial interpolants along paths:           0 (count: 9, min: 0, max: 0, avg: 0.00)
Equal non-trivial interpolants along paths:              88 (count: 9, min: 0, max: 20, avg: 9.78)
Different precisions along paths:                         0 (count: 0, min: 0, max: 0, avg: 0.00)
Equal precisions along paths:                             0 (count: 0, min: 0, max: 0, avg: 0.00)
Number of refs with location-based cutoff:                0

CEGAR algorithm statistics
--------------------------
Number of refinements:                9
Lazy expansion status:                false
Expansion times:                      0
Total path lengths:                   4606
SP times:                             0
Number of added holes:                0
Number of successful refinements:     9
Number of failed refinements:         0
Max. size of reached set before ref.: 2459
Max. size of reached set after ref.:  1596
Avg. size of reached set before ref.: 1989.22
Avg. size of reached set after ref.:  536.67

Total time for CEGAR algorithm:       5.296s
CPU time for CEGAR algorithm:        10.460s
Time for refinements:                 0.687s
CPU time for refinements:             1.350s
Average time for refinement:          0.076s
Max time for refinement:              0.270s
First time for refinement:             0.460s
Last time for refinement:              0.171s
Average time for analysis:          0.460s
Number of analysis:                10

Counterexample-Check Algorithm statistics
-----------------------------------------
Number of counterexample checks:    0

Code Coverage
-----------------------------
  Visited lines:          1813
  Total lines:            11
  Line coverage:          164.818

CPAchecker general statistics
-----------------------------
Number of program locations:     1038
Number of CFA edges:             1163
Number of relevant variables:    98
Number of functions:             30
Number of loops:                 4
Size of reached set:             1790
  Number of reached locations:   796 (77%)
    Avg states per location:     2
    Max states per location:     18 (at node N414)
  Number of reached functions:   14 (47%)
  Number of partitions:          1786
    Avg size of partitions:      1
    Max size of partitions:      2 (with key [N629 (before /work/ldvuser/novikov/work/current--X--drivers/mtd/mtdoops.ko--X--defaultlinux--X--32_1--X--cpachecker/linux/csd_deg_dscv/11/dscv_tempdir/dscv/ri/32_1/drivers/mtd/mtdoops.c, line 566), Function ldv_main0_sequence_infinite_withcheck_stateful called from node N615, stack depth 1 [5cc126dc], stack [ldv_main0_sequence_infinite_withcheck_stateful], Init])
  Number of target states:       0

Time for analysis setup:                   1.577s
  Time for loading CPAs:                   0.365s
  Time for impacted traverse:              0.002s
  Time for loading parser:        0.030s
  Time for CFA construction:      1.097s
    Time for parsing file(s):     0.369s
    Time for AST to CFA:          0.411s
    Time for CFA sanity check:    0.000s
    Time for post-processing:     0.207s
      Time for var class.:        0.000s
Time for Analysis:                         5.298s
CPU time for analysis:     10.460s

Time for Garbage Collector:       0.209s (in 8 runs)
Garbage Collector(s) used:    PS MarkSweep, PS Scavenge
Used heap memory:                251MB (   239 MiB) max;     76MB (    73 MiB) avg;    264MB (   252 MiB) peak
Used non-heap memory:             35MB (    34 MiB) max;     30MB (    28 MiB) avg;     38MB (    36 MiB) peak
Used in PS Old Gen pool:          22MB (    21 MiB) max;     14MB (    14 MiB) avg;     24MB (    23 MiB) peak
Allocated heap memory:           417MB (   398 MiB) max;    245MB (   233 MiB) avg
Allocated non-heap memory:        38MB (    36 MiB) max;     32MB (    30 MiB) avg
Total process virtual memory:  13242MB ( 12629 MiB) max;  13237MB ( 12624 MiB) avg

Verification result: TRUE. No property violation found by chosen configuration.
More details about the verification run can be found in the directory "/home/yqs17/blazer/cpachecker-inc-pred/output-ori-final/flat/drivers--mtd--mtdoops.ko.016.48ec00a.32_1.cil_safe.i".
