scripts/cpa.sh -heap 10000M -predicateAnalysis-ABEl-debug -setprop cpa.predicate.refinement.performInitialStaticRefinement=false -disable-java-assertions -outputpath /home/yqs17/blazer/cpachecker-inc-pred/output-ori-final/flat/drivers--net--wireless--wl12xx--wl12xx_sdio.ko.005.2da69b8.32_7a.cil_safe.i -stats -spec /home/yqs17/blazer/cpachecker-inc-pred/LDVErrorLabel.spc -entryfunction ldv_main0_sequence_infinite_withcheck_stateful /home/yqs17/blazer/cpachecker-inc-pred/programs-flat/drivers--net--wireless--wl12xx--wl12xx_sdio.ko.005.2da69b8.32_7a.cil_safe.i


--------------------------------------------------------------------------------


Running CPAchecker with Java heap of size 10000M.
Running CPAchecker with the following extra VM options:  -Djava.io.tmpdir=/tmp/BenchExec_run_hif23597/tmp
PredicateCPA statistics
-----------------------
Read Precision Time:                0.000s
Precision file size:                0
Write Precision Time:               0.006s
Number of abstractions:            8229 (17% of all post computations)
  Times abstraction was reused:    0
  Because of function entry/exit:  7598 (92%)
  Because of loop head:            631 (8%)
  Because of join nodes:           0 (0%)
  Because of threshold:            0 (0%)
  Times precision was empty:       1934 (24%)
  Times precision was {false}:     366 (4%)
  Times result was cached:         5380 (65%)
  Times cartesian abs was used:    0 (0%)
  Times boolean abs was used:      549 (7%)
  Times result was 'false':        121 (1%)
Number of strengthen sat checks:   20
  Times result was 'false':        0 (0%)
Number of coverage checks:         8295
  BDD entailment checks:           3643
Number of SMT sat checks:          20
  trivial:                         20
  cached:                          0

Max ABE block size:                       27
Number of predicates discovered:          6
Number of abstraction locations:          0
Max number of predicates per location:    0
Avg number of predicates per location:    0
Total predicates per abstraction:         1713
Max number of predicates per abstraction: 5
Avg number of predicates per abstraction: 1.87
Number of irrelevant predicates:          875 (51%)
Number of preds handled by boolean abs:   838 (49%)
  Total number of models for allsat:      621
  Max number of models for allsat:        3
  Avg number of models for allsat:        1.13

Number of path formula cache hits:   42429 (75%)

Time for post operator:                  2.403s
  Time for path formula creation:        1.488s
    Actual computation:                  1.282s
Time for strengthen operator:            0.043s
  Time for satisfiability checks:        0.000s
Time for prec operator:                  2.439s
  Time for abstraction:                  2.000s (Max:     0.048s, Count: 8229)
    Boolean abstraction:                 0.277s
    Solving time:                        0.208s (Max:     0.018s)
    Model enumeration time:              0.041s
    Time for BDD construction:           0.020s (Max:     0.002s)
Time for merge operator:                 0.192s
Time for coverage check:                 0.027s
  Time for BDD entailment checks:        0.022s
Total time for SMT solver (w/o itp):     0.249s

Number of BDD nodes:                               317
Size of BDD node table:                            466043
Size of BDD cache:                                 46619
Size of BDD node cleanup queue:                         329 (count: 14394, min: 0, max: 158, avg: 0.02)
Time for BDD node cleanup:                             0.004s
Time for BDD garbage collection:                       0.000s (in 0 runs)

PrecisionBootstrap statistics
-----------------------------
Init. function predicates:                         0
Init. global predicates:                           0
Init. location predicates:                         0

----------------------

AutomatonAnalysis (SVCOMP) statistics
-------------------------------------
Number of states:                                  1
Total time for successor computation:                  0.098s
Automaton transfers with branching:                0
Automaton transfer successors:                        48751 (count: 48751, min: 1, max: 1, avg: 1.00) [1 x 48751]

CPA algorithm statistics
------------------------
Number of iterations:            44395
Max size of waitlist:            48
Average size of waitlist:        24
Number of computed successors:   48751
Max successors for one state:    2
Number of times merged:          2326
Number of times stopped:         4190
Number of times abs stopped:     1864
Number of times nonAbs stopped:  0
Number of times doAbstraction node:  8229
Number of times breaked:         20

Total time for CPA algorithm:         7.250s (Max:     0.913s)
CPU time for CPA algorithm:          14.420s
  Time for choose from waitlist:      0.059s
  Time for precision adjustment:      2.635s
  Time for transfer relation:         3.256s
  Time for merge operator:            0.334s
  Time for stop operator:             0.193s
  Time for adding to reached set:     0.189s

Predicate-Abstraction Refiner statistics
----------------------------------------
Avg. length of target path (in blocks):                 395 (count: 20, min: 10, max: 41, avg: 19.75)
Number of infeasible sliced prefixes:                     0 (count: 0, min: 0, max: 0, avg: 0.00)

Time for refinement:                                   0.830s
  Counterexample analysis:                0.575s (Max:     0.146s, Calls: 20)
    Refinement sat check:                 0.150s
    Interpolant computation:              0.000s
  Error path post-processing:                          0.000s
  Path-formulas extraction:                            0.001s
  Building the counterexample trace:                   0.575s
  Extracting precise counterexample:                   0.000s
  Extracting infeasible sliced prefixes:               0.000s
  Selecting infeasible sliced prefixes:                0.000s
  Predicate creation:                                  0.007s
  Precision update:                                    0.006s
  ARG update:                                          0.206s

Length of refined path (in blocks):                     349 (count: 20, min: 6, max: 40, avg: 17.45)
Number of affected states:                              286 (count: 20, min: 1, max: 38, avg: 14.30)
Length (states) of path with itp 'true':                 43 (count: 20, min: 0, max: 27, avg: 2.15)
Length (states) of path with itp non-trivial itp:       286 (count: 20, min: 1, max: 38, avg: 14.30)
Length (states) of path with itp 'false':                20 (count: 20, min: 1, max: 1, avg: 1.00)
Different non-trivial interpolants along paths:           2 (count: 20, min: 0, max: 2, avg: 0.10)
Equal non-trivial interpolants along paths:             264 (count: 20, min: 0, max: 37, avg: 13.20)
Different precisions along paths:                         0 (count: 0, min: 0, max: 0, avg: 0.00)
Equal precisions along paths:                             0 (count: 0, min: 0, max: 0, avg: 0.00)
Number of refs with location-based cutoff:                0

CEGAR algorithm statistics
--------------------------
Number of refinements:                20
Lazy expansion status:                false
Expansion times:                      0
Total path lengths:                   20240
SP times:                             0
Number of added holes:                0
Number of successful refinements:     20
Number of failed refinements:         0
Max. size of reached set before ref.: 4895
Max. size of reached set after ref.:  2159
Avg. size of reached set before ref.: 3042.05
Avg. size of reached set after ref.:  981.35

Total time for CEGAR algorithm:       8.318s
CPU time for CEGAR algorithm:        16.520s
Time for refinements:                 1.065s
CPU time for refinements:             1.750s
Average time for refinement:          0.053s
Max time for refinement:              0.228s
First time for refinement:             0.345s
Last time for refinement:              0.207s
Average time for analysis:          0.345s
Number of analysis:                21

Counterexample-Check Algorithm statistics
-----------------------------------------
Number of counterexample checks:    0

Code Coverage
-----------------------------
  Visited lines:          5010
  Total lines:            4
  Line coverage:          1252.500

CPAchecker general statistics
-----------------------------
Number of program locations:     1532
Number of CFA edges:             1663
Number of relevant variables:    136
Number of functions:             46
Number of loops:                 2
Size of reached set:             3227
  Number of reached locations:   1434 (94%)
    Avg states per location:     2
    Max states per location:     40 (at node N648)
  Number of reached functions:   35 (76%)
  Number of partitions:          3220
    Avg size of partitions:      1
    Max size of partitions:      4 (with key [N607 (before /work/ldvuser/novikov/work/current--X--drivers/net/wireless/wl12xx/wl12xx_sdio.ko--X--defaultlinux--X--32_7a--X--cpachecker/linux/csd_deg_dscv/26/dscv_tempdir/dscv/ri/32_7a/drivers/net/wireless/wl12xx/sdio.c.prepared, line 604), Function ldv_main0_sequence_infinite_withcheck_stateful called from node N485, stack depth 1 [285f09de], stack [ldv_main0_sequence_infinite_withcheck_stateful], Init])
  Number of target states:       0

Time for analysis setup:                   1.988s
  Time for loading CPAs:                   0.370s
  Time for impacted traverse:              0.005s
  Time for loading parser:        0.028s
  Time for CFA construction:      1.500s
    Time for parsing file(s):     0.485s
    Time for AST to CFA:          0.502s
    Time for CFA sanity check:    0.000s
    Time for post-processing:     0.309s
      Time for var class.:        0.000s
Time for Analysis:                         8.322s
CPU time for analysis:     16.540s

Time for Garbage Collector:       0.294s (in 10 runs)
Garbage Collector(s) used:    PS MarkSweep, PS Scavenge
Used heap memory:                452MB (   431 MiB) max;    134MB (   128 MiB) avg;    468MB (   447 MiB) peak
Used non-heap memory:             37MB (    35 MiB) max;     31MB (    30 MiB) avg;     39MB (    37 MiB) peak
Used in PS Old Gen pool:          28MB (    27 MiB) max;     21MB (    20 MiB) avg;     28MB (    27 MiB) peak
Allocated heap memory:           551MB (   525 MiB) max;    333MB (   318 MiB) avg
Allocated non-heap memory:        40MB (    38 MiB) max;     34MB (    32 MiB) avg
Total process virtual memory:  13242MB ( 12629 MiB) max;  13238MB ( 12625 MiB) avg

Verification result: TRUE. No property violation found by chosen configuration.
More details about the verification run can be found in the directory "/home/yqs17/blazer/cpachecker-inc-pred/output-ori-final/flat/drivers--net--wireless--wl12xx--wl12xx_sdio.ko.005.2da69b8.32_7a.cil_safe.i".
