scripts/cpa.sh -heap 10000M -predicateAnalysis-ABEl-debug -setprop cpa.predicate.refinement.performInitialStaticRefinement=false -disable-java-assertions -outputpath /home/yqs17/blazer/cpachecker-inc-pred/output-ori-final/flat/drivers--block--drbd--drbd.ko.006.ad19bf6.32_7a.cil_safe.i -stats -spec /home/yqs17/blazer/cpachecker-inc-pred/LDVErrorLabel.spc -entryfunction ldv_main0_sequence_infinite_withcheck_stateful /home/yqs17/blazer/cpachecker-inc-pred/programs-flat/drivers--block--drbd--drbd.ko.006.ad19bf6.32_7a.cil_safe.i


--------------------------------------------------------------------------------


Running CPAchecker with Java heap of size 10000M.
Running CPAchecker with the following extra VM options:  -Djava.io.tmpdir=/tmp/BenchExec_run_hs06lks8/tmp
PredicateCPA statistics
-----------------------
Read Precision Time:                0.000s
Precision file size:                0
Write Precision Time:               0.001s
Number of abstractions:            149 (6% of all post computations)
  Times abstraction was reused:    0
  Because of function entry/exit:  123 (83%)
  Because of loop head:            26 (17%)
  Because of join nodes:           0 (0%)
  Because of threshold:            0 (0%)
  Times precision was empty:       43 (29%)
  Times precision was {false}:     14 (9%)
  Times result was cached:         41 (28%)
  Times cartesian abs was used:    0 (0%)
  Times boolean abs was used:      51 (34%)
  Times result was 'false':        21 (14%)
Number of strengthen sat checks:   6
  Times result was 'false':        0 (0%)
Number of coverage checks:         78
  BDD entailment checks:           30
Number of SMT sat checks:          6
  trivial:                         6
  cached:                          0

Max ABE block size:                       57
Number of predicates discovered:          4
Number of abstraction locations:          0
Max number of predicates per location:    0
Avg number of predicates per location:    0
Total predicates per abstraction:         127
Max number of predicates per abstraction: 3
Avg number of predicates per abstraction: 1.95
Number of irrelevant predicates:          31 (24%)
Number of preds handled by boolean abs:   96 (76%)
  Total number of models for allsat:      51
  Max number of models for allsat:        1
  Avg number of models for allsat:        1.00

Number of path formula cache hits:   692 (25%)

Time for post operator:                  0.685s
  Time for path formula creation:        0.594s
    Actual computation:                  0.520s
Time for strengthen operator:            0.009s
  Time for satisfiability checks:        0.001s
Time for prec operator:                  0.199s
  Time for abstraction:                  0.173s (Max:     0.017s, Count: 149)
    Boolean abstraction:                 0.038s
    Solving time:                        0.021s (Max:     0.003s)
    Model enumeration time:              0.000s
    Time for BDD construction:           0.009s (Max:     0.007s)
Time for merge operator:                 0.006s
Time for coverage check:                 0.009s
  Time for BDD entailment checks:        0.009s
Total time for SMT solver (w/o itp):     0.021s

Number of BDD nodes:                               208
Size of BDD node table:                            466043
Size of BDD cache:                                 46619
Size of BDD node cleanup queue:                          77 (count: 94159, min: 0, max: 77, avg: 0.00)
Time for BDD node cleanup:                             0.009s
Time for BDD garbage collection:                       0.000s (in 0 runs)

PrecisionBootstrap statistics
-----------------------------
Init. function predicates:                         0
Init. global predicates:                           0
Init. location predicates:                         0

----------------------

AutomatonAnalysis (SVCOMP) statistics
-------------------------------------
Number of states:                                  1
Total time for successor computation:                  0.026s
Automaton transfers with branching:                0
Automaton transfer successors:                         2633 (count: 2633, min: 1, max: 1, avg: 1.00) [1 x 2633]

CPA algorithm statistics
------------------------
Number of iterations:            2552
Max size of waitlist:            6
Average size of waitlist:        1
Number of computed successors:   2633
Max successors for one state:    2
Number of times merged:          24
Number of times stopped:         44
Number of times abs stopped:     20
Number of times nonAbs stopped:  0
Number of times doAbstraction node:  149
Number of times breaked:         6

Total time for CPA algorithm:         1.222s (Max:     0.930s)
CPU time for CPA algorithm:           2.420s
  Time for choose from waitlist:      0.019s
  Time for precision adjustment:      0.226s
  Time for transfer relation:         0.851s
  Time for merge operator:            0.010s
  Time for stop operator:             0.025s
  Time for adding to reached set:     0.034s

Predicate-Abstraction Refiner statistics
----------------------------------------
Avg. length of target path (in blocks):                  57 (count: 6, min: 6, max: 13, avg: 9.50)
Number of infeasible sliced prefixes:                     0 (count: 0, min: 0, max: 0, avg: 0.00)

Time for refinement:                                   0.611s
  Counterexample analysis:                0.569s (Max:     0.233s, Calls: 6)
    Refinement sat check:                 0.334s
    Interpolant computation:              0.000s
  Error path post-processing:                          0.000s
  Path-formulas extraction:                            0.000s
  Building the counterexample trace:                   0.569s
  Extracting precise counterexample:                   0.000s
  Extracting infeasible sliced prefixes:               0.000s
  Selecting infeasible sliced prefixes:                0.000s
  Predicate creation:                                  0.003s
  Precision update:                                    0.001s
  ARG update:                                          0.018s

Length of refined path (in blocks):                      51 (count: 6, min: 5, max: 12, avg: 8.50)
Number of affected states:                               39 (count: 6, min: 3, max: 10, avg: 6.50)
Length (states) of path with itp 'true':                  6 (count: 6, min: 1, max: 1, avg: 1.00)
Length (states) of path with itp non-trivial itp:        39 (count: 6, min: 3, max: 10, avg: 6.50)
Length (states) of path with itp 'false':                 6 (count: 6, min: 1, max: 1, avg: 1.00)
Different non-trivial interpolants along paths:           0 (count: 6, min: 0, max: 0, avg: 0.00)
Equal non-trivial interpolants along paths:              33 (count: 6, min: 2, max: 9, avg: 5.50)
Different precisions along paths:                         0 (count: 0, min: 0, max: 0, avg: 0.00)
Equal precisions along paths:                             0 (count: 0, min: 0, max: 0, avg: 0.00)
Number of refs with location-based cutoff:                0

CEGAR algorithm statistics
--------------------------
Number of refinements:                6
Lazy expansion status:                false
Expansion times:                      0
Total path lengths:                   11733
SP times:                             0
Number of added holes:                0
Number of successful refinements:     6
Number of failed refinements:         0
Max. size of reached set before ref.: 2034
Max. size of reached set after ref.:  1923
Avg. size of reached set before ref.: 2018.33
Avg. size of reached set after ref.:  1923.00

Total time for CEGAR algorithm:       1.878s
CPU time for CEGAR algorithm:         3.730s
Time for refinements:                 0.655s
CPU time for refinements:             1.290s
Average time for refinement:          0.109s
Max time for refinement:              0.266s
First time for refinement:             0.174s
Last time for refinement:              0.033s
Average time for analysis:          0.174s
Number of analysis:                7

Counterexample-Check Algorithm statistics
-----------------------------------------
Number of counterexample checks:    0

Code Coverage
-----------------------------
  Visited lines:          5823
  Total lines:            13
  Line coverage:          447.923

CPAchecker general statistics
-----------------------------
Number of program locations:     31254
Number of CFA edges:             42667
Number of relevant variables:    6942
Number of functions:             746
Number of loops:                 176
Size of reached set:             1997
  Number of reached locations:   1981 (6%)
    Avg states per location:     1
    Max states per location:     2 (at node N2936)
  Number of reached functions:   6 (1%)
  Number of partitions:          1997
    Avg size of partitions:      1
    Max size of partitions:      1
  Number of target states:       0

Time for analysis setup:                   7.425s
  Time for loading CPAs:                   0.623s
  Time for impacted traverse:              0.002s
  Time for loading parser:        0.029s
  Time for CFA construction:      6.684s
    Time for parsing file(s):     1.160s
    Time for AST to CFA:          2.171s
    Time for CFA sanity check:    0.002s
    Time for post-processing:     2.841s
      Time for var class.:        0.000s
Time for Analysis:                         1.881s
CPU time for analysis:      3.740s

Time for Garbage Collector:       0.781s (in 9 runs)
Garbage Collector(s) used:    PS MarkSweep, PS Scavenge
Used heap memory:                255MB (   243 MiB) max;    121MB (   115 MiB) avg;    369MB (   352 MiB) peak
Used non-heap memory:             41MB (    39 MiB) max;     27MB (    26 MiB) avg;     42MB (    40 MiB) peak
Used in PS Old Gen pool:          60MB (    58 MiB) max;     44MB (    42 MiB) avg;     72MB (    69 MiB) peak
Allocated heap memory:           445MB (   425 MiB) max;    311MB (   297 MiB) avg
Allocated non-heap memory:        42MB (    40 MiB) max;     27MB (    26 MiB) avg
Total process virtual memory:  13240MB ( 12627 MiB) max;  13234MB ( 12620 MiB) avg

Verification result: TRUE. No property violation found by chosen configuration.
More details about the verification run can be found in the directory "/home/yqs17/blazer/cpachecker-inc-pred/output-ori-final/flat/drivers--block--drbd--drbd.ko.006.ad19bf6.32_7a.cil_safe.i".
