scripts/cpa.sh -heap 10000M -predicateAnalysis-ABEl-debug -setprop cpa.predicate.refinement.performInitialStaticRefinement=false -disable-java-assertions -outputpath /home/yqs17/blazer/cpachecker-inc-pred/output-ori-final/flat/drivers--video--backlight--tdo24m.ko.000.dd89ccb.43_1a.cil_safe.i -stats -spec /home/yqs17/blazer/cpachecker-inc-pred/LDVErrorLabel.spc -entryfunction ldv_main0_sequence_infinite_withcheck_stateful /home/yqs17/blazer/cpachecker-inc-pred/programs-flat/drivers--video--backlight--tdo24m.ko.000.dd89ccb.43_1a.cil_safe.i


--------------------------------------------------------------------------------


Running CPAchecker with Java heap of size 10000M.
Running CPAchecker with the following extra VM options:  -Djava.io.tmpdir=/tmp/BenchExec_run_ba292177/tmp
PredicateCPA statistics
-----------------------
Read Precision Time:                0.000s
Precision file size:                0
Write Precision Time:               0.004s
Number of abstractions:            5961 (10% of all post computations)
  Times abstraction was reused:    0
  Because of function entry/exit:  4179 (70%)
  Because of loop head:            1782 (30%)
  Because of join nodes:           0 (0%)
  Because of threshold:            0 (0%)
  Times precision was empty:       1704 (29%)
  Times precision was {false}:     140 (2%)
  Times result was cached:         3931 (66%)
  Times cartesian abs was used:    0 (0%)
  Times boolean abs was used:      186 (3%)
  Times result was 'false':        39 (1%)
Number of strengthen sat checks:   13
  Times result was 'false':        0 (0%)
Number of coverage checks:         10464
  BDD entailment checks:           2164
Number of SMT sat checks:          13
  trivial:                         13
  cached:                          0

Max ABE block size:                       22
Number of predicates discovered:          9
Number of abstraction locations:          0
Max number of predicates per location:    0
Avg number of predicates per location:    0
Total predicates per abstraction:         455
Max number of predicates per abstraction: 3
Avg number of predicates per abstraction: 1.40
Number of irrelevant predicates:          240 (53%)
Number of preds handled by boolean abs:   215 (47%)
  Total number of models for allsat:      215
  Max number of models for allsat:        2
  Avg number of models for allsat:        1.16

Number of path formula cache hits:   51744 (78%)

Time for post operator:                  2.626s
  Time for path formula creation:        1.950s
    Actual computation:                  1.650s
Time for strengthen operator:            0.070s
  Time for satisfiability checks:        0.000s
Time for prec operator:                  1.758s
  Time for abstraction:                  1.242s (Max:     0.061s, Count: 5961)
    Boolean abstraction:                 0.128s
    Solving time:                        0.102s (Max:     0.022s)
    Model enumeration time:              0.006s
    Time for BDD construction:           0.007s (Max:     0.001s)
Time for merge operator:                 0.430s
Time for coverage check:                 0.016s
  Time for BDD entailment checks:        0.015s
Total time for SMT solver (w/o itp):     0.108s

Number of BDD nodes:                               226
Size of BDD node table:                            466043
Size of BDD cache:                                 46619
Size of BDD node cleanup queue:                         267 (count: 9083, min: 0, max: 130, avg: 0.03)
Time for BDD node cleanup:                             0.002s
Time for BDD garbage collection:                       0.000s (in 0 runs)

PrecisionBootstrap statistics
-----------------------------
Init. function predicates:                         0
Init. global predicates:                           0
Init. location predicates:                         0

----------------------

AutomatonAnalysis (SVCOMP) statistics
-------------------------------------
Number of states:                                  1
Total time for successor computation:                  0.089s
Automaton transfers with branching:                0
Automaton transfer successors:                        58548 (count: 58548, min: 1, max: 1, avg: 1.00) [1 x 58548]

CPA algorithm statistics
------------------------
Number of iterations:            52664
Max size of waitlist:            34
Average size of waitlist:        19
Number of computed successors:   58548
Max successors for one state:    2
Number of times merged:          4150
Number of times stopped:         5681
Number of times abs stopped:     1531
Number of times nonAbs stopped:  0
Number of times doAbstraction node:  5961
Number of times breaked:         13

Total time for CPA algorithm:         7.005s (Max:     1.771s)
CPU time for CPA algorithm:          13.880s
  Time for choose from waitlist:      0.094s
  Time for precision adjustment:      1.949s
  Time for transfer relation:         3.447s
  Time for merge operator:            0.589s
  Time for stop operator:             0.168s
  Time for adding to reached set:     0.203s

Predicate-Abstraction Refiner statistics
----------------------------------------
Avg. length of target path (in blocks):                 247 (count: 13, min: 10, max: 35, avg: 19.00)
Number of infeasible sliced prefixes:                     0 (count: 0, min: 0, max: 0, avg: 0.00)

Time for refinement:                                   1.281s
  Counterexample analysis:                1.002s (Max:     0.214s, Calls: 13)
    Refinement sat check:                 0.434s
    Interpolant computation:              0.000s
  Error path post-processing:                          0.000s
  Path-formulas extraction:                            0.001s
  Building the counterexample trace:                   1.002s
  Extracting precise counterexample:                   0.000s
  Extracting infeasible sliced prefixes:               0.000s
  Selecting infeasible sliced prefixes:                0.000s
  Predicate creation:                                  0.007s
  Precision update:                                    0.005s
  ARG update:                                          0.246s

Length of refined path (in blocks):                     220 (count: 13, min: 9, max: 34, avg: 16.92)
Number of affected states:                              173 (count: 13, min: 1, max: 33, avg: 13.31)
Length (states) of path with itp 'true':                 34 (count: 13, min: 0, max: 17, avg: 2.62)
Length (states) of path with itp non-trivial itp:       173 (count: 13, min: 1, max: 33, avg: 13.31)
Length (states) of path with itp 'false':                13 (count: 13, min: 1, max: 1, avg: 1.00)
Different non-trivial interpolants along paths:           4 (count: 13, min: 0, max: 4, avg: 0.31)
Equal non-trivial interpolants along paths:             156 (count: 13, min: 0, max: 32, avg: 12.00)
Different precisions along paths:                         0 (count: 0, min: 0, max: 0, avg: 0.00)
Equal precisions along paths:                             0 (count: 0, min: 0, max: 0, avg: 0.00)
Number of refs with location-based cutoff:                0

CEGAR algorithm statistics
--------------------------
Number of refinements:                13
Lazy expansion status:                false
Expansion times:                      0
Total path lengths:                   8401
SP times:                             0
Number of added holes:                0
Number of successful refinements:     13
Number of failed refinements:         0
Max. size of reached set before ref.: 7757
Max. size of reached set after ref.:  3695
Avg. size of reached set before ref.: 4940.15
Avg. size of reached set after ref.:  1232.54

Total time for CEGAR algorithm:       8.316s
CPU time for CEGAR algorithm:        16.440s
Time for refinements:                 1.308s
CPU time for refinements:             2.550s
Average time for refinement:          0.100s
Max time for refinement:              0.237s
First time for refinement:             0.500s
Last time for refinement:              0.206s
Average time for analysis:          0.500s
Number of analysis:                14

Counterexample-Check Algorithm statistics
-----------------------------------------
Number of counterexample checks:    0

Code Coverage
-----------------------------
  Visited lines:          2871
  Total lines:            5
  Line coverage:          574.200

CPAchecker general statistics
-----------------------------
Number of program locations:     1002
Number of CFA edges:             1129
Number of relevant variables:    127
Number of functions:             41
Number of loops:                 2
Size of reached set:             4630
  Number of reached locations:   871 (87%)
    Avg states per location:     5
    Max states per location:     67 (at node N67)
  Number of reached functions:   22 (54%)
  Number of partitions:          4603
    Avg size of partitions:      1
    Max size of partitions:      3 (with key [N179 (after /work/ldvuser/novikov/work/current--X--drivers/video/backlight/tdo24m.ko--X--defaultlinux--X--43_1a--X--cpachecker/linux/csd_deg_dscv/11/dscv_tempdir/dscv/ri/43_1a/drivers/video/backlight/tdo24m.c.prepared, line 246), Function tdo24m_power called from node N325, stack depth 3 [7e2e6e75], stack [ldv_main0_sequence_infinite_withcheck_stateful, tdo24m_resume, tdo24m_power], Init])
  Number of target states:       0

Time for analysis setup:                   1.648s
  Time for loading CPAs:                   0.372s
  Time for impacted traverse:              0.003s
  Time for loading parser:        0.036s
  Time for CFA construction:      1.165s
    Time for parsing file(s):     0.403s
    Time for AST to CFA:          0.382s
    Time for CFA sanity check:    0.000s
    Time for post-processing:     0.227s
      Time for var class.:        0.000s
Time for Analysis:                         8.322s
CPU time for analysis:     16.450s

Time for Garbage Collector:       0.333s (in 10 runs)
Garbage Collector(s) used:    PS MarkSweep, PS Scavenge
Used heap memory:                363MB (   346 MiB) max;    107MB (   102 MiB) avg;    369MB (   352 MiB) peak
Used non-heap memory:             36MB (    34 MiB) max;     31MB (    30 MiB) avg;     39MB (    37 MiB) peak
Used in PS Old Gen pool:          26MB (    25 MiB) max;     19MB (    18 MiB) avg;     29MB (    28 MiB) peak
Allocated heap memory:           455MB (   434 MiB) max;    295MB (   281 MiB) avg
Allocated non-heap memory:        39MB (    37 MiB) max;     33MB (    32 MiB) avg
Total process virtual memory:  13242MB ( 12628 MiB) max;  13238MB ( 12625 MiB) avg

Verification result: TRUE. No property violation found by chosen configuration.
More details about the verification run can be found in the directory "/home/yqs17/blazer/cpachecker-inc-pred/output-ori-final/flat/drivers--video--backlight--tdo24m.ko.000.dd89ccb.43_1a.cil_safe.i".
