scripts/cpa.sh -heap 10000M -predicateAnalysis-ABEl-debug -setprop cpa.predicate.refinement.performInitialStaticRefinement=false -disable-java-assertions -outputpath /home/yqs17/blazer/cpachecker-inc-pred/output-ori-final/flat/drivers--mfd--janz-cmodio.ko.003.65e5235.32_7a.cil_safe.i -stats -spec /home/yqs17/blazer/cpachecker-inc-pred/LDVErrorLabel.spc -entryfunction ldv_main0_sequence_infinite_withcheck_stateful /home/yqs17/blazer/cpachecker-inc-pred/programs-flat/drivers--mfd--janz-cmodio.ko.003.65e5235.32_7a.cil_safe.i


--------------------------------------------------------------------------------


Running CPAchecker with Java heap of size 10000M.
Running CPAchecker with the following extra VM options:  -Djava.io.tmpdir=/tmp/BenchExec_run_2611e8az/tmp
PredicateCPA statistics
-----------------------
Read Precision Time:                0.000s
Precision file size:                0
Write Precision Time:               0.003s
Number of abstractions:            441 (11% of all post computations)
  Times abstraction was reused:    0
  Because of function entry/exit:  361 (82%)
  Because of loop head:            80 (18%)
  Because of join nodes:           0 (0%)
  Because of threshold:            0 (0%)
  Times precision was empty:       117 (27%)
  Times precision was {false}:     43 (10%)
  Times result was cached:         151 (34%)
  Times cartesian abs was used:    0 (0%)
  Times boolean abs was used:      130 (29%)
  Times result was 'false':        24 (5%)
Number of strengthen sat checks:   6
  Times result was 'false':        0 (0%)
Number of coverage checks:         442
  BDD entailment checks:           154
Number of SMT sat checks:          6
  trivial:                         6
  cached:                          0

Max ABE block size:                       17
Number of predicates discovered:          5
Number of abstraction locations:          0
Max number of predicates per location:    0
Avg number of predicates per location:    0
Total predicates per abstraction:         309
Max number of predicates per abstraction: 4
Avg number of predicates per abstraction: 1.79
Number of irrelevant predicates:          92 (30%)
Number of preds handled by boolean abs:   217 (70%)
  Total number of models for allsat:      149
  Max number of models for allsat:        3
  Avg number of models for allsat:        1.15

Number of path formula cache hits:   2298 (53%)

Time for post operator:                  0.708s
  Time for path formula creation:        0.485s
    Actual computation:                  0.437s
Time for strengthen operator:            0.019s
  Time for satisfiability checks:        0.000s
Time for prec operator:                  0.766s
  Time for abstraction:                  0.691s (Max:     0.049s, Count: 441)
    Boolean abstraction:                 0.197s
    Solving time:                        0.109s (Max:     0.008s)
    Model enumeration time:              0.027s
    Time for BDD construction:           0.009s (Max:     0.001s)
Time for merge operator:                 0.041s
Time for coverage check:                 0.009s
  Time for BDD entailment checks:        0.009s
Total time for SMT solver (w/o itp):     0.136s

Number of BDD nodes:                               239
Size of BDD node table:                            466043
Size of BDD cache:                                 46619
Size of BDD node cleanup queue:                         181 (count: 3172, min: 0, max: 120, avg: 0.06)
Time for BDD node cleanup:                             0.001s
Time for BDD garbage collection:                       0.000s (in 0 runs)

PrecisionBootstrap statistics
-----------------------------
Init. function predicates:                         0
Init. global predicates:                           0
Init. location predicates:                         0

----------------------

AutomatonAnalysis (SVCOMP) statistics
-------------------------------------
Number of states:                                  1
Total time for successor computation:                  0.036s
Automaton transfers with branching:                0
Automaton transfer successors:                         3993 (count: 3993, min: 1, max: 1, avg: 1.00) [1 x 3993]

CPA algorithm statistics
------------------------
Number of iterations:            3716
Max size of waitlist:            21
Average size of waitlist:        9
Number of computed successors:   3993
Max successors for one state:    2
Number of times merged:          144
Number of times stopped:         237
Number of times abs stopped:     93
Number of times nonAbs stopped:  0
Number of times doAbstraction node:  441
Number of times breaked:         6

Total time for CPA algorithm:         2.162s (Max:     0.461s)
CPU time for CPA algorithm:           4.220s
  Time for choose from waitlist:      0.015s
  Time for precision adjustment:      0.810s
  Time for transfer relation:         0.972s
  Time for merge operator:            0.065s
  Time for stop operator:             0.036s
  Time for adding to reached set:     0.060s

Predicate-Abstraction Refiner statistics
----------------------------------------
Avg. length of target path (in blocks):                 133 (count: 6, min: 10, max: 32, avg: 22.17)
Number of infeasible sliced prefixes:                     0 (count: 0, min: 0, max: 0, avg: 0.00)

Time for refinement:                                   0.434s
  Counterexample analysis:                0.385s (Max:     0.088s, Calls: 6)
    Refinement sat check:                 0.115s
    Interpolant computation:              0.000s
  Error path post-processing:                          0.000s
  Path-formulas extraction:                            0.000s
  Building the counterexample trace:                   0.385s
  Extracting precise counterexample:                   0.000s
  Extracting infeasible sliced prefixes:               0.000s
  Selecting infeasible sliced prefixes:                0.000s
  Predicate creation:                                  0.004s
  Precision update:                                    0.002s
  ARG update:                                          0.035s

Length of refined path (in blocks):                     113 (count: 6, min: 6, max: 31, avg: 18.83)
Number of affected states:                              104 (count: 6, min: 5, max: 29, avg: 17.33)
Length (states) of path with itp 'true':                  3 (count: 6, min: 0, max: 1, avg: 0.50)
Length (states) of path with itp non-trivial itp:       104 (count: 6, min: 5, max: 29, avg: 17.33)
Length (states) of path with itp 'false':                 6 (count: 6, min: 1, max: 1, avg: 1.00)
Different non-trivial interpolants along paths:           4 (count: 6, min: 0, max: 2, avg: 0.67)
Equal non-trivial interpolants along paths:              94 (count: 6, min: 4, max: 28, avg: 15.67)
Different precisions along paths:                         0 (count: 0, min: 0, max: 0, avg: 0.00)
Equal precisions along paths:                             0 (count: 0, min: 0, max: 0, avg: 0.00)
Number of refs with location-based cutoff:                0

CEGAR algorithm statistics
--------------------------
Number of refinements:                6
Lazy expansion status:                false
Expansion times:                      0
Total path lengths:                   2811
SP times:                             0
Number of added holes:                0
Number of successful refinements:     6
Number of failed refinements:         0
Max. size of reached set before ref.: 997
Max. size of reached set after ref.:  342
Avg. size of reached set before ref.: 854.50
Avg. size of reached set after ref.:  340.00

Total time for CEGAR algorithm:       2.623s
CPU time for CEGAR algorithm:         5.140s
Time for refinements:                 0.458s
CPU time for refinements:             0.920s
Average time for refinement:          0.076s
Max time for refinement:              0.115s
First time for refinement:             0.309s
Last time for refinement:              0.062s
Average time for analysis:          0.309s
Number of analysis:                7

Counterexample-Check Algorithm statistics
-----------------------------------------
Number of counterexample checks:    0

Code Coverage
-----------------------------
  Visited lines:          1383
  Total lines:            1
  Line coverage:          1383.000

CPAchecker general statistics
-----------------------------
Number of program locations:     694
Number of CFA edges:             739
Number of relevant variables:    63
Number of functions:             26
Number of loops:                 2
Size of reached set:             646
  Number of reached locations:   586 (84%)
    Avg states per location:     1
    Max states per location:     4 (at node N275)
  Number of reached functions:   14 (54%)
  Number of partitions:          645
    Avg size of partitions:      1
    Max size of partitions:      2 (with key [N277 (before /work/ldvuser/novikov/work/current--X--drivers/mfd/janz-cmodio.ko--X--defaultlinux--X--32_7a--X--cpachecker/linux/csd_deg_dscv/11/dscv_tempdir/dscv/ri/32_7a/drivers/mfd/janz-cmodio.c.prepared, line 423), Function ldv_main0_sequence_infinite_withcheck_stateful called from node N225, stack depth 1 [20f12539], stack [ldv_main0_sequence_infinite_withcheck_stateful], Init])
  Number of target states:       0

Time for analysis setup:                   1.376s
  Time for loading CPAs:                   0.351s
  Time for impacted traverse:              0.002s
  Time for loading parser:        0.035s
  Time for CFA construction:      0.912s
    Time for parsing file(s):     0.318s
    Time for AST to CFA:          0.305s
    Time for CFA sanity check:    0.001s
    Time for post-processing:     0.170s
      Time for var class.:        0.000s
Time for Analysis:                         2.624s
CPU time for analysis:      5.140s

Time for Garbage Collector:       0.194s (in 6 runs)
Garbage Collector(s) used:    PS MarkSweep, PS Scavenge
Used heap memory:                 99MB (    94 MiB) max;     46MB (    44 MiB) avg;    106MB (   101 MiB) peak
Used non-heap memory:             36MB (    34 MiB) max;     27MB (    26 MiB) avg;     37MB (    35 MiB) peak
Used in PS Old Gen pool:          20MB (    19 MiB) max;      7MB (     7 MiB) avg;     20MB (    19 MiB) peak
Allocated heap memory:           270MB (   258 MiB) max;    182MB (   174 MiB) avg
Allocated non-heap memory:        37MB (    35 MiB) max;     28MB (    27 MiB) avg
Total process virtual memory:  13240MB ( 12627 MiB) max;  13236MB ( 12623 MiB) avg

Verification result: TRUE. No property violation found by chosen configuration.
More details about the verification run can be found in the directory "/home/yqs17/blazer/cpachecker-inc-pred/output-ori-final/flat/drivers--mfd--janz-cmodio.ko.003.65e5235.32_7a.cil_safe.i".
