scripts/cpa.sh -heap 10000M -predicateAnalysis-ABEl-debug -setprop cpa.predicate.refinement.performInitialStaticRefinement=false -disable-java-assertions -outputpath /home/yqs17/blazer/cpachecker-inc-pred/output-ori-final/flat/drivers--scsi--pcmcia--sym53c500_cs.ko.036.317b6d6.08_1a.cil_safe.i -stats -spec /home/yqs17/blazer/cpachecker-inc-pred/LDVErrorLabel.spc -entryfunction ldv_main0_sequence_infinite_withcheck_stateful /home/yqs17/blazer/cpachecker-inc-pred/programs-flat/drivers--scsi--pcmcia--sym53c500_cs.ko.036.317b6d6.08_1a.cil_safe.i


--------------------------------------------------------------------------------


Running CPAchecker with Java heap of size 10000M.
Running CPAchecker with the following extra VM options:  -Djava.io.tmpdir=/tmp/BenchExec_run__8kul5ac/tmp
PredicateCPA statistics
-----------------------
Read Precision Time:                0.000s
Precision file size:                0
Write Precision Time:               0.003s
Number of abstractions:            39246 (20% of all post computations)
  Times abstraction was reused:    0
  Because of function entry/exit:  38351 (98%)
  Because of loop head:            895 (2%)
  Because of join nodes:           0 (0%)
  Because of threshold:            0 (0%)
  Times precision was empty:       6894 (18%)
  Times precision was {false}:     733 (2%)
  Times result was cached:         30619 (78%)
  Times cartesian abs was used:    0 (0%)
  Times boolean abs was used:      1000 (3%)
  Times result was 'false':        1388 (4%)
Number of strengthen sat checks:   24
  Times result was 'false':        0 (0%)
Number of coverage checks:         26309
  BDD entailment checks:           5947
Number of SMT sat checks:          24
  trivial:                         24
  cached:                          0

Max ABE block size:                       32
Number of predicates discovered:          15
Number of abstraction locations:          0
Max number of predicates per location:    0
Avg number of predicates per location:    0
Total predicates per abstraction:         5609
Max number of predicates per abstraction: 9
Avg number of predicates per abstraction: 3.24
Number of irrelevant predicates:          2793 (50%)
Number of preds handled by boolean abs:   2816 (50%)
  Total number of models for allsat:      1633
  Max number of models for allsat:        9
  Avg number of models for allsat:        1.63

Number of path formula cache hits:   168817 (71%)

Time for post operator:                 10.622s
  Time for path formula creation:        6.344s
    Actual computation:                  5.454s
Time for strengthen operator:            0.185s
  Time for satisfiability checks:        0.000s
Time for prec operator:                  6.205s
  Time for abstraction:                  4.822s (Max:     0.222s, Count: 39246)
    Boolean abstraction:                 0.677s
    Solving time:                        0.603s (Max:     0.215s)
    Model enumeration time:              0.087s
    Time for BDD construction:           0.048s (Max:     0.004s)
Time for merge operator:                 0.874s
Time for coverage check:                 0.043s
  Time for BDD entailment checks:        0.031s
Total time for SMT solver (w/o itp):     0.690s

Number of BDD nodes:                               653
Size of BDD node table:                            466043
Size of BDD cache:                                 46619
Size of BDD node cleanup queue:                        1759 (count: 27436, min: 0, max: 438, avg: 0.06)
Time for BDD node cleanup:                             0.012s
Time for BDD garbage collection:                       0.000s (in 0 runs)

PrecisionBootstrap statistics
-----------------------------
Init. function predicates:                         0
Init. global predicates:                           0
Init. location predicates:                         0

----------------------

AutomatonAnalysis (SVCOMP) statistics
-------------------------------------
Number of states:                                  1
Total time for successor computation:                  0.185s
Automaton transfers with branching:                0
Automaton transfer successors:                       201235 (count: 201235, min: 1, max: 1, avg: 1.00) [1 x 201235]

CPA algorithm statistics
------------------------
Number of iterations:            184924
Max size of waitlist:            47
Average size of waitlist:        26
Number of computed successors:   201235
Max successors for one state:    2
Number of times merged:          10181
Number of times stopped:         14927
Number of times abs stopped:     4746
Number of times nonAbs stopped:  0
Number of times doAbstraction node:  39246
Number of times breaked:         24

Total time for CPA algorithm:        22.893s (Max:     1.956s)
CPU time for CPA algorithm:          44.500s
  Time for choose from waitlist:      0.148s
  Time for precision adjustment:      6.678s
  Time for transfer relation:        13.107s
  Time for merge operator:            1.157s
  Time for stop operator:             0.382s
  Time for adding to reached set:     0.419s

Predicate-Abstraction Refiner statistics
----------------------------------------
Avg. length of target path (in blocks):                1000 (count: 24, min: 8, max: 75, avg: 41.67)
Number of infeasible sliced prefixes:                     0 (count: 0, min: 0, max: 0, avg: 0.00)

Time for refinement:                                   1.870s
  Counterexample analysis:                1.090s (Max:     0.148s, Calls: 24)
    Refinement sat check:                 0.177s
    Interpolant computation:              0.000s
  Error path post-processing:                          0.000s
  Path-formulas extraction:                            0.000s
  Building the counterexample trace:                   1.090s
  Extracting precise counterexample:                   0.000s
  Extracting infeasible sliced prefixes:               0.000s
  Selecting infeasible sliced prefixes:                0.000s
  Predicate creation:                                  0.010s
  Precision update:                                    0.012s
  ARG update:                                          0.727s

Length of refined path (in blocks):                     823 (count: 24, min: 7, max: 74, avg: 34.29)
Number of affected states:                              754 (count: 24, min: 2, max: 73, avg: 31.42)
Length (states) of path with itp 'true':                 45 (count: 24, min: 0, max: 14, avg: 1.88)
Length (states) of path with itp non-trivial itp:       754 (count: 24, min: 2, max: 73, avg: 31.42)
Length (states) of path with itp 'false':                24 (count: 24, min: 1, max: 1, avg: 1.00)
Different non-trivial interpolants along paths:          16 (count: 24, min: 0, max: 4, avg: 0.67)
Equal non-trivial interpolants along paths:             714 (count: 24, min: 1, max: 72, avg: 29.75)
Different precisions along paths:                         0 (count: 0, min: 0, max: 0, avg: 0.00)
Equal precisions along paths:                             0 (count: 0, min: 0, max: 0, avg: 0.00)
Number of refs with location-based cutoff:                0

CEGAR algorithm statistics
--------------------------
Number of refinements:                24
Lazy expansion status:                false
Expansion times:                      0
Total path lengths:                   23241
SP times:                             0
Number of added holes:                0
Number of successful refinements:     24
Number of failed refinements:         0
Max. size of reached set before ref.: 11805
Max. size of reached set after ref.:  11345
Avg. size of reached set before ref.: 10321.33
Avg. size of reached set after ref.:  2854.54

Total time for CEGAR algorithm:      24.833s
CPU time for CEGAR algorithm:        48.360s
Time for refinements:                 1.935s
CPU time for refinements:             3.860s
Average time for refinement:          0.080s
Max time for refinement:              0.182s
First time for refinement:             0.915s
Last time for refinement:              0.245s
Average time for analysis:          0.915s
Number of analysis:                25

Counterexample-Check Algorithm statistics
-----------------------------------------
Number of counterexample checks:    0

Code Coverage
-----------------------------
  Visited lines:          4290
  Total lines:            10
  Line coverage:          429.000

CPAchecker general statistics
-----------------------------
Number of program locations:     1887
Number of CFA edges:             2244
Number of relevant variables:    253
Number of functions:             57
Number of loops:                 10
Size of reached set:             5718
  Number of reached locations:   1650 (87%)
    Avg states per location:     3
    Max states per location:     238 (at node N263)
  Number of reached functions:   40 (70%)
  Number of partitions:          5711
    Avg size of partitions:      1
    Max size of partitions:      4 (with key [N1116 (before /work/ldvuser/novikov/work/current--X--drivers/scsi/pcmcia/sym53c500_cs.ko--X--defaultlinux--X--08_1a--X--cpachecker/linux/csd_deg_dscv/11/dscv_tempdir/dscv/ri/08_1a/drivers/scsi/pcmcia/sym53c500_cs.c.prepared, line 865), Function SYM53C500_probe called from node N1208, stack depth 2 [71ec781d], stack [ldv_main0_sequence_infinite_withcheck_stateful, SYM53C500_probe], Init])
  Number of target states:       0

Time for analysis setup:                   1.966s
  Time for loading CPAs:                   0.376s
  Time for impacted traverse:              0.002s
  Time for loading parser:        0.038s
  Time for CFA construction:      1.458s
    Time for parsing file(s):     0.425s
    Time for AST to CFA:          0.513s
    Time for CFA sanity check:    0.000s
    Time for post-processing:     0.358s
      Time for var class.:        0.000s
Time for Analysis:                        24.838s
CPU time for analysis:     48.370s

Time for Garbage Collector:       1.001s (in 20 runs)
Garbage Collector(s) used:    PS MarkSweep, PS Scavenge
Used heap memory:               1169MB (  1115 MiB) max;    291MB (   277 MiB) avg;   1176MB (  1122 MiB) peak
Used non-heap memory:             42MB (    40 MiB) max;     36MB (    34 MiB) avg;     44MB (    42 MiB) peak
Used in PS Old Gen pool:          47MB (    44 MiB) max;     32MB (    30 MiB) avg;     47MB (    44 MiB) peak
Allocated heap memory:          1244MB (  1186 MiB) max;    648MB (   618 MiB) avg
Allocated non-heap memory:        45MB (    42 MiB) max;     38MB (    37 MiB) avg
Total process virtual memory:  13242MB ( 12629 MiB) max;  13239MB ( 12626 MiB) avg

Verification result: TRUE. No property violation found by chosen configuration.
More details about the verification run can be found in the directory "/home/yqs17/blazer/cpachecker-inc-pred/output-ori-final/flat/drivers--scsi--pcmcia--sym53c500_cs.ko.036.317b6d6.08_1a.cil_safe.i".
