scripts/cpa.sh -heap 10000M -predicateAnalysis-ABEl-debug -setprop cpa.predicate.refinement.performInitialStaticRefinement=false -disable-java-assertions -outputpath /home/yqs17/blazer/cpachecker-inc-pred/output-ori-final/flat/drivers--isdn--mISDN--mISDN_core.ko.030.aa11d95.08_1a.cil_safe.i -stats -spec /home/yqs17/blazer/cpachecker-inc-pred/LDVErrorLabel.spc -entryfunction ldv_main0_sequence_infinite_withcheck_stateful /home/yqs17/blazer/cpachecker-inc-pred/programs-flat/drivers--isdn--mISDN--mISDN_core.ko.030.aa11d95.08_1a.cil_safe.i


--------------------------------------------------------------------------------


Running CPAchecker with Java heap of size 10000M.
Running CPAchecker with the following extra VM options:  -Djava.io.tmpdir=/tmp/BenchExec_run_q09g9hvy/tmp
PredicateCPA statistics
-----------------------
Read Precision Time:                0.000s
Precision file size:                0
Write Precision Time:               0.003s
Number of abstractions:            983 (17% of all post computations)
  Times abstraction was reused:    0
  Because of function entry/exit:  871 (89%)
  Because of loop head:            112 (11%)
  Because of join nodes:           0 (0%)
  Because of threshold:            0 (0%)
  Times precision was empty:       180 (18%)
  Times precision was {false}:     28 (3%)
  Times result was cached:         677 (69%)
  Times cartesian abs was used:    0 (0%)
  Times boolean abs was used:      98 (10%)
  Times result was 'false':        6 (1%)
Number of strengthen sat checks:   5
  Times result was 'false':        0 (0%)
Number of coverage checks:         391
  BDD entailment checks:           147
Number of SMT sat checks:          5
  trivial:                         5
  cached:                          0

Max ABE block size:                       55
Number of predicates discovered:          2
Number of abstraction locations:          0
Max number of predicates per location:    0
Avg number of predicates per location:    0
Total predicates per abstraction:         126
Max number of predicates per abstraction: 1
Avg number of predicates per abstraction: 1.00
Number of irrelevant predicates:          28 (22%)
Number of preds handled by boolean abs:   98 (78%)
  Total number of models for allsat:      98
  Max number of models for allsat:        1
  Avg number of models for allsat:        1.00

Number of path formula cache hits:   4112 (64%)

Time for post operator:                  1.493s
  Time for path formula creation:        1.347s
    Actual computation:                  1.166s
Time for strengthen operator:            0.016s
  Time for satisfiability checks:        0.000s
Time for prec operator:                  1.066s
  Time for abstraction:                  0.927s (Max:     0.577s, Count: 983)
    Boolean abstraction:                 0.521s
    Solving time:                        0.490s (Max:     0.465s)
    Model enumeration time:              0.004s
    Time for BDD construction:           0.012s (Max:     0.002s)
Time for merge operator:                 0.025s
Time for coverage check:                 0.012s
  Time for BDD entailment checks:        0.012s
Total time for SMT solver (w/o itp):     0.494s

Number of BDD nodes:                               202
Size of BDD node table:                            466043
Size of BDD cache:                                 46619
Size of BDD node cleanup queue:                          97 (count: 52580, min: 0, max: 91, avg: 0.00)
Time for BDD node cleanup:                             0.004s
Time for BDD garbage collection:                       0.000s (in 0 runs)

PrecisionBootstrap statistics
-----------------------------
Init. function predicates:                         0
Init. global predicates:                           0
Init. location predicates:                         0

----------------------

AutomatonAnalysis (SVCOMP) statistics
-------------------------------------
Number of states:                                  1
Total time for successor computation:                  0.047s
Automaton transfers with branching:                0
Automaton transfer successors:                         5618 (count: 5618, min: 1, max: 1, avg: 1.00) [1 x 5618]

CPA algorithm statistics
------------------------
Number of iterations:            5358
Max size of waitlist:            11
Average size of waitlist:        3
Number of computed successors:   5618
Max successors for one state:    2
Number of times merged:          122
Number of times stopped:         241
Number of times abs stopped:     119
Number of times nonAbs stopped:  0
Number of times doAbstraction node:  983
Number of times breaked:         5

Total time for CPA algorithm:         3.166s (Max:     1.657s)
CPU time for CPA algorithm:           6.300s
  Time for choose from waitlist:      0.023s
  Time for precision adjustment:      1.119s
  Time for transfer relation:         1.753s
  Time for merge operator:            0.036s
  Time for stop operator:             0.036s
  Time for adding to reached set:     0.056s

Predicate-Abstraction Refiner statistics
----------------------------------------
Avg. length of target path (in blocks):                 448 (count: 5, min: 86, max: 93, avg: 89.60)
Number of infeasible sliced prefixes:                     0 (count: 0, min: 0, max: 0, avg: 0.00)

Time for refinement:                                   3.051s
  Counterexample analysis:                2.991s (Max:     1.397s, Calls: 5)
    Refinement sat check:                 0.873s
    Interpolant computation:              0.000s
  Error path post-processing:                          0.000s
  Path-formulas extraction:                            0.000s
  Building the counterexample trace:                   2.991s
  Extracting precise counterexample:                   0.000s
  Extracting infeasible sliced prefixes:               0.000s
  Selecting infeasible sliced prefixes:                0.000s
  Predicate creation:                                  0.007s
  Precision update:                                    0.013s
  ARG update:                                          0.021s

Length of refined path (in blocks):                     443 (count: 5, min: 85, max: 92, avg: 88.60)
Number of affected states:                              438 (count: 5, min: 84, max: 91, avg: 87.60)
Length (states) of path with itp 'true':                  0 (count: 5, min: 0, max: 0, avg: 0.00)
Length (states) of path with itp non-trivial itp:       438 (count: 5, min: 84, max: 91, avg: 87.60)
Length (states) of path with itp 'false':                 5 (count: 5, min: 1, max: 1, avg: 1.00)
Different non-trivial interpolants along paths:           0 (count: 5, min: 0, max: 0, avg: 0.00)
Equal non-trivial interpolants along paths:             433 (count: 5, min: 83, max: 90, avg: 86.60)
Different precisions along paths:                         0 (count: 0, min: 0, max: 0, avg: 0.00)
Equal precisions along paths:                             0 (count: 0, min: 0, max: 0, avg: 0.00)
Number of refs with location-based cutoff:                0

CEGAR algorithm statistics
--------------------------
Number of refinements:                5
Lazy expansion status:                false
Expansion times:                      0
Total path lengths:                   8198
SP times:                             0
Number of added holes:                0
Number of successful refinements:     5
Number of failed refinements:         0
Max. size of reached set before ref.: 2017
Max. size of reached set after ref.:  1277
Avg. size of reached set before ref.: 1977.00
Avg. size of reached set after ref.:  1277.00

Total time for CEGAR algorithm:       6.248s
CPU time for CEGAR algorithm:        12.070s
Time for refinements:                 3.081s
CPU time for refinements:             5.770s
Average time for refinement:          0.616s
Max time for refinement:              1.440s
First time for refinement:             0.527s
Last time for refinement:              0.099s
Average time for analysis:          0.527s
Number of analysis:                6

Counterexample-Check Algorithm statistics
-----------------------------------------
Number of counterexample checks:    0

Code Coverage
-----------------------------
  Visited lines:          4498
  Total lines:            4
  Line coverage:          1124.500

CPAchecker general statistics
-----------------------------
Number of program locations:     17123
Number of CFA edges:             27172
Number of relevant variables:    2231
Number of functions:             384
Number of loops:                 46
Size of reached set:             1872
  Number of reached locations:   1591 (9%)
    Avg states per location:     1
    Max states per location:     11 (at node N757)
  Number of reached functions:   29 (8%)
  Number of partitions:          1872
    Avg size of partitions:      1
    Max size of partitions:      1
  Number of target states:       0

Time for analysis setup:                   4.858s
  Time for loading CPAs:                   0.784s
  Time for impacted traverse:              0.002s
  Time for loading parser:        0.027s
  Time for CFA construction:      3.963s
    Time for parsing file(s):     0.726s
    Time for AST to CFA:          1.314s
    Time for CFA sanity check:    0.001s
    Time for post-processing:     1.595s
      Time for var class.:        0.000s
Time for Analysis:                         6.252s
CPU time for analysis:     12.080s

Time for Garbage Collector:       0.688s (in 10 runs)
Garbage Collector(s) used:    PS MarkSweep, PS Scavenge
Used heap memory:                500MB (   477 MiB) max;    143MB (   136 MiB) avg;    539MB (   514 MiB) peak
Used non-heap memory:             38MB (    36 MiB) max;     29MB (    27 MiB) avg;     38MB (    37 MiB) peak
Used in PS Old Gen pool:          47MB (    45 MiB) max;     34MB (    32 MiB) avg;     50MB (    47 MiB) peak
Allocated heap memory:           706MB (   673 MiB) max;    361MB (   344 MiB) avg
Allocated non-heap memory:        39MB (    37 MiB) max;     32MB (    30 MiB) avg
Total process virtual memory:  13240MB ( 12627 MiB) max;  13236MB ( 12623 MiB) avg

Verification result: TRUE. No property violation found by chosen configuration.
More details about the verification run can be found in the directory "/home/yqs17/blazer/cpachecker-inc-pred/output-ori-final/flat/drivers--isdn--mISDN--mISDN_core.ko.030.aa11d95.08_1a.cil_safe.i".
