scripts/cpa.sh -heap 10000M -predicateAnalysis-ABEl-debug -setprop cpa.predicate.refinement.performInitialStaticRefinement=false -disable-java-assertions -outputpath /home/yqs17/blazer/cpachecker-inc-pred/output-ori-final/flat/drivers--usb--serial--mos7840.ko.018.11e1abb.32_7a.cil_safe.i -stats -spec /home/yqs17/blazer/cpachecker-inc-pred/LDVErrorLabel.spc -entryfunction ldv_main0_sequence_infinite_withcheck_stateful /home/yqs17/blazer/cpachecker-inc-pred/programs-flat/drivers--usb--serial--mos7840.ko.018.11e1abb.32_7a.cil_safe.i


--------------------------------------------------------------------------------


Running CPAchecker with Java heap of size 10000M.
Running CPAchecker with the following extra VM options:  -Djava.io.tmpdir=/tmp/BenchExec_run_tm5nmugv/tmp
PredicateCPA statistics
-----------------------
Read Precision Time:                0.000s
Precision file size:                0
Write Precision Time:               0.001s
Number of abstractions:            814 (10% of all post computations)
  Times abstraction was reused:    0
  Because of function entry/exit:  752 (92%)
  Because of loop head:            62 (8%)
  Because of join nodes:           0 (0%)
  Because of threshold:            0 (0%)
  Times precision was empty:       814 (100%)
  Times precision was {false}:     0 (0%)
  Times result was cached:         0 (0%)
  Times cartesian abs was used:    0 (0%)
  Times boolean abs was used:      0 (0%)
  Times result was 'false':        0 (0%)
Number of strengthen sat checks:   0
Number of coverage checks:         1668
  BDD entailment checks:           146
Number of SMT sat checks:          0
  trivial:                         0
  cached:                          0

Max ABE block size:                       39
Number of predicates discovered:          0

Number of path formula cache hits:   45 (1%)

Time for post operator:                  1.621s
  Time for path formula creation:        1.495s
    Actual computation:                  1.412s
Time for strengthen operator:            0.025s
Time for prec operator:                  0.278s
  Time for abstraction:                  0.189s (Max:     0.017s, Count: 814)
    Solving time:                        0.000s (Max:     0.000s)
    Model enumeration time:              0.000s
    Time for BDD construction:           0.000s (Max:     0.000s)
Time for merge operator:                 0.295s
Time for coverage check:                 0.011s
  Time for BDD entailment checks:        0.008s
Total time for SMT solver (w/o itp):     0.000s

Number of BDD nodes:                               202
Size of BDD node table:                            466043
Size of BDD cache:                                 46619
Size of BDD node cleanup queue:                           0 (count: 13570, min: 0, max: 0, avg: 0.00)
Time for BDD node cleanup:                             0.003s
Time for BDD garbage collection:                       0.000s (in 0 runs)

PrecisionBootstrap statistics
-----------------------------
Init. function predicates:                         0
Init. global predicates:                           0
Init. location predicates:                         0

----------------------

AutomatonAnalysis (SVCOMP) statistics
-------------------------------------
Number of states:                                  1
Total time for successor computation:                  0.045s
Automaton transfers with branching:                0
Automaton transfer successors:                         8132 (count: 8132, min: 1, max: 1, avg: 1.00) [1 x 8132]

CPA algorithm statistics
------------------------
Number of iterations:            7226
Max size of waitlist:            39
Average size of waitlist:        26
Number of computed successors:   8132
Max successors for one state:    2
Number of times merged:          761
Number of times stopped:         907
Number of times abs stopped:     146
Number of times nonAbs stopped:  0
Number of times doAbstraction node:  814
Number of times breaked:         0

Total time for CPA algorithm:         3.169s (Max:     3.169s)
CPU time for CPA algorithm:           6.290s
  Time for choose from waitlist:      0.024s
  Time for precision adjustment:      0.401s
  Time for transfer relation:         2.012s
  Time for merge operator:            0.402s
  Time for stop operator:             0.051s
  Time for adding to reached set:     0.088s

Predicate-Abstraction Refiner statistics
----------------------------------------
  Predicate creation:                                  0.000s
  Precision update:                                    0.000s
  ARG update:                                          0.000s

Length of refined path (in blocks):                       0 (count: 0, min: 0, max: 0, avg: 0.00)
Number of affected states:                                0 (count: 0, min: 0, max: 0, avg: 0.00)
Length (states) of path with itp 'true':                  0 (count: 0, min: 0, max: 0, avg: 0.00)
Length (states) of path with itp non-trivial itp:         0 (count: 0, min: 0, max: 0, avg: 0.00)
Length (states) of path with itp 'false':                 0 (count: 0, min: 0, max: 0, avg: 0.00)
Different non-trivial interpolants along paths:           0 (count: 0, min: 0, max: 0, avg: 0.00)
Equal non-trivial interpolants along paths:               0 (count: 0, min: 0, max: 0, avg: 0.00)
Different precisions along paths:                         0 (count: 0, min: 0, max: 0, avg: 0.00)
Equal precisions along paths:                             0 (count: 0, min: 0, max: 0, avg: 0.00)
Number of refs with location-based cutoff:                0

CEGAR algorithm statistics
--------------------------
Number of refinements:                0
Lazy expansion status:                false
Expansion times:                      0
Total path lengths:                   0
SP times:                             0
Number of added holes:                0
Refinement times:             0
First time for refinement:             3.169s
Last time for refinement:              3.169s
Average time for analysis:          3.169s
Number of analysis:                1

Counterexample-Check Algorithm statistics
-----------------------------------------
Number of counterexample checks:    0

Code Coverage
-----------------------------
  Visited lines:          4808
  Total lines:            10
  Line coverage:          480.800

CPAchecker general statistics
-----------------------------
Number of program locations:     3579
Number of CFA edges:             4377
Number of relevant variables:    541
Number of functions:             63
Number of loops:                 16
Size of reached set:             7226
  Number of reached locations:   3394 (95%)
    Avg states per location:     2
    Max states per location:     83 (at node N117)
  Number of reached functions:   59 (94%)
  Number of partitions:          7226
    Avg size of partitions:      1
    Max size of partitions:      1
  Number of target states:       0

Time for analysis setup:                   2.629s
  Time for loading CPAs:                   0.457s
  Time for impacted traverse:              0.002s
  Time for loading parser:        0.035s
  Time for CFA construction:      2.004s
    Time for parsing file(s):     0.529s
    Time for AST to CFA:          0.703s
    Time for CFA sanity check:    0.000s
    Time for post-processing:     0.549s
      Time for var class.:        0.000s
Time for Analysis:                         3.181s
CPU time for analysis:      6.310s

Time for Garbage Collector:       0.437s (in 7 runs)
Garbage Collector(s) used:    PS MarkSweep, PS Scavenge
Used heap memory:                196MB (   187 MiB) max;     69MB (    65 MiB) avg;    210MB (   200 MiB) peak
Used non-heap memory:             36MB (    35 MiB) max;     28MB (    27 MiB) avg;     38MB (    36 MiB) peak
Used in PS Old Gen pool:          37MB (    35 MiB) max;     17MB (    17 MiB) avg;     39MB (    38 MiB) peak
Allocated heap memory:           270MB (   258 MiB) max;    204MB (   195 MiB) avg
Allocated non-heap memory:        37MB (    35 MiB) max;     28MB (    27 MiB) avg
Total process virtual memory:  13238MB ( 12625 MiB) max;  13235MB ( 12622 MiB) avg

Verification result: TRUE. No property violation found by chosen configuration.
More details about the verification run can be found in the directory "/home/yqs17/blazer/cpachecker-inc-pred/output-ori-final/flat/drivers--usb--serial--mos7840.ko.018.11e1abb.32_7a.cil_safe.i".
