scripts/cpa.sh -heap 10000M -predicateAnalysis-ABEl-debug -setprop cpa.predicate.refinement.performInitialStaticRefinement=false -disable-java-assertions -outputpath /home/yqs17/blazer/cpachecker-inc-pred/output-ori-final/flat/drivers--net--wireless--wl12xx--wl12xx_sdio.ko.031.025aef8.39_7a.cil_safe.i -stats -spec /home/yqs17/blazer/cpachecker-inc-pred/LDVErrorLabel.spc -entryfunction ldv_main0_sequence_infinite_withcheck_stateful /home/yqs17/blazer/cpachecker-inc-pred/programs-flat/drivers--net--wireless--wl12xx--wl12xx_sdio.ko.031.025aef8.39_7a.cil_safe.i


--------------------------------------------------------------------------------


Running CPAchecker with Java heap of size 10000M.
Running CPAchecker with the following extra VM options:  -Djava.io.tmpdir=/tmp/BenchExec_run_08nlejpk/tmp
PredicateCPA statistics
-----------------------
Read Precision Time:                0.000s
Precision file size:                0
Write Precision Time:               0.005s
Number of abstractions:            127529 (17% of all post computations)
  Times abstraction was reused:    0
  Because of function entry/exit:  119945 (94%)
  Because of loop head:            7584 (6%)
  Because of join nodes:           0 (0%)
  Because of threshold:            0 (0%)
  Times precision was empty:       918 (1%)
  Times precision was {false}:     427 (0%)
  Times result was cached:         117146 (92%)
  Times cartesian abs was used:    0 (0%)
  Times boolean abs was used:      9038 (7%)
  Times result was 'false':        4363 (3%)
Number of strengthen sat checks:   158
  Times result was 'false':        0 (0%)
Number of coverage checks:         101758
  BDD entailment checks:           41166
Number of SMT sat checks:          158
  trivial:                         158
  cached:                          0

Max ABE block size:                       37
Number of predicates discovered:          15
Number of abstraction locations:          0
Max number of predicates per location:    0
Avg number of predicates per location:    0
Total predicates per abstraction:         85452
Max number of predicates per abstraction: 14
Avg number of predicates per abstraction: 9.03
Number of irrelevant predicates:          33654 (39%)
Number of preds handled by boolean abs:   51798 (61%)
  Total number of models for allsat:      9595
  Max number of models for allsat:        2
  Avg number of models for allsat:        1.06

Number of path formula cache hits:   888303 (97%)

Time for post operator:                 28.364s
  Time for path formula creation:        3.534s
    Actual computation:                  1.575s
Time for strengthen operator:            0.511s
  Time for satisfiability checks:        0.002s
Time for prec operator:                 30.482s
  Time for abstraction:                 26.815s (Max:     0.050s, Count: 127529)
    Boolean abstraction:                 3.791s
    Solving time:                        1.106s (Max:     0.013s)
    Model enumeration time:              0.149s
    Time for BDD construction:           0.143s (Max:     0.007s)
Time for merge operator:                 0.304s
Time for coverage check:                 0.068s
  Time for BDD entailment checks:        0.052s
Total time for SMT solver (w/o itp):     1.255s

Number of BDD nodes:                               1508
Size of BDD node table:                            466043
Size of BDD cache:                                 46619
Size of BDD node cleanup queue:                        9990 (count: 89351, min: 0, max: 927, avg: 0.11)
Time for BDD node cleanup:                             0.012s
Time for BDD garbage collection:                       0.000s (in 0 runs)

PrecisionBootstrap statistics
-----------------------------
Init. function predicates:                         0
Init. global predicates:                           0
Init. location predicates:                         0

----------------------

AutomatonAnalysis (SVCOMP) statistics
-------------------------------------
Number of states:                                  1
Total time for successor computation:                  0.452s
Automaton transfers with branching:                0
Automaton transfer successors:                       763916 (count: 763916, min: 1, max: 1, avg: 1.00) [1 x 763916]

CPA algorithm statistics
------------------------
Number of iterations:            703829
Max size of waitlist:            52
Average size of waitlist:        26
Number of computed successors:   763916
Max successors for one state:    2
Number of times merged:          30296
Number of times stopped:         54794
Number of times abs stopped:     24498
Number of times nonAbs stopped:  0
Number of times doAbstraction node:  127529
Number of times breaked:         158

Total time for CPA algorithm:        71.477s (Max:     0.858s)
CPU time for CPA algorithm:         117.150s
  Time for choose from waitlist:      0.323s
  Time for precision adjustment:     31.654s
  Time for transfer relation:        34.052s
  Time for merge operator:            0.919s
  Time for stop operator:             1.018s
  Time for adding to reached set:     1.365s

Predicate-Abstraction Refiner statistics
----------------------------------------
Avg. length of target path (in blocks):                3769 (count: 158, min: 10, max: 57, avg: 23.85)
Number of infeasible sliced prefixes:                     0 (count: 0, min: 0, max: 0, avg: 0.00)

Time for refinement:                                   4.755s
  Counterexample analysis:                2.630s (Max:     0.119s, Calls: 158)
    Refinement sat check:                 0.538s
    Interpolant computation:              0.000s
  Error path post-processing:                          0.000s
  Path-formulas extraction:                            0.007s
  Building the counterexample trace:                   2.630s
  Extracting precise counterexample:                   0.000s
  Extracting infeasible sliced prefixes:               0.000s
  Selecting infeasible sliced prefixes:                0.000s
  Predicate creation:                                  0.028s
  Precision update:                                    0.047s
  ARG update:                                          1.920s

Length of refined path (in blocks):                    3553 (count: 158, min: 6, max: 56, avg: 22.49)
Number of affected states:                             3193 (count: 158, min: 5, max: 54, avg: 20.21)
Length (states) of path with itp 'true':                202 (count: 158, min: 0, max: 18, avg: 1.28)
Length (states) of path with itp non-trivial itp:      3193 (count: 158, min: 5, max: 54, avg: 20.21)
Length (states) of path with itp 'false':               158 (count: 158, min: 1, max: 1, avg: 1.00)
Different non-trivial interpolants along paths:           0 (count: 158, min: 0, max: 0, avg: 0.00)
Equal non-trivial interpolants along paths:            3035 (count: 158, min: 4, max: 53, avg: 19.21)
Different precisions along paths:                         0 (count: 0, min: 0, max: 0, avg: 0.00)
Equal precisions along paths:                             0 (count: 0, min: 0, max: 0, avg: 0.00)
Number of refs with location-based cutoff:                0

CEGAR algorithm statistics
--------------------------
Number of refinements:                158
Lazy expansion status:                false
Expansion times:                      0
Total path lengths:                   181496
SP times:                             1
Number of added holes:                0
Number of successful refinements:     158
Number of failed refinements:         0
Max. size of reached set before ref.: 7109
Max. size of reached set after ref.:  2202
Avg. size of reached set before ref.: 5479.75
Avg. size of reached set after ref.:  1041.28

Total time for CEGAR algorithm:      76.510s
CPU time for CEGAR algorithm:       126.300s
Time for refinements:                 5.026s
CPU time for refinements:             9.110s
Average time for refinement:          0.031s
Max time for refinement:              0.146s
First time for refinement:             0.449s
Last time for refinement:              0.206s
Average time for analysis:          0.449s
Number of analysis:                159

Counterexample-Check Algorithm statistics
-----------------------------------------
Number of counterexample checks:    0

Code Coverage
-----------------------------
  Visited lines:          5287
  Total lines:            4
  Line coverage:          1321.750

CPAchecker general statistics
-----------------------------
Number of program locations:     2597
Number of CFA edges:             2887
Number of relevant variables:    284
Number of functions:             125
Number of loops:                 2
Size of reached set:             3482
  Number of reached locations:   1847 (71%)
    Avg states per location:     1
    Max states per location:     38 (at node N919)
  Number of reached functions:   44 (35%)
  Number of partitions:          3479
    Avg size of partitions:      1
    Max size of partitions:      2 (with key [N877 (before /work/ldvuser/novikov/work/current--X--drivers/net/wireless/wl12xx/wl12xx_sdio.ko--X--defaultlinux--X--39_7a--X--cpachecker/linux/csd_deg_dscv/25/dscv_tempdir/dscv/ri/39_7a/drivers/net/wireless/wl12xx/sdio.c.prepared, line 890), Function ldv_main0_sequence_infinite_withcheck_stateful called from node N759, stack depth 1 [12a160c2], stack [ldv_main0_sequence_infinite_withcheck_stateful], Init])
  Number of target states:       0

Time for analysis setup:                   2.188s
  Time for loading CPAs:                   0.411s
  Time for impacted traverse:              0.002s
  Time for loading parser:        0.029s
  Time for CFA construction:      1.674s
    Time for parsing file(s):     0.488s
    Time for AST to CFA:          0.627s
    Time for CFA sanity check:    0.000s
    Time for post-processing:     0.345s
      Time for var class.:        0.000s
Time for Analysis:                        76.514s
CPU time for analysis:    126.310s

Time for Garbage Collector:       1.055s (in 45 runs)
Garbage Collector(s) used:    PS MarkSweep, PS Scavenge
Used heap memory:               2815MB (  2684 MiB) max;    837MB (   798 MiB) avg;   2817MB (  2686 MiB) peak
Used non-heap memory:             43MB (    41 MiB) max;     39MB (    38 MiB) avg;     46MB (    44 MiB) peak
Used in PS Old Gen pool:          35MB (    33 MiB) max;     29MB (    28 MiB) avg;     35MB (    33 MiB) peak
Allocated heap memory:          3033MB (  2892 MiB) max;   1684MB (  1606 MiB) avg
Allocated non-heap memory:        46MB (    44 MiB) max;     43MB (    41 MiB) avg
Total process virtual memory:  13243MB ( 12630 MiB) max;  13240MB ( 12626 MiB) avg

Verification result: TRUE. No property violation found by chosen configuration.
More details about the verification run can be found in the directory "/home/yqs17/blazer/cpachecker-inc-pred/output-ori-final/flat/drivers--net--wireless--wl12xx--wl12xx_sdio.ko.031.025aef8.39_7a.cil_safe.i".
