scripts/cpa.sh -heap 10000M -predicateAnalysis-ABEl-debug -setprop cpa.predicate.refinement.performInitialStaticRefinement=false -disable-java-assertions -outputpath /home/yqs17/blazer/cpachecker-inc-pred/output-ori-final/flat/drivers--video--matrox--i2c-matroxfb.ko.011.fc2d10d.68_1.cil_safe.i -stats -spec /home/yqs17/blazer/cpachecker-inc-pred/LDVErrorLabel.spc -entryfunction ldv_main0_sequence_infinite_withcheck_stateful /home/yqs17/blazer/cpachecker-inc-pred/programs-flat/drivers--video--matrox--i2c-matroxfb.ko.011.fc2d10d.68_1.cil_safe.i


--------------------------------------------------------------------------------


Running CPAchecker with Java heap of size 10000M.
Running CPAchecker with the following extra VM options:  -Djava.io.tmpdir=/tmp/BenchExec_run_9jwsjp9v/tmp
PredicateCPA statistics
-----------------------
Read Precision Time:                0.000s
Precision file size:                0
Write Precision Time:               0.002s
Number of abstractions:            3812 (15% of all post computations)
  Times abstraction was reused:    0
  Because of function entry/exit:  3482 (91%)
  Because of loop head:            330 (9%)
  Because of join nodes:           0 (0%)
  Because of threshold:            0 (0%)
  Times precision was empty:       1107 (29%)
  Times precision was {false}:     165 (4%)
  Times result was cached:         2223 (58%)
  Times cartesian abs was used:    0 (0%)
  Times boolean abs was used:      317 (8%)
  Times result was 'false':        82 (2%)
Number of strengthen sat checks:   17
  Times result was 'false':        0 (0%)
Number of coverage checks:         2716
  BDD entailment checks:           1188
Number of SMT sat checks:          17
  trivial:                         17
  cached:                          0

Max ABE block size:                       18
Number of predicates discovered:          4
Number of abstraction locations:          0
Max number of predicates per location:    0
Avg number of predicates per location:    0
Total predicates per abstraction:         892
Max number of predicates per abstraction: 3
Avg number of predicates per abstraction: 1.85
Number of irrelevant predicates:          471 (53%)
Number of preds handled by boolean abs:   421 (47%)
  Total number of models for allsat:      328
  Max number of models for allsat:        2
  Avg number of models for allsat:        1.03

Number of path formula cache hits:   24447 (85%)

Time for post operator:                  1.652s
  Time for path formula creation:        1.152s
    Actual computation:                  1.009s
Time for strengthen operator:            0.031s
  Time for satisfiability checks:        0.001s
Time for prec operator:                  1.584s
  Time for abstraction:                  1.243s (Max:     0.017s, Count: 3812)
    Boolean abstraction:                 0.248s
    Solving time:                        0.168s (Max:     0.013s)
    Model enumeration time:              0.015s
    Time for BDD construction:           0.016s (Max:     0.004s)
Time for merge operator:                 0.072s
Time for coverage check:                 0.023s
  Time for BDD entailment checks:        0.023s
Total time for SMT solver (w/o itp):     0.183s

Number of BDD nodes:                               218
Size of BDD node table:                            466043
Size of BDD cache:                                 46619
Size of BDD node cleanup queue:                         231 (count: 8932, min: 0, max: 115, avg: 0.03)
Time for BDD node cleanup:                             0.003s
Time for BDD garbage collection:                       0.000s (in 0 runs)

PrecisionBootstrap statistics
-----------------------------
Init. function predicates:                         0
Init. global predicates:                           0
Init. location predicates:                         0

----------------------

AutomatonAnalysis (SVCOMP) statistics
-------------------------------------
Number of states:                                  1
Total time for successor computation:                  0.094s
Automaton transfers with branching:                0
Automaton transfer successors:                        24980 (count: 24980, min: 1, max: 1, avg: 1.00) [1 x 24980]

CPA algorithm statistics
------------------------
Number of iterations:            23428
Max size of waitlist:            25
Average size of waitlist:        13
Number of computed successors:   24980
Max successors for one state:    2
Number of times merged:          764
Number of times stopped:         1432
Number of times abs stopped:     668
Number of times nonAbs stopped:  0
Number of times doAbstraction node:  3812
Number of times breaked:         17

Total time for CPA algorithm:         4.853s (Max:     0.765s)
CPU time for CPA algorithm:           9.570s
  Time for choose from waitlist:      0.037s
  Time for precision adjustment:      1.736s
  Time for transfer relation:         2.275s
  Time for merge operator:            0.137s
  Time for stop operator:             0.127s
  Time for adding to reached set:     0.134s

Predicate-Abstraction Refiner statistics
----------------------------------------
Avg. length of target path (in blocks):                 299 (count: 17, min: 5, max: 42, avg: 17.59)
Number of infeasible sliced prefixes:                     0 (count: 0, min: 0, max: 0, avg: 0.00)

Time for refinement:                                   0.763s
  Counterexample analysis:                0.579s (Max:     0.087s, Calls: 17)
    Refinement sat check:                 0.162s
    Interpolant computation:              0.000s
  Error path post-processing:                          0.000s
  Path-formulas extraction:                            0.000s
  Building the counterexample trace:                   0.579s
  Extracting precise counterexample:                   0.000s
  Extracting infeasible sliced prefixes:               0.000s
  Selecting infeasible sliced prefixes:                0.000s
  Predicate creation:                                  0.010s
  Precision update:                                    0.006s
  ARG update:                                          0.144s

Length of refined path (in blocks):                     264 (count: 17, min: 4, max: 41, avg: 15.53)
Number of affected states:                              245 (count: 17, min: 1, max: 40, avg: 14.41)
Length (states) of path with itp 'true':                  2 (count: 17, min: 0, max: 2, avg: 0.12)
Length (states) of path with itp non-trivial itp:       245 (count: 17, min: 1, max: 40, avg: 14.41)
Length (states) of path with itp 'false':                17 (count: 17, min: 1, max: 1, avg: 1.00)
Different non-trivial interpolants along paths:           0 (count: 17, min: 0, max: 0, avg: 0.00)
Equal non-trivial interpolants along paths:             228 (count: 17, min: 0, max: 39, avg: 13.41)
Different precisions along paths:                         0 (count: 0, min: 0, max: 0, avg: 0.00)
Equal precisions along paths:                             0 (count: 0, min: 0, max: 0, avg: 0.00)
Number of refs with location-based cutoff:                0

CEGAR algorithm statistics
--------------------------
Number of refinements:                17
Lazy expansion status:                false
Expansion times:                      0
Total path lengths:                   13750
SP times:                             0
Number of added holes:                0
Number of successful refinements:     17
Number of failed refinements:         0
Max. size of reached set before ref.: 2820
Max. size of reached set after ref.:  742
Avg. size of reached set before ref.: 2006.71
Avg. size of reached set after ref.:  718.47

Total time for CEGAR algorithm:       5.673s
CPU time for CEGAR algorithm:        11.210s
Time for refinements:                 0.818s
CPU time for refinements:             1.630s
Average time for refinement:          0.048s
Max time for refinement:              0.110s
First time for refinement:             0.269s
Last time for refinement:              0.079s
Average time for analysis:          0.269s
Number of analysis:                18

Counterexample-Check Algorithm statistics
-----------------------------------------
Number of counterexample checks:    0

Code Coverage
-----------------------------
  Visited lines:          3783
  Total lines:            6
  Line coverage:          630.500

CPAchecker general statistics
-----------------------------
Number of program locations:     1501
Number of CFA edges:             1606
Number of relevant variables:    168
Number of functions:             36
Number of loops:                 4
Size of reached set:             1567
  Number of reached locations:   1014 (68%)
    Avg states per location:     1
    Max states per location:     10 (at node N615)
  Number of reached functions:   21 (58%)
  Number of partitions:          1566
    Avg size of partitions:      1
    Max size of partitions:      2 (with key [N901 (before /work/ldvuser/novikov/work/current--X--drivers/video/matrox/i2c-matroxfb.ko--X--defaultlinux--X--68_1--X--cpachecker/linux/csd_deg_dscv/11/dscv_tempdir/dscv/ri/68_1/drivers/video/matrox/i2c-matroxfb.c, lines 407-481), Function ldv_main0_sequence_infinite_withcheck_stateful called from node N878, stack depth 1 [3c8bdd5b], stack [ldv_main0_sequence_infinite_withcheck_stateful], Init])
  Number of target states:       0

Time for analysis setup:                   1.988s
  Time for loading CPAs:                   0.394s
  Time for impacted traverse:              0.001s
  Time for loading parser:        0.027s
  Time for CFA construction:      1.491s
    Time for parsing file(s):     0.397s
    Time for AST to CFA:          0.561s
    Time for CFA sanity check:    0.000s
    Time for post-processing:     0.346s
      Time for var class.:        0.000s
Time for Analysis:                         5.676s
CPU time for analysis:     11.220s

Time for Garbage Collector:       0.232s (in 8 runs)
Garbage Collector(s) used:    PS MarkSweep, PS Scavenge
Used heap memory:                256MB (   244 MiB) max;     82MB (    78 MiB) avg;    287MB (   273 MiB) peak
Used non-heap memory:             35MB (    33 MiB) max;     29MB (    28 MiB) avg;     37MB (    36 MiB) peak
Used in PS Old Gen pool:          28MB (    26 MiB) max;     18MB (    17 MiB) avg;     29MB (    27 MiB) peak
Allocated heap memory:           422MB (   403 MiB) max;    254MB (   242 MiB) avg
Allocated non-heap memory:        38MB (    36 MiB) max;     31MB (    30 MiB) avg
Total process virtual memory:  13242MB ( 12629 MiB) max;  13237MB ( 12624 MiB) avg

Verification result: TRUE. No property violation found by chosen configuration.
More details about the verification run can be found in the directory "/home/yqs17/blazer/cpachecker-inc-pred/output-ori-final/flat/drivers--video--matrox--i2c-matroxfb.ko.011.fc2d10d.68_1.cil_safe.i".
