scripts/cpa.sh -heap 10000M -predicateAnalysis-ABEl-debug -setprop cpa.predicate.refinement.performInitialStaticRefinement=false -disable-java-assertions -outputpath /home/yqs17/blazer/cpachecker-inc-pred/output-ori-final/flat/drivers--gpu--drm--i915--i915.ko.045.bd95e0a.32_7a.cil_safe.i -stats -spec /home/yqs17/blazer/cpachecker-inc-pred/LDVErrorLabel.spc -entryfunction ldv_main0_sequence_infinite_withcheck_stateful /home/yqs17/blazer/cpachecker-inc-pred/programs-flat/drivers--gpu--drm--i915--i915.ko.045.bd95e0a.32_7a.cil_safe.i


--------------------------------------------------------------------------------


Running CPAchecker with Java heap of size 10000M.
Running CPAchecker with the following extra VM options:  -Djava.io.tmpdir=/tmp/BenchExec_run_eu3pnrqm/tmp
PredicateCPA statistics
-----------------------
Read Precision Time:                0.000s
Precision file size:                0
Write Precision Time:               0.002s
Number of abstractions:            14811 (22% of all post computations)
  Times abstraction was reused:    0
  Because of function entry/exit:  13704 (93%)
  Because of loop head:            1107 (7%)
  Because of join nodes:           0 (0%)
  Because of threshold:            0 (0%)
  Times precision was empty:       7396 (50%)
  Times precision was {false}:     1125 (8%)
  Times result was cached:         5614 (38%)
  Times cartesian abs was used:    0 (0%)
  Times boolean abs was used:      676 (5%)
  Times result was 'false':        232 (2%)
Number of strengthen sat checks:   15
  Times result was 'false':        0 (0%)
Number of coverage checks:         9254
  BDD entailment checks:           1532
Number of SMT sat checks:          15
  trivial:                         15
  cached:                          0

Max ABE block size:                       21
Number of predicates discovered:          9
Number of abstraction locations:          0
Max number of predicates per location:    0
Avg number of predicates per location:    0
Total predicates per abstraction:         2880
Max number of predicates per abstraction: 3
Avg number of predicates per abstraction: 1.60
Number of irrelevant predicates:          2144 (74%)
Number of preds handled by boolean abs:   736 (26%)
  Total number of models for allsat:      785
  Max number of models for allsat:        2
  Avg number of models for allsat:        1.16

Number of path formula cache hits:   21212 (29%)

Time for post operator:                  5.592s
  Time for path formula creation:        4.923s
    Actual computation:                  4.311s
Time for strengthen operator:            0.077s
  Time for satisfiability checks:        0.000s
Time for prec operator:                  2.360s
  Time for abstraction:                  1.730s (Max:     0.071s, Count: 14811)
    Boolean abstraction:                 0.229s
    Solving time:                        0.211s (Max:     0.005s)
    Model enumeration time:              0.026s
    Time for BDD construction:           0.034s (Max:     0.009s)
Time for merge operator:                 0.669s
Time for coverage check:                 0.020s
  Time for BDD entailment checks:        0.018s
Total time for SMT solver (w/o itp):     0.237s

Number of BDD nodes:                               220
Size of BDD node table:                            466043
Size of BDD cache:                                 46619
Size of BDD node cleanup queue:                         418 (count: 42641, min: 0, max: 244, avg: 0.01)
Time for BDD node cleanup:                             0.004s
Time for BDD garbage collection:                       0.000s (in 0 runs)

PrecisionBootstrap statistics
-----------------------------
Init. function predicates:                         0
Init. global predicates:                           0
Init. location predicates:                         0

----------------------

AutomatonAnalysis (SVCOMP) statistics
-------------------------------------
Number of states:                                  1
Total time for successor computation:                  0.120s
Automaton transfers with branching:                0
Automaton transfer successors:                        67253 (count: 67253, min: 1, max: 1, avg: 1.00) [1 x 67253]

CPA algorithm statistics
------------------------
Number of iterations:            61851
Max size of waitlist:            17
Average size of waitlist:        8
Number of computed successors:   67253
Max successors for one state:    2
Number of times merged:          3861
Number of times stopped:         5169
Number of times abs stopped:     1308
Number of times nonAbs stopped:  0
Number of times doAbstraction node:  14811
Number of times breaked:         15

Total time for CPA algorithm:        12.116s (Max:     1.809s)
CPU time for CPA algorithm:          23.750s
  Time for choose from waitlist:      0.064s
  Time for precision adjustment:      2.554s
  Time for transfer relation:         7.621s
  Time for merge operator:            0.811s
  Time for stop operator:             0.190s
  Time for adding to reached set:     0.201s

Predicate-Abstraction Refiner statistics
----------------------------------------
Avg. length of target path (in blocks):                2622 (count: 15, min: 10, max: 245, avg: 174.80)
Number of infeasible sliced prefixes:                     0 (count: 0, min: 0, max: 0, avg: 0.00)

Time for refinement:                                   6.941s
  Counterexample analysis:                6.607s (Max:     0.745s, Calls: 15)
    Refinement sat check:                 0.400s
    Interpolant computation:              0.000s
  Error path post-processing:                          0.000s
  Path-formulas extraction:                            0.000s
  Building the counterexample trace:                   6.607s
  Extracting precise counterexample:                   0.000s
  Extracting infeasible sliced prefixes:               0.000s
  Selecting infeasible sliced prefixes:                0.000s
  Predicate creation:                                  0.011s
  Precision update:                                    0.006s
  ARG update:                                          0.282s

Length of refined path (in blocks):                    1893 (count: 15, min: 9, max: 244, avg: 126.20)
Number of affected states:                              517 (count: 15, min: 1, max: 242, avg: 34.47)
Length (states) of path with itp 'true':               1361 (count: 15, min: 1, max: 200, avg: 90.73)
Length (states) of path with itp non-trivial itp:       517 (count: 15, min: 1, max: 242, avg: 34.47)
Length (states) of path with itp 'false':                15 (count: 15, min: 1, max: 1, avg: 1.00)
Different non-trivial interpolants along paths:           2 (count: 15, min: 0, max: 1, avg: 0.13)
Equal non-trivial interpolants along paths:             500 (count: 15, min: 0, max: 241, avg: 33.33)
Different precisions along paths:                         0 (count: 0, min: 0, max: 0, avg: 0.00)
Equal precisions along paths:                             0 (count: 0, min: 0, max: 0, avg: 0.00)
Number of refs with location-based cutoff:                0

CEGAR algorithm statistics
--------------------------
Number of refinements:                15
Lazy expansion status:                false
Expansion times:                      0
Total path lengths:                   26356
SP times:                             0
Number of added holes:                0
Number of successful refinements:     15
Number of failed refinements:         0
Max. size of reached set before ref.: 7409
Max. size of reached set after ref.:  3679
Avg. size of reached set before ref.: 6427.20
Avg. size of reached set after ref.:  2563.27

Total time for CEGAR algorithm:      19.143s
CPU time for CEGAR algorithm:        37.360s
Time for refinements:                 7.024s
CPU time for refinements:            13.610s
Average time for refinement:          0.468s
Max time for refinement:              0.777s
First time for refinement:             0.757s
Last time for refinement:              0.321s
Average time for analysis:          0.757s
Number of analysis:                16

Counterexample-Check Algorithm statistics
-----------------------------------------
Number of counterexample checks:    0

Code Coverage
-----------------------------
  Visited lines:          4077
  Total lines:            5
  Line coverage:          815.400

CPAchecker general statistics
-----------------------------
Number of program locations:     8573
Number of CFA edges:             11037
Number of relevant variables:    1878
Number of functions:             288
Number of loops:                 59
Size of reached set:             3894
  Number of reached locations:   2124 (25%)
    Avg states per location:     1
    Max states per location:     95 (at node N132)
  Number of reached functions:   28 (10%)
  Number of partitions:          3880
    Avg size of partitions:      1
    Max size of partitions:      2 (with key [N3689 (before /work/ldvuser/novikov/work/current--X--drivers/gpu/drm/i915/i915.ko--X--defaultlinux--X--32_7a--X--cpachecker/linux/csd_deg_dscv/21/dscv_tempdir/dscv/ri/32_7a/drivers/gpu/drm/i915/i915_suspend.c.prepared, line 522), Function i915_restore_state called from node N37, stack depth 3 [7cae9695], stack [ldv_main0_sequence_infinite_withcheck_stateful, i915_resume, i915_restore_state], Init])
  Number of target states:       0

Time for analysis setup:                   3.439s
  Time for loading CPAs:                   0.414s
  Time for impacted traverse:              0.004s
  Time for loading parser:        0.026s
  Time for CFA construction:      2.919s
    Time for parsing file(s):     0.625s
    Time for AST to CFA:          1.110s
    Time for CFA sanity check:    0.000s
    Time for post-processing:     0.873s
      Time for var class.:        0.000s
Time for Analysis:                        19.148s
CPU time for analysis:     37.370s

Time for Garbage Collector:       0.801s (in 15 runs)
Garbage Collector(s) used:    PS MarkSweep, PS Scavenge
Used heap memory:                779MB (   743 MiB) max;    251MB (   239 MiB) avg;    797MB (   760 MiB) peak
Used non-heap memory:             42MB (    40 MiB) max;     35MB (    34 MiB) avg;     44MB (    42 MiB) peak
Used in PS Old Gen pool:          46MB (    44 MiB) max;     30MB (    28 MiB) avg;     46MB (    44 MiB) peak
Allocated heap memory:          1041MB (   993 MiB) max;    570MB (   543 MiB) avg
Allocated non-heap memory:        45MB (    42 MiB) max;     38MB (    36 MiB) avg
Total process virtual memory:  13242MB ( 12628 MiB) max;  13238MB ( 12625 MiB) avg

Verification result: TRUE. No property violation found by chosen configuration.
More details about the verification run can be found in the directory "/home/yqs17/blazer/cpachecker-inc-pred/output-ori-final/flat/drivers--gpu--drm--i915--i915.ko.045.bd95e0a.32_7a.cil_safe.i".
