scripts/cpa.sh -heap 10000M -predicateAnalysis-ABEl-debug -setprop cpa.predicate.refinement.performInitialStaticRefinement=false -disable-java-assertions -outputpath /home/yqs17/blazer/cpachecker-inc-pred/output-ori-final/flat/drivers--regulator--gpio-regulator.ko.012.eb0c568.39_7a.cil_safe.i -stats -spec /home/yqs17/blazer/cpachecker-inc-pred/LDVErrorLabel.spc -entryfunction ldv_main0_sequence_infinite_withcheck_stateful /home/yqs17/blazer/cpachecker-inc-pred/programs-flat/drivers--regulator--gpio-regulator.ko.012.eb0c568.39_7a.cil_safe.i


--------------------------------------------------------------------------------


Running CPAchecker with Java heap of size 10000M.
Running CPAchecker with the following extra VM options:  -Djava.io.tmpdir=/tmp/BenchExec_run_ahrw9s70/tmp
PredicateCPA statistics
-----------------------
Read Precision Time:                0.000s
Precision file size:                0
Write Precision Time:               0.003s
Number of abstractions:            9991 (13% of all post computations)
  Times abstraction was reused:    0
  Because of function entry/exit:  6687 (67%)
  Because of loop head:            3304 (33%)
  Because of join nodes:           0 (0%)
  Because of threshold:            0 (0%)
  Times precision was empty:       1575 (16%)
  Times precision was {false}:     181 (2%)
  Times result was cached:         7259 (73%)
  Times cartesian abs was used:    0 (0%)
  Times boolean abs was used:      976 (10%)
  Times result was 'false':        495 (5%)
Number of strengthen sat checks:   37
  Times result was 'false':        0 (0%)
Number of coverage checks:         15619
  BDD entailment checks:           6907
Number of SMT sat checks:          37
  trivial:                         37
  cached:                          0

Max ABE block size:                       45
Number of predicates discovered:          11
Number of abstraction locations:          0
Max number of predicates per location:    0
Avg number of predicates per location:    0
Total predicates per abstraction:         5480
Max number of predicates per abstraction: 8
Avg number of predicates per abstraction: 4.74
Number of irrelevant predicates:          2775 (51%)
Number of preds handled by boolean abs:   2705 (49%)
  Total number of models for allsat:      1096
  Max number of models for allsat:        3
  Avg number of models for allsat:        1.12

Number of path formula cache hits:   83982 (92%)

Time for post operator:                  3.835s
  Time for path formula creation:        1.354s
    Actual computation:                  1.118s
Time for strengthen operator:            0.102s
  Time for satisfiability checks:        0.000s
Time for prec operator:                  4.000s
  Time for abstraction:                  3.371s (Max:     0.062s, Count: 9991)
    Boolean abstraction:                 0.713s
    Solving time:                        0.345s (Max:     0.015s)
    Model enumeration time:              0.138s
    Time for BDD construction:           0.033s (Max:     0.002s)
Time for merge operator:                 0.176s
Time for coverage check:                 0.032s
  Time for BDD entailment checks:        0.026s
Total time for SMT solver (w/o itp):     0.483s

Number of BDD nodes:                               937
Size of BDD node table:                            466043
Size of BDD cache:                                 46619
Size of BDD node cleanup queue:                        1544 (count: 17454, min: 0, max: 273, avg: 0.09)
Time for BDD node cleanup:                             0.003s
Time for BDD garbage collection:                       0.000s (in 0 runs)

PrecisionBootstrap statistics
-----------------------------
Init. function predicates:                         0
Init. global predicates:                           0
Init. location predicates:                         0

----------------------

AutomatonAnalysis (SVCOMP) statistics
-------------------------------------
Number of states:                                  1
Total time for successor computation:                  0.108s
Automaton transfers with branching:                0
Automaton transfer successors:                        78405 (count: 78405, min: 1, max: 1, avg: 1.00) [1 x 78405]

CPA algorithm statistics
------------------------
Number of iterations:            70005
Max size of waitlist:            35
Average size of waitlist:        18
Number of computed successors:   78405
Max successors for one state:    2
Number of times merged:          4356
Number of times stopped:         7812
Number of times abs stopped:     3456
Number of times nonAbs stopped:  0
Number of times doAbstraction node:  9991
Number of times breaked:         37

Total time for CPA algorithm:        10.791s (Max:     0.672s)
CPU time for CPA algorithm:          21.370s
  Time for choose from waitlist:      0.108s
  Time for precision adjustment:      4.293s
  Time for transfer relation:         4.868s
  Time for merge operator:            0.420s
  Time for stop operator:             0.256s
  Time for adding to reached set:     0.232s

Predicate-Abstraction Refiner statistics
----------------------------------------
Avg. length of target path (in blocks):                 596 (count: 37, min: 10, max: 25, avg: 16.11)
Number of infeasible sliced prefixes:                     0 (count: 0, min: 0, max: 0, avg: 0.00)

Time for refinement:                                   1.088s
  Counterexample analysis:                0.692s (Max:     0.096s, Calls: 37)
    Refinement sat check:                 0.220s
    Interpolant computation:              0.000s
  Error path post-processing:                          0.000s
  Path-formulas extraction:                            0.001s
  Building the counterexample trace:                   0.692s
  Extracting precise counterexample:                   0.000s
  Extracting infeasible sliced prefixes:               0.000s
  Selecting infeasible sliced prefixes:                0.000s
  Predicate creation:                                  0.009s
  Precision update:                                    0.022s
  ARG update:                                          0.332s

Length of refined path (in blocks):                     533 (count: 37, min: 6, max: 24, avg: 14.41)
Number of affected states:                              439 (count: 37, min: 1, max: 22, avg: 11.86)
Length (states) of path with itp 'true':                 57 (count: 37, min: 0, max: 13, avg: 1.54)
Length (states) of path with itp non-trivial itp:       439 (count: 37, min: 1, max: 22, avg: 11.86)
Length (states) of path with itp 'false':                37 (count: 37, min: 1, max: 1, avg: 1.00)
Different non-trivial interpolants along paths:           2 (count: 37, min: 0, max: 2, avg: 0.05)
Equal non-trivial interpolants along paths:             400 (count: 37, min: 0, max: 21, avg: 10.81)
Different precisions along paths:                         0 (count: 0, min: 0, max: 0, avg: 0.00)
Equal precisions along paths:                             0 (count: 0, min: 0, max: 0, avg: 0.00)
Number of refs with location-based cutoff:                0

CEGAR algorithm statistics
--------------------------
Number of refinements:                37
Lazy expansion status:                false
Expansion times:                      0
Total path lengths:                   23056
SP times:                             0
Number of added holes:                0
Number of successful refinements:     37
Number of failed refinements:         0
Max. size of reached set before ref.: 3624
Max. size of reached set after ref.:  2049
Avg. size of reached set before ref.: 2455.76
Avg. size of reached set after ref.:  621.68

Total time for CEGAR algorithm:      11.967s
CPU time for CEGAR algorithm:        23.720s
Time for refinements:                 1.171s
CPU time for refinements:             2.340s
Average time for refinement:          0.031s
Max time for refinement:              0.130s
First time for refinement:             0.284s
Last time for refinement:              0.174s
Average time for analysis:          0.284s
Number of analysis:                38

Counterexample-Check Algorithm statistics
-----------------------------------------
Number of counterexample checks:    0

Code Coverage
-----------------------------
  Visited lines:          2342
  Total lines:            5
  Line coverage:          468.400

CPAchecker general statistics
-----------------------------
Number of program locations:     1238
Number of CFA edges:             1349
Number of relevant variables:    124
Number of functions:             52
Number of loops:                 7
Size of reached set:             2238
  Number of reached locations:   924 (75%)
    Avg states per location:     2
    Max states per location:     16 (at node N21)
  Number of reached functions:   17 (33%)
  Number of partitions:          2218
    Avg size of partitions:      1
    Max size of partitions:      4 (with key [N435 (before /work/ldvuser/novikov/work/current--X--drivers/regulator/gpio-regulator.ko--X--defaultlinux--X--39_7a--X--cpachecker/linux/csd_deg_dscv/12/dscv_tempdir/dscv/ri/39_7a/drivers/regulator/gpio-regulator.c.prepared, line 455), Function ldv_main0_sequence_infinite_withcheck_stateful called from node N352, stack depth 1 [7e985ce9], stack [ldv_main0_sequence_infinite_withcheck_stateful], Init])
  Number of target states:       0

Time for analysis setup:                   1.588s
  Time for loading CPAs:                   0.371s
  Time for impacted traverse:              0.003s
  Time for loading parser:        0.028s
  Time for CFA construction:      1.117s
    Time for parsing file(s):     0.318s
    Time for AST to CFA:          0.405s
    Time for CFA sanity check:    0.000s
    Time for post-processing:     0.231s
      Time for var class.:        0.000s
Time for Analysis:                        11.970s
CPU time for analysis:     23.720s

Time for Garbage Collector:       0.322s (in 15 runs)
Garbage Collector(s) used:    PS MarkSweep, PS Scavenge
Used heap memory:                617MB (   589 MiB) max;    177MB (   169 MiB) avg;    633MB (   603 MiB) peak
Used non-heap memory:             38MB (    36 MiB) max;     33MB (    31 MiB) avg;     41MB (    39 MiB) peak
Used in PS Old Gen pool:          23MB (    22 MiB) max;     19MB (    18 MiB) avg;     24MB (    23 MiB) peak
Allocated heap memory:           872MB (   832 MiB) max;    435MB (   415 MiB) avg
Allocated non-heap memory:        41MB (    39 MiB) max;     36MB (    34 MiB) avg
Total process virtual memory:  13242MB ( 12629 MiB) max;  13239MB ( 12625 MiB) avg

Verification result: TRUE. No property violation found by chosen configuration.
More details about the verification run can be found in the directory "/home/yqs17/blazer/cpachecker-inc-pred/output-ori-final/flat/drivers--regulator--gpio-regulator.ko.012.eb0c568.39_7a.cil_safe.i".
