scripts/cpa.sh -heap 10000M -predicateAnalysis-ABEl-debug -setprop cpa.predicate.refinement.performInitialStaticRefinement=false -disable-java-assertions -outputpath /home/yqs17/blazer/cpachecker-inc-pred/output-ori-final/flat/drivers--regulator--wm831x-dcdc.ko.019.fded2f4.08_1a.cil_safe.i -stats -spec /home/yqs17/blazer/cpachecker-inc-pred/LDVErrorLabel.spc -entryfunction ldv_main0_sequence_infinite_withcheck_stateful /home/yqs17/blazer/cpachecker-inc-pred/programs-flat/drivers--regulator--wm831x-dcdc.ko.019.fded2f4.08_1a.cil_safe.i


--------------------------------------------------------------------------------


Running CPAchecker with Java heap of size 10000M.
Running CPAchecker with the following extra VM options:  -Djava.io.tmpdir=/tmp/BenchExec_run_fpg70ep9/tmp
PredicateCPA statistics
-----------------------
Read Precision Time:                0.000s
Precision file size:                0
Write Precision Time:               0.002s
Number of abstractions:            125225 (11% of all post computations)
  Times abstraction was reused:    0
  Because of function entry/exit:  114784 (92%)
  Because of loop head:            10441 (8%)
  Because of join nodes:           0 (0%)
  Because of threshold:            0 (0%)
  Times precision was empty:       6292 (5%)
  Times precision was {false}:     3532 (3%)
  Times result was cached:         109610 (88%)
  Times cartesian abs was used:    0 (0%)
  Times boolean abs was used:      5791 (5%)
  Times result was 'false':        2664 (2%)
Number of strengthen sat checks:   78
  Times result was 'false':        0 (0%)
Number of coverage checks:         280908
  BDD entailment checks:           137060
Number of SMT sat checks:          78
  trivial:                         78
  cached:                          0

Max ABE block size:                       50
Number of predicates discovered:          12
Number of abstraction locations:          0
Max number of predicates per location:    0
Avg number of predicates per location:    0
Total predicates per abstraction:         36964
Max number of predicates per abstraction: 11
Avg number of predicates per abstraction: 3.96
Number of irrelevant predicates:          24245 (66%)
Number of preds handled by boolean abs:   12719 (34%)
  Total number of models for allsat:      14138
  Max number of models for allsat:        27
  Avg number of models for allsat:        2.44

Number of path formula cache hits:   952559 (76%)

Time for post operator:                 32.822s
  Time for path formula creation:       16.577s
    Actual computation:                 13.711s
Time for strengthen operator:            0.656s
  Time for satisfiability checks:        0.002s
Time for prec operator:                 28.466s
  Time for abstraction:                 22.332s (Max:     1.072s, Count: 125225)
    Boolean abstraction:                 2.990s
    Solving time:                        1.695s (Max:     0.181s)
    Model enumeration time:              0.443s
    Time for BDD construction:           0.110s (Max:     0.002s)
Time for merge operator:                 4.909s
Time for coverage check:                 0.124s
  Time for BDD entailment checks:        0.093s
Total time for SMT solver (w/o itp):     2.138s

Number of BDD nodes:                               3557
Size of BDD node table:                            466043
Size of BDD cache:                                 46619
Size of BDD node cleanup queue:                        6597 (count: 186982, min: 0, max: 775, avg: 0.04)
Time for BDD node cleanup:                             0.018s
Time for BDD garbage collection:                       0.000s (in 0 runs)

PrecisionBootstrap statistics
-----------------------------
Init. function predicates:                         0
Init. global predicates:                           0
Init. location predicates:                         0

----------------------

AutomatonAnalysis (SVCOMP) statistics
-------------------------------------
Number of states:                                  1
Total time for successor computation:                  0.417s
Automaton transfers with branching:                0
Automaton transfer successors:                      1114617 (count: 1114617, min: 1, max: 1, avg: 1.00) [1 x 1114617]

CPA algorithm statistics
------------------------
Number of iterations:            1002165
Max size of waitlist:            153
Average size of waitlist:        78
Number of computed successors:   1114617
Max successors for one state:    2
Number of times merged:          71924
Number of times stopped:         109629
Number of times abs stopped:     37705
Number of times nonAbs stopped:  0
Number of times doAbstraction node:  125225
Number of times breaked:         78

Total time for CPA algorithm:        80.142s (Max:     2.211s)
CPU time for CPA algorithm:         122.000s
  Time for choose from waitlist:      0.416s
  Time for precision adjustment:     29.556s
  Time for transfer relation:        38.934s
  Time for merge operator:            6.050s
  Time for stop operator:             1.186s
  Time for adding to reached set:     1.661s

Predicate-Abstraction Refiner statistics
----------------------------------------
Avg. length of target path (in blocks):                1411 (count: 78, min: 8, max: 31, avg: 18.09)
Number of infeasible sliced prefixes:                     0 (count: 0, min: 0, max: 0, avg: 0.00)

Time for refinement:                                   4.525s
  Counterexample analysis:                1.670s (Max:     0.134s, Calls: 78)
    Refinement sat check:                 0.370s
    Interpolant computation:              0.000s
  Error path post-processing:                          0.000s
  Path-formulas extraction:                            0.001s
  Building the counterexample trace:                   1.671s
  Extracting precise counterexample:                   0.000s
  Extracting infeasible sliced prefixes:               0.000s
  Selecting infeasible sliced prefixes:                0.000s
  Predicate creation:                                  0.023s
  Precision update:                                    0.023s
  ARG update:                                          2.734s

Length of refined path (in blocks):                     888 (count: 78, min: 4, max: 30, avg: 11.38)
Number of affected states:                              756 (count: 78, min: 0, max: 29, avg: 9.69)
Length (states) of path with itp 'true':                 54 (count: 78, min: 0, max: 14, avg: 0.69)
Length (states) of path with itp non-trivial itp:       756 (count: 78, min: 0, max: 29, avg: 9.69)
Length (states) of path with itp 'false':                78 (count: 78, min: 1, max: 1, avg: 1.00)
Different non-trivial interpolants along paths:           2 (count: 78, min: 0, max: 2, avg: 0.03)
Equal non-trivial interpolants along paths:             677 (count: 78, min: 0, max: 28, avg: 8.68)
Different precisions along paths:                         0 (count: 0, min: 0, max: 0, avg: 0.00)
Equal precisions along paths:                             0 (count: 0, min: 0, max: 0, avg: 0.00)
Number of refs with location-based cutoff:                0

CEGAR algorithm statistics
--------------------------
Number of refinements:                78
Lazy expansion status:                false
Expansion times:                      0
Total path lengths:                   55490
SP times:                             0
Number of added holes:                0
Number of successful refinements:     78
Number of failed refinements:         0
Max. size of reached set before ref.: 28559
Max. size of reached set after ref.:  4361
Avg. size of reached set before ref.: 13415.14
Avg. size of reached set after ref.:  793.94

Total time for CEGAR algorithm:      84.798s
CPU time for CEGAR algorithm:       129.710s
Time for refinements:                 4.649s
CPU time for refinements:             7.710s
Average time for refinement:          0.059s
Max time for refinement:              0.188s
First time for refinement:             1.014s
Last time for refinement:              0.898s
Average time for analysis:          1.014s
Number of analysis:                79

Counterexample-Check Algorithm statistics
-----------------------------------------
Number of counterexample checks:    0

Code Coverage
-----------------------------
  Visited lines:          3273
  Total lines:            5
  Line coverage:          654.600

CPAchecker general statistics
-----------------------------
Number of program locations:     1800
Number of CFA edges:             2076
Number of relevant variables:    286
Number of functions:             51
Number of loops:                 2
Size of reached set:             17871
  Number of reached locations:   1758 (98%)
    Avg states per location:     10
    Max states per location:     141 (at node N1395)
  Number of reached functions:   45 (88%)
  Number of partitions:          17773
    Avg size of partitions:      1
    Max size of partitions:      10 (with key [N1397 (before /work/ldvuser/novikov/work/current--X--drivers/regulator/wm831x-dcdc.ko--X--defaultlinux--X--08_1a--X--cpachecker/linux/csd_deg_dscv/11/dscv_tempdir/dscv/ri/08_1a/drivers/regulator/wm831x-dcdc.c.prepared, line 1978), Function ldv_main0_sequence_infinite_withcheck_stateful called from node N1075, stack depth 1 [79c3f01f], stack [ldv_main0_sequence_infinite_withcheck_stateful], Init])
  Number of target states:       0

Time for analysis setup:                   1.826s
  Time for loading CPAs:                   0.350s
  Time for impacted traverse:              0.002s
  Time for loading parser:        0.026s
  Time for CFA construction:      1.376s
    Time for parsing file(s):     0.406s
    Time for AST to CFA:          0.491s
    Time for CFA sanity check:    0.000s
    Time for post-processing:     0.315s
      Time for var class.:        0.000s
Time for Analysis:                        84.813s
CPU time for analysis:    129.740s

Time for Garbage Collector:       3.365s (in 40 runs)
Garbage Collector(s) used:    PS MarkSweep, PS Scavenge
Used heap memory:               3568MB (  3403 MiB) max;   1155MB (  1101 MiB) avg;   3590MB (  3424 MiB) peak
Used non-heap memory:             45MB (    43 MiB) max;     41MB (    39 MiB) avg;     47MB (    45 MiB) peak
Used in PS Old Gen pool:         143MB (   136 MiB) max;     66MB (    63 MiB) avg;    143MB (   136 MiB) peak
Allocated heap memory:          3636MB (  3468 MiB) max;   2266MB (  2161 MiB) avg
Allocated non-heap memory:        47MB (    45 MiB) max;     44MB (    42 MiB) avg
Total process virtual memory:  13243MB ( 12629 MiB) max;  13240MB ( 12626 MiB) avg

Verification result: TRUE. No property violation found by chosen configuration.
More details about the verification run can be found in the directory "/home/yqs17/blazer/cpachecker-inc-pred/output-ori-final/flat/drivers--regulator--wm831x-dcdc.ko.019.fded2f4.08_1a.cil_safe.i".
