scripts/cpa.sh -heap 10000M -predicateAnalysis-ABEl-debug -setprop cpa.predicate.refinement.performInitialStaticRefinement=false -disable-java-assertions -outputpath /home/yqs17/blazer/cpachecker-inc-pred/output-ori-final/flat/drivers--video--backlight--tdo24m.ko.007.d073adc.39_7a.cil_safe.i -stats -spec /home/yqs17/blazer/cpachecker-inc-pred/LDVErrorLabel.spc -entryfunction ldv_main0_sequence_infinite_withcheck_stateful /home/yqs17/blazer/cpachecker-inc-pred/programs-flat/drivers--video--backlight--tdo24m.ko.007.d073adc.39_7a.cil_safe.i


--------------------------------------------------------------------------------


Running CPAchecker with Java heap of size 10000M.
Running CPAchecker with the following extra VM options:  -Djava.io.tmpdir=/tmp/BenchExec_run_8liz56d9/tmp
PredicateCPA statistics
-----------------------
Read Precision Time:                0.000s
Precision file size:                0
Write Precision Time:               0.003s
Number of abstractions:            96663 (9% of all post computations)
  Times abstraction was reused:    0
  Because of function entry/exit:  65850 (68%)
  Because of loop head:            30813 (32%)
  Because of join nodes:           0 (0%)
  Because of threshold:            0 (0%)
  Times precision was empty:       16673 (17%)
  Times precision was {false}:     617 (1%)
  Times result was cached:         75577 (78%)
  Times cartesian abs was used:    0 (0%)
  Times boolean abs was used:      3796 (4%)
  Times result was 'false':        2247 (2%)
Number of strengthen sat checks:   96
  Times result was 'false':        0 (0%)
Number of coverage checks:         226527
  BDD entailment checks:           28359
Number of SMT sat checks:          96
  trivial:                         96
  cached:                          0

Max ABE block size:                       28
Number of predicates discovered:          11
Number of abstraction locations:          0
Max number of predicates per location:    0
Avg number of predicates per location:    0
Total predicates per abstraction:         29595
Max number of predicates per abstraction: 9
Avg number of predicates per abstraction: 6.71
Number of irrelevant predicates:          14411 (49%)
Number of preds handled by boolean abs:   15184 (51%)
  Total number of models for allsat:      3746
  Max number of models for allsat:        3
  Avg number of models for allsat:        0.99

Number of path formula cache hits:   1152273 (92%)

Time for post operator:                 32.628s
  Time for path formula creation:        9.052s
    Actual computation:                  5.428s
Time for strengthen operator:            0.680s
  Time for satisfiability checks:        0.003s
Time for prec operator:                 21.181s
  Time for abstraction:                 15.557s (Max:     0.059s, Count: 96663)
    Boolean abstraction:                 1.214s
    Solving time:                        0.673s (Max:     0.005s)
    Model enumeration time:              0.033s
    Time for BDD construction:           0.058s (Max:     0.001s)
Time for merge operator:                 2.174s
Time for coverage check:                 0.090s
  Time for BDD entailment checks:        0.058s
Total time for SMT solver (w/o itp):     0.706s

Number of BDD nodes:                               750
Size of BDD node table:                            466043
Size of BDD cache:                                 46619
Size of BDD node cleanup queue:                        4038 (count: 70953, min: 0, max: 456, avg: 0.06)
Time for BDD node cleanup:                             0.013s
Time for BDD garbage collection:                       0.000s (in 0 runs)

PrecisionBootstrap statistics
-----------------------------
Init. function predicates:                         0
Init. global predicates:                           0
Init. location predicates:                         0

----------------------

AutomatonAnalysis (SVCOMP) statistics
-------------------------------------
Number of states:                                  1
Total time for successor computation:                  0.512s
  Time for transition matches:                         0.146s
  Time for transition assertions:                      0.000s
  Time for transition actions:                         0.001s
Automaton transfers with branching:                0
Automaton transfer successors:                      1072102 (count: 1072102, min: 1, max: 1, avg: 1.00) [1 x 1072102]

CPA algorithm statistics
------------------------
Number of iterations:            942544
Max size of waitlist:            42
Average size of waitlist:        24
Number of computed successors:   1072102
Max successors for one state:    2
Number of times merged:          99084
Number of times stopped:         125980
Number of times abs stopped:     26896
Number of times nonAbs stopped:  0
Number of times doAbstraction node:  96663
Number of times breaked:         96

Total time for CPA algorithm:        70.269s (Max:     2.822s)
CPU time for CPA algorithm:         109.010s
  Time for choose from waitlist:      0.342s
  Time for precision adjustment:     22.297s
  Time for transfer relation:        38.923s
  Time for merge operator:            3.498s
  Time for stop operator:             1.160s
  Time for adding to reached set:     1.651s

Predicate-Abstraction Refiner statistics
----------------------------------------
Avg. length of target path (in blocks):                2067 (count: 96, min: 6, max: 39, avg: 21.53)
Number of infeasible sliced prefixes:                     0 (count: 0, min: 0, max: 0, avg: 0.00)

Time for refinement:                                   5.710s
  Counterexample analysis:                3.056s (Max:     0.284s, Calls: 96)
    Refinement sat check:                 1.055s
    Interpolant computation:              0.000s
  Error path post-processing:                          0.000s
  Path-formulas extraction:                            0.005s
  Building the counterexample trace:                   3.056s
  Extracting precise counterexample:                   0.000s
  Extracting infeasible sliced prefixes:               0.000s
  Selecting infeasible sliced prefixes:                0.000s
  Predicate creation:                                  0.028s
  Precision update:                                    0.030s
  ARG update:                                          2.515s

Length of refined path (in blocks):                    1901 (count: 96, min: 4, max: 38, avg: 19.80)
Number of affected states:                             1693 (count: 96, min: 1, max: 36, avg: 17.64)
Length (states) of path with itp 'true':                112 (count: 96, min: 0, max: 16, avg: 1.17)
Length (states) of path with itp non-trivial itp:      1693 (count: 96, min: 1, max: 36, avg: 17.64)
Length (states) of path with itp 'false':                96 (count: 96, min: 1, max: 1, avg: 1.00)
Different non-trivial interpolants along paths:           1 (count: 96, min: 0, max: 1, avg: 0.01)
Equal non-trivial interpolants along paths:            1596 (count: 96, min: 0, max: 35, avg: 16.63)
Different precisions along paths:                         0 (count: 0, min: 0, max: 0, avg: 0.00)
Equal precisions along paths:                             0 (count: 0, min: 0, max: 0, avg: 0.00)
Number of refs with location-based cutoff:                0

CEGAR algorithm statistics
--------------------------
Number of refinements:                96
Lazy expansion status:                false
Expansion times:                      0
Total path lengths:                   78368
SP times:                             0
Number of added holes:                0
Number of successful refinements:     96
Number of failed refinements:         0
Max. size of reached set before ref.: 24120
Max. size of reached set after ref.:  7294
Avg. size of reached set before ref.: 10453.91
Avg. size of reached set after ref.:  837.39

Total time for CEGAR algorithm:      76.125s
CPU time for CEGAR algorithm:       119.560s
Time for refinements:                 5.848s
CPU time for refinements:            10.550s
Average time for refinement:          0.060s
Max time for refinement:              0.323s
First time for refinement:             0.724s
Last time for refinement:              1.126s
Average time for analysis:          0.724s
Number of analysis:                97

Counterexample-Check Algorithm statistics
-----------------------------------------
Number of counterexample checks:    0

Code Coverage
-----------------------------
  Visited lines:          3528
  Total lines:            5
  Line coverage:          705.600

CPAchecker general statistics
-----------------------------
Number of program locations:     1573
Number of CFA edges:             1773
Number of relevant variables:    149
Number of functions:             76
Number of loops:                 2
Size of reached set:             20690
  Number of reached locations:   1109 (71%)
    Avg states per location:     18
    Max states per location:     326 (at node N38)
  Number of reached functions:   25 (33%)
  Number of partitions:          20681
    Avg size of partitions:      1
    Max size of partitions:      3 (with key [N434 (before /work/ldvuser/novikov/work/current--X--drivers/video/backlight/tdo24m.ko--X--defaultlinux--X--39_7a--X--cpachecker/linux/csd_deg_dscv/12/dscv_tempdir/dscv/ri/39_7a/drivers/video/backlight/tdo24m.c.prepared, line 751), Function ldv_main0_sequence_infinite_withcheck_stateful called from node N356, stack depth 1 [4b629f13], stack [ldv_main0_sequence_infinite_withcheck_stateful], Init])
  Number of target states:       0

Time for analysis setup:                   1.772s
  Time for loading CPAs:                   0.351s
  Time for impacted traverse:              0.002s
  Time for loading parser:        0.030s
  Time for CFA construction:      1.306s
    Time for parsing file(s):     0.396s
    Time for AST to CFA:          0.483s
    Time for CFA sanity check:    0.000s
    Time for post-processing:     0.284s
      Time for var class.:        0.000s
Time for Analysis:                        76.147s
CPU time for analysis:    119.590s

Time for Garbage Collector:       1.534s (in 41 runs)
Garbage Collector(s) used:    PS MarkSweep, PS Scavenge
Used heap memory:               3484MB (  3322 MiB) max;    963MB (   919 MiB) avg;   3491MB (  3330 MiB) peak
Used non-heap memory:             43MB (    41 MiB) max;     39MB (    37 MiB) avg;     45MB (    43 MiB) peak
Used in PS Old Gen pool:          45MB (    43 MiB) max;     32MB (    31 MiB) avg;     45MB (    43 MiB) peak
Allocated heap memory:          3561MB (  3396 MiB) max;   1948MB (  1858 MiB) avg
Allocated non-heap memory:        46MB (    44 MiB) max;     43MB (    41 MiB) avg
Total process virtual memory:  13244MB ( 12630 MiB) max;  13240MB ( 12626 MiB) avg

Verification result: TRUE. No property violation found by chosen configuration.
More details about the verification run can be found in the directory "/home/yqs17/blazer/cpachecker-inc-pred/output-ori-final/flat/drivers--video--backlight--tdo24m.ko.007.d073adc.39_7a.cil_safe.i".
