scripts/cpa.sh -heap 10000M -predicateAnalysis-ABEl-debug -setprop cpa.predicate.refinement.performInitialStaticRefinement=false -disable-java-assertions -outputpath /home/yqs17/blazer/cpachecker-inc-pred/output-ori-final/flat/drivers--target--loopback--tcm_loop.ko.029.c8e31f2.32_7a.cil_safe.i -stats -spec /home/yqs17/blazer/cpachecker-inc-pred/LDVErrorLabel.spc -entryfunction ldv_main0_sequence_infinite_withcheck_stateful /home/yqs17/blazer/cpachecker-inc-pred/programs-flat/drivers--target--loopback--tcm_loop.ko.029.c8e31f2.32_7a.cil_safe.i


--------------------------------------------------------------------------------


Running CPAchecker with Java heap of size 10000M.
Running CPAchecker with the following extra VM options:  -Djava.io.tmpdir=/tmp/BenchExec_run_kn9uhqgq/tmp
PredicateCPA statistics
-----------------------
Read Precision Time:                0.000s
Precision file size:                0
Write Precision Time:               0.002s
Number of abstractions:            52263 (16% of all post computations)
  Times abstraction was reused:    0
  Because of function entry/exit:  50118 (96%)
  Because of loop head:            2145 (4%)
  Because of join nodes:           0 (0%)
  Because of threshold:            0 (0%)
  Times precision was empty:       6084 (12%)
  Times precision was {false}:     816 (2%)
  Times result was cached:         42867 (82%)
  Times cartesian abs was used:    0 (0%)
  Times boolean abs was used:      2496 (5%)
  Times result was 'false':        425 (1%)
Number of strengthen sat checks:   67
  Times result was 'false':        0 (0%)
Number of coverage checks:         51913
  BDD entailment checks:           25009
Number of SMT sat checks:          67
  trivial:                         67
  cached:                          0

Max ABE block size:                       32
Number of predicates discovered:          10
Number of abstraction locations:          0
Max number of predicates per location:    0
Avg number of predicates per location:    0
Total predicates per abstraction:         10414
Max number of predicates per abstraction: 8
Avg number of predicates per abstraction: 3.14
Number of irrelevant predicates:          5624 (54%)
Number of preds handled by boolean abs:   4790 (46%)
  Total number of models for allsat:      2621
  Max number of models for allsat:        3
  Avg number of models for allsat:        1.05

Number of path formula cache hits:   294301 (80%)

Time for post operator:                 12.488s
  Time for path formula creation:        6.535s
    Actual computation:                  4.679s
Time for strengthen operator:            0.235s
  Time for satisfiability checks:        0.000s
Time for prec operator:                 10.783s
  Time for abstraction:                  8.347s (Max:     0.162s, Count: 52263)
    Boolean abstraction:                 1.149s
    Solving time:                        0.657s (Max:     0.007s)
    Model enumeration time:              0.054s
    Time for BDD construction:           0.052s (Max:     0.002s)
Time for merge operator:                 0.761s
Time for coverage check:                 0.069s
  Time for BDD entailment checks:        0.048s
Total time for SMT solver (w/o itp):     0.711s

Number of BDD nodes:                               455
Size of BDD node table:                            466043
Size of BDD cache:                                 46619
Size of BDD node cleanup queue:                        2318 (count: 54556, min: 0, max: 375, avg: 0.04)
Time for BDD node cleanup:                             0.021s
Time for BDD garbage collection:                       0.000s (in 0 runs)

PrecisionBootstrap statistics
-----------------------------
Init. function predicates:                         0
Init. global predicates:                           0
Init. location predicates:                         0

----------------------

AutomatonAnalysis (SVCOMP) statistics
-------------------------------------
Number of states:                                  1
Total time for successor computation:                  0.264s
Automaton transfers with branching:                0
Automaton transfer successors:                       319826 (count: 319826, min: 1, max: 1, avg: 1.00) [1 x 319826]

CPA algorithm statistics
------------------------
Number of iterations:            292825
Max size of waitlist:            53
Average size of waitlist:        26
Number of computed successors:   319826
Max successors for one state:    2
Number of times merged:          13452
Number of times stopped:         26376
Number of times abs stopped:     12924
Number of times nonAbs stopped:  0
Number of times doAbstraction node:  52263
Number of times breaked:         67

Total time for CPA algorithm:        31.075s (Max:     1.264s)
CPU time for CPA algorithm:          61.540s
  Time for choose from waitlist:      0.217s
  Time for precision adjustment:     11.372s
  Time for transfer relation:        15.458s
  Time for merge operator:            1.215s
  Time for stop operator:             0.619s
  Time for adding to reached set:     0.668s

Predicate-Abstraction Refiner statistics
----------------------------------------
Avg. length of target path (in blocks):                3177 (count: 67, min: 31, max: 66, avg: 47.42)
Number of infeasible sliced prefixes:                     0 (count: 0, min: 0, max: 0, avg: 0.00)

Time for refinement:                                   5.161s
  Counterexample analysis:                3.962s (Max:     0.203s, Calls: 67)
    Refinement sat check:                 0.562s
    Interpolant computation:              0.000s
  Error path post-processing:                          0.000s
  Path-formulas extraction:                            0.003s
  Building the counterexample trace:                   3.962s
  Extracting precise counterexample:                   0.000s
  Extracting infeasible sliced prefixes:               0.000s
  Selecting infeasible sliced prefixes:                0.000s
  Predicate creation:                                  0.019s
  Precision update:                                    0.017s
  ARG update:                                          1.046s

Length of refined path (in blocks):                    2757 (count: 67, min: 12, max: 62, avg: 41.15)
Number of affected states:                             2605 (count: 67, min: 1, max: 60, avg: 38.88)
Length (states) of path with itp 'true':                 85 (count: 67, min: 0, max: 18, avg: 1.27)
Length (states) of path with itp non-trivial itp:      2605 (count: 67, min: 1, max: 60, avg: 38.88)
Length (states) of path with itp 'false':                67 (count: 67, min: 1, max: 1, avg: 1.00)
Different non-trivial interpolants along paths:           4 (count: 67, min: 0, max: 2, avg: 0.06)
Equal non-trivial interpolants along paths:            2534 (count: 67, min: 0, max: 59, avg: 37.82)
Different precisions along paths:                         0 (count: 0, min: 0, max: 0, avg: 0.00)
Equal precisions along paths:                             0 (count: 0, min: 0, max: 0, avg: 0.00)
Number of refs with location-based cutoff:                0

CEGAR algorithm statistics
--------------------------
Number of refinements:                67
Lazy expansion status:                false
Expansion times:                      0
Total path lengths:                   103056
SP times:                             0
Number of added holes:                0
Number of successful refinements:     67
Number of failed refinements:         0
Max. size of reached set before ref.: 9884
Max. size of reached set after ref.:  4606
Avg. size of reached set before ref.: 5572.25
Avg. size of reached set after ref.:  1282.85

Total time for CEGAR algorithm:      36.462s
CPU time for CEGAR algorithm:        72.180s
Time for refinements:                 5.375s
CPU time for refinements:            10.630s
Average time for refinement:          0.080s
Max time for refinement:              0.246s
First time for refinement:             0.457s
Last time for refinement:              0.396s
Average time for analysis:          0.457s
Number of analysis:                68

Counterexample-Check Algorithm statistics
-----------------------------------------
Number of counterexample checks:    0

Code Coverage
-----------------------------
  Visited lines:          6637
  Total lines:            4
  Line coverage:          1659.250

CPAchecker general statistics
-----------------------------
Number of program locations:     3101
Number of CFA edges:             3470
Number of relevant variables:    380
Number of functions:             116
Number of loops:                 2
Size of reached set:             5636
  Number of reached locations:   2092 (67%)
    Avg states per location:     2
    Max states per location:     72 (at node N381)
  Number of reached functions:   45 (39%)
  Number of partitions:          5621
    Avg size of partitions:      1
    Max size of partitions:      4 (with key [N1818 (before /work/ldvuser/novikov/work/current--X--drivers/target/loopback/tcm_loop.ko--X--defaultlinux--X--32_7a--X--cpachecker/linux/csd_deg_dscv/11/dscv_tempdir/dscv/ri/32_7a/drivers/target/loopback/tcm_loop.c.prepared, line 1693), Function ldv_main0_sequence_infinite_withcheck_stateful called from node N1721, stack depth 1 [365a6a43], stack [ldv_main0_sequence_infinite_withcheck_stateful], Init])
  Number of target states:       0

Time for analysis setup:                   2.543s
  Time for loading CPAs:                   0.399s
  Time for impacted traverse:              0.002s
  Time for loading parser:        0.034s
  Time for CFA construction:      2.034s
    Time for parsing file(s):     0.518s
    Time for AST to CFA:          0.765s
    Time for CFA sanity check:    0.000s
    Time for post-processing:     0.506s
      Time for var class.:        0.000s
Time for Analysis:                        36.469s
CPU time for analysis:     72.200s

Time for Garbage Collector:       1.066s (in 25 runs)
Garbage Collector(s) used:    PS MarkSweep, PS Scavenge
Used heap memory:               1333MB (  1271 MiB) max;    381MB (   364 MiB) avg;   1333MB (  1272 MiB) peak
Used non-heap memory:             43MB (    41 MiB) max;     37MB (    35 MiB) avg;     46MB (    44 MiB) peak
Used in PS Old Gen pool:          35MB (    33 MiB) max;     28MB (    27 MiB) avg;     35MB (    33 MiB) peak
Allocated heap memory:          1668MB (  1591 MiB) max;    833MB (   794 MiB) avg
Allocated non-heap memory:        46MB (    44 MiB) max;     40MB (    38 MiB) avg
Total process virtual memory:  13243MB ( 12629 MiB) max;  13239MB ( 12626 MiB) avg

Verification result: TRUE. No property violation found by chosen configuration.
More details about the verification run can be found in the directory "/home/yqs17/blazer/cpachecker-inc-pred/output-ori-final/flat/drivers--target--loopback--tcm_loop.ko.029.c8e31f2.32_7a.cil_safe.i".
