scripts/cpa.sh -heap 10000M -predicateAnalysis-ABEl-debug -setprop cpa.predicate.refinement.performInitialStaticRefinement=false -disable-java-assertions -outputpath /home/yqs17/blazer/cpachecker-inc-pred/output-ori-final/flat/drivers--hwmon--it87.ko.060.b99883d.32_7a.cil_safe.i -stats -spec /home/yqs17/blazer/cpachecker-inc-pred/LDVErrorLabel.spc -entryfunction ldv_main0_sequence_infinite_withcheck_stateful /home/yqs17/blazer/cpachecker-inc-pred/programs-flat/drivers--hwmon--it87.ko.060.b99883d.32_7a.cil_safe.i


--------------------------------------------------------------------------------


Running CPAchecker with Java heap of size 10000M.
Running CPAchecker with the following extra VM options:  -Djava.io.tmpdir=/tmp/BenchExec_run_lsqxu5zo/tmp
PredicateCPA statistics
-----------------------
Read Precision Time:                0.000s
Precision file size:                0
Write Precision Time:               0.003s
Number of abstractions:            16808 (24% of all post computations)
  Times abstraction was reused:    0
  Because of function entry/exit:  16169 (96%)
  Because of loop head:            639 (4%)
  Because of join nodes:           0 (0%)
  Because of threshold:            0 (0%)
  Times precision was empty:       6583 (39%)
  Times precision was {false}:     453 (3%)
  Times result was cached:         8519 (51%)
  Times cartesian abs was used:    0 (0%)
  Times boolean abs was used:      1253 (7%)
  Times result was 'false':        155 (1%)
Number of strengthen sat checks:   15
  Times result was 'false':        0 (0%)
Number of coverage checks:         8403
  BDD entailment checks:           1675
Number of SMT sat checks:          15
  trivial:                         15
  cached:                          0

Max ABE block size:                       114
Number of predicates discovered:          15
Number of abstraction locations:          0
Max number of predicates per location:    0
Avg number of predicates per location:    0
Total predicates per abstraction:         3931
Max number of predicates per abstraction: 8
Avg number of predicates per abstraction: 2.30
Number of irrelevant predicates:          1943 (49%)
Number of preds handled by boolean abs:   1988 (51%)
  Total number of models for allsat:      1484
  Max number of models for allsat:        6
  Avg number of models for allsat:        1.18

Number of path formula cache hits:   40563 (50%)

Time for post operator:                  7.213s
  Time for path formula creation:        6.092s
    Actual computation:                  4.454s
Time for strengthen operator:            0.088s
  Time for satisfiability checks:        0.001s
Time for prec operator:                  6.057s
  Time for abstraction:                  4.928s (Max:     0.257s, Count: 16808)
    Boolean abstraction:                 1.882s
    Solving time:                        1.181s (Max:     0.193s)
    Model enumeration time:              0.806s
    Time for BDD construction:           0.035s (Max:     0.002s)
Time for merge operator:                 3.635s
Time for coverage check:                 0.017s
  Time for BDD entailment checks:        0.015s
Total time for SMT solver (w/o itp):     1.987s

Number of BDD nodes:                               452
Size of BDD node table:                            466043
Size of BDD cache:                                 46619
Size of BDD node cleanup queue:                        1493 (count: 24766, min: 0, max: 375, avg: 0.06)
Time for BDD node cleanup:                             0.005s
Time for BDD garbage collection:                       0.000s (in 0 runs)

PrecisionBootstrap statistics
-----------------------------
Init. function predicates:                         0
Init. global predicates:                           0
Init. location predicates:                         0

----------------------

AutomatonAnalysis (SVCOMP) statistics
-------------------------------------
Number of states:                                  1
Total time for successor computation:                  0.120s
Automaton transfers with branching:                0
Automaton transfer successors:                        69804 (count: 69804, min: 1, max: 1, avg: 1.00) [1 x 69804]

CPA algorithm statistics
------------------------
Number of iterations:            65291
Max size of waitlist:            70
Average size of waitlist:        15
Number of computed successors:   69804
Max successors for one state:    2
Number of times merged:          3364
Number of times stopped:         4346
Number of times abs stopped:     982
Number of times nonAbs stopped:  0
Number of times doAbstraction node:  16808
Number of times breaked:         15

Total time for CPA algorithm:        19.710s (Max:     3.066s)
CPU time for CPA algorithm:          38.950s
  Time for choose from waitlist:      0.094s
  Time for precision adjustment:      6.301s
  Time for transfer relation:         8.403s
  Time for merge operator:            3.782s
  Time for stop operator:             0.191s
  Time for adding to reached set:     0.265s

Predicate-Abstraction Refiner statistics
----------------------------------------
Avg. length of target path (in blocks):                2660 (count: 15, min: 30, max: 292, avg: 177.33)
Number of infeasible sliced prefixes:                     0 (count: 0, min: 0, max: 0, avg: 0.00)

Time for refinement:                                  17.699s
  Counterexample analysis:               17.218s (Max:     2.332s, Calls: 15)
    Refinement sat check:                 0.669s
    Interpolant computation:              0.000s
  Error path post-processing:                          0.000s
  Path-formulas extraction:                            0.001s
  Building the counterexample trace:                  17.218s
  Extracting precise counterexample:                   0.000s
  Extracting infeasible sliced prefixes:               0.000s
  Selecting infeasible sliced prefixes:                0.000s
  Predicate creation:                                  0.017s
  Precision update:                                    0.012s
  ARG update:                                          0.418s

Length of refined path (in blocks):                    2425 (count: 15, min: 15, max: 291, avg: 161.67)
Number of affected states:                             1808 (count: 15, min: 1, max: 289, avg: 120.53)
Length (states) of path with itp 'true':                602 (count: 15, min: 0, max: 155, avg: 40.13)
Length (states) of path with itp non-trivial itp:      1808 (count: 15, min: 1, max: 289, avg: 120.53)
Length (states) of path with itp 'false':                15 (count: 15, min: 1, max: 1, avg: 1.00)
Different non-trivial interpolants along paths:           8 (count: 15, min: 0, max: 2, avg: 0.53)
Equal non-trivial interpolants along paths:            1785 (count: 15, min: 0, max: 288, avg: 119.00)
Different precisions along paths:                         0 (count: 0, min: 0, max: 0, avg: 0.00)
Equal precisions along paths:                             0 (count: 0, min: 0, max: 0, avg: 0.00)
Number of refs with location-based cutoff:                0

CEGAR algorithm statistics
--------------------------
Number of refinements:                15
Lazy expansion status:                false
Expansion times:                      0
Total path lengths:                   21606
SP times:                             0
Number of added holes:                0
Number of successful refinements:     15
Number of failed refinements:         0
Max. size of reached set before ref.: 10202
Max. size of reached set after ref.:  3050
Avg. size of reached set before ref.: 5397.40
Avg. size of reached set after ref.:  1248.80

Total time for CEGAR algorithm:      37.470s
CPU time for CEGAR algorithm:        64.850s
Time for refinements:                17.759s
CPU time for refinements:            25.900s
Average time for refinement:          1.183s
Max time for refinement:              2.361s
First time for refinement:             1.231s
Last time for refinement:              0.242s
Average time for analysis:          1.231s
Number of analysis:                16

Counterexample-Check Algorithm statistics
-----------------------------------------
Number of counterexample checks:    0

Code Coverage
-----------------------------
  Visited lines:          3101
  Total lines:            10
  Line coverage:          310.100

CPAchecker general statistics
-----------------------------
Number of program locations:     2877
Number of CFA edges:             3428
Number of relevant variables:    547
Number of functions:             111
Number of loops:                 14
Size of reached set:             3075
  Number of reached locations:   1597 (56%)
    Avg states per location:     1
    Max states per location:     64 (at node N265)
  Number of reached functions:   31 (28%)
  Number of partitions:          3067
    Avg size of partitions:      1
    Max size of partitions:      3 (with key [N1792 (before /work/ldvuser/novikov/work/current--X--drivers/hwmon/it87.ko--X--defaultlinux--X--32_7a--X--cpachecker/linux/csd_deg_dscv/11/dscv_tempdir/dscv/ri/32_7a/drivers/hwmon/it87.c.prepared, line 1441), Function it87_init_device called from node N1387, stack depth 3 [46619276], stack [ldv_main0_sequence_infinite_withcheck_stateful, it87_probe, it87_init_device], Init])
  Number of target states:       0

Time for analysis setup:                   2.288s
  Time for loading CPAs:                   0.375s
  Time for impacted traverse:              0.003s
  Time for loading parser:        0.028s
  Time for CFA construction:      1.797s
    Time for parsing file(s):     0.497s
    Time for AST to CFA:          0.672s
    Time for CFA sanity check:    0.000s
    Time for post-processing:     0.443s
      Time for var class.:        0.000s
Time for Analysis:                        37.473s
CPU time for analysis:     64.850s

Time for Garbage Collector:       0.857s (in 20 runs)
Garbage Collector(s) used:    PS MarkSweep, PS Scavenge
Used heap memory:               1424MB (  1358 MiB) max;    426MB (   406 MiB) avg;   1434MB (  1368 MiB) peak
Used non-heap memory:             43MB (    41 MiB) max;     38MB (    36 MiB) avg;     46MB (    44 MiB) peak
Used in PS Old Gen pool:          34MB (    32 MiB) max;     27MB (    26 MiB) avg;     34MB (    32 MiB) peak
Allocated heap memory:          1504MB (  1434 MiB) max;    926MB (   883 MiB) avg
Allocated non-heap memory:        46MB (    44 MiB) max;     41MB (    39 MiB) avg
Total process virtual memory:  13242MB ( 12629 MiB) max;  13239MB ( 12626 MiB) avg

Verification result: TRUE. No property violation found by chosen configuration.
More details about the verification run can be found in the directory "/home/yqs17/blazer/cpachecker-inc-pred/output-ori-final/flat/drivers--hwmon--it87.ko.060.b99883d.32_7a.cil_safe.i".
