scripts/cpa.sh -heap 10000M -predicateAnalysis-ABEl-debug -setprop cpa.predicate.refinement.performInitialStaticRefinement=false -disable-java-assertions -outputpath /home/yqs17/blazer/cpachecker-inc-pred/output-ori-final/flat/drivers--regulator--wm831x-dcdc.ko.034.c70ad9d.08_1a.cil_safe.i -stats -spec /home/yqs17/blazer/cpachecker-inc-pred/LDVErrorLabel.spc -entryfunction ldv_main0_sequence_infinite_withcheck_stateful /home/yqs17/blazer/cpachecker-inc-pred/programs-flat/drivers--regulator--wm831x-dcdc.ko.034.c70ad9d.08_1a.cil_safe.i


--------------------------------------------------------------------------------


Running CPAchecker with Java heap of size 10000M.
Running CPAchecker with the following extra VM options:  -Djava.io.tmpdir=/tmp/BenchExec_run_unnzo4vo/tmp
PredicateCPA statistics
-----------------------
Read Precision Time:                0.000s
Precision file size:                0
Write Precision Time:               0.002s
Number of abstractions:            98436 (12% of all post computations)
  Times abstraction was reused:    0
  Because of function entry/exit:  92785 (94%)
  Because of loop head:            5651 (6%)
  Because of join nodes:           0 (0%)
  Because of threshold:            0 (0%)
  Times precision was empty:       5389 (5%)
  Times precision was {false}:     2712 (3%)
  Times result was cached:         86803 (88%)
  Times cartesian abs was used:    0 (0%)
  Times boolean abs was used:      3532 (4%)
  Times result was 'false':        1460 (1%)
Number of strengthen sat checks:   62
  Times result was 'false':        0 (0%)
Number of coverage checks:         188965
  BDD entailment checks:           82525
Number of SMT sat checks:          62
  trivial:                         62
  cached:                          0

Max ABE block size:                       45
Number of predicates discovered:          12
Number of abstraction locations:          0
Max number of predicates per location:    0
Avg number of predicates per location:    0
Total predicates per abstraction:         20884
Max number of predicates per abstraction: 11
Avg number of predicates per abstraction: 3.34
Number of irrelevant predicates:          13209 (63%)
Number of preds handled by boolean abs:   7675 (37%)
  Total number of models for allsat:      8125
  Max number of models for allsat:        25
  Avg number of models for allsat:        2.30

Number of path formula cache hits:   715903 (75%)

Time for post operator:                 25.256s
  Time for path formula creation:       13.147s
    Actual computation:                 10.743s
Time for strengthen operator:            0.545s
  Time for satisfiability checks:        0.001s
Time for prec operator:                 20.840s
  Time for abstraction:                 16.738s (Max:     1.291s, Count: 98436)
    Boolean abstraction:                 1.262s
    Solving time:                        0.964s (Max:     0.015s)
    Model enumeration time:              0.332s
    Time for BDD construction:           0.083s (Max:     0.004s)
Time for merge operator:                 2.857s
Time for coverage check:                 0.117s
  Time for BDD entailment checks:        0.087s
Total time for SMT solver (w/o itp):     1.296s

Number of BDD nodes:                               3449
Size of BDD node table:                            466043
Size of BDD cache:                                 46619
Size of BDD node cleanup queue:                        4314 (count: 119960, min: 0, max: 437, avg: 0.04)
Time for BDD node cleanup:                             0.013s
Time for BDD garbage collection:                       0.000s (in 0 runs)

PrecisionBootstrap statistics
-----------------------------
Init. function predicates:                         0
Init. global predicates:                           0
Init. location predicates:                         0

----------------------

AutomatonAnalysis (SVCOMP) statistics
-------------------------------------
Number of states:                                  1
Total time for successor computation:                  0.348s
Automaton transfers with branching:                0
Automaton transfer successors:                       853986 (count: 853986, min: 1, max: 1, avg: 1.00) [1 x 853986]

CPA algorithm statistics
------------------------
Number of iterations:            773103
Max size of waitlist:            98
Average size of waitlist:        55
Number of computed successors:   853986
Max successors for one state:    2
Number of times merged:          53220
Number of times stopped:         79295
Number of times abs stopped:     26075
Number of times nonAbs stopped:  0
Number of times doAbstraction node:  98436
Number of times breaked:         62

Total time for CPA algorithm:        61.154s (Max:     2.632s)
CPU time for CPA algorithm:         100.160s
  Time for choose from waitlist:      0.295s
  Time for precision adjustment:     21.796s
  Time for transfer relation:        30.813s
  Time for merge operator:            3.740s
  Time for stop operator:             0.981s
  Time for adding to reached set:     1.405s

Predicate-Abstraction Refiner statistics
----------------------------------------
Avg. length of target path (in blocks):                1272 (count: 62, min: 8, max: 34, avg: 20.52)
Number of infeasible sliced prefixes:                     0 (count: 0, min: 0, max: 0, avg: 0.00)

Time for refinement:                                   3.982s
  Counterexample analysis:                1.631s (Max:     0.113s, Calls: 62)
    Refinement sat check:                 0.413s
    Interpolant computation:              0.000s
  Error path post-processing:                          0.000s
  Path-formulas extraction:                            0.000s
  Building the counterexample trace:                   1.631s
  Extracting precise counterexample:                   0.000s
  Extracting infeasible sliced prefixes:               0.000s
  Selecting infeasible sliced prefixes:                0.000s
  Predicate creation:                                  0.014s
  Precision update:                                    0.018s
  ARG update:                                          2.257s

Length of refined path (in blocks):                     801 (count: 62, min: 4, max: 33, avg: 12.92)
Number of affected states:                              683 (count: 62, min: 1, max: 32, avg: 11.02)
Length (states) of path with itp 'true':                 56 (count: 62, min: 0, max: 16, avg: 0.90)
Length (states) of path with itp non-trivial itp:       683 (count: 62, min: 1, max: 32, avg: 11.02)
Length (states) of path with itp 'false':                62 (count: 62, min: 1, max: 1, avg: 1.00)
Different non-trivial interpolants along paths:           2 (count: 62, min: 0, max: 2, avg: 0.03)
Equal non-trivial interpolants along paths:             619 (count: 62, min: 0, max: 31, avg: 9.98)
Different precisions along paths:                         0 (count: 0, min: 0, max: 0, avg: 0.00)
Equal precisions along paths:                             0 (count: 0, min: 0, max: 0, avg: 0.00)
Number of refs with location-based cutoff:                0

CEGAR algorithm statistics
--------------------------
Number of refinements:                62
Lazy expansion status:                false
Expansion times:                      0
Total path lengths:                   45638
SP times:                             0
Number of added holes:                0
Number of successful refinements:     62
Number of failed refinements:         0
Max. size of reached set before ref.: 29010
Max. size of reached set after ref.:  4364
Avg. size of reached set before ref.: 12998.10
Avg. size of reached set after ref.:  818.53

Total time for CEGAR algorithm:      65.253s
CPU time for CEGAR algorithm:       107.440s
Time for refinements:                 4.093s
CPU time for refinements:             7.270s
Average time for refinement:          0.066s
Max time for refinement:              0.154s
First time for refinement:             0.970s
Last time for refinement:              0.659s
Average time for analysis:          0.970s
Number of analysis:                63

Counterexample-Check Algorithm statistics
-----------------------------------------
Number of counterexample checks:    0

Code Coverage
-----------------------------
  Visited lines:          3231
  Total lines:            5
  Line coverage:          646.200

CPAchecker general statistics
-----------------------------
Number of program locations:     1853
Number of CFA edges:             2123
Number of relevant variables:    294
Number of functions:             45
Number of loops:                 2
Size of reached set:             18099
  Number of reached locations:   1811 (98%)
    Avg states per location:     9
    Max states per location:     188 (at node N1420)
  Number of reached functions:   39 (87%)
  Number of partitions:          18040
    Avg size of partitions:      1
    Max size of partitions:      10 (with key [N1399 (before /work/ldvuser/novikov/work/current--X--drivers/regulator/wm831x-dcdc.ko--X--defaultlinux--X--08_1a--X--cpachecker/linux/csd_deg_dscv/12/dscv_tempdir/dscv/ri/08_1a/drivers/regulator/wm831x-dcdc.c.prepared, line 1702), Function ldv_main0_sequence_infinite_withcheck_stateful called from node N1148, stack depth 1 [5e8a459], stack [ldv_main0_sequence_infinite_withcheck_stateful], Init])
  Number of target states:       0

Time for analysis setup:                   1.904s
  Time for loading CPAs:                   0.365s
  Time for impacted traverse:              0.002s
  Time for loading parser:        0.035s
  Time for CFA construction:      1.415s
    Time for parsing file(s):     0.424s
    Time for AST to CFA:          0.479s
    Time for CFA sanity check:    0.000s
    Time for post-processing:     0.362s
      Time for var class.:        0.000s
Time for Analysis:                        65.274s
CPU time for analysis:    107.470s

Time for Garbage Collector:       3.152s (in 34 runs)
Garbage Collector(s) used:    PS MarkSweep, PS Scavenge
Used heap memory:               3390MB (  3233 MiB) max;    916MB (   873 MiB) avg;   3437MB (  3278 MiB) peak
Used non-heap memory:             44MB (    42 MiB) max;     39MB (    37 MiB) avg;     46MB (    44 MiB) peak
Used in PS Old Gen pool:         122MB (   117 MiB) max;     53MB (    51 MiB) avg;    122MB (   117 MiB) peak
Allocated heap memory:          3639MB (  3471 MiB) max;   1834MB (  1749 MiB) avg
Allocated non-heap memory:        47MB (    44 MiB) max;     43MB (    41 MiB) avg
Total process virtual memory:  13245MB ( 12631 MiB) max;  13240MB ( 12626 MiB) avg

Verification result: TRUE. No property violation found by chosen configuration.
More details about the verification run can be found in the directory "/home/yqs17/blazer/cpachecker-inc-pred/output-ori-final/flat/drivers--regulator--wm831x-dcdc.ko.034.c70ad9d.08_1a.cil_safe.i".
