scripts/cpa.sh -heap 10000M -predicateAnalysis-ABEl-debug -setprop cpa.predicate.refinement.performInitialStaticRefinement=false -disable-java-assertions -outputpath /home/yqs17/blazer/cpachecker-inc-pred/output-ori-final/flat/drivers--media--video--videobuf-vmalloc.ko.023.38a54f3.43_1a.cil_safe.i -stats -spec /home/yqs17/blazer/cpachecker-inc-pred/LDVErrorLabel.spc -entryfunction ldv_main0_sequence_infinite_withcheck_stateful /home/yqs17/blazer/cpachecker-inc-pred/programs-flat/drivers--media--video--videobuf-vmalloc.ko.023.38a54f3.43_1a.cil_safe.i


--------------------------------------------------------------------------------


Running CPAchecker with Java heap of size 10000M.
Running CPAchecker with the following extra VM options:  -Djava.io.tmpdir=/tmp/BenchExec_run_54us8z9n/tmp
PredicateCPA statistics
-----------------------
Read Precision Time:                0.000s
Precision file size:                0
Write Precision Time:               0.003s
Number of abstractions:            2617 (13% of all post computations)
  Times abstraction was reused:    0
  Because of function entry/exit:  2256 (86%)
  Because of loop head:            361 (14%)
  Because of join nodes:           0 (0%)
  Because of threshold:            0 (0%)
  Times precision was empty:       191 (7%)
  Times precision was {false}:     158 (6%)
  Times result was cached:         1851 (71%)
  Times cartesian abs was used:    0 (0%)
  Times boolean abs was used:      417 (16%)
  Times result was 'false':        115 (4%)
Number of strengthen sat checks:   18
  Times result was 'false':        0 (0%)
Number of coverage checks:         2877
  BDD entailment checks:           609
Number of SMT sat checks:          18
  trivial:                         18
  cached:                          0

Max ABE block size:                       22
Number of predicates discovered:          4
Number of abstraction locations:          0
Max number of predicates per location:    0
Avg number of predicates per location:    0
Total predicates per abstraction:         1058
Max number of predicates per abstraction: 3
Avg number of predicates per abstraction: 1.84
Number of irrelevant predicates:          556 (53%)
Number of preds handled by boolean abs:   502 (47%)
  Total number of models for allsat:      430
  Max number of models for allsat:        2
  Avg number of models for allsat:        1.03

Number of path formula cache hits:   13973 (62%)

Time for post operator:                  1.530s
  Time for path formula creation:        1.077s
    Actual computation:                  0.980s
Time for strengthen operator:            0.045s
  Time for satisfiability checks:        0.000s
Time for prec operator:                  1.746s
  Time for abstraction:                  1.521s (Max:     0.128s, Count: 2617)
    Boolean abstraction:                 0.284s
    Solving time:                        0.248s (Max:     0.012s)
    Model enumeration time:              0.011s
    Time for BDD construction:           0.021s (Max:     0.005s)
Time for merge operator:                 0.138s
Time for coverage check:                 0.005s
  Time for BDD entailment checks:        0.005s
Total time for SMT solver (w/o itp):     0.259s

Number of BDD nodes:                               209
Size of BDD node table:                            466043
Size of BDD cache:                                 46619
Size of BDD node cleanup queue:                         389 (count: 6310, min: 0, max: 142, avg: 0.06)
Time for BDD node cleanup:                             0.002s
Time for BDD garbage collection:                       0.000s (in 0 runs)

PrecisionBootstrap statistics
-----------------------------
Init. function predicates:                         0
Init. global predicates:                           0
Init. location predicates:                         0

----------------------

AutomatonAnalysis (SVCOMP) statistics
-------------------------------------
Number of states:                                  1
Total time for successor computation:                  0.078s
Automaton transfers with branching:                0
Automaton transfer successors:                        20446 (count: 20446, min: 1, max: 1, avg: 1.00) [1 x 20446]

CPA algorithm statistics
------------------------
Number of iterations:            18507
Max size of waitlist:            26
Average size of waitlist:        13
Number of computed successors:   20446
Max successors for one state:    2
Number of times merged:          1134
Number of times stopped:         1517
Number of times abs stopped:     383
Number of times nonAbs stopped:  0
Number of times doAbstraction node:  2617
Number of times breaked:         18

Total time for CPA algorithm:         4.801s (Max:     0.471s)
CPU time for CPA algorithm:           9.480s
  Time for choose from waitlist:      0.043s
  Time for precision adjustment:      1.872s
  Time for transfer relation:         2.091s
  Time for merge operator:            0.208s
  Time for stop operator:             0.067s
  Time for adding to reached set:     0.158s

Predicate-Abstraction Refiner statistics
----------------------------------------
Avg. length of target path (in blocks):                 253 (count: 18, min: 6, max: 25, avg: 14.06)
Number of infeasible sliced prefixes:                     0 (count: 0, min: 0, max: 0, avg: 0.00)

Time for refinement:                                   0.742s
  Counterexample analysis:                0.601s (Max:     0.096s, Calls: 18)
    Refinement sat check:                 0.196s
    Interpolant computation:              0.000s
  Error path post-processing:                          0.000s
  Path-formulas extraction:                            0.001s
  Building the counterexample trace:                   0.601s
  Extracting precise counterexample:                   0.000s
  Extracting infeasible sliced prefixes:               0.000s
  Selecting infeasible sliced prefixes:                0.000s
  Predicate creation:                                  0.007s
  Precision update:                                    0.007s
  ARG update:                                          0.102s

Length of refined path (in blocks):                     173 (count: 18, min: 2, max: 21, avg: 9.61)
Number of affected states:                              149 (count: 18, min: 1, max: 20, avg: 8.28)
Length (states) of path with itp 'true':                  6 (count: 18, min: 0, max: 6, avg: 0.33)
Length (states) of path with itp non-trivial itp:       149 (count: 18, min: 1, max: 20, avg: 8.28)
Length (states) of path with itp 'false':                18 (count: 18, min: 1, max: 1, avg: 1.00)
Different non-trivial interpolants along paths:           0 (count: 18, min: 0, max: 0, avg: 0.00)
Equal non-trivial interpolants along paths:             131 (count: 18, min: 0, max: 19, avg: 7.28)
Different precisions along paths:                         0 (count: 0, min: 0, max: 0, avg: 0.00)
Equal precisions along paths:                             0 (count: 0, min: 0, max: 0, avg: 0.00)
Number of refs with location-based cutoff:                0

CEGAR algorithm statistics
--------------------------
Number of refinements:                18
Lazy expansion status:                false
Expansion times:                      0
Total path lengths:                   9055
SP times:                             0
Number of added holes:                0
Number of successful refinements:     18
Number of failed refinements:         0
Max. size of reached set before ref.: 1747
Max. size of reached set after ref.:  690
Avg. size of reached set before ref.: 1387.50
Avg. size of reached set after ref.:  423.67

Total time for CEGAR algorithm:       5.595s
CPU time for CEGAR algorithm:        11.050s
Time for refinements:                 0.793s
CPU time for refinements:             1.540s
Average time for refinement:          0.044s
Max time for refinement:              0.111s
First time for refinement:             0.252s
Last time for refinement:              0.117s
Average time for analysis:          0.252s
Number of analysis:                19

Counterexample-Check Algorithm statistics
-----------------------------------------
Number of counterexample checks:    0

Code Coverage
-----------------------------
  Visited lines:          2026
  Total lines:            13
  Line coverage:          155.846

CPAchecker general statistics
-----------------------------
Number of program locations:     987
Number of CFA edges:             1100
Number of relevant variables:    131
Number of functions:             27
Number of loops:                 4
Size of reached set:             1466
  Number of reached locations:   855 (87%)
    Avg states per location:     1
    Max states per location:     25 (at node N624)
  Number of reached functions:   16 (59%)
  Number of partitions:          1457
    Avg size of partitions:      1
    Max size of partitions:      2 (with key [N573 (before /work/ldvuser/novikov/work/current--X--drivers/media/video/videobuf-vmalloc.ko--X--defaultlinux--X--43_1a--X--cpachecker/linux/csd_deg_dscv/11/dscv_tempdir/dscv/ri/43_1a/drivers/media/video/videobuf-vmalloc.c.prepared, line 692), Function ldv_main0_sequence_infinite_withcheck_stateful called from node N482, stack depth 1 [5d018107], stack [ldv_main0_sequence_infinite_withcheck_stateful], Init])
  Number of target states:       0

Time for analysis setup:                   1.481s
  Time for loading CPAs:                   0.346s
  Time for impacted traverse:              0.002s
  Time for loading parser:        0.028s
  Time for CFA construction:      1.047s
    Time for parsing file(s):     0.336s
    Time for AST to CFA:          0.376s
    Time for CFA sanity check:    0.000s
    Time for post-processing:     0.204s
      Time for var class.:        0.000s
Time for Analysis:                         5.597s
CPU time for analysis:     11.060s

Time for Garbage Collector:       0.211s (in 8 runs)
Garbage Collector(s) used:    PS MarkSweep, PS Scavenge
Used heap memory:                242MB (   231 MiB) max;     77MB (    74 MiB) avg;    263MB (   251 MiB) peak
Used non-heap memory:             36MB (    34 MiB) max;     30MB (    29 MiB) avg;     39MB (    37 MiB) peak
Used in PS Old Gen pool:          21MB (    20 MiB) max;     14MB (    13 MiB) avg;     22MB (    21 MiB) peak
Allocated heap memory:           355MB (   339 MiB) max;    236MB (   225 MiB) avg
Allocated non-heap memory:        39MB (    37 MiB) max;     33MB (    31 MiB) avg
Total process virtual memory:  13241MB ( 12628 MiB) max;  13238MB ( 12624 MiB) avg

Verification result: TRUE. No property violation found by chosen configuration.
More details about the verification run can be found in the directory "/home/yqs17/blazer/cpachecker-inc-pred/output-ori-final/flat/drivers--media--video--videobuf-vmalloc.ko.023.38a54f3.43_1a.cil_safe.i".
