scripts/cpa.sh -heap 10000M -predicateAnalysis-ABEl-debug -setprop cpa.predicate.refinement.performInitialStaticRefinement=false -disable-java-assertions -outputpath /home/yqs17/blazer/cpachecker-inc-pred/output-ori-final/flat/drivers--i2c--algos--i2c-algo-pca.ko.021.2196d1c.32_7a.cil_safe.i -stats -spec /home/yqs17/blazer/cpachecker-inc-pred/LDVErrorLabel.spc -entryfunction ldv_main0_sequence_infinite_withcheck_stateful /home/yqs17/blazer/cpachecker-inc-pred/programs-flat/drivers--i2c--algos--i2c-algo-pca.ko.021.2196d1c.32_7a.cil_safe.i


--------------------------------------------------------------------------------


Running CPAchecker with Java heap of size 10000M.
Running CPAchecker with the following extra VM options:  -Djava.io.tmpdir=/tmp/BenchExec_run_e0u4ldcf/tmp
PredicateCPA statistics
-----------------------
Read Precision Time:                0.000s
Precision file size:                0
Write Precision Time:               0.001s
Number of abstractions:            131 (9% of all post computations)
  Times abstraction was reused:    0
  Because of function entry/exit:  106 (81%)
  Because of loop head:            25 (19%)
  Because of join nodes:           0 (0%)
  Because of threshold:            0 (0%)
  Times precision was empty:       131 (100%)
  Times precision was {false}:     0 (0%)
  Times result was cached:         0 (0%)
  Times cartesian abs was used:    0 (0%)
  Times boolean abs was used:      0 (0%)
  Times result was 'false':        0 (0%)
Number of strengthen sat checks:   0
Number of coverage checks:         170
  BDD entailment checks:           50
Number of SMT sat checks:          0
  trivial:                         0
  cached:                          0

Max ABE block size:                       29
Number of predicates discovered:          0

Number of path formula cache hits:   93 (7%)

Time for post operator:                  0.401s
  Time for path formula creation:        0.373s
    Actual computation:                  0.343s
Time for strengthen operator:            0.015s
Time for prec operator:                  0.104s
  Time for abstraction:                  0.059s (Max:     0.010s, Count: 131)
    Solving time:                        0.000s (Max:     0.000s)
    Model enumeration time:              0.000s
    Time for BDD construction:           0.000s (Max:     0.000s)
Time for merge operator:                 0.057s
Time for coverage check:                 0.007s
  Time for BDD entailment checks:        0.007s
Total time for SMT solver (w/o itp):     0.000s

Number of BDD nodes:                               202
Size of BDD node table:                            466043
Size of BDD cache:                                 46619
Size of BDD node cleanup queue:                           0 (count: 3417, min: 0, max: 0, avg: 0.00)
Time for BDD node cleanup:                             0.004s
Time for BDD garbage collection:                       0.000s (in 0 runs)

PrecisionBootstrap statistics
-----------------------------
Init. function predicates:                         0
Init. global predicates:                           0
Init. location predicates:                         0

----------------------

AutomatonAnalysis (SVCOMP) statistics
-------------------------------------
Number of states:                                  1
Total time for successor computation:                  0.014s
Automaton transfers with branching:                0
Automaton transfer successors:                         1398 (count: 1398, min: 1, max: 1, avg: 1.00) [1 x 1398]

CPA algorithm statistics
------------------------
Number of iterations:            1289
Max size of waitlist:            46
Average size of waitlist:        17
Number of computed successors:   1398
Max successors for one state:    2
Number of times merged:          60
Number of times stopped:         110
Number of times abs stopped:     50
Number of times nonAbs stopped:  0
Number of times doAbstraction node:  131
Number of times breaked:         0

Total time for CPA algorithm:         0.816s (Max:     0.816s)
CPU time for CPA algorithm:           1.610s
  Time for choose from waitlist:      0.006s
  Time for precision adjustment:      0.136s
  Time for transfer relation:         0.524s
  Time for merge operator:            0.067s
  Time for stop operator:             0.020s
  Time for adding to reached set:     0.015s

Predicate-Abstraction Refiner statistics
----------------------------------------
  Predicate creation:                                  0.000s
  Precision update:                                    0.000s
  ARG update:                                          0.000s

Length of refined path (in blocks):                       0 (count: 0, min: 0, max: 0, avg: 0.00)
Number of affected states:                                0 (count: 0, min: 0, max: 0, avg: 0.00)
Length (states) of path with itp 'true':                  0 (count: 0, min: 0, max: 0, avg: 0.00)
Length (states) of path with itp non-trivial itp:         0 (count: 0, min: 0, max: 0, avg: 0.00)
Length (states) of path with itp 'false':                 0 (count: 0, min: 0, max: 0, avg: 0.00)
Different non-trivial interpolants along paths:           0 (count: 0, min: 0, max: 0, avg: 0.00)
Equal non-trivial interpolants along paths:               0 (count: 0, min: 0, max: 0, avg: 0.00)
Different precisions along paths:                         0 (count: 0, min: 0, max: 0, avg: 0.00)
Equal precisions along paths:                             0 (count: 0, min: 0, max: 0, avg: 0.00)
Number of refs with location-based cutoff:                0

CEGAR algorithm statistics
--------------------------
Number of refinements:                0
Lazy expansion status:                false
Expansion times:                      0
Total path lengths:                   0
SP times:                             0
Number of added holes:                0
Refinement times:             0
First time for refinement:             0.816s
Last time for refinement:              0.816s
Average time for analysis:          0.816s
Number of analysis:                1

Counterexample-Check Algorithm statistics
-----------------------------------------
Number of counterexample checks:    0

Code Coverage
-----------------------------
  Visited lines:          1947
  Total lines:            13
  Line coverage:          149.769

CPAchecker general statistics
-----------------------------
Number of program locations:     985
Number of CFA edges:             1125
Number of relevant variables:    121
Number of functions:             20
Number of loops:                 5
Size of reached set:             1289
  Number of reached locations:   814 (83%)
    Avg states per location:     1
    Max states per location:     22 (at node N148)
  Number of reached functions:   15 (75%)
  Number of partitions:          1289
    Avg size of partitions:      1
    Max size of partitions:      1
  Number of target states:       0

Time for analysis setup:                   1.424s
  Time for loading CPAs:                   0.353s
  Time for impacted traverse:              0.002s
  Time for loading parser:        0.034s
  Time for CFA construction:      0.961s
    Time for parsing file(s):     0.290s
    Time for AST to CFA:          0.331s
    Time for CFA sanity check:    0.000s
    Time for post-processing:     0.223s
      Time for var class.:        0.000s
Time for Analysis:                         0.819s
CPU time for analysis:      1.610s

Time for Garbage Collector:       0.024s (in 2 runs)
Garbage Collector(s) used:    PS MarkSweep, PS Scavenge
Used heap memory:                 82MB (    78 MiB) max;     38MB (    36 MiB) avg;     90MB (    86 MiB) peak
Used non-heap memory:             30MB (    29 MiB) max;     22MB (    21 MiB) avg;     31MB (    30 MiB) peak
Used in PS Old Gen pool:           4MB (     4 MiB) max;      2MB (     2 MiB) avg;      4MB (     4 MiB) peak
Allocated heap memory:           190MB (   182 MiB) max;    170MB (   162 MiB) avg
Allocated non-heap memory:        31MB (    30 MiB) max;     23MB (    22 MiB) avg
Total process virtual memory:  13238MB ( 12625 MiB) max;  13234MB ( 12621 MiB) avg

Verification result: TRUE. No property violation found by chosen configuration.
More details about the verification run can be found in the directory "/home/yqs17/blazer/cpachecker-inc-pred/output-ori-final/flat/drivers--i2c--algos--i2c-algo-pca.ko.021.2196d1c.32_7a.cil_safe.i".
