scripts/cpa.sh -heap 10000M -predicateAnalysis-ABEl-debug -disable-java-assertions -outputpath /home/yqs17/blazer/cpachecker-inc-pred/output-ori-final/08_1a.input--joystick--twidjoy.ko.set/011.65ac9f7.08_1a.cil_safe.i -spec /home/yqs17/blazer/cpachecker-inc-pred/LDVErrorLabel.spc -stats -entryfunction ldv_main0_sequence_infinite_withcheck_stateful /home/yqs17/blazer/cpachecker-inc-pred/programs/drivers--input--joystick--twidjoy.ko/011.65ac9f7.08_1a.cil_safe.i


--------------------------------------------------------------------------------


Running CPAchecker with Java heap of size 10000M.
Running CPAchecker with the following extra VM options:  -Djava.io.tmpdir=/tmp/BenchExec_run_5e2hyy9x/tmp
PredicateCPA statistics
-----------------------
Read Precision Time:                0.000s
Precision file size:                2500
Write Precision Time:               0.002s
Number of abstractions:            2038 (17% of all post computations)
  Times abstraction was reused:    0
  Because of function entry/exit:  1578 (77%)
  Because of loop head:            460 (23%)
  Because of join nodes:           0 (0%)
  Because of threshold:            0 (0%)
  Times precision was empty:       322 (16%)
  Times precision was {false}:     141 (7%)
  Times result was cached:         1240 (61%)
  Times cartesian abs was used:    0 (0%)
  Times boolean abs was used:      335 (16%)
  Times result was 'false':        57 (3%)
Number of strengthen sat checks:   12
  Times result was 'false':        0 (0%)
Number of coverage checks:         1713
  BDD entailment checks:           799
Number of SMT sat checks:          12
  trivial:                         12
  cached:                          0

Max ABE block size:                       12
Number of predicates discovered:          5
Number of abstraction locations:          0
Max number of predicates per location:    0
Avg number of predicates per location:    0
Total predicates per abstraction:         822
Max number of predicates per abstraction: 4
Avg number of predicates per abstraction: 1.73
Number of irrelevant predicates:          297 (36%)
Number of preds handled by boolean abs:   525 (64%)
  Total number of models for allsat:      380
  Max number of models for allsat:        3
  Avg number of models for allsat:        1.13

Number of path formula cache hits:   8389 (64%)

Time for post operator:                  1.096s
  Time for path formula creation:        0.820s
    Actual computation:                  0.749s
Time for strengthen operator:            0.024s
  Time for satisfiability checks:        0.001s
Time for prec operator:                  1.493s
  Time for abstraction:                  1.238s (Max:     0.050s, Count: 2038)
    Boolean abstraction:                 0.295s
    Solving time:                        0.240s (Max:     0.020s)
    Model enumeration time:              0.027s
    Time for BDD construction:           0.014s (Max:     0.002s)
Time for merge operator:                 0.827s
Time for coverage check:                 0.014s
  Time for BDD entailment checks:        0.013s
Total time for SMT solver (w/o itp):     0.267s

Number of BDD nodes:                               250
Size of BDD node table:                            466043
Size of BDD cache:                                 46619
Size of BDD node cleanup queue:                         378 (count: 5139, min: 0, max: 178, avg: 0.07)
Time for BDD node cleanup:                             0.000s
Time for BDD garbage collection:                       0.000s (in 0 runs)

PrecisionBootstrap statistics
-----------------------------
Init. function predicates:                         0
Init. global predicates:                           0
Init. location predicates:                         0

----------------------

AutomatonAnalysis (SVCOMP) statistics
-------------------------------------
Number of states:                                  1
Total time for successor computation:                  0.133s
Automaton transfers with branching:                0
Automaton transfer successors:                        11695 (count: 11695, min: 1, max: 1, avg: 1.00) [1 x 11695]

CPA algorithm statistics
------------------------
Number of iterations:            10708
Max size of waitlist:            20
Average size of waitlist:        10
Number of computed successors:   11695
Max successors for one state:    2
Number of times merged:          457
Number of times stopped:         888
Number of times abs stopped:     431
Number of times nonAbs stopped:  914
Number of coverage check (part): 1713
Number of times doAbstraction node:  2038
Number of times breaked:         12

Total time for CPA algorithm:         4.283s (Max:     0.635s)
CPU time for CPA algorithm:           8.460s
  Time for choose from waitlist:      0.023s
  Time for precision adjustment:      1.577s
  Time for transfer relation:         1.520s
  Time for merge operator:            0.857s
  Time for stop operator:             0.065s
  Time for adding to reached set:     0.067s

Predicate-Abstraction Refiner statistics
----------------------------------------
Avg. length of target path (in blocks):                 216 (count: 12, min: 4, max: 30, avg: 18.00)
Number of infeasible sliced prefixes:                     0 (count: 0, min: 0, max: 0, avg: 0.00)

Time for refinement:                                   0.583s
  Counterexample analysis:                0.504s (Max:     0.095s, Calls: 12)
    Refinement sat check:                 0.139s
    Interpolant computation:              0.000s
  Error path post-processing:                          0.000s
  Path-formulas extraction:                            0.000s
  Building the counterexample trace:                   0.504s
  Extracting precise counterexample:                   0.000s
  Extracting infeasible sliced prefixes:               0.000s
  Selecting infeasible sliced prefixes:                0.000s
  Predicate creation:                                  0.003s
  Precision update:                                    0.008s
  ARG update:                                          0.055s

Length of refined path (in blocks):                     170 (count: 12, min: 2, max: 25, avg: 14.17)
Number of affected states:                              158 (count: 12, min: 1, max: 24, avg: 13.17)
Length (states) of path with itp 'true':                  0 (count: 12, min: 0, max: 0, avg: 0.00)
Length (states) of path with itp non-trivial itp:       158 (count: 12, min: 1, max: 24, avg: 13.17)
Length (states) of path with itp 'false':                12 (count: 12, min: 1, max: 1, avg: 1.00)
Different non-trivial interpolants along paths:           4 (count: 12, min: 0, max: 2, avg: 0.33)
Equal non-trivial interpolants along paths:             142 (count: 12, min: 0, max: 23, avg: 11.83)
Different precisions along paths:                         0 (count: 0, min: 0, max: 0, avg: 0.00)
Equal precisions along paths:                             0 (count: 0, min: 0, max: 0, avg: 0.00)
Number of refs with location-based cutoff:                0

CEGAR algorithm statistics
--------------------------
Number of refinements:                12
Lazy expansion status:                false
Expansion times:                      0
Total path lengths:                   5628
SP times:                             0
Number of added holes:                0
Number of successful refinements:     12
Number of failed refinements:         0
Max. size of reached set before ref.: 1794
Max. size of reached set after ref.:  379
Avg. size of reached set before ref.: 1199.08
Avg. size of reached set after ref.:  379.00

Total time for CEGAR algorithm:       4.891s
CPU time for CEGAR algorithm:         9.670s
Time for refinements:                 0.605s
CPU time for refinements:             1.210s
Average time for refinement:          0.050s
Max time for refinement:              0.116s
First time for refinement:             0.329s
Last time for refinement:              0.066s
Average time for analysis:          0.329s
Number of analysis:                13

Counterexample-Check Algorithm statistics
-----------------------------------------
Number of counterexample checks:    0

Code Coverage
-----------------------------
  Visited lines:          1787
  Total lines:            21
  Line coverage:          85.095

CPAchecker general statistics
-----------------------------
Number of program locations:     649
Number of CFA edges:             694
Number of relevant variables:    60
Number of functions:             21
Number of loops:                 5
Size of reached set:             910
  Number of reached locations:   604 (93%)
    Avg states per location:     1
    Max states per location:     7 (at node N256)
  Number of reached functions:   14 (67%)
  Number of partitions:          907
    Avg size of partitions:      1
    Max size of partitions:      3 (with key [N258 (before /work/ldvuser/novikov/work/current--X--drivers/input/joystick/twidjoy.ko--X--defaultlinux--X--08_1a--X--cpachecker/linux/csd_deg_dscv/11/dscv_tempdir/dscv/ri/08_1a/drivers/input/joystick/twidjoy.c.prepared, line 360), Function ldv_main0_sequence_infinite_withcheck_stateful called from node N206, stack depth 1 [640f11a1], stack [ldv_main0_sequence_infinite_withcheck_stateful], Init])
  Number of target states:       0

Time for analysis setup:                   1.138s
  Time for loading CPAs:                   0.297s
  Time for impacted traverse:              0.001s
  Time for loading parser:        0.028s
  Time for CFA construction:      0.753s
    Time for parsing file(s):     0.260s
    Time for AST to CFA:          0.263s
    Time for CFA sanity check:    0.000s
    Time for post-processing:     0.148s
      Time for var class.:        0.000s
Time for Analysis:                         4.892s
CPU time for analysis:                     9.670s
   CPU time for collect prec:              0.000s

Time for Garbage Collector:       0.195s (in 9 runs)
Garbage Collector(s) used:    PS MarkSweep, PS Scavenge
Used heap memory:                339MB (   323 MiB) max;    106MB (   101 MiB) avg;    347MB (   331 MiB) peak
Used non-heap memory:             35MB (    33 MiB) max;     30MB (    28 MiB) avg;     38MB (    36 MiB) peak
Used in PS Old Gen pool:          21MB (    20 MiB) max;     14MB (    14 MiB) avg;     21MB (    20 MiB) peak
Allocated heap memory:           613MB (   585 MiB) max;    307MB (   293 MiB) avg
Allocated non-heap memory:        38MB (    37 MiB) max;     32MB (    30 MiB) avg
Total process virtual memory:  13240MB ( 12627 MiB) max;  13238MB ( 12624 MiB) avg

Verification result: TRUE. No property violation found by chosen configuration.
More details about the verification run can be found in the directory "/home/yqs17/blazer/cpachecker-inc-pred/output-ori-final/08_1a.input--joystick--twidjoy.ko.set/011.65ac9f7.08_1a.cil_safe.i".
