scripts/cpa.sh -heap 10000M -predicateAnalysis-ABEl-debug -setprop cpa.predicate.refinement.performInitialStaticRefinement=false -disable-java-assertions -outputpath /home/yqs17/blazer/cpachecker-inc-pred/output-ori-final/flat/drivers--media--dvb--dvb-usb--dvb-usb-vp7045.ko.040.122804e.32_7a.cil_safe.i -stats -spec /home/yqs17/blazer/cpachecker-inc-pred/LDVErrorLabel.spc -entryfunction ldv_main0_sequence_infinite_withcheck_stateful /home/yqs17/blazer/cpachecker-inc-pred/programs-flat/drivers--media--dvb--dvb-usb--dvb-usb-vp7045.ko.040.122804e.32_7a.cil_safe.i


--------------------------------------------------------------------------------


Running CPAchecker with Java heap of size 10000M.
Running CPAchecker with the following extra VM options:  -Djava.io.tmpdir=/tmp/BenchExec_run_tfrxszw2/tmp
PredicateCPA statistics
-----------------------
Read Precision Time:                0.000s
Precision file size:                0
Write Precision Time:               0.002s
Number of abstractions:            2117 (15% of all post computations)
  Times abstraction was reused:    0
  Because of function entry/exit:  1809 (85%)
  Because of loop head:            308 (15%)
  Because of join nodes:           0 (0%)
  Because of threshold:            0 (0%)
  Times precision was empty:       56 (3%)
  Times precision was {false}:     64 (3%)
  Times result was cached:         1600 (76%)
  Times cartesian abs was used:    0 (0%)
  Times boolean abs was used:      397 (19%)
  Times result was 'false':        302 (14%)
Number of strengthen sat checks:   22
  Times result was 'false':        0 (0%)
Number of coverage checks:         1946
  BDD entailment checks:           418
Number of SMT sat checks:          22
  trivial:                         22
  cached:                          0

Max ABE block size:                       22
Number of predicates discovered:          12
Number of abstraction locations:          0
Max number of predicates per location:    0
Avg number of predicates per location:    0
Total predicates per abstraction:         1743
Max number of predicates per abstraction: 8
Avg number of predicates per abstraction: 3.78
Number of irrelevant predicates:          574 (33%)
Number of preds handled by boolean abs:   1169 (67%)
  Total number of models for allsat:      436
  Max number of models for allsat:        2
  Avg number of models for allsat:        1.10

Number of path formula cache hits:   13248 (83%)

Time for post operator:                  1.348s
  Time for path formula creation:        0.756s
    Actual computation:                  0.657s
Time for strengthen operator:            0.050s
  Time for satisfiability checks:        0.005s
Time for prec operator:                  1.466s
  Time for abstraction:                  1.294s (Max:     0.016s, Count: 2117)
    Boolean abstraction:                 0.377s
    Solving time:                        0.183s (Max:     0.012s)
    Model enumeration time:              0.039s
    Time for BDD construction:           0.032s (Max:     0.007s)
Time for merge operator:                 0.061s
Time for coverage check:                 0.005s
  Time for BDD entailment checks:        0.004s
Total time for SMT solver (w/o itp):     0.222s

Number of BDD nodes:                               436
Size of BDD node table:                            466043
Size of BDD cache:                                 46619
Size of BDD node cleanup queue:                         711 (count: 8504, min: 0, max: 272, avg: 0.08)
Time for BDD node cleanup:                             0.003s
Time for BDD garbage collection:                       0.000s (in 0 runs)

PrecisionBootstrap statistics
-----------------------------
Init. function predicates:                         0
Init. global predicates:                           0
Init. location predicates:                         0

----------------------

AutomatonAnalysis (SVCOMP) statistics
-------------------------------------
Number of states:                                  1
Total time for successor computation:                  0.046s
Automaton transfers with branching:                0
Automaton transfer successors:                        13817 (count: 13817, min: 1, max: 1, avg: 1.00) [1 x 13817]

CPA algorithm statistics
------------------------
Number of iterations:            12279
Max size of waitlist:            13
Average size of waitlist:        6
Number of computed successors:   13817
Max successors for one state:    2
Number of times merged:          764
Number of times stopped:         1106
Number of times abs stopped:     342
Number of times nonAbs stopped:  0
Number of times doAbstraction node:  2117
Number of times breaked:         22

Total time for CPA algorithm:         3.845s (Max:     0.643s)
CPU time for CPA algorithm:           7.600s
  Time for choose from waitlist:      0.037s
  Time for precision adjustment:      1.567s
  Time for transfer relation:         1.728s
  Time for merge operator:            0.109s
  Time for stop operator:             0.071s
  Time for adding to reached set:     0.073s

Predicate-Abstraction Refiner statistics
----------------------------------------
Avg. length of target path (in blocks):                 502 (count: 22, min: 6, max: 65, avg: 22.82)
Number of infeasible sliced prefixes:                     0 (count: 0, min: 0, max: 0, avg: 0.00)

Time for refinement:                                   2.094s
  Counterexample analysis:                1.963s (Max:     0.260s, Calls: 22)
    Refinement sat check:                 0.475s
    Interpolant computation:              0.000s
  Error path post-processing:                          0.000s
  Path-formulas extraction:                            0.000s
  Building the counterexample trace:                   1.963s
  Extracting precise counterexample:                   0.000s
  Extracting infeasible sliced prefixes:               0.000s
  Selecting infeasible sliced prefixes:                0.000s
  Predicate creation:                                  0.010s
  Precision update:                                    0.005s
  ARG update:                                          0.083s

Length of refined path (in blocks):                     474 (count: 22, min: 5, max: 64, avg: 21.55)
Number of affected states:                              321 (count: 22, min: 1, max: 62, avg: 14.59)
Length (states) of path with itp 'true':                131 (count: 22, min: 1, max: 51, avg: 5.95)
Length (states) of path with itp non-trivial itp:       321 (count: 22, min: 1, max: 62, avg: 14.59)
Length (states) of path with itp 'false':                22 (count: 22, min: 1, max: 1, avg: 1.00)
Different non-trivial interpolants along paths:           6 (count: 22, min: 0, max: 3, avg: 0.27)
Equal non-trivial interpolants along paths:             293 (count: 22, min: 0, max: 61, avg: 13.32)
Different precisions along paths:                         0 (count: 0, min: 0, max: 0, avg: 0.00)
Equal precisions along paths:                             0 (count: 0, min: 0, max: 0, avg: 0.00)
Number of refs with location-based cutoff:                0

CEGAR algorithm statistics
--------------------------
Number of refinements:                22
Lazy expansion status:                false
Expansion times:                      0
Total path lengths:                   24789
SP times:                             0
Number of added holes:                0
Number of successful refinements:     22
Number of failed refinements:         0
Max. size of reached set before ref.: 2266
Max. size of reached set after ref.:  2178
Avg. size of reached set before ref.: 1688.32
Avg. size of reached set after ref.:  1224.86

Total time for CEGAR algorithm:       6.027s
CPU time for CEGAR algorithm:        11.940s
Time for refinements:                 2.179s
CPU time for refinements:             4.330s
Average time for refinement:          0.099s
Max time for refinement:              0.274s
First time for refinement:             0.167s
Last time for refinement:              0.032s
Average time for analysis:          0.167s
Number of analysis:                23

Counterexample-Check Algorithm statistics
-----------------------------------------
Number of counterexample checks:    0

Code Coverage
-----------------------------
  Visited lines:          5518
  Total lines:            4
  Line coverage:          1379.500

CPAchecker general statistics
-----------------------------
Number of program locations:     1852
Number of CFA edges:             2029
Number of relevant variables:    168
Number of functions:             62
Number of loops:                 9
Size of reached set:             2214
  Number of reached locations:   1306 (71%)
    Avg states per location:     1
    Max states per location:     18 (at node N114)
  Number of reached functions:   17 (27%)
  Number of partitions:          2211
    Avg size of partitions:      1
    Max size of partitions:      3 (with key [N237 (before /work/ldvuser/novikov/work/current--X--drivers/media/dvb/dvb-usb/dvb-usb-vp7045.ko--X--defaultlinux--X--32_7a--X--cpachecker/linux/csd_deg_dscv/62/dscv_tempdir/dscv/ri/32_7a/drivers/media/dvb/dvb-usb/vp7045.c.prepared, lines 232-244), Function vp7045_frontend_attach called from node N298, stack depth 2 [54ef9698], stack [ldv_main0_sequence_infinite_withcheck_stateful, vp7045_frontend_attach], Init])
  Number of target states:       0

Time for analysis setup:                   2.077s
  Time for loading CPAs:                   0.397s
  Time for impacted traverse:              0.002s
  Time for loading parser:        0.033s
  Time for CFA construction:      1.528s
    Time for parsing file(s):     0.464s
    Time for AST to CFA:          0.575s
    Time for CFA sanity check:    0.000s
    Time for post-processing:     0.291s
      Time for var class.:        0.000s
Time for Analysis:                         6.030s
CPU time for analysis:     11.950s

Time for Garbage Collector:       0.260s (in 9 runs)
Garbage Collector(s) used:    PS MarkSweep, PS Scavenge
Used heap memory:                329MB (   314 MiB) max;    104MB (    99 MiB) avg;    348MB (   332 MiB) peak
Used non-heap memory:             35MB (    34 MiB) max;     29MB (    28 MiB) avg;     38MB (    36 MiB) peak
Used in PS Old Gen pool:          29MB (    27 MiB) max;     20MB (    20 MiB) avg;     30MB (    28 MiB) peak
Allocated heap memory:           475MB (   453 MiB) max;    289MB (   275 MiB) avg
Allocated non-heap memory:        38MB (    37 MiB) max;     32MB (    30 MiB) avg
Total process virtual memory:  13242MB ( 12628 MiB) max;  13237MB ( 12624 MiB) avg

Verification result: TRUE. No property violation found by chosen configuration.
More details about the verification run can be found in the directory "/home/yqs17/blazer/cpachecker-inc-pred/output-ori-final/flat/drivers--media--dvb--dvb-usb--dvb-usb-vp7045.ko.040.122804e.32_7a.cil_safe.i".
