scripts/cpa.sh -heap 10000M -predicateAnalysis-ABEl-debug -setprop cpa.predicate.refinement.performInitialStaticRefinement=false -disable-java-assertions -outputpath /home/yqs17/blazer/cpachecker-inc-pred/output-ori-final/flat/drivers--net--wireless--wl12xx--wl12xx_sdio.ko.040.4549d09.32_7a.cil_safe.i -stats -spec /home/yqs17/blazer/cpachecker-inc-pred/LDVErrorLabel.spc -entryfunction ldv_main0_sequence_infinite_withcheck_stateful /home/yqs17/blazer/cpachecker-inc-pred/programs-flat/drivers--net--wireless--wl12xx--wl12xx_sdio.ko.040.4549d09.32_7a.cil_safe.i


--------------------------------------------------------------------------------


Running CPAchecker with Java heap of size 10000M.
Running CPAchecker with the following extra VM options:  -Djava.io.tmpdir=/tmp/BenchExec_run_x3u2uemu/tmp
PredicateCPA statistics
-----------------------
Read Precision Time:                0.000s
Precision file size:                0
Write Precision Time:               0.003s
Number of abstractions:            7189 (15% of all post computations)
  Times abstraction was reused:    0
  Because of function entry/exit:  6651 (93%)
  Because of loop head:            538 (7%)
  Because of join nodes:           0 (0%)
  Because of threshold:            0 (0%)
  Times precision was empty:       1614 (22%)
  Times precision was {false}:     385 (5%)
  Times result was cached:         4619 (64%)
  Times cartesian abs was used:    0 (0%)
  Times boolean abs was used:      571 (8%)
  Times result was 'false':        77 (1%)
Number of strengthen sat checks:   23
  Times result was 'false':        0 (0%)
Number of coverage checks:         6265
  BDD entailment checks:           2469
Number of SMT sat checks:          23
  trivial:                         23
  cached:                          0

Max ABE block size:                       25
Number of predicates discovered:          4
Number of abstraction locations:          0
Max number of predicates per location:    0
Avg number of predicates per location:    0
Total predicates per abstraction:         1829
Max number of predicates per abstraction: 3
Avg number of predicates per abstraction: 1.91
Number of irrelevant predicates:          1074 (59%)
Number of preds handled by boolean abs:   755 (41%)
  Total number of models for allsat:      580
  Max number of models for allsat:        2
  Avg number of models for allsat:        1.02

Number of path formula cache hits:   47933 (84%)

Time for post operator:                  2.231s
  Time for path formula creation:        1.281s
    Actual computation:                  1.003s
Time for strengthen operator:            0.080s
  Time for satisfiability checks:        0.000s
Time for prec operator:                  2.342s
  Time for abstraction:                  1.884s (Max:     0.030s, Count: 7189)
    Boolean abstraction:                 0.285s
    Solving time:                        0.242s (Max:     0.013s)
    Model enumeration time:              0.019s
    Time for BDD construction:           0.017s (Max:     0.002s)
Time for merge operator:                 0.124s
Time for coverage check:                 0.042s
  Time for BDD entailment checks:        0.040s
Total time for SMT solver (w/o itp):     0.261s

Number of BDD nodes:                               218
Size of BDD node table:                            466043
Size of BDD cache:                                 46619
Size of BDD node cleanup queue:                         594 (count: 13149, min: 0, max: 198, avg: 0.05)
Time for BDD node cleanup:                             0.003s
Time for BDD garbage collection:                       0.000s (in 0 runs)

PrecisionBootstrap statistics
-----------------------------
Init. function predicates:                         0
Init. global predicates:                           0
Init. location predicates:                         0

----------------------

AutomatonAnalysis (SVCOMP) statistics
-------------------------------------
Number of states:                                  1
Total time for successor computation:                  0.158s
Automaton transfers with branching:                0
Automaton transfer successors:                        49383 (count: 49383, min: 1, max: 1, avg: 1.00) [1 x 49383]

CPA algorithm statistics
------------------------
Number of iterations:            45870
Max size of waitlist:            30
Average size of waitlist:        15
Number of computed successors:   49383
Max successors for one state:    2
Number of times merged:          1898
Number of times stopped:         3360
Number of times abs stopped:     1462
Number of times nonAbs stopped:  0
Number of times doAbstraction node:  7189
Number of times breaked:         23

Total time for CPA algorithm:         7.266s (Max:     0.873s)
CPU time for CPA algorithm:          14.380s
  Time for choose from waitlist:      0.072s
  Time for precision adjustment:      2.581s
  Time for transfer relation:         3.341s
  Time for merge operator:            0.244s
  Time for stop operator:             0.205s
  Time for adding to reached set:     0.212s

Predicate-Abstraction Refiner statistics
----------------------------------------
Avg. length of target path (in blocks):                 479 (count: 23, min: 10, max: 45, avg: 20.83)
Number of infeasible sliced prefixes:                     0 (count: 0, min: 0, max: 0, avg: 0.00)

Time for refinement:                                   1.142s
  Counterexample analysis:                0.866s (Max:     0.298s, Calls: 23)
    Refinement sat check:                 0.172s
    Interpolant computation:              0.000s
  Error path post-processing:                          0.000s
  Path-formulas extraction:                            0.000s
  Building the counterexample trace:                   0.866s
  Extracting precise counterexample:                   0.000s
  Extracting infeasible sliced prefixes:               0.000s
  Selecting infeasible sliced prefixes:                0.000s
  Predicate creation:                                  0.012s
  Precision update:                                    0.007s
  ARG update:                                          0.223s

Length of refined path (in blocks):                     446 (count: 23, min: 6, max: 44, avg: 19.39)
Number of affected states:                              401 (count: 23, min: 5, max: 42, avg: 17.43)
Length (states) of path with itp 'true':                 22 (count: 23, min: 0, max: 1, avg: 0.96)
Length (states) of path with itp non-trivial itp:       401 (count: 23, min: 5, max: 42, avg: 17.43)
Length (states) of path with itp 'false':                23 (count: 23, min: 1, max: 1, avg: 1.00)
Different non-trivial interpolants along paths:           0 (count: 23, min: 0, max: 0, avg: 0.00)
Equal non-trivial interpolants along paths:             378 (count: 23, min: 4, max: 41, avg: 16.43)
Different precisions along paths:                         0 (count: 0, min: 0, max: 0, avg: 0.00)
Equal precisions along paths:                             0 (count: 0, min: 0, max: 0, avg: 0.00)
Number of refs with location-based cutoff:                0

CEGAR algorithm statistics
--------------------------
Number of refinements:                23
Lazy expansion status:                false
Expansion times:                      0
Total path lengths:                   24501
SP times:                             0
Number of added holes:                0
Number of successful refinements:     23
Number of failed refinements:         0
Max. size of reached set before ref.: 4011
Max. size of reached set after ref.:  967
Avg. size of reached set before ref.: 2868.96
Avg. size of reached set after ref.:  966.78

Total time for CEGAR algorithm:       8.486s
CPU time for CEGAR algorithm:        16.800s
Time for refinements:                 1.214s
CPU time for refinements:             2.410s
Average time for refinement:          0.052s
Max time for refinement:              0.311s
First time for refinement:             0.302s
Last time for refinement:              0.121s
Average time for analysis:          0.302s
Number of analysis:                24

Counterexample-Check Algorithm statistics
-----------------------------------------
Number of counterexample checks:    0

Code Coverage
-----------------------------
  Visited lines:          5435
  Total lines:            4
  Line coverage:          1358.750

CPAchecker general statistics
-----------------------------
Number of program locations:     1705
Number of CFA edges:             1834
Number of relevant variables:    183
Number of functions:             51
Number of loops:                 2
Size of reached set:             2197
  Number of reached locations:   1522 (89%)
    Avg states per location:     1
    Max states per location:     24 (at node N690)
  Number of reached functions:   31 (61%)
  Number of partitions:          2196
    Avg size of partitions:      1
    Max size of partitions:      2 (with key [N637 (before /work/ldvuser/novikov/work/current--X--drivers/net/wireless/wl12xx/wl12xx_sdio.ko--X--defaultlinux--X--32_7a--X--cpachecker/linux/csd_deg_dscv/25/dscv_tempdir/dscv/ri/32_7a/drivers/net/wireless/wl12xx/sdio.c.prepared, line 643), Function ldv_main0_sequence_infinite_withcheck_stateful called from node N544, stack depth 1 [3c1e3314], stack [ldv_main0_sequence_infinite_withcheck_stateful], Init])
  Number of target states:       0

Time for analysis setup:                   2.073s
  Time for loading CPAs:                   0.419s
  Time for impacted traverse:              0.002s
  Time for loading parser:        0.040s
  Time for CFA construction:      1.536s
    Time for parsing file(s):     0.524s
    Time for AST to CFA:          0.553s
    Time for CFA sanity check:    0.000s
    Time for post-processing:     0.270s
      Time for var class.:        0.000s
Time for Analysis:                         8.488s
CPU time for analysis:     16.800s

Time for Garbage Collector:       0.305s (in 11 runs)
Garbage Collector(s) used:    PS MarkSweep, PS Scavenge
Used heap memory:                365MB (   348 MiB) max;    115MB (   110 MiB) avg;    381MB (   364 MiB) peak
Used non-heap memory:             37MB (    35 MiB) max;     31MB (    30 MiB) avg;     40MB (    38 MiB) peak
Used in PS Old Gen pool:          28MB (    27 MiB) max;     21MB (    20 MiB) avg;     29MB (    28 MiB) peak
Allocated heap memory:           470MB (   448 MiB) max;    307MB (   293 MiB) avg
Allocated non-heap memory:        40MB (    38 MiB) max;     34MB (    32 MiB) avg
Total process virtual memory:  13242MB ( 12629 MiB) max;  13238MB ( 12625 MiB) avg

Verification result: TRUE. No property violation found by chosen configuration.
More details about the verification run can be found in the directory "/home/yqs17/blazer/cpachecker-inc-pred/output-ori-final/flat/drivers--net--wireless--wl12xx--wl12xx_sdio.ko.040.4549d09.32_7a.cil_safe.i".
