scripts/cpa.sh -heap 10000M -predicateAnalysis-ABEl-debug -setprop cpa.predicate.refinement.performInitialStaticRefinement=false -disable-java-assertions -outputpath /home/yqs17/blazer/cpachecker-inc-pred/output-ori-final/flat/drivers--regulator--gpio-regulator.ko.012.eb0c568.08_1a.cil_safe.i -stats -spec /home/yqs17/blazer/cpachecker-inc-pred/LDVErrorLabel.spc -entryfunction ldv_main0_sequence_infinite_withcheck_stateful /home/yqs17/blazer/cpachecker-inc-pred/programs-flat/drivers--regulator--gpio-regulator.ko.012.eb0c568.08_1a.cil_safe.i


--------------------------------------------------------------------------------


Running CPAchecker with Java heap of size 10000M.
Running CPAchecker with the following extra VM options:  -Djava.io.tmpdir=/tmp/BenchExec_run__olueduw/tmp
PredicateCPA statistics
-----------------------
Read Precision Time:                0.000s
Precision file size:                0
Write Precision Time:               0.002s
Number of abstractions:            2606 (13% of all post computations)
  Times abstraction was reused:    0
  Because of function entry/exit:  1726 (66%)
  Because of loop head:            880 (34%)
  Because of join nodes:           0 (0%)
  Because of threshold:            0 (0%)
  Times precision was empty:       576 (22%)
  Times precision was {false}:     165 (6%)
  Times result was cached:         1598 (61%)
  Times cartesian abs was used:    0 (0%)
  Times boolean abs was used:      267 (10%)
  Times result was 'false':        93 (4%)
Number of strengthen sat checks:   13
  Times result was 'false':        0 (0%)
Number of coverage checks:         3923
  BDD entailment checks:           1663
Number of SMT sat checks:          13
  trivial:                         13
  cached:                          0

Max ABE block size:                       45
Number of predicates discovered:          8
Number of abstraction locations:          0
Max number of predicates per location:    0
Avg number of predicates per location:    0
Total predicates per abstraction:         1096
Max number of predicates per abstraction: 5
Avg number of predicates per abstraction: 2.54
Number of irrelevant predicates:          683 (62%)
Number of preds handled by boolean abs:   413 (38%)
  Total number of models for allsat:      315
  Max number of models for allsat:        3
  Avg number of models for allsat:        1.18

Number of path formula cache hits:   16243 (70%)

Time for post operator:                  1.724s
  Time for path formula creation:        1.190s
    Actual computation:                  1.061s
Time for strengthen operator:            0.047s
  Time for satisfiability checks:        0.000s
Time for prec operator:                  1.719s
  Time for abstraction:                  1.480s (Max:     0.123s, Count: 2606)
    Boolean abstraction:                 0.301s
    Solving time:                        0.220s (Max:     0.027s)
    Model enumeration time:              0.063s
    Time for BDD construction:           0.022s (Max:     0.003s)
Time for merge operator:                 0.190s
Time for coverage check:                 0.020s
  Time for BDD entailment checks:        0.017s
Total time for SMT solver (w/o itp):     0.283s

Number of BDD nodes:                               318
Size of BDD node table:                            466043
Size of BDD cache:                                 46619
Size of BDD node cleanup queue:                         277 (count: 7102, min: 0, max: 153, avg: 0.04)
Time for BDD node cleanup:                             0.005s
Time for BDD garbage collection:                       0.000s (in 0 runs)

PrecisionBootstrap statistics
-----------------------------
Init. function predicates:                         0
Init. global predicates:                           0
Init. location predicates:                         0

----------------------

AutomatonAnalysis (SVCOMP) statistics
-------------------------------------
Number of states:                                  1
Total time for successor computation:                  0.065s
Automaton transfers with branching:                0
Automaton transfer successors:                        20722 (count: 20722, min: 1, max: 1, avg: 1.00) [1 x 20722]

CPA algorithm statistics
------------------------
Number of iterations:            18570
Max size of waitlist:            31
Average size of waitlist:        16
Number of computed successors:   20722
Max successors for one state:    2
Number of times merged:          1130
Number of times stopped:         2057
Number of times abs stopped:     927
Number of times nonAbs stopped:  0
Number of times doAbstraction node:  2606
Number of times breaked:         13

Total time for CPA algorithm:         4.869s (Max:     0.692s)
CPU time for CPA algorithm:           9.600s
  Time for choose from waitlist:      0.045s
  Time for precision adjustment:      1.829s
  Time for transfer relation:         2.234s
  Time for merge operator:            0.300s
  Time for stop operator:             0.097s
  Time for adding to reached set:     0.082s

Predicate-Abstraction Refiner statistics
----------------------------------------
Avg. length of target path (in blocks):                 186 (count: 13, min: 8, max: 23, avg: 14.31)
Number of infeasible sliced prefixes:                     0 (count: 0, min: 0, max: 0, avg: 0.00)

Time for refinement:                                   0.499s
  Counterexample analysis:                0.373s (Max:     0.090s, Calls: 13)
    Refinement sat check:                 0.115s
    Interpolant computation:              0.000s
  Error path post-processing:                          0.000s
  Path-formulas extraction:                            0.001s
  Building the counterexample trace:                   0.373s
  Extracting precise counterexample:                   0.000s
  Extracting infeasible sliced prefixes:               0.000s
  Selecting infeasible sliced prefixes:                0.000s
  Predicate creation:                                  0.006s
  Precision update:                                    0.004s
  ARG update:                                          0.097s

Length of refined path (in blocks):                     147 (count: 13, min: 4, max: 22, avg: 11.31)
Number of affected states:                              115 (count: 13, min: 1, max: 21, avg: 8.85)
Length (states) of path with itp 'true':                 19 (count: 13, min: 0, max: 11, avg: 1.46)
Length (states) of path with itp non-trivial itp:       115 (count: 13, min: 1, max: 21, avg: 8.85)
Length (states) of path with itp 'false':                13 (count: 13, min: 1, max: 1, avg: 1.00)
Different non-trivial interpolants along paths:           2 (count: 13, min: 0, max: 2, avg: 0.15)
Equal non-trivial interpolants along paths:             100 (count: 13, min: 0, max: 20, avg: 7.69)
Different precisions along paths:                         0 (count: 0, min: 0, max: 0, avg: 0.00)
Equal precisions along paths:                             0 (count: 0, min: 0, max: 0, avg: 0.00)
Number of refs with location-based cutoff:                0

CEGAR algorithm statistics
--------------------------
Number of refinements:                13
Lazy expansion status:                false
Expansion times:                      0
Total path lengths:                   7600
SP times:                             0
Number of added holes:                0
Number of successful refinements:     13
Number of failed refinements:         0
Max. size of reached set before ref.: 2992
Max. size of reached set after ref.:  2001
Avg. size of reached set before ref.: 2009.69
Avg. size of reached set after ref.:  748.77

Total time for CEGAR algorithm:       5.398s
CPU time for CEGAR algorithm:        10.650s
Time for refinements:                 0.527s
CPU time for refinements:             1.050s
Average time for refinement:          0.040s
Max time for refinement:              0.097s
First time for refinement:             0.347s
Last time for refinement:              0.228s
Average time for analysis:          0.347s
Number of analysis:                14

Counterexample-Check Algorithm statistics
-----------------------------------------
Number of counterexample checks:    0

Code Coverage
-----------------------------
  Visited lines:          2339
  Total lines:            5
  Line coverage:          467.800

CPAchecker general statistics
-----------------------------
Number of program locations:     918
Number of CFA edges:             983
Number of relevant variables:    99
Number of functions:             22
Number of loops:                 7
Size of reached set:             2181
  Number of reached locations:   876 (95%)
    Avg states per location:     2
    Max states per location:     16 (at node N21)
  Number of reached functions:   16 (73%)
  Number of partitions:          2161
    Avg size of partitions:      1
    Max size of partitions:      4 (with key [N435 (before /work/ldvuser/novikov/work/current--X--drivers/regulator/gpio-regulator.ko--X--defaultlinux--X--08_1a--X--cpachecker/linux/csd_deg_dscv/12/dscv_tempdir/dscv/ri/08_1a/drivers/regulator/gpio-regulator.c.prepared, line 419), Function ldv_main0_sequence_infinite_withcheck_stateful called from node N352, stack depth 1 [662f5666], stack [ldv_main0_sequence_infinite_withcheck_stateful], Init])
  Number of target states:       0

Time for analysis setup:                   1.513s
  Time for loading CPAs:                   0.413s
  Time for impacted traverse:              0.002s
  Time for loading parser:        0.028s
  Time for CFA construction:      1.003s
    Time for parsing file(s):     0.316s
    Time for AST to CFA:          0.358s
    Time for CFA sanity check:    0.000s
    Time for post-processing:     0.207s
      Time for var class.:        0.000s
Time for Analysis:                         5.401s
CPU time for analysis:     10.660s

Time for Garbage Collector:       0.226s (in 9 runs)
Garbage Collector(s) used:    PS MarkSweep, PS Scavenge
Used heap memory:                297MB (   283 MiB) max;     88MB (    83 MiB) avg;    328MB (   313 MiB) peak
Used non-heap memory:             35MB (    33 MiB) max;     29MB (    28 MiB) avg;     38MB (    36 MiB) peak
Used in PS Old Gen pool:          22MB (    21 MiB) max;     14MB (    14 MiB) avg;     23MB (    22 MiB) peak
Allocated heap memory:           416MB (   397 MiB) max;    250MB (   239 MiB) avg
Allocated non-heap memory:        38MB (    37 MiB) max;     31MB (    30 MiB) avg
Total process virtual memory:  13240MB ( 12627 MiB) max;  13237MB ( 12624 MiB) avg

Verification result: TRUE. No property violation found by chosen configuration.
More details about the verification run can be found in the directory "/home/yqs17/blazer/cpachecker-inc-pred/output-ori-final/flat/drivers--regulator--gpio-regulator.ko.012.eb0c568.08_1a.cil_safe.i".
