scripts/cpa.sh -heap 10000M -predicateAnalysis-ABEl-debug -setprop cpa.predicate.refinement.performInitialStaticRefinement=false -disable-java-assertions -outputpath /home/yqs17/blazer/cpachecker-inc-pred/output-ori-final/flat/drivers--input--misc--keyspan_remote.ko.003.3b04a61.43_1a.cil_safe.i -stats -spec /home/yqs17/blazer/cpachecker-inc-pred/LDVErrorLabel.spc -entryfunction ldv_main0_sequence_infinite_withcheck_stateful /home/yqs17/blazer/cpachecker-inc-pred/programs-flat/drivers--input--misc--keyspan_remote.ko.003.3b04a61.43_1a.cil_safe.i


--------------------------------------------------------------------------------


Running CPAchecker with Java heap of size 10000M.
Running CPAchecker with the following extra VM options:  -Djava.io.tmpdir=/tmp/BenchExec_run_v4cda3es/tmp
PredicateCPA statistics
-----------------------
Read Precision Time:                0.000s
Precision file size:                0
Write Precision Time:               0.003s
Number of abstractions:            285 (14% of all post computations)
  Times abstraction was reused:    0
  Because of function entry/exit:  248 (87%)
  Because of loop head:            37 (13%)
  Because of join nodes:           0 (0%)
  Because of threshold:            0 (0%)
  Times precision was empty:       63 (22%)
  Times precision was {false}:     38 (13%)
  Times result was cached:         97 (34%)
  Times cartesian abs was used:    0 (0%)
  Times boolean abs was used:      87 (31%)
  Times result was 'false':        29 (10%)
Number of strengthen sat checks:   6
  Times result was 'false':        0 (0%)
Number of coverage checks:         181
  BDD entailment checks:           61
Number of SMT sat checks:          6
  trivial:                         6
  cached:                          0

Max ABE block size:                       15
Number of predicates discovered:          6
Number of abstraction locations:          0
Max number of predicates per location:    0
Avg number of predicates per location:    0
Total predicates per abstraction:         218
Max number of predicates per abstraction: 4
Avg number of predicates per abstraction: 1.74
Number of irrelevant predicates:          106 (49%)
Number of preds handled by boolean abs:   112 (51%)
  Total number of models for allsat:      91
  Max number of models for allsat:        2
  Avg number of models for allsat:        1.05

Number of path formula cache hits:   931 (42%)

Time for post operator:                  0.571s
  Time for path formula creation:        0.488s
    Actual computation:                  0.447s
Time for strengthen operator:            0.007s
  Time for satisfiability checks:        0.000s
Time for prec operator:                  0.376s
  Time for abstraction:                  0.331s (Max:     0.024s, Count: 285)
    Boolean abstraction:                 0.091s
    Solving time:                        0.068s (Max:     0.013s)
    Model enumeration time:              0.003s
    Time for BDD construction:           0.000s (Max:     0.000s)
Time for merge operator:                 0.016s
Time for coverage check:                 0.010s
  Time for BDD entailment checks:        0.010s
Total time for SMT solver (w/o itp):     0.071s

Number of BDD nodes:                               213
Size of BDD node table:                            466043
Size of BDD cache:                                 46619
Size of BDD node cleanup queue:                          78 (count: 4578, min: 0, max: 78, avg: 0.02)
Time for BDD node cleanup:                             0.001s
Time for BDD garbage collection:                       0.000s (in 0 runs)

PrecisionBootstrap statistics
-----------------------------
Init. function predicates:                         0
Init. global predicates:                           0
Init. location predicates:                         0

----------------------

AutomatonAnalysis (SVCOMP) statistics
-------------------------------------
Number of states:                                  1
Total time for successor computation:                  0.027s
Automaton transfers with branching:                0
Automaton transfer successors:                         2079 (count: 2079, min: 1, max: 1, avg: 1.00) [1 x 2079]

CPA algorithm statistics
------------------------
Number of iterations:            1918
Max size of waitlist:            13
Average size of waitlist:        5
Number of computed successors:   2079
Max successors for one state:    2
Number of times merged:          60
Number of times stopped:         98
Number of times abs stopped:     38
Number of times nonAbs stopped:  0
Number of times doAbstraction node:  285
Number of times breaked:         6

Total time for CPA algorithm:         1.296s (Max:     0.479s)
CPU time for CPA algorithm:           2.510s
  Time for choose from waitlist:      0.013s
  Time for precision adjustment:      0.408s
  Time for transfer relation:         0.738s
  Time for merge operator:            0.026s
  Time for stop operator:             0.026s
  Time for adding to reached set:     0.029s

Predicate-Abstraction Refiner statistics
----------------------------------------
Avg. length of target path (in blocks):                 148 (count: 6, min: 13, max: 46, avg: 24.67)
Number of infeasible sliced prefixes:                     0 (count: 0, min: 0, max: 0, avg: 0.00)

Time for refinement:                                   0.615s
  Counterexample analysis:                0.528s (Max:     0.143s, Calls: 6)
    Refinement sat check:                 0.195s
    Interpolant computation:              0.000s
  Error path post-processing:                          0.000s
  Path-formulas extraction:                            0.000s
  Building the counterexample trace:                   0.528s
  Extracting precise counterexample:                   0.000s
  Extracting infeasible sliced prefixes:               0.000s
  Selecting infeasible sliced prefixes:                0.000s
  Predicate creation:                                  0.004s
  Precision update:                                    0.004s
  ARG update:                                          0.067s

Length of refined path (in blocks):                     112 (count: 6, min: 6, max: 45, avg: 18.67)
Number of affected states:                               69 (count: 6, min: 1, max: 44, avg: 11.50)
Length (states) of path with itp 'true':                 37 (count: 6, min: 0, max: 18, avg: 6.17)
Length (states) of path with itp non-trivial itp:        69 (count: 6, min: 1, max: 44, avg: 11.50)
Length (states) of path with itp 'false':                 6 (count: 6, min: 1, max: 1, avg: 1.00)
Different non-trivial interpolants along paths:           0 (count: 6, min: 0, max: 0, avg: 0.00)
Equal non-trivial interpolants along paths:              63 (count: 6, min: 0, max: 43, avg: 10.50)
Different precisions along paths:                         0 (count: 0, min: 0, max: 0, avg: 0.00)
Equal precisions along paths:                             0 (count: 0, min: 0, max: 0, avg: 0.00)
Number of refs with location-based cutoff:                0

CEGAR algorithm statistics
--------------------------
Number of refinements:                6
Lazy expansion status:                false
Expansion times:                      0
Total path lengths:                   3978
SP times:                             0
Number of added holes:                0
Number of successful refinements:     6
Number of failed refinements:         0
Max. size of reached set before ref.: 1003
Max. size of reached set after ref.:  713
Avg. size of reached set before ref.: 793.50
Avg. size of reached set after ref.:  620.33

Total time for CEGAR algorithm:       1.934s
CPU time for CEGAR algorithm:         3.740s
Time for refinements:                 0.637s
CPU time for refinements:             1.230s
Average time for refinement:          0.106s
Max time for refinement:              0.169s
First time for refinement:             0.185s
Last time for refinement:              0.104s
Average time for analysis:          0.185s
Number of analysis:                7

Counterexample-Check Algorithm statistics
-----------------------------------------
Number of counterexample checks:    0

Code Coverage
-----------------------------
  Visited lines:          2691
  Total lines:            5
  Line coverage:          538.200

CPAchecker general statistics
-----------------------------
Number of program locations:     1259
Number of CFA edges:             1402
Number of relevant variables:    150
Number of functions:             48
Number of loops:                 9
Size of reached set:             914
  Number of reached locations:   739 (59%)
    Avg states per location:     1
    Max states per location:     6 (at node N474)
  Number of reached functions:   16 (33%)
  Number of partitions:          909
    Avg size of partitions:      1
    Max size of partitions:      2 (with key [N719 (before /work/ldvuser/novikov/work/current--X--drivers/input/misc/keyspan_remote.ko--X--defaultlinux--X--43_1a--X--cpachecker/linux/csd_deg_dscv/10/dscv_tempdir/dscv/ri/43_1a/drivers/input/misc/keyspan_remote.c.prepared, line 757), Function ldv_main0_sequence_infinite_withcheck_stateful called from node N667, stack depth 1 [7e70bd39], stack [ldv_main0_sequence_infinite_withcheck_stateful], Init])
  Number of target states:       0

Time for analysis setup:                   1.833s
  Time for loading CPAs:                   0.377s
  Time for impacted traverse:              0.002s
  Time for loading parser:        0.023s
  Time for CFA construction:      1.358s
    Time for parsing file(s):     0.385s
    Time for AST to CFA:          0.523s
    Time for CFA sanity check:    0.000s
    Time for post-processing:     0.305s
      Time for var class.:        0.000s
Time for Analysis:                         1.935s
CPU time for analysis:      3.750s

Time for Garbage Collector:       0.168s (in 5 runs)
Garbage Collector(s) used:    PS MarkSweep, PS Scavenge
Used heap memory:                 85MB (    81 MiB) max;     43MB (    41 MiB) avg;    109MB (   104 MiB) peak
Used non-heap memory:             34MB (    33 MiB) max;     25MB (    24 MiB) avg;     35MB (    34 MiB) peak
Used in PS Old Gen pool:          23MB (    22 MiB) max;      8MB (     7 MiB) avg;     23MB (    22 MiB) peak
Allocated heap memory:           268MB (   256 MiB) max;    184MB (   175 MiB) avg
Allocated non-heap memory:        36MB (    34 MiB) max;     26MB (    25 MiB) avg
Total process virtual memory:  13240MB ( 12627 MiB) max;  13235MB ( 12622 MiB) avg

Verification result: TRUE. No property violation found by chosen configuration.
More details about the verification run can be found in the directory "/home/yqs17/blazer/cpachecker-inc-pred/output-ori-final/flat/drivers--input--misc--keyspan_remote.ko.003.3b04a61.43_1a.cil_safe.i".
