scripts/cpa.sh -heap 10000M -predicateAnalysis-ABEl-debug -setprop cpa.predicate.refinement.performInitialStaticRefinement=false -disable-java-assertions -outputpath /home/yqs17/blazer/cpachecker-inc-pred/output-ori-final/flat/drivers--isdn--mISDN--mISDN_core.ko.065.8bfddfb.32_7a.cil_safe.i -stats -spec /home/yqs17/blazer/cpachecker-inc-pred/LDVErrorLabel.spc -entryfunction ldv_main0_sequence_infinite_withcheck_stateful /home/yqs17/blazer/cpachecker-inc-pred/programs-flat/drivers--isdn--mISDN--mISDN_core.ko.065.8bfddfb.32_7a.cil_safe.i


--------------------------------------------------------------------------------


Running CPAchecker with Java heap of size 10000M.
Running CPAchecker with the following extra VM options:  -Djava.io.tmpdir=/tmp/BenchExec_run_2_d3ikjo/tmp
PredicateCPA statistics
-----------------------
Read Precision Time:                0.000s
Precision file size:                0
Write Precision Time:               0.002s
Number of abstractions:            3099 (21% of all post computations)
  Times abstraction was reused:    0
  Because of function entry/exit:  2768 (89%)
  Because of loop head:            331 (11%)
  Because of join nodes:           0 (0%)
  Because of threshold:            0 (0%)
  Times precision was empty:       252 (8%)
  Times precision was {false}:     33 (1%)
  Times result was cached:         2416 (78%)
  Times cartesian abs was used:    0 (0%)
  Times boolean abs was used:      398 (13%)
  Times result was 'false':        80 (3%)
Number of strengthen sat checks:   16
  Times result was 'false':        0 (0%)
Number of coverage checks:         1300
  BDD entailment checks:           486
Number of SMT sat checks:          16
  trivial:                         16
  cached:                          0

Max ABE block size:                       60
Number of predicates discovered:          5
Number of abstraction locations:          0
Max number of predicates per location:    0
Avg number of predicates per location:    0
Total predicates per abstraction:         1046
Max number of predicates per abstraction: 4
Avg number of predicates per abstraction: 2.43
Number of irrelevant predicates:          60 (6%)
Number of preds handled by boolean abs:   986 (94%)
  Total number of models for allsat:      398
  Max number of models for allsat:        1
  Avg number of models for allsat:        1.00

Number of path formula cache hits:   15511 (87%)

Time for post operator:                  2.147s
  Time for path formula creation:        1.672s
    Actual computation:                  1.247s
Time for strengthen operator:            0.027s
  Time for satisfiability checks:        0.000s
Time for prec operator:                  1.351s
  Time for abstraction:                  1.101s (Max:     0.018s, Count: 3099)
    Boolean abstraction:                 0.312s
    Solving time:                        0.141s (Max:     0.011s)
    Model enumeration time:              0.007s
    Time for BDD construction:           0.013s (Max:     0.001s)
Time for merge operator:                 0.047s
Time for coverage check:                 0.017s
  Time for BDD entailment checks:        0.016s
Total time for SMT solver (w/o itp):     0.148s

Number of BDD nodes:                               214
Size of BDD node table:                            466043
Size of BDD cache:                                 46619
Size of BDD node cleanup queue:                         419 (count: 57478, min: 0, max: 286, avg: 0.01)
Time for BDD node cleanup:                             0.007s
Time for BDD garbage collection:                       0.000s (in 0 runs)

PrecisionBootstrap statistics
-----------------------------
Init. function predicates:                         0
Init. global predicates:                           0
Init. location predicates:                         0

----------------------

AutomatonAnalysis (SVCOMP) statistics
-------------------------------------
Number of states:                                  1
Total time for successor computation:                  0.066s
Automaton transfers with branching:                0
Automaton transfer successors:                        14709 (count: 14709, min: 1, max: 1, avg: 1.00) [1 x 14709]

CPA algorithm statistics
------------------------
Number of iterations:            13834
Max size of waitlist:            12
Average size of waitlist:        4
Number of computed successors:   14709
Max successors for one state:    2
Number of times merged:          407
Number of times stopped:         743
Number of times abs stopped:     336
Number of times nonAbs stopped:  0
Number of times doAbstraction node:  3099
Number of times breaked:         16

Total time for CPA algorithm:         4.575s (Max:     1.771s)
CPU time for CPA algorithm:           9.100s
  Time for choose from waitlist:      0.040s
  Time for precision adjustment:      1.435s
  Time for transfer relation:         2.601s
  Time for merge operator:            0.075s
  Time for stop operator:             0.076s
  Time for adding to reached set:     0.081s

Predicate-Abstraction Refiner statistics
----------------------------------------
Avg. length of target path (in blocks):                1452 (count: 16, min: 88, max: 93, avg: 90.75)
Number of infeasible sliced prefixes:                     0 (count: 0, min: 0, max: 0, avg: 0.00)

Time for refinement:                                   7.422s
  Counterexample analysis:                7.259s (Max:     1.520s, Calls: 16)
    Refinement sat check:                 1.291s
    Interpolant computation:              0.000s
  Error path post-processing:                          0.000s
  Path-formulas extraction:                            0.000s
  Building the counterexample trace:                   7.259s
  Extracting precise counterexample:                   0.000s
  Extracting infeasible sliced prefixes:               0.000s
  Selecting infeasible sliced prefixes:                0.000s
  Predicate creation:                                  0.017s
  Precision update:                                    0.014s
  ARG update:                                          0.086s

Length of refined path (in blocks):                    1436 (count: 16, min: 87, max: 92, avg: 89.75)
Number of affected states:                             1404 (count: 16, min: 85, max: 90, avg: 87.75)
Length (states) of path with itp 'true':                 16 (count: 16, min: 1, max: 1, avg: 1.00)
Length (states) of path with itp non-trivial itp:      1404 (count: 16, min: 85, max: 90, avg: 87.75)
Length (states) of path with itp 'false':                16 (count: 16, min: 1, max: 1, avg: 1.00)
Different non-trivial interpolants along paths:           0 (count: 16, min: 0, max: 0, avg: 0.00)
Equal non-trivial interpolants along paths:            1388 (count: 16, min: 84, max: 89, avg: 86.75)
Different precisions along paths:                         0 (count: 0, min: 0, max: 0, avg: 0.00)
Equal precisions along paths:                             0 (count: 0, min: 0, max: 0, avg: 0.00)
Number of refs with location-based cutoff:                0

CEGAR algorithm statistics
--------------------------
Number of refinements:                16
Lazy expansion status:                false
Expansion times:                      0
Total path lengths:                   29260
SP times:                             0
Number of added holes:                0
Number of successful refinements:     16
Number of failed refinements:         0
Max. size of reached set before ref.: 2326
Max. size of reached set after ref.:  1491
Avg. size of reached set before ref.: 2229.25
Avg. size of reached set after ref.:  1491.00

Total time for CEGAR algorithm:      12.080s
CPU time for CEGAR algorithm:        22.860s
Time for refinements:                 7.503s
CPU time for refinements:            13.750s
Average time for refinement:          0.468s
Max time for refinement:              1.573s
First time for refinement:             0.269s
Last time for refinement:              0.098s
Average time for analysis:          0.269s
Number of analysis:                17

Counterexample-Check Algorithm statistics
-----------------------------------------
Number of counterexample checks:    0

Code Coverage
-----------------------------
  Visited lines:          5137
  Total lines:            23
  Line coverage:          223.348

CPAchecker general statistics
-----------------------------
Number of program locations:     18201
Number of CFA edges:             28660
Number of relevant variables:    2350
Number of functions:             462
Number of loops:                 44
Size of reached set:             2075
  Number of reached locations:   1806 (10%)
    Avg states per location:     1
    Max states per location:     11 (at node N620)
  Number of reached functions:   29 (6%)
  Number of partitions:          2075
    Avg size of partitions:      1
    Max size of partitions:      1
  Number of target states:       0

Time for analysis setup:                   4.678s
  Time for loading CPAs:                   0.495s
  Time for impacted traverse:              0.002s
  Time for loading parser:        0.032s
  Time for CFA construction:      4.066s
    Time for parsing file(s):     0.788s
    Time for AST to CFA:          1.356s
    Time for CFA sanity check:    0.001s
    Time for post-processing:     1.591s
      Time for var class.:        0.000s
Time for Analysis:                        12.084s
CPU time for analysis:     22.870s

Time for Garbage Collector:       0.692s (in 13 runs)
Garbage Collector(s) used:    PS MarkSweep, PS Scavenge
Used heap memory:                640MB (   610 MiB) max;    210MB (   201 MiB) avg;    666MB (   636 MiB) peak
Used non-heap memory:             38MB (    36 MiB) max;     31MB (    30 MiB) avg;     40MB (    38 MiB) peak
Used in PS Old Gen pool:          48MB (    46 MiB) max;     39MB (    37 MiB) avg;     50MB (    47 MiB) peak
Allocated heap memory:           823MB (   785 MiB) max;    489MB (   466 MiB) avg
Allocated non-heap memory:        40MB (    38 MiB) max;     34MB (    33 MiB) avg
Total process virtual memory:  13242MB ( 12628 MiB) max;  13237MB ( 12624 MiB) avg

Verification result: TRUE. No property violation found by chosen configuration.
More details about the verification run can be found in the directory "/home/yqs17/blazer/cpachecker-inc-pred/output-ori-final/flat/drivers--isdn--mISDN--mISDN_core.ko.065.8bfddfb.32_7a.cil_safe.i".
