scripts/cpa.sh -heap 10000M -predicateAnalysis-ABEl-debug -setprop cpa.predicate.refinement.performInitialStaticRefinement=false -disable-java-assertions -outputpath /home/yqs17/blazer/cpachecker-inc-pred/output-ori-final/flat/drivers--media--video--videobuf-vmalloc.ko.017.aa9479e.32_1.cil_safe.i -stats -spec /home/yqs17/blazer/cpachecker-inc-pred/LDVErrorLabel.spc -entryfunction ldv_main0_sequence_infinite_withcheck_stateful /home/yqs17/blazer/cpachecker-inc-pred/programs-flat/drivers--media--video--videobuf-vmalloc.ko.017.aa9479e.32_1.cil_safe.i


--------------------------------------------------------------------------------


Running CPAchecker with Java heap of size 10000M.
Running CPAchecker with the following extra VM options:  -Djava.io.tmpdir=/tmp/BenchExec_run_zomr3af9/tmp
PredicateCPA statistics
-----------------------
Read Precision Time:                0.000s
Precision file size:                0
Write Precision Time:               0.003s
Number of abstractions:            2941 (11% of all post computations)
  Times abstraction was reused:    0
  Because of function entry/exit:  2561 (87%)
  Because of loop head:            380 (13%)
  Because of join nodes:           0 (0%)
  Because of threshold:            0 (0%)
  Times precision was empty:       264 (9%)
  Times precision was {false}:     175 (6%)
  Times result was cached:         1850 (63%)
  Times cartesian abs was used:    0 (0%)
  Times boolean abs was used:      652 (22%)
  Times result was 'false':        56 (2%)
Number of strengthen sat checks:   17
  Times result was 'false':        0 (0%)
Number of coverage checks:         4067
  BDD entailment checks:           965
Number of SMT sat checks:          17
  trivial:                         17
  cached:                          0

Max ABE block size:                       25
Number of predicates discovered:          5
Number of abstraction locations:          0
Max number of predicates per location:    0
Avg number of predicates per location:    0
Total predicates per abstraction:         1342
Max number of predicates per abstraction: 4
Avg number of predicates per abstraction: 1.62
Number of irrelevant predicates:          524 (39%)
Number of preds handled by boolean abs:   818 (61%)
  Total number of models for allsat:      660
  Max number of models for allsat:        2
  Avg number of models for allsat:        1.01

Number of path formula cache hits:   20383 (70%)

Time for post operator:                  1.933s
  Time for path formula creation:        1.296s
    Actual computation:                  1.176s
Time for strengthen operator:            0.050s
  Time for satisfiability checks:        0.000s
Time for prec operator:                  1.829s
  Time for abstraction:                  1.574s (Max:     0.028s, Count: 2941)
    Boolean abstraction:                 0.304s
    Solving time:                        0.254s (Max:     0.014s)
    Model enumeration time:              0.008s
    Time for BDD construction:           0.027s (Max:     0.001s)
Time for merge operator:                 0.149s
Time for coverage check:                 0.023s
  Time for BDD entailment checks:        0.020s
Total time for SMT solver (w/o itp):     0.262s

Number of BDD nodes:                               220
Size of BDD node table:                            466043
Size of BDD cache:                                 46619
Size of BDD node cleanup queue:                         688 (count: 8193, min: 0, max: 258, avg: 0.08)
Time for BDD node cleanup:                             0.003s
Time for BDD garbage collection:                       0.000s (in 0 runs)

PrecisionBootstrap statistics
-----------------------------
Init. function predicates:                         0
Init. global predicates:                           0
Init. location predicates:                         0

----------------------

AutomatonAnalysis (SVCOMP) statistics
-------------------------------------
Number of states:                                  1
Total time for successor computation:                  0.095s
Automaton transfers with branching:                0
Automaton transfer successors:                        26280 (count: 26280, min: 1, max: 1, avg: 1.00) [1 x 26280]

CPA algorithm statistics
------------------------
Number of iterations:            23936
Max size of waitlist:            32
Average size of waitlist:        16
Number of computed successors:   26280
Max successors for one state:    2
Number of times merged:          1551
Number of times stopped:         2037
Number of times abs stopped:     486
Number of times nonAbs stopped:  0
Number of times doAbstraction node:  2941
Number of times breaked:         17

Total time for CPA algorithm:         5.488s (Max:     0.725s)
CPU time for CPA algorithm:          10.890s
  Time for choose from waitlist:      0.055s
  Time for precision adjustment:      1.952s
  Time for transfer relation:         2.582s
  Time for merge operator:            0.266s
  Time for stop operator:             0.123s
  Time for adding to reached set:     0.158s

Predicate-Abstraction Refiner statistics
----------------------------------------
Avg. length of target path (in blocks):                 220 (count: 17, min: 4, max: 23, avg: 12.94)
Number of infeasible sliced prefixes:                     0 (count: 0, min: 0, max: 0, avg: 0.00)

Time for refinement:                                   0.611s
  Counterexample analysis:                0.421s (Max:     0.099s, Calls: 17)
    Refinement sat check:                 0.122s
    Interpolant computation:              0.000s
  Error path post-processing:                          0.000s
  Path-formulas extraction:                            0.001s
  Building the counterexample trace:                   0.422s
  Extracting precise counterexample:                   0.000s
  Extracting infeasible sliced prefixes:               0.000s
  Selecting infeasible sliced prefixes:                0.000s
  Predicate creation:                                  0.009s
  Precision update:                                    0.007s
  ARG update:                                          0.145s

Length of refined path (in blocks):                     188 (count: 17, min: 2, max: 22, avg: 11.06)
Number of affected states:                              158 (count: 17, min: 1, max: 21, avg: 9.29)
Length (states) of path with itp 'true':                 13 (count: 17, min: 0, max: 7, avg: 0.76)
Length (states) of path with itp non-trivial itp:       158 (count: 17, min: 1, max: 21, avg: 9.29)
Length (states) of path with itp 'false':                17 (count: 17, min: 1, max: 1, avg: 1.00)
Different non-trivial interpolants along paths:           0 (count: 17, min: 0, max: 0, avg: 0.00)
Equal non-trivial interpolants along paths:             141 (count: 17, min: 0, max: 20, avg: 8.29)
Different precisions along paths:                         0 (count: 0, min: 0, max: 0, avg: 0.00)
Equal precisions along paths:                             0 (count: 0, min: 0, max: 0, avg: 0.00)
Number of refs with location-based cutoff:                0

CEGAR algorithm statistics
--------------------------
Number of refinements:                17
Lazy expansion status:                false
Expansion times:                      0
Total path lengths:                   10296
SP times:                             0
Number of added holes:                0
Number of successful refinements:     17
Number of failed refinements:         0
Max. size of reached set before ref.: 2747
Max. size of reached set after ref.:  2108
Avg. size of reached set before ref.: 2031.47
Avg. size of reached set after ref.:  708.35

Total time for CEGAR algorithm:       6.139s
CPU time for CEGAR algorithm:        12.150s
Time for refinements:                 0.647s
CPU time for refinements:             1.230s
Average time for refinement:          0.038s
Max time for refinement:              0.118s
First time for refinement:             0.304s
Last time for refinement:              0.091s
Average time for analysis:          0.304s
Number of analysis:                18

Counterexample-Check Algorithm statistics
-----------------------------------------
Number of counterexample checks:    0

Code Coverage
-----------------------------
  Visited lines:          2815
  Total lines:            15
  Line coverage:          187.667

CPAchecker general statistics
-----------------------------
Number of program locations:     1139
Number of CFA edges:             1253
Number of relevant variables:    108
Number of functions:             24
Number of loops:                 4
Size of reached set:             1695
  Number of reached locations:   1021 (90%)
    Avg states per location:     1
    Max states per location:     26 (at node N650)
  Number of reached functions:   16 (67%)
  Number of partitions:          1686
    Avg size of partitions:      1
    Max size of partitions:      2 (with key [N575 (before /work/ldvuser/novikov/work/current--X--drivers/media/video/videobuf-vmalloc.ko--X--defaultlinux--X--32_1--X--cpachecker/linux/csd_deg_dscv/11/dscv_tempdir/dscv/ri/32_1/drivers/media/video/videobuf-vmalloc.c, lines 664-762), Function ldv_main0_sequence_infinite_withcheck_stateful called from node N553, stack depth 1 [4c36250e], stack [ldv_main0_sequence_infinite_withcheck_stateful], Init])
  Number of target states:       0

Time for analysis setup:                   1.638s
  Time for loading CPAs:                   0.363s
  Time for impacted traverse:              0.002s
  Time for loading parser:        0.034s
  Time for CFA construction:      1.163s
    Time for parsing file(s):     0.415s
    Time for AST to CFA:          0.396s
    Time for CFA sanity check:    0.000s
    Time for post-processing:     0.221s
      Time for var class.:        0.000s
Time for Analysis:                         6.141s
CPU time for analysis:     12.150s

Time for Garbage Collector:       0.248s (in 9 runs)
Garbage Collector(s) used:    PS MarkSweep, PS Scavenge
Used heap memory:                247MB (   235 MiB) max;     83MB (    79 MiB) avg;    251MB (   240 MiB) peak
Used non-heap memory:             35MB (    33 MiB) max;     30MB (    29 MiB) avg;     38MB (    36 MiB) peak
Used in PS Old Gen pool:          24MB (    23 MiB) max;     16MB (    15 MiB) avg;     24MB (    23 MiB) peak
Allocated heap memory:           440MB (   420 MiB) max;    252MB (   241 MiB) avg
Allocated non-heap memory:        38MB (    37 MiB) max;     32MB (    31 MiB) avg
Total process virtual memory:  13241MB ( 12628 MiB) max;  13238MB ( 12624 MiB) avg

Verification result: TRUE. No property violation found by chosen configuration.
More details about the verification run can be found in the directory "/home/yqs17/blazer/cpachecker-inc-pred/output-ori-final/flat/drivers--media--video--videobuf-vmalloc.ko.017.aa9479e.32_1.cil_safe.i".
