scripts/cpa.sh -heap 10000M -predicateAnalysis-ABEl-debug -setprop cpa.predicate.refinement.performInitialStaticRefinement=false -disable-java-assertions -outputpath /home/yqs17/blazer/cpachecker-inc-pred/output-ori-final/flat/drivers--usb--serial--ssu100.ko.028.d9a8074.39_7a.cil_safe.i -stats -spec /home/yqs17/blazer/cpachecker-inc-pred/LDVErrorLabel.spc -entryfunction ldv_main0_sequence_infinite_withcheck_stateful /home/yqs17/blazer/cpachecker-inc-pred/programs-flat/drivers--usb--serial--ssu100.ko.028.d9a8074.39_7a.cil_safe.i


--------------------------------------------------------------------------------


Running CPAchecker with Java heap of size 10000M.
Running CPAchecker with the following extra VM options:  -Djava.io.tmpdir=/tmp/BenchExec_run_tn2z1il8/tmp
PredicateCPA statistics
-----------------------
Read Precision Time:                0.000s
Precision file size:                0
Write Precision Time:               0.004s
Number of abstractions:            351438 (19% of all post computations)
  Times abstraction was reused:    0
  Because of function entry/exit:  339679 (97%)
  Because of loop head:            11759 (3%)
  Because of join nodes:           0 (0%)
  Because of threshold:            0 (0%)
  Times precision was empty:       1201 (0%)
  Times precision was {false}:     663 (0%)
  Times result was cached:         325638 (93%)
  Times cartesian abs was used:    0 (0%)
  Times boolean abs was used:      23936 (7%)
  Times result was 'false':        11734 (3%)
Number of strengthen sat checks:   147
  Times result was 'false':        0 (0%)
Number of coverage checks:         279125
  BDD entailment checks:           89483
Number of SMT sat checks:          147
  trivial:                         147
  cached:                          0

Max ABE block size:                       35
Number of predicates discovered:          24
Number of abstraction locations:          0
Max number of predicates per location:    0
Avg number of predicates per location:    0
Total predicates per abstraction:         204853
Max number of predicates per abstraction: 17
Avg number of predicates per abstraction: 8.33
Number of irrelevant predicates:          65865 (32%)
Number of preds handled by boolean abs:   138988 (68%)
  Total number of models for allsat:      31669
  Max number of models for allsat:        8
  Avg number of models for allsat:        1.32

Number of path formula cache hits:   2183567 (95%)

Time for post operator:                 58.256s
  Time for path formula creation:        9.491s
    Actual computation:                  5.899s
Time for strengthen operator:            1.118s
  Time for satisfiability checks:        0.000s
Time for prec operator:                 59.471s
  Time for abstraction:                 51.333s (Max:     0.106s, Count: 351438)
    Boolean abstraction:                 7.344s
    Solving time:                        1.800s (Max:     0.012s)
    Model enumeration time:              0.490s
    Time for BDD construction:           0.289s (Max:     0.002s)
Time for merge operator:                 1.357s
Time for coverage check:                 0.152s
  Time for BDD entailment checks:        0.119s
Total time for SMT solver (w/o itp):     2.290s

Number of BDD nodes:                               9231
Size of BDD node table:                            466043
Size of BDD cache:                                 46619
Size of BDD node cleanup queue:                       29426 (count: 205203, min: 0, max: 3781, avg: 0.14)
Time for BDD node cleanup:                             0.020s
Time for BDD garbage collection:                       0.000s (in 0 runs)

PrecisionBootstrap statistics
-----------------------------
Init. function predicates:                         0
Init. global predicates:                           0
Init. location predicates:                         0

----------------------

AutomatonAnalysis (SVCOMP) statistics
-------------------------------------
Number of states:                                  1
Total time for successor computation:                  0.623s
  Time for transition matches:                         0.165s
  Time for transition assertions:                      0.000s
  Time for transition actions:                         0.003s
Automaton transfers with branching:                0
Automaton transfer successors:                      1884061 (count: 1884061, min: 1, max: 1, avg: 1.00) [1 x 1884061]

CPA algorithm statistics
------------------------
Number of iterations:            1718993
Max size of waitlist:            47
Average size of waitlist:        24
Number of computed successors:   1884061
Max successors for one state:    2
Number of times merged:          94821
Number of times stopped:         151741
Number of times abs stopped:     56920
Number of times nonAbs stopped:  0
Number of times doAbstraction node:  351438
Number of times breaked:         147

Total time for CPA algorithm:       139.894s (Max:     3.468s)
CPU time for CPA algorithm:         184.340s
  Time for choose from waitlist:      0.691s
  Time for precision adjustment:     61.154s
  Time for transfer relation:        68.011s
  Time for merge operator:            2.498s
  Time for stop operator:             1.736s
  Time for adding to reached set:     2.431s

Predicate-Abstraction Refiner statistics
----------------------------------------
Avg. length of target path (in blocks):                4132 (count: 147, min: 6, max: 88, avg: 28.11)
Number of infeasible sliced prefixes:                     0 (count: 0, min: 0, max: 0, avg: 0.00)

Time for refinement:                                   7.616s
  Counterexample analysis:                3.120s (Max:     0.143s, Calls: 147)
    Refinement sat check:                 0.494s
    Interpolant computation:              0.000s
  Error path post-processing:                          0.000s
  Path-formulas extraction:                            0.002s
  Building the counterexample trace:                   3.121s
  Extracting precise counterexample:                   0.000s
  Extracting infeasible sliced prefixes:               0.000s
  Selecting infeasible sliced prefixes:                0.000s
  Predicate creation:                                  0.026s
  Precision update:                                    0.033s
  ARG update:                                          4.321s

Length of refined path (in blocks):                    3563 (count: 147, min: 4, max: 74, avg: 24.24)
Number of affected states:                             3126 (count: 147, min: 3, max: 73, avg: 21.27)
Length (states) of path with itp 'true':                290 (count: 147, min: 0, max: 34, avg: 1.97)
Length (states) of path with itp non-trivial itp:      3126 (count: 147, min: 3, max: 73, avg: 21.27)
Length (states) of path with itp 'false':               147 (count: 147, min: 1, max: 1, avg: 1.00)
Different non-trivial interpolants along paths:          38 (count: 147, min: 0, max: 2, avg: 0.26)
Equal non-trivial interpolants along paths:            2941 (count: 147, min: 1, max: 70, avg: 20.01)
Different precisions along paths:                         0 (count: 0, min: 0, max: 0, avg: 0.00)
Equal precisions along paths:                             0 (count: 0, min: 0, max: 0, avg: 0.00)
Number of refs with location-based cutoff:                0

CEGAR algorithm statistics
--------------------------
Number of refinements:                147
Lazy expansion status:                false
Expansion times:                      0
Total path lengths:                   134820
SP times:                             0
Number of added holes:                0
Number of successful refinements:     147
Number of failed refinements:         0
Max. size of reached set before ref.: 22507
Max. size of reached set after ref.:  10707
Avg. size of reached set before ref.: 12561.23
Avg. size of reached set after ref.:  942.37

Total time for CEGAR algorithm:     147.742s
CPU time for CEGAR algorithm:       196.550s
Time for refinements:                 7.832s
CPU time for refinements:            12.190s
Average time for refinement:          0.053s
Max time for refinement:              0.173s
First time for refinement:             0.945s
Last time for refinement:              1.739s
Average time for analysis:          0.945s
Number of analysis:                148

Counterexample-Check Algorithm statistics
-----------------------------------------
Number of counterexample checks:    0

Code Coverage
-----------------------------
  Visited lines:          3918
  Total lines:            10
  Line coverage:          391.800

CPAchecker general statistics
-----------------------------
Number of program locations:     2369
Number of CFA edges:             2745
Number of relevant variables:    303
Number of functions:             106
Number of loops:                 4
Size of reached set:             12614
  Number of reached locations:   1844 (78%)
    Avg states per location:     6
    Max states per location:     168 (at node N101)
  Number of reached functions:   49 (46%)
  Number of partitions:          12589
    Avg size of partitions:      1
    Max size of partitions:      6 (with key [N1123 (before /work/ldvuser/novikov/work/current--X--drivers/usb/serial/ssu100.ko--X--defaultlinux--X--39_7a--X--cpachecker/linux/csd_deg_dscv/12/dscv_tempdir/dscv/ri/39_7a/drivers/usb/serial/ssu100.c.prepared, line 1170), Function ldv_main0_sequence_infinite_withcheck_stateful called from node N1020, stack depth 1 [682c1e93], stack [ldv_main0_sequence_infinite_withcheck_stateful], Init])
  Number of target states:       0

Time for analysis setup:                   2.040s
  Time for loading CPAs:                   0.402s
  Time for impacted traverse:              0.005s
  Time for loading parser:        0.030s
  Time for CFA construction:      1.533s
    Time for parsing file(s):     0.411s
    Time for AST to CFA:          0.572s
    Time for CFA sanity check:    0.000s
    Time for post-processing:     0.351s
      Time for var class.:        0.000s
Time for Analysis:                       147.755s
CPU time for analysis:    196.590s

Time for Garbage Collector:       2.689s (in 65 runs)
Garbage Collector(s) used:    PS MarkSweep, PS Scavenge
Used heap memory:               3531MB (  3367 MiB) max;   1439MB (  1372 MiB) avg;   3545MB (  3381 MiB) peak
Used non-heap memory:             44MB (    42 MiB) max;     41MB (    39 MiB) avg;     46MB (    44 MiB) peak
Used in PS Old Gen pool:          72MB (    69 MiB) max;     55MB (    53 MiB) avg;     72MB (    69 MiB) peak
Allocated heap memory:          3561MB (  3396 MiB) max;   2821MB (  2690 MiB) avg
Allocated non-heap memory:        47MB (    45 MiB) max;     45MB (    43 MiB) avg
Total process virtual memory:  13243MB ( 12629 MiB) max;  13240MB ( 12626 MiB) avg

Verification result: TRUE. No property violation found by chosen configuration.
More details about the verification run can be found in the directory "/home/yqs17/blazer/cpachecker-inc-pred/output-ori-final/flat/drivers--usb--serial--ssu100.ko.028.d9a8074.39_7a.cil_safe.i".
