scripts/cpa.sh -heap 10000M -predicateAnalysis-ABEl-debug -setprop cpa.predicate.refinement.performInitialStaticRefinement=false -disable-java-assertions -outputpath /home/yqs17/blazer/cpachecker-inc-pred/output-ori-final/flat/drivers--block--drbd--drbd.ko.048.8c484ee.08_1a.cil_safe.i -stats -spec /home/yqs17/blazer/cpachecker-inc-pred/LDVErrorLabel.spc -entryfunction ldv_main0_sequence_infinite_withcheck_stateful /home/yqs17/blazer/cpachecker-inc-pred/programs-flat/drivers--block--drbd--drbd.ko.048.8c484ee.08_1a.cil_safe.i


--------------------------------------------------------------------------------


Running CPAchecker with Java heap of size 10000M.
Running CPAchecker with the following extra VM options:  -Djava.io.tmpdir=/tmp/BenchExec_run_a0eyulhg/tmp
PredicateCPA statistics
-----------------------
Read Precision Time:                0.000s
Precision file size:                0
Write Precision Time:               0.002s
Number of abstractions:            47 (2% of all post computations)
  Times abstraction was reused:    0
  Because of function entry/exit:  37 (79%)
  Because of loop head:            10 (21%)
  Because of join nodes:           0 (0%)
  Because of threshold:            0 (0%)
  Times precision was empty:       21 (45%)
  Times precision was {false}:     7 (15%)
  Times result was cached:         7 (15%)
  Times cartesian abs was used:    0 (0%)
  Times boolean abs was used:      12 (26%)
  Times result was 'false':        3 (6%)
Number of strengthen sat checks:   2
  Times result was 'false':        0 (0%)
Number of coverage checks:         26
  BDD entailment checks:           10
Number of SMT sat checks:          2
  trivial:                         2
  cached:                          0

Max ABE block size:                       54
Number of predicates discovered:          2
Number of abstraction locations:          0
Max number of predicates per location:    0
Avg number of predicates per location:    0
Total predicates per abstraction:         19
Max number of predicates per abstraction: 1
Avg number of predicates per abstraction: 1.00
Number of irrelevant predicates:          7 (37%)
Number of preds handled by boolean abs:   12 (63%)
  Total number of models for allsat:      12
  Max number of models for allsat:        1
  Avg number of models for allsat:        1.00

Number of path formula cache hits:   140 (7%)

Time for post operator:                  0.676s
  Time for path formula creation:        0.610s
    Actual computation:                  0.546s
Time for strengthen operator:            0.003s
  Time for satisfiability checks:        0.000s
Time for prec operator:                  0.274s
  Time for abstraction:                  0.254s (Max:     0.194s, Count: 47)
    Boolean abstraction:                 0.146s
    Solving time:                        0.131s (Max:     0.124s)
    Model enumeration time:              0.000s
    Time for BDD construction:           0.001s (Max:     0.001s)
Time for merge operator:                 0.008s
Time for coverage check:                 0.009s
  Time for BDD entailment checks:        0.009s
Total time for SMT solver (w/o itp):     0.131s

Number of BDD nodes:                               202
Size of BDD node table:                            466043
Size of BDD cache:                                 46619
Size of BDD node cleanup queue:                           0 (count: 92122, min: 0, max: 0, avg: 0.00)
Time for BDD node cleanup:                             0.000s
Time for BDD garbage collection:                       0.000s (in 0 runs)

PrecisionBootstrap statistics
-----------------------------
Init. function predicates:                         0
Init. global predicates:                           0
Init. location predicates:                         0

----------------------

AutomatonAnalysis (SVCOMP) statistics
-------------------------------------
Number of states:                                  1
Total time for successor computation:                  0.022s
Automaton transfers with branching:                0
Automaton transfer successors:                         2063 (count: 2063, min: 1, max: 1, avg: 1.00) [1 x 2063]

CPA algorithm statistics
------------------------
Number of iterations:            2040
Max size of waitlist:            6
Average size of waitlist:        1
Number of computed successors:   2063
Max successors for one state:    2
Number of times merged:          8
Number of times stopped:         16
Number of times abs stopped:     8
Number of times nonAbs stopped:  0
Number of times doAbstraction node:  47
Number of times breaked:         2

Total time for CPA algorithm:         1.294s (Max:     0.998s)
CPU time for CPA algorithm:           2.540s
  Time for choose from waitlist:      0.007s
  Time for precision adjustment:      0.309s
  Time for transfer relation:         0.867s
  Time for merge operator:            0.011s
  Time for stop operator:             0.026s
  Time for adding to reached set:     0.032s

Predicate-Abstraction Refiner statistics
----------------------------------------
Avg. length of target path (in blocks):                  15 (count: 2, min: 4, max: 11, avg: 7.50)
Number of infeasible sliced prefixes:                     0 (count: 0, min: 0, max: 0, avg: 0.00)

Time for refinement:                                   0.347s
  Counterexample analysis:                0.328s (Max:     0.225s, Calls: 2)
    Refinement sat check:                 0.211s
    Interpolant computation:              0.000s
  Error path post-processing:                          0.000s
  Path-formulas extraction:                            0.000s
  Building the counterexample trace:                   0.329s
  Extracting precise counterexample:                   0.000s
  Extracting infeasible sliced prefixes:               0.000s
  Selecting infeasible sliced prefixes:                0.000s
  Predicate creation:                                  0.002s
  Precision update:                                    0.002s
  ARG update:                                          0.007s

Length of refined path (in blocks):                      13 (count: 2, min: 3, max: 10, avg: 6.50)
Number of affected states:                               11 (count: 2, min: 2, max: 9, avg: 5.50)
Length (states) of path with itp 'true':                  0 (count: 2, min: 0, max: 0, avg: 0.00)
Length (states) of path with itp non-trivial itp:        11 (count: 2, min: 2, max: 9, avg: 5.50)
Length (states) of path with itp 'false':                 2 (count: 2, min: 1, max: 1, avg: 1.00)
Different non-trivial interpolants along paths:           0 (count: 2, min: 0, max: 0, avg: 0.00)
Equal non-trivial interpolants along paths:               9 (count: 2, min: 1, max: 8, avg: 4.50)
Different precisions along paths:                         0 (count: 0, min: 0, max: 0, avg: 0.00)
Equal precisions along paths:                             0 (count: 0, min: 0, max: 0, avg: 0.00)
Number of refs with location-based cutoff:                0

CEGAR algorithm statistics
--------------------------
Number of refinements:                2
Lazy expansion status:                false
Expansion times:                      0
Total path lengths:                   3723
SP times:                             0
Number of added holes:                0
Number of successful refinements:     2
Number of failed refinements:         0
Max. size of reached set before ref.: 1930
Max. size of reached set after ref.:  1832
Avg. size of reached set before ref.: 1908.00
Avg. size of reached set after ref.:  1832.00

Total time for CEGAR algorithm:       1.666s
CPU time for CEGAR algorithm:         3.280s
Time for refinements:                 0.371s
CPU time for refinements:             0.730s
Average time for refinement:          0.185s
Max time for refinement:              0.255s
First time for refinement:             0.431s
Last time for refinement:              0.034s
Average time for analysis:          0.431s
Number of analysis:                3

Counterexample-Check Algorithm statistics
-----------------------------------------
Number of counterexample checks:    0

Code Coverage
-----------------------------
  Visited lines:          5804
  Total lines:            13
  Line coverage:          446.462

CPAchecker general statistics
-----------------------------
Number of program locations:     30657
Number of CFA edges:             42373
Number of relevant variables:    6845
Number of functions:             653
Number of loops:                 173
Size of reached set:             1893
  Number of reached locations:   1883 (6%)
    Avg states per location:     1
    Max states per location:     2 (at node N2934)
  Number of reached functions:   5 (1%)
  Number of partitions:          1893
    Avg size of partitions:      1
    Max size of partitions:      1
  Number of target states:       0

Time for analysis setup:                   7.151s
  Time for loading CPAs:                   0.581s
  Time for impacted traverse:              0.002s
  Time for loading parser:        0.032s
  Time for CFA construction:      6.454s
    Time for parsing file(s):     1.089s
    Time for AST to CFA:          2.024s
    Time for CFA sanity check:    0.001s
    Time for post-processing:     2.792s
      Time for var class.:        0.000s
Time for Analysis:                         1.670s
CPU time for analysis:      3.280s

Time for Garbage Collector:       0.737s (in 8 runs)
Garbage Collector(s) used:    PS MarkSweep, PS Scavenge
Used heap memory:                268MB (   255 MiB) max;    121MB (   115 MiB) avg;    324MB (   309 MiB) peak
Used non-heap memory:             40MB (    38 MiB) max;     27MB (    25 MiB) avg;     41MB (    40 MiB) peak
Used in PS Old Gen pool:          57MB (    55 MiB) max;     42MB (    40 MiB) avg;     71MB (    68 MiB) peak
Allocated heap memory:           451MB (   430 MiB) max;    304MB (   290 MiB) avg
Allocated non-heap memory:        41MB (    39 MiB) max;     27MB (    26 MiB) avg
Total process virtual memory:  13240MB ( 12627 MiB) max;  13233MB ( 12620 MiB) avg

Verification result: TRUE. No property violation found by chosen configuration.
More details about the verification run can be found in the directory "/home/yqs17/blazer/cpachecker-inc-pred/output-ori-final/flat/drivers--block--drbd--drbd.ko.048.8c484ee.08_1a.cil_safe.i".
