scripts/cpa.sh -heap 10000M -predicateAnalysis-ABEl-debug -setprop cpa.predicate.refinement.performInitialStaticRefinement=false -disable-java-assertions -outputpath /home/yqs17/blazer/cpachecker-inc-pred/output-ori-final/flat/drivers--mtd--devices--slram.ko.010.59018b6.68_1.cil_safe.i -stats -spec /home/yqs17/blazer/cpachecker-inc-pred/LDVErrorLabel.spc -entryfunction ldv_main0_sequence_infinite_withcheck_stateful /home/yqs17/blazer/cpachecker-inc-pred/programs-flat/drivers--mtd--devices--slram.ko.010.59018b6.68_1.cil_safe.i


--------------------------------------------------------------------------------


Running CPAchecker with Java heap of size 10000M.
Running CPAchecker with the following extra VM options:  -Djava.io.tmpdir=/tmp/BenchExec_run_ilf600e6/tmp
PredicateCPA statistics
-----------------------
Read Precision Time:                0.000s
Precision file size:                0
Write Precision Time:               0.007s
Number of abstractions:            850 (15% of all post computations)
  Times abstraction was reused:    0
  Because of function entry/exit:  685 (81%)
  Because of loop head:            165 (19%)
  Because of join nodes:           0 (0%)
  Because of threshold:            0 (0%)
  Times precision was empty:       220 (26%)
  Times precision was {false}:     20 (2%)
  Times result was cached:         349 (41%)
  Times cartesian abs was used:    0 (0%)
  Times boolean abs was used:      261 (31%)
  Times result was 'false':        41 (5%)
Number of strengthen sat checks:   6
  Times result was 'false':        0 (0%)
Number of coverage checks:         872
  BDD entailment checks:           280
Number of SMT sat checks:          6
  trivial:                         6
  cached:                          0

Max ABE block size:                       16
Number of predicates discovered:          5
Number of abstraction locations:          0
Max number of predicates per location:    0
Avg number of predicates per location:    0
Total predicates per abstraction:         521
Max number of predicates per abstraction: 4
Avg number of predicates per abstraction: 1.85
Number of irrelevant predicates:          105 (20%)
Number of preds handled by boolean abs:   416 (80%)
  Total number of models for allsat:      251
  Max number of models for allsat:        2
  Avg number of models for allsat:        0.96

Number of path formula cache hits:   4583 (71%)

Time for post operator:                  0.704s
  Time for path formula creation:        0.542s
    Actual computation:                  0.491s
Time for strengthen operator:            0.017s
  Time for satisfiability checks:        0.000s
Time for prec operator:                  0.912s
  Time for abstraction:                  0.784s (Max:     0.021s, Count: 850)
    Boolean abstraction:                 0.228s
    Solving time:                        0.150s (Max:     0.013s)
    Model enumeration time:              0.012s
    Time for BDD construction:           0.016s (Max:     0.008s)
Time for merge operator:                 0.048s
Time for coverage check:                 0.018s
  Time for BDD entailment checks:        0.017s
Total time for SMT solver (w/o itp):     0.162s

Number of BDD nodes:                               220
Size of BDD node table:                            466043
Size of BDD cache:                                 46619
Size of BDD node cleanup queue:                          46 (count: 4651, min: 0, max: 46, avg: 0.01)
Time for BDD node cleanup:                             0.000s
Time for BDD garbage collection:                       0.000s (in 0 runs)

PrecisionBootstrap statistics
-----------------------------
Init. function predicates:                         0
Init. global predicates:                           0
Init. location predicates:                         0

----------------------

AutomatonAnalysis (SVCOMP) statistics
-------------------------------------
Number of states:                                  1
Total time for successor computation:                  0.037s
Automaton transfers with branching:                0
Automaton transfer successors:                         5683 (count: 5683, min: 1, max: 1, avg: 1.00) [1 x 5683]

CPA algorithm statistics
------------------------
Number of iterations:            5110
Max size of waitlist:            16
Average size of waitlist:        8
Number of computed successors:   5683
Max successors for one state:    2
Number of times merged:          296
Number of times stopped:         526
Number of times abs stopped:     230
Number of times nonAbs stopped:  0
Number of times doAbstraction node:  850
Number of times breaked:         6

Total time for CPA algorithm:         2.383s (Max:     0.629s)
CPU time for CPA algorithm:           4.700s
  Time for choose from waitlist:      0.023s
  Time for precision adjustment:      0.987s
  Time for transfer relation:         0.969s
  Time for merge operator:            0.071s
  Time for stop operator:             0.045s
  Time for adding to reached set:     0.055s

Predicate-Abstraction Refiner statistics
----------------------------------------
Avg. length of target path (in blocks):                 107 (count: 6, min: 7, max: 32, avg: 17.83)
Number of infeasible sliced prefixes:                     0 (count: 0, min: 0, max: 0, avg: 0.00)

Time for refinement:                                   0.415s
  Counterexample analysis:                0.372s (Max:     0.142s, Calls: 6)
    Refinement sat check:                 0.142s
    Interpolant computation:              0.000s
  Error path post-processing:                          0.000s
  Path-formulas extraction:                            0.000s
  Building the counterexample trace:                   0.372s
  Extracting precise counterexample:                   0.000s
  Extracting infeasible sliced prefixes:               0.000s
  Selecting infeasible sliced prefixes:                0.000s
  Predicate creation:                                  0.004s
  Precision update:                                    0.002s
  ARG update:                                          0.030s

Length of refined path (in blocks):                      97 (count: 6, min: 3, max: 31, avg: 16.17)
Number of affected states:                               86 (count: 6, min: 1, max: 30, avg: 14.33)
Length (states) of path with itp 'true':                  5 (count: 6, min: 0, max: 4, avg: 0.83)
Length (states) of path with itp non-trivial itp:        86 (count: 6, min: 1, max: 30, avg: 14.33)
Length (states) of path with itp 'false':                 6 (count: 6, min: 1, max: 1, avg: 1.00)
Different non-trivial interpolants along paths:           0 (count: 6, min: 0, max: 0, avg: 0.00)
Equal non-trivial interpolants along paths:              80 (count: 6, min: 0, max: 29, avg: 13.33)
Different precisions along paths:                         0 (count: 0, min: 0, max: 0, avg: 0.00)
Equal precisions along paths:                             0 (count: 0, min: 0, max: 0, avg: 0.00)
Number of refs with location-based cutoff:                0

CEGAR algorithm statistics
--------------------------
Number of refinements:                6
Lazy expansion status:                false
Expansion times:                      0
Total path lengths:                   3750
SP times:                             0
Number of added holes:                0
Number of successful refinements:     6
Number of failed refinements:         0
Max. size of reached set before ref.: 1366
Max. size of reached set after ref.:  1313
Avg. size of reached set before ref.: 1293.83
Avg. size of reached set after ref.:  667.50

Total time for CEGAR algorithm:       2.819s
CPU time for CEGAR algorithm:         5.540s
Time for refinements:                 0.434s
CPU time for refinements:             0.840s
Average time for refinement:          0.072s
Max time for refinement:              0.154s
First time for refinement:             0.340s
Last time for refinement:              0.133s
Average time for analysis:          0.340s
Number of analysis:                7

Counterexample-Check Algorithm statistics
-----------------------------------------
Number of counterexample checks:    0

Code Coverage
-----------------------------
  Visited lines:          2770
  Total lines:            15
  Line coverage:          184.667

CPAchecker general statistics
-----------------------------
Number of program locations:     905
Number of CFA edges:             966
Number of relevant variables:    82
Number of functions:             25
Number of loops:                 5
Size of reached set:             1359
  Number of reached locations:   759 (84%)
    Avg states per location:     1
    Max states per location:     16 (at node N90)
  Number of reached functions:   11 (44%)
  Number of partitions:          1355
    Avg size of partitions:      1
    Max size of partitions:      3 (with key [N254 (before /work/ldvuser/novikov/work/current--X--drivers/mtd/devices/slram.ko--X--defaultlinux--X--68_1--X--cpachecker/linux/csd_deg_dscv/11/dscv_tempdir/dscv/ri/68_1/drivers/mtd/devices/slram.c, lines 339-349), Function init_slram called from node N309, stack depth 2 [1a07bf6], stack [ldv_main0_sequence_infinite_withcheck_stateful, init_slram], Init])
  Number of target states:       0

Time for analysis setup:                   1.535s
  Time for loading CPAs:                   0.341s
  Time for impacted traverse:              0.002s
  Time for loading parser:        0.034s
  Time for CFA construction:      1.088s
    Time for parsing file(s):     0.409s
    Time for AST to CFA:          0.366s
    Time for CFA sanity check:    0.000s
    Time for post-processing:     0.199s
      Time for var class.:        0.000s
Time for Analysis:                         2.822s
CPU time for analysis:      5.550s

Time for Garbage Collector:       0.175s (in 5 runs)
Garbage Collector(s) used:    PS MarkSweep, PS Scavenge
Used heap memory:                151MB (   144 MiB) max;     55MB (    53 MiB) avg;    182MB (   174 MiB) peak
Used non-heap memory:             34MB (    33 MiB) max;     27MB (    26 MiB) avg;     37MB (    35 MiB) peak
Used in PS Old Gen pool:          22MB (    21 MiB) max;     11MB (    10 MiB) avg;     23MB (    22 MiB) peak
Allocated heap memory:           266MB (   254 MiB) max;    198MB (   189 MiB) avg
Allocated non-heap memory:        37MB (    35 MiB) max;     28MB (    27 MiB) avg
Total process virtual memory:  13240MB ( 12627 MiB) max;  13236MB ( 12623 MiB) avg

Verification result: TRUE. No property violation found by chosen configuration.
More details about the verification run can be found in the directory "/home/yqs17/blazer/cpachecker-inc-pred/output-ori-final/flat/drivers--mtd--devices--slram.ko.010.59018b6.68_1.cil_safe.i".
