scripts/cpa.sh -heap 10000M -predicateAnalysis-ABEl-debug -setprop cpa.predicate.refinement.performInitialStaticRefinement=false -disable-java-assertions -outputpath /home/yqs17/blazer/cpachecker-inc-pred/output-ori-final/flat/drivers--mtd--ar7part.ko.005.e0d6511.08_1a.cil_safe.i -stats -spec /home/yqs17/blazer/cpachecker-inc-pred/LDVErrorLabel.spc -entryfunction ldv_main0_sequence_infinite_withcheck_stateful /home/yqs17/blazer/cpachecker-inc-pred/programs-flat/drivers--mtd--ar7part.ko.005.e0d6511.08_1a.cil_safe.i


--------------------------------------------------------------------------------


Running CPAchecker with Java heap of size 10000M.
Running CPAchecker with the following extra VM options:  -Djava.io.tmpdir=/tmp/BenchExec_run_i_dvy6zq/tmp
PredicateCPA statistics
-----------------------
Read Precision Time:                0.000s
Precision file size:                0
Write Precision Time:               0.003s
Number of abstractions:            89 (9% of all post computations)
  Times abstraction was reused:    0
  Because of function entry/exit:  55 (62%)
  Because of loop head:            34 (38%)
  Because of join nodes:           0 (0%)
  Because of threshold:            0 (0%)
  Times precision was empty:       44 (49%)
  Times precision was {false}:     13 (15%)
  Times result was cached:         10 (11%)
  Times cartesian abs was used:    0 (0%)
  Times boolean abs was used:      22 (25%)
  Times result was 'false':        3 (3%)
Number of strengthen sat checks:   2
  Times result was 'false':        0 (0%)
Number of coverage checks:         90
  BDD entailment checks:           34
Number of SMT sat checks:          2
  trivial:                         2
  cached:                          0

Max ABE block size:                       26
Number of predicates discovered:          2
Number of abstraction locations:          0
Max number of predicates per location:    0
Avg number of predicates per location:    0
Total predicates per abstraction:         35
Max number of predicates per abstraction: 1
Avg number of predicates per abstraction: 1.00
Number of irrelevant predicates:          13 (37%)
Number of preds handled by boolean abs:   22 (63%)
  Total number of models for allsat:      22
  Max number of models for allsat:        1
  Avg number of models for allsat:        1.00

Number of path formula cache hits:   462 (43%)

Time for post operator:                  0.314s
  Time for path formula creation:        0.252s
    Actual computation:                  0.233s
Time for strengthen operator:            0.002s
  Time for satisfiability checks:        0.000s
Time for prec operator:                  0.383s
  Time for abstraction:                  0.343s (Max:     0.049s, Count: 89)
    Boolean abstraction:                 0.071s
    Solving time:                        0.101s (Max:     0.022s)
    Model enumeration time:              0.003s
    Time for BDD construction:           0.000s (Max:     0.000s)
Time for merge operator:                 0.021s
Time for coverage check:                 0.007s
  Time for BDD entailment checks:        0.007s
Total time for SMT solver (w/o itp):     0.104s

Number of BDD nodes:                               202
Size of BDD node table:                            466043
Size of BDD cache:                                 46619
Size of BDD node cleanup queue:                           0 (count: 1515, min: 0, max: 0, avg: 0.00)
Time for BDD node cleanup:                             0.002s
Time for BDD garbage collection:                       0.000s (in 0 runs)

PrecisionBootstrap statistics
-----------------------------
Init. function predicates:                         0
Init. global predicates:                           0
Init. location predicates:                         0

----------------------

AutomatonAnalysis (SVCOMP) statistics
-------------------------------------
Number of states:                                  1
Total time for successor computation:                  0.020s
Automaton transfers with branching:                0
Automaton transfer successors:                         1022 (count: 1022, min: 1, max: 1, avg: 1.00) [1 x 1022]

CPA algorithm statistics
------------------------
Number of iterations:            955
Max size of waitlist:            12
Average size of waitlist:        5
Number of computed successors:   1022
Max successors for one state:    2
Number of times merged:          28
Number of times stopped:         60
Number of times abs stopped:     32
Number of times nonAbs stopped:  0
Number of times doAbstraction node:  89
Number of times breaked:         2

Total time for CPA algorithm:         0.935s (Max:     0.387s)
CPU time for CPA algorithm:           1.820s
  Time for choose from waitlist:      0.004s
  Time for precision adjustment:      0.406s
  Time for transfer relation:         0.420s
  Time for merge operator:            0.029s
  Time for stop operator:             0.021s
  Time for adding to reached set:     0.019s

Predicate-Abstraction Refiner statistics
----------------------------------------
Avg. length of target path (in blocks):                  20 (count: 2, min: 6, max: 14, avg: 10.00)
Number of infeasible sliced prefixes:                     0 (count: 0, min: 0, max: 0, avg: 0.00)

Time for refinement:                                   0.130s
  Counterexample analysis:                0.114s (Max:     0.059s, Calls: 2)
    Refinement sat check:                 0.047s
    Interpolant computation:              0.000s
  Error path post-processing:                          0.000s
  Path-formulas extraction:                            0.000s
  Building the counterexample trace:                   0.114s
  Extracting precise counterexample:                   0.000s
  Extracting infeasible sliced prefixes:               0.000s
  Selecting infeasible sliced prefixes:                0.000s
  Predicate creation:                                  0.003s
  Precision update:                                    0.003s
  ARG update:                                          0.007s

Length of refined path (in blocks):                      18 (count: 2, min: 5, max: 13, avg: 9.00)
Number of affected states:                               16 (count: 2, min: 4, max: 12, avg: 8.00)
Length (states) of path with itp 'true':                  0 (count: 2, min: 0, max: 0, avg: 0.00)
Length (states) of path with itp non-trivial itp:        16 (count: 2, min: 4, max: 12, avg: 8.00)
Length (states) of path with itp 'false':                 2 (count: 2, min: 1, max: 1, avg: 1.00)
Different non-trivial interpolants along paths:           0 (count: 2, min: 0, max: 0, avg: 0.00)
Equal non-trivial interpolants along paths:              14 (count: 2, min: 3, max: 11, avg: 7.00)
Different precisions along paths:                         0 (count: 0, min: 0, max: 0, avg: 0.00)
Equal precisions along paths:                             0 (count: 0, min: 0, max: 0, avg: 0.00)
Number of refs with location-based cutoff:                0

CEGAR algorithm statistics
--------------------------
Number of refinements:                2
Lazy expansion status:                false
Expansion times:                      0
Total path lengths:                   566
SP times:                             0
Number of added holes:                0
Number of successful refinements:     2
Number of failed refinements:         0
Max. size of reached set before ref.: 579
Max. size of reached set after ref.:  218
Avg. size of reached set before ref.: 492.00
Avg. size of reached set after ref.:  218.00

Total time for CEGAR algorithm:       1.076s
CPU time for CEGAR algorithm:         2.100s
Time for refinements:                 0.140s
CPU time for refinements:             0.280s
Average time for refinement:          0.070s
Max time for refinement:              0.073s
First time for refinement:             0.311s
Last time for refinement:              0.198s
Average time for analysis:          0.311s
Number of analysis:                3

Counterexample-Check Algorithm statistics
-----------------------------------------
Number of counterexample checks:    0

Code Coverage
-----------------------------
  Visited lines:          934
  Total lines:            5
  Line coverage:          186.800

CPAchecker general statistics
-----------------------------
Number of program locations:     411
Number of CFA edges:             432
Number of relevant variables:    35
Number of functions:             13
Number of loops:                 4
Size of reached set:             412
  Number of reached locations:   366 (89%)
    Avg states per location:     1
    Max states per location:     4 (at node N12)
  Number of reached functions:   6 (46%)
  Number of partitions:          412
    Avg size of partitions:      1
    Max size of partitions:      1
  Number of target states:       0

Time for analysis setup:                   1.084s
  Time for loading CPAs:                   0.346s
  Time for impacted traverse:              0.003s
  Time for loading parser:        0.032s
  Time for CFA construction:      0.636s
    Time for parsing file(s):     0.193s
    Time for AST to CFA:          0.245s
    Time for CFA sanity check:    0.001s
    Time for post-processing:     0.109s
      Time for var class.:        0.000s
Time for Analysis:                         1.079s
CPU time for analysis:      2.110s

Time for Garbage Collector:       0.113s (in 4 runs)
Garbage Collector(s) used:    PS MarkSweep, PS Scavenge
Used heap memory:                 75MB (    71 MiB) max;     39MB (    37 MiB) avg;     96MB (    91 MiB) peak
Used non-heap memory:             31MB (    30 MiB) max;     23MB (    22 MiB) avg;     32MB (    31 MiB) peak
Used in PS Old Gen pool:           3MB (     3 MiB) max;      2MB (     2 MiB) avg;     18MB (    17 MiB) peak
Allocated heap memory:           190MB (   182 MiB) max;    172MB (   164 MiB) avg
Allocated non-heap memory:        32MB (    30 MiB) max;     24MB (    23 MiB) avg
Total process virtual memory:  13238MB ( 12625 MiB) max;  13234MB ( 12621 MiB) avg

Verification result: TRUE. No property violation found by chosen configuration.
More details about the verification run can be found in the directory "/home/yqs17/blazer/cpachecker-inc-pred/output-ori-final/flat/drivers--mtd--ar7part.ko.005.e0d6511.08_1a.cil_safe.i".
