scripts/cpa.sh -heap 10000M -predicateAnalysis-ABEl-debug -setprop cpa.predicate.refinement.performInitialStaticRefinement=false -disable-java-assertions -outputpath /home/yqs17/blazer/cpachecker-inc-pred/output-ori-final/flat/drivers--isdn--mISDN--mISDN_core.ko.057.5d76fc2.08_1a.cil_safe.i -stats -spec /home/yqs17/blazer/cpachecker-inc-pred/LDVErrorLabel.spc -entryfunction ldv_main0_sequence_infinite_withcheck_stateful /home/yqs17/blazer/cpachecker-inc-pred/programs-flat/drivers--isdn--mISDN--mISDN_core.ko.057.5d76fc2.08_1a.cil_safe.i


--------------------------------------------------------------------------------


Running CPAchecker with Java heap of size 10000M.
Running CPAchecker with the following extra VM options:  -Djava.io.tmpdir=/tmp/BenchExec_run_z6qkvuor/tmp
PredicateCPA statistics
-----------------------
Read Precision Time:                0.000s
Precision file size:                0
Write Precision Time:               0.001s
Number of abstractions:            780 (16% of all post computations)
  Times abstraction was reused:    0
  Because of function entry/exit:  689 (88%)
  Because of loop head:            91 (12%)
  Because of join nodes:           0 (0%)
  Because of threshold:            0 (0%)
  Times precision was empty:       157 (20%)
  Times precision was {false}:     21 (3%)
  Times result was cached:         507 (65%)
  Times cartesian abs was used:    0 (0%)
  Times boolean abs was used:      95 (12%)
  Times result was 'false':        5 (1%)
Number of strengthen sat checks:   4
  Times result was 'false':        0 (0%)
Number of coverage checks:         322
  BDD entailment checks:           108
Number of SMT sat checks:          4
  trivial:                         4
  cached:                          0

Max ABE block size:                       54
Number of predicates discovered:          2
Number of abstraction locations:          0
Max number of predicates per location:    0
Avg number of predicates per location:    0
Total predicates per abstraction:         116
Max number of predicates per abstraction: 1
Avg number of predicates per abstraction: 1.00
Number of irrelevant predicates:          21 (18%)
Number of preds handled by boolean abs:   95 (82%)
  Total number of models for allsat:      95
  Max number of models for allsat:        1
  Avg number of models for allsat:        1.00

Number of path formula cache hits:   3184 (59%)

Time for post operator:                  1.474s
  Time for path formula creation:        1.354s
    Actual computation:                  1.192s
Time for strengthen operator:            0.017s
  Time for satisfiability checks:        0.000s
Time for prec operator:                  0.966s
  Time for abstraction:                  0.857s (Max:     0.566s, Count: 780)
    Boolean abstraction:                 0.521s
    Solving time:                        0.486s (Max:     0.462s)
    Model enumeration time:              0.003s
    Time for BDD construction:           0.008s (Max:     0.001s)
Time for merge operator:                 0.029s
Time for coverage check:                 0.012s
  Time for BDD entailment checks:        0.011s
Total time for SMT solver (w/o itp):     0.489s

Number of BDD nodes:                               202
Size of BDD node table:                            466043
Size of BDD cache:                                 46619
Size of BDD node cleanup queue:                         155 (count: 52407, min: 0, max: 91, avg: 0.00)
Time for BDD node cleanup:                             0.003s
Time for BDD garbage collection:                       0.000s (in 0 runs)

PrecisionBootstrap statistics
-----------------------------
Init. function predicates:                         0
Init. global predicates:                           0
Init. location predicates:                         0

----------------------

AutomatonAnalysis (SVCOMP) statistics
-------------------------------------
Number of states:                                  1
Total time for successor computation:                  0.038s
Automaton transfers with branching:                0
Automaton transfer successors:                         4748 (count: 4748, min: 1, max: 1, avg: 1.00) [1 x 4748]

CPA algorithm statistics
------------------------
Number of iterations:            4536
Max size of waitlist:            9
Average size of waitlist:        3
Number of computed successors:   4748
Max successors for one state:    2
Number of times merged:          107
Number of times stopped:         197
Number of times abs stopped:     90
Number of times nonAbs stopped:  0
Number of times doAbstraction node:  780
Number of times breaked:         4

Total time for CPA algorithm:         3.002s (Max:     1.699s)
CPU time for CPA algorithm:           5.930s
  Time for choose from waitlist:      0.017s
  Time for precision adjustment:      1.017s
  Time for transfer relation:         1.700s
  Time for merge operator:            0.040s
  Time for stop operator:             0.067s
  Time for adding to reached set:     0.041s

Predicate-Abstraction Refiner statistics
----------------------------------------
Avg. length of target path (in blocks):                 355 (count: 4, min: 86, max: 91, avg: 88.75)
Number of infeasible sliced prefixes:                     0 (count: 0, min: 0, max: 0, avg: 0.00)

Time for refinement:                                   2.540s
  Counterexample analysis:                2.487s (Max:     1.402s, Calls: 4)
    Refinement sat check:                 0.851s
    Interpolant computation:              0.000s
  Error path post-processing:                          0.000s
  Path-formulas extraction:                            0.000s
  Building the counterexample trace:                   2.487s
  Extracting precise counterexample:                   0.000s
  Extracting infeasible sliced prefixes:               0.000s
  Selecting infeasible sliced prefixes:                0.000s
  Predicate creation:                                  0.010s
  Precision update:                                    0.003s
  ARG update:                                          0.027s

Length of refined path (in blocks):                     351 (count: 4, min: 85, max: 90, avg: 87.75)
Number of affected states:                              347 (count: 4, min: 84, max: 89, avg: 86.75)
Length (states) of path with itp 'true':                  0 (count: 4, min: 0, max: 0, avg: 0.00)
Length (states) of path with itp non-trivial itp:       347 (count: 4, min: 84, max: 89, avg: 86.75)
Length (states) of path with itp 'false':                 4 (count: 4, min: 1, max: 1, avg: 1.00)
Different non-trivial interpolants along paths:           0 (count: 4, min: 0, max: 0, avg: 0.00)
Equal non-trivial interpolants along paths:             343 (count: 4, min: 83, max: 88, avg: 85.75)
Different precisions along paths:                         0 (count: 0, min: 0, max: 0, avg: 0.00)
Equal precisions along paths:                             0 (count: 0, min: 0, max: 0, avg: 0.00)
Number of refs with location-based cutoff:                0

CEGAR algorithm statistics
--------------------------
Number of refinements:                4
Lazy expansion status:                false
Expansion times:                      0
Total path lengths:                   6779
SP times:                             0
Number of added holes:                0
Number of successful refinements:     4
Number of failed refinements:         0
Max. size of reached set before ref.: 2053
Max. size of reached set after ref.:  1362
Avg. size of reached set before ref.: 2017.25
Avg. size of reached set after ref.:  1362.00

Total time for CEGAR algorithm:       5.568s
CPU time for CEGAR algorithm:        10.700s
Time for refinements:                 2.564s
CPU time for refinements:             4.760s
Average time for refinement:          0.641s
Max time for refinement:              1.432s
First time for refinement:             0.600s
Last time for refinement:              0.123s
Average time for analysis:          0.600s
Number of analysis:                5

Counterexample-Check Algorithm statistics
-----------------------------------------
Number of counterexample checks:    0

Code Coverage
-----------------------------
  Visited lines:          4871
  Total lines:            6
  Line coverage:          811.833

CPAchecker general statistics
-----------------------------
Number of program locations:     17100
Number of CFA edges:             27140
Number of relevant variables:    2230
Number of functions:             381
Number of loops:                 44
Size of reached set:             1926
  Number of reached locations:   1666 (10%)
    Avg states per location:     1
    Max states per location:     11 (at node N565)
  Number of reached functions:   28 (7%)
  Number of partitions:          1926
    Avg size of partitions:      1
    Max size of partitions:      1
  Number of target states:       0

Time for analysis setup:                   4.742s
  Time for loading CPAs:                   0.676s
  Time for impacted traverse:              0.002s
  Time for loading parser:        0.034s
  Time for CFA construction:      3.950s
    Time for parsing file(s):     0.753s
    Time for AST to CFA:          1.292s
    Time for CFA sanity check:    0.000s
    Time for post-processing:     1.580s
      Time for var class.:        0.000s
Time for Analysis:                         5.573s
CPU time for analysis:     10.710s

Time for Garbage Collector:       0.635s (in 10 runs)
Garbage Collector(s) used:    PS MarkSweep, PS Scavenge
Used heap memory:                469MB (   447 MiB) max;    142MB (   136 MiB) avg;    526MB (   502 MiB) peak
Used non-heap memory:             39MB (    37 MiB) max;     29MB (    28 MiB) avg;     39MB (    37 MiB) peak
Used in PS Old Gen pool:          48MB (    46 MiB) max;     34MB (    33 MiB) avg;     51MB (    49 MiB) peak
Allocated heap memory:           581MB (   555 MiB) max;    342MB (   326 MiB) avg
Allocated non-heap memory:        40MB (    38 MiB) max;     31MB (    30 MiB) avg
Total process virtual memory:  13240MB ( 12627 MiB) max;  13236MB ( 12623 MiB) avg

Verification result: TRUE. No property violation found by chosen configuration.
More details about the verification run can be found in the directory "/home/yqs17/blazer/cpachecker-inc-pred/output-ori-final/flat/drivers--isdn--mISDN--mISDN_core.ko.057.5d76fc2.08_1a.cil_safe.i".
