scripts/cpa.sh -heap 10000M -predicateAnalysis-ABEl-debug -setprop cpa.predicate.refinement.performInitialStaticRefinement=false -disable-java-assertions -outputpath /home/yqs17/blazer/cpachecker-inc-pred/output-ori-final/flat/drivers--target--loopback--tcm_loop.ko.020.0a02043.08_1a.cil_safe.i -stats -spec /home/yqs17/blazer/cpachecker-inc-pred/LDVErrorLabel.spc -entryfunction ldv_main0_sequence_infinite_withcheck_stateful /home/yqs17/blazer/cpachecker-inc-pred/programs-flat/drivers--target--loopback--tcm_loop.ko.020.0a02043.08_1a.cil_safe.i


--------------------------------------------------------------------------------


Running CPAchecker with Java heap of size 10000M.
Running CPAchecker with the following extra VM options:  -Djava.io.tmpdir=/tmp/BenchExec_run_ace8q7ca/tmp
PredicateCPA statistics
-----------------------
Read Precision Time:                0.000s
Precision file size:                0
Write Precision Time:               0.003s
Number of abstractions:            44044 (17% of all post computations)
  Times abstraction was reused:    0
  Because of function entry/exit:  42407 (96%)
  Because of loop head:            1637 (4%)
  Because of join nodes:           0 (0%)
  Because of threshold:            0 (0%)
  Times precision was empty:       3203 (7%)
  Times precision was {false}:     939 (2%)
  Times result was cached:         37968 (86%)
  Times cartesian abs was used:    0 (0%)
  Times boolean abs was used:      1934 (4%)
  Times result was 'false':        317 (1%)
Number of strengthen sat checks:   48
  Times result was 'false':        0 (0%)
Number of coverage checks:         43096
  BDD entailment checks:           22066
Number of SMT sat checks:          48
  trivial:                         48
  cached:                          0

Max ABE block size:                       31
Number of predicates discovered:          9
Number of abstraction locations:          0
Max number of predicates per location:    0
Avg number of predicates per location:    0
Total predicates per abstraction:         6873
Max number of predicates per abstraction: 7
Avg number of predicates per abstraction: 2.39
Number of irrelevant predicates:          4031 (59%)
Number of preds handled by boolean abs:   2842 (41%)
  Total number of models for allsat:      2046
  Max number of models for allsat:        3
  Avg number of models for allsat:        1.06

Number of path formula cache hits:   216342 (72%)

Time for post operator:                 10.613s
  Time for path formula creation:        6.365s
    Actual computation:                  5.099s
Time for strengthen operator:            0.209s
  Time for satisfiability checks:        0.000s
Time for prec operator:                  8.116s
  Time for abstraction:                  6.223s (Max:     0.032s, Count: 44044)
    Boolean abstraction:                 0.625s
    Solving time:                        0.530s (Max:     0.010s)
    Model enumeration time:              0.030s
    Time for BDD construction:           0.045s (Max:     0.002s)
Time for merge operator:                 0.853s
Time for coverage check:                 0.050s
  Time for BDD entailment checks:        0.037s
Total time for SMT solver (w/o itp):     0.560s

Number of BDD nodes:                               344
Size of BDD node table:                            466043
Size of BDD cache:                                 46619
Size of BDD node cleanup queue:                        1851 (count: 46141, min: 0, max: 255, avg: 0.04)
Time for BDD node cleanup:                             0.010s
Time for BDD garbage collection:                       0.000s (in 0 runs)

PrecisionBootstrap statistics
-----------------------------
Init. function predicates:                         0
Init. global predicates:                           0
Init. location predicates:                         0

----------------------

AutomatonAnalysis (SVCOMP) statistics
-------------------------------------
Number of states:                                  1
Total time for successor computation:                  0.250s
Automaton transfers with branching:                0
Automaton transfer successors:                       262467 (count: 262467, min: 1, max: 1, avg: 1.00) [1 x 262467]

CPA algorithm statistics
------------------------
Number of iterations:            240434
Max size of waitlist:            56
Average size of waitlist:        27
Number of computed successors:   262467
Max successors for one state:    2
Number of times merged:          10515
Number of times stopped:         21598
Number of times abs stopped:     11083
Number of times nonAbs stopped:  0
Number of times doAbstraction node:  44044
Number of times breaked:         48

Total time for CPA algorithm:        25.450s (Max:     1.209s)
CPU time for CPA algorithm:          50.410s
  Time for choose from waitlist:      0.150s
  Time for precision adjustment:      8.645s
  Time for transfer relation:        13.225s
  Time for merge operator:            1.202s
  Time for stop operator:             0.465s
  Time for adding to reached set:     0.622s

Predicate-Abstraction Refiner statistics
----------------------------------------
Avg. length of target path (in blocks):                2283 (count: 48, min: 31, max: 64, avg: 47.56)
Number of infeasible sliced prefixes:                     0 (count: 0, min: 0, max: 0, avg: 0.00)

Time for refinement:                                   3.778s
  Counterexample analysis:                2.781s (Max:     0.205s, Calls: 48)
    Refinement sat check:                 0.427s
    Interpolant computation:              0.000s
  Error path post-processing:                          0.000s
  Path-formulas extraction:                            0.002s
  Building the counterexample trace:                   2.784s
  Extracting precise counterexample:                   0.000s
  Extracting infeasible sliced prefixes:               0.000s
  Selecting infeasible sliced prefixes:                0.000s
  Predicate creation:                                  0.018s
  Precision update:                                    0.013s
  ARG update:                                          0.867s

Length of refined path (in blocks):                    1868 (count: 48, min: 12, max: 60, avg: 38.92)
Number of affected states:                             1777 (count: 48, min: 1, max: 59, avg: 37.02)
Length (states) of path with itp 'true':                 43 (count: 48, min: 0, max: 18, avg: 0.90)
Length (states) of path with itp non-trivial itp:      1777 (count: 48, min: 1, max: 59, avg: 37.02)
Length (states) of path with itp 'false':                48 (count: 48, min: 1, max: 1, avg: 1.00)
Different non-trivial interpolants along paths:           4 (count: 48, min: 0, max: 2, avg: 0.08)
Equal non-trivial interpolants along paths:            1725 (count: 48, min: 0, max: 58, avg: 35.94)
Different precisions along paths:                         0 (count: 0, min: 0, max: 0, avg: 0.00)
Equal precisions along paths:                             0 (count: 0, min: 0, max: 0, avg: 0.00)
Number of refs with location-based cutoff:                0

CEGAR algorithm statistics
--------------------------
Number of refinements:                48
Lazy expansion status:                false
Expansion times:                      0
Total path lengths:                   70435
SP times:                             0
Number of added holes:                0
Number of successful refinements:     48
Number of failed refinements:         0
Max. size of reached set before ref.: 10358
Max. size of reached set after ref.:  4724
Avg. size of reached set before ref.: 6129.38
Avg. size of reached set after ref.:  1239.00

Total time for CEGAR algorithm:      29.393s
CPU time for CEGAR algorithm:        58.240s
Time for refinements:                 3.939s
CPU time for refinements:             7.810s
Average time for refinement:          0.082s
Max time for refinement:              0.248s
First time for refinement:             0.519s
Last time for refinement:              0.364s
Average time for analysis:          0.519s
Number of analysis:                49

Counterexample-Check Algorithm statistics
-----------------------------------------
Number of counterexample checks:    0

Code Coverage
-----------------------------
  Visited lines:          6458
  Total lines:            4
  Line coverage:          1614.500

CPAchecker general statistics
-----------------------------
Number of program locations:     2858
Number of CFA edges:             3205
Number of relevant variables:    369
Number of functions:             98
Number of loops:                 2
Size of reached set:             5815
  Number of reached locations:   2039 (71%)
    Avg states per location:     2
    Max states per location:     80 (at node N340)
  Number of reached functions:   46 (47%)
  Number of partitions:          5800
    Avg size of partitions:      1
    Max size of partitions:      4 (with key [N1781 (before /work/ldvuser/novikov/work/current--X--drivers/target/loopback/tcm_loop.ko--X--defaultlinux--X--08_1a--X--cpachecker/linux/csd_deg_dscv/11/dscv_tempdir/dscv/ri/08_1a/drivers/target/loopback/tcm_loop.c.prepared, line 1693), Function ldv_main0_sequence_infinite_withcheck_stateful called from node N1684, stack depth 1 [348d18a3], stack [ldv_main0_sequence_infinite_withcheck_stateful], Init])
  Number of target states:       0

Time for analysis setup:                   2.316s
  Time for loading CPAs:                   0.408s
  Time for impacted traverse:              0.002s
  Time for loading parser:        0.036s
  Time for CFA construction:      1.796s
    Time for parsing file(s):     0.518s
    Time for AST to CFA:          0.677s
    Time for CFA sanity check:    0.000s
    Time for post-processing:     0.420s
      Time for var class.:        0.000s
Time for Analysis:                        29.401s
CPU time for analysis:     58.250s

Time for Garbage Collector:       1.229s (in 21 runs)
Garbage Collector(s) used:    PS MarkSweep, PS Scavenge
Used heap memory:               1230MB (  1173 MiB) max;    341MB (   325 MiB) avg;   1241MB (  1184 MiB) peak
Used non-heap memory:             42MB (    40 MiB) max;     37MB (    35 MiB) avg;     44MB (    42 MiB) peak
Used in PS Old Gen pool:          40MB (    38 MiB) max;     24MB (    23 MiB) avg;     40MB (    38 MiB) peak
Allocated heap memory:          1574MB (  1502 MiB) max;    760MB (   725 MiB) avg
Allocated non-heap memory:        45MB (    43 MiB) max;     40MB (    38 MiB) avg
Total process virtual memory:  13243MB ( 12629 MiB) max;  13239MB ( 12626 MiB) avg

Verification result: TRUE. No property violation found by chosen configuration.
More details about the verification run can be found in the directory "/home/yqs17/blazer/cpachecker-inc-pred/output-ori-final/flat/drivers--target--loopback--tcm_loop.ko.020.0a02043.08_1a.cil_safe.i".
