scripts/cpa.sh -heap 10000M -predicateAnalysis-ABEl-debug -setprop cpa.predicate.refinement.performInitialStaticRefinement=false -disable-java-assertions -outputpath /home/yqs17/blazer/cpachecker-inc-pred/output-ori-final/flat/drivers--media--dvb--ttpci--budget-patch.ko.015.153755a.08_1a.cil_safe.i -stats -spec /home/yqs17/blazer/cpachecker-inc-pred/LDVErrorLabel.spc -entryfunction ldv_main0_sequence_infinite_withcheck_stateful /home/yqs17/blazer/cpachecker-inc-pred/programs-flat/drivers--media--dvb--ttpci--budget-patch.ko.015.153755a.08_1a.cil_safe.i


--------------------------------------------------------------------------------


Running CPAchecker with Java heap of size 10000M.
Running CPAchecker with the following extra VM options:  -Djava.io.tmpdir=/tmp/BenchExec_run__lgmv9dg/tmp
PredicateCPA statistics
-----------------------
Read Precision Time:                0.000s
Precision file size:                0
Write Precision Time:               0.002s
Number of abstractions:            299012 (12% of all post computations)
  Times abstraction was reused:    0
  Because of function entry/exit:  213880 (72%)
  Because of loop head:            85132 (28%)
  Because of join nodes:           0 (0%)
  Because of threshold:            0 (0%)
  Times precision was empty:       298953 (100%)
  Times precision was {false}:     16 (0%)
  Times result was cached:         28 (0%)
  Times cartesian abs was used:    0 (0%)
  Times boolean abs was used:      15 (0%)
  Times result was 'false':        4 (0%)
Number of strengthen sat checks:   3
  Times result was 'false':        0 (0%)
Number of coverage checks:         448065
  BDD entailment checks:           85109
Number of SMT sat checks:          3
  trivial:                         3
  cached:                          0

Max ABE block size:                       104
Number of predicates discovered:          4
Number of abstraction locations:          0
Max number of predicates per location:    0
Avg number of predicates per location:    0
Total predicates per abstraction:         47
Max number of predicates per abstraction: 3
