scripts/cpa.sh -heap 10000M -predicateAnalysis-ABEl-debug -setprop cpa.predicate.refinement.performInitialStaticRefinement=false -disable-java-assertions -outputpath /home/yqs17/blazer/cpachecker-inc-pred/output-ori-final/flat/drivers--input--misc--keyspan_remote.ko.002.1953ea2.08_1a.cil_safe.i -stats -spec /home/yqs17/blazer/cpachecker-inc-pred/LDVErrorLabel.spc -entryfunction ldv_main0_sequence_infinite_withcheck_stateful /home/yqs17/blazer/cpachecker-inc-pred/programs-flat/drivers--input--misc--keyspan_remote.ko.002.1953ea2.08_1a.cil_safe.i


--------------------------------------------------------------------------------


Running CPAchecker with Java heap of size 10000M.
Running CPAchecker with the following extra VM options:  -Djava.io.tmpdir=/tmp/BenchExec_run_ssjgw7ni/tmp
PredicateCPA statistics
-----------------------
Read Precision Time:                0.000s
Precision file size:                0
Write Precision Time:               0.003s
Number of abstractions:            1603 (18% of all post computations)
  Times abstraction was reused:    0
  Because of function entry/exit:  1465 (91%)
  Because of loop head:            138 (9%)
  Because of join nodes:           0 (0%)
  Because of threshold:            0 (0%)
  Times precision was empty:       736 (46%)
  Times precision was {false}:     113 (7%)
  Times result was cached:         461 (29%)
  Times cartesian abs was used:    0 (0%)
  Times boolean abs was used:      293 (18%)
  Times result was 'false':        56 (3%)
Number of strengthen sat checks:   9
  Times result was 'false':        0 (0%)
Number of coverage checks:         1009
  BDD entailment checks:           441
Number of SMT sat checks:          9
  trivial:                         9
  cached:                          0

Max ABE block size:                       19
Number of predicates discovered:          9
Number of abstraction locations:          0
Max number of predicates per location:    0
Avg number of predicates per location:    0
Total predicates per abstraction:         994
Max number of predicates per abstraction: 6
Avg number of predicates per abstraction: 2.45
Number of irrelevant predicates:          508 (51%)
Number of preds handled by boolean abs:   486 (49%)
  Total number of models for allsat:      333
  Max number of models for allsat:        4
  Avg number of models for allsat:        1.14

Number of path formula cache hits:   3602 (38%)

Time for post operator:                  1.327s
  Time for path formula creation:        1.041s
    Actual computation:                  0.939s
Time for strengthen operator:            0.024s
  Time for satisfiability checks:        0.000s
Time for prec operator:                  0.952s
  Time for abstraction:                  0.804s (Max:     0.025s, Count: 1603)
    Boolean abstraction:                 0.223s
    Solving time:                        0.134s (Max:     0.008s)
    Model enumeration time:              0.034s
    Time for BDD construction:           0.013s (Max:     0.001s)
Time for merge operator:                 0.083s
Time for coverage check:                 0.016s
  Time for BDD entailment checks:        0.015s
Total time for SMT solver (w/o itp):     0.168s

Number of BDD nodes:                               294
Size of BDD node table:                            466043
Size of BDD cache:                                 46619
Size of BDD node cleanup queue:                         300 (count: 6742, min: 0, max: 218, avg: 0.04)
Time for BDD node cleanup:                             0.003s
Time for BDD garbage collection:                       0.000s (in 0 runs)

PrecisionBootstrap statistics
-----------------------------
Init. function predicates:                         0
Init. global predicates:                           0
Init. location predicates:                         0

----------------------

AutomatonAnalysis (SVCOMP) statistics
-------------------------------------
Number of states:                                  1
Total time for successor computation:                  0.039s
Automaton transfers with branching:                0
Automaton transfer successors:                         8824 (count: 8824, min: 1, max: 1, avg: 1.00) [1 x 8824]

CPA algorithm statistics
------------------------
Number of iterations:            8200
Max size of waitlist:            18
Average size of waitlist:        10
Number of computed successors:   8824
Max successors for one state:    2
Number of times merged:          284
Number of times stopped:         562
Number of times abs stopped:     278
Number of times nonAbs stopped:  0
Number of times doAbstraction node:  1603
Number of times breaked:         9

Total time for CPA algorithm:         3.163s (Max:     0.677s)
CPU time for CPA algorithm:           6.250s
  Time for choose from waitlist:      0.036s
  Time for precision adjustment:      1.031s
  Time for transfer relation:         1.686s
  Time for merge operator:            0.117s
  Time for stop operator:             0.060s
  Time for adding to reached set:     0.066s

Predicate-Abstraction Refiner statistics
----------------------------------------
Avg. length of target path (in blocks):                 346 (count: 9, min: 10, max: 69, avg: 38.44)
Number of infeasible sliced prefixes:                     0 (count: 0, min: 0, max: 0, avg: 0.00)

Time for refinement:                                   1.070s
  Counterexample analysis:                0.983s (Max:     0.309s, Calls: 9)
    Refinement sat check:                 0.214s
    Interpolant computation:              0.000s
  Error path post-processing:                          0.000s
  Path-formulas extraction:                            0.000s
  Building the counterexample trace:                   0.985s
  Extracting precise counterexample:                   0.000s
  Extracting infeasible sliced prefixes:               0.000s
  Selecting infeasible sliced prefixes:                0.000s
  Predicate creation:                                  0.010s
  Precision update:                                    0.002s
  ARG update:                                          0.063s

Length of refined path (in blocks):                     222 (count: 9, min: 6, max: 68, avg: 24.67)
Number of affected states:                              150 (count: 9, min: 1, max: 67, avg: 16.67)
Length (states) of path with itp 'true':                 63 (count: 9, min: 0, max: 35, avg: 7.00)
Length (states) of path with itp non-trivial itp:       150 (count: 9, min: 1, max: 67, avg: 16.67)
Length (states) of path with itp 'false':                 9 (count: 9, min: 1, max: 1, avg: 1.00)
Different non-trivial interpolants along paths:           2 (count: 9, min: 0, max: 2, avg: 0.22)
Equal non-trivial interpolants along paths:             139 (count: 9, min: 0, max: 66, avg: 15.44)
Different precisions along paths:                         0 (count: 0, min: 0, max: 0, avg: 0.00)
Equal precisions along paths:                             0 (count: 0, min: 0, max: 0, avg: 0.00)
Number of refs with location-based cutoff:                0

CEGAR algorithm statistics
--------------------------
Number of refinements:                9
Lazy expansion status:                false
Expansion times:                      0
Total path lengths:                   6463
SP times:                             0
Number of added holes:                0
Number of successful refinements:     9
Number of failed refinements:         0
Max. size of reached set before ref.: 1772
Max. size of reached set after ref.:  923
Avg. size of reached set before ref.: 1440.67
Avg. size of reached set after ref.:  643.22

Total time for CEGAR algorithm:       4.259s
CPU time for CEGAR algorithm:         8.400s
Time for refinements:                 1.094s
CPU time for refinements:             2.150s
Average time for refinement:          0.121s
Max time for refinement:              0.316s
First time for refinement:             0.316s
Last time for refinement:              0.153s
Average time for analysis:          0.316s
Number of analysis:                10

Counterexample-Check Algorithm statistics
-----------------------------------------
Number of counterexample checks:    0

Code Coverage
-----------------------------
  Visited lines:          2792
  Total lines:            5
  Line coverage:          558.400

CPAchecker general statistics
-----------------------------
Number of program locations:     1225
Number of CFA edges:             1358
Number of relevant variables:    140
Number of functions:             43
Number of loops:                 9
Size of reached set:             1030
  Number of reached locations:   893 (73%)
    Avg states per location:     1
    Max states per location:     6 (at node N509)
  Number of reached functions:   26 (60%)
  Number of partitions:          1025
    Avg size of partitions:      1
    Max size of partitions:      2 (with key [N731 (before /work/ldvuser/novikov/work/current--X--drivers/input/misc/keyspan_remote.ko--X--defaultlinux--X--08_1a--X--cpachecker/linux/csd_deg_dscv/10/dscv_tempdir/dscv/ri/08_1a/drivers/input/misc/keyspan_remote.c.prepared, line 751), Function ldv_main0_sequence_infinite_withcheck_stateful called from node N679, stack depth 1 [3bd7f8dc], stack [ldv_main0_sequence_infinite_withcheck_stateful], Init])
  Number of target states:       0

Time for analysis setup:                   1.678s
  Time for loading CPAs:                   0.373s
  Time for impacted traverse:              0.002s
  Time for loading parser:        0.033s
  Time for CFA construction:      1.196s
    Time for parsing file(s):     0.410s
    Time for AST to CFA:          0.378s
    Time for CFA sanity check:    0.000s
    Time for post-processing:     0.280s
      Time for var class.:        0.000s
Time for Analysis:                         4.261s
CPU time for analysis:      8.400s

Time for Garbage Collector:       0.218s (in 7 runs)
Garbage Collector(s) used:    PS MarkSweep, PS Scavenge
Used heap memory:                181MB (   173 MiB) max;     66MB (    63 MiB) avg;    191MB (   182 MiB) peak
Used non-heap memory:             35MB (    33 MiB) max;     29MB (    27 MiB) avg;     37MB (    36 MiB) peak
Used in PS Old Gen pool:          24MB (    23 MiB) max;     14MB (    14 MiB) avg;     25MB (    24 MiB) peak
Allocated heap memory:           356MB (   340 MiB) max;    222MB (   212 MiB) avg
Allocated non-heap memory:        38MB (    36 MiB) max;     31MB (    29 MiB) avg
Total process virtual memory:  13241MB ( 12627 MiB) max;  13237MB ( 12624 MiB) avg

Verification result: TRUE. No property violation found by chosen configuration.
More details about the verification run can be found in the directory "/home/yqs17/blazer/cpachecker-inc-pred/output-ori-final/flat/drivers--input--misc--keyspan_remote.ko.002.1953ea2.08_1a.cil_safe.i".
