scripts/cpa.sh -heap 10000M -predicateAnalysis-ABEl-debug -setprop cpa.predicate.refinement.performInitialStaticRefinement=false -disable-java-assertions -outputpath /home/yqs17/blazer/cpachecker-inc-pred/output-ori-final/flat/drivers--block--drbd--drbd.ko.428.a7e546f.32_7a.cil_safe.i -stats -spec /home/yqs17/blazer/cpachecker-inc-pred/LDVErrorLabel.spc -entryfunction ldv_main0_sequence_infinite_withcheck_stateful /home/yqs17/blazer/cpachecker-inc-pred/programs-flat/drivers--block--drbd--drbd.ko.428.a7e546f.32_7a.cil_safe.i


--------------------------------------------------------------------------------


Running CPAchecker with Java heap of size 10000M.
Running CPAchecker with the following extra VM options:  -Djava.io.tmpdir=/tmp/BenchExec_run_c9dw_woo/tmp
PredicateCPA statistics
-----------------------
Read Precision Time:                0.000s
Precision file size:                0
Write Precision Time:               0.003s
Number of abstractions:            588 (11% of all post computations)
  Times abstraction was reused:    0
  Because of function entry/exit:  497 (85%)
  Because of loop head:            91 (15%)
  Because of join nodes:           0 (0%)
  Because of threshold:            0 (0%)
  Times precision was empty:       111 (19%)
  Times precision was {false}:     52 (9%)
  Times result was cached:         206 (35%)
  Times cartesian abs was used:    0 (0%)
  Times boolean abs was used:      219 (37%)
  Times result was 'false':        151 (26%)
Number of strengthen sat checks:   16
  Times result was 'false':        0 (0%)
Number of coverage checks:         414
  BDD entailment checks:           174
Number of SMT sat checks:          16
  trivial:                         16
  cached:                          0

Max ABE block size:                       60
Number of predicates discovered:          11
Number of abstraction locations:          0
Max number of predicates per location:    0
Avg number of predicates per location:    0
Total predicates per abstraction:         1509
Max number of predicates per abstraction: 10
Avg number of predicates per abstraction: 5.57
Number of irrelevant predicates:          443 (29%)
Number of preds handled by boolean abs:   1066 (71%)
  Total number of models for allsat:      238
  Max number of models for allsat:        2
  Avg number of models for allsat:        1.09

Number of path formula cache hits:   3220 (55%)

Time for post operator:                  1.324s
  Time for path formula creation:        0.951s
    Actual computation:                  0.830s
Time for strengthen operator:            0.022s
  Time for satisfiability checks:        0.000s
Time for prec operator:                  0.975s
  Time for abstraction:                  0.881s (Max:     0.146s, Count: 588)
    Boolean abstraction:                 0.382s
    Solving time:                        0.202s (Max:     0.121s)
    Model enumeration time:              0.029s
    Time for BDD construction:           0.020s (Max:     0.003s)
Time for merge operator:                 0.008s
Time for coverage check:                 0.011s
  Time for BDD entailment checks:        0.011s
Total time for SMT solver (w/o itp):     0.231s

Number of BDD nodes:                               572
Size of BDD node table:                            466043
Size of BDD cache:                                 46619
Size of BDD node cleanup queue:                         643 (count: 100951, min: 0, max: 558, avg: 0.01)
Time for BDD node cleanup:                             0.012s
Time for BDD garbage collection:                       0.000s (in 0 runs)

PrecisionBootstrap statistics
-----------------------------
Init. function predicates:                         0
Init. global predicates:                           0
Init. location predicates:                         0

----------------------

AutomatonAnalysis (SVCOMP) statistics
-------------------------------------
Number of states:                                  1
Total time for successor computation:                  0.049s
Automaton transfers with branching:                0
Automaton transfer successors:                         5350 (count: 5350, min: 1, max: 1, avg: 1.00) [1 x 5350]

CPA algorithm statistics
------------------------
Number of iterations:            4927
Max size of waitlist:            9
Average size of waitlist:        3
Number of computed successors:   5350
Max successors for one state:    2
Number of times merged:          120
Number of times stopped:         226
Number of times abs stopped:     106
Number of times nonAbs stopped:  0
Number of times doAbstraction node:  588
Number of times breaked:         16

Total time for CPA algorithm:         2.852s (Max:     1.191s)
CPU time for CPA algorithm:           5.620s
  Time for choose from waitlist:      0.017s
  Time for precision adjustment:      1.024s
  Time for transfer relation:         1.574s
  Time for merge operator:            0.019s
  Time for stop operator:             0.050s
  Time for adding to reached set:     0.037s

Predicate-Abstraction Refiner statistics
----------------------------------------
Avg. length of target path (in blocks):                 176 (count: 16, min: 6, max: 16, avg: 11.00)
Number of infeasible sliced prefixes:                     0 (count: 0, min: 0, max: 0, avg: 0.00)

Time for refinement:                                   1.633s
  Counterexample analysis:                1.512s (Max:     0.288s, Calls: 16)
    Refinement sat check:                 0.716s
    Interpolant computation:              0.000s
  Error path post-processing:                          0.000s
  Path-formulas extraction:                            0.000s
  Building the counterexample trace:                   1.513s
  Extracting precise counterexample:                   0.000s
  Extracting infeasible sliced prefixes:               0.000s
  Selecting infeasible sliced prefixes:                0.000s
  Predicate creation:                                  0.014s
  Precision update:                                    0.004s
  ARG update:                                          0.047s

Length of refined path (in blocks):                     155 (count: 16, min: 4, max: 15, avg: 9.69)
Number of affected states:                              125 (count: 16, min: 3, max: 13, avg: 7.81)
Length (states) of path with itp 'true':                 14 (count: 16, min: 0, max: 1, avg: 0.88)
Length (states) of path with itp non-trivial itp:       125 (count: 16, min: 3, max: 13, avg: 7.81)
Length (states) of path with itp 'false':                16 (count: 16, min: 1, max: 1, avg: 1.00)
Different non-trivial interpolants along paths:           2 (count: 16, min: 0, max: 2, avg: 0.13)
Equal non-trivial interpolants along paths:             107 (count: 16, min: 2, max: 12, avg: 6.69)
Different precisions along paths:                         0 (count: 0, min: 0, max: 0, avg: 0.00)
Equal precisions along paths:                             0 (count: 0, min: 0, max: 0, avg: 0.00)
Number of refs with location-based cutoff:                0

CEGAR algorithm statistics
--------------------------
Number of refinements:                16
Lazy expansion status:                false
Expansion times:                      0
Total path lengths:                   36756
SP times:                             0
Number of added holes:                0
Number of successful refinements:     16
Number of failed refinements:         0
Max. size of reached set before ref.: 2445
Max. size of reached set after ref.:  2249
Avg. size of reached set before ref.: 2408.88
Avg. size of reached set after ref.:  2247.75

Total time for CEGAR algorithm:       4.577s
CPU time for CEGAR algorithm:         9.070s
Time for refinements:                 1.724s
CPU time for refinements:             3.440s
Average time for refinement:          0.107s
Max time for refinement:              0.323s
First time for refinement:             0.167s
Last time for refinement:              0.086s
Average time for analysis:          0.167s
Number of analysis:                17

Counterexample-Check Algorithm statistics
-----------------------------------------
Number of counterexample checks:    0

Code Coverage
-----------------------------
  Visited lines:          6806
  Total lines:            28
  Line coverage:          243.071

CPAchecker general statistics
-----------------------------
Number of program locations:     33077
Number of CFA edges:             45347
Number of relevant variables:    6280
Number of functions:             885
Number of loops:                 188
Size of reached set:             2396
  Number of reached locations:   2338 (7%)
    Avg states per location:     1
    Max states per location:     4 (at node N3169)
  Number of reached functions:   7 (1%)
  Number of partitions:          2395
    Avg size of partitions:      1
    Max size of partitions:      2 (with key [N3171 (before /work/ldvuser/novikov/work/current--X--drivers/block/drbd/drbd.ko--X--defaultlinux--X--32_7a--X--cpachecker/linux/csd_deg_dscv/20/dscv_tempdir/dscv/ri/32_7a/drivers/block/drbd/drbd_proc.c.prepared, line 462), Function ldv_main0_sequence_infinite_withcheck_stateful called from node N3126, stack depth 1 [17994ef8], stack [ldv_main0_sequence_infinite_withcheck_stateful], Init])
  Number of target states:       0

Time for analysis setup:                   8.291s
  Time for loading CPAs:                   0.631s
  Time for impacted traverse:              0.002s
  Time for loading parser:        0.037s
  Time for CFA construction:      7.526s
    Time for parsing file(s):     1.294s
    Time for AST to CFA:          2.423s
    Time for CFA sanity check:    0.002s
    Time for post-processing:     3.192s
      Time for var class.:        0.000s
Time for Analysis:                         4.580s
CPU time for analysis:      9.080s

Time for Garbage Collector:       0.901s (in 10 runs)
Garbage Collector(s) used:    PS MarkSweep, PS Scavenge
Used heap memory:                374MB (   357 MiB) max;    157MB (   150 MiB) avg;    394MB (   376 MiB) peak
Used non-heap memory:             43MB (    41 MiB) max;     30MB (    29 MiB) avg;     45MB (    43 MiB) peak
Used in PS Old Gen pool:          59MB (    56 MiB) max;     47MB (    45 MiB) avg;     79MB (    75 MiB) peak
Allocated heap memory:           488MB (   465 MiB) max;    354MB (   337 MiB) avg
Allocated non-heap memory:        44MB (    42 MiB) max;     31MB (    29 MiB) avg
Total process virtual memory:  13240MB ( 12627 MiB) max;  13235MB ( 12622 MiB) avg

Verification result: TRUE. No property violation found by chosen configuration.
More details about the verification run can be found in the directory "/home/yqs17/blazer/cpachecker-inc-pred/output-ori-final/flat/drivers--block--drbd--drbd.ko.428.a7e546f.32_7a.cil_safe.i".
