scripts/cpa.sh -heap 10000M -predicateAnalysis-ABEl-debug -setprop cpa.predicate.refinement.performInitialStaticRefinement=false -disable-java-assertions -outputpath /home/yqs17/blazer/cpachecker-inc-pred/output-ori-final/flat/drivers--mtd--devices--slram.ko.017.9ffc93f.39_7a.cil_safe.i -stats -spec /home/yqs17/blazer/cpachecker-inc-pred/LDVErrorLabel.spc -entryfunction ldv_main0_sequence_infinite_withcheck_stateful /home/yqs17/blazer/cpachecker-inc-pred/programs-flat/drivers--mtd--devices--slram.ko.017.9ffc93f.39_7a.cil_safe.i


--------------------------------------------------------------------------------


Running CPAchecker with Java heap of size 10000M.
Running CPAchecker with the following extra VM options:  -Djava.io.tmpdir=/tmp/BenchExec_run_pfwzzxaf/tmp
PredicateCPA statistics
-----------------------
Read Precision Time:                0.000s
Precision file size:                0
Write Precision Time:               0.004s
Number of abstractions:            2773 (15% of all post computations)
  Times abstraction was reused:    0
  Because of function entry/exit:  2200 (79%)
  Because of loop head:            573 (21%)
  Because of join nodes:           0 (0%)
  Because of threshold:            0 (0%)
  Times precision was empty:       1018 (37%)
  Times precision was {false}:     97 (3%)
  Times result was cached:         854 (31%)
  Times cartesian abs was used:    0 (0%)
  Times boolean abs was used:      804 (29%)
  Times result was 'false':        196 (7%)
Number of strengthen sat checks:   18
  Times result was 'false':        0 (0%)
Number of coverage checks:         2651
  BDD entailment checks:           1131
Number of SMT sat checks:          18
  trivial:                         18
  cached:                          0

Max ABE block size:                       17
Number of predicates discovered:          11
Number of abstraction locations:          0
Max number of predicates per location:    0
Avg number of predicates per location:    0
Total predicates per abstraction:         4142
Max number of predicates per abstraction: 9
Avg number of predicates per abstraction: 4.60
Number of irrelevant predicates:          1202 (29%)
Number of preds handled by boolean abs:   2940 (71%)
  Total number of models for allsat:      803
  Max number of models for allsat:        2
  Avg number of models for allsat:        1.00

Number of path formula cache hits:   16224 (79%)

Time for post operator:                  1.546s
  Time for path formula creation:        0.950s
    Actual computation:                  0.845s
Time for strengthen operator:            0.041s
  Time for satisfiability checks:        0.000s
Time for prec operator:                  2.103s
  Time for abstraction:                  1.852s (Max:     0.018s, Count: 2773)
    Boolean abstraction:                 0.588s
    Solving time:                        0.274s (Max:     0.016s)
    Model enumeration time:              0.027s
    Time for BDD construction:           0.024s (Max:     0.006s)
Time for merge operator:                 0.085s
Time for coverage check:                 0.025s
  Time for BDD entailment checks:        0.025s
Total time for SMT solver (w/o itp):     0.301s

Number of BDD nodes:                               554
Size of BDD node table:                            466043
Size of BDD cache:                                 46619
Size of BDD node cleanup queue:                        1069 (count: 10455, min: 0, max: 417, avg: 0.10)
Time for BDD node cleanup:                             0.004s
Time for BDD garbage collection:                       0.000s (in 0 runs)

PrecisionBootstrap statistics
-----------------------------
Init. function predicates:                         0
Init. global predicates:                           0
Init. location predicates:                         0

----------------------

AutomatonAnalysis (SVCOMP) statistics
-------------------------------------
Number of states:                                  1
Total time for successor computation:                  0.067s
Automaton transfers with branching:                0
Automaton transfer successors:                        17907 (count: 17907, min: 1, max: 1, avg: 1.00) [1 x 17907]

CPA algorithm statistics
------------------------
Number of iterations:            16181
Max size of waitlist:            21
Average size of waitlist:        11
Number of computed successors:   17907
Max successors for one state:    2
Number of times merged:          760
Number of times stopped:         1473
Number of times abs stopped:     713
Number of times nonAbs stopped:  0
Number of times doAbstraction node:  2773
Number of times breaked:         18

Total time for CPA algorithm:         5.009s (Max:     0.735s)
CPU time for CPA algorithm:           9.900s
  Time for choose from waitlist:      0.049s
  Time for precision adjustment:      2.219s
  Time for transfer relation:         2.082s
  Time for merge operator:            0.155s
  Time for stop operator:             0.093s
  Time for adding to reached set:     0.120s

Predicate-Abstraction Refiner statistics
----------------------------------------
Avg. length of target path (in blocks):                 458 (count: 18, min: 14, max: 38, avg: 25.44)
Number of infeasible sliced prefixes:                     0 (count: 0, min: 0, max: 0, avg: 0.00)

Time for refinement:                                   1.146s
  Counterexample analysis:                1.017s (Max:     0.180s, Calls: 18)
    Refinement sat check:                 0.374s
    Interpolant computation:              0.000s
  Error path post-processing:                          0.000s
  Path-formulas extraction:                            0.000s
  Building the counterexample trace:                   1.017s
  Extracting precise counterexample:                   0.000s
  Extracting infeasible sliced prefixes:               0.000s
  Selecting infeasible sliced prefixes:                0.000s
  Predicate creation:                                  0.006s
  Precision update:                                    0.005s
  ARG update:                                          0.093s

Length of refined path (in blocks):                     392 (count: 18, min: 5, max: 37, avg: 21.78)
Number of affected states:                              305 (count: 18, min: 0, max: 35, avg: 16.94)
Length (states) of path with itp 'true':                 69 (count: 18, min: 1, max: 19, avg: 3.83)
Length (states) of path with itp non-trivial itp:       305 (count: 18, min: 0, max: 35, avg: 16.94)
Length (states) of path with itp 'false':                18 (count: 18, min: 1, max: 1, avg: 1.00)
Different non-trivial interpolants along paths:           0 (count: 18, min: 0, max: 0, avg: 0.00)
Equal non-trivial interpolants along paths:             288 (count: 18, min: 0, max: 34, avg: 16.00)
Different precisions along paths:                         0 (count: 0, min: 0, max: 0, avg: 0.00)
Equal precisions along paths:                             0 (count: 0, min: 0, max: 0, avg: 0.00)
Number of refs with location-based cutoff:                0

CEGAR algorithm statistics
--------------------------
Number of refinements:                18
Lazy expansion status:                false
Expansion times:                      0
Total path lengths:                   13057
SP times:                             0
Number of added holes:                0
Number of successful refinements:     18
Number of failed refinements:         0
Max. size of reached set before ref.: 1660
Max. size of reached set after ref.:  1438
Avg. size of reached set before ref.: 1552.44
Avg. size of reached set after ref.:  738.78

Total time for CEGAR algorithm:       6.211s
CPU time for CEGAR algorithm:        12.290s
Time for refinements:                 1.197s
CPU time for refinements:             2.380s
Average time for refinement:          0.066s
Max time for refinement:              0.197s
First time for refinement:             0.263s
Last time for refinement:              0.319s
Average time for analysis:          0.263s
Number of analysis:                19

Counterexample-Check Algorithm statistics
-----------------------------------------
Number of counterexample checks:    0

Code Coverage
-----------------------------
  Visited lines:          2648
  Total lines:            5
  Line coverage:          529.600

CPAchecker general statistics
-----------------------------
Number of program locations:     1391
Number of CFA edges:             1513
Number of relevant variables:    127
Number of functions:             69
Number of loops:                 5
Size of reached set:             1593
  Number of reached locations:   859 (62%)
    Avg states per location:     1
    Max states per location:     16 (at node N93)
  Number of reached functions:   12 (17%)
  Number of partitions:          1586
    Avg size of partitions:      1
    Max size of partitions:      3 (with key [N279 (before /work/ldvuser/novikov/work/current--X--drivers/mtd/devices/slram.ko--X--defaultlinux--X--39_7a--X--cpachecker/linux/csd_deg_dscv/11/dscv_tempdir/dscv/ri/39_7a/drivers/mtd/devices/slram.c.prepared, line 403), Function init_slram called from node N321, stack depth 2 [41538150], stack [ldv_main0_sequence_infinite_withcheck_stateful, init_slram], Init])
  Number of target states:       0

Time for analysis setup:                   1.600s
  Time for loading CPAs:                   0.332s
  Time for impacted traverse:              0.002s
  Time for loading parser:        0.028s
  Time for CFA construction:      1.171s
    Time for parsing file(s):     0.367s
    Time for AST to CFA:          0.415s
    Time for CFA sanity check:    0.001s
    Time for post-processing:     0.253s
      Time for var class.:        0.000s
Time for Analysis:                         6.213s
CPU time for analysis:     12.300s

Time for Garbage Collector:       0.244s (in 9 runs)
Garbage Collector(s) used:    PS MarkSweep, PS Scavenge
Used heap memory:                234MB (   223 MiB) max;     82MB (    78 MiB) avg;    246MB (   234 MiB) peak
Used non-heap memory:             36MB (    34 MiB) max;     31MB (    29 MiB) avg;     39MB (    37 MiB) peak
Used in PS Old Gen pool:          25MB (    23 MiB) max;     17MB (    16 MiB) avg;     25MB (    24 MiB) peak
Allocated heap memory:           411MB (   392 MiB) max;    252MB (   241 MiB) avg
Allocated non-heap memory:        39MB (    37 MiB) max;     33MB (    31 MiB) avg
Total process virtual memory:  13240MB ( 12627 MiB) max;  13238MB ( 12624 MiB) avg

Verification result: TRUE. No property violation found by chosen configuration.
More details about the verification run can be found in the directory "/home/yqs17/blazer/cpachecker-inc-pred/output-ori-final/flat/drivers--mtd--devices--slram.ko.017.9ffc93f.39_7a.cil_safe.i".
