scripts/cpa.sh -heap 10000M -predicateAnalysis-ABEl-debug -setprop cpa.predicate.refinement.performInitialStaticRefinement=false -disable-java-assertions -outputpath /home/yqs17/blazer/cpachecker-inc-pred/output-ori-final/flat/drivers--input--mouse--vsxxxaa.ko.012.21602325.43_1a.cil_safe.i -stats -spec /home/yqs17/blazer/cpachecker-inc-pred/LDVErrorLabel.spc -entryfunction ldv_main0_sequence_infinite_withcheck_stateful /home/yqs17/blazer/cpachecker-inc-pred/programs-flat/drivers--input--mouse--vsxxxaa.ko.012.21602325.43_1a.cil_safe.i


--------------------------------------------------------------------------------


Running CPAchecker with Java heap of size 10000M.
Running CPAchecker with the following extra VM options:  -Djava.io.tmpdir=/tmp/BenchExec_run_6e5kviku/tmp
PredicateCPA statistics
-----------------------
Read Precision Time:                0.000s
Precision file size:                0
Write Precision Time:               0.002s
Number of abstractions:            6179 (19% of all post computations)
  Times abstraction was reused:    0
  Because of function entry/exit:  5333 (86%)
  Because of loop head:            846 (14%)
  Because of join nodes:           0 (0%)
  Because of threshold:            0 (0%)
  Times precision was empty:       158 (3%)
  Times precision was {false}:     183 (3%)
  Times result was cached:         5139 (83%)
  Times cartesian abs was used:    0 (0%)
  Times boolean abs was used:      699 (11%)
  Times result was 'false':        430 (7%)
Number of strengthen sat checks:   18
  Times result was 'false':        0 (0%)
Number of coverage checks:         4571
  BDD entailment checks:           1537
Number of SMT sat checks:          18
  trivial:                         18
  cached:                          0

Max ABE block size:                       23
Number of predicates discovered:          11
Number of abstraction locations:          0
Max number of predicates per location:    0
Avg number of predicates per location:    0
Total predicates per abstraction:         1732
Max number of predicates per abstraction: 6
Avg number of predicates per abstraction: 1.96
Number of irrelevant predicates:          835 (48%)
Number of preds handled by boolean abs:   897 (52%)
  Total number of models for allsat:      718
  Max number of models for allsat:        3
  Avg number of models for allsat:        1.03

Number of path formula cache hits:   16102 (44%)

Time for post operator:                  2.660s
  Time for path formula creation:        1.847s
    Actual computation:                  1.611s
Time for strengthen operator:            0.059s
  Time for satisfiability checks:        0.002s
Time for prec operator:                  1.928s
  Time for abstraction:                  1.603s (Max:     0.024s, Count: 6179)
    Boolean abstraction:                 0.308s
    Solving time:                        0.188s (Max:     0.006s)
    Model enumeration time:              0.020s
    Time for BDD construction:           0.032s (Max:     0.004s)
Time for merge operator:                 0.207s
Time for coverage check:                 0.023s
  Time for BDD entailment checks:        0.018s
Total time for SMT solver (w/o itp):     0.208s

Number of BDD nodes:                               318
Size of BDD node table:                            466043
Size of BDD cache:                                 46619
Size of BDD node cleanup queue:                         773 (count: 8220, min: 0, max: 182, avg: 0.09)
Time for BDD node cleanup:                             0.004s
Time for BDD garbage collection:                       0.000s (in 0 runs)

PrecisionBootstrap statistics
-----------------------------
Init. function predicates:                         0
Init. global predicates:                           0
Init. location predicates:                         0

----------------------

AutomatonAnalysis (SVCOMP) statistics
-------------------------------------
Number of states:                                  1
Total time for successor computation:                  0.049s
Automaton transfers with branching:                0
Automaton transfer successors:                        33398 (count: 33398, min: 1, max: 1, avg: 1.00) [1 x 33398]

CPA algorithm statistics
------------------------
Number of iterations:            30264
Max size of waitlist:            24
Average size of waitlist:        14
Number of computed successors:   33398
Max successors for one state:    2
Number of times merged:          1517
Number of times stopped:         2434
Number of times abs stopped:     917
Number of times nonAbs stopped:  0
Number of times doAbstraction node:  6179
Number of times breaked:         18

Total time for CPA algorithm:         6.752s (Max:     0.706s)
CPU time for CPA algorithm:          13.370s
  Time for choose from waitlist:      0.051s
  Time for precision adjustment:      2.094s
  Time for transfer relation:         3.509s
  Time for merge operator:            0.311s
  Time for stop operator:             0.133s
  Time for adding to reached set:     0.188s

Predicate-Abstraction Refiner statistics
----------------------------------------
Avg. length of target path (in blocks):                1203 (count: 18, min: 33, max: 96, avg: 66.83)
Number of infeasible sliced prefixes:                     0 (count: 0, min: 0, max: 0, avg: 0.00)

Time for refinement:                                   2.774s
  Counterexample analysis:                2.555s (Max:     0.290s, Calls: 18)
    Refinement sat check:                 0.399s
    Interpolant computation:              0.000s
  Error path post-processing:                          0.000s
  Path-formulas extraction:                            0.002s
  Building the counterexample trace:                   2.556s
  Extracting precise counterexample:                   0.000s
  Extracting infeasible sliced prefixes:               0.000s
  Selecting infeasible sliced prefixes:                0.000s
  Predicate creation:                                  0.013s
  Precision update:                                    0.009s
  ARG update:                                          0.165s

Length of refined path (in blocks):                     705 (count: 18, min: 6, max: 62, avg: 39.17)
Number of affected states:                              544 (count: 18, min: 1, max: 61, avg: 30.22)
Length (states) of path with itp 'true':                143 (count: 18, min: 0, max: 42, avg: 7.94)
Length (states) of path with itp non-trivial itp:       544 (count: 18, min: 1, max: 61, avg: 30.22)
Length (states) of path with itp 'false':                18 (count: 18, min: 1, max: 1, avg: 1.00)
Different non-trivial interpolants along paths:           1 (count: 18, min: 0, max: 1, avg: 0.06)
Equal non-trivial interpolants along paths:             525 (count: 18, min: 0, max: 60, avg: 29.17)
Different precisions along paths:                         0 (count: 0, min: 0, max: 0, avg: 0.00)
Equal precisions along paths:                             0 (count: 0, min: 0, max: 0, avg: 0.00)
Number of refs with location-based cutoff:                0

CEGAR algorithm statistics
--------------------------
Number of refinements:                18
Lazy expansion status:                false
Expansion times:                      0
Total path lengths:                   12700
SP times:                             1
Number of added holes:                0
Number of successful refinements:     18
Number of failed refinements:         0
Max. size of reached set before ref.: 3771
Max. size of reached set after ref.:  2604
Avg. size of reached set before ref.: 2290.83
Avg. size of reached set after ref.:  665.00

Total time for CEGAR algorithm:       9.579s
CPU time for CEGAR algorithm:        18.950s
Time for refinements:                 2.824s
CPU time for refinements:             5.570s
Average time for refinement:          0.156s
Max time for refinement:              0.305s
First time for refinement:             0.355s
Last time for refinement:              0.081s
Average time for analysis:          0.355s
Number of analysis:                19

Counterexample-Check Algorithm statistics
-----------------------------------------
Number of counterexample checks:    0

Code Coverage
-----------------------------
  Visited lines:          1820
  Total lines:            13
  Line coverage:          140.000

CPAchecker general statistics
-----------------------------
Number of program locations:     872
Number of CFA edges:             1020
Number of relevant variables:    121
Number of functions:             36
Number of loops:                 6
Size of reached set:             1270
  Number of reached locations:   765 (88%)
    Avg states per location:     1
    Max states per location:     12 (at node N5)
  Number of reached functions:   23 (64%)
  Number of partitions:          1266
    Avg size of partitions:      1
    Max size of partitions:      3 (with key [N256 (before /work/ldvuser/novikov/work/current--X--drivers/input/mouse/vsxxxaa.ko--X--defaultlinux--X--43_1a--X--cpachecker/linux/csd_deg_dscv/11/dscv_tempdir/dscv/ri/43_1a/drivers/input/mouse/vsxxxaa.c.prepared, line 397), Function vsxxxaa_handle_POR_packet called from node N324, stack depth 4 [60bd3a8b], stack [ldv_main0_sequence_infinite_withcheck_stateful, vsxxxaa_interrupt, vsxxxaa_parse_buffer, vsxxxaa_handle_POR_packet], Init])
  Number of target states:       0

Time for analysis setup:                   1.560s
  Time for loading CPAs:                   0.398s
  Time for impacted traverse:              0.002s
  Time for loading parser:        0.034s
  Time for CFA construction:      1.044s
    Time for parsing file(s):     0.344s
    Time for AST to CFA:          0.394s
    Time for CFA sanity check:    0.000s
    Time for post-processing:     0.209s
      Time for var class.:        0.000s
Time for Analysis:                         9.580s
CPU time for analysis:     18.960s

Time for Garbage Collector:       0.280s (in 11 runs)
Garbage Collector(s) used:    PS MarkSweep, PS Scavenge
Used heap memory:                429MB (   409 MiB) max;    133MB (   127 MiB) avg;    442MB (   421 MiB) peak
Used non-heap memory:             37MB (    36 MiB) max;     32MB (    31 MiB) avg;     40MB (    38 MiB) peak
Used in PS Old Gen pool:          25MB (    24 MiB) max;     16MB (    16 MiB) avg;     25MB (    24 MiB) peak
Allocated heap memory:           646MB (   617 MiB) max;    347MB (   331 MiB) avg
Allocated non-heap memory:        40MB (    38 MiB) max;     35MB (    33 MiB) avg
Total process virtual memory:  13241MB ( 12628 MiB) max;  13238MB ( 12625 MiB) avg

Verification result: TRUE. No property violation found by chosen configuration.
More details about the verification run can be found in the directory "/home/yqs17/blazer/cpachecker-inc-pred/output-ori-final/flat/drivers--input--mouse--vsxxxaa.ko.012.21602325.43_1a.cil_safe.i".
