scripts/cpa.sh -heap 10000M -predicateAnalysis-ABEl-debug -setprop cpa.predicate.refinement.performInitialStaticRefinement=false -disable-java-assertions -outputpath /home/yqs17/blazer/cpachecker-inc-pred/output-ori-final/flat/drivers--hwmon--it87.ko.089.4573acb.08_1a.cil_safe.i -stats -spec /home/yqs17/blazer/cpachecker-inc-pred/LDVErrorLabel.spc -entryfunction ldv_main0_sequence_infinite_withcheck_stateful /home/yqs17/blazer/cpachecker-inc-pred/programs-flat/drivers--hwmon--it87.ko.089.4573acb.08_1a.cil_safe.i


--------------------------------------------------------------------------------


Running CPAchecker with Java heap of size 10000M.
Running CPAchecker with the following extra VM options:  -Djava.io.tmpdir=/tmp/BenchExec_run_w9ggde8g/tmp
PredicateCPA statistics
-----------------------
Read Precision Time:                0.000s
Precision file size:                0
Write Precision Time:               0.002s
Number of abstractions:            77779 (16% of all post computations)
  Times abstraction was reused:    0
  Because of function entry/exit:  60444 (78%)
  Because of loop head:            17335 (22%)
  Because of join nodes:           0 (0%)
  Because of threshold:            0 (0%)
  Times precision was empty:       23318 (30%)
  Times precision was {false}:     1196 (2%)
  Times result was cached:         49971 (64%)
  Times cartesian abs was used:    0 (0%)
  Times boolean abs was used:      3294 (4%)
  Times result was 'false':        2234 (3%)
Number of strengthen sat checks:   29
  Times result was 'false':        0 (0%)
Number of coverage checks:         109527
  BDD entailment checks:           22385
Number of SMT sat checks:          29
  trivial:                         29
  cached:                          0

Max ABE block size:                       177
Number of predicates discovered:          15
Number of abstraction locations:          0
Max number of predicates per location:    0
Avg number of predicates per location:    0
Total predicates per abstraction:         13295
Max number of predicates per abstraction: 8
Avg number of predicates per abstraction: 2.96
Number of irrelevant predicates:          7526 (57%)
Number of preds handled by boolean abs:   5769 (43%)
  Total number of models for allsat:      3781
  Max number of models for allsat:        6
  Avg number of models for allsat:        1.15

Number of path formula cache hits:   297318 (54%)

Time for post operator:                 35.672s
  Time for path formula creation:       31.487s
    Actual computation:                 24.175s
Time for strengthen operator:            0.337s
  Time for satisfiability checks:        0.000s
Time for prec operator:                 16.276s
  Time for abstraction:                 11.945s (Max:     0.662s, Count: 77779)
    Boolean abstraction:                 3.218s
    Solving time:                        3.087s (Max:     0.544s)
    Model enumeration time:              0.187s
    Time for BDD construction:           0.070s (Max:     0.001s)
Time for merge operator:                17.933s
Time for coverage check:                 0.044s
  Time for BDD entailment checks:        0.028s
Total time for SMT solver (w/o itp):     3.274s

Number of BDD nodes:                               647
Size of BDD node table:                            466043
Size of BDD cache:                                 46619
Size of BDD node cleanup queue:                        3547 (count: 78628, min: 0, max: 664, avg: 0.05)
Time for BDD node cleanup:                             0.005s
Time for BDD garbage collection:                       0.000s (in 0 runs)

PrecisionBootstrap statistics
-----------------------------
Init. function predicates:                         0
Init. global predicates:                           0
Init. location predicates:                         0

----------------------

AutomatonAnalysis (SVCOMP) statistics
-------------------------------------
Number of states:                                  1
Total time for successor computation:                  0.221s
Automaton transfers with branching:                0
Automaton transfer successors:                       483066 (count: 483066, min: 1, max: 1, avg: 1.00) [1 x 483066]

CPA algorithm statistics
------------------------
Number of iterations:            425976
Max size of waitlist:            53
Average size of waitlist:        23
Number of computed successors:   483066
Max successors for one state:    2
Number of times merged:          43571
Number of times stopped:         54873
Number of times abs stopped:     11302
Number of times nonAbs stopped:  0
Number of times doAbstraction node:  77779
Number of times breaked:         29

Total time for CPA algorithm:        77.463s (Max:     6.950s)
CPU time for CPA algorithm:         122.440s
  Time for choose from waitlist:      0.178s
  Time for precision adjustment:     16.874s
  Time for transfer relation:        39.196s
  Time for merge operator:           18.587s
  Time for stop operator:             0.540s
  Time for adding to reached set:     0.763s

Predicate-Abstraction Refiner statistics
----------------------------------------
Avg. length of target path (in blocks):                5487 (count: 29, min: 28, max: 300, avg: 189.21)
Number of infeasible sliced prefixes:                     0 (count: 0, min: 0, max: 0, avg: 0.00)

Time for refinement:                                  57.665s
  Counterexample analysis:               56.479s (Max:     3.368s, Calls: 29)
    Refinement sat check:                 1.856s
    Interpolant computation:              0.000s
  Error path post-processing:                          0.000s
  Path-formulas extraction:                            0.000s
  Building the counterexample trace:                  56.479s
  Extracting precise counterexample:                   0.000s
  Extracting infeasible sliced prefixes:               0.000s
  Selecting infeasible sliced prefixes:                0.000s
  Predicate creation:                                  0.022s
  Precision update:                                    0.012s
  ARG update:                                          1.104s

Length of refined path (in blocks):                    4796 (count: 29, min: 13, max: 299, avg: 165.38)
Number of affected states:                             3022 (count: 29, min: 1, max: 298, avg: 104.21)
Length (states) of path with itp 'true':               1745 (count: 29, min: 0, max: 266, avg: 60.17)
Length (states) of path with itp non-trivial itp:      3022 (count: 29, min: 1, max: 298, avg: 104.21)
Length (states) of path with itp 'false':                29 (count: 29, min: 1, max: 1, avg: 1.00)
Different non-trivial interpolants along paths:           9 (count: 29, min: 0, max: 2, avg: 0.31)
Equal non-trivial interpolants along paths:            2984 (count: 29, min: 0, max: 297, avg: 102.90)
Different precisions along paths:                         0 (count: 0, min: 0, max: 0, avg: 0.00)
Equal precisions along paths:                             0 (count: 0, min: 0, max: 0, avg: 0.00)
Number of refs with location-based cutoff:                0

CEGAR algorithm statistics
--------------------------
Number of refinements:                29
Lazy expansion status:                false
Expansion times:                      0
Total path lengths:                   47740
SP times:                             1
Number of added holes:                0
Number of successful refinements:     29
Number of failed refinements:         0
Max. size of reached set before ref.: 47638
Max. size of reached set after ref.:  12550
Avg. size of reached set before ref.: 17033.72
Avg. size of reached set after ref.:  2987.28

Total time for CEGAR algorithm:     135.223s
CPU time for CEGAR algorithm:       192.110s
Time for refinements:                57.758s
CPU time for refinements:            69.660s
Average time for refinement:          1.991s
Max time for refinement:              3.435s
First time for refinement:             2.582s
Last time for refinement:              0.877s
Average time for analysis:          2.582s
Number of analysis:                30

Counterexample-Check Algorithm statistics
-----------------------------------------
Number of counterexample checks:    0

Code Coverage
-----------------------------
  Visited lines:          3506
  Total lines:            10
  Line coverage:          350.600

CPAchecker general statistics
-----------------------------
Number of program locations:     3388
Number of CFA edges:             4044
Number of relevant variables:    714
Number of functions:             96
Number of loops:                 25
Size of reached set:             18613
  Number of reached locations:   1966 (58%)
    Avg states per location:     9
    Max states per location:     158 (at node N12)
  Number of reached functions:   33 (34%)
  Number of partitions:          18309
    Avg size of partitions:      1
    Max size of partitions:      3 (with key [N2772 (before /work/ldvuser/novikov/work/current--X--drivers/hwmon/it87.ko--X--defaultlinux--X--08_1a--X--cpachecker/linux/csd_deg_dscv/11/dscv_tempdir/dscv/ri/08_1a/drivers/hwmon/it87.c.prepared, line 3061), Function ldv_main0_sequence_infinite_withcheck_stateful called from node N2721, stack depth 1 [559cedee], stack [ldv_main0_sequence_infinite_withcheck_stateful], Init])
  Number of target states:       0

Time for analysis setup:                   2.604s
  Time for loading CPAs:                   0.407s
  Time for impacted traverse:              0.002s
  Time for loading parser:        0.030s
  Time for CFA construction:      2.095s
    Time for parsing file(s):     0.517s
    Time for AST to CFA:          0.772s
    Time for CFA sanity check:    0.000s
    Time for post-processing:     0.586s
      Time for var class.:        0.000s
Time for Analysis:                       135.242s
CPU time for analysis:    192.150s

Time for Garbage Collector:       3.757s (in 36 runs)
Garbage Collector(s) used:    PS MarkSweep, PS Scavenge
Used heap memory:               3453MB (  3293 MiB) max;   1333MB (  1271 MiB) avg;   3503MB (  3341 MiB) peak
Used non-heap memory:             45MB (    43 MiB) max;     42MB (    40 MiB) avg;     47MB (    45 MiB) peak
Used in PS Old Gen pool:          83MB (    79 MiB) max;     56MB (    54 MiB) avg;     83MB (    79 MiB) peak
Allocated heap memory:          3508MB (  3346 MiB) max;   2580MB (  2460 MiB) avg
Allocated non-heap memory:        48MB (    46 MiB) max;     46MB (    44 MiB) avg
Total process virtual memory:  13243MB ( 12629 MiB) max;  13240MB ( 12626 MiB) avg

Verification result: TRUE. No property violation found by chosen configuration.
More details about the verification run can be found in the directory "/home/yqs17/blazer/cpachecker-inc-pred/output-ori-final/flat/drivers--hwmon--it87.ko.089.4573acb.08_1a.cil_safe.i".
