scripts/cpa.sh -heap 10000M -predicateAnalysis-ABEl-debug -setprop cpa.predicate.refinement.performInitialStaticRefinement=false -disable-java-assertions -outputpath /home/yqs17/blazer/cpachecker-inc-pred/output-ori-final/flat/drivers--net--tokenring--abyss.ko.011.a3aa188.32_7a.cil_safe.i -stats -spec /home/yqs17/blazer/cpachecker-inc-pred/LDVErrorLabel.spc -entryfunction ldv_main0_sequence_infinite_withcheck_stateful /home/yqs17/blazer/cpachecker-inc-pred/programs-flat/drivers--net--tokenring--abyss.ko.011.a3aa188.32_7a.cil_safe.i


--------------------------------------------------------------------------------


Running CPAchecker with Java heap of size 10000M.
Running CPAchecker with the following extra VM options:  -Djava.io.tmpdir=/tmp/BenchExec_run_9p2opv90/tmp
PredicateCPA statistics
-----------------------
Read Precision Time:                0.000s
Precision file size:                2
Write Precision Time:               0.004s
Number of abstractions:            724 (17% of all post computations)
  Times abstraction was reused:    0
  Because of function entry/exit:  658 (91%)
  Because of loop head:            66 (9%)
  Because of join nodes:           0 (0%)
  Because of threshold:            0 (0%)
  Times precision was empty:       724 (100%)
  Times precision was {false}:     0 (0%)
  Times result was cached:         0 (0%)
  Times cartesian abs was used:    0 (0%)
  Times boolean abs was used:      0 (0%)
  Times result was 'false':        0 (0%)
Number of strengthen sat checks:   0
Number of coverage checks:         534
  BDD entailment checks:           66
Number of SMT sat checks:          0
  trivial:                         0
  cached:                          0

Max ABE block size:                       26
Number of predicates discovered:          0

Number of path formula cache hits:   137 (3%)

Time for post operator:                  0.769s
  Time for path formula creation:        0.669s
    Actual computation:                  0.612s
Time for strengthen operator:            0.017s
Time for prec operator:                  0.206s
  Time for abstraction:                  0.092s (Max:     0.004s, Count: 724)
    Solving time:                        0.000s (Max:     0.000s)
    Model enumeration time:              0.000s
    Time for BDD construction:           0.000s (Max:     0.000s)
Time for merge operator:                 0.073s
Time for coverage check:                 0.009s
  Time for BDD entailment checks:        0.009s
Total time for SMT solver (w/o itp):     0.000s

Number of BDD nodes:                               202
Size of BDD node table:                            466043
Size of BDD cache:                                 46619
Size of BDD node cleanup queue:                           0 (count: 5603, min: 0, max: 0, avg: 0.00)
Time for BDD node cleanup:                             0.001s
Time for BDD garbage collection:                       0.000s (in 0 runs)

PrecisionBootstrap statistics
-----------------------------
Init. function predicates:                         0
Init. global predicates:                           0
Init. location predicates:                         0

----------------------

AutomatonAnalysis (SVCOMP) statistics
-------------------------------------
Number of states:                                  1
Total time for successor computation:                  0.040s
Automaton transfers with branching:                0
Automaton transfer successors:                         4227 (count: 4227, min: 1, max: 1, avg: 1.00) [1 x 4227]

CPA algorithm statistics
------------------------
Number of iterations:            3928
Max size of waitlist:            16
Average size of waitlist:        11
Number of computed successors:   4227
Max successors for one state:    2
Number of times merged:          234
Number of times stopped:         300
Number of times abs stopped:     66
Number of times nonAbs stopped:  468
Number of coverage check (part): 534
Number of times doAbstraction node:  724
Number of times breaked:         0

Total time for CPA algorithm:         1.604s (Max:     1.604s)
CPU time for CPA algorithm:           3.150s
  Time for choose from waitlist:      0.019s
  Time for precision adjustment:      0.253s
  Time for transfer relation:         1.025s
  Time for merge operator:            0.103s
  Time for stop operator:             0.032s
  Time for adding to reached set:     0.041s

Predicate-Abstraction Refiner statistics
----------------------------------------
  Predicate creation:                                  0.000s
  Precision update:                                    0.000s
  ARG update:                                          0.000s

Length of refined path (in blocks):                       0 (count: 0, min: 0, max: 0, avg: 0.00)
Number of affected states:                                0 (count: 0, min: 0, max: 0, avg: 0.00)
Length (states) of path with itp 'true':                  0 (count: 0, min: 0, max: 0, avg: 0.00)
Length (states) of path with itp non-trivial itp:         0 (count: 0, min: 0, max: 0, avg: 0.00)
Length (states) of path with itp 'false':                 0 (count: 0, min: 0, max: 0, avg: 0.00)
Different non-trivial interpolants along paths:           0 (count: 0, min: 0, max: 0, avg: 0.00)
Equal non-trivial interpolants along paths:               0 (count: 0, min: 0, max: 0, avg: 0.00)
Different precisions along paths:                         0 (count: 0, min: 0, max: 0, avg: 0.00)
Equal precisions along paths:                             0 (count: 0, min: 0, max: 0, avg: 0.00)
Number of refs with location-based cutoff:                0

CEGAR algorithm statistics
--------------------------
Number of refinements:                0
Lazy expansion status:                false
Expansion times:                      0
Total path lengths:                   0
SP times:                             0
Number of added holes:                0
Refinement times:             0
First time for refinement:             1.604s
Last time for refinement:              1.604s
Average time for analysis:          1.604s
Number of analysis:                1

Counterexample-Check Algorithm statistics
-----------------------------------------
Number of counterexample checks:    0

Code Coverage
-----------------------------
  Visited lines:          3066
  Total lines:            23
  Line coverage:          133.304

CPAchecker general statistics
-----------------------------
Number of program locations:     1090
Number of CFA edges:             1212
Number of relevant variables:    121
Number of functions:             37
Number of loops:                 7
Size of reached set:             3928
  Number of reached locations:   1009 (93%)
    Avg states per location:     3
    Max states per location:     112 (at node N12)
  Number of reached functions:   26 (70%)
  Number of partitions:          3928
    Avg size of partitions:      1
    Max size of partitions:      1
  Number of target states:       0

Time for analysis setup:                   1.662s
  Time for loading CPAs:                   0.345s
  Time for impacted traverse:              0.002s
  Time for loading parser:        0.033s
  Time for CFA construction:      1.197s
    Time for parsing file(s):     0.368s
    Time for AST to CFA:          0.426s
    Time for CFA sanity check:    0.000s
    Time for post-processing:     0.252s
      Time for var class.:        0.000s
Time for Analysis:                         1.611s
CPU time for analysis:                     3.170s
   CPU time for collect prec:              0.000s

Time for Garbage Collector:       0.090s (in 4 runs)
Garbage Collector(s) used:    PS MarkSweep, PS Scavenge
Used heap memory:                102MB (    97 MiB) max;     47MB (    45 MiB) avg;    113MB (   107 MiB) peak
Used non-heap memory:             33MB (    32 MiB) max;     25MB (    24 MiB) avg;     35MB (    33 MiB) peak
Used in PS Old Gen pool:          27MB (    25 MiB) max;      7MB (     7 MiB) avg;     27MB (    25 MiB) peak
Allocated heap memory:           270MB (   258 MiB) max;    179MB (   171 MiB) avg
Allocated non-heap memory:        34MB (    33 MiB) max;     25MB (    24 MiB) avg
Total process virtual memory:  13238MB ( 12625 MiB) max;  13234MB ( 12621 MiB) avg

Verification result: TRUE. No property violation found by chosen configuration.
More details about the verification run can be found in the directory "/home/yqs17/blazer/cpachecker-inc-pred/output-ori-final/flat/drivers--net--tokenring--abyss.ko.011.a3aa188.32_7a.cil_safe.i".
