scripts/cpa.sh -heap 10000M -predicateAnalysis-ABEl-debug -setprop cpa.predicate.refinement.performInitialStaticRefinement=false -disable-java-assertions -outputpath /home/yqs17/blazer/cpachecker-inc-pred/output-ori-final/flat/drivers--net--wireless--wl12xx--wl12xx_sdio.ko.016.f44e586.08_1a.cil_safe.i -stats -spec /home/yqs17/blazer/cpachecker-inc-pred/LDVErrorLabel.spc -entryfunction ldv_main0_sequence_infinite_withcheck_stateful /home/yqs17/blazer/cpachecker-inc-pred/programs-flat/drivers--net--wireless--wl12xx--wl12xx_sdio.ko.016.f44e586.08_1a.cil_safe.i


--------------------------------------------------------------------------------


Running CPAchecker with Java heap of size 10000M.
Running CPAchecker with the following extra VM options:  -Djava.io.tmpdir=/tmp/BenchExec_run_2groyy74/tmp
PredicateCPA statistics
-----------------------
Read Precision Time:                0.000s
Precision file size:                0
Write Precision Time:               0.003s
Number of abstractions:            11677 (16% of all post computations)
  Times abstraction was reused:    0
  Because of function entry/exit:  10931 (94%)
  Because of loop head:            746 (6%)
  Because of join nodes:           0 (0%)
  Because of threshold:            0 (0%)
  Times precision was empty:       2011 (17%)
  Times precision was {false}:     590 (5%)
  Times result was cached:         8202 (70%)
  Times cartesian abs was used:    0 (0%)
  Times boolean abs was used:      874 (7%)
  Times result was 'false':        131 (1%)
Number of strengthen sat checks:   21
  Times result was 'false':        0 (0%)
Number of coverage checks:         11708
  BDD entailment checks:           4940
Number of SMT sat checks:          21
  trivial:                         21
  cached:                          0

Max ABE block size:                       28
Number of predicates discovered:          6
Number of abstraction locations:          0
Max number of predicates per location:    0
Avg number of predicates per location:    0
Total predicates per abstraction:         3021
Max number of predicates per abstraction: 5
Avg number of predicates per abstraction: 2.06
Number of irrelevant predicates:          1664 (55%)
Number of preds handled by boolean abs:   1357 (45%)
  Total number of models for allsat:      1036
  Max number of models for allsat:        3
  Avg number of models for allsat:        1.19

Number of path formula cache hits:   60882 (74%)

Time for post operator:                  3.039s
  Time for path formula creation:        1.870s
    Actual computation:                  1.548s
Time for strengthen operator:            0.082s
  Time for satisfiability checks:        0.000s
Time for prec operator:                  3.135s
  Time for abstraction:                  2.513s (Max:     0.042s, Count: 11677)
    Boolean abstraction:                 0.323s
    Solving time:                        0.295s (Max:     0.010s)
    Model enumeration time:              0.030s
    Time for BDD construction:           0.024s (Max:     0.001s)
Time for merge operator:                 0.229s
Time for coverage check:                 0.016s
  Time for BDD entailment checks:        0.016s
Total time for SMT solver (w/o itp):     0.325s

Number of BDD nodes:                               346
Size of BDD node table:                            466043
Size of BDD cache:                                 46619
Size of BDD node cleanup queue:                         874 (count: 18323, min: 0, max: 301, avg: 0.05)
Time for BDD node cleanup:                             0.005s
Time for BDD garbage collection:                       0.000s (in 0 runs)

PrecisionBootstrap statistics
-----------------------------
Init. function predicates:                         0
Init. global predicates:                           0
Init. location predicates:                         0

----------------------

AutomatonAnalysis (SVCOMP) statistics
-------------------------------------
Number of states:                                  1
Total time for successor computation:                  0.160s
Automaton transfers with branching:                0
Automaton transfer successors:                        71774 (count: 71774, min: 1, max: 1, avg: 1.00) [1 x 71774]

CPA algorithm statistics
------------------------
Number of iterations:            65745
Max size of waitlist:            52
Average size of waitlist:        27
Number of computed successors:   71774
Max successors for one state:    2
Number of times merged:          3384
Number of times stopped:         5852
Number of times abs stopped:     2468
Number of times nonAbs stopped:  0
Number of times doAbstraction node:  11677
Number of times breaked:         21

Total time for CPA algorithm:         9.123s (Max:     0.982s)
CPU time for CPA algorithm:          18.060s
  Time for choose from waitlist:      0.083s
  Time for precision adjustment:      3.368s
  Time for transfer relation:         4.170s
  Time for merge operator:            0.374s
  Time for stop operator:             0.214s
  Time for adding to reached set:     0.298s

Predicate-Abstraction Refiner statistics
----------------------------------------
Avg. length of target path (in blocks):                 441 (count: 21, min: 8, max: 51, avg: 21.00)
Number of infeasible sliced prefixes:                     0 (count: 0, min: 0, max: 0, avg: 0.00)

Time for refinement:                                   1.166s
  Counterexample analysis:                0.820s (Max:     0.286s, Calls: 21)
    Refinement sat check:                 0.154s
    Interpolant computation:              0.000s
  Error path post-processing:                          0.000s
  Path-formulas extraction:                            0.000s
  Building the counterexample trace:                   0.820s
  Extracting precise counterexample:                   0.000s
  Extracting infeasible sliced prefixes:               0.000s
  Selecting infeasible sliced prefixes:                0.000s
  Predicate creation:                                  0.008s
  Precision update:                                    0.012s
  ARG update:                                          0.293s

Length of refined path (in blocks):                     366 (count: 21, min: 4, max: 50, avg: 17.43)
Number of affected states:                              314 (count: 21, min: 1, max: 49, avg: 14.95)
Length (states) of path with itp 'true':                 31 (count: 21, min: 0, max: 31, avg: 1.48)
Length (states) of path with itp non-trivial itp:       314 (count: 21, min: 1, max: 49, avg: 14.95)
Length (states) of path with itp 'false':                21 (count: 21, min: 1, max: 1, avg: 1.00)
Different non-trivial interpolants along paths:           2 (count: 21, min: 0, max: 2, avg: 0.10)
Equal non-trivial interpolants along paths:             291 (count: 21, min: 0, max: 48, avg: 13.86)
Different precisions along paths:                         0 (count: 0, min: 0, max: 0, avg: 0.00)
Equal precisions along paths:                             0 (count: 0, min: 0, max: 0, avg: 0.00)
Number of refs with location-based cutoff:                0

CEGAR algorithm statistics
--------------------------
Number of refinements:                21
Lazy expansion status:                false
Expansion times:                      0
Total path lengths:                   21785
SP times:                             0
Number of added holes:                0
Number of successful refinements:     21
Number of failed refinements:         0
Max. size of reached set before ref.: 6476
Max. size of reached set after ref.:  2644
Avg. size of reached set before ref.: 3947.43
Avg. size of reached set after ref.:  1011.62

Total time for CEGAR algorithm:      10.357s
CPU time for CEGAR algorithm:        20.510s
Time for refinements:                 1.229s
CPU time for refinements:             2.450s
Average time for refinement:          0.058s
Max time for refinement:              0.295s
First time for refinement:             0.414s
Last time for refinement:              0.306s
Average time for analysis:          0.414s
Number of analysis:                22

Counterexample-Check Algorithm statistics
-----------------------------------------
Number of counterexample checks:    0

Code Coverage
-----------------------------
  Visited lines:          5159
  Total lines:            4
  Line coverage:          1289.750

CPAchecker general statistics
-----------------------------
Number of program locations:     1636
Number of CFA edges:             1788
Number of relevant variables:    175
Number of functions:             44
Number of loops:                 2
Size of reached set:             4140
  Number of reached locations:   1594 (97%)
    Avg states per location:     2
    Max states per location:     52 (at node N786)
  Number of reached functions:   38 (86%)
  Number of partitions:          4131
    Avg size of partitions:      1
    Max size of partitions:      4 (with key [N768 (before /work/ldvuser/novikov/work/current--X--drivers/net/wireless/wl12xx/wl12xx_sdio.ko--X--defaultlinux--X--08_1a--X--cpachecker/linux/csd_deg_dscv/26/dscv_tempdir/dscv/ri/08_1a/drivers/net/wireless/wl12xx/sdio.c.prepared, line 682), Function ldv_main0_sequence_infinite_withcheck_stateful called from node N640, stack depth 1 [12f3afb5], stack [ldv_main0_sequence_infinite_withcheck_stateful], Init])
  Number of target states:       0

Time for analysis setup:                   1.852s
  Time for loading CPAs:                   0.370s
  Time for impacted traverse:              0.002s
  Time for loading parser:        0.036s
  Time for CFA construction:      1.369s
    Time for parsing file(s):     0.440s
    Time for AST to CFA:          0.475s
    Time for CFA sanity check:    0.000s
    Time for post-processing:     0.273s
      Time for var class.:        0.000s
Time for Analysis:                        10.365s
CPU time for analysis:     20.540s

Time for Garbage Collector:       0.405s (in 13 runs)
Garbage Collector(s) used:    PS MarkSweep, PS Scavenge
Used heap memory:                450MB (   429 MiB) max;    141MB (   134 MiB) avg;    467MB (   445 MiB) peak
Used non-heap memory:             38MB (    36 MiB) max;     32MB (    30 MiB) avg;     40MB (    38 MiB) peak
Used in PS Old Gen pool:          27MB (    26 MiB) max;     22MB (    21 MiB) avg;     28MB (    27 MiB) peak
Allocated heap memory:           656MB (   626 MiB) max;    362MB (   345 MiB) avg
Allocated non-heap memory:        41MB (    39 MiB) max;     34MB (    33 MiB) avg
Total process virtual memory:  13244MB ( 12631 MiB) max;  13238MB ( 12625 MiB) avg

Verification result: TRUE. No property violation found by chosen configuration.
More details about the verification run can be found in the directory "/home/yqs17/blazer/cpachecker-inc-pred/output-ori-final/flat/drivers--net--wireless--wl12xx--wl12xx_sdio.ko.016.f44e586.08_1a.cil_safe.i".
