scripts/cpa.sh -heap 10000M -predicateAnalysis-ABEl-debug -setprop cpa.predicate.refinement.performInitialStaticRefinement=false -disable-java-assertions -outputpath /home/yqs17/blazer/cpachecker-inc-pred/output-ori-final/flat/drivers--isdn--mISDN--mISDN_core.ko.001.c5b61d5.08_1a.cil_safe.i -stats -spec /home/yqs17/blazer/cpachecker-inc-pred/LDVErrorLabel.spc -entryfunction ldv_main0_sequence_infinite_withcheck_stateful /home/yqs17/blazer/cpachecker-inc-pred/programs-flat/drivers--isdn--mISDN--mISDN_core.ko.001.c5b61d5.08_1a.cil_safe.i


--------------------------------------------------------------------------------


Running CPAchecker with Java heap of size 10000M.
Running CPAchecker with the following extra VM options:  -Djava.io.tmpdir=/tmp/BenchExec_run_n84k4vrj/tmp
PredicateCPA statistics
-----------------------
Read Precision Time:                0.000s
Precision file size:                0
Write Precision Time:               0.002s
Number of abstractions:            258 (12% of all post computations)
  Times abstraction was reused:    0
  Because of function entry/exit:  230 (89%)
  Because of loop head:            28 (11%)
  Because of join nodes:           0 (0%)
  Because of threshold:            0 (0%)
  Times precision was empty:       127 (49%)
  Times precision was {false}:     1 (0%)
  Times result was cached:         38 (15%)
  Times cartesian abs was used:    0 (0%)
  Times boolean abs was used:      92 (36%)
  Times result was 'false':        2 (1%)
Number of strengthen sat checks:   1
  Times result was 'false':        0 (0%)
Number of coverage checks:         97
  BDD entailment checks:           25
Number of SMT sat checks:          1
  trivial:                         1
  cached:                          0

Max ABE block size:                       44
Number of predicates discovered:          2
Number of abstraction locations:          0
Max number of predicates per location:    0
Avg number of predicates per location:    0
Total predicates per abstraction:         93
Max number of predicates per abstraction: 1
Avg number of predicates per abstraction: 1.00
Number of irrelevant predicates:          1 (1%)
Number of preds handled by boolean abs:   92 (99%)
  Total number of models for allsat:      92
  Max number of models for allsat:        1
  Avg number of models for allsat:        1.00

Number of path formula cache hits:   699 (29%)

Time for post operator:                  1.649s
  Time for path formula creation:        1.558s
    Actual computation:                  1.465s
Time for strengthen operator:            0.012s
  Time for satisfiability checks:        0.000s
Time for prec operator:                  0.782s
  Time for abstraction:                  0.739s (Max:     0.542s, Count: 258)
    Boolean abstraction:                 0.491s
    Solving time:                        0.468s (Max:     0.435s)
    Model enumeration time:              0.002s
    Time for BDD construction:           0.004s (Max:     0.001s)
Time for merge operator:                 0.031s
Time for coverage check:                 0.007s
  Time for BDD entailment checks:        0.007s
Total time for SMT solver (w/o itp):     0.470s

Number of BDD nodes:                               202
Size of BDD node table:                            466043
Size of BDD cache:                                 46619
Size of BDD node cleanup queue:                           0 (count: 46393, min: 0, max: 0, avg: 0.00)
Time for BDD node cleanup:                             0.002s
Time for BDD garbage collection:                       0.000s (in 0 runs)

PrecisionBootstrap statistics
-----------------------------
Init. function predicates:                         0
Init. global predicates:                           0
Init. location predicates:                         0

----------------------

AutomatonAnalysis (SVCOMP) statistics
-------------------------------------
Number of states:                                  1
Total time for successor computation:                  0.013s
Automaton transfers with branching:                0
Automaton transfer successors:                         2238 (count: 2238, min: 1, max: 1, avg: 1.00) [1 x 2238]

CPA algorithm statistics
------------------------
Number of iterations:            2174
Max size of waitlist:            6
Average size of waitlist:        2
Number of computed successors:   2238
Max successors for one state:    2
Number of times merged:          36
Number of times stopped:         61
Number of times abs stopped:     25
Number of times nonAbs stopped:  0
Number of times doAbstraction node:  258
Number of times breaked:         1

Total time for CPA algorithm:         2.814s (Max:     1.959s)
CPU time for CPA algorithm:           5.570s
  Time for choose from waitlist:      0.009s
  Time for precision adjustment:      0.808s
  Time for transfer relation:         1.807s
  Time for merge operator:            0.039s
  Time for stop operator:             0.023s
  Time for adding to reached set:     0.053s

Predicate-Abstraction Refiner statistics
----------------------------------------
Avg. length of target path (in blocks):                  88 (count: 1, min: 88, max: 88, avg: 88.00)
Number of infeasible sliced prefixes:                     0 (count: 0, min: 0, max: 0, avg: 0.00)

Time for refinement:                                   1.454s
  Counterexample analysis:                1.426s (Max:     1.426s, Calls: 1)
    Refinement sat check:                 0.641s
    Interpolant computation:              0.000s
  Error path post-processing:                          0.000s
  Path-formulas extraction:                            0.000s
  Building the counterexample trace:                   1.426s
  Extracting precise counterexample:                   0.000s
  Extracting infeasible sliced prefixes:               0.000s
  Selecting infeasible sliced prefixes:                0.000s
  Predicate creation:                                  0.007s
  Precision update:                                    0.004s
  ARG update:                                          0.008s

Length of refined path (in blocks):                      87 (count: 1, min: 87, max: 87, avg: 87.00)
Number of affected states:                               86 (count: 1, min: 86, max: 86, avg: 86.00)
Length (states) of path with itp 'true':                  0 (count: 1, min: 0, max: 0, avg: 0.00)
Length (states) of path with itp non-trivial itp:        86 (count: 1, min: 86, max: 86, avg: 86.00)
Length (states) of path with itp 'false':                 1 (count: 1, min: 1, max: 1, avg: 1.00)
Different non-trivial interpolants along paths:           0 (count: 1, min: 0, max: 0, avg: 0.00)
Equal non-trivial interpolants along paths:              85 (count: 1, min: 85, max: 85, avg: 85.00)
Different precisions along paths:                         0 (count: 0, min: 0, max: 0, avg: 0.00)
Equal precisions along paths:                             0 (count: 0, min: 0, max: 0, avg: 0.00)
Number of refs with location-based cutoff:                0

CEGAR algorithm statistics
--------------------------
Number of refinements:                1
Lazy expansion status:                false
Expansion times:                      0
Total path lengths:                   1453
SP times:                             0
Number of added holes:                0
Number of successful refinements:     1
Number of failed refinements:         0
Max. size of reached set before ref.: 1650
Max. size of reached set after ref.:  1131
Avg. size of reached set before ref.: 1650.00
Avg. size of reached set after ref.:  1131.00

Total time for CEGAR algorithm:       4.281s
CPU time for CEGAR algorithm:         8.450s
Time for refinements:                 1.466s
CPU time for refinements:             2.880s
Average time for refinement:          1.466s
Max time for refinement:              1.466s
First time for refinement:             1.407s
Last time for refinement:              0.856s
Average time for analysis:          1.407s
Number of analysis:                2

Counterexample-Check Algorithm statistics
-----------------------------------------
Number of counterexample checks:    0

Code Coverage
-----------------------------
  Visited lines:          3869
  Total lines:            4
  Line coverage:          967.250

CPAchecker general statistics
-----------------------------
Number of program locations:     15162
Number of CFA edges:             23910
Number of relevant variables:    2027
Number of functions:             352
Number of loops:                 43
Size of reached set:             1657
  Number of reached locations:   1395 (9%)
    Avg states per location:     1
    Max states per location:     11 (at node N385)
  Number of reached functions:   24 (7%)
  Number of partitions:          1657
    Avg size of partitions:      1
    Max size of partitions:      1
  Number of target states:       0

Time for analysis setup:                   4.028s
  Time for loading CPAs:                   0.482s
  Time for impacted traverse:              0.002s
  Time for loading parser:        0.027s
  Time for CFA construction:      3.437s
    Time for parsing file(s):     0.611s
    Time for AST to CFA:          1.195s
    Time for CFA sanity check:    0.000s
    Time for post-processing:     1.330s
      Time for var class.:        0.000s
Time for Analysis:                         4.283s
CPU time for analysis:      8.460s

Time for Garbage Collector:       0.522s (in 8 runs)
Garbage Collector(s) used:    PS MarkSweep, PS Scavenge
Used heap memory:                301MB (   287 MiB) max;    110MB (   105 MiB) avg;    385MB (   367 MiB) peak
Used non-heap memory:             36MB (    34 MiB) max;     28MB (    27 MiB) avg;     38MB (    36 MiB) peak
Used in PS Old Gen pool:          54MB (    52 MiB) max;     32MB (    30 MiB) avg;     57MB (    55 MiB) peak
Allocated heap memory:           482MB (   460 MiB) max;    305MB (   291 MiB) avg
Allocated non-heap memory:        38MB (    36 MiB) max;     29MB (    28 MiB) avg
Total process virtual memory:  13240MB ( 12627 MiB) max;  13235MB ( 12622 MiB) avg

Verification result: TRUE. No property violation found by chosen configuration.
More details about the verification run can be found in the directory "/home/yqs17/blazer/cpachecker-inc-pred/output-ori-final/flat/drivers--isdn--mISDN--mISDN_core.ko.001.c5b61d5.08_1a.cil_safe.i".
