scripts/cpa.sh -heap 10000M -predicateAnalysis-ABEl-debug -setprop cpa.predicate.refinement.performInitialStaticRefinement=false -disable-java-assertions -outputpath /home/yqs17/blazer/cpachecker-inc-pred/output-ori-final/flat/drivers--media--video--videobuf-vmalloc.ko.021.5993a66.32_1.cil_safe.i -stats -spec /home/yqs17/blazer/cpachecker-inc-pred/LDVErrorLabel.spc -entryfunction ldv_main0_sequence_infinite_withcheck_stateful /home/yqs17/blazer/cpachecker-inc-pred/programs-flat/drivers--media--video--videobuf-vmalloc.ko.021.5993a66.32_1.cil_safe.i


--------------------------------------------------------------------------------


Running CPAchecker with Java heap of size 10000M.
Running CPAchecker with the following extra VM options:  -Djava.io.tmpdir=/tmp/BenchExec_run_c6x4yh2x/tmp
PredicateCPA statistics
-----------------------
Read Precision Time:                0.000s
Precision file size:                0
Write Precision Time:               0.002s
Number of abstractions:            3655 (11% of all post computations)
  Times abstraction was reused:    0
  Because of function entry/exit:  3209 (88%)
  Because of loop head:            446 (12%)
  Because of join nodes:           0 (0%)
  Because of threshold:            0 (0%)
  Times precision was empty:       353 (10%)
  Times precision was {false}:     209 (6%)
  Times result was cached:         2352 (64%)
  Times cartesian abs was used:    0 (0%)
  Times boolean abs was used:      741 (20%)
  Times result was 'false':        63 (2%)
Number of strengthen sat checks:   19
  Times result was 'false':        0 (0%)
Number of coverage checks:         4689
  BDD entailment checks:           1157
Number of SMT sat checks:          19
  trivial:                         19
  cached:                          0

Max ABE block size:                       25
Number of predicates discovered:          5
Number of abstraction locations:          0
Max number of predicates per location:    0
Avg number of predicates per location:    0
Total predicates per abstraction:         1547
Max number of predicates per abstraction: 4
Avg number of predicates per abstraction: 1.63
Number of irrelevant predicates:          624 (40%)
Number of preds handled by boolean abs:   923 (60%)
  Total number of models for allsat:      750
  Max number of models for allsat:        2
  Avg number of models for allsat:        1.01

Number of path formula cache hits:   24786 (70%)

Time for post operator:                  1.979s
  Time for path formula creation:        1.323s
    Actual computation:                  1.179s
Time for strengthen operator:            0.064s
  Time for satisfiability checks:        0.001s
Time for prec operator:                  1.871s
  Time for abstraction:                  1.586s (Max:     0.051s, Count: 3655)
    Boolean abstraction:                 0.307s
    Solving time:                        0.295s (Max:     0.014s)
    Model enumeration time:              0.012s
    Time for BDD construction:           0.029s (Max:     0.001s)
Time for merge operator:                 0.205s
Time for coverage check:                 0.025s
  Time for BDD entailment checks:        0.020s
Total time for SMT solver (w/o itp):     0.307s

Number of BDD nodes:                               220
Size of BDD node table:                            466043
Size of BDD cache:                                 46619
Size of BDD node cleanup queue:                         652 (count: 9069, min: 0, max: 371, avg: 0.07)
Time for BDD node cleanup:                             0.003s
Time for BDD garbage collection:                       0.000s (in 0 runs)

PrecisionBootstrap statistics
-----------------------------
Init. function predicates:                         0
Init. global predicates:                           0
Init. location predicates:                         0

----------------------

AutomatonAnalysis (SVCOMP) statistics
-------------------------------------
Number of states:                                  1
Total time for successor computation:                  0.084s
Automaton transfers with branching:                0
Automaton transfer successors:                        31933 (count: 31933, min: 1, max: 1, avg: 1.00) [1 x 31933]

CPA algorithm statistics
------------------------
Number of iterations:            29216
Max size of waitlist:            34
Average size of waitlist:        17
Number of computed successors:   31933
Max successors for one state:    2
Number of times merged:          1766
Number of times stopped:         2348
Number of times abs stopped:     582
Number of times nonAbs stopped:  0
Number of times doAbstraction node:  3655
Number of times breaked:         19

Total time for CPA algorithm:         5.755s (Max:     0.715s)
CPU time for CPA algorithm:          11.350s
  Time for choose from waitlist:      0.073s
  Time for precision adjustment:      2.017s
  Time for transfer relation:         2.628s
  Time for merge operator:            0.336s
  Time for stop operator:             0.140s
  Time for adding to reached set:     0.119s

Predicate-Abstraction Refiner statistics
----------------------------------------
Avg. length of target path (in blocks):                 247 (count: 19, min: 4, max: 23, avg: 13.00)
Number of infeasible sliced prefixes:                     0 (count: 0, min: 0, max: 0, avg: 0.00)

Time for refinement:                                   0.676s
  Counterexample analysis:                0.478s (Max:     0.078s, Calls: 19)
    Refinement sat check:                 0.157s
    Interpolant computation:              0.000s
  Error path post-processing:                          0.000s
  Path-formulas extraction:                            0.000s
  Building the counterexample trace:                   0.478s
  Extracting precise counterexample:                   0.000s
  Extracting infeasible sliced prefixes:               0.000s
  Selecting infeasible sliced prefixes:                0.000s
  Predicate creation:                                  0.002s
  Precision update:                                    0.005s
  ARG update:                                          0.161s

Length of refined path (in blocks):                     211 (count: 19, min: 2, max: 22, avg: 11.11)
Number of affected states:                              179 (count: 19, min: 1, max: 21, avg: 9.42)
Length (states) of path with itp 'true':                 13 (count: 19, min: 0, max: 7, avg: 0.68)
Length (states) of path with itp non-trivial itp:       179 (count: 19, min: 1, max: 21, avg: 9.42)
Length (states) of path with itp 'false':                19 (count: 19, min: 1, max: 1, avg: 1.00)
Different non-trivial interpolants along paths:           0 (count: 19, min: 0, max: 0, avg: 0.00)
Equal non-trivial interpolants along paths:             160 (count: 19, min: 0, max: 20, avg: 8.42)
Different precisions along paths:                         0 (count: 0, min: 0, max: 0, avg: 0.00)
Equal precisions along paths:                             0 (count: 0, min: 0, max: 0, avg: 0.00)
Number of refs with location-based cutoff:                0

CEGAR algorithm statistics
--------------------------
Number of refinements:                19
Lazy expansion status:                false
Expansion times:                      0
Total path lengths:                   12080
SP times:                             0
Number of added holes:                0
Number of successful refinements:     19
Number of failed refinements:         0
Max. size of reached set before ref.: 2945
Max. size of reached set after ref.:  2262
Avg. size of reached set before ref.: 2190.42
Avg. size of reached set after ref.:  731.79

Total time for CEGAR algorithm:       6.480s
CPU time for CEGAR algorithm:        12.810s
Time for refinements:                 0.725s
CPU time for refinements:             1.460s
Average time for refinement:          0.038s
Max time for refinement:              0.117s
First time for refinement:             0.287s
Last time for refinement:              0.095s
Average time for analysis:          0.287s
Number of analysis:                20

Counterexample-Check Algorithm statistics
-----------------------------------------
Number of counterexample checks:    0

Code Coverage
-----------------------------
  Visited lines:          2963
  Total lines:            6
  Line coverage:          493.833

CPAchecker general statistics
-----------------------------
Number of program locations:     1173
Number of CFA edges:             1290
Number of relevant variables:    108
Number of functions:             24
Number of loops:                 4
Size of reached set:             1809
  Number of reached locations:   1086 (93%)
    Avg states per location:     1
    Max states per location:     30 (at node N655)
  Number of reached functions:   17 (71%)
  Number of partitions:          1799
    Avg size of partitions:      1
    Max size of partitions:      2 (with key [N575 (before /work/ldvuser/novikov/work/current--X--drivers/media/video/videobuf-vmalloc.ko--X--defaultlinux--X--32_1--X--cpachecker/linux/csd_deg_dscv/11/dscv_tempdir/dscv/ri/32_1/drivers/media/video/videobuf-vmalloc.c, lines 678-783), Function ldv_main0_sequence_infinite_withcheck_stateful called from node N553, stack depth 1 [6ea1bcdc], stack [ldv_main0_sequence_infinite_withcheck_stateful], Init])
  Number of target states:       0

Time for analysis setup:                   1.680s
  Time for loading CPAs:                   0.397s
  Time for impacted traverse:              0.002s
  Time for loading parser:        0.035s
  Time for CFA construction:      1.174s
    Time for parsing file(s):     0.381s
    Time for AST to CFA:          0.411s
    Time for CFA sanity check:    0.000s
    Time for post-processing:     0.251s
      Time for var class.:        0.000s
Time for Analysis:                         6.484s
CPU time for analysis:     12.820s

Time for Garbage Collector:       0.228s (in 9 runs)
Garbage Collector(s) used:    PS MarkSweep, PS Scavenge
Used heap memory:                325MB (   310 MiB) max;    103MB (    99 MiB) avg;    328MB (   313 MiB) peak
Used non-heap memory:             35MB (    34 MiB) max;     30MB (    29 MiB) avg;     38MB (    37 MiB) peak
Used in PS Old Gen pool:          24MB (    22 MiB) max;     16MB (    16 MiB) avg;     24MB (    23 MiB) peak
Allocated heap memory:           584MB (   557 MiB) max;    293MB (   280 MiB) avg
Allocated non-heap memory:        39MB (    37 MiB) max;     32MB (    31 MiB) avg
Total process virtual memory:  13240MB ( 12627 MiB) max;  13238MB ( 12624 MiB) avg

Verification result: TRUE. No property violation found by chosen configuration.
More details about the verification run can be found in the directory "/home/yqs17/blazer/cpachecker-inc-pred/output-ori-final/flat/drivers--media--video--videobuf-vmalloc.ko.021.5993a66.32_1.cil_safe.i".
