scripts/cpa.sh -heap 10000M -predicateAnalysis-ABEl-debug -setprop cpa.predicate.refinement.performInitialStaticRefinement=false -disable-java-assertions -outputpath /home/yqs17/blazer/cpachecker-inc-pred/output-ori-final/flat/drivers--staging--comedi--adl_pci7432.ko.022.2f0b9d0.39_7a.cil_safe.i -stats -spec /home/yqs17/blazer/cpachecker-inc-pred/LDVErrorLabel.spc -entryfunction ldv_main0_sequence_infinite_withcheck_stateful /home/yqs17/blazer/cpachecker-inc-pred/programs-flat/drivers--staging--comedi--adl_pci7432.ko.022.2f0b9d0.39_7a.cil_safe.i


--------------------------------------------------------------------------------


Running CPAchecker with Java heap of size 10000M.
Running CPAchecker with the following extra VM options:  -Djava.io.tmpdir=/tmp/BenchExec_run_x43io5_4/tmp
PredicateCPA statistics
-----------------------
Read Precision Time:                0.000s
Precision file size:                0
Write Precision Time:               0.002s
Number of abstractions:            519 (12% of all post computations)
  Times abstraction was reused:    0
  Because of function entry/exit:  431 (83%)
  Because of loop head:            88 (17%)
  Because of join nodes:           0 (0%)
  Because of threshold:            0 (0%)
  Times precision was empty:       103 (20%)
  Times precision was {false}:     25 (5%)
  Times result was cached:         312 (60%)
  Times cartesian abs was used:    0 (0%)
  Times boolean abs was used:      79 (15%)
  Times result was 'false':        64 (12%)
Number of strengthen sat checks:   11
  Times result was 'false':        0 (0%)
Number of coverage checks:         655
  BDD entailment checks:           139
Number of SMT sat checks:          11
  trivial:                         11
  cached:                          0

Max ABE block size:                       14
Number of predicates discovered:          4
Number of abstraction locations:          0
Max number of predicates per location:    0
Avg number of predicates per location:    0
Total predicates per abstraction:         194
Max number of predicates per abstraction: 3
Avg number of predicates per abstraction: 1.87
Number of irrelevant predicates:          67 (35%)
Number of preds handled by boolean abs:   127 (65%)
  Total number of models for allsat:      80
  Max number of models for allsat:        2
  Avg number of models for allsat:        1.01

Number of path formula cache hits:   3784 (79%)

Time for post operator:                  0.507s
  Time for path formula creation:        0.261s
    Actual computation:                  0.236s
Time for strengthen operator:            0.014s
  Time for satisfiability checks:        0.000s
Time for prec operator:                  0.654s
  Time for abstraction:                  0.583s (Max:     0.024s, Count: 519)
    Boolean abstraction:                 0.143s
    Solving time:                        0.102s (Max:     0.012s)
    Model enumeration time:              0.005s
    Time for BDD construction:           0.015s (Max:     0.009s)
Time for merge operator:                 0.031s
Time for coverage check:                 0.001s
  Time for BDD entailment checks:        0.001s
Total time for SMT solver (w/o itp):     0.107s

Number of BDD nodes:                               215
Size of BDD node table:                            466043
Size of BDD cache:                                 46619
Size of BDD node cleanup queue:                          93 (count: 2949, min: 0, max: 47, avg: 0.03)
Time for BDD node cleanup:                             0.004s
Time for BDD garbage collection:                       0.000s (in 0 runs)

PrecisionBootstrap statistics
-----------------------------
Init. function predicates:                         0
Init. global predicates:                           0
Init. location predicates:                         0

----------------------

AutomatonAnalysis (SVCOMP) statistics
-------------------------------------
Number of states:                                  1
Total time for successor computation:                  0.045s
Automaton transfers with branching:                0
Automaton transfer successors:                         4201 (count: 4201, min: 1, max: 1, avg: 1.00) [1 x 4201]

CPA algorithm statistics
------------------------
Number of iterations:            3691
Max size of waitlist:            11
Average size of waitlist:        6
Number of computed successors:   4201
Max successors for one state:    2
Number of times merged:          258
Number of times stopped:         361
Number of times abs stopped:     103
Number of times nonAbs stopped:  0
Number of times doAbstraction node:  519
Number of times breaked:         11

Total time for CPA algorithm:         1.688s (Max:     0.341s)
CPU time for CPA algorithm:           3.320s
  Time for choose from waitlist:      0.021s
  Time for precision adjustment:      0.700s
  Time for transfer relation:         0.724s
  Time for merge operator:            0.067s
  Time for stop operator:             0.039s
  Time for adding to reached set:     0.045s

Predicate-Abstraction Refiner statistics
----------------------------------------
Avg. length of target path (in blocks):                 115 (count: 11, min: 6, max: 18, avg: 10.45)
Number of infeasible sliced prefixes:                     0 (count: 0, min: 0, max: 0, avg: 0.00)

Time for refinement:                                   0.321s
  Counterexample analysis:                0.268s (Max:     0.048s, Calls: 11)
    Refinement sat check:                 0.099s
    Interpolant computation:              0.000s
  Error path post-processing:                          0.000s
  Path-formulas extraction:                            0.000s
  Building the counterexample trace:                   0.268s
  Extracting precise counterexample:                   0.000s
  Extracting infeasible sliced prefixes:               0.000s
  Selecting infeasible sliced prefixes:                0.000s
  Predicate creation:                                  0.008s
  Precision update:                                    0.003s
  ARG update:                                          0.030s

Length of refined path (in blocks):                     100 (count: 11, min: 4, max: 17, avg: 9.09)
Number of affected states:                               79 (count: 11, min: 3, max: 15, avg: 7.18)
Length (states) of path with itp 'true':                 10 (count: 11, min: 0, max: 1, avg: 0.91)
Length (states) of path with itp non-trivial itp:        79 (count: 11, min: 3, max: 15, avg: 7.18)
Length (states) of path with itp 'false':                11 (count: 11, min: 1, max: 1, avg: 1.00)
Different non-trivial interpolants along paths:           0 (count: 11, min: 0, max: 0, avg: 0.00)
Equal non-trivial interpolants along paths:              68 (count: 11, min: 2, max: 14, avg: 6.18)
Different precisions along paths:                         0 (count: 0, min: 0, max: 0, avg: 0.00)
Equal precisions along paths:                             0 (count: 0, min: 0, max: 0, avg: 0.00)
Number of refs with location-based cutoff:                0

CEGAR algorithm statistics
--------------------------
Number of refinements:                11
Lazy expansion status:                false
Expansion times:                      0
Total path lengths:                   4226
SP times:                             0
Number of added holes:                0
Number of successful refinements:     11
Number of failed refinements:         0
Max. size of reached set before ref.: 764
Max. size of reached set after ref.:  337
Avg. size of reached set before ref.: 615.64
Avg. size of reached set after ref.:  336.55

Total time for CEGAR algorithm:       2.051s
CPU time for CEGAR algorithm:         4.020s
Time for refinements:                 0.360s
CPU time for refinements:             0.690s
Average time for refinement:          0.032s
Max time for refinement:              0.068s
First time for refinement:             0.140s
Last time for refinement:              0.085s
Average time for analysis:          0.140s
Number of analysis:                12

Counterexample-Check Algorithm statistics
-----------------------------------------
Number of counterexample checks:    0

Code Coverage
-----------------------------
  Visited lines:          1419
  Total lines:            24
  Line coverage:          59.125

CPAchecker general statistics
-----------------------------
Number of program locations:     718
Number of CFA edges:             777
Number of relevant variables:    74
Number of functions:             34
Number of loops:                 2
Size of reached set:             707
  Number of reached locations:   520 (72%)
    Avg states per location:     1
    Max states per location:     6 (at node N245)
  Number of reached functions:   11 (32%)
  Number of partitions:          706
    Avg size of partitions:      1
    Max size of partitions:      2 (with key [N247 (before /work/ldvuser/novikov/work/current--X--drivers/staging/comedi/drivers/adl_pci7432.ko--X--defaultlinux--X--39_7a--X--cpachecker/linux/csd_deg_dscv/12/dscv_tempdir/dscv/ri/39_7a/drivers/staging/comedi/drivers/adl_pci7432.c.prepared, line 346), Function ldv_main0_sequence_infinite_withcheck_stateful called from node N190, stack depth 1 [5553d0f5], stack [ldv_main0_sequence_infinite_withcheck_stateful], Init])
  Number of target states:       0

Time for analysis setup:                   1.356s
  Time for loading CPAs:                   0.372s
  Time for impacted traverse:              0.002s
  Time for loading parser:        0.030s
  Time for CFA construction:      0.873s
    Time for parsing file(s):     0.284s
    Time for AST to CFA:          0.299s
    Time for CFA sanity check:    0.000s
    Time for post-processing:     0.190s
      Time for var class.:        0.000s
Time for Analysis:                         2.052s
CPU time for analysis:      4.030s

Time for Garbage Collector:       0.171s (in 6 runs)
Garbage Collector(s) used:    PS MarkSweep, PS Scavenge
Used heap memory:                 92MB (    88 MiB) max;     44MB (    42 MiB) avg;    105MB (   100 MiB) peak
Used non-heap memory:             35MB (    33 MiB) max;     26MB (    25 MiB) avg;     35MB (    34 MiB) peak
Used in PS Old Gen pool:          19MB (    18 MiB) max;      7MB (     7 MiB) avg;     19MB (    18 MiB) peak
Allocated heap memory:           270MB (   258 MiB) max;    181MB (   173 MiB) avg
Allocated non-heap memory:        35MB (    34 MiB) max;     27MB (    26 MiB) avg
Total process virtual memory:  13240MB ( 12627 MiB) max;  13235MB ( 12622 MiB) avg

Verification result: TRUE. No property violation found by chosen configuration.
More details about the verification run can be found in the directory "/home/yqs17/blazer/cpachecker-inc-pred/output-ori-final/flat/drivers--staging--comedi--adl_pci7432.ko.022.2f0b9d0.39_7a.cil_safe.i".
