scripts/cpa.sh -heap 10000M -predicateAnalysis-ABEl-debug -setprop cpa.predicate.refinement.performInitialStaticRefinement=false -disable-java-assertions -outputpath /home/yqs17/blazer/cpachecker-inc-pred/output-ori-final/flat/drivers--gpu--drm--i2c--sil164.ko.002.e811f5a.39_7a.cil_safe.i -stats -spec /home/yqs17/blazer/cpachecker-inc-pred/LDVErrorLabel.spc -entryfunction ldv_main0_sequence_infinite_withcheck_stateful /home/yqs17/blazer/cpachecker-inc-pred/programs-flat/drivers--gpu--drm--i2c--sil164.ko.002.e811f5a.39_7a.cil_safe.i


--------------------------------------------------------------------------------


Running CPAchecker with Java heap of size 10000M.
Running CPAchecker with the following extra VM options:  -Djava.io.tmpdir=/tmp/BenchExec_run_vsk9x8k8/tmp
PredicateCPA statistics
-----------------------
Read Precision Time:                0.000s
Precision file size:                0
Write Precision Time:               0.003s
Number of abstractions:            67175 (15% of all post computations)
  Times abstraction was reused:    0
  Because of function entry/exit:  60245 (90%)
  Because of loop head:            6930 (10%)
  Because of join nodes:           0 (0%)
  Because of threshold:            0 (0%)
  Times precision was empty:       18398 (27%)
  Times precision was {false}:     809 (1%)
  Times result was cached:         43776 (65%)
  Times cartesian abs was used:    0 (0%)
  Times boolean abs was used:      4192 (6%)
  Times result was 'false':        1887 (3%)
Number of strengthen sat checks:   96
  Times result was 'false':        0 (0%)
Number of coverage checks:         82621
  BDD entailment checks:           21529
Number of SMT sat checks:          96
  trivial:                         96
  cached:                          0

Max ABE block size:                       31
Number of predicates discovered:          12
Number of abstraction locations:          0
Max number of predicates per location:    0
Avg number of predicates per location:    0
Total predicates per abstraction:         26619
Max number of predicates per abstraction: 8
Avg number of predicates per abstraction: 5.32
Number of irrelevant predicates:          12238 (46%)
Number of preds handled by boolean abs:   14381 (54%)
  Total number of models for allsat:      4799
  Max number of models for allsat:        3
  Avg number of models for allsat:        1.14

Number of path formula cache hits:   515149 (94%)

Time for post operator:                 14.473s
  Time for path formula creation:        3.831s
    Actual computation:                  2.815s
Time for strengthen operator:            0.304s
  Time for satisfiability checks:        0.001s
Time for prec operator:                 15.578s
  Time for abstraction:                 12.446s (Max:     0.170s, Count: 67175)
    Boolean abstraction:                 1.648s
    Solving time:                        0.739s (Max:     0.012s)
    Model enumeration time:              0.178s
    Time for BDD construction:           0.081s (Max:     0.005s)
Time for merge operator:                 0.595s
Time for coverage check:                 0.049s
  Time for BDD entailment checks:        0.038s
Total time for SMT solver (w/o itp):     0.917s

Number of BDD nodes:                               891
Size of BDD node table:                            466043
Size of BDD cache:                                 46619
Size of BDD node cleanup queue:                        5077 (count: 65974, min: 0, max: 827, avg: 0.08)
Time for BDD node cleanup:                             0.008s
Time for BDD garbage collection:                       0.000s (in 0 runs)

PrecisionBootstrap statistics
-----------------------------
Init. function predicates:                         0
Init. global predicates:                           0
Init. location predicates:                         0

----------------------

AutomatonAnalysis (SVCOMP) statistics
-------------------------------------
Number of states:                                  1
Total time for successor computation:                  0.234s
Automaton transfers with branching:                0
Automaton transfer successors:                       458466 (count: 458466, min: 1, max: 1, avg: 1.00) [1 x 458466]

CPA algorithm statistics
------------------------
Number of iterations:            415564
Max size of waitlist:            51
Average size of waitlist:        25
Number of computed successors:   458466
Max successors for one state:    2
Number of times merged:          30546
Number of times stopped:         40695
Number of times abs stopped:     10149
Number of times nonAbs stopped:  0
Number of times doAbstraction node:  67175
Number of times breaked:         96

Total time for CPA algorithm:        37.912s (Max:     1.145s)
CPU time for CPA algorithm:          67.730s
  Time for choose from waitlist:      0.191s
  Time for precision adjustment:     16.231s
  Time for transfer relation:        17.608s
  Time for merge operator:            1.141s
  Time for stop operator:             0.655s
  Time for adding to reached set:     0.782s

Predicate-Abstraction Refiner statistics
----------------------------------------
Avg. length of target path (in blocks):                2136 (count: 96, min: 14, max: 43, avg: 22.25)
Number of infeasible sliced prefixes:                     0 (count: 0, min: 0, max: 0, avg: 0.00)

Time for refinement:                                   2.887s
  Counterexample analysis:                1.552s (Max:     0.097s, Calls: 96)
    Refinement sat check:                 0.341s
    Interpolant computation:              0.000s
  Error path post-processing:                          0.000s
  Path-formulas extraction:                            0.002s
  Building the counterexample trace:                   1.553s
  Extracting precise counterexample:                   0.000s
  Extracting infeasible sliced prefixes:               0.000s
  Selecting infeasible sliced prefixes:                0.000s
  Predicate creation:                                  0.015s
  Precision update:                                    0.026s
  ARG update:                                          1.214s

Length of refined path (in blocks):                    1992 (count: 96, min: 8, max: 42, avg: 20.75)
Number of affected states:                             1762 (count: 96, min: 1, max: 40, avg: 18.35)
Length (states) of path with itp 'true':                134 (count: 96, min: 0, max: 11, avg: 1.40)
Length (states) of path with itp non-trivial itp:      1762 (count: 96, min: 1, max: 40, avg: 18.35)
Length (states) of path with itp 'false':                96 (count: 96, min: 1, max: 1, avg: 1.00)
Different non-trivial interpolants along paths:           2 (count: 96, min: 0, max: 1, avg: 0.02)
Equal non-trivial interpolants along paths:            1664 (count: 96, min: 0, max: 39, avg: 17.33)
Different precisions along paths:                         0 (count: 0, min: 0, max: 0, avg: 0.00)
Equal precisions along paths:                             0 (count: 0, min: 0, max: 0, avg: 0.00)
Number of refs with location-based cutoff:                0

CEGAR algorithm statistics
--------------------------
Number of refinements:                96
Lazy expansion status:                false
Expansion times:                      0
Total path lengths:                   90407
SP times:                             0
Number of added holes:                0
Number of successful refinements:     96
Number of failed refinements:         0
Max. size of reached set before ref.: 7569
Max. size of reached set after ref.:  3285
Avg. size of reached set before ref.: 5233.27
Avg. size of reached set after ref.:  938.04

Total time for CEGAR algorithm:      40.984s
CPU time for CEGAR algorithm:        73.430s
Time for refinements:                 3.065s
CPU time for refinements:             5.690s
Average time for refinement:          0.031s
Max time for refinement:              0.149s
First time for refinement:             0.390s
Last time for refinement:              0.294s
Average time for analysis:          0.390s
Number of analysis:                97

Counterexample-Check Algorithm statistics
-----------------------------------------
Number of counterexample checks:    0

Code Coverage
-----------------------------
  Visited lines:          4478
  Total lines:            6
  Line coverage:          746.333

CPAchecker general statistics
-----------------------------
Number of program locations:     1792
Number of CFA edges:             1994
Number of relevant variables:    189
Number of functions:             84
Number of loops:                 4
Size of reached set:             3543
  Number of reached locations:   1325 (74%)
    Avg states per location:     2
    Max states per location:     52 (at node N30)
  Number of reached functions:   32 (38%)
  Number of partitions:          3517
    Avg size of partitions:      1
    Max size of partitions:      3 (with key [N89 (before /work/ldvuser/novikov/work/current--X--drivers/gpu/drm/i2c/sil164.ko--X--defaultlinux--X--39_7a--X--cpachecker/linux/csd_deg_dscv/14/dscv_tempdir/dscv/ri/39_7a/drivers/gpu/drm/i2c/sil164_drv.c.prepared, line 212), Function sil164_restore_state called from node N209, stack depth 3 [5af92ce1], stack [ldv_main0_sequence_infinite_withcheck_stateful, sil164_encoder_restore, sil164_restore_state], Init])
  Number of target states:       0

Time for analysis setup:                   1.907s
  Time for loading CPAs:                   0.388s
  Time for impacted traverse:              0.003s
  Time for loading parser:        0.035s
  Time for CFA construction:      1.397s
    Time for parsing file(s):     0.436s
    Time for AST to CFA:          0.520s
    Time for CFA sanity check:    0.001s
    Time for post-processing:     0.289s
      Time for var class.:        0.000s
Time for Analysis:                        40.990s
CPU time for analysis:     73.450s

Time for Garbage Collector:       0.997s (in 33 runs)
Garbage Collector(s) used:    PS MarkSweep, PS Scavenge
Used heap memory:               1808MB (  1724 MiB) max;    491MB (   468 MiB) avg;   1809MB (  1726 MiB) peak
Used non-heap memory:             42MB (    40 MiB) max;     37MB (    36 MiB) avg;     44MB (    42 MiB) peak
Used in PS Old Gen pool:          28MB (    27 MiB) max;     24MB (    23 MiB) avg;     29MB (    27 MiB) peak
Allocated heap memory:          2106MB (  2009 MiB) max;   1025MB (   977 MiB) avg
Allocated non-heap memory:        46MB (    43 MiB) max;     41MB (    39 MiB) avg
Total process virtual memory:  13243MB ( 12629 MiB) max;  13239MB ( 12626 MiB) avg

Verification result: TRUE. No property violation found by chosen configuration.
More details about the verification run can be found in the directory "/home/yqs17/blazer/cpachecker-inc-pred/output-ori-final/flat/drivers--gpu--drm--i2c--sil164.ko.002.e811f5a.39_7a.cil_safe.i".
