scripts/cpa.sh -heap 10000M -predicateAnalysis-ABEl-debug -setprop cpa.predicate.refinement.performInitialStaticRefinement=false -disable-java-assertions -outputpath /home/yqs17/blazer/cpachecker-inc-pred/output-ori-final/flat/drivers--target--loopback--tcm_loop.ko.030.f872c9f.08_1a.cil_safe.i -stats -spec /home/yqs17/blazer/cpachecker-inc-pred/LDVErrorLabel.spc -entryfunction ldv_main0_sequence_infinite_withcheck_stateful /home/yqs17/blazer/cpachecker-inc-pred/programs-flat/drivers--target--loopback--tcm_loop.ko.030.f872c9f.08_1a.cil_safe.i


--------------------------------------------------------------------------------


Running CPAchecker with Java heap of size 10000M.
Running CPAchecker with the following extra VM options:  -Djava.io.tmpdir=/tmp/BenchExec_run_u64pg91j/tmp
PredicateCPA statistics
-----------------------
Read Precision Time:                0.000s
Precision file size:                0
Write Precision Time:               0.003s
Number of abstractions:            51676 (16% of all post computations)
  Times abstraction was reused:    0
  Because of function entry/exit:  50113 (97%)
  Because of loop head:            1563 (3%)
  Because of join nodes:           0 (0%)
  Because of threshold:            0 (0%)
  Times precision was empty:       4391 (8%)
  Times precision was {false}:     722 (1%)
  Times result was cached:         44965 (87%)
  Times cartesian abs was used:    0 (0%)
  Times boolean abs was used:      1598 (3%)
  Times result was 'false':        303 (1%)
Number of strengthen sat checks:   46
  Times result was 'false':        0 (0%)
Number of coverage checks:         50736
  BDD entailment checks:           22694
Number of SMT sat checks:          46
  trivial:                         46
  cached:                          0

Max ABE block size:                       31
Number of predicates discovered:          9
Number of abstraction locations:          0
Max number of predicates per location:    0
Avg number of predicates per location:    0
Total predicates per abstraction:         5418
Max number of predicates per abstraction: 7
Avg number of predicates per abstraction: 2.34
Number of irrelevant predicates:          3000 (55%)
Number of preds handled by boolean abs:   2418 (45%)
  Total number of models for allsat:      1706
  Max number of models for allsat:        3
  Avg number of models for allsat:        1.07

Number of path formula cache hits:   261934 (71%)

Time for post operator:                 12.645s
  Time for path formula creation:        8.082s
    Actual computation:                  6.500s
Time for strengthen operator:            0.237s
  Time for satisfiability checks:        0.001s
Time for prec operator:                  8.775s
  Time for abstraction:                  6.666s (Max:     0.171s, Count: 51676)
    Boolean abstraction:                 0.603s
    Solving time:                        0.465s (Max:     0.007s)
    Model enumeration time:              0.040s
    Time for BDD construction:           0.038s (Max:     0.004s)
Time for merge operator:                 1.022s
Time for coverage check:                 0.047s
  Time for BDD entailment checks:        0.038s
Total time for SMT solver (w/o itp):     0.505s

Number of BDD nodes:                               344
Size of BDD node table:                            466043
Size of BDD cache:                                 46619
Size of BDD node cleanup queue:                        1683 (count: 46321, min: 0, max: 276, avg: 0.04)
Time for BDD node cleanup:                             0.011s
Time for BDD garbage collection:                       0.000s (in 0 runs)

PrecisionBootstrap statistics
-----------------------------
Init. function predicates:                         0
Init. global predicates:                           0
Init. location predicates:                         0

----------------------

AutomatonAnalysis (SVCOMP) statistics
-------------------------------------
Number of states:                                  1
Total time for successor computation:                  0.241s
Automaton transfers with branching:                0
Automaton transfer successors:                       327345 (count: 327345, min: 1, max: 1, avg: 1.00) [1 x 327345]

CPA algorithm statistics
------------------------
Number of iterations:            298696
Max size of waitlist:            66
Average size of waitlist:        36
Number of computed successors:   327345
Max successors for one state:    2
Number of times merged:          14021
Number of times stopped:         28227
Number of times abs stopped:     14206
Number of times nonAbs stopped:  0
Number of times doAbstraction node:  51676
Number of times breaked:         46

Total time for CPA algorithm:        29.162s (Max:     1.333s)
CPU time for CPA algorithm:          56.270s
  Time for choose from waitlist:      0.197s
  Time for precision adjustment:      9.363s
  Time for transfer relation:        15.585s
  Time for merge operator:            1.413s
  Time for stop operator:             0.559s
  Time for adding to reached set:     0.728s

Predicate-Abstraction Refiner statistics
----------------------------------------
Avg. length of target path (in blocks):                2134 (count: 46, min: 29, max: 66, avg: 46.39)
Number of infeasible sliced prefixes:                     0 (count: 0, min: 0, max: 0, avg: 0.00)

Time for refinement:                                   4.269s
  Counterexample analysis:                2.981s (Max:     0.204s, Calls: 46)
    Refinement sat check:                 0.484s
    Interpolant computation:              0.000s
  Error path post-processing:                          0.000s
  Path-formulas extraction:                            0.003s
  Building the counterexample trace:                   2.982s
  Extracting precise counterexample:                   0.000s
  Extracting infeasible sliced prefixes:               0.000s
  Selecting infeasible sliced prefixes:                0.000s
  Predicate creation:                                  0.011s
  Precision update:                                    0.023s
  ARG update:                                          1.167s

Length of refined path (in blocks):                    1735 (count: 46, min: 10, max: 62, avg: 37.72)
Number of affected states:                             1652 (count: 46, min: 1, max: 61, avg: 35.91)
Length (states) of path with itp 'true':                 37 (count: 46, min: 0, max: 16, avg: 0.80)
Length (states) of path with itp non-trivial itp:      1652 (count: 46, min: 1, max: 61, avg: 35.91)
Length (states) of path with itp 'false':                46 (count: 46, min: 1, max: 1, avg: 1.00)
Different non-trivial interpolants along paths:           4 (count: 46, min: 0, max: 2, avg: 0.09)
Equal non-trivial interpolants along paths:            1602 (count: 46, min: 0, max: 60, avg: 34.83)
Different precisions along paths:                         0 (count: 0, min: 0, max: 0, avg: 0.00)
Equal precisions along paths:                             0 (count: 0, min: 0, max: 0, avg: 0.00)
Number of refs with location-based cutoff:                0

CEGAR algorithm statistics
--------------------------
Number of refinements:                46
Lazy expansion status:                false
Expansion times:                      0
Total path lengths:                   69883
SP times:                             0
Number of added holes:                0
Number of successful refinements:     46
Number of failed refinements:         0
Max. size of reached set before ref.: 12142
Max. size of reached set after ref.:  5860
Avg. size of reached set before ref.: 7654.98
Avg. size of reached set after ref.:  1317.96

Total time for CEGAR algorithm:      33.607s
CPU time for CEGAR algorithm:        65.060s
Time for refinements:                 4.437s
CPU time for refinements:             8.790s
Average time for refinement:          0.096s
Max time for refinement:              0.255s
First time for refinement:             0.620s
Last time for refinement:              0.521s
Average time for analysis:          0.620s
Number of analysis:                47

Counterexample-Check Algorithm statistics
-----------------------------------------
Number of counterexample checks:    0

Code Coverage
-----------------------------
  Visited lines:          6641
  Total lines:            4
  Line coverage:          1660.250

CPAchecker general statistics
-----------------------------
Number of program locations:     2905
Number of CFA edges:             3222
Number of relevant variables:    366
Number of functions:             101
Number of loops:                 2
Size of reached set:             7313
  Number of reached locations:   2037 (70%)
    Avg states per location:     3
    Max states per location:     67 (at node N1829)
  Number of reached functions:   44 (44%)
  Number of partitions:          7298
    Avg size of partitions:      1
    Max size of partitions:      4 (with key [N1811 (before /work/ldvuser/novikov/work/current--X--drivers/target/loopback/tcm_loop.ko--X--defaultlinux--X--08_1a--X--cpachecker/linux/csd_deg_dscv/11/dscv_tempdir/dscv/ri/08_1a/drivers/target/loopback/tcm_loop.c.prepared, line 1648), Function ldv_main0_sequence_infinite_withcheck_stateful called from node N1714, stack depth 1 [1d61c6dc], stack [ldv_main0_sequence_infinite_withcheck_stateful], Init])
  Number of target states:       0

Time for analysis setup:                   2.499s
  Time for loading CPAs:                   0.415s
  Time for impacted traverse:              0.002s
  Time for loading parser:        0.037s
  Time for CFA construction:      1.974s
    Time for parsing file(s):     0.564s
    Time for AST to CFA:          0.727s
    Time for CFA sanity check:    0.000s
    Time for post-processing:     0.458s
      Time for var class.:        0.000s
Time for Analysis:                        33.623s
CPU time for analysis:     65.090s

Time for Garbage Collector:       1.445s (in 23 runs)
Garbage Collector(s) used:    PS MarkSweep, PS Scavenge
Used heap memory:               1460MB (  1392 MiB) max;    391MB (   373 MiB) avg;   1481MB (  1412 MiB) peak
Used non-heap memory:             43MB (    41 MiB) max;     36MB (    34 MiB) avg;     45MB (    43 MiB) peak
Used in PS Old Gen pool:          68MB (    65 MiB) max;     33MB (    32 MiB) avg;     68MB (    65 MiB) peak
Allocated heap memory:          1843MB (  1758 MiB) max;    826MB (   788 MiB) avg
Allocated non-heap memory:        45MB (    43 MiB) max;     39MB (    37 MiB) avg
Total process virtual memory:  13243MB ( 12630 MiB) max;  13239MB ( 12626 MiB) avg

Verification result: TRUE. No property violation found by chosen configuration.
More details about the verification run can be found in the directory "/home/yqs17/blazer/cpachecker-inc-pred/output-ori-final/flat/drivers--target--loopback--tcm_loop.ko.030.f872c9f.08_1a.cil_safe.i".
