scripts/cpa.sh -heap 10000M -predicateAnalysis-ABEl-debug -setprop cpa.predicate.refinement.performInitialStaticRefinement=false -disable-java-assertions -outputpath /home/yqs17/blazer/cpachecker-inc-pred/output-ori-final/flat/drivers--gpu--drm--i2c--sil164.ko.003.760285e.39_7a.cil_safe.i -stats -spec /home/yqs17/blazer/cpachecker-inc-pred/LDVErrorLabel.spc -entryfunction ldv_main0_sequence_infinite_withcheck_stateful /home/yqs17/blazer/cpachecker-inc-pred/programs-flat/drivers--gpu--drm--i2c--sil164.ko.003.760285e.39_7a.cil_safe.i


--------------------------------------------------------------------------------


Running CPAchecker with Java heap of size 10000M.
Running CPAchecker with the following extra VM options:  -Djava.io.tmpdir=/tmp/BenchExec_run_7gpiwvx0/tmp
PredicateCPA statistics
-----------------------
Read Precision Time:                0.000s
Precision file size:                0
Write Precision Time:               0.003s
Number of abstractions:            67175 (15% of all post computations)
  Times abstraction was reused:    0
  Because of function entry/exit:  60245 (90%)
  Because of loop head:            6930 (10%)
  Because of join nodes:           0 (0%)
  Because of threshold:            0 (0%)
  Times precision was empty:       18398 (27%)
  Times precision was {false}:     809 (1%)
  Times result was cached:         43776 (65%)
  Times cartesian abs was used:    0 (0%)
  Times boolean abs was used:      4192 (6%)
  Times result was 'false':        1887 (3%)
Number of strengthen sat checks:   96
  Times result was 'false':        0 (0%)
Number of coverage checks:         82621
  BDD entailment checks:           21529
Number of SMT sat checks:          96
  trivial:                         96
  cached:                          0

Max ABE block size:                       31
Number of predicates discovered:          12
Number of abstraction locations:          0
Max number of predicates per location:    0
Avg number of predicates per location:    0
Total predicates per abstraction:         26619
Max number of predicates per abstraction: 8
Avg number of predicates per abstraction: 5.32
Number of irrelevant predicates:          12238 (46%)
Number of preds handled by boolean abs:   14381 (54%)
  Total number of models for allsat:      4799
  Max number of models for allsat:        3
  Avg number of models for allsat:        1.14

Number of path formula cache hits:   515149 (94%)

Time for post operator:                 14.762s
  Time for path formula creation:        3.908s
    Actual computation:                  2.628s
Time for strengthen operator:            0.356s
  Time for satisfiability checks:        0.002s
Time for prec operator:                 15.454s
  Time for abstraction:                 12.298s (Max:     0.055s, Count: 67175)
    Boolean abstraction:                 1.669s
    Solving time:                        0.788s (Max:     0.012s)
    Model enumeration time:              0.179s
    Time for BDD construction:           0.078s (Max:     0.001s)
Time for merge operator:                 0.635s
Time for coverage check:                 0.070s
  Time for BDD entailment checks:        0.055s
Total time for SMT solver (w/o itp):     0.967s

Number of BDD nodes:                               891
Size of BDD node table:                            466043
Size of BDD cache:                                 46619
Size of BDD node cleanup queue:                        5025 (count: 65989, min: 0, max: 874, avg: 0.08)
Time for BDD node cleanup:                             0.013s
Time for BDD garbage collection:                       0.000s (in 0 runs)

PrecisionBootstrap statistics
-----------------------------
Init. function predicates:                         0
Init. global predicates:                           0
Init. location predicates:                         0

----------------------

AutomatonAnalysis (SVCOMP) statistics
-------------------------------------
Number of states:                                  1
Total time for successor computation:                  0.283s
Automaton transfers with branching:                0
Automaton transfer successors:                       458471 (count: 458471, min: 1, max: 1, avg: 1.00) [1 x 458471]

CPA algorithm statistics
------------------------
Number of iterations:            415569
Max size of waitlist:            51
Average size of waitlist:        25
Number of computed successors:   458471
Max successors for one state:    2
Number of times merged:          30546
Number of times stopped:         40695
Number of times abs stopped:     10149
Number of times nonAbs stopped:  0
Number of times doAbstraction node:  67175
Number of times breaked:         96

Total time for CPA algorithm:        38.797s (Max:     1.136s)
CPU time for CPA algorithm:          69.950s
  Time for choose from waitlist:      0.195s
  Time for precision adjustment:     16.131s
  Time for transfer relation:        18.330s
  Time for merge operator:            1.249s
  Time for stop operator:             0.675s
  Time for adding to reached set:     0.850s

Predicate-Abstraction Refiner statistics
----------------------------------------
Avg. length of target path (in blocks):                2136 (count: 96, min: 14, max: 43, avg: 22.25)
Number of infeasible sliced prefixes:                     0 (count: 0, min: 0, max: 0, avg: 0.00)

Time for refinement:                                   3.091s
  Counterexample analysis:                1.701s (Max:     0.108s, Calls: 96)
    Refinement sat check:                 0.358s
    Interpolant computation:              0.000s
  Error path post-processing:                          0.000s
  Path-formulas extraction:                            0.002s
  Building the counterexample trace:                   1.701s
  Extracting precise counterexample:                   0.000s
  Extracting infeasible sliced prefixes:               0.000s
  Selecting infeasible sliced prefixes:                0.000s
  Predicate creation:                                  0.020s
  Precision update:                                    0.025s
  ARG update:                                          1.237s

Length of refined path (in blocks):                    1992 (count: 96, min: 8, max: 42, avg: 20.75)
Number of affected states:                             1762 (count: 96, min: 1, max: 40, avg: 18.35)
Length (states) of path with itp 'true':                134 (count: 96, min: 0, max: 11, avg: 1.40)
Length (states) of path with itp non-trivial itp:      1762 (count: 96, min: 1, max: 40, avg: 18.35)
Length (states) of path with itp 'false':                96 (count: 96, min: 1, max: 1, avg: 1.00)
Different non-trivial interpolants along paths:           2 (count: 96, min: 0, max: 1, avg: 0.02)
Equal non-trivial interpolants along paths:            1664 (count: 96, min: 0, max: 39, avg: 17.33)
Different precisions along paths:                         0 (count: 0, min: 0, max: 0, avg: 0.00)
Equal precisions along paths:                             0 (count: 0, min: 0, max: 0, avg: 0.00)
Number of refs with location-based cutoff:                0

CEGAR algorithm statistics
--------------------------
Number of refinements:                96
Lazy expansion status:                false
Expansion times:                      0
Total path lengths:                   90887
SP times:                             0
Number of added holes:                0
Number of successful refinements:     96
Number of failed refinements:         0
Max. size of reached set before ref.: 7574
Max. size of reached set after ref.:  3290
Avg. size of reached set before ref.: 5238.27
Avg. size of reached set after ref.:  943.04

Total time for CEGAR algorithm:      42.089s
CPU time for CEGAR algorithm:        76.300s
Time for refinements:                 3.278s
CPU time for refinements:             6.310s
Average time for refinement:          0.034s
Max time for refinement:              0.148s
First time for refinement:             0.399s
Last time for refinement:              0.251s
Average time for analysis:          0.399s
Number of analysis:                97

Counterexample-Check Algorithm statistics
-----------------------------------------
Number of counterexample checks:    0

Code Coverage
-----------------------------
  Visited lines:          4471
  Total lines:            6
  Line coverage:          745.167

CPAchecker general statistics
-----------------------------
Number of program locations:     1797
Number of CFA edges:             1999
Number of relevant variables:    189
Number of functions:             84
Number of loops:                 4
Size of reached set:             3548
  Number of reached locations:   1330 (74%)
    Avg states per location:     2
    Max states per location:     52 (at node N30)
  Number of reached functions:   32 (38%)
  Number of partitions:          3522
    Avg size of partitions:      1
    Max size of partitions:      3 (with key [N89 (before /work/ldvuser/novikov/work/current--X--drivers/gpu/drm/i2c/sil164.ko--X--defaultlinux--X--39_7a--X--cpachecker/linux/csd_deg_dscv/14/dscv_tempdir/dscv/ri/39_7a/drivers/gpu/drm/i2c/sil164_drv.c.prepared, line 212), Function sil164_restore_state called from node N209, stack depth 3 [71bf1acc], stack [ldv_main0_sequence_infinite_withcheck_stateful, sil164_encoder_restore, sil164_restore_state], Init])
  Number of target states:       0

Time for analysis setup:                   1.935s
  Time for loading CPAs:                   0.366s
  Time for impacted traverse:              0.002s
  Time for loading parser:        0.028s
  Time for CFA construction:      1.466s
    Time for parsing file(s):     0.488s
    Time for AST to CFA:          0.529s
    Time for CFA sanity check:    0.000s
    Time for post-processing:     0.298s
      Time for var class.:        0.000s
Time for Analysis:                        42.093s
CPU time for analysis:     76.310s

Time for Garbage Collector:       0.991s (in 33 runs)
Garbage Collector(s) used:    PS MarkSweep, PS Scavenge
Used heap memory:               1798MB (  1714 MiB) max;    482MB (   460 MiB) avg;   1800MB (  1717 MiB) peak
Used non-heap memory:             42MB (    40 MiB) max;     38MB (    36 MiB) avg;     45MB (    42 MiB) peak
Used in PS Old Gen pool:          28MB (    26 MiB) max;     23MB (    22 MiB) avg;     29MB (    27 MiB) peak
Allocated heap memory:          2093MB (  1996 MiB) max;   1016MB (   969 MiB) avg
Allocated non-heap memory:        45MB (    43 MiB) max;     41MB (    39 MiB) avg
Total process virtual memory:  13243MB ( 12629 MiB) max;  13239MB ( 12626 MiB) avg

Verification result: TRUE. No property violation found by chosen configuration.
More details about the verification run can be found in the directory "/home/yqs17/blazer/cpachecker-inc-pred/output-ori-final/flat/drivers--gpu--drm--i2c--sil164.ko.003.760285e.39_7a.cil_safe.i".
