scripts/cpa.sh -heap 10000M -predicateAnalysis-ABEl-debug -setprop cpa.predicate.refinement.performInitialStaticRefinement=false -disable-java-assertions -outputpath /home/yqs17/blazer/cpachecker-inc-pred/output-ori-final-13/flat/103.1952978.32_7a.cil_safe.i -stats -spec /home/yqs17/blazer/cpachecker-inc-pred/LDVErrorLabel.spc -entryfunction ldv_main0_sequence_infinite_withcheck_stateful /home/yqs17/blazer/cpachecker-inc-pred/programs/drivers--hwmon--it87.ko/103.1952978.32_7a.cil_safe.i


--------------------------------------------------------------------------------


Running CPAchecker with Java heap of size 10000M.
Running CPAchecker with the following extra VM options:  -Djava.io.tmpdir=/tmp/BenchExec_run_zpxmyzhp/tmp
PredicateCPA statistics
-----------------------
Read Precision Time:                0.000s
Precision file size:                0
Write Precision Time:               0.003s
Number of abstractions:            95393 (17% of all post computations)
  Times abstraction was reused:    0
  Because of function entry/exit:  75204 (79%)
  Because of loop head:            20189 (21%)
  Because of join nodes:           0 (0%)
  Because of threshold:            0 (0%)
  Times precision was empty:       32731 (34%)
  Times precision was {false}:     1013 (1%)
  Times result was cached:         57062 (60%)
  Times cartesian abs was used:    0 (0%)
  Times boolean abs was used:      4587 (5%)
  Times result was 'false':        3159 (3%)
Number of strengthen sat checks:   39
  Times result was 'false':        0 (0%)
Number of coverage checks:         98162
  BDD entailment checks:           25088
Number of SMT sat checks:          39
  trivial:                         39
  cached:                          0

Max ABE block size:                       179
Number of predicates discovered:          18
Number of abstraction locations:          0
Max number of predicates per location:    0
Avg number of predicates per location:    0
Total predicates per abstraction:         24138
Max number of predicates per abstraction: 12
Avg number of predicates per abstraction: 4.31
Number of irrelevant predicates:          9693 (40%)
Number of preds handled by boolean abs:   14445 (60%)
  Total number of models for allsat:      5203
  Max number of models for allsat:        6
  Avg number of models for allsat:        1.13

Number of path formula cache hits:   495526 (77%)

Time for post operator:                 31.370s
  Time for path formula creation:       25.021s
    Actual computation:                 19.067s
Time for strengthen operator:            0.346s
  Time for satisfiability checks:        0.001s
Time for prec operator:                 28.430s
  Time for abstraction:                 20.812s (Max:     0.620s, Count: 95393)
    Boolean abstraction:                 4.609s
    Solving time:                        4.577s (Max:     0.502s)
    Model enumeration time:              0.396s
    Time for BDD construction:           0.073s (Max:     0.001s)
Time for merge operator:                43.592s
Time for coverage check:                 0.045s
  Time for BDD entailment checks:        0.037s
Total time for SMT solver (w/o itp):     4.973s

Number of BDD nodes:                               1673
Size of BDD node table:                            466043
Size of BDD cache:                                 46619
Size of BDD node cleanup queue:                        5770 (count: 95703, min: 0, max: 771, avg: 0.06)
Time for BDD node cleanup:                             0.017s
Time for BDD garbage collection:                       0.000s (in 0 runs)

PrecisionBootstrap statistics
-----------------------------
Init. function predicates:                         0
Init. global predicates:                           0
Init. location predicates:                         0

----------------------

AutomatonAnalysis (SVCOMP) statistics
-------------------------------------
Number of states:                                  1
Total time for successor computation:                  0.234s
Automaton transfers with branching:                0
Automaton transfer successors:                       546456 (count: 546456, min: 1, max: 1, avg: 1.00) [1 x 546456]

CPA algorithm statistics
------------------------
Number of iterations:            494991
Max size of waitlist:            42
Average size of waitlist:        21
Number of computed successors:   546456
Max successors for one state:    2
Number of times merged:          36537
Number of times stopped:         48251
Number of times abs stopped:     11714
Number of times nonAbs stopped:  73074
Number of coverage check (part): 98162
Number of times doAbstraction node:  95393
Number of times breaked:         39

Total time for CPA algorithm:       110.649s (Max:     7.598s)
CPU time for CPA algorithm:         155.980s
  Time for choose from waitlist:      0.180s
  Time for precision adjustment:     29.009s
  Time for transfer relation:        34.708s
  Time for merge operator:           44.019s
  Time for stop operator:             0.598s
  Time for adding to reached set:     0.804s

Predicate-Abstraction Refiner statistics
----------------------------------------
Avg. length of target path (in blocks):                6476 (count: 39, min: 30, max: 286, avg: 166.05)
Number of infeasible sliced prefixes:                     0 (count: 0, min: 0, max: 0, avg: 0.00)

Time for refinement:                                 109.398s
  Counterexample analysis:              108.248s (Max:     5.636s, Calls: 39)
    Refinement sat check:                 2.834s
    Interpolant computation:              0.000s
  Error path post-processing:                          0.000s
  Path-formulas extraction:                            0.005s
  Building the counterexample trace:                 108.248s
  Extracting precise counterexample:                   0.000s
  Extracting infeasible sliced prefixes:               0.000s
  Selecting infeasible sliced prefixes:                0.000s
  Predicate creation:                                  0.028s
  Precision update:                                    0.013s
  ARG update:                                          1.039s

Length of refined path (in blocks):                    5852 (count: 39, min: 15, max: 285, avg: 150.05)
Number of affected states:                             4564 (count: 39, min: 1, max: 283, avg: 117.03)
Length (states) of path with itp 'true':               1249 (count: 39, min: 0, max: 242, avg: 32.03)
Length (states) of path with itp non-trivial itp:      4564 (count: 39, min: 1, max: 283, avg: 117.03)
Length (states) of path with itp 'false':                39 (count: 39, min: 1, max: 1, avg: 1.00)
Different non-trivial interpolants along paths:           7 (count: 39, min: 0, max: 2, avg: 0.18)
Equal non-trivial interpolants along paths:            4518 (count: 39, min: 0, max: 282, avg: 115.85)
Different precisions along paths:                         0 (count: 0, min: 0, max: 0, avg: 0.00)
Equal precisions along paths:                             0 (count: 0, min: 0, max: 0, avg: 0.00)
Number of refs with location-based cutoff:                0

CEGAR algorithm statistics
--------------------------
Number of refinements:                39
Number of successful refinements:     39
Number of failed refinements:         0
Max. size of reached set before ref.: 24299
Max. size of reached set after ref.:  11351
Avg. size of reached set before ref.: 14247.38
Avg. size of reached set after ref.:  1982.31

Total time for CEGAR algorithm:     220.158s
CPU time for CEGAR algorithm:       281.950s
Time for refinements:               109.508s
CPU time for refinements:           125.950s
Average time for refinement:          2.807s
Max time for refinement:              5.679s
First time for refinement:             2.766s
Last time for refinement:              1.038s
Average time for analysis:          2.766s
Number of analysis:                40

Code Coverage
-----------------------------
  Visited lines:          3794
  Total lines:            12
  Line coverage:          316.167

CPAchecker general statistics
-----------------------------
Number of program locations:     3831
Number of CFA edges:             4602
Number of relevant variables:    731
Number of functions:             142
Number of loops:                 25
Size of reached set:             16709
  Number of reached locations:   2035 (53%)
    Avg states per location:     8
    Max states per location:     174 (at node N12)
  Number of reached functions:   30 (21%)
  Number of partitions:          16421
    Avg size of partitions:      1
    Max size of partitions:      3 (with key [N2675 (before /work/ldvuser/novikov/work/current--X--drivers/hwmon/it87.ko--X--defaultlinux--X--32_7a--X--cpachecker/linux/csd_deg_dscv/12/dscv_tempdir/dscv/ri/32_7a/drivers/hwmon/it87.c.prepared, line 2977), Function ldv_main0_sequence_infinite_withcheck_stateful called from node N2624, stack depth 1 [45b15381], stack [ldv_main0_sequence_infinite_withcheck_stateful], Init])
  Number of target states:       0

Time for analysis setup:                   2.526s
  Time for loading CPAs:                   0.376s
  Time for impacted traverse:              0.002s
  Time for loading parser:        0.031s
  Time for CFA construction:      2.042s
    Time for parsing file(s):     0.483s
    Time for AST to CFA:          0.720s
    Time for CFA sanity check:    0.000s
    Time for post-processing:     0.615s
      Time for var class.:        0.000s
Time for Analysis:                       220.158s
CPU time for analysis:                   281.950s

Time for Garbage Collector:       4.028s (in 52 runs)
Garbage Collector(s) used:    PS MarkSweep, PS Scavenge
Used heap memory:               3501MB (  3339 MiB) max;   1636MB (  1560 MiB) avg;   3583MB (  3417 MiB) peak
Used non-heap memory:             45MB (    43 MiB) max;     42MB (    40 MiB) avg;     47MB (    45 MiB) peak
Used in PS Old Gen pool:          92MB (    88 MiB) max;     55MB (    52 MiB) avg;     92MB (    88 MiB) peak
Allocated heap memory:          3567MB (  3402 MiB) max;   3233MB (  3084 MiB) avg
Allocated non-heap memory:        48MB (    46 MiB) max;     46MB (    44 MiB) avg
Total process virtual memory:  13243MB ( 12630 MiB) max;  13240MB ( 12626 MiB) avg

Verification result: TRUE. No property violation found by chosen configuration.
More details about the verification run can be found in the directory "/home/yqs17/blazer/cpachecker-inc-pred/output-ori-final-13/flat/103.1952978.32_7a.cil_safe.i".
