scripts/cpa.sh -heap 10000M -predicateAnalysis-ABEl-debug -setprop cpa.predicate.refinement.performInitialStaticRefinement=false -disable-java-assertions -outputpath /home/yqs17/blazer/cpachecker-inc-pred/output-ori-final/flat/drivers--platform--x86--panasonic-laptop.ko.007.8897c18.32_7a.cil_safe.i -stats -spec /home/yqs17/blazer/cpachecker-inc-pred/LDVErrorLabel.spc -entryfunction ldv_main0_sequence_infinite_withcheck_stateful /home/yqs17/blazer/cpachecker-inc-pred/programs-flat/drivers--platform--x86--panasonic-laptop.ko.007.8897c18.32_7a.cil_safe.i


--------------------------------------------------------------------------------


Running CPAchecker with Java heap of size 10000M.
Running CPAchecker with the following extra VM options:  -Djava.io.tmpdir=/tmp/BenchExec_run_scz3wxm7/tmp
PredicateCPA statistics
-----------------------
Read Precision Time:                0.000s
Precision file size:                0
Write Precision Time:               0.002s
Number of abstractions:            1943 (15% of all post computations)
  Times abstraction was reused:    0
  Because of function entry/exit:  1716 (88%)
  Because of loop head:            227 (12%)
  Because of join nodes:           0 (0%)
  Because of threshold:            0 (0%)
  Times precision was empty:       894 (46%)
  Times precision was {false}:     178 (9%)
  Times result was cached:         783 (40%)
  Times cartesian abs was used:    0 (0%)
  Times boolean abs was used:      88 (5%)
  Times result was 'false':        67 (3%)
Number of strengthen sat checks:   11
  Times result was 'false':        0 (0%)
Number of coverage checks:         1687
  BDD entailment checks:           547
Number of SMT sat checks:          11
  trivial:                         11
  cached:                          0

Max ABE block size:                       23
Number of predicates discovered:          3
Number of abstraction locations:          0
Max number of predicates per location:    0
Avg number of predicates per location:    0
Total predicates per abstraction:         282
Max number of predicates per abstraction: 2
Avg number of predicates per abstraction: 1.06
Number of irrelevant predicates:          192 (68%)
Number of preds handled by boolean abs:   90 (32%)
  Total number of models for allsat:      90
  Max number of models for allsat:        2
  Avg number of models for allsat:        1.02

Number of path formula cache hits:   6140 (44%)

Time for post operator:                  1.624s
  Time for path formula creation:        1.341s
    Actual computation:                  1.213s
Time for strengthen operator:            0.028s
  Time for satisfiability checks:        0.000s
Time for prec operator:                  1.020s
  Time for abstraction:                  0.847s (Max:     0.167s, Count: 1943)
    Boolean abstraction:                 0.059s
    Solving time:                        0.124s (Max:     0.011s)
    Model enumeration time:              0.001s
    Time for BDD construction:           0.001s (Max:     0.001s)
Time for merge operator:                 0.151s
Time for coverage check:                 0.031s
  Time for BDD entailment checks:        0.025s
Total time for SMT solver (w/o itp):     0.125s

Number of BDD nodes:                               205
Size of BDD node table:                            466043
Size of BDD cache:                                 46619
Size of BDD node cleanup queue:                          51 (count: 7073, min: 0, max: 25, avg: 0.01)
Time for BDD node cleanup:                             0.002s
Time for BDD garbage collection:                       0.000s (in 0 runs)

PrecisionBootstrap statistics
-----------------------------
Init. function predicates:                         0
Init. global predicates:                           0
Init. location predicates:                         0

----------------------

AutomatonAnalysis (SVCOMP) statistics
-------------------------------------
Number of states:                                  1
Total time for successor computation:                  0.057s
Automaton transfers with branching:                0
Automaton transfer successors:                        12696 (count: 12696, min: 1, max: 1, avg: 1.00) [1 x 12696]

CPA algorithm statistics
------------------------
Number of iterations:            11639
Max size of waitlist:            23
Average size of waitlist:        12
Number of computed successors:   12696
Max successors for one state:    2
Number of times merged:          570
Number of times stopped:         985
Number of times abs stopped:     415
Number of times nonAbs stopped:  0
Number of times doAbstraction node:  1943
Number of times breaked:         11

Total time for CPA algorithm:         3.832s (Max:     0.940s)
CPU time for CPA algorithm:           7.560s
  Time for choose from waitlist:      0.032s
  Time for precision adjustment:      1.114s
  Time for transfer relation:         2.039s
  Time for merge operator:            0.207s
  Time for stop operator:             0.099s
  Time for adding to reached set:     0.070s

Predicate-Abstraction Refiner statistics
----------------------------------------
Avg. length of target path (in blocks):                 243 (count: 11, min: 10, max: 41, avg: 22.09)
Number of infeasible sliced prefixes:                     0 (count: 0, min: 0, max: 0, avg: 0.00)

Time for refinement:                                   0.719s
  Counterexample analysis:                0.615s (Max:     0.113s, Calls: 11)
    Refinement sat check:                 0.162s
    Interpolant computation:              0.000s
  Error path post-processing:                          0.000s
  Path-formulas extraction:                            0.001s
  Building the counterexample trace:                   0.615s
  Extracting precise counterexample:                   0.000s
  Extracting infeasible sliced prefixes:               0.000s
  Selecting infeasible sliced prefixes:                0.000s
  Predicate creation:                                  0.008s
  Precision update:                                    0.002s
  ARG update:                                          0.074s

Length of refined path (in blocks):                     196 (count: 11, min: 9, max: 40, avg: 17.82)
Number of affected states:                              138 (count: 11, min: 0, max: 38, avg: 12.55)
Length (states) of path with itp 'true':                 47 (count: 11, min: 1, max: 17, avg: 4.27)
Length (states) of path with itp non-trivial itp:       138 (count: 11, min: 0, max: 38, avg: 12.55)
Length (states) of path with itp 'false':                11 (count: 11, min: 1, max: 1, avg: 1.00)
Different non-trivial interpolants along paths:           0 (count: 11, min: 0, max: 0, avg: 0.00)
Equal non-trivial interpolants along paths:             129 (count: 11, min: 0, max: 37, avg: 11.73)
Different precisions along paths:                         0 (count: 0, min: 0, max: 0, avg: 0.00)
Equal precisions along paths:                             0 (count: 0, min: 0, max: 0, avg: 0.00)
Number of refs with location-based cutoff:                0

CEGAR algorithm statistics
--------------------------
Number of refinements:                11
Lazy expansion status:                false
Expansion times:                      0
Total path lengths:                   8391
SP times:                             1
Number of added holes:                0
Number of successful refinements:     11
Number of failed refinements:         0
Max. size of reached set before ref.: 1878
Max. size of reached set after ref.:  1242
Avg. size of reached set before ref.: 1742.73
Avg. size of reached set after ref.:  796.91

Total time for CEGAR algorithm:       4.587s
CPU time for CEGAR algorithm:         9.070s
Time for refinements:                 0.752s
CPU time for refinements:             1.500s
Average time for refinement:          0.068s
Max time for refinement:              0.140s
First time for refinement:             0.319s
Last time for refinement:              0.092s
Average time for analysis:          0.319s
Number of analysis:                12

Counterexample-Check Algorithm statistics
-----------------------------------------
Number of counterexample checks:    0

Code Coverage
-----------------------------
  Visited lines:          3058
  Total lines:            5
  Line coverage:          611.600

CPAchecker general statistics
-----------------------------
Number of program locations:     1466
Number of CFA edges:             1641
Number of relevant variables:    193
Number of functions:             56
Number of loops:                 6
Size of reached set:             1241
  Number of reached locations:   1068 (73%)
    Avg states per location:     1
    Max states per location:     7 (at node N681)
  Number of reached functions:   29 (52%)
  Number of partitions:          1240
    Avg size of partitions:      1
    Max size of partitions:      2 (with key [N646 (before /work/ldvuser/novikov/work/current--X--drivers/platform/x86/panasonic-laptop.ko--X--defaultlinux--X--32_7a--X--cpachecker/linux/csd_deg_dscv/11/dscv_tempdir/dscv/ri/32_7a/drivers/platform/x86/panasonic-laptop.c.prepared, line 587), Function acpi_pcc_init_input called from node N719, stack depth 3 [696298ea], stack [ldv_main0_sequence_infinite_withcheck_stateful, acpi_pcc_hotkey_add, acpi_pcc_init_input], Init])
  Number of target states:       0

Time for analysis setup:                   1.792s
  Time for loading CPAs:                   0.354s
  Time for impacted traverse:              0.002s
  Time for loading parser:        0.029s
  Time for CFA construction:      1.322s
    Time for parsing file(s):     0.381s
    Time for AST to CFA:          0.473s
    Time for CFA sanity check:    0.001s
    Time for post-processing:     0.297s
      Time for var class.:        0.000s
Time for Analysis:                         4.589s
CPU time for analysis:      9.070s

Time for Garbage Collector:       0.229s (in 7 runs)
Garbage Collector(s) used:    PS MarkSweep, PS Scavenge
Used heap memory:                176MB (   168 MiB) max;     69MB (    66 MiB) avg;    194MB (   185 MiB) peak
Used non-heap memory:             35MB (    33 MiB) max;     29MB (    27 MiB) avg;     37MB (    35 MiB) peak
Used in PS Old Gen pool:          26MB (    25 MiB) max;     16MB (    15 MiB) avg;     28MB (    27 MiB) peak
Allocated heap memory:           346MB (   330 MiB) max;    225MB (   214 MiB) avg
Allocated non-heap memory:        38MB (    36 MiB) max;     31MB (    29 MiB) avg
Total process virtual memory:  13240MB ( 12627 MiB) max;  13237MB ( 12624 MiB) avg

Verification result: TRUE. No property violation found by chosen configuration.
More details about the verification run can be found in the directory "/home/yqs17/blazer/cpachecker-inc-pred/output-ori-final/flat/drivers--platform--x86--panasonic-laptop.ko.007.8897c18.32_7a.cil_safe.i".
