scripts/cpa.sh -heap 10000M -predicateAnalysis-ABEl-debug -setprop cpa.predicate.refinement.performInitialStaticRefinement=false -disable-java-assertions -outputpath /home/yqs17/blazer/cpachecker-inc-pred/output-ori-final/flat/drivers--isdn--mISDN--mISDN_core.ko.058.475be4d.32_7a.cil_safe.i -stats -spec /home/yqs17/blazer/cpachecker-inc-pred/LDVErrorLabel.spc -entryfunction ldv_main0_sequence_infinite_withcheck_stateful /home/yqs17/blazer/cpachecker-inc-pred/programs-flat/drivers--isdn--mISDN--mISDN_core.ko.058.475be4d.32_7a.cil_safe.i


--------------------------------------------------------------------------------


Running CPAchecker with Java heap of size 10000M.
Running CPAchecker with the following extra VM options:  -Djava.io.tmpdir=/tmp/BenchExec_run_wnc_4vdw/tmp
PredicateCPA statistics
-----------------------
Read Precision Time:                0.000s
Precision file size:                0
Write Precision Time:               0.002s
Number of abstractions:            3099 (21% of all post computations)
  Times abstraction was reused:    0
  Because of function entry/exit:  2768 (89%)
  Because of loop head:            331 (11%)
  Because of join nodes:           0 (0%)
  Because of threshold:            0 (0%)
  Times precision was empty:       252 (8%)
  Times precision was {false}:     33 (1%)
  Times result was cached:         2416 (78%)
  Times cartesian abs was used:    0 (0%)
  Times boolean abs was used:      398 (13%)
  Times result was 'false':        80 (3%)
Number of strengthen sat checks:   16
  Times result was 'false':        0 (0%)
Number of coverage checks:         1300
  BDD entailment checks:           486
Number of SMT sat checks:          16
  trivial:                         16
  cached:                          0

Max ABE block size:                       61
Number of predicates discovered:          5
Number of abstraction locations:          0
Max number of predicates per location:    0
Avg number of predicates per location:    0
Total predicates per abstraction:         1046
Max number of predicates per abstraction: 4
Avg number of predicates per abstraction: 2.43
Number of irrelevant predicates:          60 (6%)
Number of preds handled by boolean abs:   986 (94%)
  Total number of models for allsat:      398
  Max number of models for allsat:        1
  Avg number of models for allsat:        1.00

Number of path formula cache hits:   15511 (86%)

Time for post operator:                  2.038s
  Time for path formula creation:        1.636s
    Actual computation:                  1.244s
Time for strengthen operator:            0.035s
  Time for satisfiability checks:        0.000s
Time for prec operator:                  1.269s
  Time for abstraction:                  1.010s (Max:     0.020s, Count: 3099)
    Boolean abstraction:                 0.280s
    Solving time:                        0.120s (Max:     0.008s)
    Model enumeration time:              0.013s
    Time for BDD construction:           0.021s (Max:     0.002s)
Time for merge operator:                 0.034s
Time for coverage check:                 0.012s
  Time for BDD entailment checks:        0.010s
Total time for SMT solver (w/o itp):     0.133s

Number of BDD nodes:                               214
Size of BDD node table:                            466043
Size of BDD cache:                                 46619
Size of BDD node cleanup queue:                         427 (count: 58873, min: 0, max: 264, avg: 0.01)
Time for BDD node cleanup:                             0.006s
Time for BDD garbage collection:                       0.000s (in 0 runs)

PrecisionBootstrap statistics
-----------------------------
Init. function predicates:                         0
Init. global predicates:                           0
Init. location predicates:                         0

----------------------

AutomatonAnalysis (SVCOMP) statistics
-------------------------------------
Number of states:                                  1
Total time for successor computation:                  0.052s
Automaton transfers with branching:                0
Automaton transfer successors:                        14726 (count: 14726, min: 1, max: 1, avg: 1.00) [1 x 14726]

CPA algorithm statistics
------------------------
Number of iterations:            13851
Max size of waitlist:            12
Average size of waitlist:        4
Number of computed successors:   14726
Max successors for one state:    2
Number of times merged:          407
Number of times stopped:         743
Number of times abs stopped:     336
Number of times nonAbs stopped:  0
Number of times doAbstraction node:  3099
Number of times breaked:         16

Total time for CPA algorithm:         4.359s (Max:     1.748s)
CPU time for CPA algorithm:           8.660s
  Time for choose from waitlist:      0.029s
  Time for precision adjustment:      1.379s
  Time for transfer relation:         2.485s
  Time for merge operator:            0.083s
  Time for stop operator:             0.064s
  Time for adding to reached set:     0.065s

Predicate-Abstraction Refiner statistics
----------------------------------------
Avg. length of target path (in blocks):                1452 (count: 16, min: 88, max: 93, avg: 90.75)
Number of infeasible sliced prefixes:                     0 (count: 0, min: 0, max: 0, avg: 0.00)

Time for refinement:                                   7.248s
  Counterexample analysis:                7.089s (Max:     1.459s, Calls: 16)
    Refinement sat check:                 1.341s
    Interpolant computation:              0.000s
  Error path post-processing:                          0.000s
  Path-formulas extraction:                            0.000s
  Building the counterexample trace:                   7.089s
  Extracting precise counterexample:                   0.000s
  Extracting infeasible sliced prefixes:               0.000s
  Selecting infeasible sliced prefixes:                0.000s
  Predicate creation:                                  0.020s
  Precision update:                                    0.006s
  ARG update:                                          0.089s

Length of refined path (in blocks):                    1436 (count: 16, min: 87, max: 92, avg: 89.75)
Number of affected states:                             1404 (count: 16, min: 85, max: 90, avg: 87.75)
Length (states) of path with itp 'true':                 16 (count: 16, min: 1, max: 1, avg: 1.00)
Length (states) of path with itp non-trivial itp:      1404 (count: 16, min: 85, max: 90, avg: 87.75)
Length (states) of path with itp 'false':                16 (count: 16, min: 1, max: 1, avg: 1.00)
Different non-trivial interpolants along paths:           0 (count: 16, min: 0, max: 0, avg: 0.00)
Equal non-trivial interpolants along paths:            1388 (count: 16, min: 84, max: 89, avg: 86.75)
Different precisions along paths:                         0 (count: 0, min: 0, max: 0, avg: 0.00)
Equal precisions along paths:                             0 (count: 0, min: 0, max: 0, avg: 0.00)
Number of refs with location-based cutoff:                0

CEGAR algorithm statistics
--------------------------
Number of refinements:                16
Lazy expansion status:                false
Expansion times:                      0
Total path lengths:                   29532
SP times:                             0
Number of added holes:                0
Number of successful refinements:     16
Number of failed refinements:         0
Max. size of reached set before ref.: 2343
Max. size of reached set after ref.:  1508
Avg. size of reached set before ref.: 2246.25
Avg. size of reached set after ref.:  1508.00

Total time for CEGAR algorithm:      11.689s
CPU time for CEGAR algorithm:        22.360s
Time for refinements:                 7.329s
CPU time for refinements:            13.700s
Average time for refinement:          0.458s
Max time for refinement:              1.506s
First time for refinement:             0.256s
Last time for refinement:              0.085s
Average time for analysis:          0.256s
Number of analysis:                17

Counterexample-Check Algorithm statistics
-----------------------------------------
Number of counterexample checks:    0

Code Coverage
-----------------------------
  Visited lines:          5105
  Total lines:            4
  Line coverage:          1276.250

CPAchecker general statistics
-----------------------------
Number of program locations:     18666
Number of CFA edges:             29433
Number of relevant variables:    2363
Number of functions:             475
Number of loops:                 46
Size of reached set:             2092
  Number of reached locations:   1823 (10%)
    Avg states per location:     1
    Max states per location:     11 (at node N600)
  Number of reached functions:   29 (6%)
  Number of partitions:          2092
    Avg size of partitions:      1
    Max size of partitions:      1
  Number of target states:       0

Time for analysis setup:                   4.938s
  Time for loading CPAs:                   0.498s
  Time for impacted traverse:              0.002s
  Time for loading parser:        0.035s
  Time for CFA construction:      4.324s
    Time for parsing file(s):     0.764s
    Time for AST to CFA:          1.369s
    Time for CFA sanity check:    0.000s
    Time for post-processing:     1.817s
      Time for var class.:        0.000s
Time for Analysis:                        11.692s
CPU time for analysis:     22.370s

Time for Garbage Collector:       0.700s (in 13 runs)
Garbage Collector(s) used:    PS MarkSweep, PS Scavenge
Used heap memory:                624MB (   595 MiB) max;    210MB (   200 MiB) avg;    667MB (   636 MiB) peak
Used non-heap memory:             39MB (    37 MiB) max;     32MB (    30 MiB) avg;     40MB (    38 MiB) peak
Used in PS Old Gen pool:          50MB (    48 MiB) max;     39MB (    37 MiB) avg;     51MB (    49 MiB) peak
Allocated heap memory:           820MB (   782 MiB) max;    480MB (   458 MiB) avg
Allocated non-heap memory:        41MB (    39 MiB) max;     35MB (    33 MiB) avg
Total process virtual memory:  13240MB ( 12627 MiB) max;  13237MB ( 12624 MiB) avg

Verification result: TRUE. No property violation found by chosen configuration.
More details about the verification run can be found in the directory "/home/yqs17/blazer/cpachecker-inc-pred/output-ori-final/flat/drivers--isdn--mISDN--mISDN_core.ko.058.475be4d.32_7a.cil_safe.i".
