scripts/cpa.sh -heap 10000M -predicateAnalysis-ABEl-debug -setprop cpa.predicate.refinement.performInitialStaticRefinement=false -disable-java-assertions -outputpath /home/yqs17/blazer/cpachecker-inc-pred/output-ori-final/flat/drivers--media--video--videobuf-vmalloc.ko.023.38a54f3.68_1.cil_safe.i -stats -spec /home/yqs17/blazer/cpachecker-inc-pred/LDVErrorLabel.spc -entryfunction ldv_main0_sequence_infinite_withcheck_stateful /home/yqs17/blazer/cpachecker-inc-pred/programs-flat/drivers--media--video--videobuf-vmalloc.ko.023.38a54f3.68_1.cil_safe.i


--------------------------------------------------------------------------------


Running CPAchecker with Java heap of size 10000M.
Running CPAchecker with the following extra VM options:  -Djava.io.tmpdir=/tmp/BenchExec_run_swaz9okk/tmp
PredicateCPA statistics
-----------------------
Read Precision Time:                0.000s
Precision file size:                0
Write Precision Time:               0.002s
Number of abstractions:            6482 (12% of all post computations)
  Times abstraction was reused:    0
  Because of function entry/exit:  5337 (82%)
  Because of loop head:            1145 (18%)
  Because of join nodes:           0 (0%)
  Because of threshold:            0 (0%)
  Times precision was empty:       909 (14%)
  Times precision was {false}:     614 (9%)
  Times result was cached:         3822 (59%)
  Times cartesian abs was used:    0 (0%)
  Times boolean abs was used:      1137 (18%)
  Times result was 'false':        100 (2%)
Number of strengthen sat checks:   26
  Times result was 'false':        0 (0%)
Number of coverage checks:         9100
  BDD entailment checks:           2942
Number of SMT sat checks:          26
  trivial:                         26
  cached:                          0

Max ABE block size:                       28
Number of predicates discovered:          4
Number of abstraction locations:          0
Max number of predicates per location:    0
Avg number of predicates per location:    0
Total predicates per abstraction:         4158
Max number of predicates per abstraction: 3
Avg number of predicates per abstraction: 2.37
Number of irrelevant predicates:          2287 (55%)
Number of preds handled by boolean abs:   1871 (45%)
  Total number of models for allsat:      1155
  Max number of models for allsat:        2
  Avg number of models for allsat:        1.02

Number of path formula cache hits:   43038 (70%)

Time for post operator:                  3.320s
  Time for path formula creation:        2.084s
    Actual computation:                  1.788s
Time for strengthen operator:            0.057s
  Time for satisfiability checks:        0.001s
Time for prec operator:                  3.229s
  Time for abstraction:                  2.783s (Max:     0.022s, Count: 6482)
    Boolean abstraction:                 0.510s
    Solving time:                        0.499s (Max:     0.013s)
    Model enumeration time:              0.019s
    Time for BDD construction:           0.030s (Max:     0.001s)
Time for merge operator:                 0.266s
Time for coverage check:                 0.032s
  Time for BDD entailment checks:        0.028s
Total time for SMT solver (w/o itp):     0.518s

Number of BDD nodes:                               220
Size of BDD node table:                            466043
Size of BDD cache:                                 46619
Size of BDD node cleanup queue:                        1166 (count: 15613, min: 0, max: 426, avg: 0.07)
Time for BDD node cleanup:                             0.004s
Time for BDD garbage collection:                       0.000s (in 0 runs)

PrecisionBootstrap statistics
-----------------------------
Init. function predicates:                         0
Init. global predicates:                           0
Init. location predicates:                         0

----------------------

AutomatonAnalysis (SVCOMP) statistics
-------------------------------------
Number of states:                                  1
Total time for successor computation:                  0.123s
Automaton transfers with branching:                0
Automaton transfer successors:                        55316 (count: 55316, min: 1, max: 1, avg: 1.00) [1 x 55316]

CPA algorithm statistics
------------------------
Number of iterations:            50636
Max size of waitlist:            34
Average size of waitlist:        17
Number of computed successors:   55316
Max successors for one state:    2
Number of times merged:          3079
Number of times stopped:         4514
Number of times abs stopped:     1435
Number of times nonAbs stopped:  0
Number of times doAbstraction node:  6482
Number of times breaked:         26

Total time for CPA algorithm:         9.292s (Max:     0.892s)
CPU time for CPA algorithm:          18.450s
  Time for choose from waitlist:      0.066s
  Time for precision adjustment:      3.440s
  Time for transfer relation:         4.284s
  Time for merge operator:            0.407s
  Time for stop operator:             0.215s
  Time for adding to reached set:     0.225s

Predicate-Abstraction Refiner statistics
----------------------------------------
Avg. length of target path (in blocks):                 311 (count: 26, min: 4, max: 22, avg: 11.96)
Number of infeasible sliced prefixes:                     0 (count: 0, min: 0, max: 0, avg: 0.00)

Time for refinement:                                   0.869s
  Counterexample analysis:                0.574s (Max:     0.068s, Calls: 26)
    Refinement sat check:                 0.172s
    Interpolant computation:              0.000s
  Error path post-processing:                          0.000s
  Path-formulas extraction:                            0.000s
  Building the counterexample trace:                   0.575s
  Extracting precise counterexample:                   0.000s
  Extracting infeasible sliced prefixes:               0.000s
  Selecting infeasible sliced prefixes:                0.000s
  Predicate creation:                                  0.014s
  Precision update:                                    0.005s
  ARG update:                                          0.239s

Length of refined path (in blocks):                     253 (count: 26, min: 2, max: 18, avg: 9.73)
Number of affected states:                              227 (count: 26, min: 1, max: 17, avg: 8.73)
Length (states) of path with itp 'true':                  0 (count: 26, min: 0, max: 0, avg: 0.00)
Length (states) of path with itp non-trivial itp:       227 (count: 26, min: 1, max: 17, avg: 8.73)
Length (states) of path with itp 'false':                26 (count: 26, min: 1, max: 1, avg: 1.00)
Different non-trivial interpolants along paths:           0 (count: 26, min: 0, max: 0, avg: 0.00)
Equal non-trivial interpolants along paths:             201 (count: 26, min: 0, max: 16, avg: 7.73)
Different precisions along paths:                         0 (count: 0, min: 0, max: 0, avg: 0.00)
Equal precisions along paths:                             0 (count: 0, min: 0, max: 0, avg: 0.00)
Number of refs with location-based cutoff:                0

CEGAR algorithm statistics
--------------------------
Number of refinements:                26
Lazy expansion status:                false
Expansion times:                      0
Total path lengths:                   17757
SP times:                             0
Number of added holes:                0
Number of successful refinements:     26
Number of failed refinements:         0
Max. size of reached set before ref.: 3112
Max. size of reached set after ref.:  614
Avg. size of reached set before ref.: 2492.77
Avg. size of reached set after ref.:  614.00

Total time for CEGAR algorithm:      10.219s
CPU time for CEGAR algorithm:        20.300s
Time for refinements:                 0.922s
CPU time for refinements:             1.830s
Average time for refinement:          0.035s
Max time for refinement:              0.100s
First time for refinement:             0.344s
Last time for refinement:              0.165s
Average time for analysis:          0.344s
Number of analysis:                27

Counterexample-Check Algorithm statistics
-----------------------------------------
Number of counterexample checks:    0

Code Coverage
-----------------------------
  Visited lines:          3418
  Total lines:            6
  Line coverage:          569.667

CPAchecker general statistics
-----------------------------
Number of program locations:     1651
Number of CFA edges:             1800
Number of relevant variables:    197
Number of functions:             30
Number of loops:                 6
Size of reached set:             1855
  Number of reached locations:   1142 (69%)
    Avg states per location:     1
    Max states per location:     29 (at node N1267)
  Number of reached functions:   15 (50%)
  Number of partitions:          1846
    Avg size of partitions:      1
    Max size of partitions:      2 (with key [N1182 (before /work/ldvuser/novikov/work/current--X--drivers/media/video/videobuf-vmalloc.ko--X--defaultlinux--X--68_1--X--cpachecker/linux/csd_deg_dscv/11/dscv_tempdir/dscv/ri/68_1/drivers/media/video/videobuf-vmalloc.c, lines 678-783), Function ldv_main0_sequence_infinite_withcheck_stateful called from node N1160, stack depth 1 [68ace111], stack [ldv_main0_sequence_infinite_withcheck_stateful], Init])
  Number of target states:       0

Time for analysis setup:                   1.908s
  Time for loading CPAs:                   0.373s
  Time for impacted traverse:              0.002s
  Time for loading parser:        0.029s
  Time for CFA construction:      1.425s
    Time for parsing file(s):     0.451s
    Time for AST to CFA:          0.526s
    Time for CFA sanity check:    0.000s
    Time for post-processing:     0.292s
      Time for var class.:        0.000s
Time for Analysis:                        10.221s
CPU time for analysis:     20.300s

Time for Garbage Collector:       0.307s (in 12 runs)
Garbage Collector(s) used:    PS MarkSweep, PS Scavenge
Used heap memory:                383MB (   365 MiB) max;    115MB (   110 MiB) avg;    401MB (   382 MiB) peak
Used non-heap memory:             37MB (    35 MiB) max;     32MB (    31 MiB) avg;     40MB (    38 MiB) peak
Used in PS Old Gen pool:          26MB (    24 MiB) max;     21MB (    20 MiB) avg;     26MB (    25 MiB) peak
Allocated heap memory:           498MB (   475 MiB) max;    310MB (   296 MiB) avg
Allocated non-heap memory:        40MB (    38 MiB) max;     35MB (    33 MiB) avg
Total process virtual memory:  13244MB ( 12630 MiB) max;  13238MB ( 12625 MiB) avg

Verification result: TRUE. No property violation found by chosen configuration.
More details about the verification run can be found in the directory "/home/yqs17/blazer/cpachecker-inc-pred/output-ori-final/flat/drivers--media--video--videobuf-vmalloc.ko.023.38a54f3.68_1.cil_safe.i".
