scripts/cpa.sh -heap 10000M -predicateAnalysis-ABEl-debug -setprop cpa.predicate.refinement.performInitialStaticRefinement=false -disable-java-assertions -outputpath /home/yqs17/blazer/cpachecker-inc-pred/output-ori-final/flat/drivers--rtc--rtc-max6902.ko.013.6c3fb55.39_7a.cil_safe.i -stats -spec /home/yqs17/blazer/cpachecker-inc-pred/LDVErrorLabel.spc -entryfunction ldv_main0_sequence_infinite_withcheck_stateful /home/yqs17/blazer/cpachecker-inc-pred/programs-flat/drivers--rtc--rtc-max6902.ko.013.6c3fb55.39_7a.cil_safe.i


--------------------------------------------------------------------------------


Running CPAchecker with Java heap of size 10000M.
Running CPAchecker with the following extra VM options:  -Djava.io.tmpdir=/tmp/BenchExec_run_9jb97uln/tmp
PredicateCPA statistics
-----------------------
Read Precision Time:                0.000s
Precision file size:                0
Write Precision Time:               0.004s
Number of abstractions:            6988 (15% of all post computations)
  Times abstraction was reused:    0
  Because of function entry/exit:  6708 (96%)
  Because of loop head:            280 (4%)
  Because of join nodes:           0 (0%)
  Because of threshold:            0 (0%)
  Times precision was empty:       1200 (17%)
  Times precision was {false}:     270 (4%)
  Times result was cached:         4471 (64%)
  Times cartesian abs was used:    0 (0%)
  Times boolean abs was used:      1047 (15%)
  Times result was 'false':        173 (2%)
Number of strengthen sat checks:   22
  Times result was 'false':        0 (0%)
Number of coverage checks:         5152
  BDD entailment checks:           1896
Number of SMT sat checks:          22
  trivial:                         22
  cached:                          0

Max ABE block size:                       19
Number of predicates discovered:          7
Number of abstraction locations:          0
Max number of predicates per location:    0
Avg number of predicates per location:    0
Total predicates per abstraction:         4554
Max number of predicates per abstraction: 6
Avg number of predicates per abstraction: 3.46
Number of irrelevant predicates:          2012 (44%)
Number of preds handled by boolean abs:   2542 (56%)
  Total number of models for allsat:      1087
  Max number of models for allsat:        2
  Avg number of models for allsat:        1.04

Number of path formula cache hits:   48330 (91%)

Time for post operator:                  2.276s
  Time for path formula creation:        0.796s
    Actual computation:                  0.649s
Time for strengthen operator:            0.062s
  Time for satisfiability checks:        0.006s
Time for prec operator:                  2.831s
  Time for abstraction:                  2.402s (Max:     0.014s, Count: 6988)
    Boolean abstraction:                 0.558s
    Solving time:                        0.259s (Max:     0.008s)
    Model enumeration time:              0.029s
    Time for BDD construction:           0.023s (Max:     0.001s)
Time for merge operator:                 0.065s
Time for coverage check:                 0.014s
  Time for BDD entailment checks:        0.012s
Total time for SMT solver (w/o itp):     0.288s

Number of BDD nodes:                               406
Size of BDD node table:                            466043
Size of BDD cache:                                 46619
Size of BDD node cleanup queue:                        1002 (count: 11605, min: 0, max: 273, avg: 0.09)
Time for BDD node cleanup:                             0.006s
Time for BDD garbage collection:                       0.000s (in 0 runs)

PrecisionBootstrap statistics
-----------------------------
Init. function predicates:                         0
Init. global predicates:                           0
Init. location predicates:                         0

----------------------

AutomatonAnalysis (SVCOMP) statistics
-------------------------------------
Number of states:                                  1
Total time for successor computation:                  0.142s
Automaton transfers with branching:                0
Automaton transfer successors:                        45223 (count: 45223, min: 1, max: 1, avg: 1.00) [1 x 45223]

CPA algorithm statistics
------------------------
Number of iterations:            42655
Max size of waitlist:            18
Average size of waitlist:        9
Number of computed successors:   45223
Max successors for one state:    2
Number of times merged:          1628
Number of times stopped:         2331
Number of times abs stopped:     703
Number of times nonAbs stopped:  0
Number of times doAbstraction node:  6988
Number of times breaked:         22

Total time for CPA algorithm:         7.533s (Max:     0.650s)
CPU time for CPA algorithm:          14.910s
  Time for choose from waitlist:      0.061s
  Time for precision adjustment:      3.060s
  Time for transfer relation:         3.351s
  Time for merge operator:            0.193s
  Time for stop operator:             0.155s
  Time for adding to reached set:     0.181s

Predicate-Abstraction Refiner statistics
----------------------------------------
Avg. length of target path (in blocks):                 589 (count: 22, min: 12, max: 55, avg: 26.77)
Number of infeasible sliced prefixes:                     0 (count: 0, min: 0, max: 0, avg: 0.00)

Time for refinement:                                   1.083s
  Counterexample analysis:                0.820s (Max:     0.085s, Calls: 22)
    Refinement sat check:                 0.180s
    Interpolant computation:              0.000s
  Error path post-processing:                          0.000s
  Path-formulas extraction:                            0.001s
  Building the counterexample trace:                   0.820s
  Extracting precise counterexample:                   0.000s
  Extracting infeasible sliced prefixes:               0.000s
  Selecting infeasible sliced prefixes:                0.000s
  Predicate creation:                                  0.009s
  Precision update:                                    0.012s
  ARG update:                                          0.217s

Length of refined path (in blocks):                     554 (count: 22, min: 6, max: 54, avg: 25.18)
Number of affected states:                              498 (count: 22, min: 1, max: 52, avg: 22.64)
Length (states) of path with itp 'true':                 34 (count: 22, min: 0, max: 14, avg: 1.55)
Length (states) of path with itp non-trivial itp:       498 (count: 22, min: 1, max: 52, avg: 22.64)
Length (states) of path with itp 'false':                22 (count: 22, min: 1, max: 1, avg: 1.00)
Different non-trivial interpolants along paths:           0 (count: 22, min: 0, max: 0, avg: 0.00)
Equal non-trivial interpolants along paths:             476 (count: 22, min: 0, max: 51, avg: 21.64)
Different precisions along paths:                         0 (count: 0, min: 0, max: 0, avg: 0.00)
Equal precisions along paths:                             0 (count: 0, min: 0, max: 0, avg: 0.00)
Number of refs with location-based cutoff:                0

CEGAR algorithm statistics
--------------------------
Number of refinements:                22
Lazy expansion status:                false
Expansion times:                      0
Total path lengths:                   11891
SP times:                             0
Number of added holes:                0
Number of successful refinements:     22
Number of failed refinements:         0
Max. size of reached set before ref.: 3736
Max. size of reached set after ref.:  1358
Avg. size of reached set before ref.: 2313.23
Avg. size of reached set after ref.:  455.64

Total time for CEGAR algorithm:       8.670s
CPU time for CEGAR algorithm:        17.190s
Time for refinements:                 1.126s
CPU time for refinements:             2.270s
Average time for refinement:          0.051s
Max time for refinement:              0.114s
First time for refinement:             0.327s
Last time for refinement:              0.178s
Average time for analysis:          0.327s
Number of analysis:                23

Counterexample-Check Algorithm statistics
-----------------------------------------
Number of counterexample checks:    0

Code Coverage
-----------------------------
  Visited lines:          1733
  Total lines:            21
  Line coverage:          82.524

CPAchecker general statistics
-----------------------------
Number of program locations:     962
Number of CFA edges:             1064
Number of relevant variables:    102
Number of functions:             50
Number of loops:                 1
Size of reached set:             1853
  Number of reached locations:   653 (68%)
    Avg states per location:     2
    Max states per location:     39 (at node N10)
  Number of reached functions:   16 (32%)
  Number of partitions:          1850
    Avg size of partitions:      1
    Max size of partitions:      3 (with key [N249 (before /work/ldvuser/novikov/work/current--X--drivers/rtc/rtc-max6902.ko--X--defaultlinux--X--39_7a--X--cpachecker/linux/csd_deg_dscv/11/dscv_tempdir/dscv/ri/39_7a/drivers/rtc/rtc-max6902.c.prepared, line 366), Function ldv_main0_sequence_infinite_withcheck_stateful called from node N186, stack depth 1 [3b77a04f], stack [ldv_main0_sequence_infinite_withcheck_stateful], Init])
  Number of target states:       0

Time for analysis setup:                   1.472s
  Time for loading CPAs:                   0.368s
  Time for impacted traverse:              0.002s
  Time for loading parser:        0.022s
  Time for CFA construction:      1.010s
    Time for parsing file(s):     0.318s
    Time for AST to CFA:          0.337s
    Time for CFA sanity check:    0.000s
    Time for post-processing:     0.207s
      Time for var class.:        0.000s
Time for Analysis:                         8.672s
CPU time for analysis:     17.200s

Time for Garbage Collector:       0.249s (in 11 runs)
Garbage Collector(s) used:    PS MarkSweep, PS Scavenge
Used heap memory:                423MB (   403 MiB) max;    122MB (   116 MiB) avg;    461MB (   439 MiB) peak
Used non-heap memory:             37MB (    35 MiB) max;     32MB (    31 MiB) avg;     40MB (    38 MiB) peak
Used in PS Old Gen pool:          22MB (    21 MiB) max;     17MB (    16 MiB) avg;     23MB (    22 MiB) peak
Allocated heap memory:           554MB (   529 MiB) max;    323MB (   308 MiB) avg
Allocated non-heap memory:        41MB (    39 MiB) max;     35MB (    33 MiB) avg
Total process virtual memory:  13242MB ( 12628 MiB) max;  13238MB ( 12625 MiB) avg

Verification result: TRUE. No property violation found by chosen configuration.
More details about the verification run can be found in the directory "/home/yqs17/blazer/cpachecker-inc-pred/output-ori-final/flat/drivers--rtc--rtc-max6902.ko.013.6c3fb55.39_7a.cil_safe.i".
