scripts/cpa.sh -heap 10000M -predicateAnalysis-ABEl-debug -setprop cpa.predicate.refinement.performInitialStaticRefinement=false -disable-java-assertions -outputpath /home/yqs17/blazer/cpachecker-inc-pred/output-ori-final/flat/drivers--mtd--mtdoops.ko.037.016c129.08_1a.cil_safe.i -stats -spec /home/yqs17/blazer/cpachecker-inc-pred/LDVErrorLabel.spc -entryfunction ldv_main0_sequence_infinite_withcheck_stateful /home/yqs17/blazer/cpachecker-inc-pred/programs-flat/drivers--mtd--mtdoops.ko.037.016c129.08_1a.cil_safe.i


--------------------------------------------------------------------------------


Running CPAchecker with Java heap of size 10000M.
Running CPAchecker with the following extra VM options:  -Djava.io.tmpdir=/tmp/BenchExec_run_2e_00o7_/tmp
PredicateCPA statistics
-----------------------
Read Precision Time:                0.000s
Precision file size:                0
Write Precision Time:               0.002s
Number of abstractions:            922 (12% of all post computations)
  Times abstraction was reused:    0
  Because of function entry/exit:  804 (87%)
  Because of loop head:            118 (13%)
  Because of join nodes:           0 (0%)
  Because of threshold:            0 (0%)
  Times precision was empty:       315 (34%)
  Times precision was {false}:     92 (10%)
  Times result was cached:         449 (49%)
  Times cartesian abs was used:    0 (0%)
  Times boolean abs was used:      66 (7%)
  Times result was 'false':        19 (2%)
Number of strengthen sat checks:   7
  Times result was 'false':        0 (0%)
Number of coverage checks:         1714
  BDD entailment checks:           302
Number of SMT sat checks:          7
  trivial:                         7
  cached:                          0

Max ABE block size:                       23
Number of predicates discovered:          3
Number of abstraction locations:          0
Max number of predicates per location:    0
Avg number of predicates per location:    0
Total predicates per abstraction:         187
Max number of predicates per abstraction: 2
Avg number of predicates per abstraction: 1.18
Number of irrelevant predicates:          117 (63%)
Number of preds handled by boolean abs:   70 (37%)
  Total number of models for allsat:      82
  Max number of models for allsat:        2
  Avg number of models for allsat:        1.24

Number of path formula cache hits:   4176 (51%)

Time for post operator:                  1.102s
  Time for path formula creation:        0.908s
    Actual computation:                  0.826s
Time for strengthen operator:            0.038s
  Time for satisfiability checks:        0.000s
Time for prec operator:                  0.824s
  Time for abstraction:                  0.694s (Max:     0.038s, Count: 922)
    Boolean abstraction:                 0.159s
    Solving time:                        0.170s (Max:     0.016s)
    Model enumeration time:              0.050s
    Time for BDD construction:           0.013s (Max:     0.005s)
Time for merge operator:                 0.241s
Time for coverage check:                 0.019s
  Time for BDD entailment checks:        0.016s
Total time for SMT solver (w/o itp):     0.220s

Number of BDD nodes:                               205
Size of BDD node table:                            466043
Size of BDD cache:                                 46619
Size of BDD node cleanup queue:                          71 (count: 4931, min: 0, max: 29, avg: 0.01)
Time for BDD node cleanup:                             0.000s
Time for BDD garbage collection:                       0.000s (in 0 runs)

PrecisionBootstrap statistics
-----------------------------
Init. function predicates:                         0
Init. global predicates:                           0
Init. location predicates:                         0

----------------------

AutomatonAnalysis (SVCOMP) statistics
-------------------------------------
Number of states:                                  1
Total time for successor computation:                  0.027s
Automaton transfers with branching:                0
Automaton transfer successors:                         7432 (count: 7432, min: 1, max: 1, avg: 1.00) [1 x 7432]

CPA algorithm statistics
------------------------
Number of iterations:            6504
Max size of waitlist:            45
Average size of waitlist:        13
Number of computed successors:   7432
Max successors for one state:    2
Number of times merged:          706
Number of times stopped:         895
Number of times abs stopped:     189
Number of times nonAbs stopped:  0
Number of times doAbstraction node:  922
Number of times breaked:         7

Total time for CPA algorithm:         3.027s (Max:     0.845s)
CPU time for CPA algorithm:           5.990s
  Time for choose from waitlist:      0.033s
  Time for precision adjustment:      0.893s
  Time for transfer relation:         1.503s
  Time for merge operator:            0.302s
  Time for stop operator:             0.069s
  Time for adding to reached set:     0.070s

Predicate-Abstraction Refiner statistics
----------------------------------------
Avg. length of target path (in blocks):                 198 (count: 7, min: 12, max: 41, avg: 28.29)
Number of infeasible sliced prefixes:                     0 (count: 0, min: 0, max: 0, avg: 0.00)

Time for refinement:                                   0.958s
  Counterexample analysis:                0.901s (Max:     0.196s, Calls: 7)
    Refinement sat check:                 0.258s
    Interpolant computation:              0.000s
  Error path post-processing:                          0.000s
  Path-formulas extraction:                            0.001s
  Building the counterexample trace:                   0.901s
  Extracting precise counterexample:                   0.000s
  Extracting infeasible sliced prefixes:               0.000s
  Selecting infeasible sliced prefixes:                0.000s
  Predicate creation:                                  0.005s
  Precision update:                                    0.003s
  ARG update:                                          0.039s

Length of refined path (in blocks):                     179 (count: 7, min: 11, max: 40, avg: 25.57)
Number of affected states:                              159 (count: 7, min: 1, max: 39, avg: 22.71)
Length (states) of path with itp 'true':                 13 (count: 7, min: 0, max: 13, avg: 1.86)
Length (states) of path with itp non-trivial itp:       159 (count: 7, min: 1, max: 39, avg: 22.71)
Length (states) of path with itp 'false':                 7 (count: 7, min: 1, max: 1, avg: 1.00)
Different non-trivial interpolants along paths:           0 (count: 7, min: 0, max: 0, avg: 0.00)
Equal non-trivial interpolants along paths:             152 (count: 7, min: 0, max: 38, avg: 21.71)
Different precisions along paths:                         0 (count: 0, min: 0, max: 0, avg: 0.00)
Equal precisions along paths:                             0 (count: 0, min: 0, max: 0, avg: 0.00)
Number of refs with location-based cutoff:                0

CEGAR algorithm statistics
--------------------------
Number of refinements:                7
Lazy expansion status:                false
Expansion times:                      0
Total path lengths:                   4588
SP times:                             0
Number of added holes:                0
Number of successful refinements:     7
Number of failed refinements:         0
Max. size of reached set before ref.: 1494
Max. size of reached set after ref.:  685
Avg. size of reached set before ref.: 1300.14
Avg. size of reached set after ref.:  503.29

Total time for CEGAR algorithm:       4.010s
CPU time for CEGAR algorithm:         7.910s
Time for refinements:                 0.983s
CPU time for refinements:             1.920s
Average time for refinement:          0.140s
Max time for refinement:              0.218s
First time for refinement:             0.378s
Last time for refinement:              0.067s
Average time for analysis:          0.378s
Number of analysis:                8

Counterexample-Check Algorithm statistics
-----------------------------------------
Number of counterexample checks:    0

Code Coverage
-----------------------------
  Visited lines:          1990
  Total lines:            5
  Line coverage:          398.000

CPAchecker general statistics
-----------------------------
Number of program locations:     1184
Number of CFA edges:             1299
Number of relevant variables:    186
Number of functions:             39
Number of loops:                 5
Size of reached set:             941
  Number of reached locations:   809 (68%)
    Avg states per location:     1
    Max states per location:     4 (at node N536)
  Number of reached functions:   20 (51%)
  Number of partitions:          940
    Avg size of partitions:      1
    Max size of partitions:      2 (with key [N538 (before /work/ldvuser/novikov/work/current--X--drivers/mtd/mtdoops.ko--X--defaultlinux--X--08_1a--X--cpachecker/linux/csd_deg_dscv/11/dscv_tempdir/dscv/ri/08_1a/drivers/mtd/mtdoops.c.prepared, line 267), Function find_next_position called from node N671, stack depth 3 [13cc0b90], stack [ldv_main0_sequence_infinite_withcheck_stateful, mtdoops_notify_add, find_next_position], Init])
  Number of target states:       0

Time for analysis setup:                   1.608s
  Time for loading CPAs:                   0.371s
  Time for impacted traverse:              0.002s
  Time for loading parser:        0.028s
  Time for CFA construction:      1.116s
    Time for parsing file(s):     0.345s
    Time for AST to CFA:          0.413s
    Time for CFA sanity check:    0.000s
    Time for post-processing:     0.221s
      Time for var class.:        0.000s
Time for Analysis:                         4.012s
CPU time for analysis:      7.920s

Time for Garbage Collector:       0.185s (in 7 runs)
Garbage Collector(s) used:    PS MarkSweep, PS Scavenge
Used heap memory:                173MB (   165 MiB) max;     64MB (    61 MiB) avg;    188MB (   180 MiB) peak
Used non-heap memory:             34MB (    33 MiB) max;     28MB (    27 MiB) avg;     36MB (    35 MiB) peak
Used in PS Old Gen pool:          22MB (    21 MiB) max;     13MB (    13 MiB) avg;     23MB (    22 MiB) peak
Allocated heap memory:           350MB (   334 MiB) max;    212MB (   202 MiB) avg
Allocated non-heap memory:        37MB (    35 MiB) max;     30MB (    28 MiB) avg
Total process virtual memory:  13241MB ( 12628 MiB) max;  13237MB ( 12624 MiB) avg

Verification result: TRUE. No property violation found by chosen configuration.
More details about the verification run can be found in the directory "/home/yqs17/blazer/cpachecker-inc-pred/output-ori-final/flat/drivers--mtd--mtdoops.ko.037.016c129.08_1a.cil_safe.i".
