scripts/cpa.sh -heap 10000M -predicateAnalysis-ABEl-debug -setprop cpa.predicate.refinement.performInitialStaticRefinement=false -disable-java-assertions -outputpath /home/yqs17/blazer/cpachecker-inc-pred/output-ori-final/flat/drivers--staging--comedi--comedi_bond.ko.027.90db97d.39_7a.cil_safe.i -stats -spec /home/yqs17/blazer/cpachecker-inc-pred/LDVErrorLabel.spc -entryfunction ldv_main0_sequence_infinite_withcheck_stateful /home/yqs17/blazer/cpachecker-inc-pred/programs-flat/drivers--staging--comedi--comedi_bond.ko.027.90db97d.39_7a.cil_safe.i


--------------------------------------------------------------------------------


Running CPAchecker with Java heap of size 10000M.
Running CPAchecker with the following extra VM options:  -Djava.io.tmpdir=/tmp/BenchExec_run_5djom3zo/tmp
PredicateCPA statistics
-----------------------
Read Precision Time:                0.000s
Precision file size:                0
Write Precision Time:               0.001s
Number of abstractions:            223 (10% of all post computations)
  Times abstraction was reused:    0
  Because of function entry/exit:  158 (71%)
  Because of loop head:            65 (29%)
  Because of join nodes:           0 (0%)
  Because of threshold:            0 (0%)
  Times precision was empty:       81 (36%)
  Times precision was {false}:     11 (5%)
  Times result was cached:         58 (26%)
  Times cartesian abs was used:    0 (0%)
  Times boolean abs was used:      73 (33%)
  Times result was 'false':        13 (6%)
Number of strengthen sat checks:   6
  Times result was 'false':        0 (0%)
Number of coverage checks:         223
  BDD entailment checks:           63
Number of SMT sat checks:          6
  trivial:                         6
  cached:                          0

Max ABE block size:                       37
Number of predicates discovered:          3
Number of abstraction locations:          0
Max number of predicates per location:    0
Avg number of predicates per location:    0
Total predicates per abstraction:         132
Max number of predicates per abstraction: 2
Avg number of predicates per abstraction: 1.57
Number of irrelevant predicates:          22 (17%)
Number of preds handled by boolean abs:   110 (83%)
  Total number of models for allsat:      73
  Max number of models for allsat:        1
  Avg number of models for allsat:        1.00

Number of path formula cache hits:   1705 (70%)

Time for post operator:                  0.687s
  Time for path formula creation:        0.613s
    Actual computation:                  0.588s
Time for strengthen operator:            0.012s
  Time for satisfiability checks:        0.000s
Time for prec operator:                  0.958s
  Time for abstraction:                  0.883s (Max:     0.132s, Count: 223)
    Boolean abstraction:                 0.292s
    Solving time:                        0.262s (Max:     0.046s)
    Model enumeration time:              0.001s
    Time for BDD construction:           0.015s (Max:     0.005s)
Time for merge operator:                 0.147s
Time for coverage check:                 0.000s
  Time for BDD entailment checks:        0.000s
Total time for SMT solver (w/o itp):     0.263s

Number of BDD nodes:                               204
Size of BDD node table:                            466043
Size of BDD cache:                                 46619
Size of BDD node cleanup queue:                          58 (count: 3283, min: 0, max: 40, avg: 0.02)
Time for BDD node cleanup:                             0.005s
Time for BDD garbage collection:                       0.000s (in 0 runs)

PrecisionBootstrap statistics
-----------------------------
Init. function predicates:                         0
Init. global predicates:                           0
Init. location predicates:                         0

----------------------

AutomatonAnalysis (SVCOMP) statistics
-------------------------------------
Number of states:                                  1
Total time for successor computation:                  0.015s
Automaton transfers with branching:                0
Automaton transfer successors:                         2199 (count: 2199, min: 1, max: 1, avg: 1.00) [1 x 2199]

CPA algorithm statistics
------------------------
Number of iterations:            2034
Max size of waitlist:            14
Average size of waitlist:        5
Number of computed successors:   2199
Max successors for one state:    2
Number of times merged:          80
Number of times stopped:         139
Number of times abs stopped:     59
Number of times nonAbs stopped:  0
Number of times doAbstraction node:  223
Number of times breaked:         6

Total time for CPA algorithm:         2.075s (Max:     0.900s)
CPU time for CPA algorithm:           4.120s
  Time for choose from waitlist:      0.009s
  Time for precision adjustment:      0.994s
  Time for transfer relation:         0.820s
  Time for merge operator:            0.160s
  Time for stop operator:             0.016s
  Time for adding to reached set:     0.021s

Predicate-Abstraction Refiner statistics
----------------------------------------
Avg. length of target path (in blocks):                  82 (count: 6, min: 6, max: 26, avg: 13.67)
Number of infeasible sliced prefixes:                     0 (count: 0, min: 0, max: 0, avg: 0.00)

Time for refinement:                                   0.563s
  Counterexample analysis:                0.536s (Max:     0.275s, Calls: 6)
    Refinement sat check:                 0.153s
    Interpolant computation:              0.000s
  Error path post-processing:                          0.000s
  Path-formulas extraction:                            0.000s
  Building the counterexample trace:                   0.536s
  Extracting precise counterexample:                   0.000s
  Extracting infeasible sliced prefixes:               0.000s
  Selecting infeasible sliced prefixes:                0.000s
  Predicate creation:                                  0.003s
  Precision update:                                    0.003s
  ARG update:                                          0.014s

Length of refined path (in blocks):                      76 (count: 6, min: 5, max: 25, avg: 12.67)
Number of affected states:                               64 (count: 6, min: 3, max: 23, avg: 10.67)
Length (states) of path with itp 'true':                  6 (count: 6, min: 1, max: 1, avg: 1.00)
Length (states) of path with itp non-trivial itp:        64 (count: 6, min: 3, max: 23, avg: 10.67)
Length (states) of path with itp 'false':                 6 (count: 6, min: 1, max: 1, avg: 1.00)
Different non-trivial interpolants along paths:           0 (count: 6, min: 0, max: 0, avg: 0.00)
Equal non-trivial interpolants along paths:              58 (count: 6, min: 2, max: 22, avg: 9.67)
Different precisions along paths:                         0 (count: 0, min: 0, max: 0, avg: 0.00)
Equal precisions along paths:                             0 (count: 0, min: 0, max: 0, avg: 0.00)
Number of refs with location-based cutoff:                0

CEGAR algorithm statistics
--------------------------
Number of refinements:                6
Lazy expansion status:                false
Expansion times:                      0
Total path lengths:                   2506
SP times:                             0
Number of added holes:                0
Number of successful refinements:     6
Number of failed refinements:         0
Max. size of reached set before ref.: 676
Max. size of reached set after ref.:  335
Avg. size of reached set before ref.: 566.17
Avg. size of reached set after ref.:  335.00

Total time for CEGAR algorithm:       2.662s
CPU time for CEGAR algorithm:         5.270s
Time for refinements:                 0.583s
CPU time for refinements:             1.150s
Average time for refinement:          0.097s
Max time for refinement:              0.284s
First time for refinement:             0.296s
Last time for refinement:              0.323s
Average time for analysis:          0.296s
Number of analysis:                7

Counterexample-Check Algorithm statistics
-----------------------------------------
Number of counterexample checks:    0

Code Coverage
-----------------------------
  Function coverage:      0.111
  Visited lines:          1475
  Total lines:            76
  Line coverage:          19.408
  Visited conditions:     4
  Total conditions:       48
  Condition coverage:     0.083

CPAchecker general statistics
-----------------------------
Number of program locations:     893
Number of CFA edges:             966
Number of relevant variables:    134
Number of functions:             31
Number of loops:                 5
Size of reached set:             661
  Number of reached locations:   641 (72%)
    Avg states per location:     1
    Max states per location:     4 (at node N150)
  Number of reached functions:   10 (32%)
  Number of partitions:          661
    Avg size of partitions:      1
    Max size of partitions:      1
  Number of target states:       0

Time for analysis setup:                   1.400s
  Time for loading CPAs:                   0.352s
  Time for impacted traverse:              0.002s
  Time for loading parser:        0.031s
  Time for CFA construction:      0.952s
    Time for parsing file(s):     0.298s
    Time for AST to CFA:          0.374s
    Time for CFA sanity check:    0.000s
    Time for post-processing:     0.177s
      Time for var class.:        0.000s
Time for Analysis:                         2.663s
CPU time for analysis:      5.270s

Time for Garbage Collector:       0.212s (in 7 runs)
Garbage Collector(s) used:    PS MarkSweep, PS Scavenge
Used heap memory:                173MB (   165 MiB) max;     56MB (    53 MiB) avg;    188MB (   180 MiB) peak
Used non-heap memory:             35MB (    33 MiB) max;     27MB (    26 MiB) avg;     36MB (    34 MiB) peak
Used in PS Old Gen pool:          22MB (    21 MiB) max;     11MB (    10 MiB) avg;     22MB (    21 MiB) peak
Allocated heap memory:           270MB (   258 MiB) max;    207MB (   198 MiB) avg
Allocated non-heap memory:        36MB (    34 MiB) max;     28MB (    26 MiB) avg
Total process virtual memory:  13240MB ( 12627 MiB) max;  13236MB ( 12623 MiB) avg

Verification result: TRUE. No property violation found by chosen configuration.
More details about the verification run can be found in the directory "/home/yqs17/blazer/cpachecker-inc-pred/output-ori-final/flat/drivers--staging--comedi--comedi_bond.ko.027.90db97d.39_7a.cil_safe.i".
