scripts/cpa.sh -heap 10000M -predicateAnalysis-ABEl-debug -setprop cpa.predicate.refinement.performInitialStaticRefinement=false -disable-java-assertions -outputpath /home/yqs17/blazer/cpachecker-inc-pred/output-ori-final/flat/drivers--staging--comedi--comedi_bond.ko.032.379585a.08_1a.cil_safe.i -stats -spec /home/yqs17/blazer/cpachecker-inc-pred/LDVErrorLabel.spc -entryfunction ldv_main0_sequence_infinite_withcheck_stateful /home/yqs17/blazer/cpachecker-inc-pred/programs-flat/drivers--staging--comedi--comedi_bond.ko.032.379585a.08_1a.cil_safe.i


--------------------------------------------------------------------------------


Running CPAchecker with Java heap of size 10000M.
Running CPAchecker with the following extra VM options:  -Djava.io.tmpdir=/tmp/BenchExec_run_q9wyr82z/tmp
PredicateCPA statistics
-----------------------
Read Precision Time:                0.000s
Precision file size:                0
Write Precision Time:               0.002s
Number of abstractions:            188 (10% of all post computations)
  Times abstraction was reused:    0
  Because of function entry/exit:  129 (69%)
  Because of loop head:            59 (31%)
  Because of join nodes:           0 (0%)
  Because of threshold:            0 (0%)
  Times precision was empty:       59 (31%)
  Times precision was {false}:     22 (12%)
  Times result was cached:         63 (34%)
  Times cartesian abs was used:    0 (0%)
  Times boolean abs was used:      44 (23%)
  Times result was 'false':        7 (4%)
Number of strengthen sat checks:   5
  Times result was 'false':        0 (0%)
Number of coverage checks:         202
  BDD entailment checks:           64
Number of SMT sat checks:          5
  trivial:                         5
  cached:                          0

Max ABE block size:                       38
Number of predicates discovered:          4
Number of abstraction locations:          0
Max number of predicates per location:    0
Avg number of predicates per location:    0
Total predicates per abstraction:         107
Max number of predicates per abstraction: 3
Avg number of predicates per abstraction: 1.62
Number of irrelevant predicates:          48 (45%)
Number of preds handled by boolean abs:   59 (55%)
  Total number of models for allsat:      47
  Max number of models for allsat:        2
  Avg number of models for allsat:        1.07

Number of path formula cache hits:   1232 (60%)

Time for post operator:                  0.818s
  Time for path formula creation:        0.754s
    Actual computation:                  0.726s
Time for strengthen operator:            0.003s
  Time for satisfiability checks:        0.000s
Time for prec operator:                  0.786s
  Time for abstraction:                  0.690s (Max:     0.117s, Count: 188)
    Boolean abstraction:                 0.136s
    Solving time:                        0.156s (Max:     0.034s)
    Model enumeration time:              0.017s
    Time for BDD construction:           0.009s (Max:     0.008s)
Time for merge operator:                 0.172s
Time for coverage check:                 0.002s
  Time for BDD entailment checks:        0.001s
Total time for SMT solver (w/o itp):     0.173s

Number of BDD nodes:                               212
Size of BDD node table:                            466043
Size of BDD cache:                                 46619
Size of BDD node cleanup queue:                          46 (count: 2717, min: 0, max: 46, avg: 0.02)
Time for BDD node cleanup:                             0.002s
Time for BDD garbage collection:                       0.000s (in 0 runs)

PrecisionBootstrap statistics
-----------------------------
Init. function predicates:                         0
Init. global predicates:                           0
Init. location predicates:                         0

----------------------

AutomatonAnalysis (SVCOMP) statistics
-------------------------------------
Number of states:                                  1
Total time for successor computation:                  0.020s
Automaton transfers with branching:                0
Automaton transfer successors:                         1878 (count: 1878, min: 1, max: 1, avg: 1.00) [1 x 1878]

CPA algorithm statistics
------------------------
Number of iterations:            1741
Max size of waitlist:            14
Average size of waitlist:        5
Number of computed successors:   1878
Max successors for one state:    2
Number of times merged:          69
Number of times stopped:         123
Number of times abs stopped:     54
Number of times nonAbs stopped:  0
Number of times doAbstraction node:  188
Number of times breaked:         5

Total time for CPA algorithm:         2.036s (Max:     1.017s)
CPU time for CPA algorithm:           4.030s
  Time for choose from waitlist:      0.024s
  Time for precision adjustment:      0.813s
  Time for transfer relation:         0.920s
  Time for merge operator:            0.186s
  Time for stop operator:             0.021s
  Time for adding to reached set:     0.022s

Predicate-Abstraction Refiner statistics
----------------------------------------
Avg. length of target path (in blocks):                  73 (count: 5, min: 4, max: 25, avg: 14.60)
Number of infeasible sliced prefixes:                     0 (count: 0, min: 0, max: 0, avg: 0.00)

Time for refinement:                                   0.641s
  Counterexample analysis:                0.613s (Max:     0.388s, Calls: 5)
    Refinement sat check:                 0.227s
    Interpolant computation:              0.000s
  Error path post-processing:                          0.000s
  Path-formulas extraction:                            0.000s
  Building the counterexample trace:                   0.613s
  Extracting precise counterexample:                   0.000s
  Extracting infeasible sliced prefixes:               0.000s
  Selecting infeasible sliced prefixes:                0.000s
  Predicate creation:                                  0.007s
  Precision update:                                    0.002s
  ARG update:                                          0.011s

Length of refined path (in blocks):                      60 (count: 5, min: 3, max: 24, avg: 12.00)
Number of affected states:                               44 (count: 5, min: 2, max: 23, avg: 8.80)
Length (states) of path with itp 'true':                 11 (count: 5, min: 0, max: 11, avg: 2.20)
Length (states) of path with itp non-trivial itp:        44 (count: 5, min: 2, max: 23, avg: 8.80)
Length (states) of path with itp 'false':                 5 (count: 5, min: 1, max: 1, avg: 1.00)
Different non-trivial interpolants along paths:           0 (count: 5, min: 0, max: 0, avg: 0.00)
Equal non-trivial interpolants along paths:              39 (count: 5, min: 1, max: 22, avg: 7.80)
Different precisions along paths:                         0 (count: 0, min: 0, max: 0, avg: 0.00)
Equal precisions along paths:                             0 (count: 0, min: 0, max: 0, avg: 0.00)
Number of refs with location-based cutoff:                0

CEGAR algorithm statistics
--------------------------
Number of refinements:                5
Lazy expansion status:                false
Expansion times:                      0
Total path lengths:                   2076
SP times:                             0
Number of added holes:                0
Number of successful refinements:     5
Number of failed refinements:         0
Max. size of reached set before ref.: 651
Max. size of reached set after ref.:  522
Avg. size of reached set before ref.: 580.80
Avg. size of reached set after ref.:  358.80

Total time for CEGAR algorithm:       2.696s
CPU time for CEGAR algorithm:         5.310s
Time for refinements:                 0.660s
CPU time for refinements:             1.280s
Average time for refinement:          0.132s
Max time for refinement:              0.394s
First time for refinement:             0.339s
Last time for refinement:              0.256s
Average time for analysis:          0.339s
Number of analysis:                6

Counterexample-Check Algorithm statistics
-----------------------------------------
Number of counterexample checks:    0

Code Coverage
-----------------------------
  Visited lines:          1442
  Total lines:            24
  Line coverage:          60.083

CPAchecker general statistics
-----------------------------
Number of program locations:     739
Number of CFA edges:             791
Number of relevant variables:    106
Number of functions:             18
Number of loops:                 5
Size of reached set:             639
  Number of reached locations:   604 (82%)
    Avg states per location:     1
    Max states per location:     4 (at node N150)
  Number of reached functions:   9 (50%)
  Number of partitions:          638
    Avg size of partitions:      1
    Max size of partitions:      2 (with key [N260 (before /work/ldvuser/novikov/work/current--X--drivers/staging/comedi/drivers/comedi_bond.ko--X--defaultlinux--X--08_1a--X--cpachecker/linux/csd_deg_dscv/12/dscv_tempdir/dscv/ri/08_1a/drivers/staging/comedi/drivers/comedi_bond.c.prepared, line 268), Function doDevConfig called from node N320, stack depth 3 [4af46df3], stack [ldv_main0_sequence_infinite_withcheck_stateful, bonding_attach, doDevConfig], Init])
  Number of target states:       0

Time for analysis setup:                   1.339s
  Time for loading CPAs:                   0.358s
  Time for impacted traverse:              0.001s
  Time for loading parser:        0.029s
  Time for CFA construction:      0.884s
    Time for parsing file(s):     0.307s
    Time for AST to CFA:          0.304s
    Time for CFA sanity check:    0.000s
    Time for post-processing:     0.170s
      Time for var class.:        0.000s
Time for Analysis:                         2.697s
CPU time for analysis:      5.310s

Time for Garbage Collector:       0.194s (in 7 runs)
Garbage Collector(s) used:    PS MarkSweep, PS Scavenge
Used heap memory:                171MB (   163 MiB) max;     54MB (    52 MiB) avg;    187MB (   178 MiB) peak
Used non-heap memory:             34MB (    33 MiB) max;     27MB (    26 MiB) avg;     35MB (    33 MiB) peak
Used in PS Old Gen pool:          21MB (    20 MiB) max;     11MB (    10 MiB) avg;     21MB (    20 MiB) peak
Allocated heap memory:           270MB (   258 MiB) max;    208MB (   199 MiB) avg
Allocated non-heap memory:        35MB (    33 MiB) max;     28MB (    26 MiB) avg
Total process virtual memory:  13240MB ( 12627 MiB) max;  13236MB ( 12623 MiB) avg

Verification result: TRUE. No property violation found by chosen configuration.
More details about the verification run can be found in the directory "/home/yqs17/blazer/cpachecker-inc-pred/output-ori-final/flat/drivers--staging--comedi--comedi_bond.ko.032.379585a.08_1a.cil_safe.i".
