scripts/cpa.sh -heap 10000M -predicateAnalysis-ABEl-debug -setprop cpa.predicate.refinement.performInitialStaticRefinement=false -disable-java-assertions -outputpath /home/yqs17/blazer/cpachecker-inc-pred/output-ori-final/flat/drivers--usb--serial--ssu100.ko.021.c7f3619.32_7a.cil_safe.i -stats -spec /home/yqs17/blazer/cpachecker-inc-pred/LDVErrorLabel.spc -entryfunction ldv_main0_sequence_infinite_withcheck_stateful /home/yqs17/blazer/cpachecker-inc-pred/programs-flat/drivers--usb--serial--ssu100.ko.021.c7f3619.32_7a.cil_safe.i


--------------------------------------------------------------------------------


Running CPAchecker with Java heap of size 10000M.
Running CPAchecker with the following extra VM options:  -Djava.io.tmpdir=/tmp/BenchExec_run_bxqio3zy/tmp
PredicateCPA statistics
-----------------------
Read Precision Time:                0.000s
Precision file size:                0
Write Precision Time:               0.004s
Number of abstractions:            89448 (17% of all post computations)
  Times abstraction was reused:    0
  Because of function entry/exit:  84443 (94%)
  Because of loop head:            5005 (6%)
  Because of join nodes:           0 (0%)
  Because of threshold:            0 (0%)
  Times precision was empty:       2205 (2%)
  Times precision was {false}:     779 (1%)
  Times result was cached:         76802 (86%)
  Times cartesian abs was used:    0 (0%)
  Times boolean abs was used:      9662 (11%)
  Times result was 'false':        1662 (2%)
Number of strengthen sat checks:   84
  Times result was 'false':        0 (0%)
Number of coverage checks:         102853
  BDD entailment checks:           22671
Number of SMT sat checks:          84
  trivial:                         84
  cached:                          0

Max ABE block size:                       34
Number of predicates discovered:          11
Number of abstraction locations:          0
Max number of predicates per location:    0
Avg number of predicates per location:    0
Total predicates per abstraction:         40922
Max number of predicates per abstraction: 9
Avg number of predicates per abstraction: 3.92
Number of irrelevant predicates:          8524 (21%)
Number of preds handled by boolean abs:   32398 (79%)
  Total number of models for allsat:      12945
  Max number of models for allsat:        4
  Avg number of models for allsat:        1.34

Number of path formula cache hits:   547748 (85%)

Time for post operator:                 17.475s
  Time for path formula creation:        7.277s
    Actual computation:                  6.021s
Time for strengthen operator:            0.333s
  Time for satisfiability checks:        0.000s
Time for prec operator:                 18.846s
  Time for abstraction:                 15.785s (Max:     0.090s, Count: 89448)
    Boolean abstraction:                 2.860s
    Solving time:                        1.072s (Max:     0.013s)
    Model enumeration time:              0.293s
    Time for BDD construction:           0.164s (Max:     0.004s)
Time for merge operator:                 1.599s
Time for coverage check:                 0.071s
  Time for BDD entailment checks:        0.045s
Total time for SMT solver (w/o itp):     1.365s

Number of BDD nodes:                               1154
Size of BDD node table:                            466043
Size of BDD cache:                                 46619
Size of BDD node cleanup queue:                       10862 (count: 74552, min: 0, max: 2891, avg: 0.15)
Time for BDD node cleanup:                             0.012s
Time for BDD garbage collection:                       0.000s (in 0 runs)

PrecisionBootstrap statistics
-----------------------------
Init. function predicates:                         0
Init. global predicates:                           0
Init. location predicates:                         0

----------------------

AutomatonAnalysis (SVCOMP) statistics
-------------------------------------
Number of states:                                  1
Total time for successor computation:                  0.301s
Automaton transfers with branching:                0
Automaton transfer successors:                       537272 (count: 537272, min: 1, max: 1, avg: 1.00) [1 x 537272]

CPA algorithm statistics
------------------------
Number of iterations:            479796
Max size of waitlist:            44
Average size of waitlist:        20
Number of computed successors:   537272
Max successors for one state:    2
Number of times merged:          40091
Number of times stopped:         54762
Number of times abs stopped:     14671
Number of times nonAbs stopped:  0
Number of times doAbstraction node:  89448
Number of times breaked:         84

Total time for CPA algorithm:        46.828s (Max:     1.869s)
CPU time for CPA algorithm:          82.840s
  Time for choose from waitlist:      0.186s
  Time for precision adjustment:     19.582s
  Time for transfer relation:        21.401s
  Time for merge operator:            2.272s
  Time for stop operator:             0.676s
  Time for adding to reached set:     0.996s

Predicate-Abstraction Refiner statistics
----------------------------------------
Avg. length of target path (in blocks):                2196 (count: 84, min: 6, max: 77, avg: 26.14)
Number of infeasible sliced prefixes:                     0 (count: 0, min: 0, max: 0, avg: 0.00)

Time for refinement:                                   3.543s
  Counterexample analysis:                1.947s (Max:     0.104s, Calls: 84)
    Refinement sat check:                 0.370s
    Interpolant computation:              0.000s
  Error path post-processing:                          0.000s
  Path-formulas extraction:                            0.003s
  Building the counterexample trace:                   1.947s
  Extracting precise counterexample:                   0.000s
  Extracting infeasible sliced prefixes:               0.000s
  Selecting infeasible sliced prefixes:                0.000s
  Predicate creation:                                  0.023s
  Precision update:                                    0.055s
  ARG update:                                          1.442s

Length of refined path (in blocks):                    1864 (count: 84, min: 4, max: 68, avg: 22.19)
Number of affected states:                             1680 (count: 84, min: 0, max: 67, avg: 20.00)
Length (states) of path with itp 'true':                100 (count: 84, min: 0, max: 22, avg: 1.19)
Length (states) of path with itp non-trivial itp:      1680 (count: 84, min: 0, max: 67, avg: 20.00)
Length (states) of path with itp 'false':                84 (count: 84, min: 1, max: 1, avg: 1.00)
Different non-trivial interpolants along paths:          33 (count: 84, min: 0, max: 2, avg: 0.39)
Equal non-trivial interpolants along paths:            1564 (count: 84, min: 0, max: 64, avg: 18.62)
Different precisions along paths:                         0 (count: 0, min: 0, max: 0, avg: 0.00)
Equal precisions along paths:                             0 (count: 0, min: 0, max: 0, avg: 0.00)
Number of refs with location-based cutoff:                0

CEGAR algorithm statistics
--------------------------
Number of refinements:                84
Lazy expansion status:                false
Expansion times:                      0
Total path lengths:                   70465
SP times:                             0
Number of added holes:                0
Number of successful refinements:     84
Number of failed refinements:         0
Max. size of reached set before ref.: 11590
Max. size of reached set after ref.:  5403
Avg. size of reached set before ref.: 6466.87
Avg. size of reached set after ref.:  824.79

Total time for CEGAR algorithm:      50.540s
CPU time for CEGAR algorithm:        89.770s
Time for refinements:                 3.701s
CPU time for refinements:             6.890s
Average time for refinement:          0.044s
Max time for refinement:              0.126s
First time for refinement:             0.550s
Last time for refinement:              1.057s
Average time for analysis:          0.550s
Number of analysis:                85

Counterexample-Check Algorithm statistics
-----------------------------------------
Number of counterexample checks:    0

Code Coverage
-----------------------------
  Visited lines:          3800
  Total lines:            10
  Line coverage:          380.000

CPAchecker general statistics
-----------------------------
Number of program locations:     1859
Number of CFA edges:             2159
Number of relevant variables:    245
Number of functions:             70
Number of loops:                 4
Size of reached set:             6914
  Number of reached locations:   1615 (87%)
    Avg states per location:     4
    Max states per location:     89 (at node N101)
  Number of reached functions:   45 (64%)
  Number of partitions:          6894
    Avg size of partitions:      1
    Max size of partitions:      4 (with key [N989 (before /work/ldvuser/novikov/work/current--X--drivers/usb/serial/ssu100.ko--X--defaultlinux--X--32_7a--X--cpachecker/linux/csd_deg_dscv/11/dscv_tempdir/dscv/ri/32_7a/drivers/usb/serial/ssu100.c.prepared, line 1148), Function ldv_main0_sequence_infinite_withcheck_stateful called from node N886, stack depth 1 [3b4ef7], stack [ldv_main0_sequence_infinite_withcheck_stateful], Init])
  Number of target states:       0

Time for analysis setup:                   1.953s
  Time for loading CPAs:                   0.354s
  Time for impacted traverse:              0.002s
  Time for loading parser:        0.027s
  Time for CFA construction:      1.497s
    Time for parsing file(s):     0.489s
    Time for AST to CFA:          0.531s
    Time for CFA sanity check:    0.000s
    Time for post-processing:     0.310s
      Time for var class.:        0.000s
Time for Analysis:                        50.546s
CPU time for analysis:     89.780s

Time for Garbage Collector:       1.290s (in 30 runs)
Garbage Collector(s) used:    PS MarkSweep, PS Scavenge
Used heap memory:               2669MB (  2545 MiB) max;    695MB (   663 MiB) avg;   2675MB (  2551 MiB) peak
Used non-heap memory:             42MB (    40 MiB) max;     38MB (    36 MiB) avg;     45MB (    43 MiB) peak
Used in PS Old Gen pool:          57MB (    55 MiB) max;     43MB (    41 MiB) avg;     57MB (    55 MiB) peak
Allocated heap memory:          2724MB (  2598 MiB) max;   1389MB (  1324 MiB) avg
Allocated non-heap memory:        46MB (    44 MiB) max;     42MB (    40 MiB) avg
Total process virtual memory:  13243MB ( 12630 MiB) max;  13240MB ( 12626 MiB) avg

Verification result: TRUE. No property violation found by chosen configuration.
More details about the verification run can be found in the directory "/home/yqs17/blazer/cpachecker-inc-pred/output-ori-final/flat/drivers--usb--serial--ssu100.ko.021.c7f3619.32_7a.cil_safe.i".
