scripts/cpa.sh -heap 10000M -predicateAnalysis-ABEl-debug -disable-java-assertions -outputpath /home/yqs17/blazer/cpachecker-inc-pred/output-ori-final/08_1a.input--joystick--twidjoy.ko.set/010.d1659fc.08_1a.cil_safe.i -stats -spec /home/yqs17/blazer/cpachecker-inc-pred/LDVErrorLabel.spc -entryfunction ldv_main0_sequence_infinite_withcheck_stateful /home/yqs17/blazer/cpachecker-inc-pred/programs/drivers--input--joystick--twidjoy.ko/010.d1659fc.08_1a.cil_safe.i


--------------------------------------------------------------------------------


Running CPAchecker with Java heap of size 10000M.
Running CPAchecker with the following extra VM options:  -Djava.io.tmpdir=/tmp/BenchExec_run_kwzvsbhw/tmp
PredicateCPA statistics
-----------------------
Read Precision Time:                0.000s
Precision file size:                3377
Write Precision Time:               0.002s
Number of abstractions:            2687 (20% of all post computations)
  Times abstraction was reused:    0
  Because of function entry/exit:  2227 (83%)
  Because of loop head:            460 (17%)
  Because of join nodes:           0 (0%)
  Because of threshold:            0 (0%)
  Times precision was empty:       460 (17%)
  Times precision was {false}:     158 (6%)
  Times result was cached:         1665 (62%)
  Times cartesian abs was used:    0 (0%)
  Times boolean abs was used:      404 (15%)
  Times result was 'false':        54 (2%)
Number of strengthen sat checks:   12
  Times result was 'false':        0 (0%)
Number of coverage checks:         1759
  BDD entailment checks:           845
Number of SMT sat checks:          12
  trivial:                         12
  cached:                          0

Max ABE block size:                       15
Number of predicates discovered:          5
Number of abstraction locations:          0
Max number of predicates per location:    0
Avg number of predicates per location:    0
Total predicates per abstraction:         944
Max number of predicates per abstraction: 4
Avg number of predicates per abstraction: 1.68
Number of irrelevant predicates:          329 (35%)
Number of preds handled by boolean abs:   615 (65%)
  Total number of models for allsat:      449
  Max number of models for allsat:        3
  Avg number of models for allsat:        1.11

Number of path formula cache hits:   9875 (64%)

Time for post operator:                  1.160s
  Time for path formula creation:        0.893s
    Actual computation:                  0.830s
Time for strengthen operator:            0.023s
  Time for satisfiability checks:        0.000s
Time for prec operator:                  1.671s
  Time for abstraction:                  1.404s (Max:     0.049s, Count: 2687)
    Boolean abstraction:                 0.267s
    Solving time:                        0.267s (Max:     0.016s)
    Model enumeration time:              0.033s
    Time for BDD construction:           0.013s (Max:     0.002s)
Time for merge operator:                 0.821s
Time for coverage check:                 0.013s
  Time for BDD entailment checks:        0.011s
Total time for SMT solver (w/o itp):     0.300s

Number of BDD nodes:                               250
Size of BDD node table:                            466043
Size of BDD cache:                                 46619
Size of BDD node cleanup queue:                         327 (count: 6214, min: 0, max: 178, avg: 0.05)
Time for BDD node cleanup:                             0.000s
Time for BDD garbage collection:                       0.000s (in 0 runs)

PrecisionBootstrap statistics
-----------------------------
Init. function predicates:                         0
Init. global predicates:                           0
Init. location predicates:                         0

----------------------

AutomatonAnalysis (SVCOMP) statistics
-------------------------------------
Number of states:                                  1
Total time for successor computation:                  0.033s
Automaton transfers with branching:                0
Automaton transfer successors:                        13513 (count: 13513, min: 1, max: 1, avg: 1.00) [1 x 13513]

CPA algorithm statistics
------------------------
Number of iterations:            12518
Max size of waitlist:            21
Average size of waitlist:        10
Number of computed successors:   13513
Max successors for one state:    2
Number of times merged:          457
Number of times stopped:         907
Number of times abs stopped:     450
Number of times nonAbs stopped:  914
Number of coverage check (part): 1759
Number of times doAbstraction node:  2687
Number of times breaked:         12

Total time for CPA algorithm:         4.443s (Max:     0.690s)
CPU time for CPA algorithm:           8.800s
  Time for choose from waitlist:      0.033s
  Time for precision adjustment:      1.764s
  Time for transfer relation:         1.466s
  Time for merge operator:            0.855s
  Time for stop operator:             0.066s
  Time for adding to reached set:     0.049s

Predicate-Abstraction Refiner statistics
----------------------------------------
Avg. length of target path (in blocks):                 348 (count: 12, min: 10, max: 42, avg: 29.00)
Number of infeasible sliced prefixes:                     0 (count: 0, min: 0, max: 0, avg: 0.00)

Time for refinement:                                   0.948s
  Counterexample analysis:                0.860s (Max:     0.130s, Calls: 12)
    Refinement sat check:                 0.187s
    Interpolant computation:              0.000s
  Error path post-processing:                          0.000s
  Path-formulas extraction:                            0.000s
  Building the counterexample trace:                   0.860s
  Extracting precise counterexample:                   0.000s
  Extracting infeasible sliced prefixes:               0.000s
  Selecting infeasible sliced prefixes:                0.000s
  Predicate creation:                                  0.006s
  Precision update:                                    0.009s
  ARG update:                                          0.057s

Length of refined path (in blocks):                     274 (count: 12, min: 6, max: 41, avg: 22.83)
Number of affected states:                              262 (count: 12, min: 5, max: 40, avg: 21.83)
Length (states) of path with itp 'true':                  0 (count: 12, min: 0, max: 0, avg: 0.00)
Length (states) of path with itp non-trivial itp:       262 (count: 12, min: 5, max: 40, avg: 21.83)
Length (states) of path with itp 'false':                12 (count: 12, min: 1, max: 1, avg: 1.00)
Different non-trivial interpolants along paths:           4 (count: 12, min: 0, max: 2, avg: 0.33)
Equal non-trivial interpolants along paths:             246 (count: 12, min: 4, max: 39, avg: 20.50)
Different precisions along paths:                         0 (count: 0, min: 0, max: 0, avg: 0.00)
Equal precisions along paths:                             0 (count: 0, min: 0, max: 0, avg: 0.00)
Number of refs with location-based cutoff:                0

CEGAR algorithm statistics
--------------------------
Number of refinements:                12
Lazy expansion status:                false
Expansion times:                      0
Total path lengths:                   7496
SP times:                             0
Number of added holes:                0
Number of successful refinements:     12
Number of failed refinements:         0
Max. size of reached set before ref.: 2100
Max. size of reached set after ref.:  503
Avg. size of reached set before ref.: 1456.58
Avg. size of reached set after ref.:  503.00

Total time for CEGAR algorithm:       5.415s
CPU time for CEGAR algorithm:        10.700s
Time for refinements:                 0.972s
CPU time for refinements:             1.880s
Average time for refinement:          0.081s
Max time for refinement:              0.137s
First time for refinement:             0.341s
Last time for refinement:              0.072s
Average time for analysis:          0.341s
Number of analysis:                13

Counterexample-Check Algorithm statistics
-----------------------------------------
Number of counterexample checks:    0

Code Coverage
-----------------------------
  Visited lines:          2554
  Total lines:            10
  Line coverage:          255.400

CPAchecker general statistics
-----------------------------
Number of program locations:     809
Number of CFA edges:             863
Number of relevant variables:    74
Number of functions:             27
Number of loops:                 5
Size of reached set:             1110
  Number of reached locations:   764 (94%)
    Avg states per location:     1
    Max states per location:     7 (at node N298)
  Number of reached functions:   20 (74%)
  Number of partitions:          1107
    Avg size of partitions:      1
    Max size of partitions:      3 (with key [N300 (before /work/ldvuser/novikov/work/current--X--drivers/input/joystick/twidjoy.ko--X--defaultlinux--X--08_1a--X--cpachecker/linux/csd_deg_dscv/11/dscv_tempdir/dscv/ri/08_1a/drivers/input/joystick/twidjoy.c.prepared, line 386), Function ldv_main0_sequence_infinite_withcheck_stateful called from node N241, stack depth 1 [4ee37ca3], stack [ldv_main0_sequence_infinite_withcheck_stateful], Init])
  Number of target states:       0

Time for analysis setup:                   1.263s
  Time for loading CPAs:                   0.291s
  Time for impacted traverse:              0.003s
  Time for loading parser:        0.026s
  Time for CFA construction:      0.885s
    Time for parsing file(s):     0.302s
    Time for AST to CFA:          0.311s
    Time for CFA sanity check:    0.000s
    Time for post-processing:     0.174s
      Time for var class.:        0.000s
Time for Analysis:                         5.417s
CPU time for analysis:                    10.710s
   CPU time for collect prec:              0.000s

Time for Garbage Collector:       0.214s (in 9 runs)
Garbage Collector(s) used:    PS MarkSweep, PS Scavenge
Used heap memory:                342MB (   326 MiB) max;    116MB (   110 MiB) avg;    354MB (   338 MiB) peak
Used non-heap memory:             36MB (    34 MiB) max;     30MB (    29 MiB) avg;     39MB (    37 MiB) peak
Used in PS Old Gen pool:          22MB (    21 MiB) max;     16MB (    15 MiB) avg;     22MB (    21 MiB) peak
Allocated heap memory:           627MB (   598 MiB) max;    331MB (   315 MiB) avg
Allocated non-heap memory:        39MB (    37 MiB) max;     32MB (    31 MiB) avg
Total process virtual memory:  13242MB ( 12628 MiB) max;  13238MB ( 12624 MiB) avg

Verification result: TRUE. No property violation found by chosen configuration.
More details about the verification run can be found in the directory "/home/yqs17/blazer/cpachecker-inc-pred/output-ori-final/08_1a.input--joystick--twidjoy.ko.set/010.d1659fc.08_1a.cil_safe.i".
