scripts/cpa.sh -heap 10000M -predicateAnalysis-ABEl-debug -setprop cpa.predicate.refinement.performInitialStaticRefinement=false -disable-java-assertions -outputpath /home/yqs17/blazer/cpachecker-inc-pred/output-ori-final/flat/drivers--rtc--rtc-max6902.ko.009.fe20ba7.39_7a.cil_safe.i -stats -spec /home/yqs17/blazer/cpachecker-inc-pred/LDVErrorLabel.spc -entryfunction ldv_main0_sequence_infinite_withcheck_stateful /home/yqs17/blazer/cpachecker-inc-pred/programs-flat/drivers--rtc--rtc-max6902.ko.009.fe20ba7.39_7a.cil_safe.i


--------------------------------------------------------------------------------


Running CPAchecker with Java heap of size 10000M.
Running CPAchecker with the following extra VM options:  -Djava.io.tmpdir=/tmp/BenchExec_run_74oxtz68/tmp
PredicateCPA statistics
-----------------------
Read Precision Time:                0.000s
Precision file size:                0
Write Precision Time:               0.004s
Number of abstractions:            20955 (22% of all post computations)
  Times abstraction was reused:    0
  Because of function entry/exit:  20595 (98%)
  Because of loop head:            360 (2%)
  Because of join nodes:           0 (0%)
  Because of threshold:            0 (0%)
  Times precision was empty:       6873 (33%)
  Times precision was {false}:     360 (2%)
  Times result was cached:         11426 (55%)
  Times cartesian abs was used:    0 (0%)
  Times boolean abs was used:      2296 (11%)
  Times result was 'false':        282 (1%)
Number of strengthen sat checks:   36
  Times result was 'false':        0 (0%)
Number of coverage checks:         6108
  BDD entailment checks:           1878
Number of SMT sat checks:          36
  trivial:                         36
  cached:                          0

Max ABE block size:                       21
Number of predicates discovered:          7
Number of abstraction locations:          0
Max number of predicates per location:    0
Avg number of predicates per location:    0
Total predicates per abstraction:         12786
Max number of predicates per abstraction: 6
Avg number of predicates per abstraction: 4.81
Number of irrelevant predicates:          5385 (42%)
Number of preds handled by boolean abs:   7401 (58%)
  Total number of models for allsat:      2296
  Max number of models for allsat:        1
  Avg number of models for allsat:        1.00

Number of path formula cache hits:   112666 (95%)

Time for post operator:                  3.834s
  Time for path formula creation:        1.250s
    Actual computation:                  0.951s
Time for strengthen operator:            0.087s
  Time for satisfiability checks:        0.000s
Time for prec operator:                  5.089s
  Time for abstraction:                  4.261s (Max:     0.040s, Count: 20955)
    Boolean abstraction:                 0.934s
    Solving time:                        0.404s (Max:     0.012s)
    Model enumeration time:              0.014s
    Time for BDD construction:           0.047s (Max:     0.005s)
Time for merge operator:                 0.067s
Time for coverage check:                 0.016s
  Time for BDD entailment checks:        0.016s
Total time for SMT solver (w/o itp):     0.418s

Number of BDD nodes:                               242
Size of BDD node table:                            466043
Size of BDD cache:                                 46619
Size of BDD node cleanup queue:                        2062 (count: 24255, min: 0, max: 442, avg: 0.09)
Time for BDD node cleanup:                             0.005s
Time for BDD garbage collection:                       0.000s (in 0 runs)

PrecisionBootstrap statistics
-----------------------------
Init. function predicates:                         0
Init. global predicates:                           0
Init. location predicates:                         0

----------------------

AutomatonAnalysis (SVCOMP) statistics
-------------------------------------
Number of states:                                  1
Total time for successor computation:                  0.123s
Automaton transfers with branching:                0
Automaton transfer successors:                        97410 (count: 97410, min: 1, max: 1, avg: 1.00) [1 x 97410]

CPA algorithm statistics
------------------------
Number of iterations:            93794
Max size of waitlist:            20
Average size of waitlist:        10
Number of computed successors:   97410
Max successors for one state:    2
Number of times merged:          2115
Number of times stopped:         3208
Number of times abs stopped:     1093
Number of times nonAbs stopped:  0
Number of times doAbstraction node:  20955
Number of times breaked:         36

Total time for CPA algorithm:        12.061s (Max:     1.063s)
CPU time for CPA algorithm:          23.960s
  Time for choose from waitlist:      0.104s
  Time for precision adjustment:      5.409s
  Time for transfer relation:         5.062s
  Time for merge operator:            0.170s
  Time for stop operator:             0.191s
  Time for adding to reached set:     0.397s

Predicate-Abstraction Refiner statistics
----------------------------------------
Avg. length of target path (in blocks):                1896 (count: 36, min: 12, max: 157, avg: 52.67)
Number of infeasible sliced prefixes:                     0 (count: 0, min: 0, max: 0, avg: 0.00)

Time for refinement:                                   3.199s
  Counterexample analysis:                2.754s (Max:     0.366s, Calls: 36)
    Refinement sat check:                 0.292s
    Interpolant computation:              0.000s
  Error path post-processing:                          0.000s
  Path-formulas extraction:                            0.000s
  Building the counterexample trace:                   2.754s
  Extracting precise counterexample:                   0.000s
  Extracting infeasible sliced prefixes:               0.000s
  Selecting infeasible sliced prefixes:                0.000s
  Predicate creation:                                  0.014s
  Precision update:                                    0.031s
  ARG update:                                          0.347s

Length of refined path (in blocks):                    1860 (count: 36, min: 11, max: 156, avg: 51.67)
Number of affected states:                             1788 (count: 36, min: 9, max: 154, avg: 49.67)
Length (states) of path with itp 'true':                 36 (count: 36, min: 1, max: 1, avg: 1.00)
Length (states) of path with itp non-trivial itp:      1788 (count: 36, min: 9, max: 154, avg: 49.67)
Length (states) of path with itp 'false':                36 (count: 36, min: 1, max: 1, avg: 1.00)
Different non-trivial interpolants along paths:           0 (count: 36, min: 0, max: 0, avg: 0.00)
Equal non-trivial interpolants along paths:            1752 (count: 36, min: 8, max: 153, avg: 48.67)
Different precisions along paths:                         0 (count: 0, min: 0, max: 0, avg: 0.00)
Equal precisions along paths:                             0 (count: 0, min: 0, max: 0, avg: 0.00)
Number of refs with location-based cutoff:                0

CEGAR algorithm statistics
--------------------------
Number of refinements:                36
Lazy expansion status:                false
Expansion times:                      0
Total path lengths:                   29208
SP times:                             0
Number of added holes:                0
Number of successful refinements:     36
Number of failed refinements:         0
Max. size of reached set before ref.: 3866
Max. size of reached set after ref.:  593
Avg. size of reached set before ref.: 3154.78
Avg. size of reached set after ref.:  593.00

Total time for CEGAR algorithm:      15.352s
CPU time for CEGAR algorithm:        30.460s
Time for refinements:                 3.287s
CPU time for refinements:             6.490s
Average time for refinement:          0.091s
Max time for refinement:              0.382s
First time for refinement:             0.326s
Last time for refinement:              0.121s
Average time for analysis:          0.326s
Number of analysis:                37

Counterexample-Check Algorithm statistics
-----------------------------------------
Number of counterexample checks:    0

Code Coverage
-----------------------------
  Visited lines:          2621
  Total lines:            10
  Line coverage:          262.100

CPAchecker general statistics
-----------------------------
Number of program locations:     1509
Number of CFA edges:             1686
Number of relevant variables:    175
Number of functions:             95
Number of loops:                 1
Size of reached set:             1697
  Number of reached locations:   961 (64%)
    Avg states per location:     1
    Max states per location:     13 (at node N0)
  Number of reached functions:   28 (29%)
  Number of partitions:          1697
    Avg size of partitions:      1
    Max size of partitions:      1
  Number of target states:       0

Time for analysis setup:                   1.749s
  Time for loading CPAs:                   0.367s
  Time for impacted traverse:              0.002s
  Time for loading parser:        0.033s
  Time for CFA construction:      1.274s
    Time for parsing file(s):     0.406s
    Time for AST to CFA:          0.444s
    Time for CFA sanity check:    0.000s
    Time for post-processing:     0.286s
      Time for var class.:        0.000s
Time for Analysis:                        15.354s
CPU time for analysis:     30.470s

Time for Garbage Collector:       0.368s (in 17 runs)
Garbage Collector(s) used:    PS MarkSweep, PS Scavenge
Used heap memory:                677MB (   646 MiB) max;    203MB (   194 MiB) avg;    680MB (   649 MiB) peak
Used non-heap memory:             38MB (    36 MiB) max;     33MB (    32 MiB) avg;     41MB (    39 MiB) peak
Used in PS Old Gen pool:          25MB (    24 MiB) max;     20MB (    19 MiB) avg;     25MB (    24 MiB) peak
Allocated heap memory:           927MB (   884 MiB) max;    481MB (   459 MiB) avg
Allocated non-heap memory:        41MB (    39 MiB) max;     36MB (    35 MiB) avg
Total process virtual memory:  13243MB ( 12629 MiB) max;  13239MB ( 12626 MiB) avg

Verification result: TRUE. No property violation found by chosen configuration.
More details about the verification run can be found in the directory "/home/yqs17/blazer/cpachecker-inc-pred/output-ori-final/flat/drivers--rtc--rtc-max6902.ko.009.fe20ba7.39_7a.cil_safe.i".
