scripts/cpa.sh -heap 10000M -predicateAnalysis-ABEl-debug -setprop cpa.predicate.refinement.performInitialStaticRefinement=false -disable-java-assertions -outputpath /home/yqs17/blazer/cpachecker-inc-pred/output-ori-final/flat/drivers--tty--serial--xilinx_uartps.ko.001.ee160a3.39_7a.cil_safe.i -stats -spec /home/yqs17/blazer/cpachecker-inc-pred/LDVErrorLabel.spc -entryfunction ldv_main0_sequence_infinite_withcheck_stateful /home/yqs17/blazer/cpachecker-inc-pred/programs-flat/drivers--tty--serial--xilinx_uartps.ko.001.ee160a3.39_7a.cil_safe.i


--------------------------------------------------------------------------------


Running CPAchecker with Java heap of size 10000M.
Running CPAchecker with the following extra VM options:  -Djava.io.tmpdir=/tmp/BenchExec_run_hauz6514/tmp
PredicateCPA statistics
-----------------------
Read Precision Time:                0.000s
Precision file size:                0
Write Precision Time:               0.010s
Number of abstractions:            173362 (16% of all post computations)
  Times abstraction was reused:    0
  Because of function entry/exit:  146554 (85%)
  Because of loop head:            26808 (15%)
  Because of join nodes:           0 (0%)
  Because of threshold:            0 (0%)
  Times precision was empty:       909 (1%)
  Times precision was {false}:     512 (0%)
  Times result was cached:         159918 (92%)
  Times cartesian abs was used:    0 (0%)
  Times boolean abs was used:      12023 (7%)
  Times result was 'false':        13585 (8%)
Number of strengthen sat checks:   212
  Times result was 'false':        0 (0%)
Number of coverage checks:         236179
  BDD entailment checks:           106141
Number of SMT sat checks:          212
  trivial:                         212
  cached:                          0

Max ABE block size:                       31
Number of predicates discovered:          18
Number of abstraction locations:          0
Max number of predicates per location:    0
Avg number of predicates per location:    0
Total predicates per abstraction:         101238
Max number of predicates per abstraction: 15
Avg number of predicates per abstraction: 8.08
Number of irrelevant predicates:          23541 (23%)
Number of preds handled by boolean abs:   77697 (77%)
  Total number of models for allsat:      18493
  Max number of models for allsat:        6
  Avg number of models for allsat:        1.54

Number of path formula cache hits:   1265349 (95%)

Time for post operator:                 38.304s
  Time for path formula creation:        8.717s
    Actual computation:                  5.700s
Time for strengthen operator:            0.711s
  Time for satisfiability checks:        0.000s
Time for prec operator:                 39.179s
  Time for abstraction:                 32.657s (Max:     0.169s, Count: 173362)
    Boolean abstraction:                 4.926s
    Solving time:                        1.399s (Max:     0.012s)
    Model enumeration time:              0.492s
    Time for BDD construction:           0.208s (Max:     0.008s)
Time for merge operator:                 2.145s
Time for coverage check:                 0.120s
  Time for BDD entailment checks:        0.089s
Total time for SMT solver (w/o itp):     1.891s

Number of BDD nodes:                               5346
Size of BDD node table:                            466043
Size of BDD cache:                                 46619
Size of BDD node cleanup queue:                       15252 (count: 167665, min: 0, max: 3685, avg: 0.09)
Time for BDD node cleanup:                             0.021s
Time for BDD garbage collection:                       0.000s (in 0 runs)

PrecisionBootstrap statistics
-----------------------------
Init. function predicates:                         0
Init. global predicates:                           0
Init. location predicates:                         0

----------------------

AutomatonAnalysis (SVCOMP) statistics
-------------------------------------
Number of states:                                  1
Total time for successor computation:                  0.451s
Automaton transfers with branching:                0
Automaton transfer successors:                      1115355 (count: 1115355, min: 1, max: 1, avg: 1.00) [1 x 1115355]

CPA algorithm statistics
------------------------
Number of iterations:            993509
Max size of waitlist:            88
Average size of waitlist:        41
Number of computed successors:   1115355
Max successors for one state:    2
Number of times merged:          65019
Number of times stopped:         105634
Number of times abs stopped:     40615
Number of times nonAbs stopped:  0
Number of times doAbstraction node:  173362
Number of times breaked:         212

Total time for CPA algorithm:        92.980s (Max:     1.111s)
CPU time for CPA algorithm:         128.600s
  Time for choose from waitlist:      0.325s
  Time for precision adjustment:     40.295s
  Time for transfer relation:        44.364s
  Time for merge operator:            3.113s
  Time for stop operator:             1.145s
  Time for adding to reached set:     1.450s

Predicate-Abstraction Refiner statistics
----------------------------------------
Avg. length of target path (in blocks):                4398 (count: 212, min: 10, max: 56, avg: 20.75)
Number of infeasible sliced prefixes:                     0 (count: 0, min: 0, max: 0, avg: 0.00)

Time for refinement:                                   7.330s
  Counterexample analysis:                4.822s (Max:     0.290s, Calls: 212)
    Refinement sat check:                 0.918s
    Interpolant computation:              0.000s
  Error path post-processing:                          0.000s
  Path-formulas extraction:                            0.005s
  Building the counterexample trace:                   4.824s
  Extracting precise counterexample:                   0.000s
  Extracting infeasible sliced prefixes:               0.000s
  Selecting infeasible sliced prefixes:                0.000s
  Predicate creation:                                  0.033s
  Precision update:                                    0.036s
  ARG update:                                          2.294s

Length of refined path (in blocks):                    3892 (count: 212, min: 6, max: 49, avg: 18.36)
Number of affected states:                             3327 (count: 212, min: 3, max: 45, avg: 15.69)
Length (states) of path with itp 'true':                353 (count: 212, min: 0, max: 19, avg: 1.67)
Length (states) of path with itp non-trivial itp:      3327 (count: 212, min: 3, max: 45, avg: 15.69)
Length (states) of path with itp 'false':               212 (count: 212, min: 1, max: 1, avg: 1.00)
Different non-trivial interpolants along paths:          48 (count: 212, min: 0, max: 2, avg: 0.23)
Equal non-trivial interpolants along paths:            3067 (count: 212, min: 1, max: 42, avg: 14.47)
Different precisions along paths:                         0 (count: 0, min: 0, max: 0, avg: 0.00)
Equal precisions along paths:                             0 (count: 0, min: 0, max: 0, avg: 0.00)
Number of refs with location-based cutoff:                0

CEGAR algorithm statistics
--------------------------
Number of refinements:                212
Lazy expansion status:                false
Expansion times:                      0
Total path lengths:                   177294
SP times:                             0
Number of added holes:                0
Number of successful refinements:     212
Number of failed refinements:         0
Max. size of reached set before ref.: 9567
Max. size of reached set after ref.:  3593
Avg. size of reached set before ref.: 5466.63
Avg. size of reached set after ref.:  792.94

Total time for CEGAR algorithm:     100.620s
CPU time for CEGAR algorithm:       141.150s
Time for refinements:                 7.624s
CPU time for refinements:            12.530s
Average time for refinement:          0.035s
Max time for refinement:              0.307s
First time for refinement:             0.436s
Last time for refinement:              0.624s
Average time for analysis:          0.436s
Number of analysis:                213

Counterexample-Check Algorithm statistics
-----------------------------------------
Number of counterexample checks:    0

Code Coverage
-----------------------------
  Visited lines:          3504
  Total lines:            10
  Line coverage:          350.400

CPAchecker general statistics
-----------------------------
Number of program locations:     2055
Number of CFA edges:             2301
Number of relevant variables:    241
Number of functions:             103
Number of loops:                 7
Size of reached set:             5316
  Number of reached locations:   1527 (74%)
    Avg states per location:     3
    Max states per location:     66 (at node N883)
  Number of reached functions:   45 (44%)
  Number of partitions:          5272
    Avg size of partitions:      1
    Max size of partitions:      5 (with key [N885 (before /work/ldvuser/novikov/work/current--X--drivers/tty/serial/xilinx_uartps.ko--X--defaultlinux--X--39_7a--X--cpachecker/linux/csd_deg_dscv/11/dscv_tempdir/dscv/ri/39_7a/drivers/tty/serial/xilinx_uartps.c.prepared, line 3214), Function ldv_main0_sequence_infinite_withcheck_stateful called from node N713, stack depth 1 [7cf7aee], stack [ldv_main0_sequence_infinite_withcheck_stateful], Init])
  Number of target states:       0

Time for analysis setup:                   2.017s
  Time for loading CPAs:                   0.379s
  Time for impacted traverse:              0.002s
  Time for loading parser:        0.027s
  Time for CFA construction:      1.534s
    Time for parsing file(s):     0.469s
    Time for AST to CFA:          0.548s
    Time for CFA sanity check:    0.000s
    Time for post-processing:     0.354s
      Time for var class.:        0.000s
Time for Analysis:                       100.626s
CPU time for analysis:    141.160s

Time for Garbage Collector:       1.794s (in 52 runs)
Garbage Collector(s) used:    PS MarkSweep, PS Scavenge
Used heap memory:               3506MB (  3344 MiB) max;   1178MB (  1124 MiB) avg;   3522MB (  3359 MiB) peak
Used non-heap memory:             44MB (    42 MiB) max;     41MB (    39 MiB) avg;     46MB (    43 MiB) peak
Used in PS Old Gen pool:          50MB (    47 MiB) max;     37MB (    35 MiB) avg;     50MB (    47 MiB) peak
Allocated heap memory:          3578MB (  3413 MiB) max;   2358MB (  2248 MiB) avg
Allocated non-heap memory:        46MB (    44 MiB) max;     44MB (    42 MiB) avg
Total process virtual memory:  13242MB ( 12629 MiB) max;  13240MB ( 12626 MiB) avg

Verification result: TRUE. No property violation found by chosen configuration.
More details about the verification run can be found in the directory "/home/yqs17/blazer/cpachecker-inc-pred/output-ori-final/flat/drivers--tty--serial--xilinx_uartps.ko.001.ee160a3.39_7a.cil_safe.i".
