scripts/cpa.sh -heap 10000M -predicateAnalysis-ABEl-debug -setprop cpa.predicate.refinement.performInitialStaticRefinement=false -disable-java-assertions -outputpath /home/yqs17/blazer/cpachecker-inc-pred/output-ori-final/flat/drivers--usb--serial--metro-usb.ko.011.810ec78.32_7a.cil_safe.i -stats -spec /home/yqs17/blazer/cpachecker-inc-pred/LDVErrorLabel.spc -entryfunction ldv_main0_sequence_infinite_withcheck_stateful /home/yqs17/blazer/cpachecker-inc-pred/programs-flat/drivers--usb--serial--metro-usb.ko.011.810ec78.32_7a.cil_safe.i


--------------------------------------------------------------------------------


Running CPAchecker with Java heap of size 10000M.
Running CPAchecker with the following extra VM options:  -Djava.io.tmpdir=/tmp/BenchExec_run_5jpbeu43/tmp
PredicateCPA statistics
-----------------------
Read Precision Time:                0.000s
Precision file size:                0
Write Precision Time:               0.004s
Number of abstractions:            26133 (16% of all post computations)
  Times abstraction was reused:    0
  Because of function entry/exit:  24378 (93%)
  Because of loop head:            1755 (7%)
  Because of join nodes:           0 (0%)
  Because of threshold:            0 (0%)
  Times precision was empty:       2717 (10%)
  Times precision was {false}:     1301 (5%)
  Times result was cached:         17540 (67%)
  Times cartesian abs was used:    0 (0%)
  Times boolean abs was used:      4575 (18%)
  Times result was 'false':        355 (1%)
Number of strengthen sat checks:   47
  Times result was 'false':        0 (0%)
Number of coverage checks:         23804
  BDD entailment checks:           8912
Number of SMT sat checks:          47
  trivial:                         47
  cached:                          0

Max ABE block size:                       25
Number of predicates discovered:          12
Number of abstraction locations:          0
Max number of predicates per location:    0
Avg number of predicates per location:    0
Total predicates per abstraction:         24559
Max number of predicates per abstraction: 10
Avg number of predicates per abstraction: 4.18
Number of irrelevant predicates:          10577 (43%)
Number of preds handled by boolean abs:   13982 (57%)
  Total number of models for allsat:      5862
  Max number of models for allsat:        4
  Avg number of models for allsat:        1.28

Number of path formula cache hits:   135371 (71%)

Time for post operator:                  7.900s
  Time for path formula creation:        3.883s
    Actual computation:                  3.200s
Time for strengthen operator:            0.158s
  Time for satisfiability checks:        0.001s
Time for prec operator:                  8.621s
  Time for abstraction:                  7.497s (Max:     0.073s, Count: 26133)
    Boolean abstraction:                 1.760s
    Solving time:                        0.671s (Max:     0.012s)
    Model enumeration time:              0.193s
    Time for BDD construction:           0.074s (Max:     0.003s)
Time for merge operator:                 0.424s
Time for coverage check:                 0.046s
  Time for BDD entailment checks:        0.036s
Total time for SMT solver (w/o itp):     0.864s

Number of BDD nodes:                               752
Size of BDD node table:                            466043
Size of BDD cache:                                 46619
Size of BDD node cleanup queue:                        4823 (count: 39931, min: 0, max: 962, avg: 0.12)
Time for BDD node cleanup:                             0.015s
Time for BDD garbage collection:                       0.000s (in 0 runs)

PrecisionBootstrap statistics
-----------------------------
Init. function predicates:                         0
Init. global predicates:                           0
Init. location predicates:                         0

----------------------

AutomatonAnalysis (SVCOMP) statistics
-------------------------------------
Number of states:                                  1
Total time for successor computation:                  0.209s
Automaton transfers with branching:                0
Automaton transfer successors:                       167237 (count: 167237, min: 1, max: 1, avg: 1.00) [1 x 167237]

CPA algorithm statistics
------------------------
Number of iterations:            155303
Max size of waitlist:            38
Average size of waitlist:        18
Number of computed successors:   167237
Max successors for one state:    2
Number of times merged:          7446
Number of times stopped:         11407
Number of times abs stopped:     3961
Number of times nonAbs stopped:  0
Number of times doAbstraction node:  26133
Number of times breaked:         47

Total time for CPA algorithm:        21.733s (Max:     0.977s)
CPU time for CPA algorithm:          43.200s
  Time for choose from waitlist:      0.137s
  Time for precision adjustment:      9.031s
  Time for transfer relation:         9.977s
  Time for merge operator:            0.740s
  Time for stop operator:             0.351s
  Time for adding to reached set:     0.449s

Predicate-Abstraction Refiner statistics
----------------------------------------
Avg. length of target path (in blocks):                1168 (count: 47, min: 6, max: 46, avg: 24.85)
Number of infeasible sliced prefixes:                     0 (count: 0, min: 0, max: 0, avg: 0.00)

Time for refinement:                                   2.031s
  Counterexample analysis:                1.352s (Max:     0.101s, Calls: 47)
    Refinement sat check:                 0.238s
    Interpolant computation:              0.000s
  Error path post-processing:                          0.000s
  Path-formulas extraction:                            0.001s
  Building the counterexample trace:                   1.353s
  Extracting precise counterexample:                   0.000s
  Extracting infeasible sliced prefixes:               0.000s
  Selecting infeasible sliced prefixes:                0.000s
  Predicate creation:                                  0.013s
  Precision update:                                    0.014s
  ARG update:                                          0.598s

Length of refined path (in blocks):                     947 (count: 47, min: 4, max: 38, avg: 20.15)
Number of affected states:                              826 (count: 47, min: 3, max: 37, avg: 17.57)
Length (states) of path with itp 'true':                 74 (count: 47, min: 0, max: 20, avg: 1.57)
Length (states) of path with itp non-trivial itp:       826 (count: 47, min: 3, max: 37, avg: 17.57)
Length (states) of path with itp 'false':                47 (count: 47, min: 1, max: 1, avg: 1.00)
Different non-trivial interpolants along paths:          25 (count: 47, min: 0, max: 2, avg: 0.53)
Equal non-trivial interpolants along paths:             754 (count: 47, min: 1, max: 34, avg: 16.04)
Different precisions along paths:                         0 (count: 0, min: 0, max: 0, avg: 0.00)
Equal precisions along paths:                             0 (count: 0, min: 0, max: 0, avg: 0.00)
Number of refs with location-based cutoff:                0

CEGAR algorithm statistics
--------------------------
Number of refinements:                47
Lazy expansion status:                false
Expansion times:                      0
Total path lengths:                   37034
SP times:                             0
Number of added holes:                0
Number of successful refinements:     47
Number of failed refinements:         0
Max. size of reached set before ref.: 5880
Max. size of reached set after ref.:  2876
Avg. size of reached set before ref.: 3955.68
Avg. size of reached set after ref.:  723.96

Total time for CEGAR algorithm:      23.868s
CPU time for CEGAR algorithm:        47.460s
Time for refinements:                 2.127s
CPU time for refinements:             4.250s
Average time for refinement:          0.045s
Max time for refinement:              0.113s
First time for refinement:             0.452s
Last time for refinement:              0.566s
Average time for analysis:          0.452s
Number of analysis:                48

Counterexample-Check Algorithm statistics
-----------------------------------------
Number of counterexample checks:    0

Code Coverage
-----------------------------
  Visited lines:          3518
  Total lines:            10
  Line coverage:          351.800

CPAchecker general statistics
-----------------------------
Number of program locations:     1540
Number of CFA edges:             1742
Number of relevant variables:    190
Number of functions:             43
Number of loops:                 3
Size of reached set:             3585
  Number of reached locations:   1357 (88%)
    Avg states per location:     2
    Max states per location:     69 (at node N803)
  Number of reached functions:   23 (53%)
  Number of partitions:          3569
    Avg size of partitions:      1
    Max size of partitions:      4 (with key [N753 (before /work/ldvuser/novikov/work/current--X--drivers/usb/serial/metro-usb.ko--X--defaultlinux--X--32_7a--X--cpachecker/linux/csd_deg_dscv/11/dscv_tempdir/dscv/ri/32_7a/drivers/usb/serial/metro-usb.c.prepared, line 642), Function ldv_main0_sequence_infinite_withcheck_stateful called from node N665, stack depth 1 [3dddbe65], stack [ldv_main0_sequence_infinite_withcheck_stateful], Init])
  Number of target states:       0

Time for analysis setup:                   1.865s
  Time for loading CPAs:                   0.385s
  Time for impacted traverse:              0.002s
  Time for loading parser:        0.038s
  Time for CFA construction:      1.358s
    Time for parsing file(s):     0.428s
    Time for AST to CFA:          0.441s
    Time for CFA sanity check:    0.000s
    Time for post-processing:     0.318s
      Time for var class.:        0.000s
Time for Analysis:                        23.873s
CPU time for analysis:     47.470s

Time for Garbage Collector:       0.775s (in 20 runs)
Garbage Collector(s) used:    PS MarkSweep, PS Scavenge
Used heap memory:               1148MB (  1094 MiB) max;    291MB (   278 MiB) avg;   1173MB (  1119 MiB) peak
Used non-heap memory:             41MB (    40 MiB) max;     36MB (    34 MiB) avg;     44MB (    42 MiB) peak
Used in PS Old Gen pool:          33MB (    31 MiB) max;     25MB (    24 MiB) avg;     33MB (    31 MiB) peak
Allocated heap memory:          1254MB (  1196 MiB) max;    654MB (   624 MiB) avg
Allocated non-heap memory:        44MB (    42 MiB) max;     38MB (    37 MiB) avg
Total process virtual memory:  13243MB ( 12629 MiB) max;  13239MB ( 12626 MiB) avg

Verification result: TRUE. No property violation found by chosen configuration.
More details about the verification run can be found in the directory "/home/yqs17/blazer/cpachecker-inc-pred/output-ori-final/flat/drivers--usb--serial--metro-usb.ko.011.810ec78.32_7a.cil_safe.i".
